
Loading the model ...
  input file   : /home/rstudio/RAM4_small/371413c357.pomdpx
  loading time : 5.01s 

SARSOP initializing ...
  initialization time : 11881.14s

-------------------------------------------------------------------------------
 Time   |#Trial |#Backup |LBound    |UBound    |Precision  |#Alphas |#Beliefs  
-------------------------------------------------------------------------------
 11881.1 0       0        -1319.49   -487.84    831.654     101      1        
-------------------------------------------------------------------------------

SARSOP finishing ...
  Preset timeout reached
  Timeout     : 10000.000000s
  Actual Time : 11881.390000s

-------------------------------------------------------------------------------
 Time   |#Trial |#Backup |LBound    |UBound    |Precision  |#Alphas |#Beliefs  
-------------------------------------------------------------------------------
 11881.4 0       1        -1319.4    -1314.52   4.87591     6        2        
-------------------------------------------------------------------------------

Writing out policy ...
  output file : RAM4_small/371413c357.policyx

