
Loading the model ...
  input file   : /home/rstudio/RAM4_small/372a18b23a.pomdpx
  loading time : 4.10s 

SARSOP initializing ...
  initialization time : 2061.00s

-------------------------------------------------------------------------------
 Time   |#Trial |#Backup |LBound    |UBound    |Precision  |#Alphas |#Beliefs  
-------------------------------------------------------------------------------
 2061    0       0        -115.806   -112.079   3.72733     101      1        
 2061.62 2       51       -113.587   -112.163   1.42359     26       27       
 2061.98 3       100      -113.271   -112.163   1.10749     41       62       
 2062.38 5       150      -113.093   -112.163   0.930289    51       86       
 2062.94 6       207      -112.755   -112.163   0.591391    43       104      
 2063.66 7       250      -112.652   -112.163   0.488433    48       130      
 2064.28 9       300      -112.524   -112.163   0.360668    53       154      
 2064.5  9       350      -112.524   -112.163   0.360668    89       204      
 2064.95 10      459      -112.458   -112.163   0.295025    114      229      
 2065.01 10      460      -112.458   -112.163   0.295025    115      230      
 2065.87 11      505      -112.412   -112.163   0.248938    139      252      
 2067.45 12      550      -112.367   -112.163   0.203818    121      281      
 2069.05 14      600      -112.319   -112.163   0.155487    109      302      
 2070.63 16      650      -112.284   -112.163   0.120788    52       330      
 2072.15 18      711      -112.252   -112.163   0.0891193   67       355      
 2073.74 19      750      -112.243   -112.163   0.0797095   93       377      
 2074.31 20      800      -112.232   -112.163   0.0687309   104      392      
 2074.88 21      879      -112.225   -112.163   0.0613469   110      415      
 2076.13 21      900      -112.225   -112.163   0.0613469   102      436      
 2077.53 23      961      -112.212   -112.163   0.049117    144      452      
 2079.54 24      1000     -112.206   -112.163   0.0431105   112      475      
 2082.01 26      1059     -112.199   -112.163   0.0356688   122      499      
 2085.01 27      1100     -112.196   -112.163   0.033072    129      525      
 2087.37 29      1150     -112.191   -112.163   0.027701    135      544      
 2091.75 30      1200     -112.19    -112.163   0.0261079   98       576      
 2093.64 32      1261     -112.185   -112.163   0.0212963   76       599      
 2096.48 33      1317     -112.183   -112.163   0.0197989   68       627      
 2099.65 34      1373     -112.182   -112.163   0.0183703   70       655      
 2102.86 34      1400     -112.182   -112.163   0.0183703   67       682      
 2105.75 35      1450     -112.181   -112.163   0.017293    56       703      
 2108.7  36      1500     -112.18    -112.163   0.0163627   48       725      
 2111.69 37      1550     -112.179   -112.163   0.015486    47       748      
 2114.51 38      1600     -112.178   -112.163   0.0146115   45       768      
 2118.95 39      1661     -112.177   -112.163   0.0138328   43       798      
 2124.24 40      1727     -112.177   -112.163   0.0133681   44       831      
 2127.99 40      1750     -112.177   -112.163   0.0133681   39       854      
 2130.94 41      1800     -112.176   -112.164   0.0128857   39       871      
 2135.69 42      1859     -112.176   -112.164   0.0124792   42       896      
 2142.04 43      1927     -112.175   -112.164   0.011882    42       930      
 2146.43 43      1950     -112.175   -112.164   0.011882    44       953      
 2149.86 44      2001     -112.175   -112.164   0.0114843   45       967      
 2158.75 45      2077     -112.175   -112.164   0.0111343   47       1005     
 2163.77 45      2100     -112.175   -112.164   0.0111343   45       1028     
 2168.34 46      2157     -112.174   -112.164   0.0108379   45       1045     
 2178.31 47      2237     -112.174   -112.164   0.010564    43       1085     
 2181.09 47      2250     -112.174   -112.164   0.010564    46       1098     
 2188.38 48      2317     -112.174   -112.164   0.010309    44       1124     
 2195.92 48      2350     -112.174   -112.164   0.010309    42       1157     
 2198.52 49      2400     -112.174   -112.164   0.0100875   41       1166     
 2209.19 50      2481     -112.173   -112.164   0.00982782  44       1205     
 2213.21 50      2500     -112.173   -112.164   0.00982782  49       1223     
 2220.31 51      2569     -112.173   -112.164   0.00964327  39       1248     
 2228.52 51      2600     -112.173   -112.164   0.00964327  37       1279     
 2233.61 52      2661     -112.173   -112.164   0.00945598  34       1294     
 2244.64 52      2700     -112.173   -112.164   0.00945598  38       1333     
 2247.32 53      2753     -112.173   -112.164   0.00925762  40       1340     
 2259.66 54      2800     -112.173   -112.164   0.00925762  44       1386     
 2261.01 54      2850     -112.173   -112.164   0.00915188  52       1390     
 2274.3  55      2943     -112.173   -112.164   0.00900305  40       1434     
 2276.07 55      2950     -112.173   -112.164   0.00900305  43       1441     
 2290.82 56      3043     -112.173   -112.164   0.0089089   45       1484     
 2292.79 56      3050     -112.173   -112.164   0.0089089   48       1491     
 2308.4  57      3143     -112.172   -112.164   0.00882234  46       1534     
 2310.54 57      3150     -112.172   -112.164   0.00882234  52       1541     
 2326.82 58      3245     -112.172   -112.164   0.00877055  44       1584     
 2328.21 58      3250     -112.172   -112.164   0.00877055  48       1589     
 2346.25 59      3347     -112.172   -112.164   0.00867337  51       1635     
 2347.31 59      3350     -112.172   -112.164   0.00867337  51       1638     
 2366.99 60      3400     -112.172   -112.164   0.00867337  46       1687     
 2368    60      3453     -112.172   -112.164   0.00861807  47       1688     
 2385.29 60      3500     -112.172   -112.164   0.00861807  56       1735     
 2388.07 61      3557     -112.172   -112.164   0.00850324  57       1740     
 2405.74 61      3600     -112.172   -112.164   0.00850324  67       1783     
 2411.18 62      3665     -112.172   -112.164   0.00846534  65       1793     
 2423.8  62      3700     -112.172   -112.164   0.00846534  66       1827     
 2431.26 63      3769     -112.172   -112.164   0.00840015  47       1843     
 2443.86 63      3800     -112.172   -112.164   0.00840015  54       1874     
 2454.99 64      3875     -112.172   -112.164   0.00832926  57       1896     
 2464.97 64      3900     -112.172   -112.164   0.00832926  64       1921     
 2478.66 65      3983     -112.172   -112.164   0.00829375  54       1950     
 2485.71 65      4000     -112.172   -112.164   0.00829375  65       1967     
 2504.16 66      4093     -112.172   -112.164   0.00824373  66       2005     
 2507.04 66      4100     -112.172   -112.164   0.00824373  71       2012     
 2529.34 67      4201     -112.172   -112.164   0.00817416  54       2059     
 2529.93 67      4202     -112.172   -112.164   0.00817416  55       2060     
 2551.2  67      4250     -112.172   -112.164   0.00817416  57       2108     
 2554.03 68      4309     -112.172   -112.164   0.00810532  64       2112     
 2571.07 68      4350     -112.172   -112.164   0.00810532  69       2151     
 2577.97 69      4417     -112.172   -112.164   0.00805894  61       2164     
 2592.75 69      4450     -112.172   -112.164   0.00805894  72       2197     
 2605.21 70      4529     -112.172   -112.164   0.0079908   65       2220     
 2615.02 70      4550     -112.172   -112.164   0.0079908   77       2241     
 2633.67 71      4639     -112.172   -112.164   0.00792589  76       2275     
 2638.73 71      4650     -112.172   -112.164   0.00792589  79       2286     
 2661.77 72      4749     -112.172   -112.164   0.00787799  67       2329     
 2662.07 72      4750     -112.172   -112.164   0.00787799  68       2329     
 2686.83 72      4800     -112.172   -112.164   0.00787799  72       2379     
 2690.95 73      4863     -112.172   -112.164   0.00783192  74       2385     
 2710.07 73      4900     -112.172   -112.164   0.00783192  90       2422     
 2721.79 74      4977     -112.172   -112.164   0.00777859  71       2441     
 2733.66 74      5000     -112.172   -112.164   0.00777859  73       2464     
 2752.78 75      5089     -112.172   -112.164   0.00775211  72       2496     
 2757.75 75      5100     -112.172   -112.164   0.00775211  77       2506     
 2783.6  76      5205     -112.171   -112.164   0.00772052  82       2552     
 2783.96 76      5206     -112.171   -112.164   0.00772052  81       2552     
 2807.09 76      5250     -112.171   -112.164   0.00772052  97       2595     
 2815.14 77      5319     -112.171   -112.164   0.0076711   90       2607     
 2831.97 77      5350     -112.171   -112.164   0.0076711   90       2638     
 2845.53 78      5437     -112.171   -112.164   0.00763786  85       2660     
 2851.37 78      5450     -112.171   -112.164   0.00763786  86       2671     
 2877.76 79      5555     -112.171   -112.164   0.00761309  85       2716     
 2878.48 79      5556     -112.171   -112.164   0.00761309  83       2717     
 2904.06 79      5600     -112.171   -112.164   0.00761309  90       2761     
 2914.56 80      5677     -112.171   -112.164   0.0075833   97       2776     
 2928.13 80      5700     -112.171   -112.164   0.0075833   100      2799     
 2951.06 81      5793     -112.171   -112.164   0.00757217  104      2833     
 2954.78 81      5800     -112.171   -112.164   0.00757217  111      2839     
 2987.02 81      5850     -112.171   -112.164   0.00757217  113      2889     
 2990.5  82      5913     -112.171   -112.164   0.00756002  105      2892     
 3013.56 82      5950     -112.171   -112.164   0.00756002  105      2929     
 3028.76 83      6033     -112.171   -112.164   0.00752648  105      2950     
 3040.12 83      6050     -112.171   -112.164   0.00752648  111      2967     
 3073.15 84      6155     -112.171   -112.164   0.00751838  123      3010     
 3074.04 84      6156     -112.171   -112.164   0.00751838  122      3011     
 3098.87 84      6200     -112.171   -112.164   0.00751838  126      3048     
 3105.92 85      6273     -112.171   -112.164   0.00749578  112      3056     
 3124    85      6300     -112.171   -112.164   0.00749578  126      3083     
 3149.74 86      6395     -112.171   -112.164   0.00749057  125      3117     
 3153.08 86      6400     -112.171   -112.164   0.00749057  127      3122     
 3189    86      6450     -112.171   -112.164   0.00749057  121      3171     
 3194.72 87      6517     -112.171   -112.164   0.00745226  112      3176     
 3217.19 87      6550     -112.171   -112.164   0.00745226  116      3207     
 3239.2  88      6637     -112.171   -112.164   0.0074489   99       3234     
 3248.51 88      6650     -112.171   -112.164   0.0074489   107      3247     
 3284.96 89      6759     -112.171   -112.164   0.00742344  115      3294     
 3286.02 89      6760     -112.171   -112.164   0.00742344  115      3295     
 3315.95 89      6800     -112.171   -112.164   0.00742344  119      3335     
 3332.02 90      6879     -112.171   -112.164   0.00740741  102      3353     
 3347.11 90      6900     -112.171   -112.164   0.00740741  113      3374     
 3377.42 91      6999     -112.171   -112.164   0.00740353  96       3412     
 3378.46 91      7000     -112.171   -112.164   0.00740353  95       3413     
 3414.88 91      7050     -112.171   -112.164   0.00740353  98       3463     
 3423.21 92      7121     -112.171   -112.164   0.00739998  102      3472     
 3441.09 92      7150     -112.171   -112.164   0.00739998  111      3496     
 3464.86 93      7239     -112.171   -112.164   0.0073924   101      3525     
 3472.25 93      7250     -112.171   -112.164   0.0073924   101      3535     
 3510.73 94      7300     -112.171   -112.164   0.0073924   113      3584     
 3512.58 94      7361     -112.171   -112.164   0.00738804  108      3584     
 3543.42 94      7400     -112.171   -112.164   0.00738804  120      3623     
 3563.24 95      7485     -112.171   -112.164   0.00738544  115      3645     
 3574.3  95      7500     -112.171   -112.164   0.00738544  126      3659     
 3614.59 96      7607     -112.171   -112.164   0.00738307  129      3705     
 3615.94 96      7608     -112.171   -112.164   0.00738307  128      3706     
 3649.58 96      7650     -112.171   -112.164   0.00738307  137      3748     
 3664.85 97      7727     -112.171   -112.164   0.00732792  111      3764     
 3682.42 97      7750     -112.171   -112.164   0.00732792  117      3786     
 3715.27 98      7849     -112.171   -112.164   0.00732301  122      3823     
 3715.99 98      7850     -112.171   -112.164   0.00732301  122      3823     
 3757.34 98      7900     -112.171   -112.164   0.00732301  131      3873     
 3767.84 99      7973     -112.171   -112.164   0.00730797  121      3883     
 3789.17 99      8000     -112.171   -112.164   0.00730797  124      3909     
 3819.1  100     8095     -112.171   -112.164   0.00730089  106      3942     
 3821.66 100     8100     -112.171   -112.164   0.00730089  108      3945     
 3865.01 100     8150     -112.171   -112.164   0.00730089  117      3995     
 3870.62 101     8215     -112.171   -112.164   0.00729565  116      3999     
 3899.1  101     8250     -112.171   -112.164   0.00729565  116      4033     
 3920.88 102     8339     -112.171   -112.164   0.00729121  114      4057     
 3928.81 102     8350     -112.171   -112.164   0.00729121  117      4067     
 3971.57 103     8400     -112.171   -112.164   0.00729121  124      4116     
 3973.55 103     8461     -112.171   -112.164   0.00728776  127      4116     
 4005.26 103     8500     -112.171   -112.164   0.00728776  135      4153     
 4025.66 104     8583     -112.171   -112.164   0.00728257  129      4174     
 4039.71 104     8600     -112.171   -112.164   0.00728257  135      4191     
 4080.33 105     8707     -112.171   -112.164   0.00727526  138      4235     
 4081.12 105     8708     -112.171   -112.164   0.00727526  137      4235     
 4118.39 105     8750     -112.171   -112.164   0.00727526  143      4277     
 4137.03 106     8831     -112.171   -112.164   0.00727181  120      4295     
 4142.14 106     8850     -112.171   -112.164   0.00727181  125      4300     
 4180.8  107     8955     -112.171   -112.164   0.00726542  140      4342     
 4181.6  107     8956     -112.171   -112.164   0.00726542  141      4342     
 4220.41 107     9000     -112.171   -112.164   0.00726542  144      4386     
 4236.11 108     9077     -112.171   -112.164   0.00726385  130      4401     
 4254.68 108     9100     -112.171   -112.164   0.00726385  131      4422     
 4290.02 109     9197     -112.171   -112.164   0.00726318  106      4458     
 4292    109     9200     -112.171   -112.164   0.00726318  106      4460     
 4338.72 109     9250     -112.171   -112.164   0.00726318  117      4510     
 4346.62 110     9317     -112.171   -112.164   0.00726118  111      4516     
 4376.57 110     9350     -112.171   -112.164   0.00726118  127      4549     
 4404.15 111     9439     -112.171   -112.164   0.00726044  110      4576     
 4412.1  111     9450     -112.171   -112.164   0.00726044  119      4585     
 4458.43 111     9500     -112.171   -112.164   0.00726044  124      4633     
 4461.49 112     9565     -112.171   -112.164   0.00725991  122      4634     
 4493.11 112     9600     -112.171   -112.164   0.00725991  125      4668     
 4512.69 113     9687     -112.171   -112.164   0.00725891  119      4687     
 4521.15 113     9700     -112.171   -112.164   0.00725891  122      4696     
 4568.36 114     9809     -112.171   -112.164   0.00725832  114      4743     
 4569.08 114     9810     -112.171   -112.164   0.00725832  113      4743     
 4605.26 114     9850     -112.171   -112.164   0.00725832  124      4782     
 4617.58 115     9931     -112.171   -112.164   0.00725747  111      4793     
 4631.33 115     9950     -112.171   -112.164   0.00725747  116      4808     
 4672.36 116     10055    -112.171   -112.164   0.00725511  115      4850     
 4673.05 116     10056    -112.171   -112.164   0.00725511  115      4850     
 4711.12 116     10100    -112.171   -112.164   0.00725511  129      4891     
 4726.16 117     10175    -112.171   -112.164   0.00725235  108      4905     
 4742.65 117     10200    -112.171   -112.164   0.00725235  113      4923     
 4776.33 118     10297    -112.171   -112.164   0.00725003  110      4958     
 4777.03 118     10300    -112.171   -112.164   0.00725003  111      4958     
 4820.51 118     10350    -112.171   -112.164   0.00725003  99       5006     
 4829.83 119     10421    -112.171   -112.164   0.00724824  98       5014     
 4854.76 119     10450    -112.171   -112.164   0.00724824  109      5042     
 4884.83 120     10543    -112.171   -112.164   0.00724441  103      5073     
 4890.9  120     10550    -112.171   -112.164   0.00724441  108      5080     
 4938.85 120     10600    -112.171   -112.164   0.00724441  123      5130     
 4943.72 121     10665    -112.171   -112.164   0.00724154  127      5133     
 4970.05 121     10700    -112.171   -112.164   0.00724154  140      5161     
 4995.03 122     10785    -112.171   -112.164   0.00723968  126      5185     
 5006.37 122     10800    -112.171   -112.164   0.00723968  133      5197     
 5053.36 123     10909    -112.171   -112.164   0.00723745  125      5243     
 5054.87 123     10910    -112.171   -112.164   0.00723745  125      5244     
 5093.97 123     10950    -112.171   -112.164   0.00723745  131      5284     
 5114.9  124     11031    -112.171   -112.164   0.00723233  132      5303     
 5121.76 124     11050    -112.171   -112.164   0.00723233  133      5309     
 5160.34 125     11155    -112.171   -112.164   0.00723095  141      5348     
 5161.85 125     11156    -112.171   -112.164   0.00723095  141      5349     
 5204.75 125     11200    -112.171   -112.164   0.00723095  167      5393     
 5222.61 126     11277    -112.171   -112.164   0.00720907  121      5408     
 5238.18 126     11300    -112.171   -112.164   0.00720907  131      5423     
 5279.45 127     11401    -112.171   -112.164   0.00720815  120      5461     
 5280.38 127     11402    -112.171   -112.164   0.00720815  120      5461     
 5320.15 127     11450    -112.171   -112.164   0.00720815  133      5499     
 5333.94 128     11523    -112.171   -112.164   0.00720737  130      5510     
 5352.78 128     11550    -112.171   -112.164   0.00720737  133      5527     
 5389.99 129     11645    -112.171   -112.164   0.00720669  122      5560     
 5391.08 129     11650    -112.171   -112.164   0.00720669  124      5560     
 5430.33 129     11700    -112.171   -112.164   0.00720669  139      5597     
 5437.09 130     11765    -112.171   -112.164   0.00720609  131      5601     
 5459.62 130     11800    -112.171   -112.164   0.00720609  137      5622     
 5488.4  131     11887    -112.171   -112.164   0.00720558  131      5647     
 5489.6  131     11900    -112.171   -112.164   0.00720558  139      5647     
 5533.91 132     11950    -112.171   -112.164   0.00720558  118      5689     
 5536.39 132     12013    -112.171   -112.164   0.00720514  115      5689     
 5538.11 132     12050    -112.171   -112.164   0.00720514  127      5689     
 5550.5  133     12135    -112.171   -112.164   0.00720475  145      5699     
 5551.86 133     12150    -112.171   -112.164   0.00720475  153      5699     
 5563.34 134     12257    -112.171   -112.164   0.00720442  142      5707     
 5564.42 134     12258    -112.171   -112.164   0.00720442  142      5707     
 5566.27 134     12300    -112.171   -112.164   0.00720442  148      5707     
 5576.5  135     12377    -112.171   -112.164   0.00720413  152      5715     
 5578.05 135     12400    -112.171   -112.164   0.00720413  149      5715     
 5586.95 136     12495    -112.171   -112.164   0.00720388  149      5721     
 5588.16 136     12500    -112.171   -112.164   0.00720388  151      5721     
 5594.06 136     12550    -112.171   -112.164   0.00720388  157      5725     
 5600.83 137     12615    -112.171   -112.164   0.00720366  134      5729     
 5616.77 137     12650    -112.171   -112.164   0.00720366  139      5743     
 5646.14 138     12739    -112.171   -112.164   0.00720346  125      5769     
 5647.38 138     12750    -112.171   -112.164   0.00720346  127      5769     
 5696.83 139     12859    -112.171   -112.164   0.00720148  120      5815     
 5698.35 139     12860    -112.171   -112.164   0.00720148  120      5816     
 5737.38 139     12900    -112.171   -112.164   0.00720148  134      5856     
 5759.43 140     12983    -112.171   -112.164   0.0071953   127      5876     
 5774.93 140     13000    -112.171   -112.164   0.0071953   131      5892     
 5818.75 141     13105    -112.171   -112.164   0.00719379  126      5935     
 5819.77 141     13106    -112.171   -112.164   0.00719379  126      5935     
 5858.4  141     13150    -112.171   -112.164   0.00719379  140      5976     
 5876.51 142     13229    -112.171   -112.164   0.00719219  128      5992     
 5892.62 142     13250    -112.171   -112.164   0.00719219  128      6008     
 5931.2  143     13347    -112.171   -112.164   0.00719135  128      6045     
 5932.33 143     13350    -112.171   -112.164   0.00719135  129      6045     
 5961.97 143     13400    -112.171   -112.164   0.00719135  138      6075     
 5969.45 144     13467    -112.171   -112.164   0.00718931  150      6080     
 6000.64 144     13500    -112.171   -112.164   0.00718931  143      6111     
 6028.76 145     13585    -112.171   -112.164   0.00718442  137      6136     
 6036.82 145     13600    -112.171   -112.164   0.00718442  141      6143     
 6084.78 146     13707    -112.171   -112.164   0.00718325  129      6188     
 6085.84 146     13708    -112.171   -112.164   0.00718325  129      6188     
 6126.54 146     13750    -112.171   -112.164   0.00718325  150      6228     
 6139.09 147     13825    -112.171   -112.164   0.00718297  148      6238     
 6162.92 147     13850    -112.171   -112.164   0.00718297  150      6262     
 6180.63 148     13949    -112.171   -112.164   0.00717333  144      6277     
 6181.79 148     13950    -112.171   -112.164   0.00717333  144      6277     
 6209.09 148     14000    -112.171   -112.164   0.00717333  157      6305     
 6221.58 149     14073    -112.171   -112.164   0.00717312  130      6315     
 6238.54 149     14100    -112.171   -112.164   0.00717312  136      6331     
 6273.39 150     14195    -112.171   -112.164   0.00717293  116      6364     
 6274.5  150     14200    -112.171   -112.164   0.00717293  119      6364     
 6306.56 150     14250    -112.171   -112.164   0.00717293  135      6397     
 6314.95 151     14319    -112.171   -112.164   0.00717276  128      6403     
 6328.62 151     14350    -112.171   -112.164   0.00717276  130      6416     
 6357.89 152     14437    -112.171   -112.164   0.00717219  111      6443     
 6370.56 152     14450    -112.171   -112.164   0.00717219  118      6456     
 6420.46 153     14559    -112.171   -112.164   0.0071669   123      6503     
 6421.54 153     14560    -112.171   -112.164   0.0071669   124      6503     
 6457.29 153     14600    -112.171   -112.164   0.0071669   133      6539     
 6480.08 154     14683    -112.171   -112.164   0.00716259  124      6559     
 6494.38 154     14700    -112.171   -112.164   0.00716259  130      6574     
 6542.78 155     14801    -112.171   -112.164   0.0071577   122      6615     
 6543.72 155     14802    -112.171   -112.164   0.0071577   122      6615     
 6590.99 155     14850    -112.171   -112.164   0.0071577   146      6662     
 6604.22 156     14921    -112.171   -112.164   0.00715524  141      6672     
 6629.56 156     14950    -112.171   -112.164   0.00715524  157      6701     
 6660.26 157     15041    -112.171   -112.164   0.00713743  141      6731     
 6666.27 157     15050    -112.171   -112.164   0.00713743  144      6738     
 6712.49 157     15100    -112.171   -112.164   0.00713743  153      6788     
 6716.88 158     15165    -112.171   -112.164   0.00713521  142      6790     
 6740.29 158     15200    -112.171   -112.164   0.00713521  155      6817     
 6764.55 159     15287    -112.171   -112.164   0.0071337   153      6842     
 6765.98 159     15300    -112.171   -112.164   0.0071337   156      6842     
 6787.39 160     15409    -112.171   -112.164   0.00713243  159      6865     
 6788.49 160     15410    -112.171   -112.164   0.00713243  159      6865     
 6815.63 160     15450    -112.171   -112.164   0.00713243  155      6898     
 6834.56 161     15531    -112.171   -112.164   0.00713121  150      6917     
 6849.72 161     15550    -112.171   -112.164   0.00713121  156      6934     
 6889.84 162     15653    -112.171   -112.164   0.00712768  155      6975     
 6891.02 162     15654    -112.171   -112.164   0.00712768  155      6975     
 6902.87 162     15700    -112.171   -112.164   0.00712768  159      6987     
 6917.35 163     15777    -112.171   -112.164   0.00712661  135      7001     
 6921.24 163     15800    -112.171   -112.164   0.00712661  146      7004     
 6953.46 164     15899    -112.171   -112.164   0.00712561  134      7041     
 6954.58 164     15900    -112.171   -112.164   0.00712561  134      7041     
 6959.44 164     15950    -112.171   -112.164   0.00712561  151      7045     
 6968.21 165     16019    -112.171   -112.164   0.00712422  118      7053     
 6992.7  165     16050    -112.171   -112.164   0.00712422  127      7081     
 7019.25 166     16139    -112.171   -112.164   0.00712282  120      7109     
 7020.26 166     16150    -112.171   -112.164   0.00712282  116      7109     
 7053.44 167     16257    -112.171   -112.164   0.00712091  126      7151     
 7054.29 167     16258    -112.171   -112.164   0.00712091  126      7151     
 7055.69 167     16300    -112.171   -112.164   0.00712091  137      7151     
 7064.65 168     16379    -112.171   -112.164   0.00711993  121      7161     
 7073.12 168     16400    -112.171   -112.164   0.00711993  115      7172     
 7103.06 169     16497    -112.171   -112.164   0.00711908  117      7209     
 7103.93 169     16500    -112.171   -112.164   0.00711908  117      7209     
 7127.39 169     16550    -112.171   -112.164   0.00711908  123      7239     
 7134.42 170     16619    -112.171   -112.164   0.00711817  121      7246     
 7151.94 170     16650    -112.171   -112.164   0.00711817  130      7270     
 7177.87 171     16743    -112.171   -112.164   0.00711754  125      7300     
 7179.03 171     16750    -112.171   -112.164   0.00711754  130      7300     
 7209.55 171     16800    -112.171   -112.164   0.00711754  133      7339     
 7213.72 172     16865    -112.171   -112.164   0.00711701  124      7342     
 7228.92 172     16900    -112.171   -112.164   0.00711701  133      7360     
 7246.36 173     16987    -112.171   -112.164   0.00711654  114      7380     
 7252.61 173     17000    -112.171   -112.164   0.00711654  119      7388     
 7288.63 174     17109    -112.171   -112.164   0.0071161   125      7435     
 7289.54 174     17110    -112.171   -112.164   0.0071161   125      7435     
 7314.77 174     17150    -112.171   -112.164   0.0071161   142      7470     
 7321.94 175     17227    -112.171   -112.164   0.00711557  122      7477     
 7323.22 175     17250    -112.171   -112.164   0.00711557  131      7477     
 7346.23 176     17345    -112.171   -112.164   0.00711522  136      7506     
 7347.46 176     17350    -112.171   -112.164   0.00711522  140      7506     
 7386.18 176     17400    -112.171   -112.164   0.00711522  139      7556     
 7391.69 177     17465    -112.171   -112.164   0.00711493  139      7560     
 7413.67 177     17500    -112.171   -112.164   0.00711493  141      7588     
 7433    178     17583    -112.171   -112.164   0.00711467  143      7611     
 7440.87 178     17600    -112.171   -112.164   0.00711467  142      7620     
 7473.62 179     17701    -112.171   -112.164   0.00711441  133      7661     
 7474.87 179     17702    -112.171   -112.164   0.00711441  133      7661     
 7495.46 179     17750    -112.171   -112.164   0.00711441  139      7688     
 7503.34 180     17821    -112.171   -112.164   0.00711372  118      7696     
 7521.84 180     17850    -112.171   -112.164   0.00711372  125      7721     
 7546.93 181     17941    -112.171   -112.164   0.00710611  116      7751     
 7549.5  181     17950    -112.171   -112.164   0.00710611  118      7753     
 7582.04 181     18000    -112.171   -112.164   0.00710611  134      7791     
 7585.12 182     18063    -112.171   -112.164   0.00710501  128      7792     
 7612.25 182     18100    -112.171   -112.164   0.00710501  139      7825     
 7632.14 183     18183    -112.171   -112.164   0.00710395  114      7847     
 7642.9  183     18200    -112.171   -112.164   0.00710395  126      7860     
 7669.23 184     18303    -112.171   -112.164   0.00710329  147      7890     
 7670.38 184     18304    -112.171   -112.164   0.00710329  144      7890     
 7702.01 184     18350    -112.171   -112.164   0.00710329  138      7930     
 7710.52 185     18421    -112.171   -112.164   0.0070934   122      7938     
 7728.97 185     18450    -112.171   -112.164   0.0070934   133      7960     
 7754.12 186     18539    -112.171   -112.164   0.0070929   131      7989     
 7761.54 186     18550    -112.171   -112.164   0.0070929   136      7998     
 7795.29 187     18600    -112.171   -112.164   0.0070929   146      8038     
 7797.57 187     18661    -112.171   -112.164   0.00709115  135      8038     
 7830.26 187     18700    -112.171   -112.164   0.00709115  146      8076     
 7841.99 188     18785    -112.171   -112.164   0.00709077  130      8087     
 7851.92 188     18800    -112.171   -112.164   0.00709077  127      8098     
 7892.16 189     18903    -112.171   -112.164   0.00709015  135      8141     
 7893.31 189     18904    -112.171   -112.164   0.00709015  135      8141     
 7930.25 189     18950    -112.171   -112.164   0.00709015  148      8182     
 7942.72 190     19021    -112.171   -112.164   0.00708981  123      8193     
 7963.83 190     19050    -112.171   -112.164   0.00708981  132      8218     
 7990.6  191     19137    -112.171   -112.164   0.00708947  138      8246     
 7991.85 191     19150    -112.171   -112.164   0.00708947  143      8246     
 8015.71 192     19257    -112.171   -112.164   0.0070892   120      8273     
 8016.66 192     19258    -112.171   -112.164   0.0070892   121      8273     
 8018.17 192     19300    -112.171   -112.164   0.0070892   144      8273     
 8027.9  193     19381    -112.171   -112.164   0.00708894  132      8283     
 8034.77 193     19400    -112.171   -112.164   0.00708894  133      8291     
 8066.45 194     19499    -112.171   -112.164   0.00708873  118      8329     
 8067.61 194     19500    -112.171   -112.164   0.00708873  118      8329     
 8103.46 194     19550    -112.171   -112.164   0.00708873  142      8372     
 8114.24 195     19623    -112.171   -112.164   0.00708854  127      8382     
 8128.82 195     19650    -112.171   -112.164   0.00708854  135      8398     
 8146.74 196     19741    -112.171   -112.164   0.00708839  139      8417     
 8147.96 196     19750    -112.171   -112.164   0.00708839  142      8417     
 8155.55 196     19800    -112.171   -112.164   0.00708839  144      8424     
 8157.97 197     19861    -112.171   -112.164   0.00708826  135      8424     
 8159.64 197     19900    -112.171   -112.164   0.00708826  140      8424     
 8169.35 198     19983    -112.171   -112.164   0.00708815  147      8433     
 8170.73 198     20000    -112.171   -112.164   0.00708815  158      8433     
 8179.87 199     20103    -112.171   -112.164   0.00708805  149      8441     
 8181.02 199     20104    -112.171   -112.164   0.00708805  149      8441     
 8182.77 199     20150    -112.171   -112.164   0.00708805  174      8441     
 8189.84 200     20219    -112.171   -112.164   0.00708797  134      8447     
 8201.11 200     20250    -112.171   -112.164   0.00708797  139      8459     
 8227.19 201     20339    -112.171   -112.164   0.0070879   143      8487     
 8228.62 201     20350    -112.171   -112.164   0.0070879   151      8487     
 8255.44 202     20457    -112.171   -112.164   0.00708784  148      8516     
 8256.71 202     20458    -112.171   -112.164   0.00708784  148      8516     
 8279.41 202     20500    -112.171   -112.164   0.00708784  156      8539     
 8296.16 203     20577    -112.171   -112.164   0.00708777  146      8555     
 8297.76 203     20600    -112.171   -112.164   0.00708777  157      8555     
 8330.05 204     20697    -112.171   -112.164   0.00708772  154      8588     
 8331.36 204     20700    -112.171   -112.164   0.00708772  155      8588     
 8360.69 204     20750    -112.171   -112.164   0.00708772  152      8618     
 8368.04 205     20815    -112.171   -112.164   0.00708767  161      8623     
 8370.06 205     20850    -112.171   -112.164   0.00708767  172      8623     
 8391.31 206     20931    -112.171   -112.164   0.00708764  168      8643     
 8393.04 206     20950    -112.171   -112.164   0.00708764  171      8643     
 8426.18 207     21049    -112.171   -112.164   0.0070876   149      8675     
 8427.47 207     21050    -112.171   -112.164   0.0070876   150      8675     
 8441.79 207     21100    -112.171   -112.164   0.0070876   174      8688     
 8451.35 208     21167    -112.171   -112.164   0.00708757  144      8695     
 8453.28 208     21200    -112.171   -112.164   0.00708757  154      8695     
 8477.68 209     21289    -112.171   -112.164   0.00708752  142      8718     
 8487.55 209     21300    -112.171   -112.164   0.00708752  146      8728     
 8537.27 210     21407    -112.171   -112.164   0.00708289  164      8775     
 8538.67 210     21408    -112.171   -112.164   0.00708289  164      8775     
 8548.75 210     21450    -112.171   -112.164   0.00708289  162      8783     
 8566.47 211     21525    -112.171   -112.164   0.00708254  150      8798     
 8585.48 211     21550    -112.171   -112.164   0.00708254  148      8816     
 8622.71 212     21645    -112.171   -112.164   0.00708161  151      8850     
 8624.19 212     21650    -112.171   -112.164   0.00708161  152      8850     
 8675.73 212     21700    -112.171   -112.164   0.00708161  163      8900     
 8681.74 213     21763    -112.171   -112.164   0.00707962  134      8903     
 8701.8  213     21800    -112.171   -112.164   0.00707962  151      8924     
 8712.72 214     21881    -112.171   -112.164   0.00707802  146      8933     
 8727.77 214     21900    -112.171   -112.164   0.00707802  141      8949     
 8766.95 215     21999    -112.171   -112.164   0.00707558  139      8984     
 8768.37 215     22000    -112.171   -112.164   0.00707558  138      8985     
 8806.73 215     22050    -112.171   -112.164   0.00707558  153      9025     
 8816.85 216     22119    -112.171   -112.164   0.00706618  136      9033     
 8845.41 216     22150    -112.171   -112.164   0.00706618  143      9063     
 8854.32 217     22241    -112.171   -112.164   0.00706134  161      9070     
 8858.55 217     22250    -112.171   -112.164   0.00706134  158      9074     
 8897.32 218     22300    -112.171   -112.164   0.00706134  145      9113     
 8899.53 218     22359    -112.171   -112.164   0.00706024  132      9113     
 8937.72 218     22400    -112.171   -112.164   0.00706024  143      9152     
 8959.14 219     22481    -112.171   -112.164   0.00705895  134      9171     
 8971.87 219     22500    -112.171   -112.164   0.00705895  139      9183     
 9015.27 220     22599    -112.171   -112.164   0.00705802  150      9222     
 9016.3  220     22600    -112.171   -112.164   0.00705802  148      9222     
 9067.52 220     22650    -112.171   -112.164   0.00705802  160      9272     
 9077.21 221     22717    -112.171   -112.164   0.00705319  158      9279     
 9086.07 221     22750    -112.171   -112.164   0.00705319  164      9286     
 9114.03 222     22837    -112.171   -112.164   0.00705233  154      9312     
 9115.46 222     22850    -112.171   -112.164   0.00705233  161      9312     
 9135.16 223     22961    -112.171   -112.164   0.00705153  169      9329     
 9136.24 223     22962    -112.171   -112.164   0.00705153  169      9329     
 9148.07 223     23000    -112.171   -112.164   0.00705153  169      9339     
 9171.7  224     23081    -112.171   -112.164   0.00705079  169      9359     
 9173.32 224     23100    -112.171   -112.164   0.00705079  181      9359     
 9184.15 225     23203    -112.171   -112.164   0.00705011  171      9367     
 9185.22 225     23204    -112.171   -112.164   0.00705011  171      9367     
 9199.02 225     23250    -112.171   -112.164   0.00705011  186      9379     
 9212.52 226     23325    -112.171   -112.164   0.00704951  173      9390     
 9214.19 226     23350    -112.171   -112.164   0.00704951  182      9390     
 9226.83 227     23445    -112.171   -112.164   0.00704899  174      9400     
 9228.02 227     23450    -112.171   -112.164   0.00704899  177      9400     
 9234.04 227     23500    -112.171   -112.164   0.00704899  196      9404     
 9238.36 228     23561    -112.171   -112.164   0.00704855  159      9406     
 9257.54 228     23600    -112.171   -112.164   0.00704855  182      9423     
 9267.32 229     23679    -112.171   -112.164   0.00704814  142      9430     
 9268.74 229     23700    -112.171   -112.164   0.00704814  152      9430     
 9281.06 230     23801    -112.171   -112.164   0.00704783  136      9440     
 9282.1  230     23802    -112.171   -112.164   0.00704783  136      9440     
 9304.29 230     23850    -112.171   -112.164   0.00704783  152      9460     
 9317.69 231     23923    -112.171   -112.164   0.00704756  159      9471     
 9319.16 231     23950    -112.171   -112.164   0.00704756  172      9471     
 9344.83 232     24045    -112.171   -112.164   0.00704733  161      9493     
 9346    232     24050    -112.171   -112.164   0.00704733  161      9493     
 9363.29 232     24100    -112.171   -112.164   0.00704733  178      9508     
 9370.04 233     24165    -112.171   -112.164   0.00704714  160      9512     
 9378.2  233     24200    -112.171   -112.164   0.00704714  170      9518     
 9401.97 234     24281    -112.171   -112.164   0.00704697  172      9540     
 9403.41 234     24300    -112.171   -112.164   0.00704697  182      9540     
 9432.44 235     24397    -112.171   -112.164   0.00704573  164      9566     
 9435.95 235     24400    -112.171   -112.164   0.00704573  163      9569     
 9488.33 235     24450    -112.171   -112.164   0.00704573  179      9619     
 9494.91 236     24513    -112.171   -112.164   0.00701742  136      9623     
 9530.26 236     24550    -112.171   -112.164   0.00701742  145      9657     
 9557.61 237     24637    -112.171   -112.164   0.00701542  141      9681     
 9569.77 237     24650    -112.171   -112.164   0.00701542  142      9693     
 9621.67 238     24759    -112.171   -112.164   0.00701305  165      9740     
 9623.33 238     24760    -112.171   -112.164   0.00701305  164      9741     
 9665.04 238     24800    -112.171   -112.164   0.00701305  163      9781     
 9686.8  239     24879    -112.171   -112.164   0.00701102  152      9799     
 9703.19 239     24900    -112.171   -112.164   0.00701102  150      9814     
 9746.32 240     24999    -112.171   -112.164   0.00700976  136      9852     
 9747.35 240     25000    -112.171   -112.164   0.00700976  135      9852     
 9792.65 240     25050    -112.171   -112.164   0.00700976  147      9894     
 9806.13 241     25123    -112.171   -112.164   0.00700672  149      9904     
 9820.22 241     25150    -112.171   -112.164   0.00700672  161      9916     
 9847.44 242     25241    -112.171   -112.164   0.00700433  136      9939     
 9852.64 242     25250    -112.171   -112.164   0.00700433  141      9943     
 9907.18 243     25357    -112.171   -112.164   0.00700337  149      9989     
 9908.28 243     25358    -112.171   -112.164   0.00700337  149      9989     
 9947.77 243     25400    -112.171   -112.164   0.00700337  157      10022    
 9969.65 244     25479    -112.171   -112.164   0.00700245  154      10039    
 9971.21 244     25500    -112.171   -112.164   0.00700245  167      10039    
 9988.86 245     25601    -112.171   -112.164   0.00700161  162      10052    
 9990    245     25602    -112.171   -112.164   0.00700161  163      10052    
 9994.02 245     25650    -112.171   -112.164   0.00700161  191      10054    
 10010   246     25725    -112.171   -112.164   0.00700083  170      10066    
-------------------------------------------------------------------------------

SARSOP finishing ...
  Preset timeout reached
  Timeout     : 10000.000000s
  Actual Time : 10010.040000s

-------------------------------------------------------------------------------
 Time   |#Trial |#Backup |LBound    |UBound    |Precision  |#Alphas |#Beliefs  
-------------------------------------------------------------------------------
 10010   246     25725    -112.171   -112.164   0.00700083  170      10066    
-------------------------------------------------------------------------------

Writing out policy ...
  output file : RAM4_small/372a18b23a.policyx

