
Loading the model ...
  input file   : /home/rstudio/RAM4_small/3765a90d07.pomdpx
  loading time : 4.70s 

SARSOP initializing ...
  initialization time : 6487.24s

-------------------------------------------------------------------------------
 Time   |#Trial |#Backup |LBound    |UBound    |Precision  |#Alphas |#Beliefs  
-------------------------------------------------------------------------------
 6487.24 0       0        -3665.28   -100.103   3565.17     101      1        
 6492.8  1       93       -3644.45   -3638.94   5.51172     80       30       
 6493.51 1       100      -3644.45   -3638.94   5.51172     87       37       
 6494.17 1       150      -3644.45   -3638.94   5.51172     72       42       
 6495.24 2       267      -3643.36   -3638.94   4.42633     89       45       
 6495.26 2       268      -3643.36   -3638.94   4.42633     90       45       
 6496    2       300      -3643.36   -3638.94   4.42633     81       51       
 6496.14 2       350      -3643.36   -3638.94   4.42633     90       51       
 6497.33 3       447      -3643.03   -3638.94   4.09841     107      55       
 6497.87 3       450      -3643.03   -3638.94   4.09841     37       58       
 6498.64 3       500      -3643.03   -3638.94   4.09841     37       62       
 6501.35 4       597      -3642.1    -3638.94   3.16335     38       71       
 6501.62 4       600      -3642.1    -3638.94   3.16335     35       74       
 6502.61 4       650      -3642.1    -3638.94   3.16335     30       79       
 6503.79 5       767      -3641.1    -3638.94   2.16013     33       83       
 6503.81 5       768      -3641.1    -3638.94   2.16013     33       83       
 6504.5  5       800      -3641.1    -3638.94   2.16013     31       89       
 6504.62 5       850      -3641.1    -3638.94   2.16013     29       89       
 6505.73 6       987      -3640.95   -3638.94   2.01279     24       93       
 6505.75 6       988      -3640.95   -3638.94   2.01279     24       93       
 6505.8  6       1000     -3640.95   -3638.94   2.01279     21       93       
 6505.91 6       1050     -3640.95   -3638.94   2.01279     17       93       
 6506.45 7       1203     -3640.86   -3638.94   1.92167     15       93       
 6506.47 7       1204     -3640.86   -3638.94   1.92167     16       93       
 6506.49 7       1205     -3640.86   -3638.94   1.92167     16       93       
 6506.94 7       1250     -3640.86   -3638.94   1.92167     15       96       
 6507.03 7       1300     -3640.86   -3638.94   1.92167     14       96       
 6508.11 8       1413     -3640.8    -3638.94   1.86332     15       100      
 6508.13 8       1414     -3640.8    -3638.94   1.86332     14       100      
 6508.22 8       1450     -3640.8    -3638.94   1.86332     15       100      
 6508.31 8       1500     -3640.8    -3638.94   1.86332     15       100      
 6509.94 9       1617     -3640.74   -3638.94   1.80756     14       106      
 6509.97 9       1618     -3640.74   -3638.94   1.80756     13       106      
 6510.06 9       1650     -3640.74   -3638.94   1.80756     13       106      
 6510.16 9       1700     -3640.74   -3638.94   1.80756     14       106      
 6512.72 10      1817     -3640.67   -3638.94   1.73093     11       116      
 6512.76 10      1818     -3640.67   -3638.94   1.73093     11       116      
 6512.84 10      1850     -3640.67   -3638.94   1.73093     12       116      
 6512.94 10      1900     -3640.67   -3638.94   1.73093     12       116      
 6513.94 11      2013     -3640.63   -3638.94   1.69525     15       119      
 6513.97 11      2014     -3640.63   -3638.94   1.69525     15       119      
 6514.16 11      2050     -3640.63   -3638.94   1.69525     15       120      
 6514.26 11      2100     -3640.63   -3638.94   1.69525     15       120      
 6515.37 12      2205     -3640.6    -3638.94   1.65973     17       123      
 6515.41 12      2206     -3640.6    -3638.94   1.65973     17       123      
 6515.52 12      2250     -3640.6    -3638.94   1.65973     16       123      
 6516.44 13      2393     -3640.56   -3638.94   1.62198     13       125      
 6516.48 13      2394     -3640.56   -3638.94   1.62198     13       125      
 6516.53 13      2400     -3640.56   -3638.94   1.62198     13       125      
 6516.63 13      2450     -3640.56   -3638.94   1.62198     13       125      
 6518.41 14      2577     -3640.52   -3638.94   1.58789     14       130      
 6518.7  14      2578     -3640.52   -3638.94   1.58789     13       131      
 6520.47 14      2600     -3640.52   -3638.94   1.58789     15       137      
 6520.58 14      2650     -3640.52   -3638.94   1.58789     15       137      
 6522.74 15      2755     -3640.34   -3638.94   1.40351     13       142      
 6523.08 15      2756     -3640.34   -3638.94   1.40351     12       143      
 6524.68 15      2800     -3640.34   -3638.94   1.40351     11       148      
 6525.57 15      2850     -3640.34   -3638.94   1.40351     12       150      
 6526.29 16      2949     -3640.3    -3638.94   1.36331     11       151      
 6526.33 16      2950     -3640.3    -3638.94   1.36331     11       151      
 6528.08 16      3000     -3640.3    -3638.94   1.36331     13       156      
 6529.7  17      3137     -3640.27   -3638.94   1.33182     13       159      
 6529.99 17      3138     -3640.27   -3638.94   1.33182     12       160      
 6533.6  17      3150     -3640.27   -3638.94   1.33182     11       169      
 6537.65 17      3200     -3640.27   -3638.94   1.33182     12       177      
 6540.53 18      3319     -3640.01   -3638.94   1.07647     8        181      
 6540.57 18      3320     -3640.01   -3638.94   1.07647     7        181      
 6542    18      3350     -3640.01   -3638.94   1.07647     10       186      
 6542.1  18      3400     -3640.01   -3638.94   1.07647     10       186      
 6543.32 19      3533     -3639.99   -3638.94   1.05189     9        188      
 6543.37 19      3534     -3639.99   -3638.94   1.05189     9        188      
 6543.44 19      3550     -3639.99   -3638.94   1.05189     10       188      
 6543.54 19      3600     -3639.99   -3638.94   1.05189     9        188      
 6545.08 20      3745     -3639.97   -3638.94   1.03311     12       191      
 6545.13 20      3746     -3639.97   -3638.94   1.03311     11       191      
 6545.18 20      3750     -3639.97   -3638.94   1.03311     11       191      
 6545.31 20      3800     -3639.97   -3638.94   1.03311     11       191      
 6546.75 21      3850     -3639.97   -3638.94   1.03311     12       194      
 6547.15 21      3955     -3639.95   -3638.94   1.01067     11       194      
 6547.2  21      3956     -3639.95   -3638.94   1.01067     11       194      
 6549.55 21      4000     -3639.95   -3638.94   1.01067     12       200      
 6556.18 21      4050     -3639.95   -3638.94   1.01067     12       211      
 6561.75 22      4161     -3639.93   -3638.94   0.989858    14       218      
 6561.81 22      4162     -3639.93   -3638.94   0.989858    13       218      
 6561.94 22      4200     -3639.93   -3638.94   0.989858    14       218      
 6562.07 22      4250     -3639.93   -3638.94   0.989858    14       218      
 6563.31 23      4363     -3639.91   -3638.94   0.974375    13       219      
 6563.37 23      4364     -3639.91   -3638.94   0.974375    13       219      
 6563.49 23      4400     -3639.91   -3638.94   0.974375    12       219      
 6563.62 23      4450     -3639.91   -3638.94   0.974375    12       219      
 6565.38 24      4563     -3639.87   -3638.94   0.931826    10       221      
 6565.44 24      4564     -3639.87   -3638.94   0.931826    10       221      
 6567.5  24      4600     -3639.87   -3638.94   0.931826    10       225      
 6567.64 24      4650     -3639.87   -3638.94   0.931826    10       225      
 6571.32 25      4763     -3639.85   -3638.94   0.916304    13       231      
 6571.38 25      4764     -3639.85   -3638.94   0.916304    13       231      
 6571.52 25      4800     -3639.85   -3638.94   0.916304    12       231      
 6571.65 25      4850     -3639.85   -3638.94   0.916304    12       231      
 6572.55 26      4959     -3639.84   -3638.94   0.903965    14       232      
 6572.61 26      4960     -3639.84   -3638.94   0.903965    14       232      
 6572.75 26      5000     -3639.84   -3638.94   0.903965    13       232      
 6572.87 26      5050     -3639.84   -3638.94   0.903965    13       232      
 6573.2  27      5153     -3639.83   -3638.94   0.893628    13       232      
 6573.26 27      5154     -3639.83   -3638.94   0.893628    13       232      
 6573.4  27      5200     -3639.83   -3638.94   0.893628    13       232      
 6575.51 28      5345     -3639.82   -3638.94   0.881751    13       235      
 6575.57 28      5346     -3639.82   -3638.94   0.881751    13       235      
 6575.64 28      5350     -3639.82   -3638.94   0.881751    14       235      
 6575.78 28      5400     -3639.82   -3638.94   0.881751    14       235      
 6583.97 29      5533     -3639.81   -3638.94   0.871114    18       248      
 6584.04 29      5534     -3639.81   -3638.94   0.871114    17       248      
 6584.15 29      5550     -3639.81   -3638.94   0.871114    18       248      
 6584.3  29      5600     -3639.81   -3638.94   0.871114    18       248      
 6588.52 30      5719     -3639.8    -3638.94   0.864154    16       253      
 6588.59 30      5720     -3639.8    -3638.94   0.864154    16       253      
 6588.72 30      5750     -3639.8    -3638.94   0.864154    16       253      
 6588.87 30      5800     -3639.8    -3638.94   0.864154    16       253      
 6591.5  31      5903     -3639.77   -3638.94   0.837112    13       256      
 6591.57 31      5904     -3639.77   -3638.94   0.837112    14       256      
 6596.65 31      5950     -3639.77   -3638.94   0.837112    16       263      
 6599.75 32      6085     -3639.76   -3638.94   0.827068    15       266      
 6599.83 32      6086     -3639.76   -3638.94   0.827068    15       266      
 6599.94 32      6100     -3639.76   -3638.94   0.827068    14       266      
 6600.09 32      6150     -3639.76   -3638.94   0.827068    14       266      
 6602.98 33      6265     -3639.75   -3638.94   0.819014    15       269      
 6603.06 33      6266     -3639.75   -3638.94   0.819014    15       269      
 6603.2  33      6300     -3639.75   -3638.94   0.819014    16       269      
 6604.24 33      6350     -3639.75   -3638.94   0.819014    17       270      
 6607.34 34      6443     -3639.75   -3638.94   0.809856    16       273      
 6607.45 34      6450     -3639.75   -3638.94   0.809856    16       273      
 6607.61 34      6500     -3639.75   -3638.94   0.809856    17       273      
 6609.74 35      6617     -3639.74   -3638.94   0.805217    18       275      
 6609.83 35      6618     -3639.74   -3638.94   0.805217    18       275      
 6610    35      6650     -3639.74   -3638.94   0.805217    19       275      
 6613.96 35      6700     -3639.74   -3638.94   0.805217    19       279      
 6616.85 36      6789     -3639.74   -3638.94   0.79957     20       282      
 6620.84 36      6800     -3639.74   -3638.94   0.79957     13       292      
 6620.99 36      6850     -3639.74   -3638.94   0.79957     12       292      
 6622.33 37      6959     -3639.51   -3638.94   0.578474    11       294      
 6622.39 37      6960     -3639.51   -3638.94   0.578474    11       294      
 6624.1  37      7000     -3639.51   -3638.94   0.578474    12       298      
 6624.24 37      7050     -3639.51   -3638.94   0.578474    12       298      
 6627.1  38      7185     -3639.5    -3638.94   0.564339    11       303      
 6627.17 38      7186     -3639.5    -3638.94   0.564339    12       303      
 6628.34 38      7200     -3639.5    -3638.94   0.564339    14       306      
 6628.49 38      7250     -3639.5    -3638.94   0.564339    14       306      
 6630.5  39      7409     -3639.49   -3638.94   0.55494     13       309      
 6630.57 39      7410     -3639.49   -3638.94   0.55494     14       309      
 6630.65 39      7411     -3639.49   -3638.94   0.55494     13       309      
 6630.79 39      7450     -3639.49   -3638.94   0.55494     15       309      
 6630.94 39      7500     -3639.49   -3638.94   0.55494     15       309      
 6634.74 40      7631     -3639.48   -3638.94   0.546453    15       315      
 6634.82 40      7632     -3639.48   -3638.94   0.546453    14       315      
 6634.93 40      7650     -3639.48   -3638.94   0.546453    14       315      
 6635.09 40      7700     -3639.48   -3638.94   0.546453    14       315      
 6642.21 41      7851     -3639.47   -3638.94   0.53355     12       326      
 6642.29 41      7852     -3639.47   -3638.94   0.53355     12       326      
 6642.37 41      7853     -3639.47   -3638.94   0.53355     11       326      
 6642.54 41      7900     -3639.47   -3638.94   0.53355     13       326      
 6642.7  41      7950     -3639.47   -3638.94   0.53355     13       326      
 6647.02 42      8069     -3639.46   -3638.94   0.526113    13       332      
 6647.1  42      8070     -3639.46   -3638.94   0.526113    13       332      
 6647.24 42      8100     -3639.46   -3638.94   0.526113    13       332      
 6647.4  42      8150     -3639.46   -3638.94   0.526113    13       332      
 6651.31 43      8283     -3639.45   -3638.94   0.518958    14       337      
 6651.4  43      8284     -3639.45   -3638.94   0.518958    14       337      
 6651.52 43      8300     -3639.45   -3638.94   0.518958    14       337      
 6651.69 43      8350     -3639.45   -3638.94   0.518958    14       337      
 6654.21 44      8495     -3639.45   -3638.94   0.514971    19       340      
 6654.3  44      8496     -3639.45   -3638.94   0.514971    19       340      
 6654.4  44      8500     -3639.45   -3638.94   0.514971    17       340      
 6654.58 44      8550     -3639.45   -3638.94   0.514971    19       340      
 6657.7  44      8600     -3639.45   -3638.94   0.514971    19       344      
 6658.16 45      8707     -3639.45   -3638.94   0.510185    17       344      
 6658.25 45      8708     -3639.45   -3638.94   0.510185    17       344      
 6658.44 45      8750     -3639.45   -3638.94   0.510185    16       344      
 6658.61 45      8800     -3639.45   -3638.94   0.510185    16       344      
 6661.13 46      8917     -3639.44   -3638.94   0.501831    14       347      
 6661.22 46      8918     -3639.44   -3638.94   0.501831    14       347      
 6661.37 46      8950     -3639.44   -3638.94   0.501831    13       347      
 6661.54 46      9000     -3639.44   -3638.94   0.501831    13       347      
 6665.06 47      9125     -3639.43   -3638.94   0.495385    16       351      
 6665.16 47      9126     -3639.43   -3638.94   0.495385    16       351      
 6665.31 47      9150     -3639.43   -3638.94   0.495385    15       351      
 6665.48 47      9200     -3639.43   -3638.94   0.495385    15       351      
 6666.84 48      9331     -3639.43   -3638.94   0.490655    17       352      
 6666.93 48      9332     -3639.43   -3638.94   0.490655    16       352      
 6667.08 48      9350     -3639.43   -3638.94   0.490655    16       352      
 6667.25 48      9400     -3639.43   -3638.94   0.490655    16       352      
 6671.01 49      9535     -3639.42   -3638.94   0.485585    15       357      
 6671.11 49      9536     -3639.42   -3638.94   0.485585    14       357      
 6671.23 49      9550     -3639.42   -3638.94   0.485585    14       357      
 6671.41 49      9600     -3639.42   -3638.94   0.485585    14       357      
 6675.83 50      9737     -3639.42   -3638.94   0.480858    15       362      
 6675.93 50      9738     -3639.42   -3638.94   0.480858    16       362      
 6676.07 50      9750     -3639.42   -3638.94   0.480858    17       362      
 6676.26 50      9800     -3639.42   -3638.94   0.480858    17       362      
 6681.98 51      9937     -3639.41   -3638.94   0.476008    20       368      
 6682.09 51      9938     -3639.41   -3638.94   0.476008    19       368      
 6682.24 51      9950     -3639.41   -3638.94   0.476008    18       368      
 6682.43 51      10000    -3639.41   -3638.94   0.476008    18       368      
 6686.44 52      10135    -3639.41   -3638.94   0.472179    18       372      
 6686.54 52      10136    -3639.41   -3638.94   0.472179    18       372      
 6686.68 52      10150    -3639.41   -3638.94   0.472179    17       372      
 6686.88 52      10200    -3639.41   -3638.94   0.472179    17       372      
 6693.44 53      10333    -3639.4    -3638.94   0.459646    13       379      
 6693.54 53      10334    -3639.4    -3638.94   0.459646    13       379      
 6693.69 53      10350    -3639.4    -3638.94   0.459646    15       379      
 6693.91 53      10400    -3639.4    -3638.94   0.459646    15       379      
 6703.95 54      10531    -3639.39   -3638.94   0.452347    17       390      
 6704.06 54      10532    -3639.39   -3638.94   0.452347    17       390      
 6704.22 54      10550    -3639.39   -3638.94   0.452347    15       390      
 6704.42 54      10600    -3639.39   -3638.94   0.452347    15       390      
 6708.94 55      10725    -3639.38   -3638.94   0.448786    19       394      
 6709.08 55      10726    -3639.38   -3638.94   0.448786    18       394      
 6709.28 55      10750    -3639.38   -3638.94   0.448786    16       394      
 6709.5  55      10800    -3639.38   -3638.94   0.448786    16       394      
 6711.64 56      10919    -3639.38   -3638.94   0.443516    16       396      
 6711.77 56      10920    -3639.38   -3638.94   0.443516    16       396      
 6711.95 56      10950    -3639.38   -3638.94   0.443516    16       396      
 6712.21 56      11000    -3639.38   -3638.94   0.443516    20       396      
 6723.49 57      11111    -3639.37   -3638.94   0.438117    20       406      
 6723.63 57      11112    -3639.37   -3638.94   0.438117    20       406      
 6723.88 57      11150    -3639.37   -3638.94   0.438117    17       406      
 6724.1  57      11200    -3639.37   -3638.94   0.438117    18       406      
 6727.39 58      11299    -3639.37   -3638.94   0.434469    16       409      
 6727.51 58      11300    -3639.37   -3638.94   0.434469    16       409      
 6727.75 58      11350    -3639.37   -3638.94   0.434469    16       409      
 6737.1  59      11485    -3639.37   -3638.94   0.430818    21       418      
 6737.24 59      11486    -3639.37   -3638.94   0.430818    21       418      
 6737.43 59      11500    -3639.37   -3638.94   0.430818    21       418      
 6737.66 59      11550    -3639.37   -3638.94   0.430818    21       418      
 6744.13 60      11669    -3639.36   -3638.94   0.427078    21       423      
 6744.27 60      11670    -3639.36   -3638.94   0.427078    19       423      
 6746.89 60      11700    -3639.36   -3638.94   0.427078    19       426      
 6747.1  60      11750    -3639.36   -3638.94   0.427078    19       426      
 6750.69 61      11851    -3639.33   -3638.94   0.390072    10       429      
 6750.81 61      11852    -3639.33   -3638.94   0.390072    11       429      
 6752.83 61      11900    -3639.33   -3638.94   0.390072    12       432      
 6756.59 62      12047    -3639.32   -3638.94   0.385541    14       435      
 6756.72 62      12048    -3639.32   -3638.94   0.385541    14       435      
 6756.84 62      12050    -3639.32   -3638.94   0.385541    14       435      
 6757.05 62      12100    -3639.32   -3638.94   0.385541    14       435      
 6761.68 63      12241    -3639.32   -3638.94   0.38265     15       439      
 6761.82 63      12242    -3639.32   -3638.94   0.38265     14       439      
 6761.99 63      12250    -3639.32   -3638.94   0.38265     13       439      
 6762.21 63      12300    -3639.32   -3638.94   0.38265     13       439      
 6762.69 64      12433    -3639.31   -3638.94   0.378053    14       439      
 6762.82 64      12434    -3639.31   -3638.94   0.378053    14       439      
 6762.98 64      12450    -3639.31   -3638.94   0.378053    14       439      
 6763.21 64      12500    -3639.31   -3638.94   0.378053    17       439      
 6773.39 65      12625    -3639.31   -3638.94   0.372889    17       449      
 6773.52 65      12626    -3639.31   -3638.94   0.372889    18       449      
 6773.71 65      12650    -3639.31   -3638.94   0.372889    17       449      
 6773.92 65      12700    -3639.31   -3638.94   0.372889    17       449      
 6780.73 66      12813    -3639.31   -3638.94   0.369999    18       455      
 6780.86 66      12814    -3639.31   -3638.94   0.369999    18       455      
 6781.08 66      12850    -3639.31   -3638.94   0.369999    18       455      
 6781.33 66      12900    -3639.31   -3638.94   0.369999    18       455      
 6786.84 67      12999    -3639.3    -3638.94   0.366658    17       460      
 6787.83 67      13000    -3639.3    -3638.94   0.366658    17       461      
 6791.44 67      13050    -3639.3    -3638.94   0.366658    16       465      
 6798.95 68      13183    -3639.25   -3638.94   0.309689    14       471      
 6799.07 68      13184    -3639.25   -3638.94   0.309689    13       471      
 6803.98 68      13200    -3639.25   -3638.94   0.309689    13       477      
 6804.19 68      13250    -3639.25   -3638.94   0.309689    13       477      
 6812.02 69      13397    -3639.24   -3638.94   0.308456    15       484      
 6812.15 69      13398    -3639.24   -3638.94   0.308456    15       484      
 6812.28 69      13400    -3639.24   -3638.94   0.308456    15       484      
 6812.5  69      13450    -3639.24   -3638.94   0.308456    15       484      
 6813.72 69      13500    -3639.24   -3638.94   0.308456    15       485      
 6817.33 70      13611    -3639.24   -3638.94   0.304324    13       488      
 6817.45 70      13612    -3639.24   -3638.94   0.304324    13       488      
 6817.69 70      13650    -3639.24   -3638.94   0.304324    15       488      
 6817.92 70      13700    -3639.24   -3638.94   0.304324    16       488      
 6830.05 71      13825    -3639.24   -3638.94   0.300021    17       499      
 6830.18 71      13826    -3639.24   -3638.94   0.300021    18       499      
 6830.36 71      13850    -3639.24   -3638.94   0.300021    15       499      
 6830.58 71      13900    -3639.24   -3638.94   0.300021    15       499      
 6838.28 72      14035    -3639.23   -3638.94   0.29854     16       505      
 6838.42 72      14036    -3639.23   -3638.94   0.29854     16       505      
 6838.58 72      14050    -3639.23   -3638.94   0.29854     17       505      
 6838.81 72      14100    -3639.23   -3638.94   0.29854     17       505      
 6852.89 73      14245    -3639.23   -3638.94   0.295809    18       515      
 6853.03 73      14246    -3639.23   -3638.94   0.295809    18       515      
 6855.9  73      14250    -3639.23   -3638.94   0.295809    18       517      
 6859.04 73      14300    -3639.23   -3638.94   0.295809    18       520      
 6865.97 74      14453    -3639.23   -3638.94   0.292373    15       525      
 6866.11 74      14454    -3639.23   -3638.94   0.292373    15       525      
 6866.25 74      14455    -3639.23   -3638.94   0.292373    15       525      
 6866.49 74      14500    -3639.23   -3638.94   0.292373    16       525      
 6874.98 74      14550    -3639.23   -3638.94   0.292373    15       532      
 6883.11 75      14659    -3639.23   -3638.94   0.289038    17       537      
 6883.26 75      14660    -3639.23   -3638.94   0.289038    18       537      
 6890.85 75      14700    -3639.23   -3638.94   0.289038    17       543      
 6891.1  75      14750    -3639.23   -3638.94   0.289038    17       543      
 6897.8  76      14863    -3639.22   -3638.94   0.286246    16       547      
 6897.95 76      14864    -3639.22   -3638.94   0.286246    17       547      
 6898.19 76      14900    -3639.22   -3638.94   0.286246    15       547      
 6898.44 76      14950    -3639.22   -3638.94   0.286246    15       547      
 6910.57 77      15065    -3639.22   -3638.94   0.28408     18       554      
 6910.72 77      15066    -3639.22   -3638.94   0.28408     17       554      
 6910.96 77      15100    -3639.22   -3638.94   0.28408     18       554      
 6911.23 77      15150    -3639.22   -3638.94   0.28408     19       554      
 6931.75 78      15267    -3639.22   -3638.94   0.281835    19       565      
 6931.91 78      15268    -3639.22   -3638.94   0.281835    19       565      
 6932.17 78      15300    -3639.22   -3638.94   0.281835    18       565      
 6932.43 78      15350    -3639.22   -3638.94   0.281835    18       565      
 6944.3  79      15467    -3639.22   -3638.94   0.280138    19       571      
 6944.47 79      15468    -3639.22   -3638.94   0.280138    19       571      
 6944.71 79      15500    -3639.22   -3638.94   0.280138    19       571      
 6944.97 79      15550    -3639.22   -3638.94   0.280138    19       571      
 6955    80      15665    -3639.21   -3638.94   0.277875    18       576      
 6955.17 80      15666    -3639.21   -3638.94   0.277875    19       576      
 6955.41 80      15700    -3639.21   -3638.94   0.277875    19       576      
 6955.68 80      15750    -3639.21   -3638.94   0.277875    19       576      
 6970.07 81      15863    -3639.21   -3638.94   0.275659    20       583      
 6970.24 81      15864    -3639.21   -3638.94   0.275659    20       583      
 6976.29 81      15900    -3639.21   -3638.94   0.275659    18       587      
 6976.56 81      15950    -3639.21   -3638.94   0.275659    18       587      
 6981.67 82      16057    -3639.21   -3638.94   0.27374     20       589      
 6981.85 82      16058    -3639.21   -3638.94   0.27374     21       589      
 6982.16 82      16100    -3639.21   -3638.94   0.27374     21       589      
 6994.58 82      16150    -3639.21   -3638.94   0.27374     23       596      
 7001.08 83      16251    -3639.21   -3638.94   0.27142     20       599      
 7001.26 83      16252    -3639.21   -3638.94   0.27142     20       599      
 7001.56 83      16300    -3639.21   -3638.94   0.27142     18       599      
 7024.26 84      16443    -3639.21   -3638.94   0.269424    20       609      
 7024.44 84      16444    -3639.21   -3638.94   0.269424    21       609      
 7027.86 84      16450    -3639.21   -3638.94   0.269424    21       611      
 7038.69 84      16500    -3639.21   -3638.94   0.269424    21       617      
 7048.26 85      16635    -3639.2    -3638.94   0.267095    19       621      
 7048.45 85      16636    -3639.2    -3638.94   0.267095    19       621      
 7048.7  85      16650    -3639.2    -3638.94   0.267095    18       621      
 7048.99 85      16700    -3639.2    -3638.94   0.267095    18       621      
 7066.42 86      16825    -3639.2    -3638.94   0.264815    18       628      
 7066.64 86      16826    -3639.2    -3638.94   0.264815    19       628      
 7068.18 86      16850    -3639.2    -3638.94   0.264815    19       629      
 7068.47 86      16900    -3639.2    -3638.94   0.264815    19       629      
 7087.11 87      17013    -3639.2    -3638.94   0.262348    18       637      
 7087.3  87      17014    -3639.2    -3638.94   0.262348    18       637      
 7087.64 87      17050    -3639.2    -3638.94   0.262348    19       637      
 7095.38 87      17100    -3639.2    -3638.94   0.262348    19       640      
 7109.09 88      17199    -3639.2    -3638.94   0.261403    22       646      
 7111.6  88      17200    -3639.2    -3638.94   0.261403    21       647      
 7130.96 88      17250    -3639.2    -3638.94   0.261403    19       659      
 7162.12 89      17383    -3639.18   -3638.94   0.246972    19       674      
 7162.32 89      17384    -3639.18   -3638.94   0.246972    18       674      
 7162.58 89      17400    -3639.18   -3638.94   0.246972    16       674      
 7162.88 89      17450    -3639.18   -3638.94   0.246972    16       674      
 7178.15 90      17575    -3639.18   -3638.94   0.24459     17       681      
 7178.35 90      17576    -3639.18   -3638.94   0.24459     17       681      
 7178.64 90      17600    -3639.18   -3638.94   0.24459     17       681      
 7186.65 90      17650    -3639.18   -3638.94   0.24459     18       685      
 7213.61 91      17765    -3639.18   -3638.94   0.242282    19       697      
 7213.83 91      17766    -3639.18   -3638.94   0.242282    19       697      
 7214.14 91      17800    -3639.18   -3638.94   0.242282    16       697      
 7223.68 91      17850    -3639.18   -3638.94   0.242282    16       701      
 7243.47 92      17953    -3639.18   -3638.94   0.23986     17       709      
 7243.64 92      17954    -3639.18   -3638.94   0.23986     16       709      
 7252.02 92      18000    -3639.18   -3638.94   0.23986     16       716      
 7265.79 93      18139    -3639.13   -3638.94   0.190306    15       726      
 7265.96 93      18140    -3639.13   -3638.94   0.190306    15       726      
 7266.16 93      18150    -3639.13   -3638.94   0.190306    14       726      
 7266.43 93      18200    -3639.13   -3638.94   0.190306    14       726      
 7276.69 93      18250    -3639.13   -3638.94   0.190306    14       734      
 7280.16 94      18367    -3639.12   -3638.94   0.18883     17       736      
 7280.33 94      18368    -3639.12   -3638.94   0.18883     17       736      
 7280.58 94      18400    -3639.12   -3638.94   0.18883     16       736      
 7280.86 94      18450    -3639.12   -3638.94   0.18883     16       736      
 7291.69 95      18593    -3639.12   -3638.94   0.186925    17       744      
 7291.86 95      18594    -3639.12   -3638.94   0.186925    17       744      
 7292.85 95      18600    -3639.12   -3638.94   0.186925    17       745      
 7293.16 95      18650    -3639.12   -3638.94   0.186925    17       745      
 7309.42 95      18700    -3639.12   -3638.94   0.186925    17       757      
 7315.94 96      18817    -3639.12   -3638.94   0.185078    17       761      
 7316.12 96      18818    -3639.12   -3638.94   0.185078    17       761      
 7316.39 96      18850    -3639.12   -3638.94   0.185078    16       761      
 7316.67 96      18900    -3639.12   -3638.94   0.185078    16       761      
 7328.85 97      19041    -3639.12   -3638.94   0.183625    17       769      
 7329.04 97      19042    -3639.12   -3638.94   0.183625    17       769      
 7329.26 97      19050    -3639.12   -3638.94   0.183625    17       769      
 7329.55 97      19100    -3639.12   -3638.94   0.183625    17       769      
 7348.41 97      19150    -3639.12   -3638.94   0.183625    17       781      
 7350.96 98      19263    -3639.12   -3638.94   0.182178    18       782      
 7351.16 98      19264    -3639.12   -3638.94   0.182178    18       782      
 7351.44 98      19300    -3639.12   -3638.94   0.182178    17       782      
 7351.74 98      19350    -3639.12   -3638.94   0.182178    17       782      
 7365.52 99      19485    -3639.12   -3638.94   0.180541    14       790      
 7365.72 99      19486    -3639.12   -3638.94   0.180541    14       790      
 7365.98 99      19500    -3639.12   -3638.94   0.180541    15       790      
 7366.33 99      19550    -3639.12   -3638.94   0.180541    17       790      
 7388.3  100     19705    -3639.12   -3638.94   0.179124    18       802      
 7388.5  100     19706    -3639.12   -3638.94   0.179124    17       802      
 7388.71 100     19707    -3639.12   -3638.94   0.179124    15       802      
 7389.04 100     19750    -3639.12   -3638.94   0.179124    16       802      
 7389.35 100     19800    -3639.12   -3638.94   0.179124    16       802      
 7398.85 101     19923    -3639.11   -3638.94   0.177793    18       807      
 7399.06 101     19924    -3639.11   -3638.94   0.177793    18       807      
 7399.36 101     19950    -3639.11   -3638.94   0.177793    20       807      
 7399.68 101     20000    -3639.11   -3638.94   0.177793    20       807      
 7411.05 102     20139    -3639.11   -3638.94   0.177248    20       813      
 7411.27 102     20140    -3639.11   -3638.94   0.177248    20       813      
 7411.53 102     20150    -3639.11   -3638.94   0.177248    20       813      
 7411.89 102     20200    -3639.11   -3638.94   0.177248    22       813      
 7428.08 103     20355    -3639.11   -3638.94   0.176393    21       821      
 7428.31 103     20356    -3639.11   -3638.94   0.176393    21       821      
 7428.53 103     20357    -3639.11   -3638.94   0.176393    20       821      
 7428.88 103     20400    -3639.11   -3638.94   0.176393    21       821      
 7429.22 103     20450    -3639.11   -3638.94   0.176393    21       821      
 7440.38 104     20571    -3639.11   -3638.94   0.173707    15       827      
 7440.6  104     20572    -3639.11   -3638.94   0.173707    16       827      
 7445.22 104     20600    -3639.11   -3638.94   0.173707    17       830      
 7445.58 104     20650    -3639.11   -3638.94   0.173707    17       830      
 7465.67 105     20787    -3639.11   -3638.94   0.171628    17       841      
 7465.9  105     20788    -3639.11   -3638.94   0.171628    17       841      
 7466.16 105     20800    -3639.11   -3638.94   0.171628    15       841      
 7466.5  105     20850    -3639.11   -3638.94   0.171628    15       841      
 7482.92 106     21001    -3639.11   -3638.94   0.170565    19       849      
 7483.15 106     21002    -3639.11   -3638.94   0.170565    18       849      
 7483.38 106     21003    -3639.11   -3638.94   0.170565    17       849      
 7483.74 106     21050    -3639.11   -3638.94   0.170565    18       849      
 7486.12 106     21100    -3639.11   -3638.94   0.170565    18       850      
 7498.8  107     21213    -3639.11   -3638.94   0.169573    19       856      
 7499.04 107     21214    -3639.11   -3638.94   0.169573    19       856      
 7499.37 107     21250    -3639.11   -3638.94   0.169573    18       856      
 7499.79 107     21300    -3639.11   -3638.94   0.169573    19       856      
 7526.59 108     21425    -3639.1    -3638.94   0.168309    19       869      
 7526.83 108     21426    -3639.1    -3638.94   0.168309    19       869      
 7527.15 108     21450    -3639.1    -3638.94   0.168309    18       869      
 7527.51 108     21500    -3639.1    -3638.94   0.168309    18       869      
 7545.65 109     21635    -3639.1    -3638.94   0.167274    18       877      
 7545.9  109     21636    -3639.1    -3638.94   0.167274    18       877      
 7546.2  109     21650    -3639.1    -3638.94   0.167274    18       877      
 7546.56 109     21700    -3639.1    -3638.94   0.167274    18       877      
 7558.43 110     21843    -3639.1    -3638.94   0.166679    21       882      
 7558.69 110     21844    -3639.1    -3638.94   0.166679    21       882      
 7558.98 110     21850    -3639.1    -3638.94   0.166679    21       882      
 7559.35 110     21900    -3639.1    -3638.94   0.166679    21       882      
 7571.57 111     22051    -3639.1    -3638.94   0.166079    22       887      
 7571.83 111     22052    -3639.1    -3638.94   0.166079    21       887      
 7572.09 111     22053    -3639.1    -3638.94   0.166079    20       887      
 7572.49 111     22100    -3639.1    -3638.94   0.166079    21       887      
 7579.69 111     22150    -3639.1    -3638.94   0.166079    21       890      
 7588.53 112     22259    -3639.1    -3638.94   0.163634    14       894      
 7588.78 112     22260    -3639.1    -3638.94   0.163634    15       894      
 7589.18 112     22300    -3639.1    -3638.94   0.163634    15       894      
 7601.7  112     22350    -3639.1    -3638.94   0.163634    17       900      
 7623.1  113     22467    -3639.1    -3638.94   0.16212     16       909      
 7623.36 113     22468    -3639.1    -3638.94   0.16212     16       909      
 7623.7  113     22500    -3639.1    -3638.94   0.16212     16       909      
 7624.08 113     22550    -3639.1    -3638.94   0.16212     16       909      
 7638.73 114     22673    -3639.1    -3638.94   0.160871    18       915      
 7639    114     22674    -3639.1    -3638.94   0.160871    18       915      
 7639.39 114     22700    -3639.1    -3638.94   0.160871    20       915      
 7639.82 114     22750    -3639.1    -3638.94   0.160871    21       915      
 7657.18 115     22877    -3639.1    -3638.94   0.16034     20       922      
 7657.44 115     22878    -3639.1    -3638.94   0.16034     20       922      
 7657.82 115     22900    -3639.1    -3638.94   0.16034     20       922      
 7658.25 115     22950    -3639.1    -3638.94   0.16034     20       922      
 7694.38 116     23079    -3639.1    -3638.94   0.159546    19       937      
 7694.65 116     23080    -3639.1    -3638.94   0.159546    19       937      
 7695    116     23100    -3639.1    -3638.94   0.159546    18       937      
 7695.39 116     23150    -3639.1    -3638.94   0.159546    18       937      
 7705.7  117     23281    -3639.1    -3638.94   0.1589      18       941      
 7705.97 117     23282    -3639.1    -3638.94   0.1589      18       941      
 7706.34 117     23300    -3639.1    -3638.94   0.1589      18       941      
 7706.75 117     23350    -3639.1    -3638.94   0.1589      19       941      
 7741.64 118     23483    -3639.09   -3638.94   0.157607    20       954      
 7741.93 118     23484    -3639.09   -3638.94   0.157607    21       954      
 7742.3  118     23500    -3639.09   -3638.94   0.157607    19       954      
 7742.7  118     23550    -3639.09   -3638.94   0.157607    19       954      
 7755.97 119     23683    -3639.09   -3638.94   0.157006    21       959      
 7756.26 119     23684    -3639.09   -3638.94   0.157006    21       959      
 7756.63 119     23700    -3639.09   -3638.94   0.157006    20       959      
 7757.05 119     23750    -3639.09   -3638.94   0.157006    20       959      
 7778.99 120     23883    -3639.09   -3638.94   0.155106    20       968      
 7779.28 120     23884    -3639.09   -3638.94   0.155106    20       968      
 7779.62 120     23900    -3639.09   -3638.94   0.155106    20       968      
 7780.03 120     23950    -3639.09   -3638.94   0.155106    20       968      
 7788.1  121     24081    -3639.09   -3638.94   0.154281    20       971      
 7788.4  121     24082    -3639.09   -3638.94   0.154281    20       971      
 7788.8  121     24100    -3639.09   -3638.94   0.154281    20       971      
 7789.24 121     24150    -3639.09   -3638.94   0.154281    20       971      
 7812.7  122     24279    -3639.09   -3638.94   0.153449    21       980      
 7813    122     24280    -3639.09   -3638.94   0.153449    21       980      
 7813.39 122     24300    -3639.09   -3638.94   0.153449    21       980      
 7813.82 122     24350    -3639.09   -3638.94   0.153449    21       980      
 7836.8  123     24475    -3639.09   -3638.94   0.152993    21       988      
 7837.11 123     24476    -3639.09   -3638.94   0.152993    21       988      
 7837.51 123     24500    -3639.09   -3638.94   0.152993    21       988      
 7841.65 123     24550    -3639.09   -3638.94   0.152993    22       990      
 7894.98 124     24671    -3639.09   -3638.94   0.151988    23       1009     
 7895.3  124     24672    -3639.09   -3638.94   0.151988    23       1009     
 7895.75 124     24700    -3639.09   -3638.94   0.151988    24       1009     
 7896.19 124     24750    -3639.09   -3638.94   0.151988    24       1009     
 7912.34 125     24865    -3639.09   -3638.94   0.151505    22       1014     
 7912.66 125     24866    -3639.09   -3638.94   0.151505    22       1014     
 7913.12 125     24900    -3639.09   -3638.94   0.151505    21       1014     
 7913.58 125     24950    -3639.09   -3638.94   0.151505    21       1014     
 7937.19 126     25059    -3639.09   -3638.94   0.15077     21       1022     
 7937.51 126     25060    -3639.09   -3638.94   0.15077     21       1022     
 7945.92 126     25100    -3639.09   -3638.94   0.15077     22       1026     
 7961.91 126     25150    -3639.09   -3638.94   0.15077     22       1031     
 7975.66 127     25251    -3639.09   -3638.94   0.150202    22       1035     
 7975.99 127     25252    -3639.09   -3638.94   0.150202    22       1035     
 7976.52 127     25300    -3639.09   -3638.94   0.150202    21       1035     
 8009.41 128     25445    -3639.08   -3638.94   0.148131    19       1045     
 8009.74 128     25446    -3639.08   -3638.94   0.148131    19       1045     
 8010.1  128     25450    -3639.08   -3638.94   0.148131    21       1045     
 8010.59 128     25500    -3639.08   -3638.94   0.148131    21       1045     
 8026.57 129     25637    -3639.08   -3638.94   0.147354    17       1050     
 8026.9  129     25638    -3639.08   -3638.94   0.147354    17       1050     
 8027.29 129     25650    -3639.08   -3638.94   0.147354    17       1050     
 8027.74 129     25700    -3639.08   -3638.94   0.147354    17       1050     
 8034.38 130     25827    -3639.08   -3638.94   0.146713    20       1052     
 8034.72 130     25828    -3639.08   -3638.94   0.146713    20       1052     
 8037.59 130     25850    -3639.08   -3638.94   0.146713    21       1053     
 8038.07 130     25900    -3639.08   -3638.94   0.146713    22       1053     
 8091.12 131     26015    -3639.08   -3638.94   0.146073    21       1070     
 8091.47 131     26016    -3639.08   -3638.94   0.146073    21       1070     
 8091.95 131     26050    -3639.08   -3638.94   0.146073    20       1070     
 8092.44 131     26100    -3639.08   -3638.94   0.146073    20       1070     
 8109.74 132     26203    -3639.08   -3638.94   0.145699    21       1075     
 8110.09 132     26204    -3639.08   -3638.94   0.145699    21       1075     
 8110.66 132     26250    -3639.08   -3638.94   0.145699    23       1075     
 8156.41 133     26389    -3639.08   -3638.94   0.145555    22       1089     
 8156.78 133     26390    -3639.08   -3638.94   0.145555    22       1089     
 8157.18 133     26400    -3639.08   -3638.94   0.145555    22       1089     
 8157.7  133     26450    -3639.08   -3638.94   0.145555    22       1089     
 8186.42 134     26575    -3639.08   -3638.94   0.144632    22       1097     
 8186.79 134     26576    -3639.08   -3638.94   0.144632    22       1097     
 8187.27 134     26600    -3639.08   -3638.94   0.144632    22       1097     
 8187.78 134     26650    -3639.08   -3638.94   0.144632    22       1097     
 8218.52 135     26761    -3639.08   -3638.94   0.143817    21       1106     
 8218.89 135     26762    -3639.08   -3638.94   0.143817    21       1106     
 8219.47 135     26800    -3639.08   -3638.94   0.143817    22       1106     
 8234.96 135     26850    -3639.08   -3638.94   0.143817    20       1110     
 8247.2  136     26945    -3639.08   -3638.94   0.143061    24       1113     
 8263.92 136     26950    -3639.08   -3638.94   0.143061    21       1118     
 8266.82 136     27000    -3639.08   -3638.94   0.143061    22       1119     
 8286.35 137     27129    -3639.07   -3638.94   0.133695    20       1125     
 8286.69 137     27130    -3639.07   -3638.94   0.133695    20       1125     
 8287.09 137     27150    -3639.07   -3638.94   0.133695    19       1125     
 8291.35 137     27200    -3639.07   -3638.94   0.133695    20       1127     
 8318.86 138     27323    -3639.07   -3638.94   0.133001    20       1136     
 8319.21 138     27324    -3639.07   -3638.94   0.133001    20       1136     
 8319.71 138     27350    -3639.07   -3638.94   0.133001    21       1136     
 8320.23 138     27400    -3639.07   -3638.94   0.133001    21       1136     
 8343.18 139     27517    -3639.07   -3638.94   0.132041    22       1143     
 8343.52 139     27518    -3639.07   -3638.94   0.132041    22       1143     
 8344.01 139     27550    -3639.07   -3638.94   0.132041    19       1143     
 8344.55 139     27600    -3639.07   -3638.94   0.132041    20       1143     
 8364.9  140     27709    -3639.07   -3638.94   0.131398    20       1149     
 8365.26 140     27710    -3639.07   -3638.94   0.131398    20       1149     
 8367.87 140     27750    -3639.07   -3638.94   0.131398    19       1150     
 8371.69 140     27800    -3639.07   -3638.94   0.131398    19       1151     
 8384.54 141     27901    -3639.07   -3638.94   0.130206    17       1155     
 8384.89 141     27902    -3639.07   -3638.94   0.130206    17       1155     
 8392.02 141     27950    -3639.07   -3638.94   0.130206    18       1158     
 8447.99 142     28091    -3639.07   -3638.94   0.129587    20       1177     
 8448.35 142     28092    -3639.07   -3638.94   0.129587    20       1177     
 8448.79 142     28100    -3639.07   -3638.94   0.129587    21       1177     
 8449.36 142     28150    -3639.07   -3638.94   0.129587    19       1177     
 8483.58 143     28279    -3639.07   -3638.94   0.129053    22       1187     
 8483.97 143     28280    -3639.07   -3638.94   0.129053    22       1187     
 8502.1  143     28300    -3639.07   -3638.94   0.129053    21       1193     
 8518.06 143     28350    -3639.07   -3638.94   0.129053    22       1198     
 8560.07 144     28467    -3639.06   -3638.94   0.128384    22       1210     
 8560.46 144     28468    -3639.06   -3638.94   0.128384    22       1210     
 8560.97 144     28500    -3639.06   -3638.94   0.128384    20       1210     
 8561.54 144     28550    -3639.06   -3638.94   0.128384    22       1210     
 8596.35 145     28653    -3639.06   -3638.94   0.12802     23       1219     
 8596.75 145     28654    -3639.06   -3638.94   0.12802     23       1219     
 8597.33 145     28700    -3639.06   -3638.94   0.12802     22       1219     
 8620.48 146     28839    -3639.06   -3638.94   0.127591    22       1225     
 8624.83 146     28840    -3639.06   -3638.94   0.127591    23       1226     
 8646.62 146     28850    -3639.06   -3638.94   0.127591    24       1233     
 8647.22 146     28900    -3639.06   -3638.94   0.127591    24       1233     
 8690.83 147     29025    -3639.06   -3638.94   0.126466    22       1244     
 8694.37 147     29026    -3639.06   -3638.94   0.126466    23       1245     
 8706.79 147     29050    -3639.06   -3638.94   0.126466    23       1250     
 8707.29 147     29100    -3639.06   -3638.94   0.126466    23       1250     
 8720.05 148     29209    -3639.05   -3638.94   0.110107    17       1254     
 8720.38 148     29210    -3639.05   -3638.94   0.110107    17       1254     
 8720.89 148     29250    -3639.05   -3638.94   0.110107    20       1254     
 8724.16 148     29300    -3639.05   -3638.94   0.110107    19       1255     
 8762.86 149     29419    -3639.05   -3638.94   0.109641    26       1268     
 8763.22 149     29420    -3639.05   -3638.94   0.109641    25       1268     
 8763.68 149     29450    -3639.05   -3638.94   0.109641    24       1268     
 8764.2  149     29500    -3639.05   -3638.94   0.109641    26       1268     
 8788.68 150     29627    -3639.05   -3638.94   0.109279    19       1276     
 8789.04 150     29628    -3639.05   -3638.94   0.109279    19       1276     
 8789.5  150     29650    -3639.05   -3638.94   0.109279    20       1276     
 8790.04 150     29700    -3639.05   -3638.94   0.109279    21       1276     
 8829.09 151     29835    -3639.04   -3638.94   0.10849     21       1288     
 8829.46 151     29836    -3639.04   -3638.94   0.10849     21       1288     
 8836.55 151     29850    -3639.04   -3638.94   0.10849     22       1291     
 8842.48 151     29900    -3639.04   -3638.94   0.10849     24       1293     
 8935.55 152     30043    -3639.04   -3638.94   0.107663    21       1321     
 8935.93 152     30044    -3639.04   -3638.94   0.107663    21       1321     
 8936.36 152     30050    -3639.04   -3638.94   0.107663    19       1321     
 8936.89 152     30100    -3639.04   -3638.94   0.107663    19       1321     
 8972.65 153     30249    -3639.04   -3638.94   0.107153    22       1331     
 8973.05 153     30250    -3639.04   -3638.94   0.107153    22       1331     
 8973.45 153     30251    -3639.04   -3638.94   0.107153    21       1331     
 8974.02 153     30300    -3639.04   -3638.94   0.107153    20       1331     
 8988.6  153     30350    -3639.04   -3638.94   0.107153    21       1335     
 8992.64 154     30455    -3639.04   -3638.94   0.106731    23       1336     
 8993.03 154     30456    -3639.04   -3638.94   0.106731    23       1336     
 9013.09 154     30500    -3639.04   -3638.94   0.106731    24       1343     
 9034.34 154     30550    -3639.04   -3638.94   0.106731    24       1349     
 9057.48 155     30659    -3639.04   -3638.94   0.106468    25       1355     
 9057.88 155     30660    -3639.04   -3638.94   0.106468    25       1355     
 9058.5  155     30700    -3639.04   -3638.94   0.106468    23       1355     
 9059.1  155     30750    -3639.04   -3638.94   0.106468    23       1355     
 9087.11 156     30863    -3639.04   -3638.94   0.106065    28       1363     
 9087.53 156     30864    -3639.04   -3638.94   0.106065    28       1363     
 9088.16 156     30900    -3639.04   -3638.94   0.106065    26       1363     
 9088.72 156     30950    -3639.04   -3638.94   0.106065    26       1363     
 9128.56 157     31065    -3639.04   -3638.94   0.105839    25       1374     
 9128.99 157     31066    -3639.04   -3638.94   0.105839    25       1374     
 9129.57 157     31100    -3639.04   -3638.94   0.105839    25       1374     
 9130.15 157     31150    -3639.04   -3638.94   0.105839    25       1374     
 9141.84 158     31267    -3639.04   -3638.94   0.105661    24       1377     
 9142.26 158     31268    -3639.04   -3638.94   0.105661    24       1377     
 9142.83 158     31300    -3639.04   -3638.94   0.105661    24       1377     
 9143.42 158     31350    -3639.04   -3638.94   0.105661    24       1377     
 9166.87 159     31469    -3639.04   -3638.94   0.104389    22       1383     
 9167.28 159     31470    -3639.04   -3638.94   0.104389    22       1383     
 9167.86 159     31500    -3639.04   -3638.94   0.104389    23       1383     
 9168.51 159     31550    -3639.04   -3638.94   0.104389    23       1383     
 9209.12 160     31671    -3639.04   -3638.94   0.104096    23       1394     
 9209.54 160     31672    -3639.04   -3638.94   0.104096    23       1394     
 9210.05 160     31700    -3639.04   -3638.94   0.104096    22       1394     
 9210.62 160     31750    -3639.04   -3638.94   0.104096    22       1394     
 9232.75 161     31873    -3639.04   -3638.94   0.103642    27       1400     
 9233.17 161     31874    -3639.04   -3638.94   0.103642    27       1400     
 9233.68 161     31900    -3639.04   -3638.94   0.103642    24       1400     
 9234.27 161     31950    -3639.04   -3638.94   0.103642    25       1400     
 9253.71 162     32075    -3639.04   -3638.94   0.103265    23       1405     
 9254.13 162     32076    -3639.04   -3638.94   0.103265    23       1405     
 9254.63 162     32100    -3639.04   -3638.94   0.103265    23       1405     
 9255.21 162     32150    -3639.04   -3638.94   0.103265    23       1405     
 9277.32 163     32275    -3639.04   -3638.94   0.10288     22       1411     
 9277.75 163     32276    -3639.04   -3638.94   0.10288     22       1411     
 9278.29 163     32300    -3639.04   -3638.94   0.10288     24       1411     
 9278.91 163     32350    -3639.04   -3638.94   0.10288     24       1411     
 9321.14 164     32475    -3639.04   -3638.94   0.102263    25       1421     
 9321.58 164     32476    -3639.04   -3638.94   0.102263    25       1421     
 9322.12 164     32500    -3639.04   -3638.94   0.102263    25       1421     
 9322.71 164     32550    -3639.04   -3638.94   0.102263    25       1421     
 9341.18 165     32675    -3639.04   -3638.94   0.101834    21       1426     
 9341.61 165     32676    -3639.04   -3638.94   0.101834    21       1426     
 9342.15 165     32700    -3639.04   -3638.94   0.101834    22       1426     
 9342.72 165     32750    -3639.04   -3638.94   0.101834    22       1426     
 9372.17 166     32873    -3639.04   -3638.94   0.101585    24       1433     
 9372.61 166     32874    -3639.04   -3638.94   0.101585    24       1433     
 9373.17 166     32900    -3639.04   -3638.94   0.101585    24       1433     
 9373.78 166     32950    -3639.04   -3638.94   0.101585    24       1433     
 9393.39 167     33071    -3639.04   -3638.94   0.101209    24       1438     
 9393.83 167     33072    -3639.04   -3638.94   0.101209    24       1438     
 9412.19 167     33100    -3639.04   -3638.94   0.101209    24       1443     
 9431.31 167     33150    -3639.04   -3638.94   0.101209    25       1448     
 9484.89 168     33267    -3639.04   -3638.94   0.101002    24       1461     
 9485.35 168     33268    -3639.04   -3638.94   0.101002    24       1461     
 9494.75 168     33300    -3639.04   -3638.94   0.101002    24       1464     
 9495.39 168     33350    -3639.04   -3638.94   0.101002    24       1464     
 9519.61 169     33463    -3639.04   -3638.94   0.100616    27       1469     
 9520.07 169     33464    -3639.04   -3638.94   0.100616    27       1469     
 9520.69 169     33500    -3639.04   -3638.94   0.100616    26       1469     
 9525.23 169     33550    -3639.04   -3638.94   0.100616    25       1470     
 9551.5  170     33659    -3639.04   -3638.94   0.099676    24       1477     
 9551.95 170     33660    -3639.04   -3638.94   0.099676    24       1477     
 9610.3  170     33700    -3639.04   -3638.94   0.099676    25       1491     
 9689.78 170     33750    -3639.04   -3638.94   0.099676    25       1509     
 9712.51 171     33855    -3639.04   -3638.94   0.0993873   28       1514     
 9713    171     33856    -3639.04   -3638.94   0.0993873   28       1514     
 9713.75 171     33900    -3639.04   -3638.94   0.0993873   27       1514     
 9752.33 171     33950    -3639.04   -3638.94   0.0993873   25       1523     
 9758.76 172     34049    -3639.04   -3638.94   0.098941    27       1524     
 9759.25 172     34050    -3639.04   -3638.94   0.098941    27       1524     
 9762.19 172     34100    -3639.04   -3638.94   0.098941    27       1525     
 9810.25 173     34243    -3639.03   -3638.94   0.098441    25       1534     
 9810.74 173     34244    -3639.03   -3638.94   0.098441    25       1534     
 9811.29 173     34250    -3639.03   -3638.94   0.098441    25       1534     
 9811.96 173     34300    -3639.03   -3638.94   0.098441    25       1534     
 9833.76 174     34437    -3639.03   -3638.94   0.0979789   22       1538     
 9834.24 174     34438    -3639.03   -3638.94   0.0979789   22       1538     
 9847.31 174     34450    -3639.03   -3638.94   0.0979789   23       1541     
 9866.76 174     34500    -3639.03   -3638.94   0.0979789   24       1546     
 9910.68 175     34629    -3639.03   -3638.94   0.0975733   26       1554     
 9911.19 175     34630    -3639.03   -3638.94   0.0975733   26       1554     
 9911.84 175     34650    -3639.03   -3638.94   0.0975733   24       1554     
 9912.51 175     34700    -3639.03   -3638.94   0.0975733   24       1554     
 9972.33 176     34821    -3639.03   -3638.94   0.0972676   24       1565     
 9978.98 176     34822    -3639.03   -3638.94   0.0972676   25       1566     
 10010.6 176     34850    -3639.03   -3638.94   0.0972676   27       1572     
-------------------------------------------------------------------------------

SARSOP finishing ...
  Preset timeout reached
  Timeout     : 10000.000000s
  Actual Time : 10010.570000s

-------------------------------------------------------------------------------
 Time   |#Trial |#Backup |LBound    |UBound    |Precision  |#Alphas |#Beliefs  
-------------------------------------------------------------------------------
 10010.6 176     34850    -3639.03   -3638.94   0.0972676   27       1572     
-------------------------------------------------------------------------------

Writing out policy ...
  output file : RAM4_small/3765a90d07.policyx

