
Loading the model ...
  input file   : /home/rstudio/RAM4_small/37729c8ca5.pomdpx
  loading time : 4.15s 

SARSOP initializing ...
  initialization time : 6078.81s

-------------------------------------------------------------------------------
 Time   |#Trial |#Backup |LBound    |UBound    |Precision  |#Alphas |#Beliefs  
-------------------------------------------------------------------------------
 6078.81 0       0        -221.606   -207.128   14.4779     101      1        
 6080.72 1       79       -213.012   -207.505   5.50641     9        30       
 6081.13 1       100      -213.012   -207.505   5.50641     26       39       
 6081.57 2       159      -211.696   -207.505   4.19067     6        43       
 6081.76 2       200      -211.696   -207.505   4.19067     24       47       
 6081.92 3       250      -210.825   -207.505   3.31952     22       48       
 6082.58 4       333      -210.08    -207.505   2.57495     12       58       
 6082.61 4       350      -210.08    -207.505   2.57495     24       58       
 6083.4  5       427      -209.623   -207.505   2.11798     16       68       
 6083.44 5       450      -209.623   -207.505   2.11798     32       68       
 6083.86 6       527      -209.277   -207.505   1.77135     19       73       
 6083.91 6       550      -209.277   -207.505   1.77135     26       73       
 6084.61 7       633      -209.016   -207.505   1.51035     66       81       
 6085.15 7       650      -209.016   -207.505   1.51035     22       89       
 6086.26 8       743      -208.811   -207.505   1.30566     34       97       
 6086.43 8       750      -208.811   -207.505   1.30566     21       99       
 6088.7  9       800      -208.811   -207.505   1.30566     20       117      
 6088.92 9       857      -208.648   -207.505   1.14266     24       117      
 6089.01 9       900      -208.648   -207.505   1.14266     20       117      
 6089.47 10      977      -208.546   -207.505   1.04053     14       121      
 6089.52 10      1000     -208.546   -207.505   1.04053     11       121      
 6090.04 11      1101     -208.458   -207.505   0.9529      13       126      
 6090.06 11      1102     -208.458   -207.505   0.9529      13       126      
 6090.87 11      1150     -208.458   -207.505   0.9529      11       134      
 6092.54 12      1227     -208.385   -207.505   0.879873    14       144      
 6093.09 12      1250     -208.385   -207.505   0.879873    10       149      
 6093.96 13      1355     -208.321   -207.505   0.815232    14       154      
 6093.99 13      1356     -208.321   -207.505   0.815232    14       154      
 6094.07 13      1400     -208.321   -207.505   0.815232    11       154      
 6094.58 14      1483     -208.264   -207.505   0.758721    9        158      
 6094.63 14      1500     -208.264   -207.505   0.758721    6        158      
 6095.64 15      1611     -208.202   -207.505   0.696839    8        167      
 6095.67 15      1612     -208.202   -207.505   0.696839    7        167      
 6095.75 15      1650     -208.202   -207.505   0.696839    6        167      
 6096.15 16      1735     -208.143   -207.505   0.637377    7        170      
 6096.21 16      1750     -208.143   -207.505   0.637377    6        170      
 6096.81 17      1863     -208.105   -207.505   0.599286    7        175      
 6096.85 17      1864     -208.105   -207.505   0.599286    7        175      
 6096.93 17      1900     -208.105   -207.505   0.599286    7        175      
 6097.38 18      1993     -208.064   -207.506   0.55851     8        178      
 6097.42 18      2000     -208.064   -207.506   0.55851     6        178      
 6097.96 18      2050     -208.064   -207.506   0.55851     7        183      
 6098.58 19      2123     -208.038   -207.506   0.532738    9        187      
 6098.66 19      2150     -208.038   -207.506   0.532738    7        187      
 6099.24 20      2255     -208.018   -207.506   0.51275     8        191      
 6099.28 20      2256     -208.018   -207.506   0.51275     8        191      
 6099.37 20      2300     -208.018   -207.506   0.51275     7        191      
 6099.83 21      2389     -207.992   -207.506   0.486895    8        194      
 6099.88 21      2400     -207.992   -207.506   0.486895    6        194      
 6100.52 21      2450     -207.992   -207.506   0.486895    7        201      
 6100.95 22      2521     -207.966   -207.506   0.460526    8        203      
 6101.03 22      2550     -207.966   -207.506   0.460526    7        203      
 6101.53 23      2655     -207.945   -207.506   0.43948     6        206      
 6101.56 23      2656     -207.945   -207.506   0.43948     5        206      
 6101.65 23      2700     -207.945   -207.506   0.43948     6        206      
 6102.01 24      2787     -207.925   -207.506   0.419425    8        208      
 6102.07 24      2800     -207.925   -207.506   0.419425    7        208      
 6102.73 24      2850     -207.925   -207.506   0.419425    7        214      
 6103.36 25      2921     -207.906   -207.506   0.400211    8        217      
 6103.44 25      2950     -207.906   -207.506   0.400211    7        217      
 6103.98 26      3055     -207.888   -207.506   0.38263     6        220      
 6104.02 26      3056     -207.888   -207.506   0.38263     6        220      
 6104.29 26      3100     -207.888   -207.506   0.38263     7        222      
 6104.96 27      3189     -207.87    -207.506   0.364948    8        226      
 6105.44 27      3200     -207.87    -207.506   0.364948    7        231      
 6105.55 27      3250     -207.87    -207.506   0.364948    7        231      
 6106.17 28      3321     -207.854   -207.506   0.348121    10       234      
 6106.25 28      3350     -207.854   -207.506   0.348121    9        234      
 6106.93 29      3455     -207.841   -207.506   0.335694    8        238      
 6106.98 29      3456     -207.841   -207.506   0.335694    8        238      
 6107.08 29      3500     -207.841   -207.506   0.335694    9        238      
 6107.78 30      3589     -207.829   -207.506   0.323488    8        242      
 6107.84 30      3600     -207.829   -207.506   0.323488    7        242      
 6107.94 30      3650     -207.829   -207.506   0.323488    6        242      
 6108.48 31      3723     -207.817   -207.506   0.311011    8        245      
 6108.56 31      3750     -207.817   -207.506   0.311011    9        245      
 6109.74 32      3859     -207.804   -207.506   0.298327    10       252      
 6109.79 32      3860     -207.804   -207.506   0.298327    10       252      
 6109.88 32      3900     -207.804   -207.506   0.298327    10       252      
 6110.58 33      3995     -207.795   -207.506   0.28952     11       256      
 6111.37 33      4000     -207.795   -207.506   0.28952     10       261      
 6113    33      4050     -207.795   -207.506   0.28952     11       271      
 6115.29 34      4129     -207.781   -207.506   0.275128    10       280      
 6115.37 34      4150     -207.781   -207.506   0.275128    11       280      
 6116.75 35      4263     -207.772   -207.506   0.265977    10       286      
 6116.81 35      4264     -207.772   -207.506   0.265977    10       286      
 6116.9  35      4300     -207.772   -207.506   0.265977    11       286      
 6118.1  36      4399     -207.763   -207.506   0.257398    8        292      
 6118.16 36      4400     -207.763   -207.506   0.257398    8        292      
 6118.27 36      4450     -207.763   -207.506   0.257398    8        292      
 6119.25 37      4535     -207.753   -207.506   0.247833    8        297      
 6119.33 37      4550     -207.753   -207.506   0.247833    8        297      
 6120.3  37      4600     -207.753   -207.506   0.247833    10       302      
 6120.85 38      4671     -207.745   -207.506   0.23967     10       304      
 6120.94 38      4700     -207.745   -207.506   0.23967     9        304      
 6122.16 39      4807     -207.738   -207.506   0.232159    10       310      
 6122.22 39      4808     -207.738   -207.506   0.232159    11       310      
 6122.33 39      4850     -207.738   -207.506   0.232159    10       310      
 6122.84 40      4943     -207.732   -207.506   0.226063    10       312      
 6122.91 40      4950     -207.732   -207.506   0.226063    10       312      
 6123.02 40      5000     -207.732   -207.506   0.226063    10       312      
 6123.24 41      5079     -207.726   -207.506   0.220218    10       312      
 6123.33 41      5100     -207.726   -207.506   0.220218    9        312      
 6124.32 42      5215     -207.721   -207.506   0.215099    9        317      
 6124.37 42      5216     -207.721   -207.506   0.215099    10       317      
 6124.67 42      5250     -207.721   -207.506   0.215099    10       319      
 6125.75 43      5349     -207.717   -207.506   0.211394    11       324      
 6125.81 43      5350     -207.717   -207.506   0.211394    12       324      
 6126.38 43      5400     -207.717   -207.506   0.211394    11       327      
 6127.68 44      5483     -207.709   -207.506   0.202939    8        333      
 6127.76 44      5500     -207.709   -207.506   0.202939    8        333      
 6127.99 44      5550     -207.709   -207.506   0.202939    9        334      
 6128.18 45      5619     -207.703   -207.506   0.197431    10       334      
 6128.27 45      5650     -207.703   -207.506   0.197431    10       334      
 6129.36 46      5755     -207.697   -207.506   0.19147     11       340      
 6129.42 46      5756     -207.697   -207.506   0.19147     11       340      
 6129.53 46      5800     -207.697   -207.506   0.19147     11       340      
 6130.53 47      5891     -207.692   -207.506   0.186517    11       345      
 6130.61 47      5900     -207.692   -207.506   0.186517    11       345      
 6130.72 47      5950     -207.692   -207.506   0.186517    11       345      
 6131.58 48      6027     -207.685   -207.506   0.179811    10       349      
 6131.67 48      6050     -207.685   -207.506   0.179811    10       349      
 6132.63 49      6163     -207.681   -207.506   0.175624    13       353      
 6132.69 49      6164     -207.681   -207.506   0.175624    14       353      
 6132.8  49      6200     -207.681   -207.506   0.175624    12       353      
 6133.72 50      6299     -207.676   -207.506   0.170158    11       357      
 6133.78 50      6300     -207.676   -207.506   0.170158    10       357      
 6133.91 50      6350     -207.676   -207.506   0.170158    10       357      
 6135.45 51      6435     -207.671   -207.506   0.165849    12       364      
 6136.14 51      6450     -207.671   -207.506   0.165849    11       368      
 6137.11 51      6500     -207.671   -207.506   0.165849    12       372      
 6137.84 52      6571     -207.666   -207.506   0.160517    10       374      
 6137.94 52      6600     -207.666   -207.506   0.160517    10       374      
 6139.67 53      6707     -207.662   -207.506   0.156182    10       381      
 6139.73 53      6708     -207.662   -207.506   0.156182    10       381      
 6139.85 53      6750     -207.662   -207.506   0.156182    10       381      
 6141.11 54      6843     -207.658   -207.506   0.152521    9        386      
 6141.19 54      6850     -207.658   -207.506   0.152521    9        386      
 6141.31 54      6900     -207.658   -207.506   0.152521    10       386      
 6142.76 55      6977     -207.655   -207.506   0.149381    10       392      
 6142.86 55      7000     -207.655   -207.506   0.149381    10       392      
 6144.3  56      7111     -207.651   -207.506   0.145802    10       398      
 6144.37 56      7112     -207.651   -207.506   0.145802    11       398      
 6144.5  56      7150     -207.651   -207.506   0.145802    12       398      
 6146.1  57      7247     -207.648   -207.506   0.142752    9        404      
 6146.18 57      7250     -207.648   -207.506   0.142752    9        404      
 6146.31 57      7300     -207.648   -207.506   0.142752    9        404      
 6148.39 58      7381     -207.646   -207.506   0.140556    11       412      
 6150.43 58      7400     -207.646   -207.506   0.140556    11       420      
 6152.69 59      7515     -207.641   -207.506   0.13578     12       426      
 6152.99 59      7516     -207.641   -207.506   0.13578     13       427      
 6154.31 59      7550     -207.641   -207.506   0.13578     12       432      
 6156.69 60      7651     -207.638   -207.506   0.132543    12       439      
 6157.04 60      7652     -207.638   -207.506   0.132543    11       440      
 6158.81 60      7700     -207.638   -207.506   0.132543    11       446      
 6162.3  61      7787     -207.634   -207.506   0.128774    13       456      
 6164.66 61      7800     -207.634   -207.506   0.128774    13       464      
 6166.25 61      7850     -207.634   -207.506   0.128774    12       468      
 6168.06 62      7923     -207.632   -207.506   0.126262    15       472      
 6168.2  62      7950     -207.632   -207.506   0.126262    13       472      
 6172.39 63      8059     -207.629   -207.506   0.123005    12       485      
 6172.48 63      8060     -207.629   -207.506   0.123005    13       485      
 6172.62 63      8100     -207.629   -207.506   0.123005    13       485      
 6174.35 64      8195     -207.627   -207.506   0.121116    12       490      
 6174.44 64      8200     -207.627   -207.506   0.121116    11       490      
 6175.39 64      8250     -207.627   -207.506   0.121116    11       493      
 6178.74 65      8329     -207.624   -207.506   0.118218    11       503      
 6179.31 65      8350     -207.624   -207.506   0.118218    13       505      
 6180.84 66      8465     -207.622   -207.506   0.115979    13       509      
 6180.92 66      8466     -207.622   -207.506   0.115979    13       509      
 6181.06 66      8500     -207.622   -207.506   0.115979    12       509      
 6182.8  67      8599     -207.62    -207.506   0.113895    9        514      
 6182.89 67      8600     -207.62    -207.506   0.113895    10       514      
 6183.05 67      8650     -207.62    -207.506   0.113895    10       514      
 6184.68 68      8733     -207.618   -207.506   0.112105    10       519      
 6184.81 68      8750     -207.618   -207.506   0.112105    10       519      
 6188.44 69      8800     -207.618   -207.506   0.112105    11       530      
 6188.7  69      8867     -207.614   -207.506   0.108163    11       530      
 6191.08 69      8900     -207.614   -207.506   0.108163    14       537      
 6192.87 70      9003     -207.611   -207.506   0.105734    12       541      
 6192.97 70      9004     -207.611   -207.506   0.105734    11       541      
 6193.14 70      9050     -207.611   -207.506   0.105734    11       541      
 6197.42 71      9139     -207.609   -207.506   0.103692    13       552      
 6197.54 71      9150     -207.609   -207.506   0.103692    13       552      
 6197.73 71      9200     -207.609   -207.506   0.103692    14       552      
 6199.77 72      9275     -207.608   -207.506   0.102219    12       557      
 6202.26 72      9300     -207.608   -207.506   0.102219    12       565      
 6206.36 73      9411     -207.606   -207.506   0.100589    13       575      
 6206.47 73      9412     -207.606   -207.506   0.100589    13       575      
 6206.63 73      9450     -207.606   -207.506   0.100589    13       575      
 6209.72 74      9547     -207.604   -207.506   0.0983484   12       583      
 6209.83 74      9550     -207.604   -207.506   0.0983484   13       583      
 6210.02 74      9600     -207.604   -207.506   0.0983484   14       583      
 6212.13 75      9683     -207.603   -207.506   0.0969968   12       588      
 6212.27 75      9700     -207.603   -207.506   0.0969968   12       588      
 6215.78 76      9750     -207.603   -207.506   0.0969968   13       598      
 6216.06 76      9817     -207.601   -207.506   0.0956492   12       598      
 6216.23 76      9850     -207.601   -207.506   0.0956492   12       598      
 6219.33 77      9953     -207.6     -207.506   0.0937901   12       605      
 6219.43 77      9954     -207.6     -207.506   0.0937901   12       605      
 6219.6  77      10000    -207.6     -207.506   0.0937901   12       605      
 6220.95 78      10087    -207.598   -207.506   0.0927624   11       608      
 6221.1  78      10100    -207.598   -207.506   0.0927624   11       608      
 6223.45 78      10150    -207.598   -207.506   0.0927624   13       614      
 6225    79      10221    -207.597   -207.506   0.0911866   14       617      
 6226.87 79      10250    -207.597   -207.506   0.0911866   13       622      
 6229.15 80      10355    -207.594   -207.506   0.0882893   11       627      
 6229.27 80      10356    -207.594   -207.506   0.0882893   11       627      
 6229.45 80      10400    -207.594   -207.506   0.0882893   11       627      
 6232.87 81      10491    -207.592   -207.506   0.0864179   11       636      
 6232.99 81      10500    -207.592   -207.506   0.0864179   12       636      
 6233.18 81      10550    -207.592   -207.506   0.0864179   14       636      
 6236.14 82      10627    -207.591   -207.506   0.0849326   12       644      
 6236.28 82      10650    -207.591   -207.506   0.0849326   12       644      
 6237.96 83      10763    -207.59    -207.506   0.083868    13       648      
 6238.08 83      10764    -207.59    -207.506   0.083868    11       648      
 6238.25 83      10800    -207.59    -207.506   0.083868    11       648      
 6242.03 84      10899    -207.588   -207.506   0.0822608   11       657      
 6242.15 84      10900    -207.588   -207.506   0.0822608   12       657      
 6242.34 84      10950    -207.588   -207.506   0.0822608   12       657      
 6244.99 85      11033    -207.587   -207.506   0.0813334   12       663      
 6245.14 85      11050    -207.587   -207.506   0.0813334   12       663      
 6249.52 85      11100    -207.587   -207.506   0.0813334   14       673      
 6250.31 86      11169    -207.586   -207.506   0.0801257   13       674      
 6253.08 86      11200    -207.586   -207.506   0.0801257   13       680      
 6255.67 87      11303    -207.583   -207.506   0.0776276   13       685      
 6255.8  87      11304    -207.583   -207.506   0.0776276   13       685      
 6259.72 87      11350    -207.583   -207.506   0.0776276   13       694      
 6262.87 88      11437    -207.582   -207.506   0.0761451   12       700      
 6263.03 88      11450    -207.582   -207.506   0.0761451   13       700      
 6264.76 88      11500    -207.582   -207.506   0.0761451   16       704      
 6266.91 89      11573    -207.581   -207.506   0.0751682   14       708      
 6269.13 89      11600    -207.581   -207.506   0.0751682   13       714      
 6273.66 90      11709    -207.58    -207.506   0.0742476   16       723      
 6273.79 90      11710    -207.58    -207.506   0.0742476   17       723      
 6275.12 90      11750    -207.58    -207.506   0.0742476   16       726      
 6281.57 91      11843    -207.579   -207.506   0.0727798   14       738      
 6283.78 91      11850    -207.579   -207.506   0.0727798   15       743      
 6284.25 91      11900    -207.579   -207.506   0.0727798   15       744      
 6286.96 92      11977    -207.578   -207.506   0.0722063   14       749      
 6289.09 92      12000    -207.578   -207.506   0.0722063   13       754      
 6300.57 93      12111    -207.577   -207.506   0.0709609   14       774      
 6301.24 93      12112    -207.577   -207.506   0.0709609   13       775      
 6304.32 93      12150    -207.577   -207.506   0.0709609   13       781      
 6308.5  94      12245    -207.575   -207.506   0.0695973   14       788      
 6309.08 94      12250    -207.575   -207.506   0.0695973   13       789      
 6309.93 94      12300    -207.575   -207.506   0.0695973   14       791      
 6313.19 95      12381    -207.574   -207.506   0.0680402   13       797      
 6313.37 95      12400    -207.574   -207.506   0.0680402   13       797      
 6316    96      12517    -207.573   -207.506   0.0673648   13       802      
 6316.15 96      12518    -207.573   -207.506   0.0673648   14       802      
 6317.06 96      12550    -207.573   -207.506   0.0673648   14       804      
 6325.19 97      12651    -207.572   -207.506   0.0665162   14       820      
 6325.34 97      12652    -207.572   -207.506   0.0665162   15       820      
 6325.57 97      12700    -207.572   -207.506   0.0665162   15       820      
 6329.39 98      12785    -207.572   -207.506   0.0659764   18       827      
 6329.56 98      12800    -207.572   -207.506   0.0659764   18       827      
 6331.64 98      12850    -207.572   -207.506   0.0659764   18       831      
 6332.92 99      12919    -207.571   -207.506   0.0651936   16       833      
 6336.51 99      12950    -207.571   -207.506   0.0651936   16       840      
 6345.02 100     13053    -207.57    -207.506   0.0638397   15       853      
 6345.68 100     13054    -207.57    -207.506   0.0638397   16       854      
 6349.73 100     13100    -207.57    -207.506   0.0638397   14       861      
 6353.13 101     13189    -207.569   -207.506   0.063243    14       866      
 6353.3  101     13200    -207.569   -207.506   0.063243    15       866      
 6357.96 101     13250    -207.569   -207.506   0.063243    15       874      
 6361.44 102     13323    -207.568   -207.506   0.0625831   16       879      
 6361.63 102     13350    -207.568   -207.506   0.0625831   17       879      
 6365.35 103     13457    -207.568   -207.506   0.0620267   13       885      
 6365.5  103     13458    -207.568   -207.506   0.0620267   14       885      
 6365.72 103     13500    -207.568   -207.506   0.0620267   14       885      
 6368.84 104     13589    -207.568   -207.506   0.0616344   15       890      
 6372.07 104     13600    -207.568   -207.506   0.0616344   15       896      
 6378.54 104     13650    -207.568   -207.506   0.0616344   20       907      
 6381.35 105     13721    -207.566   -207.506   0.0605715   17       911      
 6381.57 105     13750    -207.566   -207.506   0.0605715   16       911      
 6389.73 106     13855    -207.566   -207.506   0.0600764   16       925      
 6390.45 106     13856    -207.566   -207.506   0.0600764   15       926      
 6394.62 106     13900    -207.566   -207.506   0.0600764   15       934      
 6401.4  107     13987    -207.564   -207.506   0.0581654   13       944      
 6401.61 107     14000    -207.564   -207.506   0.0581654   13       944      
 6402.38 107     14050    -207.564   -207.506   0.0581654   13       945      
 6404.93 108     14123    -207.563   -207.506   0.0573117   15       949      
 6407.19 108     14150    -207.563   -207.506   0.0573117   16       954      
 6415.52 109     14259    -207.563   -207.506   0.0567418   17       968      
 6415.68 109     14260    -207.563   -207.506   0.0567418   17       968      
 6415.91 109     14300    -207.563   -207.506   0.0567418   17       968      
 6419.11 110     14393    -207.562   -207.506   0.0560548   15       973      
 6421.04 110     14400    -207.562   -207.506   0.0560548   14       976      
 6422.29 110     14450    -207.562   -207.506   0.0560548   16       978      
 6428.98 111     14529    -207.561   -207.506   0.0553174   12       988      
 6429.2  111     14550    -207.561   -207.506   0.0553174   13       988      
 6433.66 112     14667    -207.561   -207.506   0.0548099   14       995      
 6433.84 112     14668    -207.561   -207.506   0.0548099   15       995      
 6434.09 112     14700    -207.561   -207.506   0.0548099   15       995      
 6438.54 113     14801    -207.56    -207.506   0.0544072   20       1002     
 6438.73 113     14802    -207.56    -207.506   0.0544072   21       1002     
 6439    113     14850    -207.56    -207.506   0.0544072   19       1002     
 6446.88 114     14935    -207.56    -207.506   0.053639    15       1015     
 6447.11 114     14950    -207.56    -207.506   0.053639    16       1015     
 6450.1  114     15000    -207.56    -207.506   0.053639    15       1019     
 6451.07 115     15069    -207.559   -207.506   0.0530516   15       1020     
 6453.57 115     15100    -207.559   -207.506   0.0530516   13       1024     
 6455.91 116     15201    -207.558   -207.506   0.0521107   15       1027     
 6456.11 116     15202    -207.558   -207.506   0.0521107   15       1027     
 6456.39 116     15250    -207.558   -207.506   0.0521107   15       1027     
 6462.86 117     15337    -207.557   -207.506   0.0515375   16       1036     
 6463.1  117     15350    -207.557   -207.506   0.0515375   17       1036     
 6464.56 117     15400    -207.557   -207.506   0.0515375   18       1038     
 6467.36 118     15471    -207.557   -207.506   0.0511764   19       1042     
 6471.63 118     15500    -207.557   -207.506   0.0511764   16       1049     
 6477.99 119     15605    -207.556   -207.506   0.0500515   16       1059     
 6478.18 119     15606    -207.556   -207.506   0.0500515   16       1059     
 6479.55 119     15650    -207.556   -207.506   0.0500515   16       1061     
 6483.68 120     15741    -207.556   -207.506   0.049748    18       1067     
 6483.9  120     15750    -207.556   -207.506   0.049748    20       1067     
 6484.21 120     15800    -207.556   -207.506   0.049748    18       1067     
 6489.42 121     15879    -207.555   -207.506   0.0492864   15       1075     
 6489.66 121     15900    -207.555   -207.506   0.0492864   16       1075     
 6497.64 122     16013    -207.555   -207.506   0.0490047   16       1087     
 6497.84 122     16014    -207.555   -207.506   0.0490047   17       1087     
 6498.1  122     16050    -207.555   -207.506   0.0490047   17       1087     
 6507.43 123     16147    -207.555   -207.506   0.0486379   14       1100     
 6507.65 123     16150    -207.555   -207.506   0.0486379   14       1100     
 6507.95 123     16200    -207.555   -207.506   0.0486379   14       1100     
 6512.46 124     16281    -207.554   -207.506   0.0479151   15       1107     
 6512.71 124     16300    -207.554   -207.506   0.0479151   16       1107     
 6518.33 125     16415    -207.553   -207.506   0.047147    18       1115     
 6518.54 125     16416    -207.553   -207.506   0.047147    19       1115     
 6518.81 125     16450    -207.553   -207.506   0.047147    19       1115     
 6526.51 126     16549    -207.553   -207.506   0.046922    16       1125     
 6527.37 126     16550    -207.553   -207.506   0.046922    17       1126     
 6532.9  126     16600    -207.553   -207.506   0.046922    18       1134     
 6537.22 127     16683    -207.553   -207.506   0.0466671   16       1139     
 6537.48 127     16700    -207.553   -207.506   0.0466671   15       1139     
 6547.63 128     16750    -207.553   -207.506   0.0466671   17       1154     
 6548.08 128     16817    -207.552   -207.506   0.04617     16       1154     
 6550.49 128     16850    -207.552   -207.506   0.04617     20       1158     
 6553.97 129     16949    -207.552   -207.506   0.0456471   19       1163     
 6554.16 129     16950    -207.552   -207.506   0.0456471   19       1163     
 6555.44 129     17000    -207.552   -207.506   0.0456471   20       1165     
 6561.68 130     17083    -207.551   -207.506   0.0448858   19       1173     
 6561.91 130     17100    -207.551   -207.506   0.0448858   20       1173     
 6564.5  131     17150    -207.551   -207.506   0.0448858   24       1176     
 6564.95 131     17217    -207.551   -207.506   0.0446141   19       1176     
 6565.26 131     17250    -207.551   -207.506   0.0446141   17       1176     
 6569.59 132     17351    -207.55    -207.506   0.0443227   18       1182     
 6569.8  132     17352    -207.55    -207.506   0.0443227   18       1182     
 6576.34 132     17400    -207.55    -207.506   0.0443227   17       1192     
 6582.15 133     17483    -207.55    -207.506   0.0436121   20       1199     
 6582.41 133     17500    -207.55    -207.506   0.0436121   18       1199     
 6586.46 134     17550    -207.55    -207.506   0.0436121   19       1204     
 6586.87 134     17617    -207.549   -207.506   0.0432245   17       1204     
 6587.15 134     17650    -207.549   -207.506   0.0432245   18       1204     
 6594.28 135     17751    -207.549   -207.506   0.0427575   20       1214     
 6594.5  135     17752    -207.549   -207.506   0.0427575   21       1214     
 6594.8  135     17800    -207.549   -207.506   0.0427575   21       1214     
 6599.07 136     17885    -207.548   -207.506   0.0424203   16       1219     
 6599.33 136     17900    -207.548   -207.506   0.0424203   17       1219     
 6605.4  136     17950    -207.548   -207.506   0.0424203   17       1227     
 6605.85 137     18017    -207.548   -207.506   0.04223     17       1227     
 6610.04 137     18050    -207.548   -207.506   0.04223     19       1233     
 6614.85 138     18149    -207.548   -207.506   0.0418894   20       1239     
 6615.07 138     18150    -207.548   -207.506   0.0418894   20       1239     
 6615.41 138     18200    -207.548   -207.506   0.0418894   22       1239     
 6622.43 139     18281    -207.548   -207.506   0.0415285   17       1248     
 6622.71 139     18300    -207.548   -207.506   0.0415285   17       1248     
 6632.15 140     18413    -207.547   -207.506   0.0411308   18       1259     
 6632.38 140     18414    -207.547   -207.506   0.0411308   19       1259     
 6632.69 140     18450    -207.547   -207.506   0.0411308   19       1259     
 6641.1  141     18545    -207.547   -207.506   0.0408546   21       1269     
 6642.12 141     18550    -207.547   -207.506   0.0408546   21       1270     
 6643.8  141     18600    -207.547   -207.506   0.0408546   22       1272     
 6650.08 142     18675    -207.546   -207.506   0.0402322   21       1280     
 6652.39 142     18700    -207.546   -207.506   0.0402322   24       1283     
 6660.37 143     18807    -207.546   -207.506   0.0398187   21       1293     
 6660.62 143     18808    -207.546   -207.506   0.0398187   21       1293     
 6664.08 143     18850    -207.546   -207.506   0.0398187   20       1297     
 6672    144     18939    -207.546   -207.506   0.0396654   20       1306     
 6672.73 144     18950    -207.546   -207.506   0.0396654   20       1307     
 6681.08 144     19000    -207.546   -207.506   0.0396654   19       1317     
 6685.26 145     19071    -207.546   -207.506   0.0395034   19       1321     
 6688.96 145     19100    -207.546   -207.506   0.0395034   21       1326     
 6693.82 146     19201    -207.545   -207.506   0.0386307   20       1331     
 6694.08 146     19202    -207.545   -207.506   0.0386307   20       1331     
 6694.46 146     19250    -207.545   -207.506   0.0386307   21       1331     
 6698.26 147     19335    -207.544   -207.506   0.0383724   20       1335     
 6698.56 147     19350    -207.544   -207.506   0.0383724   23       1335     
 6702.3  147     19400    -207.544   -207.506   0.0383724   24       1339     
 6703.5  148     19469    -207.544   -207.506   0.0382163   20       1340     
 6705.99 148     19500    -207.544   -207.506   0.0382163   22       1343     
 6711.98 149     19601    -207.544   -207.506   0.0380114   25       1350     
 6712.23 149     19602    -207.544   -207.506   0.0380114   25       1350     
 6712.59 149     19650    -207.544   -207.506   0.0380114   23       1350     
 6721.57 150     19735    -207.544   -207.506   0.0377733   25       1361     
 6721.89 150     19750    -207.544   -207.506   0.0377733   24       1361     
 6731.13 150     19800    -207.544   -207.506   0.0377733   23       1372     
 6731.65 151     19867    -207.544   -207.506   0.0376484   21       1372     
 6731.99 151     19900    -207.544   -207.506   0.0376484   21       1372     
 6739.4  152     19999    -207.543   -207.506   0.0372467   21       1380     
 6739.66 152     20000    -207.543   -207.506   0.0372467   22       1380     
 6740.06 152     20050    -207.543   -207.506   0.0372467   24       1380     
 6744.58 153     20131    -207.543   -207.506   0.0370323   22       1385     
 6747.07 153     20150    -207.543   -207.506   0.0370323   25       1388     
 6749.78 154     20263    -207.543   -207.506   0.0368653   22       1391     
 6750.02 154     20264    -207.543   -207.506   0.0368653   20       1391     
 6756.65 154     20300    -207.543   -207.506   0.0368653   20       1400     
 6762.23 155     20395    -207.542   -207.506   0.0363436   21       1406     
 6762.51 155     20400    -207.542   -207.506   0.0363436   22       1406     
 6766.03 155     20450    -207.542   -207.506   0.0363436   23       1410     
 6774.46 156     20529    -207.542   -207.506   0.036037    21       1419     
 6774.77 156     20550    -207.542   -207.506   0.036037    21       1419     
 6783.32 157     20661    -207.542   -207.506   0.0359101   20       1428     
 6783.59 157     20662    -207.542   -207.506   0.0359101   19       1428     
 6785.99 157     20700    -207.542   -207.506   0.0359101   21       1431     
 6799.33 158     20793    -207.542   -207.506   0.0356111   23       1446     
 6799.63 158     20800    -207.542   -207.506   0.0356111   23       1446     
 6800.03 158     20850    -207.542   -207.506   0.0356111   23       1446     
 6804.72 159     20925    -207.542   -207.506   0.035504    23       1451     
 6805.05 159     20950    -207.542   -207.506   0.035504    24       1451     
 6813.46 160     21057    -207.542   -207.506   0.0354288   21       1460     
 6813.73 160     21058    -207.542   -207.506   0.0354288   21       1460     
 6814.11 160     21100    -207.542   -207.506   0.0354288   21       1460     
 6825.93 161     21189    -207.541   -207.506   0.0353125   23       1473     
 6827.6  161     21200    -207.541   -207.506   0.0353125   23       1475     
 6832.7  161     21250    -207.541   -207.506   0.0353125   22       1480     
 6835.95 162     21319    -207.541   -207.506   0.034874    24       1483     
 6837.66 162     21350    -207.541   -207.506   0.034874    25       1485     
 6849.1  163     21451    -207.541   -207.506   0.0346615   24       1498     
 6850.28 163     21452    -207.541   -207.506   0.0346615   24       1499     
 6856.71 163     21500    -207.541   -207.506   0.0346615   27       1506     
 6862.23 164     21585    -207.54    -207.506   0.0342564   20       1511     
 6862.55 164     21600    -207.54    -207.506   0.0342564   20       1511     
 6871.09 164     21650    -207.54    -207.506   0.0342564   20       1520     
 6872.53 165     21719    -207.54    -207.506   0.0341042   21       1521     
 6878.2  165     21750    -207.54    -207.506   0.0341042   24       1527     
 6884.8  166     21851    -207.54    -207.506   0.0338008   22       1533     
 6885.08 166     21852    -207.54    -207.506   0.0338008   22       1533     
 6888.15 166     21900    -207.54    -207.506   0.0338008   23       1536     
 6895.98 167     21985    -207.54    -207.506   0.0336879   23       1543     
 6896.32 167     22000    -207.54    -207.506   0.0336879   23       1543     
 6910.38 167     22050    -207.54    -207.506   0.0336879   24       1558     
 6910.95 168     22117    -207.54    -207.506   0.0335312   21       1558     
 6911.32 168     22150    -207.54    -207.506   0.0335312   21       1558     
 6920.18 169     22249    -207.539   -207.506   0.0332888   24       1567     
 6920.46 169     22250    -207.539   -207.506   0.0332888   22       1567     
 6920.88 169     22300    -207.539   -207.506   0.0332888   21       1567     
 6927.75 170     22381    -207.539   -207.506   0.0329898   22       1574     
 6930.54 170     22400    -207.539   -207.506   0.0329898   23       1577     
 6934.97 171     22513    -207.539   -207.506   0.0328742   24       1581     
 6935.25 171     22514    -207.539   -207.506   0.0328742   25       1581     
 6935.63 171     22550    -207.539   -207.506   0.0328742   24       1581     
 6944.8  172     22645    -207.539   -207.506   0.0328017   22       1590     
 6945.11 172     22650    -207.539   -207.506   0.0328017   22       1590     
 6945.55 172     22700    -207.539   -207.506   0.0328017   23       1590     
 6952.82 173     22775    -207.539   -207.506   0.0327431   23       1597     
 6955.79 173     22800    -207.539   -207.506   0.0327431   24       1600     
 6962.85 174     22905    -207.539   -207.506   0.0325858   25       1606     
 6963.15 174     22906    -207.539   -207.506   0.0325858   25       1606     
 6963.56 174     22950    -207.539   -207.506   0.0325858   26       1606     
 6970.06 175     23037    -207.538   -207.506   0.0321092   23       1612     
 6975.07 175     23050    -207.538   -207.506   0.0321092   27       1617     
 6982.84 175     23100    -207.538   -207.506   0.0321092   23       1624     
 6985.55 176     23169    -207.538   -207.506   0.0319696   23       1626     
 6985.94 176     23200    -207.538   -207.506   0.0319696   21       1626     
 6994.22 177     23301    -207.538   -207.506   0.0318856   21       1634     
 6994.52 177     23302    -207.538   -207.506   0.0318856   20       1634     
 6996.63 177     23350    -207.538   -207.506   0.0318856   20       1636     
 7007.17 178     23433    -207.538   -207.506   0.0315787   22       1647     
 7007.53 178     23450    -207.538   -207.506   0.0315787   22       1647     
 7018.09 179     23565    -207.538   -207.506   0.0314468   26       1657     
 7018.37 179     23566    -207.538   -207.506   0.0314468   25       1657     
 7020.45 179     23600    -207.538   -207.506   0.0314468   24       1659     
 7024.17 180     23695    -207.537   -207.506   0.0309476   22       1662     
 7024.49 180     23700    -207.537   -207.506   0.0309476   21       1662     
 7025.84 180     23750    -207.537   -207.506   0.0309476   21       1663     
 7037.48 181     23829    -207.537   -207.506   0.0308144   21       1674     
 7037.87 181     23850    -207.537   -207.506   0.0308144   23       1674     
 7051.07 182     23961    -207.537   -207.506   0.0306498   26       1687     
 7051.37 182     23962    -207.537   -207.506   0.0306498   25       1687     
 7051.78 182     24000    -207.537   -207.506   0.0306498   24       1687     
 7057.09 183     24095    -207.537   -207.506   0.030425    25       1692     
 7061.4  183     24100    -207.537   -207.506   0.030425    25       1696     
 7064.98 183     24150    -207.537   -207.506   0.030425    23       1700     
 7076.6  184     24229    -207.536   -207.506   0.0303134   24       1710     
 7076.94 184     24250    -207.536   -207.506   0.0303134   26       1710     
 7083.09 185     24363    -207.536   -207.506   0.0301553   22       1715     
 7083.38 185     24364    -207.536   -207.506   0.0301553   23       1715     
 7089.61 185     24400    -207.536   -207.506   0.0301553   22       1721     
 7102.5  186     24495    -207.536   -207.506   0.0300613   26       1732     
 7102.83 186     24500    -207.536   -207.506   0.0300613   26       1732     
 7105.15 186     24550    -207.536   -207.506   0.0300613   22       1734     
 7110.61 187     24627    -207.536   -207.506   0.0298112   22       1739     
 7110.99 187     24650    -207.536   -207.506   0.0298112   22       1739     
 7121.33 188     24759    -207.536   -207.506   0.0297153   24       1748     
 7121.65 188     24760    -207.536   -207.506   0.0297153   25       1748     
 7122.1  188     24800    -207.536   -207.506   0.0297153   27       1748     
 7133.23 189     24891    -207.536   -207.506   0.02968     23       1758     
 7133.6  189     24900    -207.536   -207.506   0.02968     22       1758     
 7134.06 189     24950    -207.536   -207.506   0.02968     23       1758     
 7139.85 190     25023    -207.536   -207.506   0.0296175   23       1763     
 7140.27 190     25050    -207.536   -207.506   0.0296175   24       1763     
 7150.54 191     25153    -207.536   -207.506   0.0294694   25       1772     
 7150.87 191     25154    -207.536   -207.506   0.0294694   24       1772     
 7152.83 191     25200    -207.536   -207.506   0.0294694   25       1774     
 7159.36 192     25285    -207.535   -207.506   0.0292962   23       1780     
 7159.74 192     25300    -207.535   -207.506   0.0292962   22       1780     
 7169.92 193     25350    -207.535   -207.506   0.0292962   22       1789     
 7170.5  193     25415    -207.535   -207.506   0.0292333   23       1789     
 7170.93 193     25450    -207.535   -207.506   0.0292333   24       1789     
 7180.17 194     25545    -207.535   -207.506   0.0291921   27       1797     
 7183.27 194     25550    -207.535   -207.506   0.0291921   27       1800     
 7194.12 194     25600    -207.535   -207.506   0.0291921   26       1811     
 7199.26 195     25675    -207.535   -207.506   0.0290378   27       1815     
 7199.68 195     25700    -207.535   -207.506   0.0290378   26       1815     
 7206.75 196     25805    -207.535   -207.506   0.0289846   24       1821     
 7207.09 196     25806    -207.535   -207.506   0.0289846   24       1821     
 7207.53 196     25850    -207.535   -207.506   0.0289846   24       1821     
 7219    197     25935    -207.535   -207.506   0.0289471   27       1831     
 7227.2  197     25950    -207.535   -207.506   0.0289471   27       1839     
 7237.81 198     26000    -207.535   -207.506   0.0289471   30       1849     
 7238.46 198     26065    -207.535   -207.506   0.0286833   29       1849     
 7238.91 198     26100    -207.535   -207.506   0.0286833   28       1849     
 7242.94 199     26197    -207.535   -207.506   0.0286325   27       1852     
 7243.3  199     26200    -207.535   -207.506   0.0286325   25       1852     
 7243.79 199     26250    -207.535   -207.506   0.0286325   25       1852     
 7252.28 200     26327    -207.535   -207.506   0.0285258   25       1859     
 7252.72 200     26350    -207.535   -207.506   0.0285258   24       1859     
 7256.83 201     26459    -207.534   -207.506   0.0283048   23       1862     
 7257.17 201     26460    -207.534   -207.506   0.0283048   23       1862     
 7259.65 201     26500    -207.534   -207.506   0.0283048   24       1864     
 7266.83 202     26591    -207.534   -207.506   0.0282324   23       1870     
 7272.3  202     26600    -207.534   -207.506   0.0282324   21       1875     
 7272.8  202     26650    -207.534   -207.506   0.0282324   23       1875     
 7280.09 203     26723    -207.534   -207.506   0.0280664   23       1881     
 7280.51 203     26750    -207.534   -207.506   0.0280664   24       1881     
 7287.87 204     26855    -207.534   -207.506   0.0279994   26       1887     
 7288.22 204     26856    -207.534   -207.506   0.0279994   26       1887     
 7288.67 204     26900    -207.534   -207.506   0.0279994   24       1887     
 7295.1  205     26985    -207.534   -207.506   0.0279445   28       1892     
 7297.35 205     27000    -207.534   -207.506   0.0279445   28       1894     
 7303.35 206     27050    -207.534   -207.506   0.0279445   24       1899     
 7303.97 206     27115    -207.534   -207.506   0.0278556   25       1899     
 7304.43 206     27150    -207.534   -207.506   0.0278556   25       1899     
 7315.57 207     27245    -207.534   -207.506   0.0277917   23       1908     
 7315.91 207     27250    -207.534   -207.506   0.0277917   23       1908     
 7316.43 207     27300    -207.534   -207.506   0.0277917   23       1908     
 7322.88 208     27375    -207.534   -207.506   0.0276323   23       1913     
 7327.73 208     27400    -207.534   -207.506   0.0276323   23       1917     
 7341.19 209     27505    -207.534   -207.506   0.0275605   23       1928     
 7341.54 209     27506    -207.534   -207.506   0.0275605   24       1928     
 7342.04 209     27550    -207.534   -207.506   0.0275605   27       1928     
 7349.91 210     27635    -207.534   -207.506   0.027526    25       1934     
 7350.32 210     27650    -207.534   -207.506   0.027526    25       1934     
 7356.63 211     27700    -207.534   -207.506   0.027526    22       1939     
 7357.25 211     27765    -207.534   -207.506   0.0273717   23       1939     
 7361.11 211     27800    -207.534   -207.506   0.0273717   22       1942     
 7370.31 212     27895    -207.533   -207.506   0.0272      21       1949     
 7371.83 212     27900    -207.533   -207.506   0.0272      22       1950     
 7375.91 212     27950    -207.533   -207.506   0.0272      23       1954     
 7385.61 213     28025    -207.533   -207.506   0.0270788   24       1962     
 7386.06 213     28050    -207.533   -207.506   0.0270788   24       1962     
 7393.92 214     28155    -207.533   -207.506   0.0270218   24       1968     
 7394.27 214     28156    -207.533   -207.506   0.0270218   24       1968     
 7394.75 214     28200    -207.533   -207.506   0.0270218   25       1968     
 7403.51 215     28285    -207.533   -207.506   0.0269557   24       1975     
 7403.94 215     28300    -207.533   -207.506   0.0269557   25       1975     
 7410.29 216     28413    -207.533   -207.506   0.0268374   26       1980     
 7410.65 216     28414    -207.533   -207.506   0.0268374   26       1980     
 7411.13 216     28450    -207.533   -207.506   0.0268374   26       1980     
 7426.2  217     28543    -207.533   -207.506   0.026778    26       1991     
 7431.32 217     28550    -207.533   -207.506   0.026778    26       1995     
 7431.87 217     28600    -207.533   -207.506   0.026778    25       1995     
 7437.76 218     28671    -207.533   -207.506   0.0264563   25       1999     
 7439.18 218     28700    -207.533   -207.506   0.0264563   25       2000     
 7452.17 219     28801    -207.533   -207.506   0.0264162   25       2009     
 7453.9  219     28802    -207.533   -207.506   0.0264162   24       2010     
 7463.85 219     28850    -207.533   -207.506   0.0264162   24       2017     
 7472.51 220     28931    -207.532   -207.506   0.025825    25       2023     
 7472.99 220     28950    -207.532   -207.506   0.025825    26       2023     
 7480.07 221     29065    -207.532   -207.506   0.025737    24       2028     
 7480.43 221     29066    -207.532   -207.506   0.025737    24       2028     
 7490.79 221     29100    -207.532   -207.506   0.025737    25       2036     
 7504.8  222     29199    -207.532   -207.506   0.0256543   26       2047     
 7505.14 222     29200    -207.532   -207.506   0.0256543   26       2047     
 7505.64 222     29250    -207.532   -207.506   0.0256543   25       2047     
 7519.51 223     29333    -207.532   -207.506   0.025499    25       2058     
 7519.97 223     29350    -207.532   -207.506   0.025499    26       2058     
 7525.55 224     29400    -207.532   -207.506   0.025499    26       2062     
 7526.15 224     29467    -207.532   -207.506   0.0254636   21       2062     
 7526.58 224     29500    -207.532   -207.506   0.0254636   21       2062     
 7541.65 225     29601    -207.532   -207.506   0.0254254   22       2074     
 7541.99 225     29602    -207.532   -207.506   0.0254254   23       2074     
 7542.5  225     29650    -207.532   -207.506   0.0254254   23       2074     
 7555.87 226     29733    -207.532   -207.506   0.0253783   22       2084     
 7561.02 226     29750    -207.532   -207.506   0.0253783   23       2088     
 7566.45 227     29865    -207.532   -207.506   0.0253235   23       2092     
 7566.78 227     29866    -207.532   -207.506   0.0253235   23       2092     
 7567.24 227     29900    -207.532   -207.506   0.0253235   23       2092     
 7588.4  228     29997    -207.531   -207.506   0.0252588   26       2108     
 7588.76 228     30000    -207.531   -207.506   0.0252588   27       2108     
 7591.18 228     30050    -207.531   -207.506   0.0252588   28       2110     
 7600.58 229     30129    -207.531   -207.506   0.0252183   23       2117     
 7602.04 229     30150    -207.531   -207.506   0.0252183   23       2118     
 7606.51 230     30261    -207.531   -207.506   0.0248582   24       2121     
 7606.87 230     30262    -207.531   -207.506   0.0248582   24       2121     
 7610.9  230     30300    -207.531   -207.506   0.0248582   24       2124     
 7623.39 231     30395    -207.531   -207.506   0.0248245   25       2133     
 7623.77 231     30400    -207.531   -207.506   0.0248245   25       2133     
 7626.06 231     30450    -207.531   -207.506   0.0248245   25       2135     
 7635.87 232     30529    -207.531   -207.506   0.024787    24       2142     
 7637.42 232     30550    -207.531   -207.506   0.024787    24       2143     
 7657.39 233     30663    -207.531   -207.506   0.0246646   27       2158     
 7657.75 233     30664    -207.531   -207.506   0.0246646   27       2158     
 7658.27 233     30700    -207.531   -207.506   0.0246646   27       2158     
 7666.88 234     30797    -207.531   -207.506   0.0244806   21       2164     
 7667.24 234     30800    -207.531   -207.506   0.0244806   21       2164     
 7667.75 234     30850    -207.531   -207.506   0.0244806   21       2164     
 7680.37 235     30931    -207.531   -207.506   0.024428    24       2173     
 7680.8  235     30950    -207.531   -207.506   0.024428    25       2173     
 7696.12 236     31065    -207.531   -207.506   0.024397    24       2185     
 7696.56 236     31066    -207.531   -207.506   0.024397    24       2185     
 7697.08 236     31100    -207.531   -207.506   0.024397    24       2185     
 7706.17 237     31197    -207.531   -207.506   0.0243248   22       2191     
 7706.55 237     31200    -207.531   -207.506   0.0243248   22       2191     
 7707.07 237     31250    -207.531   -207.506   0.0243248   24       2191     
 7713.91 238     31329    -207.531   -207.506   0.024284    24       2196     
 7715.17 238     31350    -207.531   -207.506   0.024284    24       2197     
 7736.95 239     31461    -207.53    -207.506   0.0242248   23       2213     
 7737.37 239     31462    -207.53    -207.506   0.0242248   23       2213     
 7737.92 239     31500    -207.53    -207.506   0.0242248   24       2213     
 7746.03 240     31593    -207.53    -207.506   0.0240681   24       2219     
 7746.43 240     31600    -207.53    -207.506   0.0240681   23       2219     
 7749.15 240     31650    -207.53    -207.506   0.0240681   26       2221     
 7756.24 241     31725    -207.53    -207.506   0.0240354   23       2226     
 7756.71 241     31750    -207.53    -207.506   0.0240354   23       2226     
 7762.48 242     31857    -207.53    -207.506   0.0239544   24       2230     
 7762.85 242     31858    -207.53    -207.506   0.0239544   24       2230     
 7763.35 242     31900    -207.53    -207.506   0.0239544   25       2230     
 7772.02 243     31989    -207.53    -207.506   0.0239224   23       2236     
 7772.44 243     32000    -207.53    -207.506   0.0239224   24       2236     
 7775.6  243     32050    -207.53    -207.506   0.0239224   25       2238     
 7781.92 244     32121    -207.53    -207.506   0.0238897   24       2242     
 7782.38 244     32150    -207.53    -207.506   0.0238897   28       2242     
 7789.87 245     32253    -207.53    -207.506   0.0238268   23       2247     
 7790.25 245     32254    -207.53    -207.506   0.0238268   24       2247     
 7798.09 245     32300    -207.53    -207.506   0.0238268   23       2253     
 7807.23 246     32385    -207.53    -207.506   0.0237704   24       2259     
 7807.69 246     32400    -207.53    -207.506   0.0237704   24       2259     
 7821.85 246     32450    -207.53    -207.506   0.0237704   23       2269     
 7822.59 247     32517    -207.53    -207.506   0.0237259   24       2269     
 7827.96 247     32550    -207.53    -207.506   0.0237259   26       2273     
 7844.88 248     32647    -207.53    -207.506   0.0236259   27       2285     
 7845.32 248     32650    -207.53    -207.506   0.0236259   27       2285     
 7845.91 248     32700    -207.53    -207.506   0.0236259   28       2285     
 7859.97 249     32777    -207.53    -207.506   0.0235942   29       2295     
 7860.5  249     32800    -207.53    -207.506   0.0235942   28       2295     
 7869.65 250     32907    -207.53    -207.506   0.0235743   28       2301     
 7870.08 250     32908    -207.53    -207.506   0.0235743   29       2301     
 7870.68 250     32950    -207.53    -207.506   0.0235743   30       2301     
 7878.5  251     33037    -207.53    -207.506   0.023369    28       2306     
 7878.98 251     33050    -207.53    -207.506   0.023369    28       2306     
 7882.41 251     33100    -207.53    -207.506   0.023369    29       2308     
 7886.03 252     33169    -207.53    -207.506   0.0233193   32       2310     
 7893.02 252     33200    -207.53    -207.506   0.0233193   29       2315     
 7906.38 253     33301    -207.53    -207.506   0.0232905   29       2324     
 7906.82 253     33302    -207.53    -207.506   0.0232905   29       2324     
 7914.56 253     33350    -207.53    -207.506   0.0232905   32       2329     
 7929.93 254     33431    -207.529   -207.506   0.0230126   29       2339     
 7937.05 254     33450    -207.529   -207.506   0.0230126   30       2344     
 7951.43 255     33563    -207.529   -207.506   0.0229355   29       2353     
 7951.9  255     33564    -207.529   -207.506   0.0229355   29       2353     
 7952.48 255     33600    -207.529   -207.506   0.0229355   29       2353     
 7962.93 256     33695    -207.529   -207.506   0.022908    30       2360     
 7963.41 256     33700    -207.529   -207.506   0.022908    30       2360     
 7964.04 256     33750    -207.529   -207.506   0.022908    31       2360     
 7970.65 257     33827    -207.529   -207.506   0.0228783   28       2364     
 7976.63 257     33850    -207.529   -207.506   0.0228783   32       2368     
 7984.61 258     33959    -207.529   -207.506   0.0228449   26       2373     
 7985.05 258     33960    -207.529   -207.506   0.0228449   27       2373     
 7992.24 258     34000    -207.529   -207.506   0.0228449   29       2378     
 8007.36 259     34091    -207.529   -207.506   0.0228245   29       2388     
 8007.83 259     34100    -207.529   -207.506   0.0228245   30       2388     
 8016.92 259     34150    -207.529   -207.506   0.0228245   30       2394     
 8027    260     34223    -207.529   -207.506   0.0227324   28       2400     
 8027.55 260     34250    -207.529   -207.506   0.0227324   28       2400     
 8047.54 261     34355    -207.529   -207.506   0.0227076   27       2413     
 8047.99 261     34356    -207.529   -207.506   0.0227076   27       2413     
 8048.61 261     34400    -207.529   -207.506   0.0227076   29       2413     
 8056.79 262     34487    -207.529   -207.506   0.0226634   26       2418     
 8057.29 262     34500    -207.529   -207.506   0.0226634   27       2418     
 8067.87 262     34550    -207.529   -207.506   0.0226634   25       2425     
 8071.61 263     34619    -207.529   -207.506   0.022639    29       2427     
 8072.2  263     34650    -207.529   -207.506   0.022639    29       2427     
 8081.8  264     34751    -207.529   -207.506   0.0225793   31       2433     
 8082.26 264     34752    -207.529   -207.506   0.0225793   31       2433     
 8082.94 264     34800    -207.529   -207.506   0.0225793   28       2433     
 8092.67 265     34883    -207.529   -207.506   0.022534    28       2439     
 8093.18 265     34900    -207.529   -207.506   0.022534    29       2439     
 8104.89 266     35013    -207.529   -207.506   0.0225109   28       2446     
 8105.37 266     35014    -207.529   -207.506   0.0225109   28       2446     
 8111.65 266     35050    -207.529   -207.506   0.0225109   32       2450     
 8127.07 267     35143    -207.529   -207.506   0.0224602   30       2460     
 8127.59 267     35150    -207.529   -207.506   0.0224602   31       2460     
 8128.23 267     35200    -207.529   -207.506   0.0224602   31       2460     
 8137.44 268     35273    -207.529   -207.506   0.0224367   32       2466     
 8138.02 268     35300    -207.529   -207.506   0.0224367   32       2466     
 8158.37 269     35403    -207.529   -207.506   0.0224152   28       2479     
 8158.84 269     35404    -207.529   -207.506   0.0224152   28       2479     
 8159.46 269     35450    -207.529   -207.506   0.0224152   28       2479     
 8183.35 270     35533    -207.529   -207.506   0.022393    28       2494     
 8183.89 270     35550    -207.529   -207.506   0.022393    29       2494     
 8193.58 271     35663    -207.529   -207.506   0.0223689   28       2500     
 8194.01 271     35664    -207.529   -207.506   0.0223689   28       2500     
 8198.31 271     35700    -207.529   -207.506   0.0223689   29       2503     
 8206.83 272     35793    -207.529   -207.506   0.0222345   29       2508     
 8207.34 272     35800    -207.529   -207.506   0.0222345   28       2508     
 8207.97 272     35850    -207.529   -207.506   0.0222345   28       2508     
 8215.93 273     35923    -207.528   -207.506   0.0221833   30       2513     
 8216.46 273     35950    -207.528   -207.506   0.0221833   31       2513     
 8227.31 274     36053    -207.528   -207.506   0.0220971   29       2520     
 8227.74 274     36054    -207.528   -207.506   0.0220971   29       2520     
 8231.35 274     36100    -207.528   -207.506   0.0220971   30       2522     
 8249.87 275     36183    -207.528   -207.506   0.0219235   29       2534     
 8250.35 275     36200    -207.528   -207.506   0.0219235   30       2534     
 8265.64 276     36313    -207.528   -207.506   0.0218687   31       2543     
 8266.13 276     36314    -207.528   -207.506   0.0218687   31       2543     
 8266.73 276     36350    -207.528   -207.506   0.0218687   31       2543     
 8276.66 277     36443    -207.528   -207.506   0.0218485   32       2549     
 8277.16 277     36450    -207.528   -207.506   0.0218485   32       2549     
 8277.81 277     36500    -207.528   -207.506   0.0218485   32       2549     
 8286.69 278     36573    -207.528   -207.506   0.0218299   32       2554     
 8287.29 278     36600    -207.528   -207.506   0.0218299   31       2554     
 8305.9  279     36703    -207.528   -207.506   0.0217769   33       2565     
 8306.33 279     36704    -207.528   -207.506   0.0217769   33       2565     
 8310.69 279     36750    -207.528   -207.506   0.0217769   36       2568     
 8317.38 280     36833    -207.528   -207.506   0.0217411   32       2572     
 8317.88 280     36850    -207.528   -207.506   0.0217411   32       2572     
 8338.15 281     36963    -207.528   -207.506   0.0216583   28       2584     
 8338.58 281     36964    -207.528   -207.506   0.0216583   29       2584     
 8339.16 281     37000    -207.528   -207.506   0.0216583   29       2584     
 8346.51 282     37093    -207.528   -207.506   0.0216322   29       2588     
 8346.96 282     37100    -207.528   -207.506   0.0216322   29       2588     
 8347.56 282     37150    -207.528   -207.506   0.0216322   31       2588     
 8354.45 283     37221    -207.528   -207.506   0.0216175   28       2592     
 8354.98 283     37250    -207.528   -207.506   0.0216175   28       2592     
 8367.58 284     37349    -207.528   -207.506   0.0215575   33       2600     
 8368.07 284     37350    -207.528   -207.506   0.0215575   33       2600     
 8371.28 284     37400    -207.528   -207.506   0.0215575   36       2602     
 8379.83 285     37477    -207.528   -207.506   0.0215399   32       2607     
 8380.33 285     37500    -207.528   -207.506   0.0215399   32       2607     
 8392.43 286     37605    -207.528   -207.506   0.0215163   31       2614     
 8392.87 286     37606    -207.528   -207.506   0.0215163   31       2614     
 8393.48 286     37650    -207.528   -207.506   0.0215163   28       2614     
 8400.65 287     37733    -207.528   -207.506   0.0215049   29       2618     
 8401.14 287     37750    -207.528   -207.506   0.0215049   28       2618     
 8408.16 288     37861    -207.528   -207.506   0.0214939   29       2622     
 8408.61 288     37862    -207.528   -207.506   0.0214939   29       2622     
 8409.23 288     37900    -207.528   -207.506   0.0214939   31       2622     
 8422.76 289     37989    -207.528   -207.506   0.0214767   29       2630     
 8423.28 289     38000    -207.528   -207.506   0.0214767   30       2630     
 8431.98 289     38050    -207.528   -207.506   0.0214767   33       2635     
 8435.74 290     38117    -207.528   -207.506   0.0214135   29       2637     
 8436.36 290     38150    -207.528   -207.506   0.0214135   29       2637     
 8464.32 291     38245    -207.528   -207.506   0.0213855   26       2654     
 8464.84 291     38250    -207.528   -207.506   0.0213855   26       2654     
 8465.54 291     38300    -207.528   -207.506   0.0213855   29       2654     
 8472.8  292     38373    -207.528   -207.506   0.021299    26       2658     
 8474.6  292     38400    -207.528   -207.506   0.021299    26       2659     
 8501.6  293     38501    -207.528   -207.506   0.021263    29       2675     
 8502.05 293     38502    -207.528   -207.506   0.021263    30       2675     
 8502.7  293     38550    -207.528   -207.506   0.021263    29       2675     
 8511.45 294     38627    -207.528   -207.506   0.0212469   27       2680     
 8522.02 294     38650    -207.528   -207.506   0.0212469   27       2687     
 8536.18 295     38753    -207.527   -207.506   0.0209438   31       2695     
 8536.64 295     38754    -207.527   -207.506   0.0209438   31       2695     
 8537.27 295     38800    -207.527   -207.506   0.0209438   31       2695     
 8556.48 296     38883    -207.527   -207.506   0.0208828   27       2706     
 8557.04 296     38900    -207.527   -207.506   0.0208828   30       2706     
 8564.76 297     39013    -207.527   -207.506   0.0208696   25       2710     
 8565.23 297     39014    -207.527   -207.506   0.0208696   24       2710     
 8565.86 297     39050    -207.527   -207.506   0.0208696   27       2710     
 8573.45 298     39141    -207.527   -207.506   0.0207877   30       2714     
 8582.68 298     39150    -207.527   -207.506   0.0207877   32       2720     
 8583.36 298     39200    -207.527   -207.506   0.0207877   36       2720     
 8592.32 299     39271    -207.527   -207.506   0.0206788   28       2725     
 8592.89 299     39300    -207.527   -207.506   0.0206788   28       2725     
 8601.92 300     39401    -207.527   -207.506   0.0206552   26       2730     
 8602.49 300     39402    -207.527   -207.506   0.0206552   27       2730     
 8603.22 300     39450    -207.527   -207.506   0.0206552   27       2730     
 8610.59 301     39531    -207.527   -207.506   0.0206406   26       2734     
 8611.13 301     39550    -207.527   -207.506   0.0206406   26       2734     
 8623.58 302     39661    -207.527   -207.506   0.0206149   31       2741     
 8624.04 302     39662    -207.527   -207.506   0.0206149   31       2741     
 8624.64 302     39700    -207.527   -207.506   0.0206149   32       2741     
 8635.49 303     39791    -207.527   -207.506   0.0205942   28       2747     
 8636    303     39800    -207.527   -207.506   0.0205942   28       2747     
 8639.59 303     39850    -207.527   -207.506   0.0205942   27       2749     
 8646.96 304     39919    -207.527   -207.506   0.0205746   27       2753     
 8647.55 304     39950    -207.527   -207.506   0.0205746   27       2753     
 8668.8  305     40047    -207.527   -207.506   0.0205225   29       2765     
 8669.28 305     40050    -207.527   -207.506   0.0205225   29       2765     
 8669.94 305     40100    -207.527   -207.506   0.0205225   27       2765     
 8679.11 306     40175    -207.527   -207.506   0.0205052   26       2770     
 8679.66 306     40200    -207.527   -207.506   0.0205052   26       2770     
 8687.18 307     40303    -207.527   -207.506   0.0204963   31       2774     
 8687.65 307     40304    -207.527   -207.506   0.0204963   31       2774     
 8688.33 307     40350    -207.527   -207.506   0.0204963   30       2774     
 8704.37 308     40431    -207.527   -207.506   0.0204854   28       2783     
 8704.91 308     40450    -207.527   -207.506   0.0204854   28       2783     
 8717.83 309     40559    -207.527   -207.506   0.0204728   28       2790     
 8718.35 309     40560    -207.527   -207.506   0.0204728   28       2790     
 8719.06 309     40600    -207.527   -207.506   0.0204728   27       2790     
 8727.72 310     40687    -207.527   -207.506   0.0204608   24       2795     
 8728.24 310     40700    -207.527   -207.506   0.0204608   25       2795     
 8736.96 310     40750    -207.527   -207.506   0.0204608   30       2800     
 8737.83 311     40815    -207.527   -207.506   0.0204363   29       2800     
 8738.43 311     40850    -207.527   -207.506   0.0204363   26       2800     
 8749.45 312     40943    -207.527   -207.506   0.0203673   26       2806     
 8749.97 312     40950    -207.527   -207.506   0.0203673   25       2806     
 8756.99 312     41000    -207.527   -207.506   0.0203673   27       2810     
 8767.97 313     41071    -207.527   -207.506   0.0203296   25       2816     
 8772.81 313     41100    -207.527   -207.506   0.0203296   27       2819     
 8784.07 314     41199    -207.527   -207.506   0.0202297   26       2825     
 8784.54 314     41200    -207.527   -207.506   0.0202297   26       2825     
 8785.22 314     41250    -207.527   -207.506   0.0202297   25       2825     
 8794.21 315     41327    -207.527   -207.506   0.0202056   29       2830     
 8794.74 315     41350    -207.527   -207.506   0.0202056   28       2830     
 8810.53 316     41455    -207.527   -207.506   0.0201641   28       2839     
 8811.06 316     41456    -207.527   -207.506   0.0201641   29       2839     
 8811.75 316     41500    -207.527   -207.506   0.0201641   27       2839     
 8821.4  317     41583    -207.526   -207.506   0.020138    27       2844     
 8822.02 317     41600    -207.526   -207.506   0.020138    27       2844     
 8847.01 318     41711    -207.526   -207.506   0.0201171   30       2859     
 8847.49 318     41712    -207.526   -207.506   0.0201171   30       2859     
 8848.14 318     41750    -207.526   -207.506   0.0201171   30       2859     
 8874.97 319     41839    -207.526   -207.506   0.0200816   30       2875     
 8875.55 319     41850    -207.526   -207.506   0.0200816   30       2875     
 8889.74 319     41900    -207.526   -207.506   0.0200816   28       2883     
 8892.15 320     41965    -207.526   -207.506   0.0200057   27       2884     
 8892.81 320     42000    -207.526   -207.506   0.0200057   28       2884     
 8919.46 321     42093    -207.526   -207.506   0.0199819   28       2899     
 8922.8  321     42100    -207.526   -207.506   0.0199819   27       2901     
 8926.55 321     42150    -207.526   -207.506   0.0199819   29       2903     
 8936.11 322     42219    -207.526   -207.506   0.0198664   26       2908     
 8936.72 322     42250    -207.526   -207.506   0.0198664   28       2908     
 8945.85 323     42347    -207.526   -207.506   0.0198521   27       2913     
 8946.35 323     42350    -207.526   -207.506   0.0198521   27       2913     
 8947.11 323     42400    -207.526   -207.506   0.0198521   27       2913     
 8954.69 324     42475    -207.526   -207.506   0.01984     28       2917     
 8955.28 324     42500    -207.526   -207.506   0.01984     29       2917     
 8966.43 325     42603    -207.526   -207.506   0.0198299   29       2923     
 8966.92 325     42604    -207.526   -207.506   0.0198299   29       2923     
 8967.59 325     42650    -207.526   -207.506   0.0198299   30       2923     
 8986.59 326     42731    -207.526   -207.506   0.0198128   31       2934     
 8995.47 326     42750    -207.526   -207.506   0.0198128   28       2939     
 9007.25 327     42857    -207.526   -207.506   0.019288    31       2945     
 9007.74 327     42858    -207.526   -207.506   0.019288    31       2945     
 9008.44 327     42900    -207.526   -207.506   0.019288    31       2945     
 9020.28 328     42989    -207.526   -207.506   0.0192775   33       2951     
 9020.86 328     43000    -207.526   -207.506   0.0192775   32       2951     
 9023.26 328     43050    -207.526   -207.506   0.0192775   29       2952     
 9031.29 329     43121    -207.526   -207.506   0.0192277   27       2956     
 9031.93 329     43150    -207.526   -207.506   0.0192277   27       2956     
 9045.57 330     43253    -207.526   -207.506   0.0192013   28       2963     
 9046.07 330     43254    -207.526   -207.506   0.0192013   28       2963     
 9046.75 330     43300    -207.526   -207.506   0.0192013   29       2963     
 9058.27 331     43385    -207.526   -207.506   0.0191898   30       2969     
 9058.83 331     43400    -207.526   -207.506   0.0191898   30       2969     
 9066.53 331     43450    -207.526   -207.506   0.0191898   32       2973     
 9067.48 332     43517    -207.526   -207.506   0.0191748   33       2973     
 9068.11 332     43550    -207.526   -207.506   0.0191748   33       2973     
 9076.37 333     43649    -207.526   -207.506   0.0191601   27       2977     
 9076.87 333     43650    -207.526   -207.506   0.0191601   27       2977     
 9077.55 333     43700    -207.526   -207.506   0.0191601   27       2977     
 9085.12 334     43781    -207.526   -207.506   0.0191409   27       2981     
 9087    334     43800    -207.526   -207.506   0.0191409   28       2982     
 9098.79 335     43911    -207.526   -207.506   0.0191256   27       2988     
 9099.29 335     43912    -207.526   -207.506   0.0191256   27       2988     
 9101    335     43950    -207.526   -207.506   0.0191256   29       2989     
 9110.54 336     44041    -207.525   -207.506   0.0190969   29       2994     
 9111.09 336     44050    -207.525   -207.506   0.0190969   30       2994     
 9111.82 336     44100    -207.525   -207.506   0.0190969   30       2994     
 9119.43 337     44171    -207.525   -207.506   0.0190872   30       2998     
 9120.04 337     44200    -207.525   -207.506   0.0190872   30       2998     
 9128.35 338     44301    -207.525   -207.506   0.0190778   29       3002     
 9128.86 338     44302    -207.525   -207.506   0.0190778   30       3002     
 9129.61 338     44350    -207.525   -207.506   0.0190778   32       3002     
 9137.67 339     44431    -207.525   -207.506   0.0189231   30       3006     
 9138.25 339     44450    -207.525   -207.506   0.0189231   30       3006     
 9151.72 340     44563    -207.525   -207.506   0.0189154   30       3013     
 9152.23 340     44564    -207.525   -207.506   0.0189154   30       3013     
 9152.89 340     44600    -207.525   -207.506   0.0189154   30       3013     
 9159.01 341     44695    -207.525   -207.506   0.0189042   28       3016     
 9159.56 341     44700    -207.525   -207.506   0.0189042   28       3016     
 9160.28 341     44750    -207.525   -207.506   0.0189042   28       3016     
 9177.08 342     44827    -207.525   -207.506   0.0188526   29       3025     
 9177.7  342     44850    -207.525   -207.506   0.0188526   29       3025     
 9185.49 343     44959    -207.525   -207.506   0.0188329   28       3029     
 9185.99 343     44960    -207.525   -207.506   0.0188329   28       3029     
 9186.69 343     45000    -207.525   -207.506   0.0188329   30       3029     
 9194.48 344     45091    -207.525   -207.506   0.0188209   30       3033     
 9195.07 344     45100    -207.525   -207.506   0.0188209   31       3033     
 9195.79 344     45150    -207.525   -207.506   0.0188209   34       3033     
 9203.73 345     45223    -207.525   -207.506   0.0187927   30       3037     
 9204.36 345     45250    -207.525   -207.506   0.0187927   28       3037     
 9215.73 346     45355    -207.525   -207.506   0.0187822   31       3043     
 9216.24 346     45356    -207.525   -207.506   0.0187822   31       3043     
 9216.94 346     45400    -207.525   -207.506   0.0187822   31       3043     
 9223.13 347     45485    -207.525   -207.506   0.0187756   33       3046     
 9223.7  347     45500    -207.525   -207.506   0.0187756   36       3046     
 9238.29 347     45550    -207.525   -207.506   0.0187756   34       3054     
 9239.28 348     45617    -207.525   -207.506   0.018641    28       3054     
 9239.95 348     45650    -207.525   -207.506   0.018641    29       3054     
 9255.34 349     45749    -207.525   -207.506   0.0186206   29       3062     
 9255.85 349     45750    -207.525   -207.506   0.0186206   29       3062     
 9256.61 349     45800    -207.525   -207.506   0.0186206   31       3062     
 9264.54 350     45881    -207.525   -207.506   0.0186119   29       3066     
 9265.15 350     45900    -207.525   -207.506   0.0186119   31       3066     
 9276.67 351     46013    -207.525   -207.506   0.0186013   29       3072     
 9277.18 351     46014    -207.525   -207.506   0.0186013   29       3072     
 9277.89 351     46050    -207.525   -207.506   0.0186013   28       3072     
 9288.42 352     46145    -207.525   -207.506   0.0185933   30       3077     
 9289.02 352     46150    -207.525   -207.506   0.0185933   29       3077     
 9289.83 352     46200    -207.525   -207.506   0.0185933   29       3077     
 9305.1  353     46277    -207.525   -207.506   0.018582    30       3085     
 9305.69 353     46300    -207.525   -207.506   0.018582    33       3085     
 9318.8  354     46409    -207.525   -207.506   0.0185674   26       3092     
 9319.31 354     46410    -207.525   -207.506   0.0185674   26       3092     
 9320.01 354     46450    -207.525   -207.506   0.0185674   25       3092     
 9337.27 355     46541    -207.525   -207.506   0.0185302   28       3101     
 9337.82 355     46550    -207.525   -207.506   0.0185302   28       3101     
 9338.53 355     46600    -207.525   -207.506   0.0185302   30       3101     
 9350.35 356     46673    -207.525   -207.506   0.0184946   26       3107     
 9357.87 356     46700    -207.525   -207.506   0.0184946   28       3111     
 9368.25 357     46805    -207.525   -207.506   0.0184782   28       3116     
 9368.77 357     46806    -207.525   -207.506   0.0184782   29       3116     
 9376.18 357     46850    -207.525   -207.506   0.0184782   30       3120     
 9385.89 358     46935    -207.525   -207.506   0.0184167   30       3125     
 9386.47 358     46950    -207.525   -207.506   0.0184167   30       3125     
 9399.5  358     47000    -207.525   -207.506   0.0184167   29       3132     
 9400.47 359     47067    -207.525   -207.506   0.0183739   28       3132     
 9404.18 359     47100    -207.525   -207.506   0.0183739   31       3134     
 9418.69 360     47197    -207.525   -207.506   0.018348    27       3141     
 9419.31 360     47200    -207.525   -207.506   0.018348    27       3141     
 9421.46 360     47250    -207.525   -207.506   0.018348    28       3142     
 9438.35 361     47327    -207.525   -207.506   0.0183015   31       3150     
 9439.06 361     47350    -207.525   -207.506   0.0183015   30       3150     
 9450.33 362     47457    -207.525   -207.506   0.0182908   30       3155     
 9450.92 362     47458    -207.525   -207.506   0.0182908   30       3155     
 9451.7  362     47500    -207.525   -207.506   0.0182908   30       3155     
 9464.24 363     47589    -207.525   -207.506   0.0182766   32       3161     
 9464.82 363     47600    -207.525   -207.506   0.0182766   32       3161     
 9470.49 363     47650    -207.525   -207.506   0.0182766   33       3164     
 9476.82 364     47719    -207.525   -207.506   0.0182673   29       3167     
 9477.49 364     47750    -207.525   -207.506   0.0182673   29       3167     
 9488.47 365     47849    -207.525   -207.506   0.0182595   32       3172     
 9489.08 365     47850    -207.525   -207.506   0.0182595   33       3172     
 9499.71 365     47900    -207.525   -207.506   0.0182595   35       3177     
 9513.19 366     47979    -207.525   -207.506   0.0182355   31       3184     
 9513.95 366     48000    -207.525   -207.506   0.0182355   33       3184     
 9524.94 367     48109    -207.525   -207.506   0.0182254   32       3189     
 9525.47 367     48110    -207.525   -207.506   0.0182254   32       3189     
 9526.2  367     48150    -207.525   -207.506   0.0182254   32       3189     
 9535.05 368     48239    -207.525   -207.506   0.018218    34       3193     
 9535.68 368     48250    -207.525   -207.506   0.018218    34       3193     
 9542.16 368     48300    -207.525   -207.506   0.018218    36       3196     
 9548.49 369     48369    -207.525   -207.506   0.0182092   36       3199     
 9552.36 369     48400    -207.525   -207.506   0.0182092   40       3201     
 9575.95 370     48499    -207.525   -207.506   0.0181604   31       3213     
 9576.49 370     48500    -207.525   -207.506   0.0181604   31       3213     
 9577.35 370     48550    -207.525   -207.506   0.0181604   31       3213     
 9584.02 371     48629    -207.525   -207.506   0.0181277   31       3216     
 9584.69 371     48650    -207.525   -207.506   0.0181277   31       3216     
 9591.14 372     48759    -207.525   -207.506   0.0181163   32       3219     
 9591.68 372     48760    -207.525   -207.506   0.0181163   32       3219     
 9592.42 372     48800    -207.525   -207.506   0.0181163   30       3219     
 9598.97 373     48889    -207.525   -207.506   0.0180958   29       3222     
 9599.58 373     48900    -207.525   -207.506   0.0180958   31       3222     
 9609.77 373     48950    -207.525   -207.506   0.0180958   32       3228     
 9616.22 374     49019    -207.525   -207.506   0.018084    36       3231     
 9622.21 374     49050    -207.525   -207.506   0.018084    34       3234     
 9626.8  375     49149    -207.525   -207.506   0.0180745   31       3236     
 9627.34 375     49150    -207.525   -207.506   0.0180745   31       3236     
 9628.17 375     49200    -207.525   -207.506   0.0180745   35       3236     
 9632.92 376     49277    -207.525   -207.506   0.0180713   32       3238     
 9633.6  376     49300    -207.525   -207.506   0.0180713   34       3238     
 9650.2  377     49407    -207.524   -207.506   0.0180635   34       3246     
 9650.75 377     49408    -207.524   -207.506   0.0180635   34       3246     
 9651.51 377     49450    -207.524   -207.506   0.0180635   34       3246     
 9660.39 378     49535    -207.524   -207.506   0.0180541   32       3250     
 9664.1  378     49550    -207.524   -207.506   0.0180541   32       3252     
 9668.64 379     49663    -207.524   -207.506   0.0180231   28       3254     
 9669.19 379     49664    -207.524   -207.506   0.0180231   28       3254     
 9669.93 379     49700    -207.524   -207.506   0.0180231   29       3254     
 9678.71 380     49791    -207.524   -207.506   0.0180145   29       3258     
 9679.35 380     49800    -207.524   -207.506   0.0180145   32       3258     
 9680.2  380     49850    -207.524   -207.506   0.0180145   31       3258     
 9687.04 381     49919    -207.524   -207.506   0.0179847   29       3261     
 9687.73 381     49950    -207.524   -207.506   0.0179847   28       3261     
 9698.24 382     50047    -207.524   -207.506   0.0179749   29       3266     
 9698.8  382     50050    -207.524   -207.506   0.0179749   29       3266     
 9699.57 382     50100    -207.524   -207.506   0.0179749   31       3266     
 9712.41 383     50175    -207.524   -207.506   0.0179692   30       3272     
 9713.07 383     50200    -207.524   -207.506   0.0179692   30       3272     
 9725.83 384     50303    -207.524   -207.506   0.0179634   30       3278     
 9726.38 384     50304    -207.524   -207.506   0.0179634   31       3278     
 9727.17 384     50350    -207.524   -207.506   0.0179634   35       3278     
 9735.16 385     50431    -207.524   -207.506   0.0179585   33       3282     
 9735.82 385     50450    -207.524   -207.506   0.0179585   34       3282     
 9743.8  386     50559    -207.524   -207.506   0.0179515   31       3286     
 9744.36 386     50560    -207.524   -207.506   0.0179515   31       3286     
 9745.1  386     50600    -207.524   -207.506   0.0179515   29       3286     
 9753.96 387     50687    -207.524   -207.506   0.0179282   27       3290     
 9760.16 387     50700    -207.524   -207.506   0.0179282   23       3293     
 9768.72 387     50750    -207.524   -207.506   0.0179282   26       3297     
 9769.72 388     50815    -207.524   -207.506   0.0178166   28       3297     
 9770.43 388     50850    -207.524   -207.506   0.0178166   28       3297     
 9777.27 389     50943    -207.524   -207.506   0.0178099   28       3300     
 9777.87 389     50950    -207.524   -207.506   0.0178099   29       3300     
 9778.63 389     51000    -207.524   -207.506   0.0178099   29       3300     
 9785.27 390     51071    -207.524   -207.506   0.0177779   30       3303     
 9785.95 390     51100    -207.524   -207.506   0.0177779   33       3303     
 9800.39 391     51201    -207.524   -207.506   0.0177684   30       3310     
 9800.94 391     51202    -207.524   -207.506   0.0177684   31       3310     
 9801.71 391     51250    -207.524   -207.506   0.0177684   31       3310     
 9806.5  392     51329    -207.524   -207.506   0.0177629   27       3312     
 9807.14 392     51350    -207.524   -207.506   0.0177629   26       3312     
 9812.21 393     51457    -207.524   -207.506   0.0177551   25       3314     
 9812.76 393     51458    -207.524   -207.506   0.0177551   25       3314     
 9813.54 393     51500    -207.524   -207.506   0.0177551   29       3314     
 9826.38 394     51585    -207.524   -207.506   0.0177506   27       3321     
 9827    394     51600    -207.524   -207.506   0.0177506   26       3321     
 9849.2  395     51713    -207.524   -207.506   0.0177471   30       3332     
 9849.76 395     51714    -207.524   -207.506   0.0177471   30       3332     
 9850.59 395     51750    -207.524   -207.506   0.0177471   31       3332     
 9855.25 396     51841    -207.524   -207.506   0.0177444   30       3334     
 9855.89 396     51850    -207.524   -207.506   0.0177444   31       3334     
 9857.75 396     51900    -207.524   -207.506   0.0177444   32       3335     
 9864.79 397     51969    -207.524   -207.506   0.0177401   29       3338     
 9865.49 397     52000    -207.524   -207.506   0.0177401   29       3338     
 9872.52 398     52097    -207.524   -207.506   0.0177361   28       3341     
 9873.09 398     52100    -207.524   -207.506   0.0177361   28       3341     
 9873.89 398     52150    -207.524   -207.506   0.0177361   28       3341     
 9884.12 399     52225    -207.524   -207.506   0.0177146   29       3346     
 9884.81 399     52250    -207.524   -207.506   0.0177146   31       3346     
 9895.33 400     52353    -207.524   -207.506   0.0176978   27       3351     
 9895.9  400     52354    -207.524   -207.506   0.0176978   27       3351     
 9896.71 400     52400    -207.524   -207.506   0.0176978   28       3351     
 9909.23 401     52481    -207.524   -207.506   0.017673    29       3357     
 9914.93 401     52500    -207.524   -207.506   0.017673    31       3360     
 9932.39 402     52609    -207.524   -207.506   0.0175273   29       3369     
 9932.96 402     52610    -207.524   -207.506   0.0175273   29       3369     
 9933.73 402     52650    -207.524   -207.506   0.0175273   29       3369     
 9950.22 403     52739    -207.524   -207.506   0.0174971   27       3377     
 9950.89 403     52750    -207.524   -207.506   0.0174971   26       3377     
 9965.18 403     52800    -207.524   -207.506   0.0174971   34       3384     
 9970.16 404     52867    -207.524   -207.506   0.0174766   30       3386     
 9970.88 404     52900    -207.524   -207.506   0.0174766   30       3386     
 9982.23 405     52997    -207.524   -207.506   0.0174585   29       3391     
 9982.82 405     53000    -207.524   -207.506   0.0174585   29       3391     
 9983.67 405     53050    -207.524   -207.506   0.0174585   30       3391     
 9996.9  406     53125    -207.524   -207.506   0.0174527   29       3397     
 9997.58 406     53150    -207.524   -207.506   0.0174527   31       3397     
 10004.7 407     53253    -207.524   -207.506   0.0174482   33       3400     
-------------------------------------------------------------------------------

SARSOP finishing ...
  Preset timeout reached
  Timeout     : 10000.000000s
  Actual Time : 10004.720000s

-------------------------------------------------------------------------------
 Time   |#Trial |#Backup |LBound    |UBound    |Precision  |#Alphas |#Beliefs  
-------------------------------------------------------------------------------
 10004.7 407     53253    -207.524   -207.506   0.0174482   33       3400     
-------------------------------------------------------------------------------

Writing out policy ...
  output file : RAM4_small/37729c8ca5.policyx

