
Loading the model ...
  input file   : /home/rstudio/RAM4_small/3814dbd602.pomdpx
  loading time : 4.86s 

SARSOP initializing ...
  initialization time : 12047.22s

-------------------------------------------------------------------------------
 Time   |#Trial |#Backup |LBound    |UBound    |Precision  |#Alphas |#Beliefs  
-------------------------------------------------------------------------------
 12047.2 0       0        -3917.5    -1405.91   2511.59     101      1        
-------------------------------------------------------------------------------

SARSOP finishing ...
  Preset timeout reached
  Timeout     : 10000.000000s
  Actual Time : 12047.340000s

-------------------------------------------------------------------------------
 Time   |#Trial |#Backup |LBound    |UBound    |Precision  |#Alphas |#Beliefs  
-------------------------------------------------------------------------------
 12047.3 0       1        -3917.15   -3481.73   435.422     21       2        
-------------------------------------------------------------------------------

Writing out policy ...
  output file : RAM4_small/3814dbd602.policyx

