
Loading the model ...
  input file   : /home/rstudio/RAM4_small/382a18b23a.pomdpx
  loading time : 4.78s 

SARSOP initializing ...
  initialization time : 12200.94s

-------------------------------------------------------------------------------
 Time   |#Trial |#Backup |LBound    |UBound    |Precision  |#Alphas |#Beliefs  
-------------------------------------------------------------------------------
 12200.9 0       0        -8499.68   -516.911   7982.77     101      1        
-------------------------------------------------------------------------------

SARSOP finishing ...
  Preset timeout reached
  Timeout     : 10000.000000s
  Actual Time : 12201.020000s

-------------------------------------------------------------------------------
 Time   |#Trial |#Backup |LBound    |UBound    |Precision  |#Alphas |#Beliefs  
-------------------------------------------------------------------------------
 12201   0       1        -8448.42   -4768.1    3680.33     43       2        
-------------------------------------------------------------------------------

Writing out policy ...
  output file : RAM4_small/382a18b23a.policyx

