
Loading the model ...
  input file   : /home/rstudio/RAM4_small/382c8b3eb9.pomdpx
  loading time : 4.83s 

SARSOP initializing ...
  initialization time : 9385.18s

-------------------------------------------------------------------------------
 Time   |#Trial |#Backup |LBound    |UBound    |Precision  |#Alphas |#Beliefs  
-------------------------------------------------------------------------------
 9385.18 0       0        -332.718   -322.771   9.94645     101      1        
 9387.76 0       50       -331.572   -323.097   8.47451     14       20       
 9388.68 1       109      -329.363   -323.097   6.26591     6        24       
 9389.2  1       150      -329.363   -323.097   6.26591     15       31       
 9389.83 2       227      -328.091   -323.097   4.99329     6        35       
 9389.88 2       250      -328.091   -323.097   4.99329     9        35       
 9390.23 3       351      -327.261   -323.097   4.16387     15       38       
 9390.24 3       352      -327.261   -323.097   4.16387     16       38       
 9390.33 3       400      -327.261   -323.097   4.16387     18       38       
 9390.67 4       485      -326.801   -323.097   3.70348     4        41       
 9390.73 4       500      -326.801   -323.097   3.70348     14       42       
 9390.9  4       550      -326.801   -323.097   3.70348     26       44       
 9391.17 5       619      -326.403   -323.097   3.30594     6        45       
 9391.23 5       650      -326.403   -323.097   3.30594     18       45       
 9391.63 6       753      -326.113   -323.097   3.01552     6        48       
 9391.64 6       754      -326.113   -323.097   3.01552     7        48       
 9391.73 6       800      -326.113   -323.097   3.01552     17       48       
 9392.12 7       887      -325.865   -323.097   2.76788     13       51       
 9392.16 7       900      -325.865   -323.097   2.76788     10       51       
 9392.26 7       950      -325.865   -323.097   2.76788     23       51       
 9392.64 8       1021     -325.65    -323.097   2.55244     13       54       
 9392.7  8       1050     -325.65    -323.097   2.55244     15       54       
 9393.02 9       1157     -325.446   -323.097   2.3485      11       55       
 9393.03 9       1158     -325.446   -323.097   2.3485      12       55       
 9393.27 9       1200     -325.446   -323.097   2.3485      11       58       
 9394.03 10      1295     -325.319   -323.097   2.2219      11       62       
 9394.05 10      1300     -325.319   -323.097   2.2219      9        62       
 9394.13 10      1350     -325.319   -323.097   2.2219      8        62       
 9394.73 11      1433     -325.191   -323.098   2.09377     9        67       
 9394.78 11      1450     -325.191   -323.098   2.09377     11       67       
 9395.22 11      1500     -325.191   -323.098   2.09377     11       71       
 9395.57 12      1571     -325.092   -323.098   1.99413     11       72       
 9395.63 12      1600     -325.092   -323.098   1.99413     9        72       
 9396.38 13      1707     -325       -323.098   1.90192     12       77       
 9396.4  13      1708     -325       -323.098   1.90192     11       77       
 9396.48 13      1750     -325       -323.098   1.90192     10       77       
 9397.3  14      1843     -324.912   -323.098   1.81468     10       82       
 9397.33 14      1850     -324.912   -323.098   1.81468     6        82       
 9397.41 14      1900     -324.912   -323.098   1.81468     6        82       
 9398.3  15      1979     -324.804   -323.098   1.70628     5        88       
 9398.36 15      2000     -324.804   -323.098   1.70628     5        88       
 9399.64 16      2115     -324.718   -323.098   1.62005     7        95       
 9399.66 16      2116     -324.718   -323.098   1.62005     7        95       
 9399.74 16      2150     -324.718   -323.098   1.62005     4        95       
 9400.28 17      2251     -324.628   -323.098   1.53053     5        98       
 9400.3  17      2252     -324.628   -323.098   1.53053     5        98       
 9400.41 17      2300     -324.628   -323.098   1.53053     5        98       
 9401.29 18      2391     -324.508   -323.098   1.41072     5        104      
 9401.33 18      2400     -324.508   -323.098   1.41072     5        104      
 9401.44 18      2450     -324.508   -323.098   1.41072     6        104      
 9402.6  19      2529     -324.449   -323.098   1.35174     6        110      
 9402.66 19      2550     -324.449   -323.098   1.35174     5        110      
 9403.47 20      2667     -324.394   -323.098   1.29583     6        114      
 9403.6  20      2668     -324.394   -323.098   1.29583     6        115      
 9404.02 20      2700     -324.394   -323.098   1.29583     7        118      
 9406.05 21      2805     -324.316   -323.098   1.21803     6        126      
 9406.07 21      2806     -324.316   -323.098   1.21803     7        126      
 9406.18 21      2850     -324.316   -323.098   1.21803     6        126      
 9406.94 22      2945     -324.243   -323.098   1.14539     6        130      
 9406.98 22      2950     -324.243   -323.098   1.14539     5        130      
 9407.09 22      3000     -324.243   -323.098   1.14539     5        130      
 9407.88 23      3083     -324.201   -323.098   1.10291     7        134      
 9407.94 23      3100     -324.201   -323.098   1.10291     5        134      
 9408.91 23      3150     -324.201   -323.098   1.10291     6        139      
 9409.35 24      3221     -324.156   -323.098   1.05761     6        140      
 9409.44 24      3250     -324.156   -323.098   1.05761     5        140      
 9411.01 25      3359     -324.1     -323.098   1.0016      7        147      
 9411.05 25      3360     -324.1     -323.098   1.0016      7        147      
 9411.15 25      3400     -324.1     -323.098   1.0016      5        147      
 9412.3  26      3499     -324.057   -323.098   0.959035    7        153      
 9412.34 26      3500     -324.057   -323.098   0.959035    7        153      
 9412.46 26      3550     -324.057   -323.098   0.959035    5        153      
 9414    27      3639     -324.013   -323.098   0.914615    8        160      
 9414.05 27      3650     -324.013   -323.098   0.914615    5        160      
 9414.18 27      3700     -324.013   -323.098   0.914615    5        160      
 9415.29 28      3779     -323.976   -323.098   0.878517    6        165      
 9415.37 28      3800     -323.976   -323.098   0.878517    6        165      
 9416.53 29      3919     -323.939   -323.098   0.841177    7        170      
 9416.57 29      3920     -323.939   -323.098   0.841177    7        170      
 9416.66 29      3950     -323.939   -323.098   0.841177    5        170      
 9417.27 30      4059     -323.911   -323.098   0.813433    8        172      
 9417.31 30      4060     -323.911   -323.098   0.813433    7        172      
 9417.42 30      4100     -323.911   -323.098   0.813433    6        172      
 9419.34 31      4199     -323.879   -323.098   0.781102    9        179      
 9419.38 31      4200     -323.879   -323.098   0.781102    9        179      
 9419.51 31      4250     -323.879   -323.098   0.781102    7        179      
 9421.63 32      4337     -323.856   -323.098   0.758339    8        187      
 9421.7  32      4350     -323.856   -323.098   0.758339    7        187      
 9421.81 32      4400     -323.856   -323.098   0.758339    7        187      
 9423.4  33      4475     -323.828   -323.098   0.730304    8        193      
 9424.56 33      4500     -323.828   -323.098   0.730304    8        199      
 9426.38 34      4613     -323.806   -323.098   0.707373    8        204      
 9426.66 34      4614     -323.806   -323.098   0.707373    9        205      
 9427.74 34      4650     -323.806   -323.098   0.707373    8        209      
 9430.71 35      4751     -323.781   -323.098   0.682841    9        216      
 9430.75 35      4752     -323.781   -323.098   0.682841    9        216      
 9430.89 35      4800     -323.781   -323.098   0.682841    9        216      
 9432.73 36      4889     -323.754   -323.098   0.655409    9        223      
 9432.8  36      4900     -323.754   -323.098   0.655409    9        223      
 9433.09 36      4950     -323.754   -323.098   0.655409    9        224      
 9435.09 37      5027     -323.737   -323.098   0.638458    9        231      
 9435.19 37      5050     -323.737   -323.098   0.638458    8        231      
 9437.88 38      5165     -323.715   -323.098   0.616778    9        239      
 9437.93 38      5166     -323.715   -323.098   0.616778    9        239      
 9438.04 38      5200     -323.715   -323.098   0.616778    8        239      
 9440.74 39      5303     -323.696   -323.098   0.597333    9        247      
 9440.79 39      5304     -323.696   -323.098   0.597333    9        247      
 9440.93 39      5350     -323.696   -323.098   0.597333    8        247      
 9443.95 40      5441     -323.679   -323.098   0.58091     7        256      
 9444.02 40      5450     -323.679   -323.098   0.58091     7        256      
 9444.16 40      5500     -323.679   -323.098   0.58091     7        256      
 9446.45 41      5579     -323.663   -323.098   0.564317    7        263      
 9446.54 41      5600     -323.663   -323.098   0.564317    6        263      
 9449.59 42      5717     -323.645   -323.098   0.546897    8        271      
 9449.65 42      5718     -323.645   -323.098   0.546897    8        271      
 9449.77 42      5750     -323.645   -323.098   0.546897    8        271      
 9451.56 43      5857     -323.628   -323.098   0.530096    9        276      
 9451.87 43      5858     -323.628   -323.098   0.530096    10       277      
 9452.86 43      5900     -323.628   -323.098   0.530096    10       280      
 9455.04 44      5995     -323.616   -323.098   0.51727     8        285      
 9455.11 44      6000     -323.616   -323.098   0.51727     8        285      
 9455.26 44      6050     -323.616   -323.098   0.51727     8        285      
 9455.6  45      6131     -323.599   -323.098   0.500527    8        285      
 9455.7  45      6150     -323.599   -323.098   0.500527    8        285      
 9457.81 46      6200     -323.599   -323.098   0.500527    11       291      
 9458.11 46      6269     -323.585   -323.098   0.486366    8        291      
 9458.23 46      6300     -323.585   -323.098   0.486366    9        291      
 9461.36 47      6407     -323.573   -323.098   0.474166    9        299      
 9461.43 47      6408     -323.573   -323.098   0.474166    8        299      
 9461.57 47      6450     -323.573   -323.098   0.474166    8        299      
 9464.78 48      6543     -323.56    -323.098   0.461199    8        308      
 9466.9  48      6550     -323.56    -323.098   0.461199    9        314      
 9467.06 48      6600     -323.56    -323.098   0.461199    8        314      
 9470.51 49      6679     -323.549   -323.098   0.450824    10       321      
 9472.35 49      6700     -323.549   -323.098   0.450824    9        326      
 9477.02 50      6813     -323.53    -323.099   0.431644    9        334      
 9477.09 50      6814     -323.53    -323.099   0.431644    10       334      
 9477.23 50      6850     -323.53    -323.099   0.431644    9        334      
 9480.74 51      6951     -323.52    -323.099   0.421228    10       342      
 9480.81 51      6952     -323.52    -323.099   0.421228    11       342      
 9480.98 51      7000     -323.52    -323.099   0.421228    10       342      
 9485.46 52      7087     -323.509   -323.099   0.410016    9        351      
 9485.56 52      7100     -323.509   -323.099   0.410016    8        351      
 9485.73 52      7150     -323.509   -323.099   0.410016    9        351      
 9487.58 53      7225     -323.499   -323.099   0.40052     9        355      
 9487.72 53      7250     -323.499   -323.099   0.40052     10       355      
 9490.54 54      7361     -323.488   -323.099   0.388923    11       361      
 9490.62 54      7362     -323.488   -323.099   0.388923    12       361      
 9490.77 54      7400     -323.488   -323.099   0.388923    10       361      
 9494.6  55      7497     -323.481   -323.099   0.382211    9        369      
 9494.68 55      7500     -323.481   -323.099   0.382211    8        369      
 9494.85 55      7550     -323.481   -323.099   0.382211    8        369      
 9499.55 56      7633     -323.467   -323.099   0.368675    11       378      
 9499.67 56      7650     -323.467   -323.099   0.368675    11       378      
 9502    56      7700     -323.467   -323.099   0.368675    12       383      
 9502.84 57      7771     -323.457   -323.099   0.358092    10       384      
 9504.26 57      7800     -323.457   -323.099   0.358092    10       388      
 9508.2  58      7907     -323.445   -323.099   0.34632     9        395      
 9508.29 58      7908     -323.445   -323.099   0.34632     9        395      
 9508.46 58      7950     -323.445   -323.099   0.34632     9        395      
 9515.15 59      8045     -323.433   -323.099   0.334162    10       407      
 9515.25 59      8050     -323.433   -323.099   0.334162    10       407      
 9515.43 59      8100     -323.433   -323.099   0.334162    10       407      
 9521.4  60      8183     -323.423   -323.099   0.32459     12       418      
 9521.53 60      8200     -323.423   -323.099   0.32459     11       418      
 9524.8  60      8250     -323.423   -323.099   0.32459     10       424      
 9525.78 61      8321     -323.418   -323.099   0.318878    12       425      
 9525.94 61      8350     -323.418   -323.099   0.318878    10       425      
 9533.42 62      8459     -323.408   -323.099   0.309628    11       438      
 9533.51 62      8460     -323.408   -323.099   0.309628    12       438      
 9533.69 62      8500     -323.408   -323.099   0.309628    12       438      
 9539.51 63      8597     -323.403   -323.099   0.304475    12       448      
 9539.61 63      8600     -323.403   -323.099   0.304475    11       448      
 9539.8  63      8650     -323.403   -323.099   0.304475    11       448      
 9544.56 64      8733     -323.396   -323.099   0.297068    11       456      
 9545.61 64      8750     -323.396   -323.099   0.297068    11       458      
 9551.28 64      8800     -323.396   -323.099   0.297068    12       467      
 9552.42 65      8871     -323.39    -323.099   0.291106    12       468      
 9552.59 65      8900     -323.39    -323.099   0.291106    11       468      
 9559.96 66      9007     -323.381   -323.099   0.282715    11       479      
 9560.07 66      9008     -323.381   -323.099   0.282715    11       479      
 9560.26 66      9050     -323.381   -323.099   0.282715    11       479      
 9564.85 67      9143     -323.376   -323.099   0.277453    11       486      
 9564.97 67      9150     -323.376   -323.099   0.277453    10       486      
 9565.18 67      9200     -323.376   -323.099   0.277453    11       486      
 9569.94 68      9279     -323.368   -323.099   0.269125    12       493      
 9570.1  68      9300     -323.368   -323.099   0.269125    12       493      
 9578.95 69      9415     -323.364   -323.099   0.264863    12       505      
 9579.06 69      9416     -323.364   -323.099   0.264863    12       505      
 9579.24 69      9450     -323.364   -323.099   0.264863    11       505      
 9585.15 70      9551     -323.356   -323.099   0.256874    12       513      
 9585.26 70      9552     -323.356   -323.099   0.256874    13       513      
 9585.48 70      9600     -323.356   -323.099   0.256874    13       513      
 9595.73 71      9687     -323.351   -323.099   0.252519    12       526      
 9595.88 71      9700     -323.351   -323.099   0.252519    10       526      
 9602.65 71      9750     -323.351   -323.099   0.252519    12       535      
 9606.45 72      9823     -323.345   -323.099   0.24646     11       539      
 9606.63 72      9850     -323.345   -323.099   0.24646     10       539      
 9613.26 73      9959     -323.341   -323.099   0.241941    12       547      
 9613.38 73      9960     -323.341   -323.099   0.241941    12       547      
 9613.59 73      10000    -323.341   -323.099   0.241941    11       547      
 9622.33 74      10095    -323.333   -323.099   0.234648    13       558      
 9622.47 74      10100    -323.333   -323.099   0.234648    13       558      
 9623.88 74      10150    -323.333   -323.099   0.234648    13       560      
 9630.56 75      10233    -323.329   -323.099   0.230544    13       568      
 9630.72 75      10250    -323.329   -323.099   0.230544    12       568      
 9635.24 75      10300    -323.329   -323.099   0.230544    14       574      
 9635.65 76      10369    -323.322   -323.099   0.223638    13       574      
 9635.85 76      10400    -323.322   -323.099   0.223638    13       574      
 9647.37 77      10505    -323.318   -323.099   0.219711    11       588      
 9647.5  77      10506    -323.318   -323.099   0.219711    11       588      
 9647.72 77      10550    -323.318   -323.099   0.219711    11       588      
 9655.71 78      10641    -323.314   -323.099   0.214771    14       598      
 9655.86 78      10650    -323.314   -323.099   0.214771    12       598      
 9658.72 78      10700    -323.314   -323.099   0.214771    13       602      
 9665.93 79      10777    -323.31    -323.099   0.211418    13       610      
 9666.12 79      10800    -323.31    -323.099   0.211418    13       610      
 9674.57 80      10913    -323.306   -323.099   0.206741    14       620      
 9674.7  80      10914    -323.306   -323.099   0.206741    14       620      
 9674.93 80      10950    -323.306   -323.099   0.206741    14       620      
 9685.41 81      11049    -323.302   -323.099   0.203645    13       632      
 9685.54 81      11050    -323.302   -323.099   0.203645    13       632      
 9685.81 81      11100    -323.302   -323.099   0.203645    13       632      
 9693.64 82      11185    -323.296   -323.099   0.196765    11       642      
 9693.82 82      11200    -323.296   -323.099   0.196765    11       642      
 9700.2  82      11250    -323.296   -323.099   0.196765    12       650      
 9703.39 83      11323    -323.292   -323.099   0.193024    12       653      
 9703.6  83      11350    -323.292   -323.099   0.193024    13       653      
 9712.56 84      11459    -323.288   -323.099   0.188734    14       664      
 9712.7  84      11460    -323.288   -323.099   0.188734    14       664      
 9712.94 84      11500    -323.288   -323.099   0.188734    15       664      
 9722.23 85      11595    -323.285   -323.099   0.186097    13       674      
 9722.39 85      11600    -323.285   -323.099   0.186097    11       674      
 9722.66 85      11650    -323.285   -323.099   0.186097    11       674      
 9730.78 86      11731    -323.281   -323.099   0.182293    13       683      
 9730.97 86      11750    -323.281   -323.099   0.182293    14       683      
 9736.45 87      11867    -323.278   -323.099   0.179423    14       689      
 9736.6  87      11868    -323.278   -323.099   0.179423    14       689      
 9736.82 87      11900    -323.278   -323.099   0.179423    15       689      
 9745.25 88      12003    -323.273   -323.099   0.173902    15       698      
 9745.39 88      12004    -323.273   -323.099   0.173902    15       698      
 9745.64 88      12050    -323.273   -323.099   0.173902    14       698      
 9755.49 89      12139    -323.27    -323.099   0.171517    14       709      
 9755.67 89      12150    -323.27    -323.099   0.171517    13       709      
 9760.73 89      12200    -323.27    -323.099   0.171517    13       715      
 9766.17 90      12273    -323.266   -323.099   0.167671    13       720      
 9767.61 90      12300    -323.266   -323.099   0.167671    13       722      
 9779.2  91      12409    -323.264   -323.099   0.165621    14       734      
 9779.36 91      12410    -323.264   -323.099   0.165621    14       734      
 9779.61 91      12450    -323.264   -323.099   0.165621    13       734      
 9790.72 92      12543    -323.262   -323.099   0.163577    13       745      
 9795.18 92      12550    -323.262   -323.099   0.163577    14       750      
 9795.48 92      12600    -323.262   -323.099   0.163577    13       750      
 9805.57 93      12677    -323.257   -323.099   0.15804     14       759      
 9805.79 93      12700    -323.257   -323.099   0.15804     14       759      
 9812.96 94      12813    -323.255   -323.099   0.1559      15       766      
 9813.13 94      12814    -323.255   -323.099   0.1559      14       766      
 9813.38 94      12850    -323.255   -323.099   0.1559      14       766      
 9825.35 95      12949    -323.253   -323.099   0.153713    14       777      
 9825.53 95      12950    -323.253   -323.099   0.153713    14       777      
 9825.83 95      13000    -323.253   -323.099   0.153713    14       777      
 9831.94 96      13083    -323.251   -323.099   0.151655    14       783      
 9833.59 96      13100    -323.251   -323.099   0.151655    14       785      
 9842.22 97      13150    -323.251   -323.099   0.151655    16       793      
 9843.77 97      13217    -323.249   -323.099   0.150358    17       794      
 9849.54 97      13250    -323.249   -323.099   0.150358    18       800      
 9856.75 98      13351    -323.244   -323.099   0.145016    14       806      
 9856.93 98      13352    -323.244   -323.099   0.145016    14       806      
 9857.22 98      13400    -323.244   -323.099   0.145016    13       806      
 9870.02 99      13489    -323.242   -323.099   0.14278     15       817      
 9870.23 99      13500    -323.242   -323.099   0.14278     16       817      
 9872.47 99      13550    -323.242   -323.099   0.14278     16       819      
 9879.61 100     13627    -323.241   -323.099   0.141414    16       825      
 9879.85 100     13650    -323.241   -323.099   0.141414    16       825      
 9889.96 101     13763    -323.239   -323.099   0.139749    15       834      
 9890.15 101     13764    -323.239   -323.099   0.139749    14       834      
 9892.96 101     13800    -323.239   -323.099   0.139749    14       837      
 9902.44 102     13899    -323.236   -323.099   0.137263    15       845      
 9902.63 102     13900    -323.236   -323.099   0.137263    16       845      
 9902.95 102     13950    -323.236   -323.099   0.137263    15       845      
 9917.3  103     14035    -323.235   -323.099   0.135526    13       857      
 9917.53 103     14050    -323.235   -323.099   0.135526    14       857      
 9929.87 103     14100    -323.235   -323.099   0.135526    15       868      
 9932.6  104     14171    -323.233   -323.099   0.134154    15       870      
 9932.86 104     14200    -323.233   -323.099   0.134154    15       870      
 9940.54 105     14305    -323.231   -323.099   0.132022    15       877      
 9940.73 105     14306    -323.231   -323.099   0.132022    16       877      
 9941.03 105     14350    -323.231   -323.099   0.132022    16       877      
 9950.39 106     14441    -323.23    -323.099   0.130364    15       885      
 9950.6  106     14450    -323.23    -323.099   0.130364    17       885      
 9955.37 106     14500    -323.23    -323.099   0.130364    16       889      
 9963.83 107     14575    -323.228   -323.099   0.129022    16       896      
 9964.69 107     14600    -323.228   -323.099   0.129022    14       897      
 9974.09 108     14709    -323.225   -323.099   0.126175    14       905      
 9974.29 108     14710    -323.225   -323.099   0.126175    15       905      
 9974.58 108     14750    -323.225   -323.099   0.126175    15       905      
 9982.12 109     14843    -323.224   -323.099   0.124962    15       911      
 9983.99 109     14850    -323.224   -323.099   0.124962    14       913      
 9985.35 109     14900    -323.224   -323.099   0.124962    14       914      
 9996.7  110     14977    -323.223   -323.099   0.123652    15       923      
 9996.97 110     15000    -323.223   -323.099   0.123652    15       923      
 10006.2 111     15109    -323.221   -323.099   0.122194    15       931      
-------------------------------------------------------------------------------

SARSOP finishing ...
  Preset timeout reached
  Timeout     : 10000.000000s
  Actual Time : 10006.220000s

-------------------------------------------------------------------------------
 Time   |#Trial |#Backup |LBound    |UBound    |Precision  |#Alphas |#Beliefs  
-------------------------------------------------------------------------------
 10006.2 111     15109    -323.221   -323.099   0.122194    15       931      
-------------------------------------------------------------------------------

Writing out policy ...
  output file : RAM4_small/382c8b3eb9.policyx

