
Loading the model ...
  input file   : /home/rstudio/RAM4_small/384ea096db.pomdpx
  loading time : 4.70s 

SARSOP initializing ...
  initialization time : 6228.38s

-------------------------------------------------------------------------------
 Time   |#Trial |#Backup |LBound    |UBound    |Precision  |#Alphas |#Beliefs  
-------------------------------------------------------------------------------
 6228.38 0       0        -253.207   -242.362   10.8446     101      1        
 6229.3  1       87       -247.609   -242.645   4.96428     5        18       
 6229.52 1       100      -247.609   -242.645   4.96428     10       23       
 6229.87 2       177      -246.578   -242.645   3.93301     7        26       
 6230.06 2       200      -246.578   -242.645   3.93301     14       31       
 6230.5  3       269      -245.809   -242.645   3.16402     8        36       
 6230.54 3       300      -245.809   -242.645   3.16402     28       36       
 6230.95 4       363      -245.225   -242.645   2.5802      5        43       
 6231    4       400      -245.225   -242.645   2.5802      17       43       
 6231.18 5       461      -244.654   -242.645   2.00845     6        46       
 6231.23 5       500      -244.654   -242.645   2.00845     22       46       
 6231.7  6       573      -244.314   -242.645   1.66881     21       53       
 6231.74 6       600      -244.314   -242.645   1.66881     25       53       
 6231.96 7       691      -244.122   -242.645   1.47713     46       55       
 6231.98 7       700      -244.122   -242.645   1.47713     55       55       
 6232.12 7       750      -244.122   -242.645   1.47713     45       57       
 6232.33 8       813      -243.973   -242.645   1.32814     57       58       
 6232.39 8       850      -243.973   -242.645   1.32814     34       58       
 6232.71 9       935      -243.859   -242.645   1.21438     48       61       
 6232.74 9       950      -243.859   -242.645   1.21438     22       61       
 6233.18 10      1057     -243.716   -242.645   1.07105     47       66       
 6233.19 10      1058     -243.716   -242.645   1.07105     48       66       
 6233.25 10      1100     -243.716   -242.645   1.07105     40       66       
 6233.58 11      1183     -243.642   -242.645   0.997259    83       69       
 6233.62 11      1200     -243.642   -242.645   0.997259    26       69       
 6234.02 12      1309     -243.579   -242.645   0.933555    75       72       
 6234.04 12      1310     -243.579   -242.645   0.933555    76       72       
 6234.13 12      1350     -243.579   -242.645   0.933555    39       72       
 6234.54 13      1435     -243.521   -242.645   0.875484    33       76       
 6234.59 13      1450     -243.521   -242.645   0.875484    11       76       
 6235.07 14      1561     -243.453   -242.645   0.807661    29       81       
 6235.08 14      1562     -243.453   -242.645   0.807661    28       81       
 6235.15 14      1600     -243.453   -242.645   0.807661    16       81       
 6235.41 15      1687     -243.401   -242.645   0.755976    19       83       
 6235.44 15      1700     -243.401   -242.645   0.755976    10       83       
 6235.75 16      1750     -243.401   -242.645   0.755976    12       87       
 6235.89 16      1813     -243.345   -242.645   0.699762    12       87       
 6235.96 16      1850     -243.345   -242.645   0.699762    11       87       
 6236.3  17      1939     -243.302   -242.645   0.657263    14       90       
 6236.33 17      1950     -243.302   -242.645   0.657263    13       90       
 6236.5  17      2000     -243.302   -242.645   0.657263    12       92       
 6236.71 18      2065     -243.257   -242.645   0.611799    12       93       
 6236.77 18      2100     -243.257   -242.645   0.611799    10       93       
 6237.13 19      2191     -243.229   -242.645   0.583991    12       96       
 6237.16 19      2200     -243.229   -242.645   0.583991    10       96       
 6237.98 19      2250     -243.229   -242.645   0.583991    10       105      
 6238.57 20      2317     -243.21    -242.645   0.565262    11       108      
 6238.64 20      2350     -243.21    -242.645   0.565262    11       108      
 6239.15 21      2443     -243.175   -242.645   0.529643    8        112      
 6239.18 21      2450     -243.175   -242.645   0.529643    6        112      
 6239.26 21      2500     -243.175   -242.645   0.529643    7        112      
 6239.58 22      2571     -243.159   -242.645   0.514068    10       115      
 6239.64 22      2600     -243.159   -242.645   0.514068    10       115      
 6239.96 23      2699     -243.14    -242.645   0.495277    9        117      
 6239.98 23      2700     -243.14    -242.645   0.495277    8        117      
 6240.06 23      2750     -243.14    -242.645   0.495277    7        117      
 6240.51 24      2829     -243.109   -242.645   0.463826    8        121      
 6240.56 24      2850     -243.109   -242.645   0.463826    7        121      
 6240.99 25      2959     -243.088   -242.645   0.442625    6        124      
 6241.01 25      2960     -243.088   -242.645   0.442625    7        124      
 6241.08 25      3000     -243.088   -242.645   0.442625    8        124      
 6242.37 26      3089     -243.072   -242.645   0.426934    10       136      
 6242.41 26      3100     -243.072   -242.645   0.426934    11       136      
 6242.63 26      3150     -243.072   -242.645   0.426934    14       138      
 6243.11 27      3219     -243.048   -242.645   0.40248     8        141      
 6243.18 27      3250     -243.048   -242.645   0.40248     8        141      
 6243.62 28      3349     -243.03    -242.645   0.384998    8        144      
 6243.65 28      3350     -243.03    -242.645   0.384998    8        144      
 6243.75 28      3400     -243.03    -242.645   0.384998    8        144      
 6244.19 29      3477     -243.018   -242.645   0.373098    10       148      
 6244.25 29      3500     -243.018   -242.645   0.373098    10       148      
 6245.05 30      3607     -243       -242.645   0.354844    9        154      
 6245.08 30      3608     -243       -242.645   0.354844    10       154      
 6245.17 30      3650     -243       -242.645   0.354844    10       154      
 6245.73 31      3737     -242.982   -242.645   0.337334    6        158      
 6245.77 31      3750     -242.982   -242.645   0.337334    6        158      
 6245.93 31      3800     -242.982   -242.645   0.337334    9        159      
 6246.16 32      3867     -242.97    -242.645   0.325337    9        160      
 6246.23 32      3900     -242.97    -242.645   0.325337    7        160      
 6246.68 33      3997     -242.957   -242.645   0.312236    6        163      
 6246.71 33      4000     -242.957   -242.645   0.312236    6        163      
 6246.8  33      4050     -242.957   -242.645   0.312236    8        163      
 6247.21 34      4127     -242.949   -242.645   0.30432     10       166      
 6247.27 34      4150     -242.949   -242.645   0.30432     12       166      
 6248.24 35      4257     -242.934   -242.645   0.288844    11       173      
 6248.27 35      4258     -242.934   -242.645   0.288844    10       173      
 6248.36 35      4300     -242.934   -242.645   0.288844    11       173      
 6248.62 36      4387     -242.927   -242.645   0.281891    12       174      
 6248.67 36      4400     -242.927   -242.645   0.281891    11       174      
 6249.07 36      4450     -242.927   -242.645   0.281891    11       178      
 6249.33 37      4517     -242.915   -242.645   0.269556    8        179      
 6249.4  37      4550     -242.915   -242.645   0.269556    8        179      
 6249.7  38      4647     -242.909   -242.645   0.263633    10       180      
 6249.74 38      4650     -242.909   -242.645   0.263633    9        180      
 6249.83 38      4700     -242.909   -242.645   0.263633    9        180      
 6250.51 39      4777     -242.9     -242.645   0.255125    11       185      
 6250.57 39      4800     -242.9     -242.645   0.255125    8        185      
 6250.98 40      4907     -242.892   -242.645   0.246867    10       187      
 6251.02 40      4908     -242.892   -242.645   0.246867    9        187      
 6251.11 40      4950     -242.892   -242.645   0.246867    9        187      
 6251.33 41      5035     -242.886   -242.645   0.240895    12       187      
 6251.38 41      5050     -242.886   -242.645   0.240895    11       187      
 6252.23 42      5163     -242.881   -242.645   0.236238    13       193      
 6252.37 42      5164     -242.881   -242.645   0.236238    12       194      
 6253.09 42      5200     -242.881   -242.645   0.236238    13       199      
 6253.82 43      5291     -242.868   -242.645   0.222801    12       202      
 6253.87 43      5300     -242.868   -242.645   0.222801    8        202      
 6253.96 43      5350     -242.868   -242.645   0.222801    10       202      
 6254.58 44      5425     -242.86    -242.645   0.214862    9        206      
 6254.65 44      5450     -242.86    -242.645   0.214862    10       206      
 6255.32 45      5559     -242.857   -242.645   0.211721    11       210      
 6255.35 45      5560     -242.857   -242.645   0.211721    12       210      
 6255.97 45      5600     -242.857   -242.645   0.211721    12       214      
 6258.23 46      5693     -242.853   -242.645   0.207752    15       226      
 6258.28 46      5700     -242.853   -242.645   0.207752    14       226      
 6258.4  46      5750     -242.853   -242.645   0.207752    15       226      
 6260.2  47      5827     -242.848   -242.645   0.203245    14       234      
 6260.28 47      5850     -242.848   -242.645   0.203245    13       234      
 6260.99 48      5959     -242.844   -242.645   0.198754    14       237      
 6261.03 48      5960     -242.844   -242.645   0.198754    11       237      
 6261.13 48      6000     -242.844   -242.645   0.198754    11       237      
 6261.87 49      6091     -242.837   -242.645   0.192181    11       241      
 6261.93 49      6100     -242.837   -242.645   0.192181    11       241      
 6262.05 49      6150     -242.837   -242.645   0.192181    13       241      
 6262.81 50      6223     -242.832   -242.645   0.18717     11       245      
 6262.89 50      6250     -242.832   -242.645   0.18717     10       245      
 6264.3  51      6353     -242.828   -242.645   0.182955    9        253      
 6264.35 51      6354     -242.828   -242.645   0.182955    9        253      
 6264.46 51      6400     -242.828   -242.645   0.182955    9        253      
 6265.28 52      6483     -242.821   -242.645   0.175898    10       257      
 6265.35 52      6500     -242.821   -242.645   0.175898    12       257      
 6266.12 53      6613     -242.818   -242.645   0.172437    14       260      
 6266.17 53      6614     -242.818   -242.645   0.172437    13       260      
 6266.28 53      6650     -242.818   -242.645   0.172437    12       260      
 6267.18 54      6743     -242.811   -242.645   0.16615     10       264      
 6267.23 54      6750     -242.811   -242.645   0.16615     9        264      
 6267.36 54      6800     -242.811   -242.645   0.16615     11       264      
 6267.87 55      6873     -242.808   -242.645   0.162945    13       266      
 6269.13 55      6900     -242.808   -242.645   0.162945    11       273      
 6269.68 56      7001     -242.801   -242.645   0.156021    13       274      
 6269.73 56      7002     -242.801   -242.645   0.156021    14       274      
 6269.86 56      7050     -242.801   -242.645   0.156021    13       274      
 6270.65 57      7135     -242.797   -242.645   0.151409    12       278      
 6270.72 57      7150     -242.797   -242.645   0.151409    10       278      
 6271.79 57      7200     -242.797   -242.645   0.151409    14       284      
 6272.2  58      7269     -242.794   -242.645   0.148523    13       285      
 6272.3  58      7300     -242.794   -242.645   0.148523    12       285      
 6273.22 59      7401     -242.792   -242.645   0.14628     14       289      
 6273.27 59      7402     -242.792   -242.645   0.14628     15       289      
 6273.4  59      7450     -242.792   -242.645   0.14628     16       289      
 6274.56 60      7533     -242.788   -242.645   0.143055    13       294      
 6274.64 60      7550     -242.788   -242.645   0.143055    13       294      
 6275.88 61      7665     -242.785   -242.645   0.139982    13       299      
 6275.94 61      7666     -242.785   -242.645   0.139982    14       299      
 6276.05 61      7700     -242.785   -242.645   0.139982    14       299      
 6277    62      7795     -242.783   -242.645   0.138006    16       303      
 6277.06 62      7800     -242.783   -242.645   0.138006    15       303      
 6277.21 62      7850     -242.783   -242.645   0.138006    18       303      
 6278.52 63      7925     -242.78    -242.645   0.135236    15       309      
 6278.62 63      7950     -242.78    -242.645   0.135236    14       309      
 6279.84 64      8055     -242.778   -242.645   0.133135    14       314      
 6279.89 64      8056     -242.778   -242.645   0.133135    14       314      
 6280.02 64      8100     -242.778   -242.645   0.133135    15       314      
 6281.58 65      8185     -242.774   -242.645   0.129097    17       320      
 6281.66 65      8200     -242.774   -242.645   0.129097    16       320      
 6282.62 66      8250     -242.774   -242.645   0.129097    13       324      
 6283.03 66      8315     -242.771   -242.645   0.126036    13       325      
 6285.03 66      8350     -242.771   -242.645   0.126036    14       334      
 6286.63 67      8443     -242.768   -242.645   0.123083    14       339      
 6286.7  67      8450     -242.768   -242.645   0.123083    12       339      
 6286.86 67      8500     -242.768   -242.645   0.123083    14       339      
 6287.68 68      8573     -242.766   -242.645   0.121204    17       342      
 6287.8  68      8600     -242.766   -242.645   0.121204    19       342      
 6288.88 69      8703     -242.764   -242.645   0.118498    15       346      
 6288.94 69      8704     -242.764   -242.645   0.118498    14       346      
 6289.08 69      8750     -242.764   -242.645   0.118498    14       346      
 6290.81 70      8831     -242.762   -242.645   0.116776    16       354      
 6290.91 70      8850     -242.762   -242.645   0.116776    18       354      
 6293.45 71      8959     -242.761   -242.645   0.115249    18       364      
 6293.71 71      8960     -242.761   -242.645   0.115249    16       365      
 6296.97 71      9000     -242.761   -242.645   0.115249    20       377      
 6299.09 72      9087     -242.754   -242.645   0.108584    14       382      
 6299.19 72      9100     -242.754   -242.645   0.108584    11       382      
 6300.27 72      9150     -242.754   -242.645   0.108584    12       387      
 6301.33 73      9221     -242.751   -242.645   0.105676    14       390      
 6301.46 73      9250     -242.751   -242.645   0.105676    12       390      
 6302.73 74      9355     -242.75    -242.645   0.104275    13       394      
 6302.8  74      9356     -242.75    -242.645   0.104275    14       394      
 6302.97 74      9400     -242.75    -242.645   0.104275    14       394      
 6304.86 75      9489     -242.747   -242.645   0.101959    13       400      
 6306.5  75      9500     -242.747   -242.645   0.101959    12       407      
 6306.67 75      9550     -242.747   -242.645   0.101959    15       407      
 6307.96 76      9623     -242.746   -242.645   0.100223    12       411      
 6308.07 76      9650     -242.746   -242.645   0.100223    13       411      
 6309.56 77      9755     -242.744   -242.645   0.0989076   15       417      
 6309.62 77      9756     -242.744   -242.645   0.0989076   15       417      
 6309.77 77      9800     -242.744   -242.645   0.0989076   16       417      
 6311.55 78      9887     -242.742   -242.645   0.0971867   14       423      
 6311.65 78      9900     -242.742   -242.645   0.0971867   12       423      
 6312.76 78      9950     -242.742   -242.645   0.0971867   14       427      
 6313.51 79      10019    -242.741   -242.645   0.0956855   16       429      
 6313.64 79      10050    -242.741   -242.645   0.0956855   16       429      
 6316.41 80      10149    -242.739   -242.645   0.0941051   15       438      
 6316.48 80      10150    -242.739   -242.645   0.0941051   16       438      
 6317.2  80      10200    -242.739   -242.645   0.0941051   18       440      
 6319.83 81      10279    -242.738   -242.645   0.092372    13       448      
 6321.71 81      10300    -242.738   -242.645   0.092372    13       455      
 6323.78 82      10407    -242.735   -242.645   0.0898017   15       460      
 6323.86 82      10408    -242.735   -242.645   0.0898017   16       460      
 6324.02 82      10450    -242.735   -242.645   0.0898017   14       460      
 6325.55 83      10539    -242.733   -242.645   0.0874623   15       465      
 6325.65 83      10550    -242.733   -242.645   0.0874623   12       465      
 6327.15 83      10600    -242.733   -242.645   0.0874623   12       470      
 6328.71 84      10671    -242.732   -242.645   0.0862373   13       474      
 6328.84 84      10700    -242.732   -242.645   0.0862373   13       474      
 6330.97 85      10803    -242.731   -242.645   0.0851753   14       480      
 6331.05 85      10804    -242.731   -242.645   0.0851753   15       480      
 6331.21 85      10850    -242.731   -242.645   0.0851753   15       480      
 6332.92 86      10933    -242.729   -242.645   0.083988    17       486      
 6333.04 86      10950    -242.729   -242.645   0.083988    17       486      
 6335.16 87      11063    -242.729   -242.645   0.0831911   19       492      
 6335.25 87      11064    -242.729   -242.645   0.0831911   20       492      
 6335.41 87      11100    -242.729   -242.645   0.0831911   20       492      
 6337.63 88      11193    -242.727   -242.645   0.0812943   17       498      
 6337.73 88      11200    -242.727   -242.645   0.0812943   17       498      
 6337.9  88      11250    -242.727   -242.645   0.0812943   18       498      
 6339.62 89      11321    -242.726   -242.645   0.0804366   16       503      
 6339.76 89      11350    -242.726   -242.645   0.0804366   18       503      
 6342.13 90      11449    -242.724   -242.645   0.0789947   14       510      
 6342.21 90      11450    -242.724   -242.645   0.0789947   14       510      
 6342.39 90      11500    -242.724   -242.645   0.0789947   15       510      
 6344.71 91      11577    -242.723   -242.645   0.0777656   16       517      
 6344.84 91      11600    -242.723   -242.645   0.0777656   15       517      
 6346.86 92      11705    -242.722   -242.645   0.0766756   15       522      
 6346.95 92      11706    -242.722   -242.645   0.0766756   16       522      
 6347.12 92      11750    -242.722   -242.645   0.0766756   16       522      
 6349.12 93      11833    -242.721   -242.645   0.0760751   20       528      
 6352.51 93      11850    -242.721   -242.645   0.0760751   16       538      
 6355.95 94      11959    -242.719   -242.645   0.0739589   16       545      
 6356.05 94      11960    -242.719   -242.645   0.0739589   16       545      
 6356.22 94      12000    -242.719   -242.645   0.0739589   15       545      
 6359.36 95      12087    -242.719   -242.645   0.0731886   16       553      
 6362.25 95      12100    -242.719   -242.645   0.0731886   14       561      
 6364.67 96      12150    -242.719   -242.645   0.0731886   13       566      
 6364.97 96      12213    -242.715   -242.645   0.069536    15       566      
 6365.14 96      12250    -242.715   -242.645   0.069536    14       566      
 6368.17 97      12347    -242.714   -242.645   0.0687003   16       574      
 6369.33 97      12350    -242.714   -242.645   0.0687003   15       577      
 6371.8  97      12400    -242.714   -242.645   0.0687003   18       583      
 6373.93 98      12481    -242.713   -242.646   0.0676512   17       587      
 6374.07 98      12500    -242.713   -242.646   0.0676512   17       587      
 6376.74 99      12615    -242.713   -242.646   0.0671075   18       593      
 6376.85 99      12616    -242.713   -242.646   0.0671075   19       593      
 6377.03 99      12650    -242.713   -242.646   0.0671075   21       593      
 6379.83 100     12749    -242.711   -242.646   0.0657449   17       599      
 6379.94 100     12750    -242.711   -242.646   0.0657449   17       599      
 6380.15 100     12800    -242.711   -242.646   0.0657449   17       599      
 6382.36 101     12885    -242.711   -242.646   0.0652067   18       604      
 6382.49 101     12900    -242.711   -242.646   0.0652067   19       604      
 6383.63 101     12950    -242.711   -242.646   0.0652067   19       607      
 6384.28 102     13019    -242.71    -242.646   0.0644636   20       608      
 6384.46 102     13050    -242.71    -242.646   0.0644636   23       608      
 6387.43 103     13151    -242.71    -242.646   0.0640192   20       615      
 6387.54 103     13152    -242.71    -242.646   0.0640192   21       615      
 6388.1  103     13200    -242.71    -242.646   0.0640192   24       616      
 6393    104     13283    -242.709   -242.646   0.0631155   18       627      
 6393.15 104     13300    -242.709   -242.646   0.0631155   18       627      
 6396.67 105     13415    -242.708   -242.646   0.0625468   19       634      
 6396.78 105     13416    -242.708   -242.646   0.0625468   20       634      
 6396.97 105     13450    -242.708   -242.646   0.0625468   21       634      
 6399.9  106     13545    -242.707   -242.646   0.0617067   17       640      
 6400.03 106     13550    -242.707   -242.646   0.0617067   16       640      
 6401.93 106     13600    -242.707   -242.646   0.0617067   18       645      
 6405.02 107     13675    -242.707   -242.646   0.0612686   18       651      
 6407.85 107     13700    -242.707   -242.646   0.0612686   18       658      
 6411.88 108     13805    -242.706   -242.646   0.0606931   21       666      
 6412.41 108     13806    -242.706   -242.646   0.0606931   20       667      
 6415.9  108     13850    -242.706   -242.646   0.0606931   26       675      
 6419.69 109     13935    -242.705   -242.646   0.0589912   18       682      
 6419.84 109     13950    -242.705   -242.646   0.0589912   17       682      
 6424.04 109     14000    -242.705   -242.646   0.0589912   19       692      
 6424.39 110     14067    -242.704   -242.646   0.058506    18       692      
 6425.81 110     14100    -242.704   -242.646   0.058506    14       695      
 6432.89 111     14197    -242.703   -242.646   0.0577739   17       710      
 6433.02 111     14200    -242.703   -242.646   0.0577739   14       710      
 6433.26 111     14250    -242.703   -242.646   0.0577739   16       710      
 6437.54 112     14327    -242.703   -242.646   0.0574484   17       718      
 6437.72 112     14350    -242.703   -242.646   0.0574484   16       718      
 6440.06 113     14457    -242.702   -242.646   0.0568726   19       722      
 6440.19 113     14458    -242.702   -242.646   0.0568726   19       722      
 6440.4  113     14500    -242.702   -242.646   0.0568726   19       722      
 6443.92 114     14587    -242.702   -242.646   0.0565105   19       729      
 6445.06 114     14600    -242.702   -242.646   0.0565105   19       732      
 6448.63 114     14650    -242.702   -242.646   0.0565105   19       740      
 6449.01 115     14715    -242.702   -242.646   0.0561011   23       740      
 6450.82 115     14750    -242.702   -242.646   0.0561011   23       744      
 6453.13 116     14843    -242.701   -242.646   0.0558722   21       748      
 6453.28 116     14850    -242.701   -242.646   0.0558722   21       748      
 6453.79 116     14900    -242.701   -242.646   0.0558722   26       749      
 6455.93 117     14971    -242.701   -242.646   0.0550836   18       753      
 6456.13 117     15000    -242.701   -242.646   0.0550836   18       753      
 6459.87 118     15099    -242.7     -242.646   0.0548204   18       760      
 6460.01 118     15100    -242.7     -242.646   0.0548204   19       760      
 6460.28 118     15150    -242.7     -242.646   0.0548204   20       760      
 6463    119     15227    -242.7     -242.646   0.0543948   20       765      
 6463.19 119     15250    -242.7     -242.646   0.0543948   21       765      
 6467.43 120     15355    -242.7     -242.646   0.0540056   19       773      
 6467.57 120     15356    -242.7     -242.646   0.0540056   20       773      
 6467.84 120     15400    -242.7     -242.646   0.0540056   20       773      
 6471.72 121     15481    -242.699   -242.646   0.0536456   21       780      
 6477.19 121     15500    -242.699   -242.646   0.0536456   20       792      
 6478.36 122     15607    -242.699   -242.646   0.0533252   19       793      
 6478.5  122     15608    -242.699   -242.646   0.0533252   18       793      
 6478.75 122     15650    -242.699   -242.646   0.0533252   20       793      
 6484.99 123     15733    -242.699   -242.646   0.0529302   22       804      
 6485.18 123     15750    -242.699   -242.646   0.0529302   21       804      
 6488.86 124     15857    -242.698   -242.646   0.052691    23       810      
 6489.01 124     15858    -242.698   -242.646   0.052691    24       810      
 6489.27 124     15900    -242.698   -242.646   0.052691    25       810      
 6491.6  125     15981    -242.698   -242.646   0.0522275   19       814      
 6491.79 125     16000    -242.698   -242.646   0.0522275   19       814      
 6495.8  126     16105    -242.698   -242.646   0.0519172   21       821      
 6495.94 126     16106    -242.698   -242.646   0.0519172   22       821      
 6496.18 126     16150    -242.698   -242.646   0.0519172   21       821      
 6500    127     16229    -242.696   -242.646   0.0507225   18       828      
 6500.21 127     16250    -242.696   -242.646   0.0507225   18       828      
 6502.97 128     16355    -242.695   -242.646   0.0489418   19       833      
 6503.1  128     16356    -242.695   -242.646   0.0489418   19       833      
 6503.33 128     16400    -242.695   -242.646   0.0489418   19       833      
 6505.8  129     16485    -242.694   -242.646   0.0485441   20       838      
 6505.97 129     16500    -242.694   -242.646   0.0485441   18       838      
 6509.04 130     16550    -242.694   -242.646   0.0485441   17       844      
 6509.39 130     16615    -242.693   -242.646   0.0476017   17       844      
 6509.85 130     16650    -242.693   -242.646   0.0476017   19       845      
 6514.03 131     16745    -242.693   -242.646   0.0473342   15       853      
 6514.18 131     16750    -242.693   -242.646   0.0473342   14       853      
 6514.88 131     16800    -242.693   -242.646   0.0473342   15       854      
 6519.91 132     16875    -242.693   -242.646   0.0469668   17       863      
 6523.86 132     16900    -242.693   -242.646   0.0469668   21       871      
 6527.86 133     17003    -242.692   -242.646   0.0467215   16       877      
 6528.02 133     17004    -242.692   -242.646   0.0467215   17       877      
 6529.06 133     17050    -242.692   -242.646   0.0467215   18       879      
 6533.32 134     17131    -242.692   -242.646   0.0463389   17       886      
 6533.52 134     17150    -242.692   -242.646   0.0463389   17       886      
 6542.29 135     17259    -242.692   -242.646   0.0459952   17       902      
 6542.45 135     17260    -242.692   -242.646   0.0459952   18       902      
 6542.69 135     17300    -242.692   -242.646   0.0459952   18       902      
 6546.84 136     17385    -242.691   -242.646   0.0455826   17       909      
 6547.03 136     17400    -242.691   -242.646   0.0455826   17       909      
 6550.3  137     17511    -242.691   -242.646   0.0453348   21       914      
 6550.46 137     17512    -242.691   -242.646   0.0453348   21       914      
 6551.1  137     17550    -242.691   -242.646   0.0453348   22       915      
 6555.89 138     17637    -242.69    -242.646   0.0445801   20       923      
 6556.08 138     17650    -242.69    -242.646   0.0445801   20       923      
 6559.73 139     17700    -242.69    -242.646   0.0445801   18       929      
 6560.08 139     17763    -242.69    -242.646   0.044183    21       929      
 6560.33 139     17800    -242.69    -242.646   0.044183    21       929      
 6563.99 140     17889    -242.69    -242.646   0.0440251   20       935      
 6564.18 140     17900    -242.69    -242.646   0.0440251   20       935      
 6566.68 140     17950    -242.69    -242.646   0.0440251   23       939      
 6568.32 141     18015    -242.689   -242.646   0.0437915   21       941      
 6573.04 141     18050    -242.689   -242.646   0.0437915   20       949      
 6577.41 142     18141    -242.688   -242.646   0.0419789   20       955      
 6582.28 142     18150    -242.688   -242.646   0.0419789   18       963      
 6585.38 142     18200    -242.688   -242.646   0.0419789   22       968      
 6590.44 143     18273    -242.687   -242.646   0.041773    20       974      
 6590.69 143     18300    -242.687   -242.646   0.041773    18       974      
 6597.01 144     18405    -242.687   -242.646   0.0415573   22       983      
 6597.19 144     18406    -242.687   -242.646   0.0415573   22       983      
 6597.51 144     18450    -242.687   -242.646   0.0415573   25       983      
 6601.92 145     18539    -242.687   -242.646   0.0413008   20       989      
 6602.12 145     18550    -242.687   -242.646   0.0413008   21       989      
 6602.95 145     18600    -242.687   -242.646   0.0413008   20       990      
 6605.75 146     18671    -242.687   -242.646   0.0411026   19       994      
 6605.99 146     18700    -242.687   -242.646   0.0411026   19       994      
 6612.33 147     18805    -242.687   -242.646   0.041016    17       1004     
 6612.51 147     18806    -242.687   -242.646   0.041016    17       1004     
 6612.82 147     18850    -242.687   -242.646   0.041016    17       1004     
 6616.46 148     18937    -242.687   -242.646   0.040882    18       1009     
 6616.67 148     18950    -242.687   -242.646   0.040882    18       1009     
 6620.14 148     19000    -242.687   -242.646   0.040882    18       1014     
 6621.85 149     19069    -242.686   -242.646   0.040706    20       1016     
 6622.12 149     19100    -242.686   -242.646   0.040706    24       1016     
 6625.25 150     19201    -242.686   -242.646   0.0404688   20       1020     
 6625.44 150     19202    -242.686   -242.646   0.0404688   20       1020     
 6626.06 150     19250    -242.686   -242.646   0.0404688   20       1021     
 6635.12 151     19333    -242.686   -242.646   0.0403271   21       1034     
 6635.34 151     19350    -242.686   -242.646   0.0403271   24       1034     
 6639.17 152     19463    -242.686   -242.646   0.0401711   22       1039     
 6639.36 152     19464    -242.686   -242.646   0.0401711   22       1039     
 6639.65 152     19500    -242.686   -242.646   0.0401711   22       1039     
 6646.1  153     19593    -242.686   -242.646   0.0400874   23       1048     
 6646.84 153     19600    -242.686   -242.646   0.0400874   24       1049     
 6647.52 153     19650    -242.686   -242.646   0.0400874   25       1050     
 6649.92 154     19723    -242.686   -242.646   0.039958    23       1053     
 6651.05 154     19750    -242.686   -242.646   0.039958    23       1055     
 6658.41 155     19853    -242.685   -242.646   0.039397    23       1065     
 6658.59 155     19854    -242.685   -242.646   0.039397    20       1065     
 6662.8  155     19900    -242.685   -242.646   0.039397    21       1071     
 6671.89 156     19985    -242.685   -242.646   0.0390218   19       1083     
 6672.11 156     20000    -242.685   -242.646   0.0390218   16       1083     
 6677.65 157     20050    -242.685   -242.646   0.0390218   18       1091     
 6678.03 157     20115    -242.685   -242.646   0.0388418   19       1091     
 6681.8  157     20150    -242.685   -242.646   0.0388418   20       1097     
 6698.37 158     20245    -242.684   -242.646   0.0381725   20       1118     
 6698.58 158     20250    -242.684   -242.646   0.0381725   20       1118     
 6701.24 158     20300    -242.684   -242.646   0.0381725   20       1122     
 6706.68 159     20377    -242.683   -242.646   0.0377988   19       1129     
 6706.96 159     20400    -242.683   -242.646   0.0377988   21       1129     
 6715.47 160     20509    -242.683   -242.646   0.0375557   21       1140     
 6715.67 160     20510    -242.683   -242.646   0.0375557   22       1140     
 6716.02 160     20550    -242.683   -242.646   0.0375557   21       1140     
 6719.5  161     20639    -242.683   -242.646   0.0374313   21       1144     
 6719.74 161     20650    -242.683   -242.646   0.0374313   22       1144     
 6725.14 161     20700    -242.683   -242.646   0.0374313   24       1151     
 6728.02 162     20769    -242.683   -242.646   0.0371098   21       1154     
 6733.1  162     20800    -242.683   -242.646   0.0371098   22       1161     
 6747.42 163     20899    -242.683   -242.646   0.0369889   21       1177     
 6747.63 163     20900    -242.683   -242.646   0.0369889   22       1177     
 6752.24 163     20950    -242.683   -242.646   0.0369889   25       1183     
 6757.23 164     21029    -242.682   -242.646   0.0367891   26       1188     
 6757.53 164     21050    -242.682   -242.646   0.0367891   24       1188     
 6766.56 165     21159    -242.682   -242.646   0.03667     26       1198     
 6766.79 165     21160    -242.682   -242.646   0.03667     27       1198     
 6767.13 165     21200    -242.682   -242.646   0.03667     26       1198     
 6774.59 166     21287    -242.682   -242.646   0.0364966   25       1207     
 6774.87 166     21300    -242.682   -242.646   0.0364966   24       1207     
 6778.51 166     21350    -242.682   -242.646   0.0364966   26       1211     
 6779.06 167     21415    -242.682   -242.646   0.0363909   24       1211     
 6783.03 167     21450    -242.682   -242.646   0.0363909   26       1216     
 6796.25 168     21543    -242.682   -242.646   0.0362917   29       1231     
 6796.51 168     21550    -242.682   -242.646   0.0362917   28       1231     
 6796.89 168     21600    -242.682   -242.646   0.0362917   29       1231     
 6802.11 169     21671    -242.682   -242.646   0.0360292   25       1237     
 6802.41 169     21700    -242.682   -242.646   0.0360292   22       1237     
 6813.48 170     21799    -242.682   -242.646   0.0358237   22       1250     
 6813.7  170     21800    -242.682   -242.646   0.0358237   22       1250     
 6814.06 170     21850    -242.682   -242.646   0.0358237   21       1250     
 6822.03 171     21927    -242.681   -242.646   0.0357156   20       1260     
 6822.31 171     21950    -242.681   -242.646   0.0357156   21       1260     
 6829.94 172     22053    -242.681   -242.646   0.0355296   21       1269     
 6830.17 172     22054    -242.681   -242.646   0.0355296   21       1269     
 6830.54 172     22100    -242.681   -242.646   0.0355296   23       1269     
 6835.81 173     22179    -242.681   -242.646   0.0354187   22       1275     
 6836.1  173     22200    -242.681   -242.646   0.0354187   22       1275     
 6841.64 174     22305    -242.681   -242.646   0.0352413   23       1281     
 6841.86 174     22306    -242.681   -242.646   0.0352413   23       1281     
 6842.22 174     22350    -242.681   -242.646   0.0352413   25       1281     
 6852.14 175     22431    -242.681   -242.646   0.0350988   23       1292     
 6856.81 175     22450    -242.681   -242.646   0.0350988   23       1298     
 6864.7  176     22555    -242.68    -242.646   0.0344681   23       1307     
 6864.94 176     22556    -242.68    -242.646   0.0344681   22       1307     
 6865.32 176     22600    -242.68    -242.646   0.0344681   22       1307     
 6871.7  177     22683    -242.68    -242.646   0.0342023   24       1314     
 6871.99 177     22700    -242.68    -242.646   0.0342023   25       1314     
 6881.33 178     22811    -242.68    -242.646   0.0340778   24       1325     
 6881.57 178     22812    -242.68    -242.646   0.0340778   24       1325     
 6885.31 178     22850    -242.68    -242.646   0.0340778   24       1330     
 6890.35 179     22937    -242.68    -242.646   0.0339665   24       1335     
 6890.65 179     22950    -242.68    -242.646   0.0339665   26       1335     
 6896.74 180     23000    -242.68    -242.646   0.0339665   29       1342     
 6897.26 180     23063    -242.68    -242.646   0.0339191   29       1342     
 6897.64 180     23100    -242.68    -242.646   0.0339191   28       1342     
 6901.57 181     23189    -242.68    -242.646   0.0338511   26       1346     
 6905.36 181     23200    -242.68    -242.646   0.0338511   27       1351     
 6911.62 181     23250    -242.68    -242.646   0.0338511   27       1359     
 6913.18 182     23315    -242.679   -242.646   0.0335889   28       1360     
 6913.54 182     23350    -242.679   -242.646   0.0335889   26       1360     
 6925.02 183     23443    -242.679   -242.646   0.0334327   24       1373     
 6925.34 183     23450    -242.679   -242.646   0.0334327   25       1373     
 6928.28 183     23500    -242.679   -242.646   0.0334327   23       1376     
 6933.15 184     23569    -242.679   -242.646   0.0332409   23       1381     
 6933.5  184     23600    -242.679   -242.646   0.0332409   22       1381     
 6940.3  185     23695    -242.679   -242.646   0.033139    23       1388     
 6940.58 185     23700    -242.679   -242.646   0.033139    18       1388     
 6941.41 185     23750    -242.679   -242.646   0.033139    19       1389     
 6947.89 186     23821    -242.678   -242.646   0.0327468   20       1396     
 6948.23 186     23850    -242.678   -242.646   0.0327468   22       1396     
 6956.95 187     23949    -242.678   -242.646   0.0326724   24       1405     
 6957.21 187     23950    -242.678   -242.646   0.0326724   24       1405     
 6957.61 187     24000    -242.678   -242.646   0.0326724   25       1405     
 6966.15 188     24077    -242.678   -242.646   0.0325885   23       1414     
 6966.48 188     24100    -242.678   -242.646   0.0325885   22       1414     
 6974.36 189     24203    -242.678   -242.646   0.032491    24       1422     
 6974.61 189     24204    -242.678   -242.646   0.032491    24       1422     
 6975.01 189     24250    -242.678   -242.646   0.032491    23       1422     
 6981.84 190     24329    -242.678   -242.646   0.0319727   25       1429     
 6982.15 190     24350    -242.678   -242.646   0.0319727   26       1429     
 6991.32 191     24457    -242.678   -242.646   0.0319105   30       1438     
 6991.58 191     24458    -242.678   -242.646   0.0319105   30       1438     
 6991.96 191     24500    -242.678   -242.646   0.0319105   24       1438     
 6998.79 192     24585    -242.678   -242.646   0.031852    27       1445     
 6999.12 192     24600    -242.678   -242.646   0.031852    25       1445     
 7007.29 193     24713    -242.677   -242.646   0.0317334   21       1454     
 7007.55 193     24714    -242.677   -242.646   0.0317334   21       1454     
 7007.91 193     24750    -242.677   -242.646   0.0317334   20       1454     
 7016.62 194     24839    -242.677   -242.646   0.0316543   22       1463     
 7016.93 194     24850    -242.677   -242.646   0.0316543   21       1463     
 7023.71 194     24900    -242.677   -242.646   0.0316543   22       1470     
 7025.33 195     24965    -242.677   -242.646   0.031548    21       1471     
 7026.25 195     25000    -242.677   -242.646   0.031548    24       1472     
 7030.7  196     25091    -242.677   -242.646   0.031484    22       1476     
 7031    196     25100    -242.677   -242.646   0.031484    22       1476     
 7040.3  196     25150    -242.677   -242.646   0.031484    26       1486     
 7043.71 197     25217    -242.677   -242.646   0.0314193   27       1489     
 7044.13 197     25250    -242.677   -242.646   0.0314193   27       1489     
 7053.06 198     25343    -242.677   -242.646   0.0313201   24       1498     
 7059.78 198     25350    -242.677   -242.646   0.0313201   22       1505     
 7062.07 198     25400    -242.677   -242.646   0.0313201   25       1508     
 7064.6  199     25467    -242.677   -242.646   0.0309119   23       1510     
 7065.01 199     25500    -242.677   -242.646   0.0309119   25       1510     
 7074.1  200     25593    -242.677   -242.646   0.0308555   24       1519     
 7074.4  200     25600    -242.677   -242.646   0.0308555   23       1519     
 7074.83 200     25650    -242.677   -242.646   0.0308555   25       1519     
 7079.13 201     25719    -242.677   -242.646   0.0307802   26       1523     
 7079.52 201     25750    -242.677   -242.646   0.0307802   30       1523     
 7088.98 202     25845    -242.676   -242.646   0.030665    25       1533     
 7089.28 202     25850    -242.676   -242.646   0.030665    24       1533     
 7095.1  202     25900    -242.676   -242.646   0.030665    24       1539     
 7101.9  203     25969    -242.676   -242.646   0.0305852   25       1545     
 7102.3  203     26000    -242.676   -242.646   0.0305852   24       1545     
 7110.87 204     26093    -242.676   -242.646   0.0305032   24       1553     
 7114.8  204     26100    -242.676   -242.646   0.0305032   25       1557     
 7120.25 204     26150    -242.676   -242.646   0.0305032   27       1562     
 7124.93 205     26217    -242.676   -242.646   0.0304242   28       1566     
 7129.24 205     26250    -242.676   -242.646   0.0304242   30       1571     
 7140.77 206     26339    -242.676   -242.646   0.0298398   30       1582     
 7141.13 206     26350    -242.676   -242.646   0.0298398   29       1582     
 7156.62 206     26400    -242.676   -242.646   0.0298398   27       1599     
 7158.39 207     26465    -242.676   -242.646   0.0297578   28       1600     
 7158.8  207     26500    -242.676   -242.646   0.0297578   32       1600     
 7163.26 208     26591    -242.676   -242.646   0.0297001   23       1604     
 7163.6  208     26600    -242.676   -242.646   0.0297001   23       1604     
 7170.13 208     26650    -242.676   -242.646   0.0297001   24       1610     
 7173.82 209     26717    -242.675   -242.646   0.0296039   25       1613     
 7174.25 209     26750    -242.675   -242.646   0.0296039   27       1613     
 7179.08 210     26843    -242.675   -242.646   0.0295199   24       1617     
 7179.4  210     26850    -242.675   -242.646   0.0295199   24       1617     
 7184.87 210     26900    -242.675   -242.646   0.0295199   23       1622     
 7189.42 211     26967    -242.675   -242.646   0.0294395   26       1626     
 7193.83 211     27000    -242.675   -242.646   0.0294395   28       1631     
 7206.74 212     27091    -242.674   -242.646   0.0284356   31       1643     
 7207.06 212     27100    -242.674   -242.646   0.0284356   27       1643     
 7209.39 212     27150    -242.674   -242.646   0.0284356   31       1645     
 7215.19 213     27221    -242.674   -242.646   0.0283734   26       1650     
 7215.56 213     27250    -242.674   -242.646   0.0283734   27       1650     
 7223.84 214     27353    -242.674   -242.646   0.0282434   26       1658     
 7224.13 214     27354    -242.674   -242.646   0.0282434   27       1658     
 7236.26 214     27400    -242.674   -242.646   0.0282434   32       1670     
 7244.38 215     27483    -242.674   -242.646   0.0281003   30       1677     
 7250.89 215     27500    -242.674   -242.646   0.0281003   30       1683     
 7254.96 216     27613    -242.674   -242.646   0.028044    30       1686     
 7255.28 216     27614    -242.674   -242.646   0.028044    30       1686     
 7261.5  216     27650    -242.674   -242.646   0.028044    32       1692     
 7267.54 217     27743    -242.674   -242.646   0.0278821   29       1697     
 7267.87 217     27750    -242.674   -242.646   0.0278821   31       1697     
 7274.73 217     27800    -242.674   -242.646   0.0278821   32       1703     
 7283.17 218     27873    -242.674   -242.646   0.0278389   30       1710     
 7287.47 218     27900    -242.674   -242.646   0.0278389   30       1714     
 7295.78 219     28003    -242.674   -242.646   0.027759    28       1721     
 7296.14 219     28004    -242.674   -242.646   0.027759    28       1721     
 7296.68 219     28050    -242.674   -242.646   0.027759    31       1721     
 7311.67 220     28133    -242.674   -242.646   0.0276818   30       1734     
 7320.8  220     28150    -242.674   -242.646   0.0276818   30       1743     
 7328.1  221     28261    -242.673   -242.646   0.0275844   30       1749     
 7328.42 221     28262    -242.673   -242.646   0.0275844   30       1749     
 7328.9  221     28300    -242.673   -242.646   0.0275844   30       1749     
 7344.77 222     28389    -242.673   -242.646   0.0275216   29       1763     
 7345.15 222     28400    -242.673   -242.646   0.0275216   31       1763     
 7350.06 222     28450    -242.673   -242.646   0.0275216   31       1767     
 7352.95 223     28517    -242.673   -242.646   0.0274175   28       1769     
 7353.39 223     28550    -242.673   -242.646   0.0274175   28       1769     
 7365.59 224     28645    -242.673   -242.646   0.0273836   33       1779     
 7365.94 224     28650    -242.673   -242.646   0.0273836   32       1779     
 7366.45 224     28700    -242.673   -242.646   0.0273836   34       1779     
 7376.14 225     28773    -242.673   -242.646   0.0273486   32       1787     
 7384.02 225     28800    -242.673   -242.646   0.0273486   34       1794     
 7395.51 226     28901    -242.673   -242.646   0.0272736   33       1803     
 7395.85 226     28902    -242.673   -242.646   0.0272736   33       1803     
 7396.35 226     28950    -242.673   -242.646   0.0272736   34       1803     
 7410.9  227     29029    -242.673   -242.646   0.0272575   37       1815     
 7411.34 227     29050    -242.673   -242.646   0.0272575   35       1815     
 7420.02 228     29157    -242.673   -242.646   0.0271853   32       1822     
 7420.36 228     29158    -242.673   -242.646   0.0271853   32       1822     
 7420.86 228     29200    -242.673   -242.646   0.0271853   31       1822     
 7431.84 229     29285    -242.673   -242.646   0.0271472   30       1831     
 7432.27 229     29300    -242.673   -242.646   0.0271472   32       1831     
 7441.28 230     29411    -242.673   -242.646   0.0270683   30       1838     
 7441.63 230     29412    -242.673   -242.646   0.0270683   30       1838     
 7442.18 230     29450    -242.673   -242.646   0.0270683   32       1838     
 7455.3  231     29537    -242.673   -242.646   0.0269454   29       1849     
 7455.69 231     29550    -242.673   -242.646   0.0269454   32       1849     
 7466.16 232     29600    -242.673   -242.646   0.0269454   30       1857     
 7466.83 232     29663    -242.673   -242.646   0.0268527   29       1857     
 7467.3  232     29700    -242.673   -242.646   0.0268527   30       1857     
 7479.36 233     29789    -242.673   -242.646   0.0268254   29       1867     
 7479.74 233     29800    -242.673   -242.646   0.0268254   30       1867     
 7486.89 233     29850    -242.673   -242.646   0.0268254   32       1873     
 7488.61 234     29915    -242.673   -242.646   0.0267849   30       1874     
 7489.09 234     29950    -242.673   -242.646   0.0267849   32       1874     
 7496.86 235     30041    -242.673   -242.646   0.0267475   30       1880     
 7497.24 235     30050    -242.673   -242.646   0.0267475   30       1880     
 7504.43 235     30100    -242.673   -242.646   0.0267475   32       1886     
 7508.91 236     30167    -242.673   -242.646   0.0266679   27       1889     
 7509.39 236     30200    -242.673   -242.646   0.0266679   28       1889     
 7521.93 237     30293    -242.672   -242.646   0.02661     31       1899     
 7522.3  237     30300    -242.672   -242.646   0.02661     29       1899     
 7526.36 237     30350    -242.672   -242.646   0.02661     30       1902     
 7531.86 238     30417    -242.672   -242.646   0.0265431   30       1906     
 7537.21 238     30450    -242.672   -242.646   0.0265431   29       1911     
 7543.91 239     30541    -242.672   -242.646   0.0265103   30       1916     
 7544.3  239     30550    -242.672   -242.646   0.0265103   31       1916     
 7550.14 239     30600    -242.672   -242.646   0.0265103   32       1921     
 7553.44 240     30665    -242.672   -242.646   0.0264686   30       1923     
 7553.93 240     30700    -242.672   -242.646   0.0264686   32       1923     
 7563.29 241     30789    -242.672   -242.646   0.026439    31       1930     
 7568.15 241     30800    -242.672   -242.646   0.026439    26       1934     
 7578.88 241     30850    -242.672   -242.646   0.026439    26       1942     
 7579.64 242     30913    -242.672   -242.646   0.0262017   30       1942     
 7580.17 242     30950    -242.672   -242.646   0.0262017   29       1942     
 7589.79 243     31039    -242.672   -242.646   0.0261176   30       1949     
 7596.96 243     31050    -242.672   -242.646   0.0261176   32       1955     
 7615.77 243     31100    -242.672   -242.646   0.0261176   37       1970     
 7618.05 244     31165    -242.672   -242.646   0.0259956   31       1971     
 7618.54 244     31200    -242.672   -242.646   0.0259956   30       1971     
 7627.78 245     31291    -242.672   -242.646   0.0259023   27       1978     
 7633.76 245     31300    -242.672   -242.646   0.0259023   27       1983     
 7637.95 245     31350    -242.672   -242.646   0.0259023   31       1986     
 7642.22 246     31417    -242.672   -242.646   0.0258729   28       1989     
 7642.71 246     31450    -242.672   -242.646   0.0258729   29       1989     
 7650.04 247     31543    -242.672   -242.646   0.0258117   28       1994     
 7655.5  247     31550    -242.672   -242.646   0.0258117   27       1998     
 7661.8  247     31600    -242.672   -242.646   0.0258117   26       2003     
 7667.8  248     31667    -242.672   -242.646   0.025771    28       2007     
 7678.54 248     31700    -242.672   -242.646   0.025771    32       2016     
 7686.99 249     31791    -242.672   -242.646   0.0257328   28       2022     
 7687.41 249     31800    -242.672   -242.646   0.0257328   29       2022     
 7691.56 249     31850    -242.672   -242.646   0.0257328   28       2025     
 7694.85 250     31915    -242.672   -242.646   0.0257129   28       2027     
 7695.34 250     31950    -242.672   -242.646   0.0257129   29       2027     
 7704.78 251     32039    -242.672   -242.646   0.0256521   25       2034     
 7705.2  251     32050    -242.672   -242.646   0.0256521   25       2034     
 7714.47 251     32100    -242.672   -242.646   0.0256521   24       2041     
 7715.18 252     32163    -242.672   -242.646   0.0256198   24       2041     
 7715.66 252     32200    -242.672   -242.646   0.0256198   27       2041     
 7721.48 253     32287    -242.671   -242.646   0.0255605   24       2045     
 7721.88 253     32300    -242.671   -242.646   0.0255605   25       2045     
 7733.34 254     32350    -242.671   -242.646   0.0255605   24       2054     
 7733.99 254     32413    -242.671   -242.646   0.0254997   25       2054     
 7734.48 254     32450    -242.671   -242.646   0.0254997   27       2054     
 7742.83 255     32535    -242.671   -242.646   0.0254386   27       2060     
 7743.24 255     32550    -242.671   -242.646   0.0254386   28       2060     
 7751.9  256     32659    -242.671   -242.646   0.0254109   31       2066     
 7752.27 256     32660    -242.671   -242.646   0.0254109   31       2066     
 7765.57 256     32700    -242.671   -242.646   0.0254109   34       2077     
 7785.2  257     32781    -242.671   -242.646   0.0253661   29       2092     
 7791.45 257     32800    -242.671   -242.646   0.0253661   31       2097     
 7798.88 258     32903    -242.671   -242.646   0.0249609   30       2102     
 7799.26 258     32904    -242.671   -242.646   0.0249609   30       2102     
 7799.81 258     32950    -242.671   -242.646   0.0249609   33       2102     
 7805.9  259     33029    -242.671   -242.646   0.0248483   31       2106     
 7806.35 259     33050    -242.671   -242.646   0.0248483   31       2106     
 7817.37 260     33155    -242.671   -242.646   0.0247736   25       2114     
 7817.79 260     33156    -242.671   -242.646   0.0247736   25       2114     
 7824.19 260     33200    -242.671   -242.646   0.0247736   26       2119     
 7836.29 261     33281    -242.671   -242.646   0.0247312   26       2128     
 7841.53 261     33300    -242.671   -242.646   0.0247312   27       2132     
 7854.94 262     33405    -242.671   -242.646   0.0245952   32       2141     
 7855.32 262     33406    -242.671   -242.646   0.0245952   32       2141     
 7855.88 262     33450    -242.671   -242.646   0.0245952   32       2141     
 7862.97 263     33531    -242.67    -242.646   0.0245193   28       2146     
 7863.43 263     33550    -242.67    -242.646   0.0245193   28       2146     
 7873.74 264     33657    -242.67    -242.646   0.0244359   28       2153     
 7874.11 264     33658    -242.67    -242.646   0.0244359   27       2153     
 7874.66 264     33700    -242.67    -242.646   0.0244359   26       2153     
 7888.34 265     33783    -242.67    -242.646   0.0243491   29       2163     
 7893.77 265     33800    -242.67    -242.646   0.0243491   27       2167     
 7904.98 266     33909    -242.67    -242.646   0.0243097   26       2175     
 7905.36 266     33910    -242.67    -242.646   0.0243097   26       2175     
 7905.88 266     33950    -242.67    -242.646   0.0243097   27       2175     
 7915.93 267     34033    -242.67    -242.646   0.0242572   24       2182     
 7916.38 267     34050    -242.67    -242.646   0.0242572   25       2182     
 7926.37 268     34157    -242.67    -242.646   0.0242285   28       2189     
 7926.75 268     34158    -242.67    -242.646   0.0242285   28       2189     
 7932.13 268     34200    -242.67    -242.646   0.0242285   26       2193     
 7940.66 269     34281    -242.67    -242.646   0.0241782   25       2199     
 7941.12 269     34300    -242.67    -242.646   0.0241782   28       2199     
 7950.03 270     34405    -242.67    -242.646   0.0241495   26       2205     
 7950.42 270     34406    -242.67    -242.646   0.0241495   25       2205     
 7950.96 270     34450    -242.67    -242.646   0.0241495   28       2205     
 7960.81 271     34529    -242.67    -242.646   0.0240973   27       2212     
 7961.28 271     34550    -242.67    -242.646   0.0240973   28       2212     
 7973.15 272     34653    -242.67    -242.646   0.024069    26       2220     
 7973.55 272     34654    -242.67    -242.646   0.024069    27       2220     
 7976.22 272     34700    -242.67    -242.646   0.024069    30       2222     
 7987.21 273     34777    -242.67    -242.646   0.0240225   27       2230     
 7987.69 273     34800    -242.67    -242.646   0.0240225   28       2230     
 8002.15 274     34901    -242.67    -242.646   0.0239989   28       2240     
 8002.55 274     34902    -242.67    -242.646   0.0239989   28       2240     
 8005.89 274     34950    -242.67    -242.646   0.0239989   32       2242     
 8020.43 275     35025    -242.67    -242.646   0.023956    28       2252     
 8020.93 275     35050    -242.67    -242.646   0.023956    30       2252     
 8030.86 276     35151    -242.67    -242.646   0.023902    28       2259     
 8031.26 276     35152    -242.67    -242.646   0.023902    29       2259     
 8036.81 276     35200    -242.67    -242.646   0.023902    28       2263     
 8052.89 277     35273    -242.67    -242.646   0.0238411   28       2274     
 8053.4  277     35300    -242.67    -242.646   0.0238411   29       2274     
 8072.59 278     35395    -242.669   -242.646   0.0235685   29       2287     
 8073.02 278     35400    -242.669   -242.646   0.0235685   27       2287     
 8073.61 278     35450    -242.669   -242.646   0.0235685   27       2287     
 8081.5  279     35519    -242.669   -242.646   0.0235142   29       2292     
 8082.03 279     35550    -242.669   -242.646   0.0235142   26       2292     
 8091.46 280     35643    -242.669   -242.646   0.0235009   25       2298     
 8091.9  280     35650    -242.669   -242.646   0.0235009   29       2298     
 8101.17 280     35700    -242.669   -242.646   0.0235009   32       2304     
 8107.93 281     35767    -242.669   -242.646   0.0234848   31       2308     
 8108.55 281     35800    -242.669   -242.646   0.0234848   31       2308     
 8124.01 282     35891    -242.669   -242.646   0.0233526   29       2318     
 8126.92 282     35900    -242.669   -242.646   0.0233526   30       2320     
 8133.07 282     35950    -242.669   -242.646   0.0233526   33       2324     
 8138.63 283     36017    -242.669   -242.646   0.0233176   30       2327     
 8139.2  283     36050    -242.669   -242.646   0.0233176   30       2327     
 8153.79 284     36143    -242.669   -242.646   0.0233052   30       2336     
 8154.25 284     36150    -242.669   -242.646   0.0233052   31       2336     
 8160.31 284     36200    -242.669   -242.646   0.0233052   33       2340     
 8167.23 285     36267    -242.669   -242.646   0.0232533   30       2344     
 8167.81 285     36300    -242.669   -242.646   0.0232533   31       2344     
 8177.83 286     36391    -242.669   -242.646   0.0232321   27       2350     
 8178.3  286     36400    -242.669   -242.646   0.0232321   27       2350     
 8188.01 286     36450    -242.669   -242.646   0.0232321   29       2356     
 8194.24 287     36519    -242.669   -242.646   0.0231624   31       2360     
 8194.81 287     36550    -242.669   -242.646   0.0231624   32       2360     
 8208.92 288     36643    -242.669   -242.646   0.0231311   30       2369     
 8209.37 288     36650    -242.669   -242.646   0.0231311   31       2369     
 8220.11 288     36700    -242.669   -242.646   0.0231311   33       2376     
 8226.99 289     36767    -242.669   -242.646   0.0230796   30       2380     
 8227.56 289     36800    -242.669   -242.646   0.0230796   31       2380     
 8238.9  290     36891    -242.669   -242.646   0.023045    31       2387     
 8239.38 290     36900    -242.669   -242.646   0.023045    30       2387     
 8247.41 290     36950    -242.669   -242.646   0.023045    33       2392     
 8249.82 291     37013    -242.669   -242.646   0.023006    29       2393     
 8250.4  291     37050    -242.669   -242.646   0.023006    31       2393     
 8264.82 292     37137    -242.669   -242.646   0.0229833   30       2402     
 8265.3  292     37150    -242.669   -242.646   0.0229833   30       2402     
 8277.8  293     37259    -242.669   -242.646   0.0229462   33       2410     
 8278.24 293     37260    -242.669   -242.646   0.0229462   33       2410     
 8278.87 293     37300    -242.669   -242.646   0.0229462   31       2410     
 8290.27 294     37381    -242.669   -242.646   0.0229227   32       2417     
 8290.79 294     37400    -242.669   -242.646   0.0229227   31       2417     
 8300.95 295     37503    -242.669   -242.646   0.0228916   28       2423     
 8301.39 295     37504    -242.669   -242.646   0.0228916   29       2423     
 8302.02 295     37550    -242.669   -242.646   0.0228916   29       2423     
 8314.96 296     37625    -242.669   -242.646   0.0228696   28       2431     
 8320.99 296     37650    -242.669   -242.646   0.0228696   24       2435     
 8329.13 297     37747    -242.669   -242.646   0.0225982   26       2440     
 8329.63 297     37750    -242.669   -242.646   0.0225982   24       2440     
 8330.32 297     37800    -242.669   -242.646   0.0225982   25       2440     
 8344.31 298     37871    -242.669   -242.646   0.0225746   28       2448     
 8344.92 298     37900    -242.669   -242.646   0.0225746   26       2448     
 8356.74 299     37995    -242.669   -242.646   0.0225512   28       2455     
 8357.2  299     38000    -242.669   -242.646   0.0225512   26       2455     
 8376.47 299     38050    -242.669   -242.646   0.0225512   25       2467     
 8388.4  300     38121    -242.668   -242.646   0.0225022   22       2474     
 8389.04 300     38150    -242.668   -242.646   0.0225022   22       2474     
 8404.21 301     38245    -242.668   -242.646   0.0224722   30       2483     
 8404.68 301     38250    -242.668   -242.646   0.0224722   26       2483     
 8406.79 301     38300    -242.668   -242.646   0.0224722   27       2484     
 8415.32 302     38367    -242.668   -242.646   0.0224536   25       2489     
 8415.95 302     38400    -242.668   -242.646   0.0224536   26       2489     
 8424.45 303     38489    -242.668   -242.646   0.0224346   23       2494     
 8437.57 303     38500    -242.668   -242.646   0.0224346   26       2503     
 8446.24 304     38550    -242.668   -242.646   0.0224346   27       2508     
 8447.11 304     38611    -242.668   -242.646   0.0221705   25       2508     
 8447.75 304     38650    -242.668   -242.646   0.0221705   26       2508     
 8464.77 305     38735    -242.668   -242.646   0.0221509   28       2518     
 8465.34 305     38750    -242.668   -242.646   0.0221509   28       2518     
 8477.49 306     38859    -242.668   -242.646   0.02212     25       2525     
 8477.93 306     38860    -242.668   -242.646   0.02212     25       2525     
 8478.55 306     38900    -242.668   -242.646   0.02212     25       2525     
 8492.39 307     38983    -242.668   -242.646   0.0220849   27       2533     
 8492.93 307     39000    -242.668   -242.646   0.0220849   27       2533     
 8510.52 308     39107    -242.668   -242.646   0.0220613   30       2543     
 8510.97 308     39108    -242.668   -242.646   0.0220613   30       2543     
 8511.62 308     39150    -242.668   -242.646   0.0220613   27       2543     
 8530.5  309     39231    -242.668   -242.646   0.0220377   29       2554     
 8531.05 309     39250    -242.668   -242.646   0.0220377   25       2554     
 8541.23 310     39353    -242.668   -242.646   0.0220216   24       2560     
 8541.69 310     39354    -242.668   -242.646   0.0220216   24       2560     
 8542.35 310     39400    -242.668   -242.646   0.0220216   25       2560     
 8553.07 311     39475    -242.668   -242.646   0.0220082   27       2566     
 8553.64 311     39500    -242.668   -242.646   0.0220082   27       2566     
 8569.78 312     39597    -242.668   -242.646   0.021997    26       2576     
 8570.26 312     39600    -242.668   -242.646   0.021997    25       2576     
 8582.18 312     39650    -242.668   -242.646   0.021997    21       2583     
 8595.09 313     39719    -242.668   -242.646   0.0219819   26       2590     
 8595.73 313     39750    -242.668   -242.646   0.0219819   28       2590     
 8604.69 314     39841    -242.668   -242.646   0.0219588   27       2595     
 8605.23 314     39850    -242.668   -242.646   0.0219588   26       2595     
 8613.45 314     39900    -242.668   -242.646   0.0219588   24       2600     
 8616.2  315     39963    -242.668   -242.646   0.0219299   22       2601     
 8616.86 315     40000    -242.668   -242.646   0.0219299   23       2601     
 8629.72 316     40085    -242.668   -242.646   0.0219062   25       2608     
 8641.24 316     40100    -242.668   -242.646   0.0219062   26       2615     
 8658.94 317     40207    -242.668   -242.646   0.021538    24       2625     
 8659.42 317     40208    -242.668   -242.646   0.021538    24       2625     
 8660.1  317     40250    -242.668   -242.646   0.021538    24       2625     
 8672.81 318     40331    -242.668   -242.646   0.0215151   25       2632     
 8673.39 318     40350    -242.668   -242.646   0.0215151   25       2632     
 8682.53 319     40457    -242.668   -242.646   0.0214736   22       2637     
 8683.01 319     40458    -242.668   -242.646   0.0214736   22       2637     
 8683.67 319     40500    -242.668   -242.646   0.0214736   23       2637     
 8698.22 320     40581    -242.667   -242.646   0.0214317   23       2645     
 8708.56 320     40600    -242.667   -242.646   0.0214317   26       2651     
 8736.23 321     40703    -242.667   -242.646   0.0214084   26       2668     
 8736.7  321     40704    -242.667   -242.646   0.0214084   26       2668     
 8740.1  321     40750    -242.667   -242.646   0.0214084   28       2670     
 8758.34 322     40825    -242.667   -242.646   0.0213939   27       2682     
 8758.96 322     40850    -242.667   -242.646   0.0213939   27       2682     
 8771.97 323     40949    -242.667   -242.646   0.021372    26       2689     
 8772.45 323     40950    -242.667   -242.646   0.021372    26       2689     
 8781.34 323     41000    -242.667   -242.646   0.021372    28       2694     
 8792.19 324     41071    -242.667   -242.646   0.0213485   25       2700     
 8792.81 324     41100    -242.667   -242.646   0.0213485   28       2700     
 8811.65 325     41193    -242.667   -242.646   0.0213255   26       2711     
 8812.16 325     41200    -242.667   -242.646   0.0213255   26       2711     
 8832.34 325     41250    -242.667   -242.646   0.0213255   28       2724     
 8840.04 326     41317    -242.667   -242.646   0.0212912   27       2728     
 8844.81 326     41350    -242.667   -242.646   0.0212912   32       2731     
 8853.82 327     41439    -242.667   -242.646   0.021159    24       2736     
 8854.37 327     41450    -242.667   -242.646   0.021159    24       2736     
 8878.38 328     41500    -242.667   -242.646   0.021159    29       2751     
 8879.31 328     41561    -242.667   -242.646   0.0211343   26       2751     
 8879.99 328     41600    -242.667   -242.646   0.0211343   26       2751     
 8890.59 329     41683    -242.667   -242.646   0.0211161   29       2757     
 8891.17 329     41700    -242.667   -242.646   0.0211161   31       2757     
 8900.98 330     41805    -242.667   -242.646   0.0211033   27       2762     
 8901.48 330     41806    -242.667   -242.646   0.0211033   27       2762     
 8902.19 330     41850    -242.667   -242.646   0.0211033   27       2762     
 8918.86 331     41927    -242.667   -242.646   0.0210813   26       2771     
 8919.5  331     41950    -242.667   -242.646   0.0210813   28       2771     
 8931.16 332     42049    -242.667   -242.646   0.0210512   30       2777     
 8931.66 332     42050    -242.667   -242.646   0.0210512   30       2777     
 8932.45 332     42100    -242.667   -242.646   0.0210512   30       2777     
 8947.44 333     42171    -242.667   -242.646   0.0210389   27       2785     
 8956.6  333     42200    -242.667   -242.646   0.0210389   27       2790     
 8973.26 334     42295    -242.667   -242.646   0.0210025   27       2799     
 8973.8  334     42300    -242.667   -242.646   0.0210025   27       2799     
 8974.57 334     42350    -242.667   -242.646   0.0210025   27       2799     
 8984.27 335     42417    -242.667   -242.646   0.0209674   27       2804     
 8984.93 335     42450    -242.667   -242.646   0.0209674   29       2804     
 8998.96 336     42539    -242.667   -242.646   0.0209381   26       2811     
 9011.19 336     42550    -242.667   -242.646   0.0209381   28       2818     
 9054.57 337     42659    -242.667   -242.646   0.0209193   27       2841     
 9055.1  337     42660    -242.667   -242.646   0.0209193   27       2841     
 9055.85 337     42700    -242.667   -242.646   0.0209193   28       2841     
 9065.92 338     42779    -242.667   -242.646   0.0208969   27       2846     
 9066.57 338     42800    -242.667   -242.646   0.0208969   27       2846     
 9081.99 339     42899    -242.667   -242.646   0.0208804   27       2854     
 9082.51 339     42900    -242.667   -242.646   0.0208804   27       2854     
 9083.26 339     42950    -242.667   -242.646   0.0208804   28       2854     
 9090.76 340     43019    -242.667   -242.646   0.0208661   27       2858     
 9091.46 340     43050    -242.667   -242.646   0.0208661   28       2858     
 9103.03 341     43139    -242.667   -242.646   0.0208512   29       2864     
 9103.61 341     43150    -242.667   -242.646   0.0208512   29       2864     
 9122.46 342     43259    -242.667   -242.646   0.0208312   32       2874     
 9122.99 342     43260    -242.667   -242.646   0.0208312   32       2874     
 9123.72 342     43300    -242.667   -242.646   0.0208312   34       2874     
 9138.74 343     43379    -242.667   -242.646   0.0205192   30       2882     
 9139.34 343     43400    -242.667   -242.646   0.0205192   32       2882     
 9151.32 344     43501    -242.667   -242.646   0.0204973   33       2888     
 9151.84 344     43502    -242.667   -242.646   0.0204973   33       2888     
 9152.62 344     43550    -242.667   -242.646   0.0204973   31       2888     
 9173.01 345     43623    -242.667   -242.646   0.0204862   29       2899     
 9173.67 345     43650    -242.667   -242.646   0.0204862   29       2899     
 9188.68 346     43745    -242.667   -242.646   0.0204752   30       2907     
 9190.66 346     43750    -242.667   -242.646   0.0204752   28       2908     
 9206.46 346     43800    -242.667   -242.646   0.0204752   29       2917     
 9218.22 347     43869    -242.667   -242.646   0.0204438   30       2923     
 9218.92 347     43900    -242.667   -242.646   0.0204438   32       2923     
 9236.78 348     43989    -242.666   -242.646   0.0204158   28       2932     
 9237.37 348     44000    -242.666   -242.646   0.0204158   29       2932     
 9247.22 349     44109    -242.666   -242.646   0.0203987   31       2937     
 9247.75 349     44110    -242.666   -242.646   0.0203987   31       2937     
 9259.95 349     44150    -242.666   -242.646   0.0203987   31       2944     
 9272.01 350     44229    -242.666   -242.646   0.0203796   26       2950     
 9272.67 350     44250    -242.666   -242.646   0.0203796   28       2950     
 9285.13 351     44349    -242.666   -242.646   0.0203713   31       2956     
 9285.67 351     44350    -242.666   -242.646   0.0203713   32       2956     
 9286.5  351     44400    -242.666   -242.646   0.0203713   32       2956     
 9293.08 352     44469    -242.666   -242.646   0.0203606   28       2959     
 9293.78 352     44500    -242.666   -242.646   0.0203606   29       2959     
 9315.22 353     44589    -242.666   -242.646   0.0203331   28       2970     
 9315.81 353     44600    -242.666   -242.646   0.0203331   29       2970     
 9329.98 354     44709    -242.666   -242.646   0.0203192   31       2977     
 9330.56 354     44710    -242.666   -242.646   0.0203192   30       2977     
 9331.39 354     44750    -242.666   -242.646   0.0203192   32       2977     
 9344.13 355     44829    -242.666   -242.646   0.0201889   32       2983     
 9344.82 355     44850    -242.666   -242.646   0.0201889   34       2983     
 9361.62 356     44949    -242.666   -242.646   0.020168    32       2991     
 9362.22 356     44950    -242.666   -242.646   0.020168    32       2991     
 9363.08 356     45000    -242.666   -242.646   0.020168    34       2991     
 9380.11 357     45069    -242.666   -242.646   0.0201558   30       2999     
 9380.89 357     45100    -242.666   -242.646   0.0201558   34       2999     
 9395.96 358     45189    -242.666   -242.646   0.0197259   30       3006     
 9396.59 358     45200    -242.666   -242.646   0.0197259   30       3006     
 9410.71 358     45250    -242.666   -242.646   0.0197259   31       3013     
 9411.7  359     45313    -242.666   -242.646   0.0197108   29       3013     
 9412.45 359     45350    -242.666   -242.646   0.0197108   30       3013     
 9423.17 360     45437    -242.666   -242.646   0.0196919   28       3018     
 9423.8  360     45450    -242.666   -242.646   0.0196919   29       3018     
 9434.38 361     45561    -242.666   -242.646   0.019674    26       3023     
 9434.94 361     45562    -242.666   -242.646   0.019674    26       3023     
 9464.52 361     45600    -242.666   -242.646   0.019674    29       3039     
 9481.73 362     45685    -242.666   -242.646   0.0196515   29       3047     
 9482.39 362     45700    -242.666   -242.646   0.0196515   31       3047     
 9518.9  363     45809    -242.666   -242.646   0.0196247   26       3065     
 9519.48 363     45810    -242.666   -242.646   0.0196247   26       3065     
 9520.27 363     45850    -242.666   -242.646   0.0196247   28       3065     
 9535.02 364     45933    -242.666   -242.646   0.0196048   28       3072     
 9535.66 364     45950    -242.666   -242.646   0.0196048   30       3072     
 9551.53 365     46059    -242.666   -242.646   0.0195766   27       3080     
 9552.11 365     46060    -242.666   -242.646   0.0195766   27       3080     
 9552.9  365     46100    -242.666   -242.646   0.0195766   29       3080     
 9571.94 366     46183    -242.666   -242.646   0.0195542   29       3089     
 9572.58 366     46200    -242.666   -242.646   0.0195542   31       3089     
 9587.19 367     46305    -242.666   -242.646   0.0195381   29       3096     
 9589.61 367     46306    -242.666   -242.646   0.0195381   29       3097     
 9600.95 367     46350    -242.666   -242.646   0.0195381   40       3103     
 9612.74 368     46427    -242.665   -242.646   0.0189864   33       3109     
 9613.41 368     46450    -242.665   -242.646   0.0189864   40       3109     
 9627.51 369     46555    -242.665   -242.646   0.0189624   34       3116     
 9628.06 369     46556    -242.665   -242.646   0.0189624   34       3116     
 9628.79 369     46600    -242.665   -242.646   0.0189624   34       3116     
 9644.69 370     46683    -242.665   -242.646   0.0189504   33       3124     
 9645.34 370     46700    -242.665   -242.646   0.0189504   33       3124     
 9660.34 371     46811    -242.665   -242.646   0.0189355   34       3131     
 9660.91 371     46812    -242.665   -242.646   0.0189355   35       3131     
 9672.1  371     46850    -242.665   -242.646   0.0189355   36       3137     
 9692.25 372     46941    -242.665   -242.646   0.0188904   32       3147     
 9697.98 372     46950    -242.665   -242.646   0.0188904   29       3150     
 9715.97 372     47000    -242.665   -242.646   0.0188904   30       3159     
 9724.97 373     47069    -242.665   -242.646   0.0188792   32       3163     
 9725.68 373     47100    -242.665   -242.646   0.0188792   34       3163     
 9739.01 374     47197    -242.665   -242.646   0.0188569   32       3170     
 9739.59 374     47200    -242.665   -242.646   0.0188569   32       3170     
 9740.44 374     47250    -242.665   -242.646   0.0188569   32       3170     
 9750.66 375     47325    -242.665   -242.646   0.0188474   31       3175     
 9751.34 375     47350    -242.665   -242.646   0.0188474   33       3175     
 9775.96 376     47453    -242.665   -242.646   0.018825    33       3187     
 9776.53 376     47454    -242.665   -242.646   0.018825    33       3187     
 9777.42 376     47500    -242.665   -242.646   0.018825    31       3187     
 9797.81 377     47581    -242.665   -242.646   0.018813    30       3197     
 9798.48 377     47600    -242.665   -242.646   0.018813    32       3197     
 9811.33 378     47711    -242.665   -242.646   0.0187846   30       3203     
 9811.9  378     47712    -242.665   -242.646   0.0187846   30       3203     
 9812.65 378     47750    -242.665   -242.646   0.0187846   31       3203     
 9833.09 379     47837    -242.665   -242.646   0.0187704   30       3213     
 9833.74 379     47850    -242.665   -242.646   0.0187704   31       3213     
 9850.76 380     47900    -242.665   -242.646   0.0187704   34       3222     
 9851.78 380     47963    -242.665   -242.646   0.0187535   33       3222     
 9852.52 380     48000    -242.665   -242.646   0.0187535   33       3222     
 9866.68 381     48089    -242.665   -242.646   0.0187452   35       3229     
 9867.32 381     48100    -242.665   -242.646   0.0187452   35       3229     
 9877.81 381     48150    -242.665   -242.646   0.0187452   38       3234     
 9880.73 382     48215    -242.665   -242.646   0.018737    33       3235     
 9881.48 382     48250    -242.665   -242.646   0.018737    34       3235     
 9892.54 383     48341    -242.665   -242.646   0.0187266   30       3240     
 9893.18 383     48350    -242.665   -242.646   0.0187266   30       3240     
 9912.6  383     48400    -242.665   -242.646   0.0187266   32       3250     
 9919.66 384     48467    -242.665   -242.646   0.0187165   35       3253     
 9920.39 384     48500    -242.665   -242.646   0.0187165   35       3253     
 9938.59 385     48593    -242.665   -242.646   0.0187097   36       3262     
 9939.23 385     48600    -242.665   -242.646   0.0187097   33       3262     
 9940.09 385     48650    -242.665   -242.646   0.0187097   32       3262     
 9950.84 386     48719    -242.665   -242.646   0.0187014   32       3267     
 9951.57 386     48750    -242.665   -242.646   0.0187014   32       3267     
 9958.48 387     48845    -242.665   -242.646   0.0186948   31       3270     
 9959.1  387     48850    -242.665   -242.646   0.0186948   28       3270     
 9961.55 387     48900    -242.665   -242.646   0.0186948   30       3271     
 9976.09 388     48971    -242.665   -242.646   0.0186832   30       3278     
 9976.85 388     49000    -242.665   -242.646   0.0186832   30       3278     
 9999.03 389     49097    -242.665   -242.646   0.0186778   31       3290     
 9999.65 389     49100    -242.665   -242.646   0.0186778   32       3290     
 10000.5 389     49150    -242.665   -242.646   0.0186778   31       3290     
-------------------------------------------------------------------------------

SARSOP finishing ...
  Preset timeout reached
  Timeout     : 10000.000000s
  Actual Time : 10000.510000s

-------------------------------------------------------------------------------
 Time   |#Trial |#Backup |LBound    |UBound    |Precision  |#Alphas |#Beliefs  
-------------------------------------------------------------------------------
 10000.5 389     49150    -242.665   -242.646   0.0186778   31       3290     
-------------------------------------------------------------------------------

Writing out policy ...
  output file : RAM4_small/384ea096db.policyx

