
Loading the model ...
  input file   : /home/rstudio/RAM4_small/385e279f84.pomdpx
  loading time : 4.76s 

SARSOP initializing ...
  initialization time : 8783.53s

-------------------------------------------------------------------------------
 Time   |#Trial |#Backup |LBound    |UBound    |Precision  |#Alphas |#Beliefs  
-------------------------------------------------------------------------------
 8783.53 0       0        -319.983   -311.592   8.39081     101      1        
 8784.89 0       50       -319.264   -311.954   7.31001     12       18       
 8785.37 1       109      -317.328   -311.954   5.37378     7        21       
 8785.44 1       150      -317.328   -311.954   5.37378     17       22       
 8786    2       225      -316.278   -311.954   4.3235      5        30       
 8786.04 2       250      -316.278   -311.954   4.3235      13       30       
 8786.43 3       351      -315.581   -311.954   3.62634     10       35       
 8786.5  3       352      -315.581   -311.954   3.62634     11       36       
 8787.08 3       400      -315.581   -311.954   3.62634     15       42       
 8788.3  4       481      -315.157   -311.954   3.20235     11       50       
 8788.4  4       500      -315.157   -311.954   3.20235     19       52       
 8788.72 5       613      -314.849   -311.954   2.89471     17       54       
 8788.74 5       614      -314.849   -311.954   2.89471     18       54       
 8788.8  5       650      -314.849   -311.954   2.89471     18       54       
 8789.15 6       749      -314.613   -311.954   2.65903     16       57       
 8789.16 6       750      -314.613   -311.954   2.65903     17       57       
 8789.24 6       800      -314.613   -311.954   2.65903     19       57       
 8789.64 7       885      -314.381   -311.954   2.4267      11       61       
 8789.68 7       900      -314.381   -311.954   2.4267      18       61       
 8789.83 7       950      -314.381   -311.954   2.4267      33       63       
 8790.08 8       1019     -314.184   -311.954   2.22947     18       64       
 8790.15 8       1050     -314.184   -311.954   2.22947     6        64       
 8790.6  9       1155     -314.024   -311.955   2.06981     12       68       
 8790.62 9       1156     -314.024   -311.955   2.06981     13       68       
 8790.7  9       1200     -314.024   -311.955   2.06981     10       68       
 8791.17 10      1289     -313.916   -311.955   1.96122     12       72       
 8791.2  10      1300     -313.916   -311.955   1.96122     12       72       
 8791.29 10      1350     -313.916   -311.955   1.96122     11       72       
 8791.59 11      1423     -313.817   -311.955   1.86218     12       74       
 8791.65 11      1450     -313.817   -311.955   1.86218     11       74       
 8791.96 12      1557     -313.708   -311.955   1.75367     13       75       
 8791.97 12      1558     -313.708   -311.955   1.75367     12       75       
 8792.05 12      1600     -313.708   -311.955   1.75367     8        75       
 8792.33 13      1693     -313.597   -311.955   1.64273     11       76       
 8792.36 13      1700     -313.597   -311.955   1.64273     7        76       
 8792.45 13      1750     -313.597   -311.955   1.64273     6        76       
 8792.88 14      1827     -313.495   -311.955   1.54048     8        79       
 8792.93 14      1850     -313.495   -311.955   1.54048     5        79       
 8793.45 15      1963     -313.401   -311.955   1.44662     5        83       
 8793.47 15      1964     -313.401   -311.955   1.44662     4        83       
 8795.44 15      2000     -313.401   -311.955   1.44662     5        98       
 8797.1  16      2099     -313.329   -311.955   1.37471     5        103      
 8797.12 16      2100     -313.329   -311.955   1.37471     4        103      
 8797.21 16      2150     -313.329   -311.955   1.37471     4        103      
 8798.03 17      2235     -313.254   -311.955   1.29956     5        108      
 8798.07 17      2250     -313.254   -311.955   1.29956     4        108      
 8798.31 17      2300     -313.254   -311.955   1.29956     5        110      
 8798.75 18      2371     -313.195   -311.955   1.24052     5        112      
 8798.81 18      2400     -313.195   -311.955   1.24052     5        112      
 8799.33 19      2507     -313.139   -311.955   1.18383     7        115      
 8799.36 19      2508     -313.139   -311.955   1.18383     6        115      
 8800.93 19      2550     -313.139   -311.955   1.18383     6        127      
 8803.47 20      2643     -313.064   -311.955   1.10949     7        136      
 8803.51 20      2650     -313.064   -311.955   1.10949     5        136      
 8803.61 20      2700     -313.064   -311.955   1.10949     5        136      
 8805.14 21      2781     -313.022   -311.955   1.06675     8        144      
 8805.19 21      2800     -313.022   -311.955   1.06675     6        144      
 8807.75 22      2850     -313.022   -311.955   1.06675     9        156      
 8807.96 22      2919     -312.976   -311.955   1.02112     8        156      
 8808.03 22      2950     -312.976   -311.955   1.02112     5        156      
 8809.16 23      3055     -312.94    -311.955   0.984596    7        162      
 8809.19 23      3056     -312.94    -311.955   0.984596    6        162      
 8809.29 23      3100     -312.94    -311.955   0.984596    7        162      
 8810.42 24      3191     -312.906   -311.955   0.950783    7        168      
 8810.47 24      3200     -312.906   -311.955   0.950783    4        168      
 8810.83 24      3250     -312.906   -311.955   0.950783    7        170      
 8812.59 25      3327     -312.866   -311.955   0.910584    7        178      
 8812.66 25      3350     -312.866   -311.955   0.910584    6        178      
 8815    26      3465     -312.823   -311.955   0.868434    9        189      
 8815.04 26      3466     -312.823   -311.955   0.868434    8        189      
 8815.12 26      3500     -312.823   -311.955   0.868434    7        189      
 8816.64 27      3603     -312.789   -311.955   0.834319    6        196      
 8816.67 27      3604     -312.789   -311.955   0.834319    6        196      
 8816.78 27      3650     -312.789   -311.955   0.834319    8        196      
 8817.99 28      3741     -312.756   -311.955   0.800925    7        202      
 8818.12 28      3750     -312.756   -311.955   0.800925    8        203      
 8818.23 28      3800     -312.756   -311.955   0.800925    8        203      
 8819.44 29      3879     -312.728   -311.955   0.772652    8        209      
 8820.64 29      3900     -312.728   -311.955   0.772652    8        215      
 8822.66 30      4017     -312.695   -311.955   0.740194    9        221      
 8822.9  30      4018     -312.695   -311.955   0.740194    9        222      
 8824.05 30      4050     -312.695   -311.955   0.740194    6        227      
 8826.48 31      4155     -312.668   -311.955   0.71283     7        235      
 8826.52 31      4156     -312.668   -311.955   0.71283     7        235      
 8826.63 31      4200     -312.668   -311.955   0.71283     7        235      
 8830.79 32      4293     -312.645   -311.955   0.689346    9        248      
 8830.85 32      4300     -312.645   -311.955   0.689346    7        248      
 8830.97 32      4350     -312.645   -311.955   0.689346    7        248      
 8833.08 33      4431     -312.624   -311.955   0.668501    9        256      
 8833.16 33      4450     -312.624   -311.955   0.668501    8        256      
 8835.75 34      4500     -312.624   -311.955   0.668501    9        267      
 8835.97 34      4569     -312.602   -311.956   0.646047    8        267      
 8836.97 34      4600     -312.602   -311.956   0.646047    8        272      
 8840.08 35      4707     -312.57    -311.956   0.614936    7        281      
 8840.14 35      4708     -312.57    -311.956   0.614936    7        281      
 8840.26 35      4750     -312.57    -311.956   0.614936    7        281      
 8843    36      4847     -312.552   -311.956   0.596501    9        290      
 8843.54 36      4850     -312.552   -311.956   0.596501    8        292      
 8843.8  36      4900     -312.552   -311.956   0.596501    8        293      
 8849.59 37      4985     -312.534   -311.956   0.578008    10       307      
 8849.68 37      5000     -312.534   -311.956   0.578008    8        307      
 8852.79 37      5050     -312.534   -311.956   0.578008    10       316      
 8854.4  38      5123     -312.515   -311.956   0.558934    9        319      
 8854.51 38      5150     -312.515   -311.956   0.558934    7        319      
 8856.26 39      5261     -312.497   -311.956   0.540986    9        324      
 8856.33 39      5262     -312.497   -311.956   0.540986    9        324      
 8856.46 39      5300     -312.497   -311.956   0.540986    8        324      
 8863.88 40      5399     -312.476   -311.956   0.520082    9        343      
 8864.26 40      5400     -312.476   -311.956   0.520082    10       344      
 8865.72 40      5450     -312.476   -311.956   0.520082    9        348      
 8871.5  41      5535     -312.461   -311.956   0.505582    10       360      
 8871.6  41      5550     -312.461   -311.956   0.505582    10       360      
 8874.02 41      5600     -312.461   -311.956   0.505582    10       367      
 8875.2  42      5671     -312.439   -311.956   0.483643    9        369      
 8875.32 42      5700     -312.439   -311.956   0.483643    8        369      
 8879.67 43      5809     -312.429   -311.956   0.47356     9        379      
 8880.06 43      5810     -312.429   -311.956   0.47356     10       380      
 8881.79 43      5850     -312.429   -311.956   0.47356     10       385      
 8887.71 44      5945     -312.412   -311.956   0.456169    11       396      
 8887.8  44      5950     -312.412   -311.956   0.456169    8        396      
 8887.96 44      6000     -312.412   -311.956   0.456169    10       396      
 8893.23 45      6083     -312.396   -311.956   0.440123    10       407      
 8893.34 45      6100     -312.396   -311.956   0.440123    11       407      
 8897.76 45      6150     -312.396   -311.956   0.440123    9        419      
 8898.49 46      6221     -312.382   -311.956   0.425744    11       420      
 8898.63 46      6250     -312.382   -311.956   0.425744    11       420      
 8905.15 47      6357     -312.371   -311.956   0.414705    10       434      
 8905.24 47      6358     -312.371   -311.956   0.414705    11       434      
 8908.18 47      6400     -312.371   -311.956   0.414705    10       441      
 8913.9  48      6493     -312.359   -311.956   0.402992    10       451      
 8916.43 48      6500     -312.359   -311.956   0.402992    10       457      
 8918.58 48      6550     -312.359   -311.956   0.402992    11       463      
 8922.8  49      6629     -312.345   -311.956   0.388586    13       470      
 8923.14 49      6650     -312.345   -311.956   0.388586    13       471      
 8928.48 50      6767     -312.334   -311.956   0.378041    12       483      
 8928.58 50      6768     -312.334   -311.956   0.378041    13       483      
 8928.74 50      6800     -312.334   -311.956   0.378041    12       483      
 8931.58 51      6905     -312.325   -311.956   0.368618    13       488      
 8931.68 51      6906     -312.325   -311.956   0.368618    14       488      
 8931.86 51      6950     -312.325   -311.956   0.368618    13       488      
 8936.64 52      7043     -312.317   -311.956   0.36114     11       497      
 8938.71 52      7050     -312.317   -311.956   0.36114     12       502      
 8939.36 52      7100     -312.317   -311.956   0.36114     11       503      
 8944.97 53      7179     -312.305   -311.956   0.34894     11       513      
 8945.1  53      7200     -312.305   -311.956   0.34894     13       513      
 8952.34 54      7317     -312.298   -311.956   0.342051    11       526      
 8952.44 54      7318     -312.298   -311.956   0.342051    12       526      
 8952.61 54      7350     -312.298   -311.956   0.342051    13       526      
 8958.63 55      7453     -312.289   -311.956   0.332882    11       537      
 8958.74 55      7454     -312.289   -311.956   0.332882    11       537      
 8960.2  55      7500     -312.289   -311.956   0.332882    12       540      
 8969.37 56      7589     -312.283   -311.956   0.326688    12       554      
 8971.24 56      7600     -312.283   -311.956   0.326688    12       558      
 8981.37 56      7650     -312.283   -311.956   0.326688    11       574      
 8985.89 57      7723     -312.271   -311.956   0.315327    11       579      
 8986.06 57      7750     -312.271   -311.956   0.315327    11       579      
 8990.76 58      7861     -312.261   -311.956   0.304868    11       586      
 8990.88 58      7862     -312.261   -311.956   0.304868    11       586      
 8991.07 58      7900     -312.261   -311.956   0.304868    11       586      
 8999.11 59      7997     -312.252   -311.956   0.295732    11       599      
 8999.23 59      8000     -312.252   -311.956   0.295732    11       599      
 9002.47 59      8050     -312.252   -311.956   0.295732    11       604      
 9010.63 60      8135     -312.247   -311.956   0.290529    11       615      
 9012.43 60      8150     -312.247   -311.956   0.290529    12       618      
 9020.47 60      8200     -312.247   -311.956   0.290529    11       630      
 9022.36 61      8271     -312.238   -311.956   0.282281    12       632      
 9024.29 61      8300     -312.238   -311.956   0.282281    12       635      
 9030.54 62      8407     -312.231   -311.956   0.274959    12       644      
 9030.67 62      8408     -312.231   -311.956   0.274959    12       644      
 9032.96 62      8450     -312.231   -311.956   0.274959    12       648      
 9044.41 63      8543     -312.223   -311.956   0.266355    11       663      
 9044.56 63      8550     -312.223   -311.956   0.266355    12       663      
 9044.78 63      8600     -312.223   -311.956   0.266355    11       663      
 9050.67 64      8679     -312.215   -311.956   0.258642    11       672      
 9050.84 64      8700     -312.215   -311.956   0.258642    11       672      
 9059.51 65      8815     -312.207   -311.956   0.250899    12       684      
 9059.65 65      8816     -312.207   -311.956   0.250899    12       684      
 9060.45 65      8850     -312.207   -311.956   0.250899    11       685      
 9066.07 66      8953     -312.203   -311.956   0.24677     11       692      
 9066.21 66      8954     -312.203   -311.956   0.24677     11       692      
 9066.44 66      9000     -312.203   -311.956   0.24677     11       692      
 9077.02 67      9089     -312.194   -311.956   0.238151    11       706      
 9077.19 67      9100     -312.194   -311.956   0.238151    12       706      
 9078.44 67      9150     -312.194   -311.956   0.238151    12       708      
 9082.19 68      9225     -312.19    -311.956   0.234221    11       713      
 9084.01 68      9250     -312.19    -311.956   0.234221    13       716      
 9092.07 69      9361     -312.185   -311.956   0.229226    14       726      
 9092.22 69      9362     -312.185   -311.956   0.229226    14       726      
 9092.45 69      9400     -312.185   -311.956   0.229226    13       726      
 9105.08 70      9495     -312.182   -311.956   0.22606     12       742      
 9105.23 70      9500     -312.182   -311.956   0.22606     12       742      
 9105.47 70      9550     -312.182   -311.956   0.22606     12       742      
 9110.95 71      9629     -312.176   -311.956   0.22016     14       749      
 9111.15 71      9650     -312.176   -311.956   0.22016     13       749      
 9120    72      9767     -312.173   -311.956   0.216667    13       761      
 9120.15 72      9768     -312.173   -311.956   0.216667    13       761      
 9120.36 72      9800     -312.173   -311.956   0.216667    13       761      
 9129.56 73      9899     -312.165   -311.956   0.20851     12       772      
 9129.72 73      9900     -312.165   -311.956   0.20851     13       772      
 9129.97 73      9950     -312.165   -311.956   0.20851     14       772      
 9139.39 74      10035    -312.162   -311.956   0.205429    12       784      
 9139.58 74      10050    -312.162   -311.956   0.205429    11       784      
 9144.95 74      10100    -312.162   -311.956   0.205429    13       791      
 9146.04 75      10169    -312.158   -311.956   0.201459    12       792      
 9148.34 75      10200    -312.158   -311.956   0.201459    12       795      
 9156.49 76      10303    -312.154   -311.956   0.197543    12       804      
 9157.4  76      10304    -312.154   -311.956   0.197543    13       805      
 9161.25 76      10350    -312.154   -311.956   0.197543    13       810      
 9172.44 77      10437    -312.146   -311.956   0.189129    14       822      
 9172.63 77      10450    -312.146   -311.956   0.189129    13       822      
 9175.24 77      10500    -312.146   -311.956   0.189129    16       825      
 9179.82 78      10575    -312.142   -311.956   0.185463    12       830      
 9180.04 78      10600    -312.142   -311.956   0.185463    12       830      
 9192.73 79      10711    -312.139   -311.956   0.182609    16       844      
 9192.9  79      10712    -312.139   -311.956   0.182609    15       844      
 9193.14 79      10750    -312.139   -311.956   0.182609    13       844      
 9199.56 80      10845    -312.134   -311.956   0.177026    11       851      
 9199.75 80      10850    -312.134   -311.956   0.177026    11       851      
 9200.02 80      10900    -312.134   -311.956   0.177026    11       851      
 9206.38 81      10981    -312.131   -311.956   0.174829    12       858      
 9206.6  81      11000    -312.131   -311.956   0.174829    12       858      
 9216.05 82      11117    -312.128   -311.956   0.171484    12       868      
 9216.22 82      11118    -312.128   -311.956   0.171484    13       868      
 9216.45 82      11150    -312.128   -311.956   0.171484    13       868      
 9231.23 83      11251    -312.126   -311.956   0.169469    15       883      
 9231.41 83      11252    -312.126   -311.956   0.169469    15       883      
 9235.3  83      11300    -312.126   -311.956   0.169469    14       888      
 9244.27 84      11383    -312.12    -311.957   0.163299    14       897      
 9245.08 84      11400    -312.12    -311.957   0.163299    15       898      
 9250.93 84      11450    -312.12    -311.957   0.163299    13       904      
 9251.33 85      11519    -312.118   -311.957   0.160985    11       904      
 9255.43 85      11550    -312.118   -311.957   0.160985    13       909      
 9263.56 86      11655    -312.115   -311.957   0.158136    14       918      
 9263.74 86      11656    -312.115   -311.957   0.158136    14       918      
 9264.02 86      11700    -312.115   -311.957   0.158136    14       918      
 9272.13 87      11791    -312.112   -311.957   0.155931    15       926      
 9272.34 87      11800    -312.112   -311.957   0.155931    15       926      
 9278.36 87      11850    -312.112   -311.957   0.155931    17       932      
 9286.14 88      11925    -312.109   -311.957   0.152846    15       939      
 9286.39 88      11950    -312.109   -311.957   0.152846    14       939      
 9297.38 89      12061    -312.106   -311.957   0.149949    16       950      
 9298.53 89      12062    -312.106   -311.957   0.149949    16       951      
 9301.7  89      12100    -312.106   -311.957   0.149949    15       954      
 9320.74 90      12195    -312.101   -311.957   0.143835    14       971      
 9320.95 90      12200    -312.101   -311.957   0.143835    14       971      
 9321.24 90      12250    -312.101   -311.957   0.143835    14       971      
 9333.9  91      12337    -312.097   -311.957   0.139941    15       983      
 9334.14 91      12350    -312.097   -311.957   0.139941    14       983      
 9341.12 91      12400    -312.097   -311.957   0.139941    16       990      
 9346.82 92      12475    -312.095   -311.957   0.138481    16       995      
 9347.09 92      12500    -312.095   -311.957   0.138481    15       995      
 9361.78 93      12617    -312.093   -311.957   0.135949    12       1009     
 9361.98 93      12618    -312.093   -311.957   0.135949    12       1009     
 9362.26 93      12650    -312.093   -311.957   0.135949    12       1009     
 9373.26 94      12753    -312.09    -311.957   0.133408    16       1019     
 9373.47 94      12754    -312.09    -311.957   0.133408    15       1019     
 9373.78 94      12800    -312.09    -311.957   0.133408    14       1019     
 9381.06 95      12889    -312.089   -311.957   0.131969    15       1026     
 9381.29 95      12900    -312.089   -311.957   0.131969    15       1026     
 9385.56 95      12950    -312.089   -311.957   0.131969    16       1030     
 9394.35 96      13027    -312.086   -311.957   0.129485    15       1038     
 9397.18 96      13050    -312.086   -311.957   0.129485    14       1041     
 9409.46 97      13161    -312.084   -311.957   0.127549    15       1052     
 9409.69 97      13162    -312.084   -311.957   0.127549    15       1052     
 9412.58 97      13200    -312.084   -311.957   0.127549    14       1055     
 9429.11 98      13295    -312.081   -311.957   0.124099    16       1070     
 9429.34 98      13300    -312.081   -311.957   0.124099    14       1070     
 9429.65 98      13350    -312.081   -311.957   0.124099    14       1070     
 9438.04 99      13431    -312.08    -311.957   0.122571    12       1077     
 9438.29 99      13450    -312.08    -311.957   0.122571    13       1077     
 9453    100     13567    -312.078   -311.957   0.121359    17       1090     
 9453.23 100     13568    -312.078   -311.957   0.121359    18       1090     
 9453.54 100     13600    -312.078   -311.957   0.121359    17       1090     
 9466.3  101     13703    -312.077   -311.957   0.120311    19       1101     
 9466.51 101     13704    -312.077   -311.957   0.120311    18       1101     
 9471.8  101     13750    -312.077   -311.957   0.120311    18       1106     
 9485.83 102     13837    -312.076   -311.957   0.118683    15       1118     
 9486.08 102     13850    -312.076   -311.957   0.118683    15       1118     
 9495.28 102     13900    -312.076   -311.957   0.118683    17       1126     
 9499.68 103     13971    -312.074   -311.957   0.117485    17       1129     
 9499.99 103     14000    -312.074   -311.957   0.117485    16       1129     
 9511.85 104     14105    -312.07    -311.957   0.113388    16       1139     
 9512.08 104     14106    -312.07    -311.957   0.113388    16       1139     
 9513.24 104     14150    -312.07    -311.957   0.113388    16       1140     
 9530.4  105     14241    -312.069   -311.957   0.112092    15       1155     
 9530.65 105     14250    -312.069   -311.957   0.112092    14       1155     
 9535.63 105     14300    -312.069   -311.957   0.112092    16       1159     
 9545.03 106     14375    -312.068   -311.957   0.111162    14       1166     
 9546.81 106     14400    -312.068   -311.957   0.111162    17       1168     
 9559    107     14509    -312.066   -311.957   0.109487    17       1178     
 9559.24 107     14510    -312.066   -311.957   0.109487    17       1178     
 9559.56 107     14550    -312.066   -311.957   0.109487    17       1178     
 9572.81 108     14643    -312.065   -311.957   0.108375    18       1188     
 9573.81 108     14650    -312.065   -311.957   0.108375    17       1189     
 9584.76 108     14700    -312.065   -311.957   0.108375    17       1198     
 9597    109     14777    -312.064   -311.957   0.107355    21       1207     
 9599.17 109     14800    -312.064   -311.957   0.107355    21       1209     
 9613.49 110     14909    -312.061   -311.957   0.104434    15       1220     
 9613.73 110     14910    -312.061   -311.957   0.104434    15       1220     
 9614.07 110     14950    -312.061   -311.957   0.104434    14       1220     
 9629.79 111     15045    -312.06    -311.957   0.103026    16       1232     
 9630.05 111     15050    -312.06    -311.957   0.103026    16       1232     
 9630.43 111     15100    -312.06    -311.957   0.103026    15       1232     
 9644.84 112     15179    -312.059   -311.957   0.101692    16       1243     
 9645.15 112     15200    -312.059   -311.957   0.101692    17       1243     
 9656.86 113     15313    -312.058   -311.957   0.100758    17       1252     
 9657.11 113     15314    -312.058   -311.957   0.100758    17       1252     
 9661.07 113     15350    -312.058   -311.957   0.100758    17       1255     
 9676.74 114     15447    -312.056   -311.957   0.0990493   16       1267     
 9677    114     15450    -312.056   -311.957   0.0990493   16       1267     
 9677.37 114     15500    -312.056   -311.957   0.0990493   16       1267     
 9688.38 115     15579    -312.055   -311.957   0.0981877   17       1275     
 9688.69 115     15600    -312.055   -311.957   0.0981877   15       1275     
 9710.48 116     15711    -312.052   -311.957   0.0953669   15       1292     
 9710.73 116     15712    -312.052   -311.957   0.0953669   16       1292     
 9711.08 116     15750    -312.052   -311.957   0.0953669   18       1292     
 9720.11 117     15845    -312.052   -311.957   0.0946495   16       1299     
 9720.37 117     15850    -312.052   -311.957   0.0946495   15       1299     
 9728.75 117     15900    -312.052   -311.957   0.0946495   16       1306     
 9745.42 118     15981    -312.05    -311.957   0.0931377   14       1318     
 9745.73 118     16000    -312.05    -311.957   0.0931377   14       1318     
 9756.65 119     16115    -312.049   -311.957   0.0921573   17       1326     
 9756.91 119     16116    -312.049   -311.957   0.0921573   18       1326     
 9757.28 119     16150    -312.049   -311.957   0.0921573   16       1326     
 9777.15 120     16247    -312.048   -311.957   0.0908846   17       1341     
 9777.43 120     16250    -312.048   -311.957   0.0908846   17       1341     
 9777.83 120     16300    -312.048   -311.957   0.0908846   17       1341     
 9786.64 121     16379    -312.047   -311.957   0.0900601   16       1347     
 9786.96 121     16400    -312.047   -311.957   0.0900601   17       1347     
 9808.44 122     16509    -312.046   -311.957   0.0894248   17       1362     
 9810.15 122     16510    -312.046   -311.957   0.0894248   17       1363     
 9815.64 122     16550    -312.046   -311.957   0.0894248   18       1367     
 9826.53 123     16639    -312.042   -311.957   0.0849345   20       1374     
 9826.85 123     16650    -312.042   -311.957   0.0849345   20       1374     
 9842.05 123     16700    -312.042   -311.957   0.0849345   17       1386     
 9852.82 124     16777    -312.041   -311.957   0.0835854   17       1393     
 9853.16 124     16800    -312.041   -311.957   0.0835854   17       1393     
 9870.66 125     16915    -312.04    -311.957   0.0830069   15       1405     
 9870.94 125     16916    -312.04    -311.957   0.0830069   16       1405     
 9871.31 125     16950    -312.04    -311.957   0.0830069   16       1405     
 9885.9  126     17055    -312.039   -311.957   0.0819177   17       1415     
 9886.18 126     17056    -312.039   -311.957   0.0819177   17       1415     
 9892.91 126     17100    -312.039   -311.957   0.0819177   18       1420     
 9904.48 127     17191    -312.038   -311.957   0.0809179   21       1428     
 9904.78 127     17200    -312.038   -311.957   0.0809179   19       1428     
 9906.55 127     17250    -312.038   -311.957   0.0809179   19       1429     
 9919.61 128     17329    -312.037   -311.957   0.0799535   19       1438     
 9919.95 128     17350    -312.037   -311.957   0.0799535   18       1438     
 9934.87 129     17465    -312.036   -311.957   0.0791807   21       1448     
 9935.17 129     17466    -312.036   -311.957   0.0791807   21       1448     
 9935.57 129     17500    -312.036   -311.957   0.0791807   20       1448     
 9948.3  130     17603    -312.036   -311.957   0.0784708   18       1456     
 9948.61 130     17604    -312.036   -311.957   0.0784708   19       1456     
 9949.03 130     17650    -312.036   -311.957   0.0784708   18       1456     
 9963.55 131     17737    -312.035   -311.957   0.0779426   20       1465     
 9963.9  131     17750    -312.035   -311.957   0.0779426   20       1465     
 9977.09 131     17800    -312.035   -311.957   0.0779426   22       1473     
 9985.35 132     17875    -312.034   -311.957   0.0764875   18       1478     
 9985.77 132     17900    -312.034   -311.957   0.0764875   18       1478     
 10015.4 133     18009    -312.033   -311.957   0.0758905   21       1496     
-------------------------------------------------------------------------------

SARSOP finishing ...
  Preset timeout reached
  Timeout     : 10000.000000s
  Actual Time : 10015.380000s

-------------------------------------------------------------------------------
 Time   |#Trial |#Backup |LBound    |UBound    |Precision  |#Alphas |#Beliefs  
-------------------------------------------------------------------------------
 10015.4 133     18009    -312.033   -311.957   0.0758905   21       1496     
-------------------------------------------------------------------------------

Writing out policy ...
  output file : RAM4_small/385e279f84.policyx

