
Loading the model ...
  input file   : /home/rstudio/RAM4_small/3860f06811.pomdpx
  loading time : 4.67s 

SARSOP initializing ...
  initialization time : 7628.00s

-------------------------------------------------------------------------------
 Time   |#Trial |#Backup |LBound    |UBound    |Precision  |#Alphas |#Beliefs  
-------------------------------------------------------------------------------
 7628    0       0        -240.765   -224.327   16.4383     101      1        
 7629.83 1       83       -231.813   -224.78    7.03223     10       21       
 7629.86 1       100      -231.813   -224.78    7.03223     23       21       
 7630.11 2       181      -230.124   -224.78    5.34377     10       24       
 7630.15 2       200      -230.124   -224.78    5.34377     20       24       
 7630.84 3       283      -229.03    -224.78    4.25004     16       34       
 7630.87 3       300      -229.03    -224.78    4.25004     24       34       
 7631.25 4       389      -228.312   -224.78    3.53115     16       39       
 7631.27 4       400      -228.312   -224.78    3.53115     16       39       
 7631.6  5       505      -227.83    -224.78    3.04957     36       42       
 7631.61 5       506      -227.83    -224.78    3.04957     37       42       
 7631.68 5       550      -227.83    -224.78    3.04957     16       42       
 7631.99 6       625      -227.464   -224.78    2.68398     31       46       
 7632.03 6       650      -227.464   -224.78    2.68398     30       46       
 7632.44 7       747      -227.161   -224.78    2.38043     30       50       
 7632.45 7       750      -227.161   -224.78    2.38043     33       50       
 7632.54 7       800      -227.161   -224.78    2.38043     35       50       
 7632.97 8       871      -226.905   -224.78    2.12454     30       55       
 7633.02 8       900      -226.905   -224.78    2.12454     32       55       
 7633.44 9       995      -226.715   -224.78    1.93443     43       59       
 7633.46 9       1000     -226.715   -224.78    1.93443     48       59       
 7633.56 9       1050     -226.715   -224.78    1.93443     31       59       
 7633.83 10      1121     -226.533   -224.78    1.75265     36       60       
 7633.89 10      1150     -226.533   -224.78    1.75265     30       60       
 7634.23 11      1247     -226.399   -224.78    1.61888     47       62       
 7634.25 11      1250     -226.399   -224.78    1.61888     50       62       
 7634.33 11      1300     -226.399   -224.78    1.61888     39       62       
 7634.64 12      1375     -226.288   -224.78    1.50793     47       64       
 7634.7  12      1400     -226.288   -224.78    1.50793     24       64       
 7635.17 13      1505     -226.179   -224.78    1.39872     16       68       
 7635.18 13      1506     -226.179   -224.78    1.39872     13       68       
 7635.25 13      1550     -226.179   -224.78    1.39872     10       68       
 7635.58 14      1635     -226.089   -224.78    1.30887     14       71       
 7635.62 14      1650     -226.089   -224.78    1.30887     14       71       
 7635.85 14      1700     -226.089   -224.78    1.30887     13       74       
 7636    15      1767     -226.014   -224.78    1.23364     12       74       
 7636.06 15      1800     -226.014   -224.78    1.23364     12       74       
 7636.34 16      1899     -225.949   -224.78    1.16873     11       76       
 7636.36 16      1900     -225.949   -224.78    1.16873     11       76       
 7636.43 16      1950     -225.949   -224.78    1.16873     11       76       
 7636.87 17      2033     -225.877   -224.78    1.09637     14       80       
 7636.91 17      2050     -225.877   -224.78    1.09637     13       80       
 7637.28 18      2100     -225.877   -224.78    1.09637     11       84       
 7637.45 18      2167     -225.813   -224.78    1.03286     11       84       
 7637.51 18      2200     -225.813   -224.78    1.03286     10       84       
 7637.99 19      2301     -225.754   -224.78    0.973544    8        88       
 7638.01 19      2302     -225.754   -224.78    0.973544    8        88       
 7638.09 19      2350     -225.754   -224.78    0.973544    6        88       
 7638.59 20      2435     -225.701   -224.78    0.920097    5        92       
 7638.63 20      2450     -225.701   -224.78    0.920097    4        92       
 7638.92 20      2500     -225.701   -224.78    0.920097    6        95       
 7639.2  21      2569     -225.648   -224.78    0.867772    5        96       
 7639.25 21      2600     -225.648   -224.78    0.867772    4        96       
 7639.81 22      2703     -225.6     -224.78    0.819167    6        101      
 7639.83 22      2704     -225.6     -224.78    0.819167    5        101      
 7639.91 22      2750     -225.6     -224.78    0.819167    6        101      
 7640.17 23      2837     -225.557   -224.78    0.776341    6        102      
 7640.21 23      2850     -225.557   -224.78    0.776341    6        102      
 7640.29 23      2900     -225.557   -224.78    0.776341    6        102      
 7640.68 24      2971     -225.514   -224.78    0.733707    7        105      
 7640.74 24      3000     -225.514   -224.78    0.733707    6        105      
 7641.05 25      3105     -225.479   -224.78    0.69841     7        106      
 7641.07 25      3106     -225.479   -224.78    0.69841     6        106      
 7641.14 25      3150     -225.479   -224.78    0.69841     6        106      
 7641.66 26      3239     -225.445   -224.781   0.664593    7        110      
 7641.69 26      3250     -225.445   -224.781   0.664593    6        110      
 7641.79 26      3300     -225.445   -224.781   0.664593    6        110      
 7642.33 27      3373     -225.415   -224.781   0.634225    7        114      
 7642.38 27      3400     -225.415   -224.781   0.634225    6        114      
 7642.98 28      3509     -225.386   -224.781   0.605404    7        118      
 7643.01 28      3510     -225.386   -224.781   0.605404    6        118      
 7643.08 28      3550     -225.386   -224.781   0.605404    5        118      
 7643.44 29      3645     -225.361   -224.781   0.580123    8        120      
 7643.47 29      3650     -225.361   -224.781   0.580123    7        120      
 7643.57 29      3700     -225.361   -224.781   0.580123    6        120      
 7643.76 30      3781     -225.337   -224.781   0.556306    8        120      
 7643.81 30      3800     -225.337   -224.781   0.556306    6        120      
 7644.21 31      3917     -225.315   -224.781   0.534125    8        122      
 7644.23 31      3918     -225.315   -224.781   0.534125    7        122      
 7644.3  31      3950     -225.315   -224.781   0.534125    6        122      
 7644.54 32      4053     -225.293   -224.781   0.512773    7        122      
 7644.56 32      4054     -225.293   -224.781   0.512773    6        122      
 7644.65 32      4100     -225.293   -224.781   0.512773    6        122      
 7645.2  33      4189     -225.274   -224.781   0.493282    8        126      
 7645.24 33      4200     -225.274   -224.781   0.493282    7        126      
 7645.34 33      4250     -225.274   -224.781   0.493282    6        126      
 7645.92 34      4325     -225.257   -224.781   0.476127    7        130      
 7645.98 34      4350     -225.257   -224.781   0.476127    6        130      
 7646.66 35      4461     -225.24    -224.781   0.459953    9        134      
 7646.69 35      4462     -225.24    -224.781   0.459953    9        134      
 7646.77 35      4500     -225.24    -224.781   0.459953    6        134      
 7647.43 36      4597     -225.225   -224.781   0.444321    8        138      
 7647.46 36      4600     -225.225   -224.781   0.444321    8        138      
 7647.56 36      4650     -225.225   -224.781   0.444321    7        138      
 7647.92 37      4737     -225.208   -224.781   0.427461    8        140      
 7647.96 37      4750     -225.208   -224.781   0.427461    8        140      
 7648.05 37      4800     -225.208   -224.781   0.427461    7        140      
 7648.57 38      4875     -225.192   -224.781   0.411927    8        144      
 7648.63 38      4900     -225.192   -224.781   0.411927    7        144      
 7648.89 39      5015     -225.178   -224.781   0.397066    8        144      
 7648.91 39      5016     -225.178   -224.781   0.397066    7        144      
 7648.98 39      5050     -225.178   -224.781   0.397066    7        144      
 7649.64 40      5153     -225.164   -224.781   0.383357    8        149      
 7649.67 40      5154     -225.164   -224.781   0.383357    7        149      
 7649.76 40      5200     -225.164   -224.781   0.383357    6        149      
 7650.34 41      5291     -225.151   -224.781   0.370315    8        153      
 7650.39 41      5300     -225.151   -224.781   0.370315    7        153      
 7650.48 41      5350     -225.151   -224.781   0.370315    6        153      
 7650.8  42      5433     -225.137   -224.781   0.356495    9        154      
 7650.85 42      5450     -225.137   -224.781   0.356495    8        154      
 7651.19 42      5500     -225.137   -224.781   0.356495    8        157      
 7651.48 43      5571     -225.126   -224.781   0.345382    9        158      
 7651.56 43      5600     -225.126   -224.781   0.345382    8        158      
 7652.01 44      5709     -225.116   -224.781   0.335458    8        160      
 7652.05 44      5710     -225.116   -224.781   0.335458    8        160      
 7652.13 44      5750     -225.116   -224.781   0.335458    7        160      
 7653.06 45      5849     -225.105   -224.781   0.324694    8        166      
 7653.09 45      5850     -225.105   -224.781   0.324694    8        166      
 7653.19 45      5900     -225.105   -224.781   0.324694    7        166      
 7653.57 46      5987     -225.097   -224.781   0.316055    8        168      
 7653.63 46      6000     -225.097   -224.781   0.316055    8        168      
 7653.73 46      6050     -225.097   -224.781   0.316055    8        168      
 7654    47      6125     -225.088   -224.781   0.30773     8        169      
 7654.07 47      6150     -225.088   -224.781   0.30773     8        169      
 7654.75 48      6263     -225.081   -224.781   0.30036     8        173      
 7654.78 48      6264     -225.081   -224.781   0.30036     8        173      
 7654.86 48      6300     -225.081   -224.781   0.30036     8        173      
 7655.59 49      6401     -225.074   -224.781   0.293785    7        177      
 7655.63 49      6402     -225.074   -224.781   0.293785    7        177      
 7655.73 49      6450     -225.074   -224.781   0.293785    8        177      
 7656.2  50      6539     -225.068   -224.781   0.287712    9        179      
 7656.25 50      6550     -225.068   -224.781   0.287712    7        179      
 7656.35 50      6600     -225.068   -224.781   0.287712    7        179      
 7657.35 51      6681     -225.059   -224.781   0.278615    9        185      
 7657.41 51      6700     -225.059   -224.781   0.278615    8        185      
 7658.2  52      6750     -225.059   -224.781   0.278615    8        190      
 7658.4  52      6819     -225.052   -224.781   0.27184     9        190      
 7658.54 52      6850     -225.052   -224.781   0.27184     8        191      
 7659.55 53      6957     -225.048   -224.781   0.267136    11       197      
 7659.71 53      6958     -225.048   -224.781   0.267136    12       198      
 7660.36 53      7000     -225.048   -224.781   0.267136    10       202      
 7663.46 54      7095     -225.039   -224.781   0.258577    11       215      
 7664.44 54      7100     -225.039   -224.781   0.258577    11       220      
 7664.84 54      7150     -225.039   -224.781   0.258577    10       222      
 7666.2  55      7233     -225.034   -224.781   0.252927    9        226      
 7666.36 55      7250     -225.034   -224.781   0.252927    9        227      
 7667.29 55      7300     -225.034   -224.781   0.252927    9        232      
 7668.08 56      7373     -225.026   -224.781   0.245457    11       235      
 7669.53 56      7400     -225.026   -224.781   0.245457    10       243      
 7671.02 57      7511     -225.022   -224.781   0.241312    9        248      
 7671.07 57      7512     -225.022   -224.781   0.241312    9        248      
 7671.17 57      7550     -225.022   -224.781   0.241312    9        248      
 7672.62 58      7649     -225.015   -224.781   0.234312    11       254      
 7672.82 58      7650     -225.015   -224.781   0.234312    11       255      
 7673.95 58      7700     -225.015   -224.781   0.234312    10       261      
 7674.68 59      7787     -225.01    -224.781   0.22973     10       264      
 7674.76 59      7800     -225.01    -224.781   0.22973     11       264      
 7675.06 59      7850     -225.01    -224.781   0.22973     11       265      
 7676.29 60      7925     -225.005   -224.781   0.223957    10       270      
 7676.38 60      7950     -225.005   -224.781   0.223957    10       270      
 7677.15 61      8063     -225       -224.781   0.219769    11       273      
 7677.2  61      8064     -225       -224.781   0.219769    10       273      
 7677.3  61      8100     -225       -224.781   0.219769    10       273      
 7678.43 62      8201     -224.994   -224.781   0.213451    11       278      
 7678.49 62      8202     -224.994   -224.781   0.213451    11       278      
 7678.99 62      8250     -224.994   -224.781   0.213451    11       281      
 7680.11 63      8339     -224.99    -224.781   0.209272    11       286      
 7680.18 63      8350     -224.99    -224.781   0.209272    11       286      
 7680.3  63      8400     -224.99    -224.781   0.209272    11       286      
 7681.44 64      8477     -224.985   -224.781   0.203936    9        292      
 7681.77 64      8500     -224.985   -224.781   0.203936    9        294      
 7683.41 65      8617     -224.979   -224.781   0.198513    11       301      
 7683.65 65      8618     -224.979   -224.781   0.198513    12       302      
 7684.96 65      8650     -224.979   -224.781   0.198513    11       308      
 7687.39 66      8757     -224.975   -224.781   0.193949    12       316      
 7687.45 66      8758     -224.975   -224.781   0.193949    12       316      
 7687.57 66      8800     -224.975   -224.781   0.193949    11       316      
 7688.81 67      8893     -224.968   -224.781   0.187712    11       321      
 7688.89 67      8900     -224.968   -224.781   0.187712    11       321      
 7689.01 67      8950     -224.968   -224.781   0.187712    11       321      
 7689.87 68      9031     -224.965   -224.781   0.183913    10       325      
 7690.25 68      9050     -224.965   -224.781   0.183913    10       327      
 7690.94 68      9100     -224.965   -224.781   0.183913    10       330      
 7691.2  69      9171     -224.959   -224.781   0.178452    11       330      
 7691.56 69      9200     -224.959   -224.781   0.178452    10       332      
 7693.11 70      9311     -224.955   -224.781   0.174467    12       338      
 7693.17 70      9312     -224.955   -224.781   0.174467    12       338      
 7693.3  70      9350     -224.955   -224.781   0.174467    11       338      
 7694.19 71      9449     -224.95    -224.781   0.169505    11       341      
 7694.26 71      9450     -224.95    -224.781   0.169505    11       341      
 7694.68 71      9500     -224.95    -224.781   0.169505    10       343      
 7696.24 72      9587     -224.947   -224.781   0.166245    10       349      
 7696.34 72      9600     -224.947   -224.781   0.166245    10       349      
 7696.87 72      9650     -224.947   -224.781   0.166245    11       351      
 7698.34 73      9725     -224.943   -224.781   0.162055    10       356      
 7698.45 73      9750     -224.943   -224.781   0.162055    10       356      
 7698.98 74      9865     -224.939   -224.781   0.15853     11       357      
 7699.05 74      9866     -224.939   -224.781   0.15853     11       357      
 7699.17 74      9900     -224.939   -224.781   0.15853     11       357      
 7700.26 75      10003    -224.935   -224.781   0.154357    11       361      
 7700.33 75      10004    -224.935   -224.781   0.154357    10       361      
 7700.47 75      10050    -224.935   -224.781   0.154357    10       361      
 7701.87 76      10141    -224.933   -224.781   0.152233    11       366      
 7701.95 76      10150    -224.933   -224.781   0.152233    11       366      
 7702.09 76      10200    -224.933   -224.781   0.152233    11       366      
 7704.06 77      10279    -224.93    -224.781   0.149312    13       373      
 7704.74 77      10300    -224.93    -224.781   0.149312    13       376      
 7706.31 78      10417    -224.928   -224.781   0.147415    13       381      
 7706.39 78      10418    -224.928   -224.781   0.147415    13       381      
 7706.51 78      10450    -224.928   -224.781   0.147415    13       381      
 7708.62 79      10555    -224.925   -224.781   0.144494    11       388      
 7708.69 79      10556    -224.925   -224.781   0.144494    11       388      
 7708.84 79      10600    -224.925   -224.781   0.144494    11       388      
 7710.09 80      10693    -224.923   -224.781   0.142482    11       392      
 7710.17 80      10700    -224.923   -224.781   0.142482    11       392      
 7710.32 80      10750    -224.923   -224.781   0.142482    11       392      
 7712.37 81      10833    -224.92    -224.781   0.138936    12       399      
 7712.48 81      10850    -224.92    -224.781   0.138936    12       399      
 7713.36 81      10900    -224.92    -224.781   0.138936    12       402      
 7713.86 82      10971    -224.918   -224.781   0.137128    12       403      
 7713.98 82      11000    -224.918   -224.781   0.137128    12       403      
 7715.54 83      11109    -224.915   -224.781   0.13421     13       408      
 7715.62 83      11110    -224.915   -224.781   0.13421     13       408      
 7715.76 83      11150    -224.915   -224.781   0.13421     12       408      
 7717.39 84      11247    -224.913   -224.781   0.131981    11       413      
 7717.48 84      11250    -224.913   -224.781   0.131981    11       413      
 7717.63 84      11300    -224.913   -224.781   0.131981    11       413      
 7720.21 85      11385    -224.909   -224.781   0.128641    12       421      
 7720.32 85      11400    -224.909   -224.781   0.128641    11       421      
 7721.07 85      11450    -224.909   -224.781   0.128641    13       423      
 7722.58 86      11525    -224.907   -224.781   0.126595    10       427      
 7722.7  86      11550    -224.907   -224.781   0.126595    10       427      
 7724.02 87      11661    -224.905   -224.781   0.124392    10       431      
 7724.1  87      11662    -224.905   -224.781   0.124392    10       431      
 7724.24 87      11700    -224.905   -224.781   0.124392    11       431      
 7725.91 88      11799    -224.903   -224.781   0.12247     10       436      
 7725.99 88      11800    -224.903   -224.781   0.12247     10       436      
 7726.15 88      11850    -224.903   -224.781   0.12247     10       436      
 7727.62 89      11935    -224.901   -224.781   0.120344    11       440      
 7727.74 89      11950    -224.901   -224.781   0.120344    11       440      
 7728.5  89      12000    -224.901   -224.781   0.120344    13       442      
 7729.84 90      12073    -224.899   -224.781   0.118249    11       445      
 7729.97 90      12100    -224.899   -224.781   0.118249    11       445      
 7733.63 91      12213    -224.896   -224.781   0.115619    12       454      
 7733.72 91      12214    -224.896   -224.781   0.115619    12       454      
 7733.87 91      12250    -224.896   -224.781   0.115619    12       454      
 7736.07 92      12351    -224.895   -224.781   0.113956    12       459      
 7736.16 92      12352    -224.895   -224.781   0.113956    12       459      
 7736.31 92      12400    -224.895   -224.781   0.113956    12       459      
 7737.91 93      12487    -224.893   -224.781   0.112199    12       464      
 7739.74 93      12500    -224.893   -224.781   0.112199    11       470      
 7741.1  93      12550    -224.893   -224.781   0.112199    12       474      
 7742.93 94      12623    -224.891   -224.781   0.110186    12       478      
 7744.19 94      12650    -224.891   -224.781   0.110186    12       482      
 7746.75 95      12763    -224.889   -224.781   0.107964    14       489      
 7747.15 95      12764    -224.889   -224.781   0.107964    14       490      
 7749.09 95      12800    -224.889   -224.781   0.107964    15       496      
 7752.29 96      12899    -224.885   -224.781   0.10455     13       503      
 7752.39 96      12900    -224.885   -224.781   0.10455     14       503      
 7752.57 96      12950    -224.885   -224.781   0.10455     14       503      
 7756.17 97      13037    -224.884   -224.781   0.103515    12       512      
 7756.3  97      13050    -224.884   -224.781   0.103515    13       512      
 7756.47 97      13100    -224.884   -224.781   0.103515    13       512      
 7758.52 98      13175    -224.883   -224.781   0.10209     13       517      
 7758.66 98      13200    -224.883   -224.781   0.10209     14       517      
 7761.1  99      13313    -224.882   -224.781   0.100563    12       523      
 7761.2  99      13314    -224.882   -224.781   0.100563    13       523      
 7761.37 99      13350    -224.882   -224.781   0.100563    13       523      
 7762.78 100     13451    -224.88    -224.781   0.0993928   14       526      
 7762.89 100     13452    -224.88    -224.781   0.0993928   14       526      
 7763.07 100     13500    -224.88    -224.781   0.0993928   14       526      
 7765.63 101     13589    -224.878   -224.781   0.0974109   14       532      
 7765.75 101     13600    -224.878   -224.781   0.0974109   14       532      
 7766.27 101     13650    -224.878   -224.781   0.0974109   14       533      
 7769.31 102     13727    -224.877   -224.781   0.0960985   17       540      
 7769.46 102     13750    -224.877   -224.781   0.0960985   17       540      
 7771.99 103     13863    -224.875   -224.781   0.0939409   15       546      
 7772.1  103     13864    -224.875   -224.781   0.0939409   15       546      
 7772.27 103     13900    -224.875   -224.781   0.0939409   15       546      
 7774.37 104     14003    -224.874   -224.781   0.0926141   12       551      
 7774.48 104     14004    -224.874   -224.781   0.0926141   12       551      
 7774.66 104     14050    -224.874   -224.781   0.0926141   12       551      
 7777.99 105     14139    -224.872   -224.781   0.0910755   14       559      
 7778.12 105     14150    -224.872   -224.781   0.0910755   14       559      
 7779.46 105     14200    -224.872   -224.781   0.0910755   15       562      
 7782.26 106     14275    -224.871   -224.781   0.0901443   14       568      
 7782.41 106     14300    -224.871   -224.781   0.0901443   15       568      
 7785.4  107     14411    -224.87    -224.781   0.0888498   15       574      
 7785.51 107     14412    -224.87    -224.781   0.0888498   15       574      
 7785.7  107     14450    -224.87    -224.781   0.0888498   16       574      
 7789.52 108     14547    -224.869   -224.781   0.0879151   13       582      
 7789.64 108     14550    -224.869   -224.781   0.0879151   14       582      
 7789.84 108     14600    -224.869   -224.781   0.0879151   14       582      
 7793.99 109     14685    -224.868   -224.781   0.0866888   15       591      
 7794.14 109     14700    -224.868   -224.781   0.0866888   15       591      
 7796.87 109     14750    -224.868   -224.781   0.0866888   15       597      
 7798.1  110     14821    -224.866   -224.781   0.0846529   14       599      
 7798.28 110     14850    -224.866   -224.781   0.0846529   14       599      
 7800.39 111     14957    -224.865   -224.781   0.0837748   15       603      
 7800.51 111     14958    -224.865   -224.781   0.0837748   15       603      
 7800.7  111     15000    -224.865   -224.781   0.0837748   15       603      
 7805.12 112     15093    -224.863   -224.781   0.0823777   15       612      
 7805.25 112     15100    -224.863   -224.781   0.0823777   14       612      
 7805.46 112     15150    -224.863   -224.781   0.0823777   15       612      
 7807.97 113     15229    -224.863   -224.781   0.0815826   14       617      
 7808.14 113     15250    -224.863   -224.781   0.0815826   15       617      
 7811.61 114     15365    -224.861   -224.781   0.0802764   15       624      
 7811.73 114     15366    -224.861   -224.781   0.0802764   14       624      
 7811.91 114     15400    -224.861   -224.781   0.0802764   14       624      
 7816.53 115     15499    -224.86    -224.781   0.0785484   15       633      
 7816.65 115     15500    -224.86    -224.781   0.0785484   15       633      
 7816.87 115     15550    -224.86    -224.781   0.0785484   14       633      
 7819.93 116     15635    -224.859   -224.781   0.0776866   15       639      
 7820.09 116     15650    -224.859   -224.781   0.0776866   16       639      
 7822.65 116     15700    -224.859   -224.781   0.0776866   16       644      
 7824.09 117     15771    -224.858   -224.781   0.0771093   18       646      
 7824.27 117     15800    -224.858   -224.781   0.0771093   17       646      
 7829.48 118     15909    -224.857   -224.781   0.0762494   15       656      
 7829.62 118     15910    -224.857   -224.781   0.0762494   16       656      
 7829.83 118     15950    -224.857   -224.781   0.0762494   16       656      
 7833.68 119     16047    -224.856   -224.781   0.0753125   16       663      
 7835.3  119     16050    -224.856   -224.781   0.0753125   16       666      
 7837.45 119     16100    -224.856   -224.781   0.0753125   15       670      
 7843.37 120     16181    -224.854   -224.781   0.072869    14       680      
 7843.55 120     16200    -224.854   -224.781   0.072869    14       680      
 7847.02 121     16250    -224.854   -224.781   0.072869    15       686      
 7847.36 121     16319    -224.853   -224.781   0.0721345   15       686      
 7847.56 121     16350    -224.853   -224.781   0.0721345   15       686      
 7851.35 122     16457    -224.853   -224.781   0.0714439   14       693      
 7851.49 122     16458    -224.853   -224.781   0.0714439   15       693      
 7851.71 122     16500    -224.853   -224.781   0.0714439   15       693      
 7854.16 123     16595    -224.852   -224.781   0.070999    17       697      
 7854.32 123     16600    -224.852   -224.781   0.070999    17       697      
 7854.54 123     16650    -224.852   -224.781   0.070999    17       697      
 7860.25 124     16733    -224.851   -224.781   0.0700006   18       707      
 7860.42 124     16750    -224.851   -224.781   0.0700006   17       707      
 7862.05 124     16800    -224.851   -224.781   0.0700006   18       710      
 7863.62 125     16873    -224.85    -224.781   0.0692001   14       712      
 7863.81 125     16900    -224.85    -224.781   0.0692001   14       712      
 7868.49 126     17009    -224.85    -224.781   0.0684302   17       720      
 7868.63 126     17010    -224.85    -224.781   0.0684302   18       720      
 7868.84 126     17050    -224.85    -224.781   0.0684302   18       720      
 7871.44 127     17145    -224.849   -224.781   0.0680393   20       724      
 7871.61 127     17150    -224.849   -224.781   0.0680393   19       724      
 7871.85 127     17200    -224.849   -224.781   0.0680393   18       724      
 7879.17 128     17283    -224.848   -224.781   0.067075    16       736      
 7879.36 128     17300    -224.848   -224.781   0.067075    15       736      
 7884.99 128     17350    -224.848   -224.781   0.067075    16       746      
 7885.87 129     17421    -224.847   -224.781   0.0659781   14       747      
 7886.07 129     17450    -224.847   -224.781   0.0659781   14       747      
 7891.58 130     17557    -224.846   -224.781   0.065254    16       756      
 7891.74 130     17558    -224.846   -224.781   0.065254    16       756      
 7891.97 130     17600    -224.846   -224.781   0.065254    16       756      
 7898.71 131     17693    -224.846   -224.781   0.0644797   16       767      
 7898.89 131     17700    -224.846   -224.781   0.0644797   18       767      
 7899.13 131     17750    -224.846   -224.781   0.0644797   19       767      
 7902.95 132     17829    -224.845   -224.781   0.0637476   15       773      
 7903.15 132     17850    -224.845   -224.781   0.0637476   15       773      
 7906.23 133     17963    -224.844   -224.781   0.0632716   17       778      
 7906.39 133     17964    -224.844   -224.781   0.0632716   17       778      
 7906.61 133     18000    -224.844   -224.781   0.0632716   17       778      
 7909.82 134     18097    -224.843   -224.781   0.0623698   14       783      
 7909.97 134     18100    -224.843   -224.781   0.0623698   14       783      
 7910.21 134     18150    -224.843   -224.781   0.0623698   14       783      
 7917.37 135     18233    -224.843   -224.781   0.0617444   15       795      
 7917.56 135     18250    -224.843   -224.781   0.0617444   16       795      
 7920.32 136     18300    -224.843   -224.781   0.0617444   18       799      
 7920.69 136     18367    -224.842   -224.781   0.0613314   15       799      
 7920.91 136     18400    -224.842   -224.781   0.0613314   15       799      
 7924.32 137     18501    -224.841   -224.781   0.060258    18       804      
 7924.47 137     18502    -224.841   -224.781   0.060258    18       804      
 7924.71 137     18550    -224.841   -224.781   0.060258    18       804      
 7927.64 138     18637    -224.841   -224.781   0.0598312   19       808      
 7927.82 138     18650    -224.841   -224.781   0.0598312   19       808      
 7929.7  138     18700    -224.841   -224.781   0.0598312   19       811      
 7932.43 139     18773    -224.841   -224.781   0.0595638   18       815      
 7932.64 139     18800    -224.841   -224.781   0.0595638   17       815      
 7937.57 140     18909    -224.84    -224.781   0.0587806   19       822      
 7937.73 140     18910    -224.84    -224.781   0.0587806   20       822      
 7937.97 140     18950    -224.84    -224.781   0.0587806   20       822      
 7943.14 141     19045    -224.839   -224.781   0.0581629   17       829      
 7943.31 141     19050    -224.839   -224.781   0.0581629   19       829      
 7943.58 141     19100    -224.839   -224.781   0.0581629   18       829      
 7949.45 142     19181    -224.839   -224.781   0.0576505   18       837      
 7949.66 142     19200    -224.839   -224.781   0.0576505   19       837      
 7954.72 143     19315    -224.838   -224.781   0.0567553   19       844      
 7954.88 143     19316    -224.838   -224.781   0.0567553   20       844      
 7955.12 143     19350    -224.838   -224.781   0.0567553   20       844      
 7958.19 144     19449    -224.838   -224.781   0.0564053   22       848      
 7958.35 144     19450    -224.838   -224.781   0.0564053   23       848      
 7958.62 144     19500    -224.838   -224.781   0.0564053   23       848      
 7961.02 145     19583    -224.837   -224.781   0.0559587   20       851      
 7961.22 145     19600    -224.837   -224.781   0.0559587   20       851      
 7970.19 146     19650    -224.837   -224.781   0.0559587   20       863      
 7970.59 146     19717    -224.837   -224.781   0.055602    18       863      
 7970.83 146     19750    -224.837   -224.781   0.055602    17       863      
 7977.7  147     19851    -224.836   -224.781   0.0550262   22       872      
 7977.86 147     19852    -224.836   -224.781   0.0550262   23       872      
 7978.13 147     19900    -224.836   -224.781   0.0550262   22       872      
 7985.2  148     19985    -224.836   -224.781   0.0547841   22       882      
 7985.42 148     20000    -224.836   -224.781   0.0547841   22       882      
 7987.67 148     20050    -224.836   -224.781   0.0547841   22       885      
 7988.84 149     20119    -224.835   -224.781   0.0541832   20       886      
 7989.07 149     20150    -224.835   -224.781   0.0541832   18       886      
 7996.73 150     20253    -224.835   -224.781   0.0535975   19       896      
 7996.9  150     20254    -224.835   -224.781   0.0535975   18       896      
 7997.16 150     20300    -224.835   -224.781   0.0535975   18       896      
 8000.21 151     20387    -224.834   -224.781   0.0531919   20       900      
 8000.41 151     20400    -224.834   -224.781   0.0531919   20       900      
 8007.33 151     20450    -224.834   -224.781   0.0531919   21       909      
 8010.06 152     20521    -224.834   -224.781   0.0528298   16       912      
 8010.33 152     20550    -224.834   -224.781   0.0528298   16       912      
 8016.89 153     20655    -224.833   -224.781   0.0522021   18       920      
 8017.08 153     20656    -224.833   -224.781   0.0522021   18       920      
 8017.36 153     20700    -224.833   -224.781   0.0522021   18       920      
 8024.65 154     20789    -224.833   -224.781   0.0517977   20       929      
 8024.85 154     20800    -224.833   -224.781   0.0517977   21       929      
 8025.14 154     20850    -224.833   -224.781   0.0517977   19       929      
 8029.19 155     20923    -224.833   -224.781   0.0515398   19       934      
 8029.48 155     20950    -224.833   -224.781   0.0515398   18       934      
 8037.09 156     21055    -224.832   -224.781   0.0510084   18       943      
 8037.27 156     21056    -224.832   -224.781   0.0510084   18       943      
 8037.54 156     21100    -224.832   -224.781   0.0510084   17       943      
 8043.96 157     21187    -224.831   -224.781   0.0503069   20       951      
 8044.16 157     21200    -224.831   -224.781   0.0503069   18       951      
 8048.57 157     21250    -224.831   -224.781   0.0503069   19       957      
 8051.49 158     21321    -224.831   -224.781   0.0498427   18       960      
 8051.73 158     21350    -224.831   -224.781   0.0498427   19       960      
 8059.36 159     21455    -224.831   -224.781   0.0495211   22       969      
 8059.59 159     21456    -224.831   -224.781   0.0495211   21       969      
 8059.91 159     21500    -224.831   -224.781   0.0495211   20       969      
 8066.36 160     21587    -224.83    -224.781   0.0485306   19       977      
 8066.57 160     21600    -224.83    -224.781   0.0485306   18       977      
 8066.86 160     21650    -224.83    -224.781   0.0485306   17       977      
 8070.23 161     21723    -224.829   -224.781   0.0482504   20       981      
 8070.47 161     21750    -224.829   -224.781   0.0482504   20       981      
 8079.23 162     21857    -224.829   -224.781   0.0478717   19       992      
 8079.42 162     21858    -224.829   -224.781   0.0478717   19       992      
 8079.7  162     21900    -224.829   -224.781   0.0478717   19       992      
 8086.73 163     21991    -224.829   -224.781   0.0474166   17       1000     
 8086.94 163     22000    -224.829   -224.781   0.0474166   18       1000     
 8087.25 163     22050    -224.829   -224.781   0.0474166   18       1000     
 8092.58 164     22125    -224.828   -224.781   0.0471471   17       1006     
 8092.84 164     22150    -224.828   -224.781   0.0471471   18       1006     
 8097.98 165     22259    -224.828   -224.781   0.0468913   19       1012     
 8098.18 165     22260    -224.828   -224.781   0.0468913   19       1012     
 8098.46 165     22300    -224.828   -224.781   0.0468913   19       1012     
 8104.64 166     22393    -224.828   -224.781   0.0465051   21       1019     
 8104.86 166     22400    -224.828   -224.781   0.0465051   20       1019     
 8105.17 166     22450    -224.828   -224.781   0.0465051   20       1019     
 8109.97 167     22527    -224.827   -224.781   0.0462892   19       1025     
 8110.21 167     22550    -224.827   -224.781   0.0462892   20       1025     
 8119.51 168     22661    -224.827   -224.781   0.0459357   21       1035     
 8119.74 168     22662    -224.827   -224.781   0.0459357   21       1035     
 8121.2  168     22700    -224.827   -224.781   0.0459357   21       1037     
 8127.68 169     22795    -224.827   -224.781   0.0456753   21       1044     
 8127.89 169     22800    -224.827   -224.781   0.0456753   21       1044     
 8131.49 169     22850    -224.827   -224.781   0.0456753   21       1048     
 8137.77 170     22929    -224.826   -224.781   0.0452304   18       1055     
 8138.03 170     22950    -224.826   -224.781   0.0452304   19       1055     
 8142.71 171     23063    -224.826   -224.781   0.0450628   22       1060     
 8142.92 171     23064    -224.826   -224.781   0.0450628   22       1060     
 8143.2  171     23100    -224.826   -224.781   0.0450628   22       1060     
 8151.24 172     23195    -224.826   -224.781   0.0446736   22       1069     
 8151.49 172     23200    -224.826   -224.781   0.0446736   21       1069     
 8151.85 172     23250    -224.826   -224.781   0.0446736   21       1069     
 8161.12 173     23327    -224.826   -224.781   0.0444613   19       1079     
 8161.39 173     23350    -224.826   -224.781   0.0444613   19       1079     
 8172.62 174     23461    -224.825   -224.781   0.0439622   19       1091     
 8172.83 174     23462    -224.825   -224.781   0.0439622   20       1091     
 8173.12 174     23500    -224.825   -224.781   0.0439622   20       1091     
 8177.37 175     23593    -224.825   -224.781   0.0437501   20       1095     
 8177.6  175     23600    -224.825   -224.781   0.0437501   20       1095     
 8181.92 175     23650    -224.825   -224.781   0.0437501   21       1100     
 8189.63 176     23725    -224.825   -224.781   0.0435052   23       1108     
 8189.91 176     23750    -224.825   -224.781   0.0435052   23       1108     
 8195.31 177     23857    -224.824   -224.781   0.0432156   22       1113     
 8195.53 177     23858    -224.824   -224.781   0.0432156   21       1113     
 8195.83 177     23900    -224.824   -224.781   0.0432156   22       1113     
 8202.46 178     23989    -224.824   -224.781   0.0427523   19       1120     
 8202.7  178     24000    -224.824   -224.781   0.0427523   20       1120     
 8205.6  178     24050    -224.824   -224.781   0.0427523   21       1123     
 8209.91 179     24121    -224.824   -224.781   0.0425985   20       1127     
 8210.18 179     24150    -224.824   -224.781   0.0425985   19       1127     
 8214.42 180     24253    -224.824   -224.781   0.0424258   20       1131     
 8214.64 180     24254    -224.824   -224.781   0.0424258   20       1131     
 8214.96 180     24300    -224.824   -224.781   0.0424258   20       1131     
 8221.39 181     24385    -224.823   -224.781   0.0421566   21       1138     
 8221.64 181     24400    -224.823   -224.781   0.0421566   20       1138     
 8231.05 181     24450    -224.823   -224.781   0.0421566   21       1148     
 8232.66 182     24519    -224.823   -224.781   0.0419063   20       1149     
 8232.97 182     24550    -224.823   -224.781   0.0419063   19       1149     
 8243.75 183     24653    -224.823   -224.781   0.0415323   23       1160     
 8243.98 183     24654    -224.823   -224.781   0.0415323   23       1160     
 8244.31 183     24700    -224.823   -224.781   0.0415323   21       1160     
 8254.5  184     24787    -224.822   -224.781   0.0412383   23       1170     
 8254.77 184     24800    -224.822   -224.781   0.0412383   22       1170     
 8262    184     24850    -224.822   -224.781   0.0412383   21       1178     
 8263.38 185     24917    -224.822   -224.781   0.0406589   21       1179     
 8263.67 185     24950    -224.822   -224.781   0.0406589   22       1179     
 8270.46 186     25049    -224.822   -224.781   0.0405029   25       1186     
 8270.69 186     25050    -224.822   -224.781   0.0405029   25       1186     
 8271.03 186     25100    -224.822   -224.781   0.0405029   24       1186     
 8280.27 187     25181    -224.821   -224.781   0.0402614   24       1195     
 8280.55 187     25200    -224.821   -224.781   0.0402614   24       1195     
 8296.46 188     25313    -224.821   -224.781   0.0400942   24       1210     
 8297.65 188     25314    -224.821   -224.781   0.0400942   24       1211     
 8301.51 188     25350    -224.821   -224.781   0.0400942   24       1215     
 8312.14 189     25445    -224.82    -224.781   0.0388855   22       1226     
 8312.39 189     25450    -224.82    -224.781   0.0388855   22       1226     
 8314.18 189     25500    -224.82    -224.781   0.0388855   22       1228     
 8320.77 190     25581    -224.82    -224.781   0.0386683   22       1234     
 8321.06 190     25600    -224.82    -224.781   0.0386683   20       1234     
 8324.57 191     25717    -224.82    -224.781   0.0384314   20       1237     
 8324.81 191     25718    -224.82    -224.781   0.0384314   19       1237     
 8325.12 191     25750    -224.82    -224.781   0.0384314   20       1237     
 8334.59 192     25851    -224.819   -224.781   0.038129    22       1246     
 8334.83 192     25852    -224.819   -224.781   0.038129    23       1246     
 8335.19 192     25900    -224.819   -224.781   0.038129    21       1246     
 8341.75 193     25985    -224.819   -224.781   0.0379423   21       1252     
 8342.03 193     26000    -224.819   -224.781   0.0379423   20       1252     
 8346.34 193     26050    -224.819   -224.781   0.0379423   21       1256     
 8347.95 194     26119    -224.819   -224.781   0.0377173   20       1257     
 8348.25 194     26150    -224.819   -224.781   0.0377173   20       1257     
 8351.68 195     26253    -224.819   -224.781   0.037469    21       1260     
 8351.92 195     26254    -224.819   -224.781   0.037469    22       1260     
 8352.27 195     26300    -224.819   -224.781   0.037469    22       1260     
 8368.72 196     26387    -224.819   -224.781   0.0373013   19       1275     
 8369    196     26400    -224.819   -224.781   0.0373013   20       1275     
 8372.35 196     26450    -224.819   -224.781   0.0373013   21       1278     
 8375.7  197     26521    -224.818   -224.781   0.037182    21       1281     
 8376.02 197     26550    -224.818   -224.781   0.037182    20       1281     
 8382.03 198     26655    -224.818   -224.781   0.0370325   21       1286     
 8382.3  198     26656    -224.818   -224.781   0.0370325   21       1286     
 8382.68 198     26700    -224.818   -224.781   0.0370325   21       1286     
 8388.2  199     26789    -224.818   -224.781   0.0368278   24       1291     
 8388.5  199     26800    -224.818   -224.781   0.0368278   24       1291     
 8394.24 199     26850    -224.818   -224.781   0.0368278   25       1296     
 8400.01 200     26923    -224.818   -224.781   0.0366691   22       1301     
 8400.35 200     26950    -224.818   -224.781   0.0366691   22       1301     
 8410.49 201     27059    -224.818   -224.781   0.0365061   22       1310     
 8411.91 201     27060    -224.818   -224.781   0.0365061   22       1311     
 8418.51 201     27100    -224.818   -224.781   0.0365061   22       1317     
 8426.18 202     27193    -224.818   -224.781   0.0362323   21       1323     
 8426.49 202     27200    -224.818   -224.781   0.0362323   22       1323     
 8426.89 202     27250    -224.818   -224.781   0.0362323   22       1323     
 8430.56 203     27327    -224.817   -224.781   0.0360765   22       1326     
 8430.9  203     27350    -224.817   -224.781   0.0360765   20       1326     
 8439.39 204     27459    -224.817   -224.781   0.0358355   22       1333     
 8439.67 204     27460    -224.817   -224.781   0.0358355   23       1333     
 8440.04 204     27500    -224.817   -224.781   0.0358355   23       1333     
 8447.23 205     27591    -224.817   -224.781   0.0357571   25       1339     
 8447.52 205     27600    -224.817   -224.781   0.0357571   24       1339     
 8447.91 205     27650    -224.817   -224.781   0.0357571   26       1339     
 8455    206     27723    -224.817   -224.781   0.0356802   24       1345     
 8455.33 206     27750    -224.817   -224.781   0.0356802   24       1345     
 8461.12 207     27855    -224.817   -224.781   0.0356084   24       1350     
 8461.38 207     27856    -224.817   -224.781   0.0356084   24       1350     
 8461.75 207     27900    -224.817   -224.781   0.0356084   24       1350     
 8467.81 208     27987    -224.817   -224.781   0.0354328   24       1355     
 8468.1  208     28000    -224.817   -224.781   0.0354328   24       1355     
 8472.71 208     28050    -224.817   -224.781   0.0354328   24       1359     
 8475.63 209     28119    -224.817   -224.781   0.0353493   25       1361     
 8475.97 209     28150    -224.817   -224.781   0.0353493   25       1361     
 8485.99 210     28251    -224.817   -224.781   0.0352506   25       1370     
 8486.26 210     28252    -224.817   -224.781   0.0352506   25       1370     
 8486.65 210     28300    -224.817   -224.781   0.0352506   25       1370     
 8492.74 211     28383    -224.816   -224.781   0.0350503   20       1375     
 8493.05 211     28400    -224.816   -224.781   0.0350503   20       1375     
 8499.56 212     28515    -224.816   -224.781   0.0348466   19       1381     
 8499.83 212     28516    -224.816   -224.781   0.0348466   19       1381     
 8500.18 212     28550    -224.816   -224.781   0.0348466   19       1381     
 8506.89 213     28647    -224.816   -224.781   0.0347141   20       1386     
 8507.17 213     28650    -224.816   -224.781   0.0347141   20       1386     
 8507.57 213     28700    -224.816   -224.781   0.0347141   20       1386     
 8518.99 214     28779    -224.816   -224.781   0.0345963   21       1396     
 8527.81 214     28800    -224.816   -224.781   0.0345963   19       1404     
 8537.01 215     28909    -224.816   -224.781   0.0343327   21       1411     
 8537.3  215     28910    -224.816   -224.781   0.0343327   21       1411     
 8537.7  215     28950    -224.816   -224.781   0.0343327   22       1411     
 8548.99 216     29041    -224.815   -224.781   0.034079    23       1420     
 8549.3  216     29050    -224.815   -224.781   0.034079    22       1420     
 8550.81 216     29100    -224.815   -224.781   0.034079    22       1421     
 8558.59 217     29173    -224.815   -224.781   0.0338896   21       1427     
 8558.94 217     29200    -224.815   -224.781   0.0338896   22       1427     
 8567.82 218     29303    -224.815   -224.781   0.033799    22       1434     
 8568.11 218     29304    -224.815   -224.781   0.033799    22       1434     
 8568.53 218     29350    -224.815   -224.781   0.033799    21       1434     
 8579.81 219     29435    -224.815   -224.781   0.0336305   24       1443     
 8580.14 219     29450    -224.815   -224.781   0.0336305   24       1443     
 8588.98 220     29500    -224.815   -224.781   0.0336305   23       1450     
 8589.55 220     29565    -224.815   -224.781   0.0333835   23       1450     
 8593.26 220     29600    -224.815   -224.781   0.0333835   22       1453     
 8606.2  221     29695    -224.815   -224.781   0.0332717   24       1463     
 8606.51 221     29700    -224.815   -224.781   0.0332717   25       1463     
 8606.95 221     29750    -224.815   -224.781   0.0332717   24       1463     
 8617.88 222     29825    -224.815   -224.781   0.0331494   24       1471     
 8618.25 222     29850    -224.815   -224.781   0.0331494   24       1471     
 8634.35 223     29955    -224.814   -224.781   0.0330446   22       1483     
 8634.68 223     29956    -224.814   -224.781   0.0330446   22       1483     
 8635.13 223     30000    -224.814   -224.781   0.0330446   22       1483     
 8639.71 224     30085    -224.814   -224.781   0.0329438   25       1486     
 8640.09 224     30100    -224.814   -224.781   0.0329438   25       1486     
 8649.4  225     30150    -224.814   -224.781   0.0329438   25       1493     
 8649.96 225     30215    -224.813   -224.781   0.0319374   26       1493     
 8650.35 225     30250    -224.813   -224.781   0.0319374   26       1493     
 8661.71 226     30349    -224.813   -224.781   0.0318236   26       1502     
 8662    226     30350    -224.813   -224.781   0.0318236   26       1502     
 8662.43 226     30400    -224.813   -224.781   0.0318236   27       1502     
 8668.98 227     30483    -224.813   -224.781   0.031716    25       1507     
 8669.35 227     30500    -224.813   -224.781   0.031716    24       1507     
 8676.14 228     30550    -224.813   -224.781   0.031716    24       1512     
 8676.71 228     30617    -224.813   -224.781   0.0315518   23       1512     
 8677.11 228     30650    -224.813   -224.781   0.0315518   25       1512     
 8691.53 229     30751    -224.813   -224.781   0.0314472   26       1523     
 8691.81 229     30752    -224.813   -224.781   0.0314472   26       1523     
 8692.24 229     30800    -224.813   -224.781   0.0314472   26       1523     
 8699.87 230     30885    -224.813   -224.781   0.0313357   26       1529     
 8700.22 230     30900    -224.813   -224.781   0.0313357   26       1529     
 8707.11 230     30950    -224.813   -224.781   0.0313357   25       1534     
 8708.77 231     31019    -224.813   -224.781   0.0311453   26       1535     
 8709.19 231     31050    -224.813   -224.781   0.0311453   27       1535     
 8720.9  232     31157    -224.812   -224.781   0.030961    27       1544     
 8721.23 232     31158    -224.812   -224.781   0.030961    27       1544     
 8721.64 232     31200    -224.812   -224.781   0.030961    27       1544     
 8736.1  233     31291    -224.812   -224.781   0.0308324   26       1555     
 8736.48 233     31300    -224.812   -224.781   0.0308324   26       1555     
 8743.35 233     31350    -224.812   -224.781   0.0308324   26       1560     
 8751.87 234     31423    -224.812   -224.781   0.0306766   24       1566     
 8752.24 234     31450    -224.812   -224.781   0.0306766   25       1566     
 8758.98 235     31555    -224.812   -224.781   0.0305845   24       1571     
 8759.28 235     31556    -224.812   -224.781   0.0305845   24       1571     
 8759.71 235     31600    -224.812   -224.781   0.0305845   24       1571     
 8770.72 236     31687    -224.812   -224.781   0.0304965   25       1579     
 8771.14 236     31700    -224.812   -224.781   0.0304965   25       1579     
 8779.23 236     31750    -224.812   -224.781   0.0304965   27       1585     
 8782.35 237     31819    -224.812   -224.781   0.0304375   26       1587     
 8782.83 237     31850    -224.812   -224.781   0.0304375   26       1587     
 8791.83 238     31951    -224.812   -224.781   0.0303475   24       1593     
 8792.17 238     31952    -224.812   -224.781   0.0303475   24       1593     
 8792.65 238     32000    -224.812   -224.781   0.0303475   24       1593     
 8798.3  239     32083    -224.812   -224.781   0.0303002   25       1597     
 8798.66 239     32100    -224.812   -224.781   0.0303002   25       1597     
 8811.31 240     32215    -224.812   -224.781   0.0302231   26       1606     
 8811.67 240     32216    -224.812   -224.781   0.0302231   26       1606     
 8812.11 240     32250    -224.812   -224.781   0.0302231   26       1606     
 8827.39 241     32347    -224.812   -224.781   0.0301781   28       1617     
 8827.73 241     32350    -224.812   -224.781   0.0301781   26       1617     
 8828.2  241     32400    -224.812   -224.781   0.0301781   28       1617     
 8838.2  242     32479    -224.812   -224.781   0.0301178   26       1624     
 8838.68 242     32500    -224.812   -224.781   0.0301178   25       1624     
 8851.24 243     32611    -224.811   -224.781   0.0299523   25       1633     
 8851.64 243     32612    -224.811   -224.781   0.0299523   25       1633     
 8852.09 243     32650    -224.811   -224.781   0.0299523   25       1633     
 8860.44 244     32743    -224.811   -224.781   0.0298839   25       1639     
 8860.8  244     32750    -224.811   -224.781   0.0298839   25       1639     
 8861.25 244     32800    -224.811   -224.781   0.0298839   26       1639     
 8867    245     32875    -224.811   -224.781   0.0297586   26       1643     
 8867.48 245     32900    -224.811   -224.781   0.0297586   26       1643     
 8875.53 246     33007    -224.811   -224.781   0.0296782   28       1648     
 8875.9  246     33008    -224.811   -224.781   0.0296782   28       1648     
 8876.38 246     33050    -224.811   -224.781   0.0296782   25       1648     
 8894.12 247     33143    -224.811   -224.781   0.029484    26       1661     
 8894.47 247     33150    -224.811   -224.781   0.029484    26       1661     
 8894.91 247     33200    -224.811   -224.781   0.029484    26       1661     
 8903.8  248     33273    -224.811   -224.781   0.0294036   27       1667     
 8904.19 248     33300    -224.811   -224.781   0.0294036   27       1667     
 8921.44 249     33403    -224.811   -224.781   0.0293024   28       1679     
 8923.1  249     33404    -224.811   -224.781   0.0293024   27       1680     
 8928.73 249     33450    -224.811   -224.781   0.0293024   28       1684     
 8937.51 250     33533    -224.81    -224.782   0.0284952   25       1690     
 8937.88 250     33550    -224.81    -224.782   0.0284952   25       1690     
 8948.16 250     33600    -224.81    -224.782   0.0284952   24       1697     
 8948.82 251     33669    -224.81    -224.782   0.0284166   25       1697     
 8949.23 251     33700    -224.81    -224.782   0.0284166   25       1697     
 8960.95 252     33805    -224.81    -224.782   0.0283305   27       1705     
 8961.29 252     33806    -224.81    -224.782   0.0283305   27       1705     
 8961.76 252     33850    -224.81    -224.782   0.0283305   26       1705     
 8969.39 253     33941    -224.81    -224.782   0.0281743   23       1710     
 8969.74 253     33950    -224.81    -224.782   0.0281743   23       1710     
 8970.22 253     34000    -224.81    -224.782   0.0281743   24       1710     
 8981.92 254     34077    -224.81    -224.782   0.0281127   24       1718     
 8982.32 254     34100    -224.81    -224.782   0.0281127   24       1718     
 8992.76 255     34213    -224.81    -224.782   0.028029    27       1725     
 8993.09 255     34214    -224.81    -224.782   0.028029    27       1725     
 8993.53 255     34250    -224.81    -224.782   0.028029    27       1725     
 9005.54 256     34347    -224.809   -224.782   0.0279904   26       1733     
 9005.9  256     34350    -224.809   -224.782   0.0279904   25       1733     
 9006.39 256     34400    -224.809   -224.782   0.0279904   25       1733     
 9019.36 257     34483    -224.809   -224.782   0.0278896   25       1742     
 9019.74 257     34500    -224.809   -224.782   0.0278896   24       1742     
 9027.83 258     34550    -224.809   -224.782   0.0278896   23       1748     
 9028.44 258     34617    -224.809   -224.782   0.0278328   24       1748     
 9028.89 258     34650    -224.809   -224.782   0.0278328   23       1748     
 9046.74 259     34751    -224.809   -224.782   0.0277187   25       1760     
 9047.08 259     34752    -224.809   -224.782   0.0277187   25       1760     
 9047.56 259     34800    -224.809   -224.782   0.0277187   25       1760     
 9061.63 260     34885    -224.809   -224.782   0.0276536   26       1769     
 9062.01 260     34900    -224.809   -224.782   0.0276536   26       1769     
 9070.76 260     34950    -224.809   -224.782   0.0276536   26       1775     
 9074.36 261     35021    -224.809   -224.782   0.0276082   30       1777     
 9074.85 261     35050    -224.809   -224.782   0.0276082   28       1777     
 9090.59 262     35155    -224.809   -224.782   0.0275237   24       1787     
 9090.94 262     35156    -224.809   -224.782   0.0275237   24       1787     
 9091.42 262     35200    -224.809   -224.782   0.0275237   25       1787     
 9103.36 263     35289    -224.809   -224.782   0.0274252   26       1795     
 9103.75 263     35300    -224.809   -224.782   0.0274252   26       1795     
 9110.12 263     35350    -224.809   -224.782   0.0274252   25       1799     
 9117.73 264     35423    -224.809   -224.782   0.0273331   27       1804     
 9118.18 264     35450    -224.809   -224.782   0.0273331   27       1804     
 9136.13 265     35557    -224.809   -224.782   0.0272515   28       1815     
 9136.49 265     35558    -224.809   -224.782   0.0272515   28       1815     
 9136.99 265     35600    -224.809   -224.782   0.0272515   28       1815     
 9151.36 266     35691    -224.809   -224.782   0.0271868   27       1824     
 9151.75 266     35700    -224.809   -224.782   0.0271868   27       1824     
 9152.26 266     35750    -224.809   -224.782   0.0271868   27       1824     
 9159.29 267     35825    -224.809   -224.782   0.0270688   25       1828     
 9159.71 267     35850    -224.809   -224.782   0.0270688   25       1828     
 9172.09 268     35959    -224.808   -224.782   0.0269747   25       1836     
 9172.45 268     35960    -224.808   -224.782   0.0269747   25       1836     
 9172.92 268     36000    -224.808   -224.782   0.0269747   24       1836     
 9180.99 269     36091    -224.808   -224.782   0.0269284   25       1841     
 9181.39 269     36100    -224.808   -224.782   0.0269284   25       1841     
 9183.38 269     36150    -224.808   -224.782   0.0269284   25       1842     
 9193.18 270     36223    -224.808   -224.782   0.0268847   25       1848     
 9193.63 270     36250    -224.808   -224.782   0.0268847   24       1848     
 9202.47 271     36355    -224.808   -224.782   0.0268096   23       1853     
 9202.85 271     36356    -224.808   -224.782   0.0268096   23       1853     
 9203.34 271     36400    -224.808   -224.782   0.0268096   23       1853     
 9222.9  272     36487    -224.808   -224.782   0.0267755   24       1865     
 9223.32 272     36500    -224.808   -224.782   0.0267755   25       1865     
 9234.3  272     36550    -224.808   -224.782   0.0267755   25       1872     
 9238.33 273     36619    -224.808   -224.782   0.0267086   25       1874     
 9238.81 273     36650    -224.808   -224.782   0.0267086   25       1874     
 9255.61 274     36751    -224.808   -224.782   0.0266586   25       1884     
 9256.01 274     36752    -224.808   -224.782   0.0266586   24       1884     
 9256.58 274     36800    -224.808   -224.782   0.0266586   24       1884     
 9267.01 275     36883    -224.808   -224.782   0.0265104   24       1890     
 9267.5  275     36900    -224.808   -224.782   0.0265104   24       1890     
 9277.4  276     37015    -224.808   -224.782   0.0264249   25       1896     
 9277.78 276     37016    -224.808   -224.782   0.0264249   25       1896     
 9278.26 276     37050    -224.808   -224.782   0.0264249   25       1896     
 9290.72 277     37147    -224.808   -224.782   0.0263628   26       1903     
 9291.12 277     37150    -224.808   -224.782   0.0263628   27       1903     
 9291.68 277     37200    -224.808   -224.782   0.0263628   27       1903     
 9301.86 278     37279    -224.808   -224.782   0.0262541   25       1909     
 9302.31 278     37300    -224.808   -224.782   0.0262541   24       1909     
 9318.35 279     37413    -224.808   -224.782   0.0261504   25       1918     
 9318.74 279     37414    -224.808   -224.782   0.0261504   26       1918     
 9319.25 279     37450    -224.808   -224.782   0.0261504   27       1918     
 9331.46 280     37545    -224.807   -224.782   0.0258343   25       1925     
 9331.85 280     37550    -224.807   -224.782   0.0258343   25       1925     
 9333.67 280     37600    -224.807   -224.782   0.0258343   26       1926     
 9349.57 281     37679    -224.807   -224.782   0.0257795   29       1936     
 9350.02 281     37700    -224.807   -224.782   0.0257795   28       1936     
 9363.95 282     37813    -224.807   -224.782   0.0257038   25       1944     
 9364.33 282     37814    -224.807   -224.782   0.0257038   26       1944     
 9364.83 282     37850    -224.807   -224.782   0.0257038   26       1944     
 9376.58 283     37947    -224.807   -224.782   0.0256207   26       1951     
 9376.98 283     37950    -224.807   -224.782   0.0256207   25       1951     
 9377.52 283     38000    -224.807   -224.782   0.0256207   25       1951     
 9384.73 284     38079    -224.807   -224.782   0.0255583   27       1955     
 9385.18 284     38100    -224.807   -224.782   0.0255583   27       1955     
 9393.3  285     38213    -224.807   -224.782   0.0254878   26       1960     
 9393.69 285     38214    -224.807   -224.782   0.0254878   26       1960     
 9394.17 285     38250    -224.807   -224.782   0.0254878   26       1960     
 9409.89 286     38345    -224.807   -224.782   0.0254294   27       1970     
 9410.29 286     38350    -224.807   -224.782   0.0254294   27       1970     
 9410.82 286     38400    -224.807   -224.782   0.0254294   27       1970     
 9415.69 287     38477    -224.807   -224.782   0.0253943   26       1973     
 9416.16 287     38500    -224.807   -224.782   0.0253943   26       1973     
 9423.28 288     38609    -224.807   -224.782   0.0253167   26       1977     
 9423.67 288     38610    -224.807   -224.782   0.0253167   26       1977     
 9424.16 288     38650    -224.807   -224.782   0.0253167   26       1977     
 9434.03 289     38741    -224.807   -224.782   0.0252839   26       1983     
 9434.45 289     38750    -224.807   -224.782   0.0252839   26       1983     
 9436.55 289     38800    -224.807   -224.782   0.0252839   27       1984     
 9446.54 290     38873    -224.807   -224.782   0.0252509   28       1990     
 9453.77 290     38900    -224.807   -224.782   0.0252509   28       1995     
 9465.67 291     39005    -224.807   -224.782   0.0251995   28       2002     
 9466.07 291     39006    -224.807   -224.782   0.0251995   28       2002     
 9466.61 291     39050    -224.807   -224.782   0.0251995   29       2002     
 9475.66 292     39137    -224.807   -224.782   0.0251164   29       2007     
 9476.15 292     39150    -224.807   -224.782   0.0251164   26       2007     
 9482.07 292     39200    -224.807   -224.782   0.0251164   25       2010     
 9486.2  293     39269    -224.807   -224.782   0.0250755   27       2012     
 9486.72 293     39300    -224.807   -224.782   0.0250755   25       2012     
 9496.2  294     39401    -224.807   -224.782   0.0250515   26       2017     
 9496.61 294     39402    -224.807   -224.782   0.0250515   26       2017     
 9497.16 294     39450    -224.807   -224.782   0.0250515   26       2017     
 9508.12 295     39533    -224.807   -224.782   0.025001    27       2023     
 9508.58 295     39550    -224.807   -224.782   0.025001    28       2023     
 9522.46 296     39665    -224.807   -224.782   0.0249804   29       2031     
 9522.87 296     39666    -224.807   -224.782   0.0249804   29       2031     
 9523.4  296     39700    -224.807   -224.782   0.0249804   30       2031     
 9540.68 297     39797    -224.806   -224.782   0.0248769   28       2041     
 9541.11 297     39800    -224.806   -224.782   0.0248769   27       2041     
 9541.7  297     39850    -224.806   -224.782   0.0248769   28       2041     
 9554.71 298     39929    -224.806   -224.782   0.0248205   29       2048     
 9555.17 298     39950    -224.806   -224.782   0.0248205   28       2048     
 9573.64 299     40061    -224.806   -224.782   0.0247245   28       2058     
 9574.06 299     40062    -224.806   -224.782   0.0247245   27       2058     
 9574.6  299     40100    -224.806   -224.782   0.0247245   27       2058     
 9592.69 300     40191    -224.806   -224.782   0.0244608   26       2068     
 9593.14 300     40200    -224.806   -224.782   0.0244608   25       2068     
 9593.7  300     40250    -224.806   -224.782   0.0244608   26       2068     
 9604.34 301     40323    -224.806   -224.782   0.0243979   26       2074     
 9604.82 301     40350    -224.806   -224.782   0.0243979   26       2074     
 9614.53 302     40455    -224.806   -224.782   0.0243676   25       2079     
 9614.94 302     40456    -224.806   -224.782   0.0243676   25       2079     
 9615.49 302     40500    -224.806   -224.782   0.0243676   25       2079     
 9625.42 303     40587    -224.806   -224.782   0.0243302   27       2084     
 9625.89 303     40600    -224.806   -224.782   0.0243302   27       2084     
 9629.91 303     40650    -224.806   -224.782   0.0243302   26       2086     
 9634.1  304     40719    -224.806   -224.782   0.0243016   26       2088     
 9634.62 304     40750    -224.806   -224.782   0.0243016   26       2088     
 9645.19 305     40851    -224.806   -224.782   0.0242541   30       2094     
 9645.6  305     40852    -224.806   -224.782   0.0242541   30       2094     
 9646.15 305     40900    -224.806   -224.782   0.0242541   29       2094     
 9653.25 306     40983    -224.806   -224.782   0.0242249   28       2098     
 9653.72 306     41000    -224.806   -224.782   0.0242249   28       2098     
 9660.92 307     41115    -224.806   -224.782   0.0241491   29       2102     
 9661.33 307     41116    -224.806   -224.782   0.0241491   29       2102     
 9661.84 307     41150    -224.806   -224.782   0.0241491   27       2102     
 9669.29 308     41247    -224.806   -224.782   0.0241027   27       2106     
 9669.72 308     41250    -224.806   -224.782   0.0241027   24       2106     
 9677.98 308     41300    -224.806   -224.782   0.0241027   25       2111     
 9693.23 309     41379    -224.806   -224.782   0.0240727   31       2119     
 9693.72 309     41400    -224.806   -224.782   0.0240727   28       2119     
 9703.05 310     41511    -224.806   -224.782   0.024003    26       2124     
 9703.47 310     41512    -224.806   -224.782   0.024003    26       2124     
 9704.02 310     41550    -224.806   -224.782   0.024003    26       2124     
 9723.18 311     41643    -224.806   -224.782   0.0239743   28       2134     
 9723.69 311     41650    -224.806   -224.782   0.0239743   28       2134     
 9724.32 311     41700    -224.806   -224.782   0.0239743   28       2134     
 9736.16 312     41775    -224.806   -224.782   0.0239487   30       2140     
 9736.72 312     41800    -224.806   -224.782   0.0239487   30       2140     
 9749.56 313     41907    -224.806   -224.782   0.0239316   29       2147     
 9749.99 313     41908    -224.806   -224.782   0.0239316   29       2147     
 9750.55 313     41950    -224.806   -224.782   0.0239316   29       2147     
 9763.38 314     42039    -224.806   -224.782   0.0238948   29       2154     
 9763.84 314     42050    -224.806   -224.782   0.0238948   29       2154     
 9767.91 314     42100    -224.806   -224.782   0.0238948   28       2156     
 9773.58 315     42169    -224.805   -224.782   0.0238632   29       2159     
 9774.11 315     42200    -224.805   -224.782   0.0238632   29       2159     
 9780.5  316     42299    -224.805   -224.782   0.0238303   30       2162     
 9780.93 316     42300    -224.805   -224.782   0.0238303   30       2162     
 9781.51 316     42350    -224.805   -224.782   0.0238303   30       2162     
 9795.26 317     42429    -224.805   -224.782   0.0238169   32       2169     
 9795.76 317     42450    -224.805   -224.782   0.0238169   32       2169     
 9801.63 318     42559    -224.805   -224.782   0.0237974   28       2172     
 9802.07 318     42560    -224.805   -224.782   0.0237974   28       2172     
 9802.67 318     42600    -224.805   -224.782   0.0237974   31       2172     
 9811.88 319     42689    -224.805   -224.782   0.023711    28       2177     
 9812.41 319     42700    -224.805   -224.782   0.023711    27       2177     
 9818.75 319     42750    -224.805   -224.782   0.023711    28       2180     
 9825.52 320     42819    -224.805   -224.782   0.0236772   29       2183     
 9826.14 320     42850    -224.805   -224.782   0.0236772   29       2183     
 9840.19 321     42949    -224.805   -224.782   0.0236566   27       2190     
 9840.7  321     42950    -224.805   -224.782   0.0236566   28       2190     
 9841.41 321     43000    -224.805   -224.782   0.0236566   27       2190     
 9854.09 322     43079    -224.805   -224.782   0.0236197   26       2196     
 9854.68 322     43100    -224.805   -224.782   0.0236197   26       2196     
 9868.93 323     43209    -224.805   -224.782   0.0235882   29       2203     
 9869.37 323     43210    -224.805   -224.782   0.0235882   29       2203     
 9869.97 323     43250    -224.805   -224.782   0.0235882   30       2203     
 9880.47 324     43339    -224.805   -224.782   0.0235524   29       2208     
 9880.96 324     43350    -224.805   -224.782   0.0235524   28       2208     
 9883.45 324     43400    -224.805   -224.782   0.0235524   27       2209     
 9889.4  325     43469    -224.805   -224.782   0.0235094   29       2212     
 9889.96 325     43500    -224.805   -224.782   0.0235094   27       2212     
 9898.38 326     43599    -224.805   -224.782   0.0234511   26       2216     
 9898.83 326     43600    -224.805   -224.782   0.0234511   26       2216     
 9899.44 326     43650    -224.805   -224.782   0.0234511   26       2216     
 9916.98 327     43729    -224.805   -224.782   0.0234175   27       2225     
 9917.48 327     43750    -224.805   -224.782   0.0234175   27       2225     
 9933.53 328     43859    -224.805   -224.782   0.0233779   27       2233     
 9935.81 328     43860    -224.805   -224.782   0.0233779   27       2234     
 9945.1  328     43900    -224.805   -224.782   0.0233779   28       2239     
 9961.85 329     43989    -224.805   -224.782   0.0231044   26       2247     
 9962.33 329     44000    -224.805   -224.782   0.0231044   26       2247     
 9966.11 329     44050    -224.805   -224.782   0.0231044   27       2249     
 9973.85 330     44121    -224.805   -224.782   0.0230457   28       2253     
 9974.38 330     44150    -224.805   -224.782   0.0230457   28       2253     
 9985.7  331     44253    -224.805   -224.782   0.0230044   27       2259     
 9986.15 331     44254    -224.805   -224.782   0.0230044   27       2259     
 9986.75 331     44300    -224.805   -224.782   0.0230044   27       2259     
 9994.09 332     44385    -224.805   -224.782   0.0229377   29       2263     
 9994.58 332     44400    -224.805   -224.782   0.0229377   29       2263     
 10004.6 332     44450    -224.805   -224.782   0.0229377   31       2268     
-------------------------------------------------------------------------------

SARSOP finishing ...
  Preset timeout reached
  Timeout     : 10000.000000s
  Actual Time : 10004.650000s

-------------------------------------------------------------------------------
 Time   |#Trial |#Backup |LBound    |UBound    |Precision  |#Alphas |#Beliefs  
-------------------------------------------------------------------------------
 10004.6 332     44450    -224.805   -224.782   0.0229377   31       2268     
-------------------------------------------------------------------------------

Writing out policy ...
  output file : RAM4_small/3860f06811.policyx

