
Loading the model ...
  input file   : /home/rstudio/RAM4_small/38729c8ca5.pomdpx
  loading time : 4.39s 

SARSOP initializing ...
  initialization time : 6305.53s

-------------------------------------------------------------------------------
 Time   |#Trial |#Backup |LBound    |UBound    |Precision  |#Alphas |#Beliefs  
-------------------------------------------------------------------------------
 6305.53 0       0        -373.165   -166.105   207.06      101      1        
 6306.31 1       51       -359.697   -353.17    6.52756     31       27       
 6307.11 2       139      -358.414   -353.17    5.24422     46       47       
 6307.45 2       150      -358.414   -353.17    5.24422     32       58       
 6308.08 3       213      -356.515   -353.17    3.34535     48       67       
 6308.4  3       250      -356.515   -353.17    3.34535     70       74       
 6308.89 4       329      -355.988   -353.17    2.81854     69       79       
 6308.96 4       350      -355.988   -353.17    2.81854     84       79       
 6309.46 5       443      -355.575   -353.17    2.40573     100      83       
 6309.72 5       450      -355.575   -353.17    2.40573     107      87       
 6311.56 6       549      -355.264   -353.17    2.09456     54       99       
 6311.58 6       550      -355.264   -353.17    2.09456     55       99       
 6314.47 7       600      -355.264   -353.17    2.09456     47       119      
 6314.79 7       651      -355.02    -353.17    1.84998     37       120      
 6316.03 7       700      -355.02    -353.17    1.84998     31       132      
 6316.27 8       751      -354.631   -353.17    1.46098     32       133      
 6316.73 8       800      -354.631   -353.17    1.46098     27       138      
 6317.23 9       879      -354.505   -353.17    1.33507     26       141      
 6319.02 9       900      -354.505   -353.17    1.33507     21       154      
 6322.63 10      1003     -354.388   -353.17    1.21836     22       173      
 6322.67 10      1004     -354.388   -353.17    1.21836     22       173      
 6324.1  10      1050     -354.388   -353.17    1.21836     20       181      
 6324.61 11      1121     -354.281   -353.17    1.1109      18       183      
 6325.67 11      1150     -354.281   -353.17    1.1109      14       190      
 6329.79 12      1235     -354.189   -353.17    1.01941     15       207      
 6330.22 12      1250     -354.189   -353.17    1.01941     10       210      
 6331.4  13      1347     -354.121   -353.17    0.951008    12       214      
 6331.45 13      1350     -354.121   -353.17    0.951008    7        214      
 6334.13 13      1400     -354.121   -353.17    0.951008    10       226      
 6334.49 14      1455     -354.059   -353.17    0.889043    7        227      
 6336.53 14      1500     -354.059   -353.17    0.889043    10       243      
 6338.22 15      1559     -353.88    -353.17    0.710253    11       249      
 6338.94 15      1600     -353.88    -353.17    0.710253    9        254      
 6341.34 16      1693     -353.832   -353.17    0.66209     8        266      
 6341.4  16      1700     -353.832   -353.17    0.66209     7        266      
 6341.53 16      1750     -353.832   -353.17    0.66209     10       266      
 6343.51 17      1827     -353.797   -353.17    0.627594    9        274      
 6343.6  17      1850     -353.797   -353.17    0.627594    8        274      
 6345.27 18      1957     -353.769   -353.17    0.599172    11       280      
 6345.32 18      1958     -353.769   -353.17    0.599172    11       280      
 6346.11 18      2000     -353.769   -353.17    0.599172    9        284      
 6347.66 19      2087     -353.735   -353.17    0.565544    8        289      
 6347.73 19      2100     -353.735   -353.17    0.565544    6        289      
 6348.77 19      2150     -353.735   -353.17    0.565544    7        294      
 6348.96 20      2215     -353.71    -353.17    0.539905    7        294      
 6349.06 20      2250     -353.71    -353.17    0.539905    7        294      
 6349.49 21      2341     -353.687   -353.17    0.517203    8        295      
 6349.57 21      2350     -353.687   -353.17    0.517203    6        295      
 6349.88 21      2400     -353.687   -353.17    0.517203    7        296      
 6350.48 22      2465     -353.666   -353.17    0.4964      10       298      
 6350.58 22      2500     -353.666   -353.17    0.4964      7        298      
 6351.45 23      2587     -353.647   -353.17    0.477668    9        301      
 6351.52 23      2600     -353.647   -353.17    0.477668    6        301      
 6352.36 24      2707     -353.63    -353.17    0.459768    10       304      
 6352.42 24      2708     -353.63    -353.17    0.459768    9        304      
 6352.53 24      2750     -353.63    -353.17    0.459768    7        304      
 6353.58 25      2825     -353.615   -353.17    0.445511    12       308      
 6353.67 25      2850     -353.615   -353.17    0.445511    8        308      
 6354.79 26      2943     -353.6     -353.17    0.429807    11       312      
 6355.98 26      2950     -353.6     -353.17    0.429807    10       319      
 6360.65 27      3000     -353.6     -353.17    0.429807    11       339      
 6360.9  27      3057     -353.551   -353.17    0.38113     13       339      
 6361.03 27      3100     -353.551   -353.17    0.38113     10       339      
 6362.72 28      3189     -353.535   -353.17    0.365219    11       346      
 6362.81 28      3200     -353.535   -353.17    0.365219    10       346      
 6363.65 28      3250     -353.535   -353.17    0.365219    10       350      
 6364.85 29      3321     -353.525   -353.17    0.355351    14       354      
 6364.96 29      3350     -353.525   -353.17    0.355351    10       354      
 6365.88 30      3451     -353.516   -353.17    0.346063    11       357      
 6365.94 30      3452     -353.516   -353.17    0.346063    11       357      
 6367.42 30      3500     -353.516   -353.17    0.346063    10       363      
 6368.78 31      3579     -353.505   -353.17    0.335343    12       367      
 6368.88 31      3600     -353.505   -353.17    0.335343    11       367      
 6371.07 32      3705     -353.496   -353.17    0.326239    13       375      
 6371.15 32      3706     -353.496   -353.17    0.326239    12       375      
 6371.87 32      3750     -353.496   -353.17    0.326239    9        378      
 6373.82 33      3829     -353.488   -353.17    0.318447    10       385      
 6373.93 33      3850     -353.488   -353.17    0.318447    10       385      
 6376.07 34      3953     -353.479   -353.17    0.309546    11       392      
 6376.15 34      3954     -353.479   -353.17    0.309546    11       392      
 6376.31 34      4000     -353.479   -353.17    0.309546    10       392      
 6377.82 35      4075     -353.471   -353.17    0.301557    12       396      
 6377.95 35      4100     -353.471   -353.17    0.301557    15       396      
 6382.95 36      4195     -353.465   -353.17    0.294948    12       414      
 6383.04 36      4200     -353.465   -353.17    0.294948    12       414      
 6385.55 36      4250     -353.465   -353.17    0.294948    11       422      
 6387.04 37      4313     -353.458   -353.17    0.287787    11       425      
 6387.19 37      4350     -353.458   -353.17    0.287787    10       425      
 6388.94 38      4431     -353.451   -353.17    0.281168    13       429      
 6389.06 38      4450     -353.451   -353.17    0.281168    11       429      
 6391.1  39      4547     -353.445   -353.17    0.275016    12       435      
 6391.43 39      4550     -353.445   -353.17    0.275016    11       438      
 6397.04 39      4600     -353.445   -353.17    0.275016    12       459      
 6398.08 40      4659     -353.4     -353.17    0.230075    13       461      
 6399.02 40      4700     -353.4     -353.17    0.230075    12       465      
 6402.16 41      4799     -353.391   -353.17    0.22107     14       476      
 6402.24 41      4800     -353.391   -353.17    0.22107     14       476      
 6402.41 41      4850     -353.391   -353.17    0.22107     12       476      
 6404.19 42      4941     -353.386   -353.17    0.216508    11       481      
 6406.6  42      4950     -353.386   -353.17    0.216508    12       489      
 6406.79 42      5000     -353.386   -353.17    0.216508    13       489      
 6408.09 43      5081     -353.382   -353.17    0.212225    16       492      
 6408.21 43      5100     -353.382   -353.17    0.212225    12       492      
 6410.04 43      5150     -353.382   -353.17    0.212225    11       498      
 6410.33 44      5221     -353.377   -353.17    0.207452    15       498      
 6410.47 44      5250     -353.377   -353.17    0.207452    14       498      
 6412.35 45      5359     -353.373   -353.17    0.203658    13       503      
 6412.44 45      5360     -353.373   -353.17    0.203658    12       503      
 6412.6  45      5400     -353.373   -353.17    0.203658    14       503      
 6414.58 46      5495     -353.37    -353.17    0.199852    13       508      
 6416.27 46      5500     -353.37    -353.17    0.199852    13       513      
 6416.63 46      5550     -353.37    -353.17    0.199852    13       514      
 6419.3  47      5631     -353.365   -353.17    0.195334    15       521      
 6422.26 47      5650     -353.365   -353.17    0.195334    13       529      
 6425.72 48      5767     -353.362   -353.17    0.191878    13       536      
 6425.82 48      5768     -353.362   -353.17    0.191878    13       536      
 6425.98 48      5800     -353.362   -353.17    0.191878    13       536      
 6430.43 49      5901     -353.358   -353.17    0.187992    13       546      
 6430.54 49      5902     -353.358   -353.17    0.187992    13       546      
 6430.72 49      5950     -353.358   -353.17    0.187992    12       546      
 6432.69 50      6035     -353.355   -353.17    0.18477     12       550      
 6435.89 50      6050     -353.355   -353.17    0.18477     12       558      
 6439.45 50      6100     -353.355   -353.17    0.18477     13       565      
 6439.77 51      6167     -353.351   -353.17    0.181317    14       565      
 6440.52 51      6200     -353.351   -353.17    0.181317    13       567      
 6444.01 52      6299     -353.348   -353.17    0.178131    15       574      
 6444.12 52      6300     -353.348   -353.17    0.178131    14       574      
 6444.32 52      6350     -353.348   -353.17    0.178131    10       574      
 6448.61 53      6429     -353.345   -353.17    0.175542    13       583      
 6448.79 53      6450     -353.345   -353.17    0.175542    12       583      
 6452.64 54      6559     -353.343   -353.17    0.172874    14       590      
 6452.76 54      6560     -353.343   -353.17    0.172874    14       590      
 6452.95 54      6600     -353.343   -353.17    0.172874    13       590      
 6459.83 55      6687     -353.341   -353.17    0.170611    15       603      
 6461.42 55      6700     -353.341   -353.17    0.170611    15       607      
 6464.15 55      6750     -353.341   -353.17    0.170611    14       612      
 6464.47 56      6815     -353.338   -353.17    0.167978    16       612      
 6467.52 56      6850     -353.338   -353.17    0.167978    14       618      
 6473.64 57      6941     -353.335   -353.17    0.165255    15       628      
 6473.8  57      6950     -353.335   -353.17    0.165255    16       628      
 6475.68 57      7000     -353.335   -353.17    0.165255    16       631      
 6477.56 58      7067     -353.332   -353.17    0.162461    14       634      
 6477.75 58      7100     -353.332   -353.17    0.162461    15       634      
 6485.07 59      7191     -353.329   -353.17    0.159362    14       646      
 6485.23 59      7200     -353.329   -353.17    0.159362    14       646      
 6498.72 59      7250     -353.329   -353.17    0.159362    14       668      
 6500.69 60      7315     -353.327   -353.17    0.157441    15       670      
 6505.79 60      7350     -353.327   -353.17    0.157441    15       679      
 6509.66 61      7439     -353.325   -353.17    0.155395    15       684      
 6510.08 61      7450     -353.325   -353.17    0.155395    15       685      
 6520.21 62      7500     -353.325   -353.17    0.155395    15       700      
 6520.64 62      7561     -353.323   -353.17    0.153105    14       700      
 6523.28 62      7600     -353.323   -353.17    0.153105    14       704      
 6529.91 63      7683     -353.321   -353.17    0.151281    17       712      
 6530.11 63      7700     -353.321   -353.17    0.151281    17       712      
 6538.17 64      7805     -353.319   -353.17    0.149133    14       722      
 6538.33 64      7806     -353.319   -353.17    0.149133    14       722      
 6538.57 64      7850     -353.319   -353.17    0.149133    15       722      
 6544.95 65      7925     -353.317   -353.17    0.147526    16       730      
 6548.74 65      7950     -353.317   -353.17    0.147526    15       736      
 6558.41 66      8045     -353.315   -353.17    0.145309    17       749      
 6558.59 66      8050     -353.315   -353.17    0.145309    15       749      
 6562.2  66      8100     -353.315   -353.17    0.145309    13       753      
 6565.64 67      8163     -353.313   -353.17    0.143429    17       757      
 6569.97 67      8200     -353.313   -353.17    0.143429    17       765      
 6573.55 68      8279     -353.3     -353.17    0.129678    15       770      
 6573.74 68      8300     -353.3     -353.17    0.129678    14       770      
 6580.15 69      8413     -353.297   -353.17    0.127078    15       780      
 6580.29 69      8414     -353.297   -353.17    0.127078    15       780      
 6580.51 69      8450     -353.297   -353.17    0.127078    15       780      
 6588.37 70      8547     -353.296   -353.17    0.125619    16       791      
 6588.53 70      8550     -353.296   -353.17    0.125619    15       791      
 6588.77 70      8600     -353.296   -353.17    0.125619    15       791      
 6592.5  71      8679     -353.295   -353.17    0.124606    15       796      
 6592.7  71      8700     -353.295   -353.17    0.124606    13       796      
 6599.56 72      8811     -353.293   -353.17    0.122868    13       806      
 6599.71 72      8812     -353.293   -353.17    0.122868    13       806      
 6599.93 72      8850     -353.293   -353.17    0.122868    12       806      
 6605.06 73      8943     -353.292   -353.17    0.121641    14       813      
 6609.15 73      8950     -353.292   -353.17    0.121641    15       819      
 6611.92 73      9000     -353.292   -353.17    0.121641    14       823      
 6617.67 74      9073     -353.29    -353.17    0.119868    13       830      
 6617.9  74      9100     -353.29    -353.17    0.119868    12       830      
 6626.01 75      9203     -353.288   -353.17    0.117761    15       840      
 6626.94 75      9204     -353.288   -353.17    0.117761    16       841      
 6631.28 75      9250     -353.288   -353.17    0.117761    13       847      
 6639.33 76      9331     -353.286   -353.17    0.116261    15       856      
 6639.56 76      9350     -353.286   -353.17    0.116261    14       856      
 6645.25 77      9457     -353.284   -353.17    0.114258    15       863      
 6645.42 77      9458     -353.284   -353.17    0.114258    16       863      
 6645.68 77      9500     -353.284   -353.17    0.114258    15       863      
 6651.99 78      9583     -353.283   -353.17    0.113392    16       870      
 6658.16 78      9600     -353.283   -353.17    0.113392    14       878      
 6666.84 79      9709     -353.282   -353.17    0.111534    14       887      
 6667.02 79      9710     -353.282   -353.17    0.111534    13       887      
 6670.08 79      9750     -353.282   -353.17    0.111534    14       892      
 6675.96 80      9835     -353.28    -353.17    0.110279    16       898      
 6676.18 80      9850     -353.28    -353.17    0.110279    15       898      
 6681.05 81      9959     -353.279   -353.17    0.108996    18       903      
 6681.23 81      9960     -353.279   -353.17    0.108996    18       903      
 6682.08 81      10000    -353.279   -353.17    0.108996    17       904      
 6692.58 82      10083    -353.278   -353.17    0.107959    16       917      
 6692.83 82      10100    -353.278   -353.17    0.107959    15       917      
 6699.77 83      10205    -353.277   -353.17    0.107077    15       924      
 6699.96 83      10206    -353.277   -353.17    0.107077    15       924      
 6706.1  83      10250    -353.277   -353.17    0.107077    16       931      
 6711.62 84      10327    -353.276   -353.17    0.106097    17       936      
 6711.88 84      10350    -353.276   -353.17    0.106097    16       936      
 6720.22 85      10447    -353.274   -353.17    0.104391    14       944      
 6720.42 85      10450    -353.274   -353.17    0.104391    13       944      
 6723.94 85      10500    -353.274   -353.17    0.104391    14       948      
 6728.64 86      10567    -353.273   -353.17    0.103426    16       953      
 6733.47 86      10600    -353.273   -353.17    0.103426    16       959      
 6739.85 87      10687    -353.272   -353.17    0.102355    16       965      
 6742.34 87      10700    -353.272   -353.17    0.102355    16       968      
 6756.98 88      10807    -353.271   -353.17    0.101093    15       981      
 6757.19 88      10808    -353.271   -353.17    0.101093    16       981      
 6757.49 88      10850    -353.271   -353.17    0.101093    16       981      
 6763.29 89      10925    -353.27    -353.17    0.100199    15       986      
 6769.95 89      10950    -353.27    -353.17    0.100199    15       993      
 6783.23 90      11043    -353.269   -353.17    0.0988111   17       1004     
 6783.48 90      11050    -353.269   -353.17    0.0988111   16       1004     
 6793.14 90      11100    -353.269   -353.17    0.0988111   15       1012     
 6794.85 91      11159    -353.268   -353.17    0.0977199   14       1013     
 6803.48 91      11200    -353.268   -353.17    0.0977199   15       1021     
 6810.03 92      11273    -353.267   -353.17    0.0965983   17       1026     
 6812.62 92      11300    -353.267   -353.17    0.0965983   15       1029     
 6825.05 93      11387    -353.265   -353.17    0.0952685   16       1039     
 6825.66 93      11400    -353.265   -353.17    0.0952685   16       1040     
 6832.32 94      11501    -353.264   -353.17    0.0942842   17       1045     
 6832.54 94      11502    -353.264   -353.17    0.0942842   16       1045     
 6852.48 94      11550    -353.264   -353.17    0.0942842   15       1071     
 6859.22 95      11613    -353.25    -353.17    0.0802435   16       1077     
 6867.02 95      11650    -353.25    -353.17    0.0802435   20       1090     
 6871.2  96      11753    -353.249   -353.17    0.0790501   19       1095     
 6871.39 96      11754    -353.249   -353.17    0.0790501   19       1095     
 6876.25 96      11800    -353.249   -353.17    0.0790501   19       1102     
 6884.3  97      11893    -353.249   -353.17    0.0785149   21       1113     
 6884.53 97      11900    -353.249   -353.17    0.0785149   19       1113     
 6884.86 97      11950    -353.249   -353.17    0.0785149   19       1113     
 6887.76 98      12033    -353.248   -353.17    0.0779797   21       1117     
 6888.02 98      12050    -353.248   -353.17    0.0779797   21       1117     
 6894.25 98      12100    -353.248   -353.17    0.0779797   19       1125     
 6896.25 99      12173    -353.247   -353.17    0.0768995   19       1127     
 6896.53 99      12200    -353.247   -353.17    0.0768995   21       1127     
 6906.59 100     12311    -353.246   -353.17    0.0762897   22       1139     
 6906.8  100     12312    -353.246   -353.17    0.0762897   23       1139     
 6907.1  100     12350    -353.246   -353.17    0.0762897   23       1139     
 6909.68 101     12449    -353.246   -353.17    0.0757905   19       1142     
 6909.9  101     12450    -353.246   -353.17    0.0757905   17       1142     
 6916.22 101     12500    -353.246   -353.17    0.0757905   18       1151     
 6925.49 102     12587    -353.245   -353.17    0.074534    20       1163     
 6931.66 102     12600    -353.245   -353.17    0.074534    20       1171     
 6940.53 102     12650    -353.245   -353.17    0.074534    21       1182     
 6945.33 103     12725    -353.244   -353.17    0.0738576   21       1187     
 6949.31 103     12750    -353.244   -353.17    0.0738576   19       1192     
 6954.8  104     12861    -353.243   -353.17    0.07292     21       1198     
 6955.03 104     12862    -353.243   -353.17    0.07292     21       1198     
 6957.54 104     12900    -353.243   -353.17    0.07292     20       1201     
 6967.04 105     12997    -353.243   -353.17    0.0724896   19       1211     
 6967.29 105     13000    -353.243   -353.17    0.0724896   17       1211     
 6967.67 105     13050    -353.243   -353.17    0.0724896   18       1211     
 6972.43 106     13133    -353.242   -353.17    0.0716532   20       1216     
 6974.91 106     13150    -353.242   -353.17    0.0716532   20       1219     
 6983.78 106     13200    -353.242   -353.17    0.0716532   20       1228     
 6984.38 107     13269    -353.241   -353.17    0.0711283   18       1228     
 6986.75 107     13300    -353.241   -353.17    0.0711283   20       1231     
 6991.21 108     13403    -353.241   -353.17    0.070612    18       1235     
 6991.45 108     13404    -353.241   -353.17    0.070612    19       1235     
 6991.83 108     13450    -353.241   -353.17    0.070612    19       1235     
 7002.29 109     13537    -353.24    -353.17    0.0701023   19       1246     
 7002.6  109     13550    -353.24    -353.17    0.0701023   20       1246     
 7003.86 109     13600    -353.24    -353.17    0.0701023   20       1247     
 7007.24 110     13671    -353.24    -353.17    0.0697629   23       1250     
 7007.58 110     13700    -353.24    -353.17    0.0697629   23       1250     
 7027.4  111     13805    -353.239   -353.17    0.0689763   21       1269     
 7027.65 111     13806    -353.239   -353.17    0.0689763   21       1269     
 7043.41 111     13850    -353.239   -353.17    0.0689763   23       1285     
 7066.83 112     13937    -353.239   -353.17    0.0684052   20       1305     
 7072.3  112     13950    -353.239   -353.17    0.0684052   20       1310     
 7083.4  112     14000    -353.239   -353.17    0.0684052   22       1320     
 7086.14 113     14069    -353.238   -353.17    0.0680201   19       1322     
 7091.2  113     14100    -353.238   -353.17    0.0680201   20       1327     
 7099.54 114     14201    -353.238   -353.17    0.0675191   21       1334     
 7099.81 114     14202    -353.238   -353.17    0.0675191   22       1334     
 7102.02 114     14250    -353.238   -353.17    0.0675191   23       1336     
 7118.43 115     14331    -353.237   -353.17    0.0671583   21       1350     
 7118.77 115     14350    -353.237   -353.17    0.0671583   20       1350     
 7125.03 116     14461    -353.237   -353.17    0.0667658   21       1355     
 7125.31 116     14462    -353.237   -353.17    0.0667658   20       1355     
 7130.65 116     14500    -353.237   -353.17    0.0667658   18       1360     
 7144.36 117     14591    -353.236   -353.17    0.0662444   21       1372     
 7149.19 117     14600    -353.236   -353.17    0.0662444   18       1376     
 7149.68 117     14650    -353.236   -353.17    0.0662444   21       1376     
 7155.32 118     14721    -353.236   -353.17    0.0656563   18       1380     
 7155.71 118     14750    -353.236   -353.17    0.0656563   16       1380     
 7176.01 119     14851    -353.235   -353.17    0.0651594   17       1396     
 7176.3  119     14852    -353.235   -353.17    0.0651594   17       1396     
 7176.76 119     14900    -353.235   -353.17    0.0651594   18       1396     
 7183.85 120     14979    -353.235   -353.17    0.0645631   18       1401     
 7184.24 120     15000    -353.235   -353.17    0.0645631   18       1401     
 7199.25 121     15107    -353.234   -353.17    0.06424     20       1413     
 7199.55 121     15108    -353.234   -353.17    0.06424     20       1413     
 7199.99 121     15150    -353.234   -353.17    0.06424     23       1413     
 7215.82 122     15235    -353.234   -353.17    0.0634005   20       1425     
 7216.21 122     15250    -353.234   -353.17    0.0634005   20       1425     
 7226.41 123     15363    -353.233   -353.17    0.0629104   18       1432     
 7226.72 123     15364    -353.233   -353.17    0.0629104   18       1432     
 7228.97 123     15400    -353.233   -353.17    0.0629104   19       1434     
 7239.33 124     15489    -353.233   -353.17    0.0623416   20       1442     
 7239.7  124     15500    -353.233   -353.17    0.0623416   20       1442     
 7247.27 124     15550    -353.233   -353.17    0.0623416   20       1448     
 7249.12 125     15615    -353.232   -353.17    0.0619797   20       1449     
 7250.17 125     15650    -353.232   -353.17    0.0619797   20       1450     
 7258.91 126     15741    -353.232   -353.17    0.0616922   23       1457     
 7259.29 126     15750    -353.232   -353.17    0.0616922   21       1457     
 7269.71 126     15800    -353.232   -353.17    0.0616922   19       1465     
 7274.75 127     15867    -353.231   -353.17    0.0611509   24       1468     
 7279.28 127     15900    -353.231   -353.17    0.0611509   24       1472     
 7291.42 128     15991    -353.231   -353.17    0.060912    20       1481     
 7291.81 128     16000    -353.231   -353.17    0.060912    19       1481     
 7305.45 128     16050    -353.231   -353.17    0.060912    19       1491     
 7308.78 129     16115    -353.23    -353.17    0.0600946   20       1493     
 7315.84 129     16150    -353.23    -353.17    0.0600946   23       1499     
 7322.45 130     16241    -353.23    -353.17    0.0597942   20       1503     
 7322.85 130     16250    -353.23    -353.17    0.0597942   19       1503     
 7335.39 130     16300    -353.23    -353.17    0.0597942   19       1512     
 7339.25 131     16365    -353.23    -353.17    0.0593562   21       1514     
 7339.68 131     16400    -353.23    -353.17    0.0593562   20       1514     
 7347.57 132     16489    -353.229   -353.17    0.0590965   20       1519     
 7347.98 132     16500    -353.229   -353.17    0.0590965   22       1519     
 7377.79 132     16550    -353.229   -353.17    0.0590965   21       1540     
 7378.59 133     16613    -353.229   -353.17    0.0587657   22       1540     
 7379.1  133     16650    -353.229   -353.17    0.0587657   22       1540     
 7395.45 134     16735    -353.229   -353.17    0.0583714   23       1550     
 7395.88 134     16750    -353.229   -353.17    0.0583714   23       1550     
 7409.69 135     16857    -353.228   -353.17    0.058008    22       1559     
 7410.04 135     16858    -353.228   -353.17    0.058008    23       1559     
 7417.63 135     16900    -353.228   -353.17    0.058008    26       1565     
 7437    136     16979    -353.228   -353.17    0.0575842   19       1578     
 7442.89 136     17000    -353.228   -353.17    0.0575842   20       1582     
 7461.9  137     17099    -353.227   -353.17    0.057241    19       1593     
 7462.27 137     17100    -353.227   -353.17    0.057241    19       1593     
 7482.28 137     17150    -353.227   -353.17    0.057241    22       1607     
 7496.98 138     17219    -353.227   -353.17    0.0568843   24       1615     
 7497.52 138     17250    -353.227   -353.17    0.0568843   25       1615     
 7521.82 139     17339    -353.227   -353.17    0.0565497   21       1630     
 7528.55 139     17350    -353.227   -353.17    0.0565497   22       1634     
 7541.52 140     17457    -353.226   -353.17    0.0562549   20       1641     
 7543.57 140     17458    -353.226   -353.17    0.0562549   20       1642     
 7559.08 140     17500    -353.226   -353.17    0.0562549   24       1652     
 7583.27 141     17575    -353.225   -353.17    0.0549794   23       1667     
 7583.78 141     17600    -353.225   -353.17    0.0549794   22       1667     
 7602.04 142     17695    -353.225   -353.17    0.0547589   21       1678     
 7602.46 142     17700    -353.225   -353.17    0.0547589   20       1678     
 7617.51 142     17750    -353.225   -353.17    0.0547589   21       1687     
 7625.66 143     17815    -353.225   -353.17    0.0545655   23       1691     
 7626.19 143     17850    -353.225   -353.17    0.0545655   24       1691     
 7639.87 144     17935    -353.225   -353.17    0.0542893   21       1698     
 7640.36 144     17950    -353.225   -353.17    0.0542893   22       1698     
 7655.2  145     18053    -353.224   -353.17    0.0540276   21       1706     
 7655.6  145     18054    -353.224   -353.17    0.0540276   22       1706     
 7667.72 145     18100    -353.224   -353.17    0.0540276   24       1713     
 7686.1  146     18171    -353.224   -353.17    0.0537749   23       1723     
 7686.65 146     18200    -353.224   -353.17    0.0537749   24       1723     
 7700.08 147     18289    -353.224   -353.17    0.0536088   22       1730     
 7706.96 147     18300    -353.224   -353.17    0.0536088   24       1734     
 7746.58 148     18407    -353.224   -353.17    0.0532399   23       1754     
 7747.06 148     18408    -353.224   -353.17    0.0532399   23       1754     
 7750.06 148     18450    -353.224   -353.17    0.0532399   25       1756     
 7772.38 149     18523    -353.223   -353.17    0.0530869   23       1769     
 7772.92 149     18550    -353.223   -353.17    0.0530869   24       1769     
 7785.86 150     18639    -353.223   -353.17    0.0529909   20       1775     
 7786.48 150     18650    -353.223   -353.17    0.0529909   23       1775     
 7804.76 151     18755    -353.223   -353.17    0.0527861   24       1784     
 7805.2  151     18756    -353.223   -353.17    0.0527861   24       1784     
 7805.81 151     18800    -353.223   -353.17    0.0527861   23       1784     
 7819.21 152     18873    -353.223   -353.17    0.0525057   24       1791     
 7827.52 152     18900    -353.223   -353.17    0.0525057   29       1795     
 7865.81 153     18987    -353.223   -353.17    0.0522619   24       1814     
 7873.65 153     19000    -353.223   -353.17    0.0522619   23       1819     
 7916.97 154     19101    -353.222   -353.17    0.0519568   28       1840     
 7919.06 154     19102    -353.222   -353.17    0.0519568   26       1841     
 7931.75 154     19150    -353.222   -353.17    0.0519568   22       1849     
 7946.74 155     19215    -353.217   -353.17    0.0471834   21       1856     
 7950.03 155     19250    -353.217   -353.17    0.0471834   20       1858     
 7972.75 156     19345    -353.217   -353.17    0.0467751   20       1873     
 7973.16 156     19350    -353.217   -353.17    0.0467751   21       1873     
 7980.7  156     19400    -353.217   -353.17    0.0467751   22       1878     
 7996.66 157     19475    -353.217   -353.17    0.046569    21       1886     
 7997.15 157     19500    -353.217   -353.17    0.046569    21       1886     
 8019.15 158     19607    -353.217   -353.17    0.0462566   22       1897     
 8019.55 158     19608    -353.217   -353.17    0.0462566   22       1897     
 8024.83 158     19650    -353.217   -353.17    0.0462566   23       1900     
 8039.16 159     19737    -353.216   -353.17    0.0461012   25       1907     
 8054.6  159     19750    -353.216   -353.17    0.0461012   25       1915     
 8084.16 159     19800    -353.216   -353.17    0.0461012   26       1931     
 8085.13 160     19865    -353.216   -353.17    0.0459466   22       1931     
 8085.71 160     19900    -353.216   -353.17    0.0459466   24       1931     
 8102.64 161     19993    -353.216   -353.17    0.0457627   22       1939     
 8103.1  161     20000    -353.216   -353.17    0.0457627   23       1939     
 8117.42 161     20050    -353.216   -353.17    0.0457627   22       1946     
 8130.72 162     20121    -353.216   -353.17    0.0455746   19       1952     
 8141.68 162     20150    -353.216   -353.17    0.0455746   19       1958     
 8174.09 163     20247    -353.216   -353.17    0.045316    22       1974     
 8174.54 163     20250    -353.216   -353.17    0.045316    22       1974     
 8185.77 163     20300    -353.216   -353.17    0.045316    24       1980     
 8206.57 164     20373    -353.216   -353.17    0.0452113   22       1989     
 8236.1  164     20400    -353.216   -353.17    0.0452113   24       2005     
 8252.96 165     20499    -353.215   -353.17    0.0449197   23       2013     
 8253.41 165     20500    -353.215   -353.17    0.0449197   23       2013     
 8261.13 165     20550    -353.215   -353.17    0.0449197   23       2018     
 8282.13 166     20625    -353.215   -353.17    0.0447078   22       2027     
 8282.67 166     20650    -353.215   -353.17    0.0447078   21       2027     
 8294.38 167     20749    -353.215   -353.17    0.0443666   20       2032     
 8294.81 167     20750    -353.215   -353.17    0.0443666   21       2032     
 8316.22 167     20800    -353.215   -353.17    0.0443666   23       2043     
 8339.22 168     20873    -353.215   -353.17    0.0442179   22       2053     
 8339.81 168     20900    -353.215   -353.17    0.0442179   23       2053     
 8367.45 169     20997    -353.214   -353.17    0.0440734   21       2065     
 8367.92 169     21000    -353.214   -353.17    0.0440734   21       2065     
 8373.42 169     21050    -353.214   -353.17    0.0440734   23       2067     
 8393.64 170     21121    -353.214   -353.17    0.043949    23       2075     
 8395.22 170     21150    -353.214   -353.17    0.043949    24       2076     
 8422.99 171     21245    -353.214   -353.17    0.0438307   24       2087     
 8423.53 171     21250    -353.214   -353.17    0.0438307   25       2087     
 8441.57 171     21300    -353.214   -353.17    0.0438307   25       2095     
 8457.31 172     21369    -353.214   -353.17    0.0436332   22       2101     
 8457.89 172     21400    -353.214   -353.17    0.0436332   22       2101     
 8468.51 173     21493    -353.214   -353.17    0.0434711   19       2105     
 8480.55 173     21500    -353.214   -353.17    0.0434711   20       2110     
 8516.04 173     21550    -353.214   -353.17    0.0434711   20       2125     
 8524.78 174     21615    -353.214   -353.17    0.0432357   22       2128     
 8525.41 174     21650    -353.214   -353.17    0.0432357   23       2128     
 8549.12 175     21737    -353.213   -353.17    0.0431044   20       2138     
 8549.69 175     21750    -353.213   -353.17    0.0431044   22       2138     
 8561.09 176     21859    -353.213   -353.17    0.0430094   25       2142     
 8561.58 176     21860    -353.213   -353.17    0.0430094   25       2142     
 8562.26 176     21900    -353.213   -353.17    0.0430094   23       2142     
 8588.93 177     21981    -353.213   -353.17    0.0429096   23       2153     
 8627.55 177     22000    -353.213   -353.17    0.0429096   24       2168     
 8692.99 178     22103    -353.213   -353.17    0.04279     23       2193     
 8693.5  178     22104    -353.213   -353.17    0.04279     23       2193     
 8694.27 178     22150    -353.213   -353.17    0.04279     23       2193     
 8732.37 179     22225    -353.213   -353.17    0.0425925   22       2206     
 8733.01 179     22250    -353.213   -353.17    0.0425925   22       2206     
 8781.46 180     22345    -353.213   -353.17    0.0423678   22       2223     
 8784.85 180     22350    -353.213   -353.17    0.0423678   22       2224     
 8820.72 180     22400    -353.213   -353.17    0.0423678   22       2238     
 8837.67 181     22467    -353.212   -353.17    0.0421249   22       2243     
 8838.39 181     22500    -353.212   -353.17    0.0421249   23       2243     
 8858.43 182     22587    -353.212   -353.17    0.041873    24       2249     
 8859.08 182     22600    -353.212   -353.17    0.041873    24       2249     
 8896.33 183     22707    -353.212   -353.17    0.0417632   24       2260     
 8900.29 183     22708    -353.212   -353.17    0.0417632   24       2261     
 8919.69 183     22750    -353.212   -353.17    0.0417632   26       2268     
 8941.8  184     22827    -353.211   -353.17    0.0407303   27       2275     
 8949.56 184     22850    -353.211   -353.17    0.0407303   29       2279     
 8969.32 185     22951    -353.211   -353.17    0.0405914   25       2285     
 8969.91 185     22952    -353.211   -353.17    0.0405914   25       2285     
 8970.75 185     23000    -353.211   -353.17    0.0405914   25       2285     
 8992.4  186     23075    -353.211   -353.17    0.0404673   24       2292     
 8993.17 186     23100    -353.211   -353.17    0.0404673   25       2292     
 9013.2  187     23197    -353.211   -353.17    0.0403348   24       2298     
 9013.81 187     23200    -353.211   -353.17    0.0403348   24       2298     
 9014.61 187     23250    -353.211   -353.17    0.0403348   23       2298     
 9036.56 188     23319    -353.211   -353.17    0.0402457   24       2304     
 9039    188     23350    -353.211   -353.17    0.0402457   26       2305     
 9053.86 189     23441    -353.211   -353.17    0.0402028   25       2309     
 9054.48 189     23450    -353.211   -353.17    0.0402028   25       2309     
 9084.35 189     23500    -353.211   -353.17    0.0402028   24       2317     
 9088.79 190     23563    -353.21    -353.17    0.0400733   27       2318     
 9130.96 190     23600    -353.21    -353.17    0.0400733   29       2331     
 9166.56 191     23685    -353.21    -353.17    0.0399044   25       2340     
 9167.18 191     23700    -353.21    -353.17    0.0399044   25       2340     
 9221.89 192     23805    -353.21    -353.17    0.0397677   24       2355     
 9222.43 192     23806    -353.21    -353.17    0.0397677   24       2355     
 9233.48 192     23850    -353.21    -353.17    0.0397677   25       2358     
 9282.27 193     23925    -353.21    -353.17    0.0396778   24       2372     
 9290.86 193     23950    -353.21    -353.17    0.0396778   25       2375     
 9321.45 194     24045    -353.21    -353.17    0.0395515   25       2383     
 9322.06 194     24050    -353.21    -353.17    0.0395515   23       2383     
 9342.84 194     24100    -353.21    -353.17    0.0395515   23       2388     
 9360.95 195     24165    -353.21    -353.17    0.0394584   26       2392     
 9361.82 195     24200    -353.21    -353.17    0.0394584   27       2392     
 9398.12 196     24285    -353.21    -353.17    0.0393481   26       2400     
 9398.89 196     24300    -353.21    -353.17    0.0393481   27       2400     
 9450.64 197     24405    -353.21    -353.17    0.0392486   25       2411     
 9451.22 197     24406    -353.21    -353.17    0.0392486   25       2411     
 9466.33 197     24450    -353.21    -353.17    0.0392486   29       2419     
 9496.4  198     24523    -353.21    -353.17    0.0392047   27       2428     
 9498.83 198     24550    -353.21    -353.17    0.0392047   28       2429     
 9526.81 199     24641    -353.21    -353.17    0.039137    25       2437     
 9527.47 199     24650    -353.21    -353.17    0.039137    25       2437     
 9556.26 200     24700    -353.21    -353.17    0.039137    26       2443     
 9557.29 200     24759    -353.209   -353.17    0.0390156   24       2443     
 9559.67 200     24800    -353.209   -353.17    0.0390156   26       2444     
 9594.59 201     24877    -353.209   -353.17    0.0389462   25       2453     
 9596.69 201     24900    -353.209   -353.17    0.0389462   25       2454     
 9624.19 202     24995    -353.209   -353.17    0.0388915   24       2460     
 9624.83 202     25000    -353.209   -353.17    0.0388915   25       2460     
 9664.22 202     25050    -353.209   -353.17    0.0388915   23       2470     
 9678.79 203     25113    -353.209   -353.17    0.0387619   23       2473     
 9679.66 203     25150    -353.209   -353.17    0.0387619   24       2473     
 9698.28 204     25229    -353.209   -353.17    0.0386632   22       2477     
 9699.04 204     25250    -353.209   -353.17    0.0386632   24       2477     
 9728.13 205     25345    -353.209   -353.17    0.0386172   25       2483     
 9728.82 205     25350    -353.209   -353.17    0.0386172   25       2483     
 9738.66 205     25400    -353.209   -353.17    0.0386172   25       2485     
 9747.49 206     25461    -353.209   -353.17    0.0385589   20       2487     
 9752.48 206     25500    -353.209   -353.17    0.0385589   22       2489     
 9790.89 207     25577    -353.209   -353.17    0.0384926   24       2498     
 9791.58 207     25600    -353.209   -353.17    0.0384926   25       2498     
 9806.01 208     25693    -353.209   -353.17    0.038391    22       2501     
 9806.74 208     25700    -353.209   -353.17    0.038391    23       2501     
 9841.73 208     25750    -353.209   -353.17    0.038391    23       2509     
 9842.87 209     25809    -353.209   -353.17    0.0383259   22       2509     
 9849.45 209     25850    -353.209   -353.17    0.0383259   24       2511     
 9922.07 210     25925    -353.209   -353.17    0.0382404   24       2527     
 9922.83 210     25950    -353.209   -353.17    0.0382404   22       2527     
 9953.52 211     26041    -353.209   -353.17    0.0381072   23       2533     
 9974.26 211     26050    -353.209   -353.17    0.0381072   26       2538     
 10025.9 212     26155    -353.208   -353.17    0.0379798   28       2550     
-------------------------------------------------------------------------------

SARSOP finishing ...
  Preset timeout reached
  Timeout     : 10000.000000s
  Actual Time : 10025.940000s

-------------------------------------------------------------------------------
 Time   |#Trial |#Backup |LBound    |UBound    |Precision  |#Alphas |#Beliefs  
-------------------------------------------------------------------------------
 10025.9 212     26155    -353.208   -353.17    0.0379798   28       2550     
-------------------------------------------------------------------------------

Writing out policy ...
  output file : RAM4_small/38729c8ca5.policyx

