
Loading the model ...
  input file   : /home/rstudio/RAM4_small/388cfbfa6.pomdpx
  loading time : 4.62s 

SARSOP initializing ...
  initialization time : 3827.68s

-------------------------------------------------------------------------------
 Time   |#Trial |#Backup |LBound    |UBound    |Precision  |#Alphas |#Beliefs  
-------------------------------------------------------------------------------
 3827.68 0       0        -250.762   -248.128   2.63456     101      1        
 3829.69 1       65       -249.968   -248.292   1.67657     11       34       
 3831.19 1       100      -249.968   -248.292   1.67657     18       54       
 3832.37 2       150      -249.511   -248.292   1.21969     23       67       
 3835.02 3       213      -249.271   -248.292   0.97919     19       93       
 3837.43 4       279      -249.11    -248.292   0.818675    21       120      
 3837.91 4       300      -249.11    -248.292   0.818675    18       141      
 3838.95 5       350      -248.959   -248.292   0.667145    29       159      
 3840.85 6       419      -248.859   -248.292   0.566766    24       186      
 3842.09 6       450      -248.859   -248.292   0.566766    25       203      
 3843.05 7       500      -248.801   -248.292   0.509431    19       213      
 3846.03 8       567      -248.701   -248.292   0.408469    29       246      
 3847.15 8       600      -248.701   -248.292   0.408469    31       261      
 3847.91 9       650      -248.653   -248.292   0.361267    21       269      
 3850.48 10      737      -248.631   -248.292   0.338534    22       293      
 3851.73 10      750      -248.631   -248.292   0.338534    24       306      
 3852.78 11      821      -248.596   -248.292   0.3041      17       316      
 3855.58 11      850      -248.596   -248.292   0.3041      16       343      
 3856.97 12      905      -248.57    -248.292   0.277734    14       353      
 3859.3  13      983      -248.545   -248.292   0.252307    16       376      
 3861.14 13      1000     -248.545   -248.292   0.252307    12       393      
 3862.56 14      1069     -248.529   -248.292   0.236773    13       404      
 3864.8  14      1100     -248.529   -248.292   0.236773    12       422      
 3866.22 15      1157     -248.514   -248.293   0.221873    12       431      
 3869.98 16      1237     -248.486   -248.293   0.193518    14       469      
 3871.8  16      1250     -248.486   -248.293   0.193518    14       482      
 3876.29 17      1319     -248.472   -248.293   0.179197    16       510      
 3878.5  17      1350     -248.472   -248.293   0.179197    16       526      
 3879.51 18      1405     -248.465   -248.293   0.171791    15       532      
 3882.59 19      1491     -248.455   -248.293   0.161802    14       553      
 3883.98 19      1500     -248.455   -248.293   0.161802    14       562      
 3885.99 20      1585     -248.439   -248.293   0.146075    13       575      
 3888.46 20      1600     -248.439   -248.293   0.146075    14       590      
 3895.49 21      1687     -248.434   -248.293   0.141371    16       623      
 3897.17 21      1700     -248.434   -248.293   0.141371    19       633      
 3900.61 22      1789     -248.425   -248.293   0.132307    14       652      
 3902.17 22      1800     -248.425   -248.293   0.132307    14       663      
 3904.02 23      1897     -248.422   -248.293   0.128582    14       674      
 3904.44 23      1900     -248.422   -248.293   0.128582    14       677      
 3907.73 23      1950     -248.422   -248.293   0.128582    15       697      
 3908.16 24      2009     -248.416   -248.293   0.123283    16       699      
 3915.53 24      2050     -248.416   -248.293   0.123283    17       740      
 3918.84 25      2117     -248.413   -248.293   0.119897    19       753      
 3921.62 25      2150     -248.413   -248.293   0.119897    19       767      
 3923.59 26      2225     -248.409   -248.293   0.115766    16       777      
 3926.14 26      2250     -248.409   -248.293   0.115766    16       790      
 3927.82 27      2331     -248.404   -248.293   0.110917    15       797      
 3930.01 27      2350     -248.404   -248.293   0.110917    15       809      
 3931.72 28      2441     -248.4     -248.293   0.107255    21       818      
 3933.42 28      2450     -248.4     -248.293   0.107255    18       827      
 3939.94 29      2553     -248.395   -248.293   0.102185    16       857      
 3940.04 29      2554     -248.395   -248.293   0.102185    17       857      
 3947.74 29      2600     -248.395   -248.293   0.102185    21       891      
 3950.16 30      2671     -248.394   -248.293   0.100304    18       900      
 3954.42 30      2700     -248.394   -248.293   0.100304    18       919      
 3956.42 31      2785     -248.391   -248.293   0.0979618   20       926      
 3959.13 31      2800     -248.391   -248.293   0.0979618   18       938      
 3962.26 32      2901     -248.389   -248.293   0.0958806   18       951      
 3962.37 32      2902     -248.389   -248.293   0.0958806   17       951      
 3965.52 32      2950     -248.389   -248.293   0.0958806   18       965      
 3966.6  33      3017     -248.387   -248.293   0.0933569   17       969      
 3970.85 33      3050     -248.387   -248.293   0.0933569   23       988      
 3972.69 34      3133     -248.385   -248.293   0.0917686   19       995      
 3976.27 34      3150     -248.385   -248.293   0.0917686   20       1011     
 3976.83 35      3247     -248.383   -248.293   0.0894005   20       1012     
 3977.52 35      3250     -248.383   -248.293   0.0894005   20       1015     
 3980.24 35      3300     -248.383   -248.293   0.0894005   24       1027     
 3982.08 36      3367     -248.382   -248.293   0.0881298   23       1034     
 3987.83 36      3400     -248.382   -248.293   0.0881298   28       1057     
 3991.48 37      3485     -248.379   -248.294   0.0856008   20       1069     
 3995.56 37      3500     -248.379   -248.294   0.0856008   22       1084     
 4003.8  38      3605     -248.378   -248.294   0.0849323   22       1109     
 4003.94 38      3606     -248.378   -248.294   0.0849323   22       1109     
 4004.16 38      3650     -248.378   -248.294   0.0849323   22       1109     
 4005.73 39      3723     -248.377   -248.294   0.083853    24       1115     
 4010.15 39      3750     -248.377   -248.294   0.083853    27       1132     
 4012.1  40      3841     -248.376   -248.294   0.0827456   21       1138     
 4012.96 40      3850     -248.376   -248.294   0.0827456   19       1141     
 4021.56 40      3900     -248.376   -248.294   0.0827456   21       1172     
 4021.87 41      3961     -248.375   -248.294   0.0812969   24       1172     
 4025.01 41      4000     -248.375   -248.294   0.0812969   22       1185     
 4026.66 42      4081     -248.374   -248.294   0.0806839   20       1191     
 4030.92 42      4100     -248.374   -248.294   0.0806839   19       1207     
 4033.5  43      4199     -248.372   -248.294   0.0782259   18       1215     
 4033.65 43      4200     -248.372   -248.294   0.0782259   18       1215     
 4035.58 43      4250     -248.372   -248.294   0.0782259   21       1222     
 4037.11 44      4321     -248.371   -248.294   0.0776701   20       1227     
 4041.26 44      4350     -248.371   -248.294   0.0776701   18       1243     
 4044.49 45      4443     -248.37    -248.294   0.0766648   23       1254     
 4046.52 45      4450     -248.37    -248.294   0.0766648   23       1261     
 4048.91 45      4500     -248.37    -248.294   0.0766648   23       1269     
 4050.03 46      4565     -248.369   -248.294   0.0752692   20       1272     
 4055.52 46      4600     -248.369   -248.294   0.0752692   21       1292     
 4059.12 47      4687     -248.369   -248.294   0.0749181   22       1305     
 4061.59 47      4700     -248.369   -248.294   0.0749181   23       1314     
 4066.88 48      4809     -248.368   -248.294   0.0742665   28       1332     
 4067.26 48      4810     -248.368   -248.294   0.0742665   29       1333     
 4071.35 48      4850     -248.368   -248.294   0.0742665   25       1347     
 4073.64 49      4933     -248.367   -248.294   0.0727936   23       1354     
 4077.84 49      4950     -248.367   -248.294   0.0727936   24       1368     
 4089.57 50      5055     -248.366   -248.294   0.0719074   24       1402     
 4089.73 50      5056     -248.366   -248.294   0.0719074   24       1402     
 4092.92 50      5100     -248.366   -248.294   0.0719074   42       1412     
 4094.79 51      5179     -248.365   -248.294   0.0713675   23       1417     
 4100.6  51      5200     -248.365   -248.294   0.0713675   25       1435     
 4114.85 52      5301     -248.364   -248.294   0.0701028   28       1474     
 4115.26 52      5302     -248.364   -248.294   0.0701028   29       1475     
 4120.65 52      5350     -248.364   -248.294   0.0701028   29       1490     
 4122.42 53      5423     -248.364   -248.294   0.0698289   23       1494     
 4130.12 53      5450     -248.364   -248.294   0.0698289   35       1516     
 4136.14 54      5545     -248.363   -248.294   0.0693818   25       1532     
 4136.33 54      5550     -248.363   -248.294   0.0693818   22       1532     
 4143.69 54      5600     -248.363   -248.294   0.0693818   26       1553     
 4145.84 55      5667     -248.363   -248.294   0.0688048   30       1558     
 4156.24 55      5700     -248.363   -248.294   0.0688048   33       1586     
 4163.11 56      5789     -248.363   -248.294   0.0686702   28       1603     
 4167.2  56      5800     -248.363   -248.294   0.0686702   27       1614     
 4180.96 56      5850     -248.363   -248.294   0.0686702   36       1648     
 4181.8  57      5913     -248.362   -248.294   0.0683752   31       1649     
 4186.91 57      5950     -248.362   -248.294   0.0683752   32       1663     
 4190.76 58      6035     -248.361   -248.294   0.06739     32       1673     
 4195.84 58      6050     -248.361   -248.294   0.06739     30       1687     
 4201.49 59      6157     -248.361   -248.294   0.066786    29       1701     
 4201.99 59      6158     -248.361   -248.294   0.066786    28       1702     
 4214.41 59      6200     -248.361   -248.294   0.066786    26       1733     
 4218.02 60      6279     -248.36    -248.294   0.0661382   29       1741     
 4222.16 60      6300     -248.36    -248.294   0.0661382   28       1752     
 4230.55 61      6401     -248.36    -248.294   0.0658668   31       1773     
 4230.76 61      6402     -248.36    -248.294   0.0658668   31       1773     
 4234.6  61      6450     -248.36    -248.294   0.0658668   30       1783     
 4237.22 62      6523     -248.359   -248.294   0.0652477   29       1789     
 4241.6  62      6550     -248.359   -248.294   0.0652477   27       1801     
 4243.65 63      6645     -248.359   -248.294   0.0650045   29       1805     
 4244.59 63      6650     -248.359   -248.294   0.0650045   29       1807     
 4252.32 63      6700     -248.359   -248.294   0.0650045   36       1827     
 4255.15 64      6767     -248.359   -248.294   0.0647459   39       1833     
 4263.66 64      6800     -248.359   -248.294   0.0647459   42       1854     
 4269.1  65      6891     -248.358   -248.294   0.0636535   34       1866     
 4270.94 65      6900     -248.358   -248.294   0.0636535   30       1870     
 4275.08 65      6950     -248.358   -248.294   0.0636535   33       1880     
 4276.35 66      7015     -248.357   -248.294   0.0630778   30       1882     
 4285.56 66      7050     -248.357   -248.294   0.0630778   31       1904     
 4290.34 67      7139     -248.357   -248.294   0.0628742   32       1914     
 4292.57 67      7150     -248.357   -248.294   0.0628742   33       1919     
 4303.61 67      7200     -248.357   -248.294   0.0628742   33       1945     
 4304.62 68      7263     -248.357   -248.294   0.0627163   37       1946     
 4312.13 68      7300     -248.357   -248.294   0.0627163   29       1963     
 4316.54 69      7389     -248.356   -248.294   0.0621749   31       1972     
 4319.64 69      7400     -248.356   -248.294   0.0621749   30       1979     
 4322.73 69      7450     -248.356   -248.294   0.0621749   31       1986     
 4323.25 70      7513     -248.356   -248.294   0.0620786   29       1986     
 4327.93 70      7550     -248.356   -248.294   0.0620786   31       1997     
 4330.21 71      7637     -248.356   -248.294   0.0616083   31       2001     
 4334.21 71      7650     -248.356   -248.294   0.0616083   34       2010     
 4338.16 71      7700     -248.356   -248.294   0.0616083   39       2019     
 4338.71 72      7765     -248.355   -248.294   0.0612064   31       2019     
 4344.03 72      7800     -248.355   -248.294   0.0612064   31       2031     
 4351.78 73      7891     -248.355   -248.294   0.0611168   35       2048     
 4355.94 73      7900     -248.355   -248.294   0.0611168   38       2057     
 4371.09 73      7950     -248.355   -248.294   0.0611168   41       2089     
 4372.63 74      8015     -248.355   -248.294   0.0607895   41       2091     
 4376.73 74      8050     -248.355   -248.294   0.0607895   38       2100     
 4379.48 75      8139     -248.355   -248.294   0.0606545   36       2105     
 4379.79 75      8150     -248.355   -248.294   0.0606545   35       2105     
 4385.2  75      8200     -248.355   -248.294   0.0606545   36       2117     
 4385.74 76      8263     -248.355   -248.294   0.0605434   35       2117     
 4391.76 76      8300     -248.355   -248.294   0.0605434   38       2130     
 4398.08 77      8391     -248.355   -248.294   0.0603949   36       2143     
 4400.47 77      8400     -248.355   -248.294   0.0603949   36       2148     
 4405.27 77      8450     -248.355   -248.294   0.0603949   36       2159     
 4407.11 78      8517     -248.354   -248.294   0.0601457   40       2162     
 4414.67 78      8550     -248.354   -248.294   0.0601457   40       2179     
 4417.85 79      8643     -248.354   -248.294   0.0600866   36       2185     
 4419.46 79      8650     -248.354   -248.294   0.0600866   41       2188     
 4425.7  79      8700     -248.354   -248.294   0.0600866   37       2201     
 4428.48 80      8769     -248.354   -248.294   0.0599272   44       2206     
 4434.83 80      8800     -248.354   -248.294   0.0599272   42       2220     
 4437.52 81      8895     -248.354   -248.294   0.0597266   30       2225     
 4439.87 81      8900     -248.354   -248.294   0.0597266   29       2230     
 4448.77 81      8950     -248.354   -248.294   0.0597266   34       2248     
 4451.1  82      9017     -248.354   -248.294   0.0595268   35       2252     
 4451.49 82      9050     -248.354   -248.294   0.0595268   33       2252     
 4460.43 83      9141     -248.354   -248.294   0.0594825   39       2271     
 4464.78 83      9150     -248.354   -248.294   0.0594825   39       2280     
 4469.75 83      9200     -248.354   -248.294   0.0594825   35       2290     
 4470.76 84      9263     -248.354   -248.294   0.0593752   37       2291     
 4476.04 84      9300     -248.354   -248.294   0.0593752   34       2302     
 4478.03 85      9385     -248.353   -248.294   0.0586321   36       2305     
 4482.94 85      9400     -248.353   -248.294   0.0586321   39       2315     
 4490.8  86      9509     -248.353   -248.294   0.0586      42       2330     
 4491.08 86      9510     -248.353   -248.294   0.0586      42       2330     
 4491.51 86      9550     -248.353   -248.294   0.0586      39       2330     
 4494.48 87      9633     -248.353   -248.294   0.0585743   35       2336     
 4502.96 87      9650     -248.353   -248.294   0.0585743   32       2353     
 4506.52 88      9759     -248.353   -248.294   0.0584434   34       2360     
 4506.8  88      9760     -248.353   -248.294   0.0584434   34       2360     
 4509.35 88      9800     -248.353   -248.294   0.0584434   35       2365     
 4515.96 89      9883     -248.353   -248.294   0.0584064   34       2378     
 4522.08 89      9900     -248.353   -248.294   0.0584064   35       2390     
 4529.94 90      10007    -248.353   -248.294   0.0583434   37       2405     
 4530.23 90      10008    -248.353   -248.294   0.0583434   37       2405     
 4537.71 90      10050    -248.353   -248.294   0.0583434   37       2420     
 4540.78 91      10131    -248.353   -248.294   0.0582542   41       2425     
 4549.67 91      10150    -248.353   -248.294   0.0582542   41       2442     
 4554.8  92      10259    -248.352   -248.294   0.0580775   40       2452     
 4555.52 92      10260    -248.352   -248.294   0.0580775   40       2453     
 4565.15 92      10300    -248.352   -248.294   0.0580775   41       2471     
 4571.13 93      10381    -248.352   -248.294   0.0570724   37       2482     
 4577.64 93      10400    -248.352   -248.294   0.0570724   38       2494     
 4587.67 94      10507    -248.351   -248.294   0.0568478   43       2512     
 4587.97 94      10508    -248.351   -248.294   0.0568478   42       2512     
 4597.49 94      10550    -248.351   -248.294   0.0568478   44       2529     
 4606.69 95      10633    -248.351   -248.294   0.0567957   42       2545     
 4613.75 95      10650    -248.351   -248.294   0.0567957   44       2557     
 4641.48 96      10759    -248.351   -248.294   0.0566586   39       2602     
 4641.8  96      10760    -248.351   -248.294   0.0566586   39       2602     
 4649.47 96      10800    -248.351   -248.294   0.0566586   38       2615     
 4654.07 97      10883    -248.351   -248.294   0.0565522   41       2622     
 4660.13 97      10900    -248.351   -248.294   0.0565522   45       2632     
 4677.44 98      11007    -248.351   -248.294   0.0565069   48       2661     
 4677.78 98      11008    -248.351   -248.294   0.0565069   48       2661     
 4685.98 98      11050    -248.351   -248.294   0.0565069   45       2675     
 4690.81 99      11133    -248.351   -248.294   0.0562436   49       2682     
 4698.26 99      11150    -248.351   -248.294   0.0562436   51       2694     
 4720.82 100     11259    -248.351   -248.294   0.0562285   46       2730     
 4721.18 100     11260    -248.351   -248.294   0.0562285   44       2730     
 4737.4  100     11300    -248.351   -248.294   0.0562285   48       2756     
 4743.27 101     11383    -248.351   -248.294   0.0561495   49       2764     
 4750.39 101     11400    -248.351   -248.294   0.0561495   50       2775     
 4754.88 102     11511    -248.35    -248.294   0.0560029   36       2781     
 4755.22 102     11512    -248.35    -248.294   0.0560029   36       2781     
 4766.67 102     11550    -248.35    -248.294   0.0560029   41       2800     
 4774.32 103     11637    -248.35    -248.294   0.0559813   43       2812     
 4779.76 103     11650    -248.35    -248.294   0.0559813   44       2821     
 4783.47 104     11761    -248.35    -248.294   0.0559565   39       2826     
 4783.81 104     11762    -248.35    -248.294   0.0559565   39       2826     
 4789.38 104     11800    -248.35    -248.294   0.0559565   41       2835     
 4793.62 105     11887    -248.35    -248.294   0.0559276   43       2841     
 4797.62 105     11900    -248.35    -248.294   0.0559276   46       2847     
 4829.28 106     11950    -248.35    -248.294   0.0559276   49       2896     
 4830.82 106     12013    -248.35    -248.294   0.055869    47       2897     
 4845.33 106     12050    -248.35    -248.294   0.055869    53       2919     
 4850.05 107     12137    -248.35    -248.295   0.0554408   44       2925     
 4855.63 107     12150    -248.35    -248.295   0.0554408   46       2933     
 4890.08 108     12200    -248.35    -248.295   0.0554408   41       2982     
 4891    108     12263    -248.35    -248.295   0.0554224   39       2982     
 4904.24 108     12300    -248.35    -248.295   0.0554224   41       3002     
 4910.56 109     12389    -248.35    -248.295   0.0553398   45       3010     
 4911.67 109     12400    -248.35    -248.295   0.0553398   47       3011     
 4917.91 109     12450    -248.35    -248.295   0.0553398   46       3020     
 4919.38 110     12515    -248.35    -248.295   0.0553197   40       3021     
 4919.91 110     12550    -248.35    -248.295   0.0553197   41       3021     
 4928.84 111     12639    -248.35    -248.295   0.0553076   49       3034     
 4931.23 111     12650    -248.35    -248.295   0.0553076   48       3037     
 4964.94 111     12700    -248.35    -248.295   0.0553076   50       3087     
 4966.6  112     12765    -248.35    -248.295   0.0552901   49       3088     
 4967.13 112     12800    -248.35    -248.295   0.0552901   49       3088     
 4973.89 113     12889    -248.35    -248.295   0.0552785   44       3098     
 4977.64 113     12900    -248.35    -248.295   0.0552785   48       3103     
 4985.8  113     12950    -248.35    -248.295   0.0552785   47       3115     
 4986.7  114     13013    -248.35    -248.295   0.0552359   48       3115     
 4993.92 114     13050    -248.35    -248.295   0.0552359   50       3126     
 4998.01 115     13139    -248.35    -248.295   0.0551679   44       3131     
 5002.99 115     13150    -248.35    -248.295   0.0551679   41       3138     
 5033.09 115     13200    -248.35    -248.295   0.0551679   45       3180     
 5034.06 116     13263    -248.349   -248.295   0.0549033   41       3180     
 5037.55 116     13300    -248.349   -248.295   0.0549033   44       3185     
 5045.6  117     13391    -248.349   -248.295   0.0547503   44       3197     
 5047.27 117     13400    -248.349   -248.295   0.0547503   43       3199     
 5055.15 117     13450    -248.349   -248.295   0.0547503   44       3211     
 5057.21 118     13515    -248.349   -248.295   0.0547138   47       3213     
 5061.54 118     13550    -248.349   -248.295   0.0547138   42       3219     
 5067.24 119     13639    -248.349   -248.295   0.0546141   45       3227     
 5068.98 119     13650    -248.349   -248.295   0.0546141   46       3229     
 5093.64 119     13700    -248.349   -248.295   0.0546141   48       3265     
 5094.59 120     13763    -248.349   -248.295   0.0545908   48       3265     
 5118.34 120     13800    -248.349   -248.295   0.0545908   49       3298     
 5129.59 121     13887    -248.349   -248.295   0.0540242   49       3313     
 5139    121     13900    -248.349   -248.295   0.0540242   46       3326     
 5148.72 121     13950    -248.349   -248.295   0.0540242   44       3340     
 5149.58 122     14015    -248.348   -248.295   0.0538202   41       3340     
 5170.52 122     14050    -248.348   -248.295   0.0538202   47       3369     
 5180.14 123     14143    -248.348   -248.295   0.0537862   42       3381     
 5182.67 123     14150    -248.348   -248.295   0.0537862   39       3384     
 5199.85 123     14200    -248.348   -248.295   0.0537862   40       3408     
 5204.31 124     14269    -248.348   -248.295   0.0537491   45       3413     
 5216.13 124     14300    -248.348   -248.295   0.0537491   46       3429     
 5227.64 125     14395    -248.348   -248.295   0.0536645   47       3444     
 5229.5  125     14400    -248.348   -248.295   0.0536645   45       3446     
 5237.15 125     14450    -248.348   -248.295   0.0536645   45       3456     
 5243.07 126     14521    -248.348   -248.295   0.0531681   39       3463     
 5243.67 126     14550    -248.348   -248.295   0.0531681   42       3463     
 5248.71 127     14649    -248.348   -248.295   0.0531312   37       3469     
 5249.11 127     14650    -248.348   -248.295   0.0531312   37       3469     
 5264.76 127     14700    -248.348   -248.295   0.0531312   38       3491     
 5270.28 128     14775    -248.348   -248.295   0.053067    45       3498     
 5270.84 128     14800    -248.348   -248.295   0.053067    45       3498     
 5276.02 129     14903    -248.348   -248.295   0.0530496   43       3504     
 5276.44 129     14904    -248.348   -248.295   0.0530496   43       3504     
 5277.12 129     14950    -248.348   -248.295   0.0530496   43       3504     
 5280.06 130     15029    -248.348   -248.295   0.0530335   47       3507     
 5287.71 130     15050    -248.348   -248.295   0.0530335   51       3517     
 5297.52 131     15157    -248.348   -248.295   0.0529807   45       3530     
 5297.94 131     15158    -248.348   -248.295   0.0529807   45       3530     
 5311.06 131     15200    -248.348   -248.295   0.0529807   42       3547     
 5319.28 132     15283    -248.348   -248.295   0.0529222   48       3557     
 5332.51 132     15300    -248.348   -248.295   0.0529222   48       3574     
 5344.92 133     15411    -248.347   -248.295   0.0527287   54       3589     
 5345.36 133     15412    -248.347   -248.295   0.0527287   55       3589     
 5365.62 133     15450    -248.347   -248.295   0.0527287   49       3615     
 5373.39 134     15537    -248.347   -248.295   0.0527093   49       3624     
 5379.25 134     15550    -248.347   -248.295   0.0527093   49       3631     
 5384.53 135     15600    -248.347   -248.295   0.0527093   48       3637     
 5385.45 135     15663    -248.347   -248.295   0.0527009   43       3637     
 5400.78 135     15700    -248.347   -248.295   0.0527009   46       3655     
 5413.44 136     15791    -248.347   -248.295   0.0526812   42       3670     
 5414.66 136     15800    -248.347   -248.295   0.0526812   42       3671     
 5432.05 136     15850    -248.347   -248.295   0.0526812   45       3693     
 5435.4  137     15917    -248.347   -248.295   0.0526096   44       3696     
 5448.71 137     15950    -248.347   -248.295   0.0526096   50       3713     
 5455.15 138     16043    -248.347   -248.295   0.0526025   50       3720     
 5455.65 138     16050    -248.347   -248.295   0.0526025   46       3720     
 5456.43 138     16100    -248.347   -248.295   0.0526025   49       3720     
 5459.91 139     16171    -248.347   -248.295   0.0525968   42       3724     
 5472.06 139     16200    -248.347   -248.295   0.0525968   44       3739     
 5477.84 140     16297    -248.347   -248.295   0.0525933   47       3745     
 5478.31 140     16300    -248.347   -248.295   0.0525933   47       3745     
 5479.12 140     16350    -248.347   -248.295   0.0525933   48       3745     
 5483.82 141     16425    -248.347   -248.295   0.0525563   44       3750     
 5499.6  141     16450    -248.347   -248.295   0.0525563   45       3769     
 5516.29 142     16551    -248.347   -248.295   0.0525412   46       3789     
 5516.73 142     16552    -248.347   -248.295   0.0525412   46       3789     
 5517.46 142     16600    -248.347   -248.295   0.0525412   51       3789     
 5524    143     16675    -248.347   -248.295   0.0525245   47       3797     
 5531.3  143     16700    -248.347   -248.295   0.0525245   48       3806     
 5537.44 144     16799    -248.347   -248.295   0.05249     45       3813     
 5537.9  144     16800    -248.347   -248.295   0.05249     45       3813     
 5555.1  144     16850    -248.347   -248.295   0.05249     46       3834     
 5564.62 145     16925    -248.347   -248.295   0.05248     47       3845     
 5577.43 145     16950    -248.347   -248.295   0.05248     51       3860     
 5601    146     17049    -248.347   -248.295   0.0524462   53       3888     
 5601.48 146     17050    -248.347   -248.295   0.0524462   52       3888     
 5609.14 146     17100    -248.347   -248.295   0.0524462   48       3897     
 5614    147     17173    -248.347   -248.295   0.0524382   45       3902     
 5620.37 147     17200    -248.347   -248.295   0.0524382   53       3909     
 5623.78 148     17297    -248.347   -248.295   0.0524255   54       3912     
 5626.61 148     17300    -248.347   -248.295   0.0524255   55       3915     
 5642.49 148     17350    -248.347   -248.295   0.0524255   49       3933     
 5646.61 149     17421    -248.347   -248.295   0.0523588   49       3937     
 5663.52 149     17450    -248.347   -248.295   0.0523588   52       3957     
 5672    150     17547    -248.347   -248.295   0.0523432   54       3966     
 5672.53 150     17550    -248.347   -248.295   0.0523432   53       3966     
 5684.03 150     17600    -248.347   -248.295   0.0523432   49       3979     
 5691.33 151     17673    -248.347   -248.295   0.0521588   47       3987     
 5707.85 151     17700    -248.347   -248.295   0.0521588   48       4006     
 5717.9  152     17799    -248.347   -248.295   0.0521509   50       4017     
 5718.4  152     17800    -248.347   -248.295   0.0521509   50       4017     
 5720.52 152     17850    -248.347   -248.295   0.0521509   56       4019     
 5728.53 153     17923    -248.347   -248.295   0.0521394   53       4028     
 5744.49 153     17950    -248.347   -248.295   0.0521394   50       4047     
 5754.43 154     18047    -248.347   -248.295   0.0520835   55       4058     
 5754.96 154     18050    -248.347   -248.295   0.0520835   55       4058     
 5760.8  154     18100    -248.347   -248.295   0.0520835   59       4064     
 5768.4  155     18171    -248.347   -248.295   0.0520772   51       4072     
 5769.09 155     18200    -248.347   -248.295   0.0520772   54       4072     
 5772.87 156     18295    -248.347   -248.295   0.0520755   55       4075     
 5773.42 156     18300    -248.347   -248.295   0.0520755   56       4075     
 5787.14 156     18350    -248.347   -248.295   0.0520755   57       4090     
 5793.15 157     18419    -248.347   -248.295   0.0520743   58       4096     
 5801.67 157     18450    -248.347   -248.295   0.0520743   57       4105     
 5806.52 158     18543    -248.347   -248.295   0.0520722   63       4109     
 5807.12 158     18550    -248.347   -248.295   0.0520722   64       4109     
 5816.49 158     18600    -248.347   -248.295   0.0520722   64       4119     
 5821.73 159     18669    -248.347   -248.295   0.0520412   52       4124     
 5822.41 159     18700    -248.347   -248.295   0.0520412   52       4124     
 5832.12 160     18793    -248.347   -248.295   0.052031    46       4135     
 5832.66 160     18800    -248.347   -248.295   0.052031    46       4135     
 5858.4  160     18850    -248.347   -248.295   0.052031    48       4164     
 5863.63 161     18919    -248.347   -248.295   0.0520165   44       4169     
 5870.65 161     18950    -248.347   -248.295   0.0520165   47       4177     
 5879.56 162     19045    -248.347   -248.295   0.0519544   46       4187     
 5880.08 162     19050    -248.347   -248.295   0.0519544   46       4187     
 5881.4  162     19100    -248.347   -248.295   0.0519544   47       4188     
 5886.1  163     19169    -248.347   -248.295   0.0519026   45       4193     
 5899.37 163     19200    -248.347   -248.295   0.0519026   47       4209     
 5907.1  164     19295    -248.347   -248.295   0.0518408   47       4218     
 5911.48 164     19300    -248.347   -248.295   0.0518408   48       4223     
 5929.1  164     19350    -248.347   -248.295   0.0518408   51       4244     
 5934.16 165     19417    -248.347   -248.295   0.0518209   45       4249     
 5944.99 165     19450    -248.347   -248.295   0.0518209   48       4261     
 5952.69 166     19541    -248.347   -248.295   0.0517764   44       4269     
 5958.26 166     19550    -248.347   -248.295   0.0517764   44       4275     
 5963.06 166     19600    -248.347   -248.295   0.0517764   46       4280     
 5967.34 167     19669    -248.347   -248.295   0.0517605   42       4284     
 5978.77 167     19700    -248.347   -248.295   0.0517605   43       4297     
 5984.01 168     19793    -248.346   -248.295   0.0515938   45       4302     
 5986.25 168     19800    -248.346   -248.295   0.0515938   48       4304     
 5995.31 168     19850    -248.346   -248.295   0.0515938   49       4314     
 6000.24 169     19919    -248.346   -248.295   0.0515388   43       4319     
 6006.56 169     19950    -248.346   -248.295   0.0515388   46       4326     
 6010.19 170     20043    -248.346   -248.295   0.0515179   46       4329     
 6010.74 170     20050    -248.346   -248.295   0.0515179   48       4329     
 6011.55 170     20100    -248.346   -248.295   0.0515179   48       4329     
 6015.6  171     20167    -248.346   -248.295   0.0515011   47       4333     
 6016.33 171     20200    -248.346   -248.295   0.0515011   49       4333     
 6020.61 172     20291    -248.346   -248.295   0.0514834   47       4337     
 6021.15 172     20300    -248.346   -248.295   0.0514834   50       4337     
 6042.14 172     20350    -248.346   -248.295   0.0514834   49       4363     
 6045.49 173     20417    -248.346   -248.295   0.0514661   47       4366     
 6062.9  173     20450    -248.346   -248.295   0.0514661   47       4386     
 6069.56 174     20541    -248.346   -248.295   0.0511907   51       4393     
 6070.17 174     20550    -248.346   -248.295   0.0511907   50       4393     
 6071.88 174     20600    -248.346   -248.295   0.0511907   52       4394     
 6076.39 175     20669    -248.346   -248.295   0.0511715   48       4398     
 6086.17 175     20700    -248.346   -248.295   0.0511715   49       4409     
 6093.25 176     20795    -248.346   -248.295   0.0510823   47       4416     
 6095.5  176     20800    -248.346   -248.295   0.0510823   46       4418     
 6141.58 176     20850    -248.346   -248.295   0.0510823   48       4468     
 6148.35 177     20919    -248.346   -248.295   0.0510617   49       4474     
 6158.78 177     20950    -248.346   -248.295   0.0510617   53       4485     
 6167.91 178     21043    -248.346   -248.295   0.0510518   57       4494     
 6171.19 178     21050    -248.346   -248.295   0.0510518   51       4497     
 6182.69 178     21100    -248.346   -248.295   0.0510518   51       4509     
 6187.32 179     21167    -248.346   -248.295   0.0510261   53       4513     
 6188.09 179     21200    -248.346   -248.295   0.0510261   51       4513     
 6192.73 180     21291    -248.346   -248.295   0.0510203   54       4517     
 6193.34 180     21300    -248.346   -248.295   0.0510203   58       4517     
 6194.94 180     21350    -248.346   -248.295   0.0510203   57       4518     
 6196.89 181     21413    -248.346   -248.295   0.0510159   51       4519     
 6206.85 181     21450    -248.346   -248.295   0.0510159   57       4529     
 6213.81 182     21537    -248.346   -248.295   0.0510129   54       4535     
 6222.53 182     21550    -248.346   -248.295   0.0510129   56       4543     
 6255.78 183     21600    -248.346   -248.295   0.0510129   58       4576     
 6257.01 183     21663    -248.346   -248.295   0.0510052   59       4576     
 6269.23 183     21700    -248.346   -248.295   0.0510052   60       4588     
 6278.13 184     21785    -248.346   -248.295   0.0509864   57       4596     
 6287.99 184     21800    -248.346   -248.295   0.0509864   59       4605     
 6311.76 185     21907    -248.346   -248.295   0.0509844   64       4628     
 6312.35 185     21908    -248.346   -248.295   0.0509844   64       4628     
 6340.38 185     21950    -248.346   -248.295   0.0509844   66       4655     
 6352.49 186     22031    -248.346   -248.295   0.0509748   59       4666     
 6353.25 186     22050    -248.346   -248.295   0.0509748   58       4666     
 6359.17 187     22155    -248.346   -248.295   0.0509706   56       4671     
 6359.77 187     22156    -248.346   -248.295   0.0509706   56       4671     
 6360.6  187     22200    -248.346   -248.295   0.0509706   57       4671     
 6364.74 188     22277    -248.346   -248.295   0.0509691   55       4674     
 6365.57 188     22300    -248.346   -248.295   0.0509691   57       4674     
 6372.96 189     22399    -248.346   -248.295   0.0509674   66       4680     
 6373.56 189     22400    -248.346   -248.295   0.0509674   66       4680     
 6379.44 189     22450    -248.346   -248.295   0.0509674   68       4685     
 6389.52 190     22523    -248.346   -248.295   0.0509657   59       4694     
 6390.34 190     22550    -248.346   -248.295   0.0509657   62       4694     
 6395.46 191     22647    -248.346   -248.295   0.0509642   56       4698     
 6396.1  191     22650    -248.346   -248.295   0.0509642   56       4698     
 6428.07 191     22700    -248.346   -248.295   0.0509642   59       4728     
 6437.63 192     22771    -248.346   -248.295   0.0509553   57       4736     
 6438.39 192     22800    -248.346   -248.295   0.0509553   58       4736     
 6447.16 193     22895    -248.346   -248.295   0.0509525   61       4744     
 6447.78 193     22900    -248.346   -248.295   0.0509525   62       4744     
 6462.25 193     22950    -248.346   -248.295   0.0509525   64       4758     
 6467.16 194     23017    -248.346   -248.295   0.0509507   69       4762     
 6467.98 194     23050    -248.346   -248.295   0.0509507   68       4762     
 6473.88 195     23139    -248.346   -248.295   0.0509486   57       4767     
 6476.54 195     23150    -248.346   -248.295   0.0509486   60       4769     
 6493.82 196     23200    -248.346   -248.295   0.0509486   63       4786     
 6494.93 196     23261    -248.346   -248.295   0.0509471   67       4786     
 6495.78 196     23300    -248.346   -248.295   0.0509471   62       4786     
 6500.75 197     23383    -248.346   -248.295   0.0509462   64       4790     
 6501.45 197     23400    -248.346   -248.295   0.0509462   64       4790     
 6505.56 198     23505    -248.346   -248.295   0.0509449   60       4793     
 6506.17 198     23506    -248.346   -248.295   0.0509449   59       4793     
 6530.98 198     23550    -248.346   -248.295   0.0509449   58       4817     
 6548    199     23627    -248.346   -248.295   0.0509288   62       4832     
 6555.58 199     23650    -248.346   -248.295   0.0509288   65       4839     
 6572.2  200     23749    -248.346   -248.295   0.0509247   61       4855     
 6572.86 200     23750    -248.346   -248.295   0.0509247   61       4855     
 6573.8  200     23800    -248.346   -248.295   0.0509247   61       4855     
 6582.45 201     23871    -248.346   -248.295   0.0509207   65       4863     
 6603.42 201     23900    -248.346   -248.295   0.0509207   54       4882     
 6621.49 202     23993    -248.346   -248.295   0.0509193   57       4898     
 6622.22 202     24000    -248.346   -248.295   0.0509193   60       4898     
 6644.44 202     24050    -248.346   -248.295   0.0509193   60       4918     
 6648.94 203     24115    -248.346   -248.295   0.0509021   63       4921     
 6655.13 203     24150    -248.346   -248.295   0.0509021   66       4926     
 6662.96 204     24237    -248.346   -248.295   0.0509017   74       4932     
 6668.3  204     24250    -248.346   -248.295   0.0509017   75       4936     
 6694.24 205     24359    -248.346   -248.295   0.0509016   77       4958     
 6694.93 205     24360    -248.346   -248.295   0.0509016   77       4958     
 6737.41 205     24400    -248.346   -248.295   0.0509016   80       4993     
 6761.04 206     24481    -248.346   -248.295   0.0508974   56       5012     
 6765.32 206     24500    -248.346   -248.295   0.0508974   60       5015     
 6775.54 207     24603    -248.346   -248.295   0.0508957   61       5023     
 6776.21 207     24604    -248.346   -248.295   0.0508957   61       5023     
 6777.2  207     24650    -248.346   -248.295   0.0508957   60       5023     
 6786.16 208     24725    -248.346   -248.295   0.0508945   60       5030     
 6787.08 208     24750    -248.346   -248.295   0.0508945   61       5030     
 6797.44 209     24847    -248.346   -248.295   0.0508922   60       5038     
 6798.14 209     24850    -248.346   -248.295   0.0508922   60       5038     
 6845.34 209     24900    -248.346   -248.295   0.0508922   61       5077     
 6854.86 210     24969    -248.346   -248.295   0.0508889   61       5084     
 6876.36 210     25000    -248.346   -248.295   0.0508889   67       5101     
 6899.91 211     25091    -248.346   -248.295   0.0508873   63       5120     
 6900.77 211     25100    -248.346   -248.295   0.0508873   62       5120     
 6920.4  211     25150    -248.346   -248.295   0.0508873   65       5136     
 6921.86 212     25211    -248.346   -248.295   0.0508813   60       5136     
 6958.58 212     25250    -248.346   -248.295   0.0508813   62       5165     
 6970.75 213     25331    -248.346   -248.295   0.0508795   61       5174     
 6978.2  213     25350    -248.346   -248.295   0.0508795   61       5179     
 7022.46 214     25451    -248.346   -248.295   0.0508791   63       5212     
 7023.24 214     25452    -248.346   -248.295   0.0508791   63       5212     
 7073.75 214     25500    -248.346   -248.295   0.0508791   66       5250     
 7090.52 215     25571    -248.346   -248.295   0.0508711   67       5261     
 7108.7  215     25600    -248.346   -248.295   0.0508711   67       5274     
 7119.53 216     25691    -248.345   -248.295   0.0502982   69       5281     
 7120.47 216     25700    -248.345   -248.295   0.0502982   66       5281     
 7139.57 216     25750    -248.345   -248.295   0.0502982   63       5295     
 7142.55 217     25813    -248.345   -248.295   0.0502962   61       5296     
 7154.46 217     25850    -248.345   -248.295   0.0502962   63       5304     
 7169.53 218     25937    -248.345   -248.295   0.0502954   65       5314     
 7170.48 218     25950    -248.345   -248.295   0.0502954   67       5314     
 7184.57 219     26000    -248.345   -248.295   0.0502954   61       5324     
 7185.81 219     26063    -248.345   -248.295   0.0502475   56       5324     
 7198.98 219     26100    -248.345   -248.295   0.0502475   61       5335     
 7209.13 220     26185    -248.345   -248.295   0.0502367   55       5343     
 7220.04 220     26200    -248.345   -248.295   0.0502367   57       5352     
 7226.9  221     26307    -248.345   -248.295   0.0502148   54       5357     
 7227.57 221     26308    -248.345   -248.295   0.0502148   54       5357     
 7228.56 221     26350    -248.345   -248.295   0.0502148   54       5357     
 7235.76 222     26429    -248.345   -248.295   0.0502095   51       5362     
 7236.66 222     26450    -248.345   -248.295   0.0502095   52       5362     
 7246.45 223     26551    -248.345   -248.295   0.0502049   53       5369     
 7247.13 223     26552    -248.345   -248.295   0.0502049   53       5369     
 7252.74 223     26600    -248.345   -248.295   0.0502049   54       5373     
 7262.5  224     26675    -248.345   -248.295   0.0502011   58       5380     
 7271.63 224     26700    -248.345   -248.295   0.0502011   56       5387     
 7278.59 225     26799    -248.345   -248.295   0.0501654   51       5392     
 7279.26 225     26800    -248.345   -248.295   0.0501654   50       5392     
 7296.38 225     26850    -248.345   -248.295   0.0501654   51       5406     
 7302.42 226     26921    -248.345   -248.295   0.0500081   57       5410     
 7306.72 226     26950    -248.345   -248.295   0.0500081   59       5413     
 7324.64 227     27045    -248.345   -248.295   0.050002    53       5427     
 7325.39 227     27050    -248.345   -248.295   0.050002    54       5427     
 7335.24 227     27100    -248.345   -248.295   0.050002    54       5435     
 7342.28 228     27169    -248.345   -248.295   0.0499886   59       5440     
 7343.22 228     27200    -248.345   -248.295   0.0499886   58       5440     
 7350.18 229     27293    -248.345   -248.295   0.0499841   53       5445     
 7352.08 229     27300    -248.345   -248.295   0.0499841   54       5446     
 7370.32 229     27350    -248.345   -248.295   0.0499841   53       5461     
 7375.34 230     27415    -248.345   -248.295   0.0498017   59       5464     
 7391.69 230     27450    -248.345   -248.295   0.0498017   58       5477     
 7405.3  231     27541    -248.345   -248.295   0.0497991   53       5487     
 7406.1  231     27550    -248.345   -248.295   0.0497991   53       5487     
 7451.52 231     27600    -248.345   -248.295   0.0497991   53       5524     
 7455.04 232     27665    -248.345   -248.295   0.0497753   51       5526     
 7463.73 232     27700    -248.345   -248.295   0.0497753   54       5533     
 7478.15 233     27789    -248.345   -248.295   0.0497699   47       5545     
 7478.92 233     27800    -248.345   -248.295   0.0497699   48       5545     
 7508.71 234     27850    -248.345   -248.295   0.0497699   53       5570     
 7510.15 234     27911    -248.345   -248.295   0.0497655   53       5570     
 7516.81 234     27950    -248.345   -248.295   0.0497655   55       5575     
 7521.54 235     28035    -248.345   -248.295   0.0497622   53       5578     
 7525.55 235     28050    -248.345   -248.295   0.0497622   54       5581     
 7542.38 236     28159    -248.345   -248.295   0.0497594   57       5595     
 7543.09 236     28160    -248.345   -248.295   0.0497594   57       5595     
 7547.2  236     28200    -248.345   -248.295   0.0497594   65       5598     
 7559.82 237     28287    -248.345   -248.295   0.0497445   63       5608     
 7560.62 237     28300    -248.345   -248.295   0.0497445   64       5608     
 7614.12 238     28411    -248.345   -248.295   0.0497385   56       5651     
 7614.82 238     28412    -248.345   -248.295   0.0497385   56       5651     
 7625.05 238     28450    -248.345   -248.295   0.0497385   57       5659     
 7642.2  239     28533    -248.345   -248.295   0.0497327   58       5672     
 7656.32 239     28550    -248.345   -248.295   0.0497327   59       5683     
 7675.19 240     28655    -248.345   -248.295   0.0497239   60       5698     
 7676.02 240     28656    -248.345   -248.295   0.0497239   61       5698     
 7685.15 240     28700    -248.345   -248.295   0.0497239   59       5705     
 7692.4  241     28777    -248.345   -248.295   0.0496786   65       5710     
 7693.5  241     28800    -248.345   -248.295   0.0496786   67       5710     
 7703.62 242     28899    -248.345   -248.295   0.0496769   63       5717     
 7704.37 242     28900    -248.345   -248.295   0.0496769   62       5717     
 7720.8  242     28950    -248.345   -248.295   0.0496769   64       5729     
 7729.64 243     29021    -248.344   -248.295   0.0492866   63       5735     
 7748.93 243     29050    -248.344   -248.295   0.0492866   65       5749     
 7765.84 244     29145    -248.344   -248.295   0.0492846   61       5761     
 7766.77 244     29150    -248.344   -248.295   0.0492846   61       5761     
 7782.03 244     29200    -248.344   -248.295   0.0492846   62       5773     
 7791.12 245     29269    -248.344   -248.295   0.0492785   61       5779     
 7792.28 245     29300    -248.344   -248.295   0.0492785   62       5779     
 7801.67 246     29395    -248.344   -248.295   0.0492777   67       5785     
 7802.47 246     29400    -248.344   -248.295   0.0492777   67       5785     
 7827.2  246     29450    -248.344   -248.295   0.0492777   70       5803     
 7837.61 247     29521    -248.344   -248.295   0.0492765   63       5810     
 7847.92 247     29550    -248.344   -248.295   0.0492765   63       5817     
 7859.72 248     29645    -248.344   -248.295   0.049276    56       5825     
 7861.64 248     29650    -248.344   -248.295   0.049276    56       5826     
 7907.23 248     29700    -248.344   -248.295   0.049276    59       5861     
 7916.34 249     29769    -248.344   -248.295   0.0492666   56       5867     
 7941.76 249     29800    -248.344   -248.295   0.0492666   63       5885     
 7962.18 250     29893    -248.344   -248.295   0.0492649   64       5899     
 7963.03 250     29900    -248.344   -248.295   0.0492649   67       5899     
 7979.88 250     29950    -248.344   -248.295   0.0492649   78       5911     
 7987.2  251     30017    -248.344   -248.295   0.0492637   72       5915     
 7988.37 251     30050    -248.344   -248.295   0.0492637   69       5915     
 8000.83 252     30141    -248.344   -248.295   0.0492632   69       5923     
 8001.68 252     30150    -248.344   -248.295   0.0492632   70       5923     
 8009.04 252     30200    -248.344   -248.295   0.0492632   78       5928     
 8015.15 253     30267    -248.344   -248.295   0.049263    77       5931     
 8022.55 253     30300    -248.344   -248.295   0.049263    80       5936     
 8034.97 254     30393    -248.344   -248.295   0.0492617   68       5944     
 8035.81 254     30400    -248.344   -248.295   0.0492617   69       5944     
 8077.19 254     30450    -248.344   -248.295   0.0492617   74       5973     
 8084.64 255     30517    -248.344   -248.295   0.0492612   71       5977     
 8085.87 255     30550    -248.344   -248.295   0.0492612   72       5977     
 8096.45 256     30641    -248.344   -248.295   0.0492609   70       5983     
 8097.35 256     30650    -248.344   -248.295   0.0492609   71       5983     
 8106.73 256     30700    -248.344   -248.295   0.0492609   69       5989     
 8111.08 257     30765    -248.344   -248.295   0.0492608   63       5991     
 8123.37 257     30800    -248.344   -248.295   0.0492608   63       5999     
 8135.13 258     30889    -248.344   -248.295   0.0492606   68       6006     
 8136.08 258     30900    -248.344   -248.295   0.0492606   64       6006     
 8147.03 258     30950    -248.344   -248.295   0.0492606   66       6013     
 8148.77 259     31013    -248.344   -248.295   0.0492605   72       6013     
 8167.29 259     31050    -248.344   -248.295   0.0492605   69       6025     
 8179.57 260     31141    -248.344   -248.295   0.0492039   56       6033     
 8180.5  260     31150    -248.344   -248.295   0.0492039   57       6033     
 8189.82 260     31200    -248.344   -248.295   0.0492039   60       6040     
 8193.7  261     31265    -248.344   -248.295   0.0491103   60       6042     
 8207.11 261     31300    -248.344   -248.295   0.0491103   56       6052     
 8215.08 262     31389    -248.344   -248.295   0.0491035   56       6057     
 8221.15 262     31400    -248.344   -248.295   0.0491035   58       6061     
 8278.25 262     31450    -248.344   -248.295   0.0491035   59       6103     
 8280.19 263     31513    -248.344   -248.295   0.0490954   55       6103     
 8281.26 263     31550    -248.344   -248.295   0.0490954   56       6103     
 8288.48 264     31637    -248.344   -248.295   0.0490915   60       6108     
 8289.35 264     31650    -248.344   -248.295   0.0490915   63       6108     
 8297.48 265     31700    -248.344   -248.295   0.0490915   63       6114     
 8298.87 265     31763    -248.344   -248.295   0.0490875   57       6114     
 8343.85 265     31800    -248.344   -248.295   0.0490875   55       6147     
 8376.21 266     31885    -248.344   -248.295   0.0490538   50       6170     
 8386.7  266     31900    -248.344   -248.295   0.0490538   53       6177     
 8441.23 267     32009    -248.344   -248.295   0.0490453   57       6215     
 8442.01 267     32010    -248.344   -248.295   0.0490453   57       6215     
 8462.63 267     32050    -248.344   -248.295   0.0490453   58       6229     
 8477.9  268     32133    -248.344   -248.295   0.0490372   58       6239     
 8486.37 268     32150    -248.344   -248.295   0.0490372   58       6245     
 8504.18 269     32257    -248.344   -248.295   0.0490326   56       6257     
 8504.97 269     32258    -248.344   -248.295   0.0490326   56       6257     
 8510.25 269     32300    -248.344   -248.295   0.0490326   57       6260     
 8522.92 270     32383    -248.344   -248.295   0.0490133   48       6269     
 8544.74 270     32400    -248.344   -248.295   0.0490133   50       6286     
 8554.46 271     32507    -248.344   -248.295   0.0488711   57       6293     
 8555.2  271     32508    -248.344   -248.295   0.0488711   58       6293     
 8570.69 271     32550    -248.344   -248.295   0.0488711   52       6304     
 8578.51 272     32631    -248.344   -248.295   0.0488618   52       6309     
 8596.51 272     32650    -248.344   -248.295   0.0488618   52       6322     
 8609.44 273     32757    -248.344   -248.295   0.0484993   49       6331     
 8610.19 273     32758    -248.344   -248.295   0.0484993   50       6331     
 8631.7  273     32800    -248.344   -248.295   0.0484993   53       6347     
 8643.38 274     32883    -248.344   -248.295   0.0484871   54       6355     
 8648.81 274     32900    -248.344   -248.295   0.0484871   52       6359     
 8704.44 275     33009    -248.344   -248.295   0.0484813   55       6401     
 8705.2  275     33010    -248.344   -248.295   0.0484813   55       6401     
 8710.09 275     33050    -248.344   -248.295   0.0484813   51       6404     
 8724.27 276     33135    -248.344   -248.295   0.0484775   51       6414     
 8725.2  276     33150    -248.344   -248.295   0.0484775   51       6414     
 8737.08 277     33261    -248.344   -248.295   0.0484752   50       6422     
 8737.85 277     33262    -248.344   -248.295   0.0484752   51       6422     
 8750.49 277     33300    -248.344   -248.295   0.0484752   56       6431     
 8761.3  278     33387    -248.344   -248.295   0.0484735   57       6438     
 8762.23 278     33400    -248.344   -248.295   0.0484735   57       6438     
 8774.96 279     33511    -248.344   -248.295   0.0484707   54       6447     
 8777.14 279     33512    -248.344   -248.295   0.0484707   54       6448     
 8793.19 279     33550    -248.344   -248.295   0.0484707   58       6460     
 8801.09 280     33637    -248.343   -248.295   0.0481664   51       6465     
 8811.28 280     33650    -248.343   -248.295   0.0481664   52       6472     
 8882.75 280     33700    -248.343   -248.295   0.0481664   58       6522     
 8884.68 281     33765    -248.343   -248.295   0.0481581   57       6522     
 8897.96 281     33800    -248.343   -248.295   0.0481581   54       6532     
 8916.56 282     33891    -248.343   -248.295   0.0481552   52       6545     
 8917.45 282     33900    -248.343   -248.295   0.0481552   52       6545     
 8927.67 282     33950    -248.343   -248.295   0.0481552   52       6552     
 8935.57 283     34021    -248.343   -248.295   0.0481165   52       6557     
 8964.65 283     34050    -248.343   -248.295   0.0481165   54       6578     
 8978.35 284     34147    -248.343   -248.295   0.048111    47       6587     
 8979.17 284     34150    -248.343   -248.295   0.048111    47       6587     
 8981.51 284     34200    -248.343   -248.295   0.048111    49       6588     
 8990.65 285     34273    -248.343   -248.295   0.0481042   53       6594     
 9000.01 285     34300    -248.343   -248.295   0.0481042   50       6600     
 9012.3  286     34399    -248.343   -248.295   0.0481003   53       6608     
 9013.12 286     34400    -248.343   -248.295   0.0481003   53       6608     
 9035.23 286     34450    -248.343   -248.295   0.0481003   53       6623     
 9047    287     34525    -248.343   -248.295   0.048097    54       6631     
 9064.52 287     34550    -248.343   -248.295   0.048097    58       6643     
 9088.11 288     34651    -248.343   -248.295   0.0480942   53       6659     
 9088.9  288     34652    -248.343   -248.295   0.0480942   53       6659     
 9133.32 288     34700    -248.343   -248.295   0.0480942   56       6690     
 9147.36 289     34777    -248.343   -248.295   0.0480917   50       6699     
 9158.77 289     34800    -248.343   -248.295   0.0480917   52       6707     
 9176.4  290     34903    -248.343   -248.295   0.0480897   54       6719     
 9177.21 290     34904    -248.343   -248.295   0.0480897   54       6719     
 9185.72 290     34950    -248.343   -248.295   0.0480897   57       6724     
 9195.83 291     35029    -248.343   -248.295   0.0480859   56       6730     
 9203.53 291     35050    -248.343   -248.295   0.0480859   56       6735     
 9217.78 292     35155    -248.343   -248.295   0.0480834   56       6744     
 9218.61 292     35156    -248.343   -248.295   0.0480834   56       6744     
 9219.85 292     35200    -248.343   -248.295   0.0480834   56       6744     
 9227.12 293     35281    -248.343   -248.295   0.0480749   52       6748     
 9241.08 293     35300    -248.343   -248.295   0.0480749   57       6757     
 9263.58 294     35407    -248.343   -248.295   0.0480597   60       6772     
 9264.42 294     35408    -248.343   -248.295   0.0480597   60       6772     
 9265.64 294     35450    -248.343   -248.295   0.0480597   59       6772     
 9274.17 295     35531    -248.343   -248.295   0.0480581   49       6777     
 9280.52 295     35550    -248.343   -248.295   0.0480581   53       6781     
 9306.52 296     35655    -248.343   -248.295   0.048057    53       6798     
 9307.36 296     35656    -248.343   -248.295   0.048057    53       6798     
 9338.06 296     35700    -248.343   -248.295   0.048057    55       6819     
 9350.89 297     35779    -248.343   -248.295   0.0480561   51       6827     
 9359.21 297     35800    -248.343   -248.295   0.0480561   51       6832     
 9382.41 298     35903    -248.343   -248.295   0.0480553   54       6847     
 9383.26 298     35904    -248.343   -248.295   0.0480553   54       6847     
 9429.23 298     35950    -248.343   -248.295   0.0480553   55       6877     
 9452.15 299     36027    -248.343   -248.295   0.0480547   53       6891     
 9453.27 299     36050    -248.343   -248.295   0.0480547   54       6891     
 9461.84 300     36155    -248.343   -248.295   0.0480346   49       6896     
 9462.67 300     36156    -248.343   -248.295   0.0480346   49       6896     
 9470.92 300     36200    -248.343   -248.295   0.0480346   50       6902     
 9484.42 301     36281    -248.343   -248.295   0.047997    55       6911     
 9491.03 301     36300    -248.343   -248.295   0.047997    51       6915     
 9521.49 302     36407    -248.343   -248.295   0.0479926   50       6936     
 9522.33 302     36408    -248.343   -248.295   0.0479926   50       6936     
 9562.75 302     36450    -248.343   -248.295   0.0479926   52       6964     
 9576.91 303     36533    -248.343   -248.295   0.0479737   64       6973     
 9577.94 303     36550    -248.343   -248.295   0.0479737   60       6973     
 9586.82 304     36659    -248.343   -248.295   0.0479707   63       6978     
 9587.66 304     36660    -248.343   -248.295   0.0479707   63       6978     
 9588.92 304     36700    -248.343   -248.295   0.0479707   64       6978     
 9598.68 305     36785    -248.343   -248.295   0.0479691   61       6984     
 9614.13 305     36800    -248.343   -248.295   0.0479691   56       6994     
 9626.11 306     36909    -248.343   -248.295   0.0479592   57       7001     
 9626.95 306     36910    -248.343   -248.295   0.0479592   57       7001     
 9628.15 306     36950    -248.343   -248.295   0.0479592   54       7001     
 9635.57 307     37035    -248.343   -248.295   0.0479576   52       7005     
 9636.55 307     37050    -248.343   -248.295   0.0479576   55       7005     
 9649.62 308     37161    -248.343   -248.295   0.047954    54       7013     
 9650.46 308     37162    -248.343   -248.295   0.047954    54       7013     
 9651.67 308     37200    -248.343   -248.295   0.047954    51       7013     
 9664.24 309     37287    -248.343   -248.295   0.0479511   51       7021     
 9665.21 309     37300    -248.343   -248.295   0.0479511   51       7021     
 9680.05 310     37350    -248.343   -248.295   0.0479511   53       7031     
 9681.6  310     37413    -248.343   -248.295   0.0479504   51       7031     
 9697.22 310     37450    -248.343   -248.295   0.0479504   53       7041     
 9705.69 311     37537    -248.343   -248.295   0.0479425   52       7046     
 9706.68 311     37550    -248.343   -248.295   0.0479425   54       7046     
 9719.43 312     37661    -248.343   -248.295   0.0479403   51       7054     
 9720.28 312     37662    -248.343   -248.295   0.0479403   51       7054     
 9759.95 312     37700    -248.343   -248.295   0.0479403   53       7079     
 9774.97 313     37787    -248.343   -248.295   0.0479361   51       7088     
 9784.94 313     37800    -248.343   -248.295   0.0479361   55       7094     
 9860.25 313     37850    -248.343   -248.295   0.0479361   55       7143     
 9863.6  314     37917    -248.343   -248.295   0.0479003   51       7144     
 9868.93 314     37950    -248.343   -248.295   0.0479003   54       7147     
 9884.3  315     38043    -248.343   -248.295   0.0478952   53       7157     
 9885.2  315     38050    -248.343   -248.295   0.0478952   57       7157     
 9893.37 315     38100    -248.343   -248.295   0.0478952   54       7162     
 9900.52 316     38167    -248.343   -248.295   0.0478912   53       7166     
 9901.67 316     38200    -248.343   -248.295   0.0478912   54       7166     
 9914.33 317     38293    -248.343   -248.295   0.0478877   52       7174     
 9915.27 317     38300    -248.343   -248.295   0.0478877   52       7174     
 9926.01 317     38350    -248.343   -248.295   0.0478877   51       7181     
 9933.06 318     38417    -248.343   -248.295   0.0478833   49       7185     
 9936.81 318     38450    -248.343   -248.295   0.0478833   51       7187     
 9946.45 319     38541    -248.343   -248.295   0.0478664   52       7193     
 9947.43 319     38550    -248.343   -248.295   0.0478664   52       7193     
 10004.1 319     38600    -248.343   -248.295   0.0478664   53       7231     
-------------------------------------------------------------------------------

SARSOP finishing ...
  Preset timeout reached
  Timeout     : 10000.000000s
  Actual Time : 10004.110000s

-------------------------------------------------------------------------------
 Time   |#Trial |#Backup |LBound    |UBound    |Precision  |#Alphas |#Beliefs  
-------------------------------------------------------------------------------
 10004.1 319     38600    -248.343   -248.295   0.0478664   53       7231     
-------------------------------------------------------------------------------

Writing out policy ...
  output file : RAM4_small/388cfbfa6.policyx

