
Loading the model ...
  input file   : /home/rstudio/RAM4_small/391413c357.pomdpx
  loading time : 5.02s 

SARSOP initializing ...
  initialization time : 5496.41s

-------------------------------------------------------------------------------
 Time   |#Trial |#Backup |LBound    |UBound    |Precision  |#Alphas |#Beliefs  
-------------------------------------------------------------------------------
 5496.41 0       0        -4551.22   -4532.45   18.7684     101      1        
 5498.76 1       53       -4551.17   -4551.12   0.0482244   1        28       
 5515.61 2       119      -4551.13   -4551.12   0.00994368  3        61       
 5527.39 2       150      -4551.13   -4551.12   0.00994368  3        92       
 5528.16 3       185      -4551.12   -4551.13   -0.00209727 3        93       
-------------------------------------------------------------------------------

SARSOP finishing ...
  target precision reached
  target precision  : 0.000000
  precision reached : -0.002097 

-------------------------------------------------------------------------------
 Time   |#Trial |#Backup |LBound    |UBound    |Precision  |#Alphas |#Beliefs  
-------------------------------------------------------------------------------
 5528.16 3       185      -4551.12   -4551.13   -0.00209727 3        93       
-------------------------------------------------------------------------------

Writing out policy ...
  output file : RAM4_small/391413c357.policyx

