
Loading the model ...
  input file   : /home/rstudio/RAM4_small/392d6320a2.pomdpx
  loading time : 4.69s 

SARSOP initializing ...
  initialization time : 3559.82s

-------------------------------------------------------------------------------
 Time   |#Trial |#Backup |LBound    |UBound    |Precision  |#Alphas |#Beliefs  
-------------------------------------------------------------------------------
 3559.82 0       0        -8996.77   -6492.42   2504.35     101      1        
 3560.35 0       50       -8995.81   -8364.06   631.749     56       7        
 3560.53 0       100      -8995.81   -8364.06   631.749     51       7        
 3562.64 1       283      -8857.32   -8364.12   493.193     51       17       
 3562.73 1       284      -8857.32   -8364.12   493.193     52       18       
 3562.79 1       285      -8857.32   -8364.12   493.193     53       19       
 3562.82 1       300      -8857.32   -8364.12   493.193     57       19       
 3562.9  1       350      -8857.32   -8364.12   493.193     52       19       
 3562.98 1       400      -8857.32   -8364.12   493.193     58       19       
 3564.63 2       571      -8743.85   -8364.16   379.686     51       25       
 3564.64 2       572      -8743.85   -8364.16   379.686     52       25       
 3564.64 2       573      -8743.85   -8364.16   379.686     53       25       
 3564.7  2       600      -8743.85   -8364.16   379.686     59       25       
 3564.79 2       650      -8743.85   -8364.16   379.686     54       25       
 3564.88 2       700      -8743.85   -8364.16   379.686     59       25       
 3567.37 3       861      -8666.23   -8364.22   302.008     13       32       
 3567.38 3       862      -8666.23   -8364.22   302.008     10       32       
 3567.39 3       863      -8666.23   -8364.22   302.008     10       32       
 3567.45 3       900      -8666.23   -8364.22   302.008     9        32       
 3567.51 3       950      -8666.23   -8364.22   302.008     8        32       
 3568.28 3       1000     -8666.23   -8364.22   302.008     8        35       
 3570.96 4       1153     -8614.16   -8364.26   249.903     9        41       
 3570.97 4       1154     -8614.16   -8364.26   249.903     8        41       
 3570.98 4       1155     -8614.16   -8364.26   249.903     8        41       
 3571.05 4       1200     -8614.16   -8364.26   249.903     9        41       
 3571.12 4       1250     -8614.16   -8364.26   249.903     9        41       
 3576.4  5       1300     -8614.16   -8364.26   249.903     6        51       
 3576.81 5       1447     -8571.34   -8364.28   207.055     7        51       
 3577.3  5       1448     -8571.34   -8364.28   207.055     6        52       
 3577.6  5       1450     -8571.34   -8364.28   207.055     6        53       
 3577.68 5       1500     -8571.34   -8364.28   207.055     7        53       
 3577.75 5       1550     -8571.34   -8364.28   207.055     7        53       
 3585.39 6       1737     -8532.37   -8364.31   168.068     7        64       
 3585.4  6       1738     -8532.37   -8364.31   168.068     7        64       
 3585.79 6       1739     -8532.37   -8364.31   168.068     7        65       
 3585.83 6       1750     -8532.37   -8364.31   168.068     9        65       
 3585.91 6       1800     -8532.37   -8364.31   168.068     9        65       
 3585.99 6       1850     -8532.37   -8364.31   168.068     9        65       
 3593.5  7       2031     -8503.15   -8364.32   138.833     11       75       
 3593.51 7       2032     -8503.15   -8364.32   138.833     9        75       
 3593.53 7       2033     -8503.15   -8364.32   138.833     10       75       
 3593.58 7       2050     -8503.15   -8364.32   138.833     10       75       
 3593.67 7       2100     -8503.15   -8364.32   138.833     10       75       
 3593.76 7       2150     -8503.15   -8364.32   138.833     10       75       
 3601.67 8       2323     -8480.06   -8364.34   115.728     10       85       
 3601.69 8       2324     -8480.06   -8364.34   115.728     9        85       
 3601.71 8       2325     -8480.06   -8364.34   115.728     10       85       
 3601.77 8       2350     -8480.06   -8364.34   115.728     10       85       
 3601.86 8       2400     -8480.06   -8364.34   115.728     10       85       
 3603.22 8       2450     -8480.06   -8364.34   115.728     11       87       
 3610.71 9       2623     -8464.95   -8364.35   100.6       8        95       
 3610.73 9       2624     -8464.95   -8364.35   100.6       7        95       
 3610.75 9       2625     -8464.95   -8364.35   100.6       7        95       
 3610.81 9       2650     -8464.95   -8364.35   100.6       8        95       
 3610.9  9       2700     -8464.95   -8364.35   100.6       8        95       
 3611.59 9       2750     -8464.95   -8364.35   100.6       8        96       
 3618.45 10      2913     -8446.56   -8364.35   82.201      9        103      
 3618.48 10      2914     -8446.56   -8364.35   82.201      8        103      
 3618.5  10      2915     -8446.56   -8364.35   82.201      9        103      
 3618.58 10      2950     -8446.56   -8364.35   82.201      10       103      
 3618.67 10      3000     -8446.56   -8364.35   82.201      10       103      
 3620.32 10      3050     -8446.56   -8364.35   82.201      11       105      
 3626.09 11      3211     -8437.13   -8364.37   72.7667     10       110      
 3626.12 11      3212     -8437.13   -8364.37   72.7667     9        110      
 3626.14 11      3213     -8437.13   -8364.37   72.7667     9        110      
 3626.22 11      3250     -8437.13   -8364.37   72.7667     10       110      
 3626.32 11      3300     -8437.13   -8364.37   72.7667     10       110      
 3629.01 11      3350     -8437.13   -8364.37   72.7667     10       113      
 3635.3  12      3511     -8425.67   -8364.38   61.292      9        118      
 3635.33 12      3512     -8425.67   -8364.38   61.292      8        118      
 3635.36 12      3513     -8425.67   -8364.38   61.292      9        118      
 3635.44 12      3550     -8425.67   -8364.38   61.292      10       118      
 3635.54 12      3600     -8425.67   -8364.38   61.292      10       118      
 3642.4  12      3650     -8425.67   -8364.38   61.292      9        125      
 3647.04 13      3807     -8415.93   -8364.38   51.552      11       129      
 3647.07 13      3808     -8415.93   -8364.38   51.552      10       129      
 3647.1  13      3809     -8415.93   -8364.38   51.552      10       129      
 3647.19 13      3850     -8415.93   -8364.38   51.552      11       129      
 3647.3  13      3900     -8415.93   -8364.38   51.552      11       129      
 3651.66 13      3950     -8415.93   -8364.38   51.552      9        133      
 3653.63 14      4105     -8410.11   -8364.38   45.722      11       134      
 3653.66 14      4106     -8410.11   -8364.38   45.722      10       134      
 3653.69 14      4107     -8410.11   -8364.38   45.722      11       134      
 3653.79 14      4150     -8410.11   -8364.38   45.722      11       134      
 3653.9  14      4200     -8410.11   -8364.38   45.722      11       134      
 3659.9  14      4250     -8410.11   -8364.38   45.722      10       139      
 3665.44 15      4405     -8404.63   -8364.39   40.237      11       142      
 3665.48 15      4406     -8404.63   -8364.39   40.237      10       142      
 3665.51 15      4407     -8404.63   -8364.39   40.237      10       142      
 3665.6  15      4450     -8404.63   -8364.39   40.237      11       142      
 3665.72 15      4500     -8404.63   -8364.39   40.237      10       142      
 3672.1  15      4550     -8404.63   -8364.39   40.237      10       148      
 3675.44 16      4701     -8398.9    -8364.4    34.5021     12       150      
 3675.47 16      4702     -8398.9    -8364.4    34.5021     12       150      
 3675.51 16      4703     -8398.9    -8364.4    34.5021     12       150      
 3675.62 16      4750     -8398.9    -8364.4    34.5021     12       150      
 3675.74 16      4800     -8398.9    -8364.4    34.5021     13       150      
 3681.98 16      4850     -8398.9    -8364.4    34.5021     10       155      
 3682.53 17      5001     -8395.05   -8364.4    30.6459     12       155      
 3682.57 17      5002     -8395.05   -8364.4    30.6459     12       155      
 3682.6  17      5003     -8395.05   -8364.4    30.6459     11       155      
 3682.71 17      5050     -8395.05   -8364.4    30.6459     11       155      
 3682.83 17      5100     -8395.05   -8364.4    30.6459     12       155      
 3691.59 17      5150     -8395.05   -8364.4    30.6459     10       161      
 3692.19 18      5301     -8390.74   -8364.41   26.3364     12       161      
 3692.23 18      5302     -8390.74   -8364.41   26.3364     12       161      
 3692.26 18      5303     -8390.74   -8364.41   26.3364     11       161      
 3692.38 18      5350     -8390.74   -8364.41   26.3364     12       161      
 3692.5  18      5400     -8390.74   -8364.41   26.3364     12       161      
 3701.38 18      5450     -8390.74   -8364.41   26.3364     14       167      
 3701.99 19      5601     -8387.98   -8364.41   23.5704     12       167      
 3703.35 19      5602     -8387.98   -8364.41   23.5704     12       168      
 3704.19 19      5603     -8387.98   -8364.41   23.5704     12       169      
 3704.31 19      5650     -8387.98   -8364.41   23.5704     12       169      
 3704.43 19      5700     -8387.98   -8364.41   23.5704     12       169      
 3711.48 20      5750     -8387.98   -8364.41   23.5704     13       174      
 3712.09 20      5899     -8385.28   -8364.41   20.8664     12       174      
 3712.13 20      5900     -8385.28   -8364.41   20.8664     12       174      
 3712.17 20      5901     -8385.28   -8364.41   20.8664     12       174      
 3712.29 20      5950     -8385.28   -8364.41   20.8664     12       174      
 3712.41 20      6000     -8385.28   -8364.41   20.8664     12       174      
 3722.21 21      6050     -8385.28   -8364.41   20.8664     15       180      
 3722.76 21      6201     -8383.71   -8364.41   19.2953     13       180      
 3722.8  21      6202     -8383.71   -8364.41   19.2953     12       180      
 3722.84 21      6203     -8383.71   -8364.41   19.2953     12       180      
 3722.97 21      6250     -8383.71   -8364.41   19.2953     14       180      
 3723.1  21      6300     -8383.71   -8364.41   19.2953     14       180      
 3730.27 22      6497     -8381.2    -8364.41   16.7864     14       184      
 3730.31 22      6498     -8381.2    -8364.41   16.7864     14       184      
 3730.36 22      6499     -8381.2    -8364.41   16.7864     14       184      
 3730.4  22      6500     -8381.2    -8364.41   16.7864     14       184      
 3730.53 22      6550     -8381.2    -8364.41   16.7864     14       184      
 3730.67 22      6600     -8381.2    -8364.41   16.7864     14       184      
 3738.15 23      6801     -8380.13   -8364.42   15.7125     15       188      
 3738.19 23      6802     -8380.13   -8364.42   15.7125     14       188      
 3738.23 23      6803     -8380.13   -8364.42   15.7125     14       188      
 3738.27 23      6804     -8380.13   -8364.42   15.7125     14       188      
 3738.4  23      6850     -8380.13   -8364.42   15.7125     15       188      
 3738.55 23      6900     -8380.13   -8364.42   15.7125     14       188      
 3753.35 24      7095     -8377.76   -8364.42   13.3387     14       196      
 3753.4  24      7096     -8377.76   -8364.42   13.3387     14       196      
 3753.44 24      7097     -8377.76   -8364.42   13.3387     14       196      
 3753.49 24      7100     -8377.76   -8364.42   13.3387     14       196      
 3753.62 24      7150     -8377.76   -8364.42   13.3387     14       196      
 3753.76 24      7200     -8377.76   -8364.42   13.3387     14       196      
 3763.67 25      7395     -8376.55   -8364.42   12.1261     16       201      
 3763.72 25      7396     -8376.55   -8364.42   12.1261     16       201      
 3763.77 25      7397     -8376.55   -8364.42   12.1261     16       201      
 3763.82 25      7400     -8376.55   -8364.42   12.1261     16       201      
 3763.96 25      7450     -8376.55   -8364.42   12.1261     16       201      
 3764.11 25      7500     -8376.55   -8364.42   12.1261     16       201      
 3772.25 26      7691     -8375.2    -8364.42   10.7715     18       206      
 3772.3  26      7692     -8375.2    -8364.42   10.7715     18       206      
 3772.35 26      7693     -8375.2    -8364.42   10.7715     18       206      
 3772.41 26      7700     -8375.2    -8364.42   10.7715     18       206      
 3772.55 26      7750     -8375.2    -8364.42   10.7715     18       206      
 3772.7  26      7800     -8375.2    -8364.42   10.7715     18       206      
 3785.51 27      7995     -8374.54   -8364.43   10.1135     15       212      
 3787.15 27      7996     -8374.54   -8364.43   10.1135     15       213      
 3788.26 27      7997     -8374.54   -8364.43   10.1135     15       214      
 3788.32 27      8000     -8374.54   -8364.43   10.1135     15       214      
 3788.47 27      8050     -8374.54   -8364.43   10.1135     15       214      
 3788.63 27      8100     -8374.54   -8364.43   10.1135     15       214      
 3801.78 28      8291     -8373.41   -8364.43   8.97905     16       220      
 3801.83 28      8292     -8373.41   -8364.43   8.97905     16       220      
 3801.89 28      8293     -8373.41   -8364.43   8.97905     16       220      
 3801.95 28      8300     -8373.41   -8364.43   8.97905     16       220      
 3802.1  28      8350     -8373.41   -8364.43   8.97905     16       220      
 3802.26 28      8400     -8373.41   -8364.43   8.97905     16       220      
 3810.07 29      8589     -8372.62   -8364.43   8.18887     17       224      
 3810.13 29      8590     -8372.62   -8364.43   8.18887     17       224      
 3810.18 29      8591     -8372.62   -8364.43   8.18887     17       224      
 3810.25 29      8600     -8372.62   -8364.43   8.18887     17       224      
 3810.4  29      8650     -8372.62   -8364.43   8.18887     17       224      
 3810.56 29      8700     -8372.62   -8364.43   8.18887     17       224      
 3820.22 30      8889     -8371.96   -8364.43   7.52967     16       229      
 3820.27 30      8890     -8371.96   -8364.43   7.52967     16       229      
 3820.33 30      8891     -8371.96   -8364.43   7.52967     16       229      
 3820.39 30      8900     -8371.96   -8364.43   7.52967     16       229      
 3820.55 30      8950     -8371.96   -8364.43   7.52967     16       229      
 3820.69 30      9000     -8371.96   -8364.43   7.52967     16       229      
 3827.31 31      9189     -8371.4    -8364.43   6.97073     17       232      
 3829.15 31      9190     -8371.4    -8364.43   6.97073     17       233      
 3830.43 31      9191     -8371.4    -8364.43   6.97073     17       234      
 3830.51 31      9200     -8371.4    -8364.43   6.97073     17       234      
 3830.66 31      9250     -8371.4    -8364.43   6.97073     17       234      
 3830.82 31      9300     -8371.4    -8364.43   6.97073     17       234      
 3843.28 32      9487     -8370.79   -8364.44   6.35369     18       239      
 3845.15 32      9488     -8370.79   -8364.44   6.35369     18       240      
 3846.39 32      9489     -8370.79   -8364.44   6.35369     18       241      
 3846.48 32      9500     -8370.79   -8364.44   6.35369     18       241      
 3846.65 32      9550     -8370.79   -8364.44   6.35369     18       241      
 3846.82 32      9600     -8370.79   -8364.44   6.35369     18       241      
 3858.03 33      9785     -8370.27   -8364.44   5.83454     18       247      
 3859.98 33      9786     -8370.27   -8364.44   5.83454     18       248      
 3861.35 33      9787     -8370.27   -8364.44   5.83454     18       249      
 3861.45 33      9800     -8370.27   -8364.44   5.83454     18       249      
 3861.61 33      9850     -8370.27   -8364.44   5.83454     18       249      
 3861.78 33      9900     -8370.27   -8364.44   5.83454     18       249      
 3878.03 34      10083    -8369.82   -8364.44   5.38661     18       256      
 3878.09 34      10084    -8369.82   -8364.44   5.38661     18       256      
 3878.15 34      10085    -8369.82   -8364.44   5.38661     18       256      
 3878.25 34      10100    -8369.82   -8364.44   5.38661     18       256      
 3878.41 34      10150    -8369.82   -8364.44   5.38661     18       256      
 3878.6  34      10200    -8369.82   -8364.44   5.38661     17       256      
 3897.49 35      10379    -8369.35   -8364.44   4.91671     18       265      
 3897.55 35      10380    -8369.35   -8364.44   4.91671     18       265      
 3897.61 35      10381    -8369.35   -8364.44   4.91671     18       265      
 3897.72 35      10400    -8369.35   -8364.44   4.91671     18       265      
 3897.89 35      10450    -8369.35   -8364.44   4.91671     18       265      
 3898.06 35      10500    -8369.35   -8364.44   4.91671     18       265      
 3911.51 36      10681    -8369.2    -8364.44   4.76599     20       270      
 3911.58 36      10682    -8369.2    -8364.44   4.76599     20       270      
 3911.65 36      10683    -8369.2    -8364.44   4.76599     20       270      
 3911.76 36      10700    -8369.2    -8364.44   4.76599     20       270      
 3911.93 36      10750    -8369.2    -8364.44   4.76599     20       270      
 3912.12 36      10800    -8369.2    -8364.44   4.76599     19       270      
 3921.53 37      10975    -8368.76   -8364.44   4.3265      21       274      
 3923.65 37      10976    -8368.76   -8364.44   4.3265      21       275      
 3925.04 37      10977    -8368.76   -8364.44   4.3265      21       276      
 3925.17 37      11000    -8368.76   -8364.44   4.3265      21       276      
 3925.33 37      11050    -8368.76   -8364.44   4.3265      21       276      
 3925.51 37      11100    -8368.76   -8364.44   4.3265      21       276      
 3937.07 38      11275    -8368.61   -8364.44   4.17083     20       281      
 3937.14 38      11276    -8368.61   -8364.44   4.17083     20       281      
 3938.43 38      11277    -8368.61   -8364.44   4.17083     20       282      
 3938.57 38      11300    -8368.61   -8364.44   4.17083     20       282      
 3938.73 38      11350    -8368.61   -8364.44   4.17083     20       282      
 3938.92 38      11400    -8368.61   -8364.44   4.17083     20       282      
 3945.27 39      11571    -8368.33   -8364.44   3.89212     24       285      
 3945.34 39      11572    -8368.33   -8364.44   3.89212     24       285      
 3945.41 39      11573    -8368.33   -8364.44   3.89212     25       285      
 3945.54 39      11600    -8368.33   -8364.44   3.89212     25       285      
 3945.71 39      11650    -8368.33   -8364.44   3.89212     25       285      
 3945.9  39      11700    -8368.33   -8364.44   3.89212     25       285      
 3961.58 40      11871    -8368.16   -8364.44   3.71606     25       291      
 3961.65 40      11872    -8368.16   -8364.44   3.71606     25       291      
 3961.72 40      11873    -8368.16   -8364.44   3.71606     25       291      
 3961.85 40      11900    -8368.16   -8364.44   3.71606     25       291      
 3962.02 40      11950    -8368.16   -8364.44   3.71606     25       291      
 3962.22 40      12000    -8368.16   -8364.44   3.71606     25       291      
 3971.1  41      12167    -8367.9    -8364.44   3.45927     25       294      
 3971.17 41      12168    -8367.9    -8364.44   3.45927     25       294      
 3971.24 41      12169    -8367.9    -8364.44   3.45927     25       294      
 3971.38 41      12200    -8367.9    -8364.44   3.45927     25       294      
 3971.56 41      12250    -8367.9    -8364.44   3.45927     25       294      
 3973.6  41      12300    -8367.9    -8364.44   3.45927     25       295      
 3984.77 42      12465    -8367.75   -8364.44   3.30694     23       299      
 3984.84 42      12466    -8367.75   -8364.44   3.30694     23       299      
 3984.91 42      12467    -8367.75   -8364.44   3.30694     23       299      
 3985.06 42      12500    -8367.75   -8364.44   3.30694     23       299      
 3985.25 42      12550    -8367.75   -8364.44   3.30694     23       299      
 3985.48 42      12600    -8367.75   -8364.44   3.30694     23       299      
 3997.02 43      12757    -8367.48   -8364.44   3.03572     24       304      
 3999.08 43      12758    -8367.48   -8364.44   3.03572     24       305      
 3999.17 43      12759    -8367.48   -8364.44   3.03572     24       305      
 3999.34 43      12800    -8367.48   -8364.44   3.03572     24       305      
 3999.52 43      12850    -8367.48   -8364.44   3.03572     24       305      
 4012.41 43      12900    -8367.48   -8364.44   3.03572     24       311      
 4021.94 44      13055    -8367.4    -8364.45   2.95213     24       314      
 4022.01 44      13056    -8367.4    -8364.45   2.95213     24       314      
 4022.09 44      13057    -8367.4    -8364.45   2.95213     24       314      
 4022.28 44      13100    -8367.4    -8364.45   2.95213     24       314      
 4022.47 44      13150    -8367.4    -8364.45   2.95213     24       314      
 4031.88 44      13200    -8367.4    -8364.45   2.95213     25       318      
 4034.84 45      13349    -8367.21   -8364.45   2.75291     24       319      
 4037.01 45      13350    -8367.21   -8364.45   2.75291     24       320      
 4037.1  45      13351    -8367.21   -8364.45   2.75291     24       320      
 4037.28 45      13400    -8367.21   -8364.45   2.75291     24       320      
 4037.47 45      13450    -8367.21   -8364.45   2.75291     24       320      
 4046.61 46      13647    -8367.13   -8364.46   2.6657      25       323      
 4046.69 46      13648    -8367.13   -8364.46   2.6657      25       323      
 4046.77 46      13649    -8367.13   -8364.46   2.6657      25       323      
 4046.85 46      13650    -8367.13   -8364.46   2.6657      25       323      
 4047.05 46      13700    -8367.13   -8364.46   2.6657      25       323      
 4047.26 46      13750    -8367.13   -8364.46   2.6657      25       323      
 4053.49 47      13941    -8366.96   -8364.46   2.49778     26       325      
 4055.62 47      13942    -8366.96   -8364.46   2.49778     26       326      
 4055.71 47      13943    -8366.96   -8364.46   2.49778     26       326      
 4055.8  47      13950    -8366.96   -8364.46   2.49778     26       326      
 4056    47      14000    -8366.96   -8364.46   2.49778     26       326      
 4056.19 47      14050    -8366.96   -8364.46   2.49778     26       326      
 4063.69 48      14239    -8366.9    -8364.48   2.42498     26       329      
 4063.77 48      14240    -8366.9    -8364.48   2.42498     26       329      
 4063.85 48      14241    -8366.9    -8364.48   2.42498     26       329      
 4063.96 48      14250    -8366.9    -8364.48   2.42498     26       329      
 4064.16 48      14300    -8366.9    -8364.48   2.42498     26       329      
 4064.37 48      14350    -8366.9    -8364.48   2.42498     26       329      
 4081.07 49      14535    -8366.76   -8364.48   2.28418     28       334      
 4083.66 49      14536    -8366.76   -8364.48   2.28418     28       335      
 4085.36 49      14537    -8366.76   -8364.48   2.28418     28       336      
 4085.48 49      14550    -8366.76   -8364.48   2.28418     28       336      
 4085.69 49      14600    -8366.76   -8364.48   2.28418     28       336      
 4085.89 49      14650    -8366.76   -8364.48   2.28418     28       336      
 4098.34 50      14831    -8366.62   -8364.48   2.13759     27       341      
 4098.42 50      14832    -8366.62   -8364.48   2.13759     27       341      
 4098.5  50      14833    -8366.62   -8364.48   2.13759     27       341      
 4098.62 50      14850    -8366.62   -8364.48   2.13759     27       341      
 4098.83 50      14900    -8366.62   -8364.48   2.13759     27       341      
 4099.03 50      14950    -8366.62   -8364.48   2.13759     27       341      
 4112.87 51      15127    -8366.54   -8364.48   2.06382     26       346      
 4112.95 51      15128    -8366.54   -8364.48   2.06382     26       346      
 4113.03 51      15129    -8366.54   -8364.48   2.06382     26       346      
 4113.17 51      15150    -8366.54   -8364.48   2.06382     26       346      
 4113.37 51      15200    -8366.54   -8364.48   2.06382     26       346      
 4113.58 51      15250    -8366.54   -8364.48   2.06382     26       346      
 4126.87 52      15421    -8366.44   -8364.48   1.9621      27       350      
 4126.95 52      15422    -8366.44   -8364.48   1.9621      27       350      
 4127.04 52      15423    -8366.44   -8364.48   1.9621      27       350      
 4127.19 52      15450    -8366.44   -8364.48   1.9621      27       350      
 4127.4  52      15500    -8366.44   -8364.48   1.9621      27       350      
 4127.61 52      15550    -8366.44   -8364.48   1.9621      27       350      
 4143.62 53      15717    -8366.37   -8364.48   1.88958     27       356      
 4146.33 53      15718    -8366.37   -8364.48   1.88958     27       357      
 4148.1  53      15719    -8366.37   -8364.48   1.88958     27       358      
 4148.28 53      15750    -8366.37   -8364.48   1.88958     27       358      
 4148.49 53      15800    -8366.37   -8364.48   1.88958     27       358      
 4148.72 53      15850    -8366.37   -8364.48   1.88958     27       358      
 4166.36 54      16011    -8366.27   -8364.48   1.79165     27       364      
 4166.44 54      16012    -8366.27   -8364.48   1.79165     27       364      
 4166.53 54      16013    -8366.27   -8364.48   1.79165     27       364      
 4166.72 54      16050    -8366.27   -8364.48   1.79165     27       364      
 4166.94 54      16100    -8366.27   -8364.48   1.79165     27       364      
 4171.76 54      16150    -8366.27   -8364.48   1.79165     27       366      
 4177.43 55      16307    -8366.21   -8364.48   1.72674     28       368      
 4179.37 55      16308    -8366.21   -8364.48   1.72674     28       369      
 4179.47 55      16309    -8366.21   -8364.48   1.72674     28       369      
 4179.66 55      16350    -8366.21   -8364.48   1.72674     28       369      
 4179.88 55      16400    -8366.21   -8364.48   1.72674     28       369      
 4180.14 55      16450    -8366.21   -8364.48   1.72674     28       369      
 4184.1  56      16603    -8366.17   -8364.49   1.68036     27       370      
 4186.46 56      16604    -8366.17   -8364.49   1.68036     27       371      
 4188.94 56      16605    -8366.17   -8364.49   1.68036     27       372      
 4189.16 56      16650    -8366.17   -8364.49   1.68036     27       372      
 4189.37 56      16700    -8366.17   -8364.49   1.68036     27       372      
 4206.99 57      16895    -8366.09   -8364.49   1.59465     27       378      
 4209.07 57      16896    -8366.09   -8364.49   1.59465     27       379      
 4209.17 57      16897    -8366.09   -8364.49   1.59465     27       379      
 4209.27 57      16900    -8366.09   -8364.49   1.59465     27       379      
 4209.49 57      16950    -8366.09   -8364.49   1.59465     27       379      
 4209.71 57      17000    -8366.09   -8364.49   1.59465     27       379      
 4226.51 58      17191    -8366.05   -8364.5    1.54792     29       384      
 4226.6  58      17192    -8366.05   -8364.5    1.54792     29       384      
 4228.6  58      17193    -8366.05   -8364.5    1.54792     29       385      
 4228.73 58      17200    -8366.05   -8364.5    1.54792     29       385      
 4228.96 58      17250    -8366.05   -8364.5    1.54792     29       385      
 4229.2  58      17300    -8366.05   -8364.5    1.54792     29       385      
 4238.11 59      17479    -8365.92   -8364.5    1.42174     29       388      
 4238.2  59      17480    -8365.92   -8364.5    1.42174     29       388      
 4238.3  59      17481    -8365.92   -8364.5    1.42174     29       388      
 4238.44 59      17500    -8365.92   -8364.5    1.42174     29       388      
 4238.66 59      17550    -8365.92   -8364.5    1.42174     29       388      
 4238.88 59      17600    -8365.92   -8364.5    1.42174     29       388      
 4259.93 60      17773    -8365.87   -8364.5    1.37382     29       395      
 4260.03 60      17774    -8365.87   -8364.5    1.37382     29       395      
 4260.12 60      17775    -8365.87   -8364.5    1.37382     29       395      
 4260.29 60      17800    -8365.87   -8364.5    1.37382     29       395      
 4260.51 60      17850    -8365.87   -8364.5    1.37382     29       395      
 4260.75 60      17900    -8365.87   -8364.5    1.37382     29       395      
 4278.34 61      18063    -8365.78   -8364.5    1.28465     29       401      
 4278.43 61      18064    -8365.78   -8364.5    1.28465     29       401      
 4278.53 61      18065    -8365.78   -8364.5    1.28465     29       401      
 4278.73 61      18100    -8365.78   -8364.5    1.28465     29       401      
 4278.96 61      18150    -8365.78   -8364.5    1.28465     29       401      
 4282.05 61      18200    -8365.78   -8364.5    1.28465     29       402      
 4291.49 62      18353    -8365.72   -8364.5    1.22006     29       405      
 4293.55 62      18354    -8365.72   -8364.5    1.22006     29       406      
 4293.66 62      18355    -8365.72   -8364.5    1.22006     29       406      
 4293.88 62      18400    -8365.72   -8364.5    1.22006     29       406      
 4294.11 62      18450    -8365.72   -8364.5    1.22006     29       406      
 4310.72 63      18643    -8365.66   -8364.51   1.15265     29       411      
 4310.82 63      18644    -8365.66   -8364.51   1.15265     29       411      
 4310.92 63      18645    -8365.66   -8364.51   1.15265     29       411      
 4311.03 63      18650    -8365.66   -8364.51   1.15265     29       411      
 4311.27 63      18700    -8365.66   -8364.51   1.15265     29       411      
 4311.5  63      18750    -8365.66   -8364.51   1.15265     29       411      
 4332.05 64      18931    -8365.58   -8364.51   1.07187     29       418      
 4334.39 64      18932    -8365.58   -8364.51   1.07187     29       419      
 4334.53 64      18933    -8365.58   -8364.51   1.07187     29       419      
 4334.67 64      18950    -8365.58   -8364.51   1.07187     29       419      
 4334.91 64      19000    -8365.58   -8364.51   1.07187     29       419      
 4335.14 64      19050    -8365.58   -8364.51   1.07187     29       419      
 4366.92 65      19221    -8365.54   -8364.52   1.02018     29       429      
 4369.84 65      19222    -8365.54   -8364.52   1.02018     29       430      
 4371.7  65      19223    -8365.54   -8364.52   1.02018     29       431      
 4371.89 65      19250    -8365.54   -8364.52   1.02018     29       431      
 4372.14 65      19300    -8365.54   -8364.52   1.02018     29       431      
 4380.65 65      19350    -8365.54   -8364.52   1.02018     29       434      
 4392.84 66      19511    -8365.49   -8364.52   0.967147    28       438      
 4396.11 66      19512    -8365.49   -8364.52   0.967147    28       439      
 4398.65 66      19513    -8365.49   -8364.52   0.967147    28       440      
 4398.87 66      19550    -8365.49   -8364.52   0.967147    28       440      
 4399.12 66      19600    -8365.49   -8364.52   0.967147    28       440      
 4411.11 66      19650    -8365.49   -8364.52   0.967147    28       444      
 4425.6  67      19801    -8365.44   -8364.53   0.914896    28       448      
 4425.72 67      19802    -8365.44   -8364.53   0.914896    28       448      
 4425.83 67      19803    -8365.44   -8364.53   0.914896    28       448      
 4426.08 67      19850    -8365.44   -8364.53   0.914896    28       448      
 4426.32 67      19900    -8365.44   -8364.53   0.914896    28       448      
 4454.55 68      20089    -8365.38   -8364.53   0.85621     29       457      
 4454.67 68      20090    -8365.38   -8364.53   0.85621     29       457      
 4454.79 68      20091    -8365.38   -8364.53   0.85621     29       457      
 4454.93 68      20100    -8365.38   -8364.53   0.85621     29       457      
 4455.18 68      20150    -8365.38   -8364.53   0.85621     29       457      
 4455.43 68      20200    -8365.38   -8364.53   0.85621     29       457      
 4473.59 69      20381    -8365.36   -8364.53   0.83411     30       462      
 4473.71 69      20382    -8365.36   -8364.53   0.83411     30       462      
 4476    69      20383    -8365.36   -8364.53   0.83411     30       463      
 4476.19 69      20400    -8365.36   -8364.53   0.83411     30       463      
 4476.45 69      20450    -8365.36   -8364.53   0.83411     30       463      
 4476.7  69      20500    -8365.36   -8364.53   0.83411     30       463      
 4506.02 70      20669    -8365.32   -8364.53   0.791036    31       471      
 4508.33 70      20670    -8365.32   -8364.53   0.791036    31       472      
 4508.47 70      20671    -8365.32   -8364.53   0.791036    31       472      
 4508.68 70      20700    -8365.32   -8364.53   0.791036    31       472      
 4508.99 70      20750    -8365.32   -8364.53   0.791036    31       472      
 4515.89 70      20800    -8365.32   -8364.53   0.791036    31       475      
 4535.48 71      20957    -8365.29   -8364.54   0.75043     32       480      
 4539.1  71      20958    -8365.29   -8364.54   0.75043     32       481      
 4541.77 71      20959    -8365.29   -8364.54   0.75043     32       482      
 4542.03 71      21000    -8365.29   -8364.54   0.75043     32       482      
 4542.3  71      21050    -8365.29   -8364.54   0.75043     32       482      
 4577.88 71      21100    -8365.29   -8364.54   0.75043     33       491      
 4578.8  72      21245    -8365.25   -8364.54   0.711966    33       491      
 4582.2  72      21246    -8365.25   -8364.54   0.711966    33       492      
 4584.57 72      21250    -8365.25   -8364.54   0.711966    33       493      
 4584.83 72      21300    -8365.25   -8364.54   0.711966    33       493      
 4585.1  72      21350    -8365.25   -8364.54   0.711966    33       493      
 4596.3  73      21533    -8365.22   -8364.54   0.684423    33       496      
 4599.84 73      21534    -8365.22   -8364.54   0.684423    33       497      
 4602.19 73      21535    -8365.22   -8364.54   0.684423    33       498      
 4602.37 73      21550    -8365.22   -8364.54   0.684423    33       498      
 4602.64 73      21600    -8365.22   -8364.54   0.684423    33       498      
 4602.91 73      21650    -8365.22   -8364.54   0.684423    33       498      
 4626.63 74      21821    -8365.2    -8364.54   0.663581    33       504      
 4629.1  74      21822    -8365.2    -8364.54   0.663581    33       505      
 4629.24 74      21823    -8365.2    -8364.54   0.663581    33       505      
 4629.46 74      21850    -8365.2    -8364.54   0.663581    33       505      
 4629.74 74      21900    -8365.2    -8364.54   0.663581    33       505      
 4649.41 74      21950    -8365.2    -8364.54   0.663581    33       512      
 4675.26 75      22105    -8365.17   -8364.54   0.629601    34       519      
 4678.94 75      22106    -8365.17   -8364.54   0.629601    33       520      
 4681.73 75      22107    -8365.17   -8364.54   0.629601    33       521      
 4682.03 75      22150    -8365.17   -8364.54   0.629601    33       521      
 4682.32 75      22200    -8365.17   -8364.54   0.629601    33       521      
 4708.89 76      22250    -8365.17   -8364.54   0.629601    33       528      
 4709.73 76      22395    -8365.15   -8364.55   0.608588    33       528      
 4709.87 76      22396    -8365.15   -8364.55   0.608588    33       528      
 4712.18 76      22400    -8365.15   -8364.55   0.608588    33       529      
 4712.48 76      22450    -8365.15   -8364.55   0.608588    33       529      
 4712.77 76      22500    -8365.15   -8364.55   0.608588    33       529      
 4753.15 77      22683    -8365.13   -8364.55   0.584435    33       539      
 4753.3  77      22684    -8365.13   -8364.55   0.584435    33       539      
 4753.45 77      22685    -8365.13   -8364.55   0.584435    34       539      
 4753.65 77      22700    -8365.13   -8364.55   0.584435    34       539      
 4753.95 77      22750    -8365.13   -8364.55   0.584435    34       539      
 4754.26 77      22800    -8365.13   -8364.55   0.584435    34       539      
 4774.67 78      22973    -8365.12   -8364.55   0.573118    32       544      
 4774.81 78      22974    -8365.12   -8364.55   0.573118    32       544      
 4777.31 78      22975    -8365.12   -8364.55   0.573118    33       545      
 4777.56 78      23000    -8365.12   -8364.55   0.573118    33       545      
 4777.86 78      23050    -8365.12   -8364.55   0.573118    33       545      
 4778.2  78      23100    -8365.12   -8364.55   0.573118    32       545      
 4815.52 79      23257    -8365.09   -8364.55   0.539897    31       554      
 4819.12 79      23258    -8365.09   -8364.55   0.539897    31       555      
 4822.85 79      23259    -8365.09   -8364.55   0.539897    31       556      
 4825.48 79      23300    -8365.09   -8364.55   0.539897    31       557      
 4825.78 79      23350    -8365.09   -8364.55   0.539897    31       557      
 4834.67 79      23400    -8365.09   -8364.55   0.539897    31       559      
 4835.57 80      23547    -8365.08   -8364.55   0.532226    31       559      
 4839.06 80      23548    -8365.08   -8364.55   0.532226    31       560      
 4845.35 80      23550    -8365.08   -8364.55   0.532226    31       562      
 4845.68 80      23600    -8365.08   -8364.55   0.532226    31       562      
 4846    80      23650    -8365.08   -8364.55   0.532226    31       562      
 4877.83 81      23833    -8365.06   -8364.55   0.511026    31       570      
 4877.98 81      23834    -8365.06   -8364.55   0.511026    32       570      
 4878.14 81      23835    -8365.06   -8364.55   0.511026    32       570      
 4878.36 81      23850    -8365.06   -8364.55   0.511026    32       570      
 4878.68 81      23900    -8365.06   -8364.55   0.511026    32       570      
 4879    81      23950    -8365.06   -8364.55   0.511026    32       570      
 4884.07 82      24123    -8365.06   -8364.55   0.505889    31       571      
 4888.34 82      24124    -8365.06   -8364.55   0.505889    32       572      
 4891.57 82      24125    -8365.06   -8364.55   0.505889    32       573      
 4891.82 82      24150    -8365.06   -8364.55   0.505889    32       573      
 4892.12 82      24200    -8365.06   -8364.55   0.505889    32       573      
 4892.42 82      24250    -8365.06   -8364.55   0.505889    32       573      
 4914.4  83      24409    -8365.04   -8364.55   0.492859    31       578      
 4914.55 83      24410    -8365.04   -8364.55   0.492859    31       578      
 4914.7  83      24411    -8365.04   -8364.55   0.492859    31       578      
 4914.97 83      24450    -8365.04   -8364.55   0.492859    31       578      
 4915.27 83      24500    -8365.04   -8364.55   0.492859    31       578      
 4931.67 83      24550    -8365.04   -8364.55   0.492859    31       582      
 4939.5  84      24695    -8365.03   -8364.55   0.477862    32       583      
 4939.65 84      24696    -8365.03   -8364.55   0.477862    33       583      
 4939.82 84      24700    -8365.03   -8364.55   0.477862    33       583      
 4940.12 84      24750    -8365.03   -8364.55   0.477862    33       583      
 4940.43 84      24800    -8365.03   -8364.55   0.477862    33       583      
 4982.76 85      24979    -8365.01   -8364.55   0.457939    33       594      
 4986.92 85      24980    -8365.01   -8364.55   0.457939    33       595      
 4989.61 85      24981    -8365.01   -8364.55   0.457939    33       596      
 4989.85 85      25000    -8365.01   -8364.55   0.457939    33       596      
 4990.17 85      25050    -8365.01   -8364.55   0.457939    33       596      
 4990.49 85      25100    -8365.01   -8364.55   0.457939    33       596      
 5017.04 86      25265    -8365      -8364.55   0.448702    33       602      
 5017.21 86      25266    -8365      -8364.55   0.448702    33       602      
 5020.18 86      25267    -8365      -8364.55   0.448702    33       603      
 5020.49 86      25300    -8365      -8364.55   0.448702    33       603      
 5020.82 86      25350    -8365      -8364.55   0.448702    33       603      
 5029.13 86      25400    -8365      -8364.55   0.448702    32       605      
 5056.61 87      25551    -8364.99   -8364.55   0.43481     32       611      
 5060.95 87      25552    -8364.99   -8364.55   0.43481     32       612      
 5061.15 87      25553    -8364.99   -8364.55   0.43481     32       612      
 5061.47 87      25600    -8364.99   -8364.55   0.43481     32       612      
 5061.8  87      25650    -8364.99   -8364.55   0.43481     32       612      
 5122.7  88      25837    -8364.97   -8364.56   0.417806    34       627      
 5122.86 88      25838    -8364.97   -8364.56   0.417806    34       627      
 5126.89 88      25839    -8364.97   -8364.56   0.417806    34       628      
 5129.51 88      25850    -8364.97   -8364.56   0.417806    34       629      
 5129.84 88      25900    -8364.97   -8364.56   0.417806    34       629      
 5130.16 88      25950    -8364.97   -8364.56   0.417806    34       629      
 5155.39 89      26123    -8364.96   -8364.56   0.407292    36       634      
 5160.13 89      26124    -8364.96   -8364.56   0.407292    35       635      
 5163.7  89      26125    -8364.96   -8364.56   0.407292    35       636      
 5163.99 89      26150    -8364.96   -8364.56   0.407292    35       636      
 5164.37 89      26200    -8364.96   -8364.56   0.407292    35       636      
 5164.72 89      26250    -8364.96   -8364.56   0.407292    35       636      
 5198.61 90      26405    -8364.95   -8364.56   0.394747    35       644      
 5202.89 90      26406    -8364.95   -8364.56   0.394747    35       645      
 5205.79 90      26407    -8364.95   -8364.56   0.394747    35       646      
 5206.13 90      26450    -8364.95   -8364.56   0.394747    35       646      
 5206.47 90      26500    -8364.95   -8364.56   0.394747    35       646      
 5232.85 91      26689    -8364.94   -8364.56   0.384743    37       652      
 5237.41 91      26690    -8364.94   -8364.56   0.384743    36       653      
 5240.62 91      26691    -8364.94   -8364.56   0.384743    36       654      
 5240.85 91      26700    -8364.94   -8364.56   0.384743    36       654      
 5241.19 91      26750    -8364.94   -8364.56   0.384743    36       654      
 5241.53 91      26800    -8364.94   -8364.56   0.384743    36       654      
 5278.8  92      26971    -8364.93   -8364.56   0.37381     36       663      
 5278.97 92      26972    -8364.93   -8364.56   0.37381     36       663      
 5279.15 92      26973    -8364.93   -8364.56   0.37381     36       663      
 5279.41 92      27000    -8364.93   -8364.56   0.37381     36       663      
 5279.76 92      27050    -8364.93   -8364.56   0.37381     36       663      
 5280.11 92      27100    -8364.93   -8364.56   0.37381     36       663      
 5301.8  93      27255    -8364.93   -8364.56   0.367571    36       668      
 5306.24 93      27256    -8364.93   -8364.56   0.367571    36       669      
 5309.22 93      27257    -8364.93   -8364.56   0.367571    36       670      
 5309.58 93      27300    -8364.93   -8364.56   0.367571    36       670      
 5309.92 93      27350    -8364.93   -8364.56   0.367571    36       670      
 5347.6  94      27535    -8364.91   -8364.56   0.352043    36       678      
 5347.77 94      27536    -8364.91   -8364.56   0.352043    36       678      
 5350.61 94      27537    -8364.91   -8364.56   0.352043    36       679      
 5350.86 94      27550    -8364.91   -8364.56   0.352043    36       679      
 5351.21 94      27600    -8364.91   -8364.56   0.352043    36       679      
 5351.57 94      27650    -8364.91   -8364.56   0.352043    36       679      
 5397.63 95      27817    -8364.9    -8364.56   0.339477    36       689      
 5402.25 95      27818    -8364.9    -8364.56   0.339477    36       690      
 5405.65 95      27819    -8364.9    -8364.56   0.339477    36       691      
 5405.98 95      27850    -8364.9    -8364.56   0.339477    36       691      
 5406.37 95      27900    -8364.9    -8364.56   0.339477    36       691      
 5420.99 95      27950    -8364.9    -8364.56   0.339477    36       695      
 5431.14 96      28101    -8364.9    -8364.57   0.330684    36       697      
 5431.33 96      28102    -8364.9    -8364.57   0.330684    36       697      
 5434.35 96      28103    -8364.9    -8364.57   0.330684    36       698      
 5434.74 96      28150    -8364.9    -8364.57   0.330684    36       698      
 5435.1  96      28200    -8364.9    -8364.57   0.330684    36       698      
 5506.88 97      28385    -8364.89   -8364.57   0.320574    39       712      
 5511.42 97      28386    -8364.89   -8364.57   0.320574    39       713      
 5514.66 97      28387    -8364.89   -8364.57   0.320574    39       714      
 5514.93 97      28400    -8364.89   -8364.57   0.320574    39       714      
 5515.32 97      28450    -8364.89   -8364.57   0.320574    39       714      
 5515.71 97      28500    -8364.89   -8364.57   0.320574    39       714      
 5560.48 98      28669    -8364.88   -8364.57   0.310584    38       724      
 5560.67 98      28670    -8364.88   -8364.57   0.310584    38       724      
 5563.85 98      28671    -8364.88   -8364.57   0.310584    38       725      
 5564.19 98      28700    -8364.88   -8364.57   0.310584    38       725      
 5564.57 98      28750    -8364.88   -8364.57   0.310584    38       725      
 5564.95 98      28800    -8364.88   -8364.57   0.310584    38       725      
 5592.98 99      28953    -8364.87   -8364.57   0.303893    37       731      
 5593.18 99      28954    -8364.87   -8364.57   0.303893    38       731      
 5596.46 99      28955    -8364.87   -8364.57   0.303893    38       732      
 5596.85 99      29000    -8364.87   -8364.57   0.303893    38       732      
 5597.24 99      29050    -8364.87   -8364.57   0.303893    38       732      
 5625.94 100     29237    -8364.87   -8364.57   0.297171    37       738      
 5631.26 100     29238    -8364.87   -8364.57   0.297171    38       739      
 5635.24 100     29239    -8364.87   -8364.57   0.297171    38       740      
 5635.51 100     29250    -8364.87   -8364.57   0.297171    38       740      
 5635.9  100     29300    -8364.87   -8364.57   0.297171    38       740      
 5636.3  100     29350    -8364.87   -8364.57   0.297171    38       740      
 5682.76 101     29521    -8364.86   -8364.57   0.287716    38       749      
 5688.48 101     29522    -8364.86   -8364.57   0.287716    38       750      
 5692.27 101     29523    -8364.86   -8364.57   0.287716    38       751      
 5692.6  101     29550    -8364.86   -8364.57   0.287716    38       751      
 5693    101     29600    -8364.86   -8364.57   0.287716    38       751      
 5693.39 101     29650    -8364.86   -8364.57   0.287716    38       751      
 5729.73 102     29807    -8364.86   -8364.57   0.281051    37       758      
 5735.22 102     29808    -8364.86   -8364.57   0.281051    38       759      
 5739.04 102     29809    -8364.86   -8364.57   0.281051    38       760      
 5739.47 102     29850    -8364.86   -8364.57   0.281051    38       760      
 5739.9  102     29900    -8364.86   -8364.57   0.281051    38       760      
 5769.8  103     29950    -8364.86   -8364.57   0.281051    37       766      
 5770.91 103     30093    -8364.85   -8364.58   0.274731    38       766      
 5775.68 103     30094    -8364.85   -8364.58   0.274731    38       767      
 5780.64 103     30100    -8364.85   -8364.58   0.274731    38       768      
 5781.07 103     30150    -8364.85   -8364.58   0.274731    38       768      
 5781.51 103     30200    -8364.85   -8364.58   0.274731    38       768      
 5814.45 104     30379    -8364.84   -8364.58   0.268384    38       775      
 5819.16 104     30380    -8364.84   -8364.58   0.268384    38       776      
 5824.56 104     30381    -8364.84   -8364.58   0.268384    39       777      
 5828.09 104     30400    -8364.84   -8364.58   0.268384    39       778      
 5828.54 104     30450    -8364.84   -8364.58   0.268384    39       778      
 5829    104     30500    -8364.84   -8364.58   0.268384    39       778      
 5868.06 105     30667    -8364.84   -8364.58   0.264288    39       785      
 5874.06 105     30668    -8364.84   -8364.58   0.264288    39       786      
 5877.86 105     30669    -8364.84   -8364.58   0.264288    39       787      
 5878.25 105     30700    -8364.84   -8364.58   0.264288    39       787      
 5878.71 105     30750    -8364.84   -8364.58   0.264288    39       787      
 5914.38 105     30800    -8364.84   -8364.58   0.264288    38       794      
 5958.93 106     30955    -8364.83   -8364.58   0.25704     40       803      
 5959.16 106     30956    -8364.83   -8364.58   0.25704     40       803      
 5964.99 106     30957    -8364.83   -8364.58   0.25704     39       804      
 5969.16 106     31000    -8364.83   -8364.58   0.25704     39       805      
 5969.62 106     31050    -8364.83   -8364.58   0.25704     39       805      
 6016.46 107     31243    -8364.83   -8364.58   0.250349    39       814      
 6021.15 107     31244    -8364.83   -8364.58   0.250349    40       815      
 6026.67 107     31245    -8364.83   -8364.58   0.250349    39       816      
 6030.37 107     31250    -8364.83   -8364.58   0.250349    39       817      
 6030.82 107     31300    -8364.83   -8364.58   0.250349    39       817      
 6031.26 107     31350    -8364.83   -8364.58   0.250349    39       817      
 6072.27 108     31533    -8364.83   -8364.58   0.246688    39       825      
 6072.51 108     31534    -8364.83   -8364.58   0.246688    39       825      
 6076.57 108     31535    -8364.83   -8364.58   0.246688    39       826      
 6076.92 108     31550    -8364.83   -8364.58   0.246688    39       826      
 6077.38 108     31600    -8364.83   -8364.58   0.246688    39       826      
 6077.85 108     31650    -8364.83   -8364.58   0.246688    39       826      
 6139.26 109     31821    -8364.82   -8364.58   0.239965    38       837      
 6144.82 109     31822    -8364.82   -8364.58   0.239965    39       838      
 6148.67 109     31823    -8364.82   -8364.58   0.239965    39       839      
 6149.1  109     31850    -8364.82   -8364.58   0.239965    39       839      
 6149.59 109     31900    -8364.82   -8364.58   0.239965    39       839      
 6150.08 109     31950    -8364.82   -8364.58   0.239965    39       839      
 6189.12 110     32109    -8364.81   -8364.58   0.234742    39       846      
 6189.38 110     32110    -8364.81   -8364.58   0.234742    39       846      
 6193.98 110     32111    -8364.81   -8364.58   0.234742    39       847      
 6194.45 110     32150    -8364.81   -8364.58   0.234742    39       847      
 6194.94 110     32200    -8364.81   -8364.58   0.234742    39       847      
 6239.45 110     32250    -8364.81   -8364.58   0.234742    39       855      
 6256.6  111     32397    -8364.81   -8364.58   0.228538    39       857      
 6256.84 111     32398    -8364.81   -8364.58   0.228538    39       857      
 6260.63 111     32400    -8364.81   -8364.58   0.228538    39       858      
 6261.09 111     32450    -8364.81   -8364.58   0.228538    39       858      
 6261.56 111     32500    -8364.81   -8364.58   0.228538    39       858      
 6299.91 112     32685    -8364.81   -8364.58   0.225156    38       865      
 6300.16 112     32686    -8364.81   -8364.58   0.225156    38       865      
 6300.41 112     32687    -8364.81   -8364.58   0.225156    39       865      
 6300.72 112     32700    -8364.81   -8364.58   0.225156    39       865      
 6301.19 112     32750    -8364.81   -8364.58   0.225156    39       865      
 6301.66 112     32800    -8364.81   -8364.58   0.225156    39       865      
 6343.19 113     32973    -8364.8    -8364.58   0.222385    39       872      
 6350.11 113     32974    -8364.8    -8364.58   0.222385    40       873      
 6354.31 113     32975    -8364.8    -8364.58   0.222385    40       874      
 6354.72 113     33000    -8364.8    -8364.58   0.222385    40       874      
 6355.19 113     33050    -8364.8    -8364.58   0.222385    40       874      
 6355.67 113     33100    -8364.8    -8364.58   0.222385    40       874      
 6380.29 114     33261    -8364.8    -8364.58   0.219028    39       878      
 6386.66 114     33262    -8364.8    -8364.58   0.219028    39       879      
 6391.41 114     33263    -8364.8    -8364.58   0.219028    39       880      
 6396.59 114     33300    -8364.8    -8364.58   0.219028    39       881      
 6397.07 114     33350    -8364.8    -8364.58   0.219028    39       881      
 6415.03 114     33400    -8364.8    -8364.58   0.219028    40       884      
 6437.02 115     33549    -8364.79   -8364.58   0.212025    40       888      
 6443.4  115     33550    -8364.79   -8364.58   0.212025    40       889      
 6447.73 115     33551    -8364.79   -8364.58   0.212025    40       890      
 6448.26 115     33600    -8364.79   -8364.58   0.212025    40       890      
 6448.75 115     33650    -8364.79   -8364.58   0.212025    40       890      
 6472.03 116     33837    -8364.79   -8364.58   0.208787    39       894      
 6477.67 116     33838    -8364.79   -8364.58   0.208787    39       895      
 6484.07 116     33839    -8364.79   -8364.58   0.208787    39       896      
 6488.21 116     33850    -8364.79   -8364.58   0.208787    39       897      
 6488.7  116     33900    -8364.79   -8364.58   0.208787    39       897      
 6489.2  116     33950    -8364.79   -8364.58   0.208787    39       897      
 6580.08 117     34123    -8364.78   -8364.58   0.202253    39       914      
 6586.79 117     34124    -8364.78   -8364.58   0.202253    39       915      
 6587.09 117     34125    -8364.78   -8364.58   0.202253    39       915      
 6587.47 117     34150    -8364.78   -8364.58   0.202253    39       915      
 6587.96 117     34200    -8364.78   -8364.58   0.202253    39       915      
 6588.47 117     34250    -8364.78   -8364.58   0.202253    39       915      
 6656.42 118     34409    -8364.78   -8364.58   0.197089    40       927      
 6656.7  118     34410    -8364.78   -8364.58   0.197089    40       927      
 6656.97 118     34411    -8364.78   -8364.58   0.197089    40       927      
 6657.43 118     34450    -8364.78   -8364.58   0.197089    40       927      
 6657.96 118     34500    -8364.78   -8364.58   0.197089    40       927      
 6693.86 118     34550    -8364.78   -8364.58   0.197089    39       934      
 6704.1  119     34695    -8364.78   -8364.58   0.193629    39       935      
 6709.97 119     34696    -8364.78   -8364.58   0.193629    39       936      
 6714.12 119     34700    -8364.78   -8364.58   0.193629    39       937      
 6714.63 119     34750    -8364.78   -8364.58   0.193629    39       937      
 6715.14 119     34800    -8364.78   -8364.58   0.193629    39       937      
 6775.03 120     34983    -8364.77   -8364.58   0.191227    38       946      
 6781.57 120     34984    -8364.77   -8364.58   0.191227    39       947      
 6786.31 120     34985    -8364.77   -8364.58   0.191227    39       948      
 6786.71 120     35000    -8364.77   -8364.58   0.191227    39       948      
 6787.23 120     35050    -8364.77   -8364.58   0.191227    39       948      
 6787.74 120     35100    -8364.77   -8364.58   0.191227    39       948      
 6855.31 121     35269    -8364.77   -8364.58   0.186467    39       958      
 6855.58 121     35270    -8364.77   -8364.58   0.186467    40       958      
 6855.85 121     35271    -8364.77   -8364.58   0.186467    40       958      
 6856.28 121     35300    -8364.77   -8364.58   0.186467    40       958      
 6856.77 121     35350    -8364.77   -8364.58   0.186467    40       958      
 6905.25 121     35400    -8364.77   -8364.58   0.186467    39       967      
 6945.12 122     35551    -8364.76   -8364.58   0.177779    39       974      
 6945.4  122     35552    -8364.76   -8364.58   0.177779    39       974      
 6949.53 122     35553    -8364.76   -8364.58   0.177779    40       975      
 6950.08 122     35600    -8364.76   -8364.58   0.177779    40       975      
 6950.6  122     35650    -8364.76   -8364.58   0.177779    40       975      
 6998.2  123     35835    -8364.76   -8364.58   0.172625    39       983      
 7003.99 123     35836    -8364.76   -8364.58   0.172625    39       984      
 7010.21 123     35837    -8364.76   -8364.58   0.172625    38       985      
 7014.65 123     35850    -8364.76   -8364.58   0.172625    39       986      
 7015.2  123     35900    -8364.76   -8364.58   0.172625    39       986      
 7015.74 123     35950    -8364.76   -8364.58   0.172625    39       986      
 7061.56 124     36121    -8364.76   -8364.58   0.170176    40       994      
 7069.04 124     36122    -8364.76   -8364.58   0.170176    39       995      
 7069.39 124     36123    -8364.76   -8364.58   0.170176    39       995      
 7078.35 124     36150    -8364.76   -8364.58   0.170176    40       997      
 7078.91 124     36200    -8364.76   -8364.58   0.170176    40       997      
 7079.45 124     36250    -8364.76   -8364.58   0.170176    40       997      
 7127.53 125     36407    -8364.75   -8364.59   0.168083    38       1004     
 7134.13 125     36408    -8364.75   -8364.59   0.168083    38       1005     
 7138.57 125     36409    -8364.75   -8364.59   0.168083    38       1006     
 7139.12 125     36450    -8364.75   -8364.59   0.168083    38       1006     
 7139.65 125     36500    -8364.75   -8364.59   0.168083    38       1006     
 7177.26 126     36691    -8364.75   -8364.59   0.166064    39       1012     
 7177.56 126     36692    -8364.75   -8364.59   0.166064    39       1012     
 7182.47 126     36693    -8364.75   -8364.59   0.166064    39       1013     
 7182.87 126     36700    -8364.75   -8364.59   0.166064    40       1013     
 7183.43 126     36750    -8364.75   -8364.59   0.166064    40       1013     
 7183.99 126     36800    -8364.75   -8364.59   0.166064    40       1013     
 7255.27 127     36973    -8364.75   -8364.59   0.160194    40       1024     
 7262.07 127     36974    -8364.75   -8364.59   0.160194    40       1025     
 7266.32 127     36975    -8364.75   -8364.59   0.160194    40       1026     
 7266.83 127     37000    -8364.75   -8364.59   0.160194    40       1026     
 7267.41 127     37050    -8364.75   -8364.59   0.160194    40       1026     
 7267.98 127     37100    -8364.75   -8364.59   0.160194    40       1026     
 7332.31 128     37255    -8364.74   -8364.59   0.156494    39       1036     
 7332.61 128     37256    -8364.74   -8364.59   0.156494    40       1036     
 7332.92 128     37257    -8364.74   -8364.59   0.156494    40       1036     
 7337.7  128     37300    -8364.74   -8364.59   0.156494    40       1037     
 7338.26 128     37350    -8364.74   -8364.59   0.156494    40       1037     
 7402.06 129     37537    -8364.74   -8364.59   0.152138    40       1046     
 7409.68 129     37538    -8364.74   -8364.59   0.152138    40       1047     
 7414.67 129     37539    -8364.74   -8364.59   0.152138    40       1048     
 7415.09 129     37550    -8364.74   -8364.59   0.152138    40       1048     
 7415.65 129     37600    -8364.74   -8364.59   0.152138    40       1048     
 7416.23 129     37650    -8364.74   -8364.59   0.152138    40       1048     
 7459.29 130     37819    -8364.74   -8364.59   0.148724    40       1055     
 7467.01 130     37820    -8364.74   -8364.59   0.148724    40       1056     
 7471.94 130     37821    -8364.74   -8364.59   0.148724    40       1057     
 7472.45 130     37850    -8364.74   -8364.59   0.148724    40       1057     
 7473.03 130     37900    -8364.74   -8364.59   0.148724    40       1057     
 7498.41 130     37950    -8364.74   -8364.59   0.148724    40       1061     
 7548.15 131     38099    -8364.73   -8364.59   0.144081    38       1068     
 7555.66 131     38100    -8364.73   -8364.59   0.144081    38       1069     
 7561.19 131     38101    -8364.73   -8364.59   0.144081    38       1070     
 7561.84 131     38150    -8364.73   -8364.59   0.144081    38       1070     
 7562.43 131     38200    -8364.73   -8364.59   0.144081    38       1070     
 7616.57 132     38379    -8364.73   -8364.59   0.140987    41       1078     
 7623.03 132     38380    -8364.73   -8364.59   0.140987    41       1079     
 7623.42 132     38381    -8364.73   -8364.59   0.140987    41       1079     
 7623.85 132     38400    -8364.73   -8364.59   0.140987    41       1079     
 7624.46 132     38450    -8364.73   -8364.59   0.140987    41       1079     
 7625.08 132     38500    -8364.73   -8364.59   0.140987    41       1079     
 7704.52 133     38659    -8364.72   -8364.59   0.137241    40       1090     
 7712.46 133     38660    -8364.72   -8364.59   0.137241    41       1091     
 7718.53 133     38661    -8364.72   -8364.59   0.137241    41       1092     
 7719.17 133     38700    -8364.72   -8364.59   0.137241    41       1092     
 7719.79 133     38750    -8364.72   -8364.59   0.137241    41       1092     
 7769.6  134     38939    -8364.72   -8364.59   0.134804    41       1099     
 7776.58 134     38940    -8364.72   -8364.59   0.134804    41       1100     
 7776.98 134     38941    -8364.72   -8364.59   0.134804    41       1100     
 7777.36 134     38950    -8364.72   -8364.59   0.134804    41       1100     
 7778    134     39000    -8364.72   -8364.59   0.134804    41       1100     
 7778.65 134     39050    -8364.72   -8364.59   0.134804    41       1100     
 7816.62 135     39219    -8364.72   -8364.59   0.132985    40       1106     
 7824.97 135     39220    -8364.72   -8364.59   0.132985    40       1107     
 7825.38 135     39221    -8364.72   -8364.59   0.132985    40       1107     
 7825.89 135     39250    -8364.72   -8364.59   0.132985    40       1107     
 7826.55 135     39300    -8364.72   -8364.59   0.132985    40       1107     
 7827.19 135     39350    -8364.72   -8364.59   0.132985    40       1107     
 7889.55 136     39499    -8364.72   -8364.59   0.130679    39       1115     
 7898.24 136     39500    -8364.72   -8364.59   0.130679    39       1116     
 7898.67 136     39501    -8364.72   -8364.59   0.130679    39       1116     
 7899.31 136     39550    -8364.72   -8364.59   0.130679    39       1116     
 7899.95 136     39600    -8364.72   -8364.59   0.130679    39       1116     
 7959.28 137     39781    -8364.72   -8364.59   0.127591    39       1124     
 7967.28 137     39782    -8364.72   -8364.59   0.127591    39       1125     
 7967.71 137     39783    -8364.72   -8364.59   0.127591    39       1125     
 7968.19 137     39800    -8364.72   -8364.59   0.127591    39       1125     
 7968.87 137     39850    -8364.72   -8364.59   0.127591    39       1125     
 7969.57 137     39900    -8364.72   -8364.59   0.127591    39       1125     
 8043.45 138     40059    -8364.71   -8364.59   0.123974    40       1135     
 8052.17 138     40060    -8364.71   -8364.59   0.123974    41       1136     
 8058.59 138     40061    -8364.71   -8364.59   0.123974    41       1137     
 8070.16 138     40100    -8364.71   -8364.59   0.123974    42       1139     
 8070.86 138     40150    -8364.71   -8364.59   0.123974    42       1139     
 8144.25 139     40337    -8364.71   -8364.59   0.12078     41       1149     
 8153.34 139     40338    -8364.71   -8364.59   0.12078     42       1150     
 8159.29 139     40339    -8364.71   -8364.59   0.12078     42       1151     
 8159.8  139     40350    -8364.71   -8364.59   0.12078     42       1151     
 8160.49 139     40400    -8364.71   -8364.59   0.12078     42       1151     
 8161.18 139     40450    -8364.71   -8364.59   0.12078     42       1151     
 8230.13 140     40615    -8364.71   -8364.59   0.118866    42       1159     
 8237.92 140     40616    -8364.71   -8364.59   0.118866    42       1160     
 8243.53 140     40617    -8364.71   -8364.59   0.118866    42       1161     
 8244.15 140     40650    -8364.71   -8364.59   0.118866    42       1161     
 8244.83 140     40700    -8364.71   -8364.59   0.118866    42       1161     
 8341.78 140     40750    -8364.71   -8364.59   0.118866    43       1176     
 8351.62 141     40889    -8364.71   -8364.59   0.115342    43       1177     
 8359.72 141     40890    -8364.71   -8364.59   0.115342    43       1178     
 8367.4  141     40900    -8364.71   -8364.59   0.115342    43       1179     
 8368.17 141     40950    -8364.71   -8364.59   0.115342    43       1179     
 8368.91 141     41000    -8364.71   -8364.59   0.115342    43       1179     
 8438.25 142     41161    -8364.7    -8364.59   0.112349    42       1188     
 8447.36 142     41162    -8364.7    -8364.59   0.112349    42       1189     
 8453.1  142     41163    -8364.7    -8364.59   0.112349    42       1190     
 8453.85 142     41200    -8364.7    -8364.59   0.112349    42       1190     
 8454.65 142     41250    -8364.7    -8364.59   0.112349    42       1190     
 8520.87 143     41433    -8364.7    -8364.59   0.109713    42       1199     
 8528.48 143     41434    -8364.7    -8364.59   0.109713    42       1200     
 8534.05 143     41435    -8364.7    -8364.59   0.109713    42       1201     
 8534.58 143     41450    -8364.7    -8364.59   0.109713    42       1201     
 8535.27 143     41500    -8364.7    -8364.59   0.109713    42       1201     
 8535.96 143     41550    -8364.7    -8364.59   0.109713    42       1201     
 8611.35 144     41705    -8364.7    -8364.59   0.107278    42       1212     
 8620.41 144     41706    -8364.7    -8364.59   0.107278    41       1213     
 8625.63 144     41707    -8364.7    -8364.59   0.107278    41       1214     
 8724.87 144     41750    -8364.7    -8364.59   0.107278    43       1232     
 8725.54 144     41800    -8364.7    -8364.59   0.107278    43       1232     
 8786.59 145     41977    -8364.7    -8364.59   0.104875    42       1241     
 8794.59 145     41978    -8364.7    -8364.59   0.104875    42       1242     
 8800.76 145     41979    -8364.7    -8364.59   0.104875    42       1243     
 8801.3  145     42000    -8364.7    -8364.59   0.104875    42       1243     
 8801.97 145     42050    -8364.7    -8364.59   0.104875    42       1243     
 8802.65 145     42100    -8364.7    -8364.59   0.104875    42       1243     
 8871.19 146     42247    -8364.69   -8364.59   0.102077    43       1252     
 8880.3  146     42248    -8364.69   -8364.59   0.102077    43       1253     
 8886.02 146     42250    -8364.69   -8364.59   0.102077    43       1254     
 8886.7  146     42300    -8364.69   -8364.59   0.102077    43       1254     
 8887.37 146     42350    -8364.69   -8364.59   0.102077    43       1254     
 8979.53 147     42517    -8364.69   -8364.59   0.0991599   43       1267     
 8988.14 147     42518    -8364.69   -8364.59   0.0991599   43       1268     
 8993.57 147     42519    -8364.69   -8364.59   0.0991599   43       1269     
 8994.2  147     42550    -8364.69   -8364.59   0.0991599   43       1269     
 8994.89 147     42600    -8364.69   -8364.59   0.0991599   43       1269     
 9041.99 147     42650    -8364.69   -8364.59   0.0991599   43       1276     
 9053.79 148     42787    -8364.69   -8364.59   0.0972429   42       1277     
 9063.11 148     42788    -8364.69   -8364.59   0.0972429   43       1278     
 9069.23 148     42800    -8364.69   -8364.59   0.0972429   43       1279     
 9069.99 148     42850    -8364.69   -8364.59   0.0972429   43       1279     
 9070.75 148     42900    -8364.69   -8364.59   0.0972429   43       1279     
 9150.27 149     43057    -8364.69   -8364.59   0.0948988   41       1290     
 9158.96 149     43058    -8364.69   -8364.59   0.0948988   42       1291     
 9165.12 149     43059    -8364.69   -8364.59   0.0948988   42       1292     
 9191.53 149     43100    -8364.69   -8364.59   0.0948988   43       1296     
 9192.28 149     43150    -8364.69   -8364.59   0.0948988   43       1296     
 9279.72 150     43325    -8364.68   -8364.59   0.0921614   43       1308     
 9289.17 150     43326    -8364.68   -8364.59   0.0921614   44       1309     
 9289.64 150     43327    -8364.68   -8364.59   0.0921614   44       1309     
 9367.18 150     43350    -8364.68   -8364.59   0.0921614   45       1322     
 9477.45 150     43400    -8364.68   -8364.59   0.0921614   45       1338     
 9657.11 150     43450    -8364.68   -8364.59   0.0921614   43       1363     
 9694.71 151     43587    -8364.68   -8364.59   0.0885933   43       1367     
 9703.45 151     43588    -8364.68   -8364.59   0.0885933   43       1368     
 9710.33 151     43600    -8364.68   -8364.59   0.0885933   43       1369     
 9711.14 151     43650    -8364.68   -8364.59   0.0885933   43       1369     
 9711.98 151     43700    -8364.68   -8364.59   0.0885933   43       1369     
 9773.04 152     43849    -8364.68   -8364.59   0.0870772   41       1377     
 9773.43 152     43850    -8364.68   -8364.59   0.0870772   42       1377     
 9779.32 152     43851    -8364.68   -8364.59   0.0870772   42       1378     
 9780.24 152     43900    -8364.68   -8364.59   0.0870772   42       1378     
 9781.06 152     43950    -8364.68   -8364.59   0.0870772   42       1378     
 9879.41 153     44111    -8364.68   -8364.59   0.0851714   43       1390     
 9888.48 153     44112    -8364.68   -8364.59   0.0851714   43       1391     
 9895.3  153     44113    -8364.68   -8364.59   0.0851714   43       1392     
 9896.14 153     44150    -8364.68   -8364.59   0.0851714   43       1392     
 9896.98 153     44200    -8364.68   -8364.59   0.0851714   43       1392     
 9953.98 154     44371    -8364.68   -8364.59   0.0838999   44       1398     
 9963.55 154     44372    -8364.68   -8364.59   0.0838999   44       1399     
 9964.08 154     44373    -8364.68   -8364.59   0.0838999   44       1399     
 9982.69 154     44400    -8364.68   -8364.59   0.0838999   45       1402     
 9983.55 154     44450    -8364.68   -8364.59   0.0838999   45       1402     
 10161.9 155     44625    -8364.68   -8364.59   0.0806335   44       1426     
-------------------------------------------------------------------------------

SARSOP finishing ...
  Preset timeout reached
  Timeout     : 10000.000000s
  Actual Time : 10161.890000s

-------------------------------------------------------------------------------
 Time   |#Trial |#Backup |LBound    |UBound    |Precision  |#Alphas |#Beliefs  
-------------------------------------------------------------------------------
 10161.9 155     44625    -8364.68   -8364.59   0.0806335   44       1426     
-------------------------------------------------------------------------------

Writing out policy ...
  output file : RAM4_small/392d6320a2.policyx

