
Loading the model ...
  input file   : /home/rstudio/RAM4_small/395e6d6521.pomdpx
  loading time : 4.56s 

SARSOP initializing ...
  initialization time : 5360.33s

-------------------------------------------------------------------------------
 Time   |#Trial |#Backup |LBound    |UBound    |Precision  |#Alphas |#Beliefs  
-------------------------------------------------------------------------------
 5360.33 0       0        -1878.25   -191.314   1686.94     101      1        
 5360.73 0       50       -1876.82   -1871.46   5.3556      40       12       
 5361.65 1       131      -1875.13   -1871.46   3.66607     59       25       
 5361.68 1       150      -1875.13   -1871.46   3.66607     76       25       
 5362.09 2       263      -1874.19   -1871.46   2.72478     56       30       
 5362.09 2       264      -1874.19   -1871.46   2.72478     57       30       
 5362.14 2       300      -1874.19   -1871.46   2.72478     76       30       
 5362.49 3       403      -1873.68   -1871.46   2.21645     37       37       
 5362.49 3       404      -1873.68   -1871.46   2.21645     38       37       
 5362.54 3       450      -1873.68   -1871.46   2.21645     50       37       
 5362.77 4       557      -1873.54   -1871.46   2.0728      78       40       
 5362.77 4       558      -1873.54   -1871.46   2.0728      79       40       
 5362.83 4       600      -1873.54   -1871.46   2.0728      100      40       
 5363.16 5       709      -1873.37   -1871.46   1.90579     55       44       
 5363.16 5       710      -1873.37   -1871.46   1.90579     56       44       
 5363.21 5       750      -1873.37   -1871.46   1.90579     66       44       
 5363.49 6       861      -1873.07   -1871.46   1.60346     43       48       
 5363.5  6       862      -1873.07   -1871.46   1.60346     44       48       
 5363.81 6       900      -1873.07   -1871.46   1.60346     60       57       
 5364.27 7       1027     -1872.98   -1871.46   1.52055     74       61       
 5364.27 7       1028     -1872.98   -1871.46   1.52055     75       61       
 5364.31 7       1050     -1872.98   -1871.46   1.52055     92       61       
 5364.39 7       1100     -1872.98   -1871.46   1.52055     98       61       
 5364.78 8       1193     -1872.91   -1871.46   1.45177     73       64       
 5364.81 8       1200     -1872.91   -1871.46   1.45177     80       64       
 5364.89 8       1250     -1872.91   -1871.46   1.45177     92       64       
 5365.28 9       1355     -1872.82   -1871.46   1.36001     59       67       
 5365.29 9       1356     -1872.82   -1871.46   1.36001     60       67       
 5365.35 9       1400     -1872.82   -1871.46   1.36001     47       67       
 5365.67 10      1519     -1872.76   -1871.46   1.29901     62       71       
 5365.67 10      1520     -1872.76   -1871.46   1.29901     63       71       
 5365.72 10      1550     -1872.76   -1871.46   1.29901     75       71       
 5365.88 11      1600     -1872.76   -1871.46   1.29901     36       74       
 5366.03 11      1681     -1872.69   -1871.46   1.22944     20       74       
 5366.06 11      1700     -1872.69   -1871.46   1.22944     23       74       
 5366.11 11      1750     -1872.69   -1871.46   1.22944     22       74       
 5366.33 12      1841     -1872.65   -1871.46   1.18967     21       76       
 5366.35 12      1850     -1872.65   -1871.46   1.18967     20       76       
 5366.4  12      1900     -1872.65   -1871.46   1.18967     20       76       
 5366.68 13      1999     -1872.61   -1871.46   1.14696     18       80       
 5366.69 13      2000     -1872.61   -1871.46   1.14696     19       80       
 5366.75 13      2050     -1872.61   -1871.46   1.14696     18       80       
 5367.05 14      2155     -1872.55   -1871.46   1.09089     15       84       
 5367.1  14      2156     -1872.55   -1871.46   1.09089     15       85       
 5367.66 14      2200     -1872.55   -1871.46   1.09089     14       96       
 5368.12 15      2309     -1872.52   -1871.46   1.05267     14       101      
 5368.18 15      2310     -1872.52   -1871.46   1.05267     15       102      
 5368.88 15      2350     -1872.52   -1871.46   1.05267     14       112      
 5369.39 16      2463     -1872.48   -1871.46   1.02204     12       116      
 5369.41 16      2464     -1872.48   -1871.46   1.02204     13       116      
 5369.46 16      2500     -1872.48   -1871.46   1.02204     15       116      
 5369.65 17      2615     -1872.46   -1871.46   0.994542    13       116      
 5369.67 17      2616     -1872.46   -1871.46   0.994542    14       116      
 5369.73 17      2650     -1872.46   -1871.46   0.994542    14       116      
 5370.06 18      2765     -1872.44   -1871.46   0.975188    13       119      
 5370.08 18      2766     -1872.44   -1871.46   0.975188    14       119      
 5370.14 18      2800     -1872.44   -1871.46   0.975188    14       119      
 5370.41 19      2913     -1872.41   -1871.46   0.946546    12       121      
 5370.43 19      2914     -1872.41   -1871.46   0.946546    13       121      
 5370.49 19      2950     -1872.41   -1871.46   0.946546    13       121      
 5370.79 20      3061     -1872.39   -1871.46   0.927966    13       124      
 5370.83 20      3062     -1872.39   -1871.46   0.927966    10       125      
 5371.15 20      3100     -1872.39   -1871.46   0.927966    9        134      
 5371.69 21      3203     -1872.22   -1871.46   0.754059    10       141      
 5371.71 21      3204     -1872.22   -1871.46   0.754059    10       141      
 5372.11 21      3250     -1872.22   -1871.46   0.754059    12       150      
 5372.65 22      3375     -1872.18   -1871.46   0.717345    14       156      
 5372.68 22      3376     -1872.18   -1871.46   0.717345    15       156      
 5373.14 22      3400     -1872.18   -1871.46   0.717345    15       163      
 5373.2  22      3450     -1872.18   -1871.46   0.717345    15       163      
 5373.53 23      3549     -1872.16   -1871.46   0.701581    11       165      
 5373.56 23      3550     -1872.16   -1871.46   0.701581    11       165      
 5374.31 23      3600     -1872.16   -1871.46   0.701581    10       174      
 5375.6  24      3721     -1872.14   -1871.46   0.676864    12       184      
 5375.63 24      3722     -1872.14   -1871.46   0.676864    13       184      
 5375.69 24      3750     -1872.14   -1871.46   0.676864    13       184      
 5375.76 24      3800     -1872.14   -1871.46   0.676864    13       184      
 5376.13 25      3893     -1872.13   -1871.46   0.666267    15       186      
 5376.17 25      3900     -1872.13   -1871.46   0.666267    15       186      
 5376.24 25      3950     -1872.13   -1871.46   0.666267    15       186      
 5377.08 26      4065     -1872.1    -1871.46   0.635597    10       192      
 5377.11 26      4066     -1872.1    -1871.46   0.635597    11       192      
 5377.17 26      4100     -1872.1    -1871.46   0.635597    11       192      
 5377.53 26      4150     -1872.1    -1871.46   0.635597    11       196      
 5377.7  27      4237     -1872.09   -1871.46   0.625216    13       196      
 5377.74 27      4250     -1872.09   -1871.46   0.625216    14       196      
 5377.82 27      4300     -1872.09   -1871.46   0.625216    14       196      
 5378.25 28      4409     -1872.07   -1871.46   0.611529    12       199      
 5378.37 28      4410     -1872.07   -1871.46   0.611529    13       200      
 5379.19 28      4450     -1872.07   -1871.46   0.611529    12       209      
 5379.7  29      4579     -1872.06   -1871.46   0.59991     13       213      
 5379.73 29      4580     -1872.06   -1871.46   0.59991     14       213      
 5379.79 29      4600     -1872.06   -1871.46   0.59991     14       213      
 5379.87 29      4650     -1872.06   -1871.46   0.59991     14       213      
 5380.38 30      4747     -1872.06   -1871.46   0.591957    13       216      
 5380.42 30      4750     -1872.06   -1871.46   0.591957    13       216      
 5380.51 30      4800     -1872.06   -1871.46   0.591957    14       216      
 5381.21 31      4917     -1872.03   -1871.46   0.565314    8        221      
 5381.23 31      4918     -1872.03   -1871.46   0.565314    9        221      
 5381.3  31      4950     -1872.03   -1871.46   0.565314    9        221      
 5381.74 31      5000     -1872.03   -1871.46   0.565314    9        226      
 5382.2  32      5089     -1872.01   -1871.46   0.550627    10       229      
 5383.27 32      5100     -1872.01   -1871.46   0.550627    12       240      
 5383.36 32      5150     -1872.01   -1871.46   0.550627    12       240      
 5383.99 33      5259     -1872      -1871.46   0.53954     12       244      
 5384.03 33      5260     -1872      -1871.46   0.53954     13       244      
 5384.76 33      5300     -1872      -1871.46   0.53954     13       251      
 5385.57 34      5427     -1871.99   -1871.46   0.528426    12       256      
 5385.61 34      5428     -1871.99   -1871.46   0.528426    12       256      
 5385.68 34      5450     -1871.99   -1871.46   0.528426    12       256      
 5385.77 34      5500     -1871.99   -1871.46   0.528426    12       256      
 5386.82 35      5595     -1871.98   -1871.46   0.516154    11       263      
 5387.19 35      5600     -1871.98   -1871.46   0.516154    12       266      
 5388.18 35      5650     -1871.98   -1871.46   0.516154    13       274      
 5389.97 36      5759     -1871.97   -1871.46   0.503058    14       285      
 5390.01 36      5760     -1871.97   -1871.46   0.503058    14       285      
 5391.45 36      5800     -1871.97   -1871.46   0.503058    13       295      
 5392.75 37      5923     -1871.96   -1871.46   0.494119    13       301      
 5392.8  37      5924     -1871.96   -1871.46   0.494119    14       301      
 5394.45 37      5950     -1871.96   -1871.46   0.494119    16       311      
 5394.93 37      6000     -1871.96   -1871.46   0.494119    16       313      
 5395.8  38      6085     -1871.95   -1871.46   0.485967    15       316      
 5395.88 38      6100     -1871.95   -1871.46   0.485967    13       316      
 5395.99 38      6150     -1871.95   -1871.46   0.485967    13       316      
 5398.21 39      6247     -1871.94   -1871.46   0.479969    14       327      
 5398.27 39      6250     -1871.94   -1871.46   0.479969    13       327      
 5398.38 39      6300     -1871.94   -1871.46   0.479969    13       327      
 5398.9  40      6409     -1871.91   -1871.46   0.448843    9        329      
 5398.95 40      6410     -1871.91   -1871.46   0.448843    10       329      
 5399.03 40      6450     -1871.91   -1871.46   0.448843    8        329      
 5400.12 41      6577     -1871.9    -1871.46   0.438236    10       338      
 5400.16 41      6578     -1871.9    -1871.46   0.438236    11       338      
 5401.1  41      6600     -1871.9    -1871.46   0.438236    13       346      
 5401.45 41      6650     -1871.9    -1871.46   0.438236    12       348      
 5403.12 42      6745     -1871.89   -1871.46   0.429882    13       358      
 5403.18 42      6750     -1871.89   -1871.46   0.429882    12       358      
 5403.28 42      6800     -1871.89   -1871.46   0.429882    12       358      
 5403.78 43      6911     -1871.89   -1871.46   0.424217    10       360      
 5403.83 43      6912     -1871.89   -1871.46   0.424217    11       360      
 5403.92 43      6950     -1871.89   -1871.46   0.424217    11       360      
 5405.33 44      7077     -1871.88   -1871.46   0.416543    13       368      
 5405.38 44      7078     -1871.88   -1871.46   0.416543    14       368      
 5405.46 44      7100     -1871.88   -1871.46   0.416543    15       368      
 5405.88 44      7150     -1871.88   -1871.46   0.416543    15       370      
 5407.43 45      7241     -1871.88   -1871.46   0.413269    12       378      
 5407.92 45      7250     -1871.88   -1871.46   0.413269    13       381      
 5408.04 45      7300     -1871.88   -1871.46   0.413269    14       381      
 5410.2  46      7405     -1871.87   -1871.46   0.403485    9        391      
 5410.25 46      7406     -1871.87   -1871.46   0.403485    10       391      
 5410.36 46      7450     -1871.87   -1871.46   0.403485    11       391      
 5411.26 47      7567     -1871.86   -1871.46   0.397529    11       395      
 5411.31 47      7568     -1871.86   -1871.46   0.397529    11       395      
 5411.41 47      7600     -1871.86   -1871.46   0.397529    12       395      
 5412.72 48      7729     -1871.85   -1871.46   0.389232    12       401      
 5412.93 48      7730     -1871.85   -1871.46   0.389232    13       402      
 5414.41 48      7750     -1871.85   -1871.46   0.389232    13       411      
 5414.53 48      7800     -1871.85   -1871.46   0.389232    13       411      
 5416.13 49      7889     -1871.85   -1871.46   0.384214    12       418      
 5416.21 49      7900     -1871.85   -1871.46   0.384214    13       418      
 5416.33 49      7950     -1871.85   -1871.46   0.384214    13       418      
 5417.51 50      8049     -1871.84   -1871.46   0.374484    12       423      
 5417.57 50      8050     -1871.84   -1871.46   0.374484    12       423      
 5420.27 50      8100     -1871.84   -1871.46   0.374484    12       438      
 5422.59 51      8207     -1871.83   -1871.46   0.371074    13       447      
 5422.65 51      8208     -1871.83   -1871.46   0.371074    13       447      
 5423.97 51      8250     -1871.83   -1871.46   0.371074    15       454      
 5425.94 52      8363     -1871.83   -1871.46   0.36636     16       461      
 5426.01 52      8364     -1871.83   -1871.46   0.36636     17       461      
 5426.14 52      8400     -1871.83   -1871.46   0.36636     18       461      
 5427.07 53      8521     -1871.82   -1871.46   0.352446    9        464      
 5427.13 53      8522     -1871.82   -1871.46   0.352446    9        464      
 5427.75 53      8550     -1871.82   -1871.46   0.352446    10       469      
 5428.95 53      8600     -1871.82   -1871.46   0.352446    12       477      
 5429.18 54      8681     -1871.81   -1871.46   0.347128    11       477      
 5430.86 54      8700     -1871.81   -1871.46   0.347128    11       488      
 5431.66 54      8750     -1871.81   -1871.46   0.347128    11       492      
 5433.6  55      8839     -1871.8    -1871.46   0.338939    13       501      
 5433.69 55      8850     -1871.8    -1871.46   0.338939    13       501      
 5433.82 55      8900     -1871.8    -1871.46   0.338939    13       501      
 5434.85 56      8997     -1871.8    -1871.46   0.333471    11       506      
 5434.92 56      9000     -1871.8    -1871.46   0.333471    12       506      
 5435.05 56      9050     -1871.8    -1871.46   0.333471    12       506      
 5437.06 57      9155     -1871.79   -1871.46   0.327669    16       517      
 5437.13 57      9156     -1871.79   -1871.46   0.327669    16       517      
 5437.26 57      9200     -1871.79   -1871.46   0.327669    13       517      
 5438.15 58      9311     -1871.78   -1871.46   0.318126    10       521      
 5438.22 58      9312     -1871.78   -1871.46   0.318126    10       521      
 5438.33 58      9350     -1871.78   -1871.46   0.318126    10       521      
 5439.96 59      9469     -1871.78   -1871.46   0.311866    12       532      
 5440.03 59      9470     -1871.78   -1871.46   0.311866    12       532      
 5440.13 59      9500     -1871.78   -1871.46   0.311866    11       532      
 5441.13 60      9627     -1871.77   -1871.46   0.302217    10       538      
 5441.2  60      9628     -1871.77   -1871.46   0.302217    10       538      
 5441.29 60      9650     -1871.77   -1871.46   0.302217    11       538      
 5441.42 60      9700     -1871.77   -1871.46   0.302217    11       538      
 5442.25 61      9787     -1871.76   -1871.46   0.297736    13       543      
 5443.05 61      9800     -1871.76   -1871.46   0.297736    14       549      
 5443.17 61      9850     -1871.76   -1871.46   0.297736    14       549      
 5444.35 62      9947     -1871.76   -1871.46   0.291341    10       556      
 5444.42 62      9950     -1871.76   -1871.46   0.291341    12       556      
 5446.23 62      10000    -1871.76   -1871.46   0.291341    11       569      
 5448.9  63      10107    -1871.75   -1871.46   0.287996    10       582      
 5448.98 63      10108    -1871.75   -1871.46   0.287996    10       582      
 5449.1  63      10150    -1871.75   -1871.46   0.287996    11       582      
 5450.57 64      10267    -1871.74   -1871.46   0.280905    10       588      
 5450.64 64      10268    -1871.74   -1871.46   0.280905    10       588      
 5450.76 64      10300    -1871.74   -1871.46   0.280905    9        588      
 5451.87 65      10427    -1871.74   -1871.46   0.278567    11       594      
 5451.95 65      10428    -1871.74   -1871.46   0.278567    11       594      
 5453.42 65      10450    -1871.74   -1871.46   0.278567    13       603      
 5454.09 65      10500    -1871.74   -1871.46   0.278567    13       606      
 5455.54 66      10585    -1871.74   -1871.46   0.275645    17       612      
 5458.83 66      10600    -1871.74   -1871.46   0.275645    16       627      
 5460.56 66      10650    -1871.74   -1871.46   0.275645    16       636      
 5461.8  67      10743    -1871.73   -1871.46   0.263775    12       640      
 5461.9  67      10750    -1871.73   -1871.46   0.263775    13       640      
 5462.04 67      10800    -1871.73   -1871.46   0.263775    13       640      
 5464.89 68      10905    -1871.72   -1871.46   0.260027    12       654      
 5464.97 68      10906    -1871.72   -1871.46   0.260027    13       654      
 5465.75 68      10950    -1871.72   -1871.46   0.260027    14       658      
 5470.08 69      11065    -1871.72   -1871.46   0.25803     15       675      
 5470.17 69      11066    -1871.72   -1871.46   0.25803     15       675      
 5470.33 69      11100    -1871.72   -1871.46   0.25803     18       675      
 5471.35 70      11227    -1871.72   -1871.46   0.253323    12       678      
 5471.44 70      11228    -1871.72   -1871.46   0.253323    13       678      
 5472.95 70      11250    -1871.72   -1871.46   0.253323    12       686      
 5476.39 70      11300    -1871.72   -1871.46   0.253323    16       700      
 5478.27 71      11387    -1871.72   -1871.46   0.252005    16       706      
 5478.39 71      11400    -1871.72   -1871.46   0.252005    16       706      
 5478.54 71      11450    -1871.72   -1871.46   0.252005    16       706      
 5481.11 72      11547    -1871.71   -1871.46   0.249084    12       714      
 5481.21 72      11550    -1871.71   -1871.46   0.249084    13       714      
 5482.13 72      11600    -1871.71   -1871.46   0.249084    13       717      
 5484.82 73      11707    -1871.71   -1871.46   0.24512     12       725      
 5484.91 73      11708    -1871.71   -1871.46   0.24512     12       725      
 5487.84 73      11750    -1871.71   -1871.46   0.24512     16       740      
 5492.35 74      11865    -1871.71   -1871.46   0.241805    14       757      
 5492.45 74      11866    -1871.71   -1871.46   0.241805    15       757      
 5495.21 74      11900    -1871.71   -1871.46   0.241805    14       767      
 5497.46 75      12023    -1871.7    -1871.46   0.239762    13       773      
 5497.57 75      12024    -1871.7    -1871.46   0.239762    14       773      
 5497.72 75      12050    -1871.7    -1871.46   0.239762    16       773      
 5499.07 75      12100    -1871.7    -1871.46   0.239762    17       777      
 5499.7  76      12181    -1871.7    -1871.46   0.238272    18       778      
 5501.53 76      12200    -1871.7    -1871.46   0.238272    17       784      
 5501.71 76      12250    -1871.7    -1871.46   0.238272    17       784      
 5503.64 77      12339    -1871.7    -1871.46   0.233928    12       789      
 5503.77 77      12350    -1871.7    -1871.46   0.233928    15       789      
 5503.94 77      12400    -1871.7    -1871.46   0.233928    15       789      
 5506.93 78      12497    -1871.7    -1871.46   0.231913    13       801      
 5507.04 78      12500    -1871.7    -1871.46   0.231913    13       801      
 5507.22 78      12550    -1871.7    -1871.46   0.231913    13       801      
 5508.73 79      12655    -1871.69   -1871.46   0.228651    12       806      
 5508.83 79      12656    -1871.69   -1871.46   0.228651    12       806      
 5509.01 79      12700    -1871.69   -1871.46   0.228651    13       806      
 5511.42 80      12813    -1871.69   -1871.46   0.225601    13       815      
 5511.52 80      12814    -1871.69   -1871.46   0.225601    14       815      
 5511.69 80      12850    -1871.69   -1871.46   0.225601    14       815      
 5512.93 81      12969    -1871.69   -1871.46   0.222239    11       819      
 5513.03 81      12970    -1871.69   -1871.46   0.222239    11       819      
 5513.18 81      13000    -1871.69   -1871.46   0.222239    11       819      
 5515.49 82      13127    -1871.69   -1871.46   0.220668    14       828      
 5515.59 82      13128    -1871.69   -1871.46   0.220668    13       828      
 5515.74 82      13150    -1871.69   -1871.46   0.220668    12       828      
 5515.91 82      13200    -1871.69   -1871.46   0.220668    13       828      
 5517.15 83      13283    -1871.68   -1871.46   0.218545    14       832      
 5519.47 83      13300    -1871.68   -1871.46   0.218545    16       841      
 5519.64 83      13350    -1871.68   -1871.46   0.218545    16       841      
 5522.1  84      13439    -1871.68   -1871.46   0.217509    14       849      
 5524.66 84      13450    -1871.68   -1871.46   0.217509    14       858      
 5524.85 84      13500    -1871.68   -1871.46   0.217509    14       858      
 5528.63 85      13595    -1871.68   -1871.46   0.213393    13       869      
 5528.75 85      13600    -1871.68   -1871.46   0.213393    12       869      
 5528.93 85      13650    -1871.68   -1871.46   0.213393    12       869      
 5530.33 86      13751    -1871.68   -1871.46   0.211709    13       874      
 5530.44 86      13752    -1871.68   -1871.46   0.211709    14       874      
 5530.62 86      13800    -1871.68   -1871.46   0.211709    14       874      
 5533.22 87      13907    -1871.67   -1871.46   0.210242    15       883      
 5533.33 87      13908    -1871.67   -1871.46   0.210242    15       883      
 5533.51 87      13950    -1871.67   -1871.46   0.210242    15       883      
 5535.3  88      14063    -1871.67   -1871.46   0.209485    14       889      
 5535.42 88      14064    -1871.67   -1871.46   0.209485    13       889      
 5535.58 88      14100    -1871.67   -1871.46   0.209485    13       889      
 5537.22 89      14217    -1871.67   -1871.46   0.204704    12       894      
 5537.34 89      14218    -1871.67   -1871.46   0.204704    13       894      
 5537.5  89      14250    -1871.67   -1871.46   0.204704    14       894      
 5539.97 90      14375    -1871.67   -1871.46   0.202776    15       903      
 5540.08 90      14376    -1871.67   -1871.46   0.202776    15       903      
 5540.24 90      14400    -1871.67   -1871.46   0.202776    14       903      
 5540.9  90      14450    -1871.67   -1871.46   0.202776    15       905      
 5541.69 91      14531    -1871.67   -1871.46   0.201841    14       907      
 5541.84 91      14550    -1871.67   -1871.46   0.201841    14       907      
 5542.02 91      14600    -1871.67   -1871.46   0.201841    15       907      
 5543.51 92      14687    -1871.65   -1871.46   0.190044    13       912      
 5543.65 92      14700    -1871.65   -1871.46   0.190044    13       912      
 5543.84 92      14750    -1871.65   -1871.46   0.190044    13       912      
 5545.78 93      14851    -1871.65   -1871.46   0.187904    15       919      
 5545.9  93      14852    -1871.65   -1871.46   0.187904    16       919      
 5546.09 93      14900    -1871.65   -1871.46   0.187904    17       919      
 5549.37 94      15015    -1871.65   -1871.46   0.186963    16       930      
 5549.49 94      15016    -1871.65   -1871.46   0.186963    16       930      
 5551.56 94      15050    -1871.65   -1871.46   0.186963    17       937      
 5553.02 95      15179    -1871.65   -1871.46   0.183089    14       941      
 5553.13 95      15180    -1871.65   -1871.46   0.183089    15       941      
 5557.29 95      15200    -1871.65   -1871.46   0.183089    15       957      
 5560.14 95      15250    -1871.65   -1871.46   0.183089    19       967      
 5564.12 96      15345    -1871.65   -1871.46   0.181388    16       978      
 5565.98 96      15350    -1871.65   -1871.46   0.181388    17       983      
 5571.97 96      15400    -1871.65   -1871.46   0.181388    20       999      
 5580.04 97      15509    -1871.65   -1871.46   0.180496    22       1017     
 5580.18 97      15510    -1871.65   -1871.46   0.180496    21       1017     
 5582.27 97      15550    -1871.65   -1871.46   0.180496    19       1022     
 5587.51 98      15673    -1871.64   -1871.46   0.179372    18       1032     
 5587.65 98      15674    -1871.64   -1871.46   0.179372    19       1032     
 5597.78 98      15700    -1871.64   -1871.46   0.179372    19       1053     
 5607.84 98      15750    -1871.64   -1871.46   0.179372    19       1073     
 5610.54 99      15837    -1871.64   -1871.46   0.178444    19       1077     
 5610.74 99      15850    -1871.64   -1871.46   0.178444    18       1077     
 5610.97 99      15900    -1871.64   -1871.46   0.178444    18       1077     
 5614.36 100     16001    -1871.64   -1871.46   0.172032    13       1083     
 5614.49 100     16002    -1871.64   -1871.46   0.172032    12       1083     
 5614.72 100     16050    -1871.64   -1871.46   0.172032    12       1083     
 5619.63 101     16169    -1871.64   -1871.46   0.170289    15       1098     
 5619.77 101     16170    -1871.64   -1871.46   0.170289    16       1098     
 5619.98 101     16200    -1871.64   -1871.46   0.170289    15       1098     
 5622.53 101     16250    -1871.64   -1871.46   0.170289    17       1105     
 5623.55 102     16337    -1871.63   -1871.46   0.169709    17       1107     
 5627.06 102     16350    -1871.63   -1871.46   0.169709    20       1117     
 5627.28 102     16400    -1871.63   -1871.46   0.169709    20       1117     
 5630.74 103     16505    -1871.63   -1871.46   0.168357    20       1125     
 5630.88 103     16506    -1871.63   -1871.46   0.168357    19       1125     
 5631.11 103     16550    -1871.63   -1871.46   0.168357    19       1125     
 5634.48 104     16671    -1871.63   -1871.46   0.166548    18       1133     
 5634.63 104     16672    -1871.63   -1871.46   0.166548    19       1133     
 5634.83 104     16700    -1871.63   -1871.46   0.166548    18       1133     
 5637.4  104     16750    -1871.63   -1871.46   0.166548    21       1139     
 5638.95 105     16837    -1871.63   -1871.46   0.165657    18       1142     
 5640.94 105     16850    -1871.63   -1871.46   0.165657    19       1148     
 5641.17 105     16900    -1871.63   -1871.46   0.165657    19       1148     
 5646.56 106     17003    -1871.63   -1871.46   0.164853    21       1160     
 5646.72 106     17004    -1871.63   -1871.46   0.164853    21       1160     
 5651.12 106     17050    -1871.63   -1871.46   0.164853    20       1170     
 5657.41 107     17167    -1871.63   -1871.46   0.163665    19       1182     
 5657.57 107     17168    -1871.63   -1871.46   0.163665    20       1182     
 5659.96 107     17200    -1871.63   -1871.46   0.163665    19       1187     
 5669.83 108     17331    -1871.63   -1871.46   0.16275     22       1205     
 5670    108     17332    -1871.63   -1871.46   0.16275     22       1205     
 5670.22 108     17350    -1871.63   -1871.46   0.16275     24       1205     
 5670.48 108     17400    -1871.63   -1871.46   0.16275     24       1205     
 5674.57 109     17495    -1871.63   -1871.46   0.162017    20       1212     
 5674.76 109     17500    -1871.63   -1871.46   0.162017    19       1212     
 5676.64 109     17550    -1871.63   -1871.46   0.162017    19       1216     
 5683.25 110     17659    -1871.62   -1871.47   0.15949     16       1227     
 5683.41 110     17660    -1871.62   -1871.47   0.15949     17       1227     
 5686.22 110     17700    -1871.62   -1871.47   0.15949     15       1234     
 5690.4  111     17823    -1871.62   -1871.47   0.158792    18       1242     
 5690.57 111     17824    -1871.62   -1871.47   0.158792    18       1242     
 5695.73 111     17850    -1871.62   -1871.47   0.158792    20       1253     
 5700.04 111     17900    -1871.62   -1871.47   0.158792    19       1261     
 5702.08 112     17985    -1871.62   -1871.47   0.15816     22       1264     
 5702.32 112     18000    -1871.62   -1871.47   0.15816     21       1264     
 5702.59 112     18050    -1871.62   -1871.47   0.15816     21       1264     
 5707.21 113     18147    -1871.62   -1871.47   0.157895    23       1272     
 5707.4  113     18150    -1871.62   -1871.47   0.157895    23       1272     
 5707.69 113     18200    -1871.62   -1871.47   0.157895    23       1272     
 5711.77 114     18309    -1871.62   -1871.47   0.157534    20       1279     
 5711.95 114     18310    -1871.62   -1871.47   0.157534    20       1279     
 5713.85 114     18350    -1871.62   -1871.47   0.157534    18       1284     
 5718.95 115     18471    -1871.62   -1871.47   0.15701     22       1293     
 5719.14 115     18472    -1871.62   -1871.47   0.15701     22       1293     
 5719.39 115     18500    -1871.62   -1871.47   0.15701     22       1293     
 5724.16 115     18550    -1871.62   -1871.47   0.15701     25       1301     
 5725.1  116     18633    -1871.62   -1871.47   0.15601     18       1302     
 5731.69 116     18650    -1871.62   -1871.47   0.15601     18       1315     
 5737.39 116     18700    -1871.62   -1871.47   0.15601     18       1327     
 5743.03 117     18795    -1871.62   -1871.47   0.155266    23       1336     
 5743.25 117     18800    -1871.62   -1871.47   0.155266    20       1336     
 5743.54 117     18850    -1871.62   -1871.47   0.155266    20       1336     
 5749.44 118     18957    -1871.62   -1871.47   0.154536    22       1346     
 5749.64 118     18958    -1871.62   -1871.47   0.154536    22       1346     
 5749.93 118     19000    -1871.62   -1871.47   0.154536    21       1346     
 5753.39 119     19119    -1871.62   -1871.47   0.153918    21       1351     
 5753.58 119     19120    -1871.62   -1871.47   0.153918    21       1351     
 5755.76 119     19150    -1871.62   -1871.47   0.153918    20       1355     
 5760.91 120     19200    -1871.62   -1871.47   0.153918    24       1363     
 5761.41 120     19281    -1871.62   -1871.47   0.153387    24       1363     
 5761.69 120     19300    -1871.62   -1871.47   0.153387    23       1363     
 5761.99 120     19350    -1871.62   -1871.47   0.153387    23       1363     
 5764.75 121     19443    -1871.62   -1871.47   0.152496    21       1367     
 5764.97 121     19450    -1871.62   -1871.47   0.152496    21       1367     
 5765.27 121     19500    -1871.62   -1871.47   0.152496    21       1367     
 5771.1  122     19603    -1871.62   -1871.47   0.15189     22       1376     
 5771.3  122     19604    -1871.62   -1871.47   0.15189     23       1376     
 5773.57 122     19650    -1871.62   -1871.47   0.15189     22       1380     
 5778.31 123     19763    -1871.62   -1871.47   0.151313    22       1387     
 5778.52 123     19764    -1871.62   -1871.47   0.151313    22       1387     
 5780.22 123     19800    -1871.62   -1871.47   0.151313    21       1391     
 5786.97 124     19927    -1871.61   -1871.47   0.14367     17       1402     
 5787.14 124     19928    -1871.61   -1871.47   0.14367     17       1402     
 5790.6  124     19950    -1871.61   -1871.47   0.14367     20       1410     
 5797.24 124     20000    -1871.61   -1871.47   0.14367     17       1424     
 5802.63 125     20095    -1871.61   -1871.47   0.142801    19       1434     
 5803.32 125     20100    -1871.61   -1871.47   0.142801    18       1435     
 5806.92 125     20150    -1871.61   -1871.47   0.142801    18       1442     
 5815.41 126     20263    -1871.61   -1871.47   0.141724    20       1457     
 5815.61 126     20264    -1871.61   -1871.47   0.141724    21       1457     
 5819.27 126     20300    -1871.61   -1871.47   0.141724    21       1464     
 5828.77 127     20431    -1871.61   -1871.47   0.141174    22       1480     
 5828.97 127     20432    -1871.61   -1871.47   0.141174    22       1480     
 5829.22 127     20450    -1871.61   -1871.47   0.141174    21       1480     
 5829.5  127     20500    -1871.61   -1871.47   0.141174    21       1480     
 5833.89 128     20599    -1871.61   -1871.47   0.141028    21       1487     
 5834.09 128     20600    -1871.61   -1871.47   0.141028    21       1487     
 5834.43 128     20650    -1871.61   -1871.47   0.141028    22       1487     
 5836.63 129     20767    -1871.61   -1871.47   0.14036     17       1490     
 5836.83 129     20768    -1871.61   -1871.47   0.14036     17       1490     
 5837.12 129     20800    -1871.61   -1871.47   0.14036     17       1490     
 5845.58 129     20850    -1871.61   -1871.47   0.14036     20       1504     
 5846.09 130     20935    -1871.61   -1871.47   0.139881    21       1504     
 5848.12 130     20950    -1871.61   -1871.47   0.139881    23       1508     
 5848.44 130     21000    -1871.61   -1871.47   0.139881    23       1508     
 5854.05 131     21101    -1871.6    -1871.47   0.139403    25       1517     
 5854.26 131     21102    -1871.6    -1871.47   0.139403    25       1517     
 5854.61 131     21150    -1871.6    -1871.47   0.139403    24       1517     
 5863.27 132     21267    -1871.6    -1871.47   0.138751    25       1531     
 5863.48 132     21268    -1871.6    -1871.47   0.138751    25       1531     
 5864.4  132     21300    -1871.6    -1871.47   0.138751    25       1533     
 5872.14 133     21350    -1871.6    -1871.47   0.138751    27       1546     
 5872.65 133     21433    -1871.6    -1871.47   0.138418    25       1546     
 5875.24 133     21450    -1871.6    -1871.47   0.138418    24       1551     
 5875.56 133     21500    -1871.6    -1871.47   0.138418    24       1551     
 5879.11 134     21599    -1871.6    -1871.47   0.137747    25       1556     
 5879.32 134     21600    -1871.6    -1871.47   0.137747    25       1556     
 5882.56 134     21650    -1871.6    -1871.47   0.137747    25       1562     
 5891.6  135     21765    -1871.6    -1871.47   0.136983    24       1575     
 5891.82 135     21766    -1871.6    -1871.47   0.136983    24       1575     
 5895.18 135     21800    -1871.6    -1871.47   0.136983    24       1580     
 5900.43 136     21929    -1871.6    -1871.47   0.136523    25       1587     
 5900.66 136     21930    -1871.6    -1871.47   0.136523    25       1587     
 5905.32 136     21950    -1871.6    -1871.47   0.136523    26       1594     
 5905.66 136     22000    -1871.6    -1871.47   0.136523    26       1594     
 5909.71 137     22093    -1871.6    -1871.47   0.13607     24       1599     
 5912.81 137     22100    -1871.6    -1871.47   0.13607     24       1603     
 5914.68 137     22150    -1871.6    -1871.47   0.13607     24       1606     
 5924.12 138     22257    -1871.6    -1871.47   0.135667    22       1618     
 5924.36 138     22258    -1871.6    -1871.47   0.135667    20       1618     
 5924.72 138     22300    -1871.6    -1871.47   0.135667    22       1618     
 5931.9  139     22421    -1871.6    -1871.47   0.134821    26       1627     
 5932.13 139     22422    -1871.6    -1871.47   0.134821    26       1627     
 5932.46 139     22450    -1871.6    -1871.47   0.134821    25       1627     
 5935.03 139     22500    -1871.6    -1871.47   0.134821    25       1630     
 5937.04 140     22585    -1871.6    -1871.47   0.134105    22       1632     
 5939.41 140     22600    -1871.6    -1871.47   0.134105    23       1636     
 5939.78 140     22650    -1871.6    -1871.47   0.134105    23       1636     
 5947.25 141     22749    -1871.6    -1871.47   0.133861    27       1645     
 5947.49 141     22750    -1871.6    -1871.47   0.133861    28       1645     
 5947.88 141     22800    -1871.6    -1871.47   0.133861    30       1645     
 5952.26 142     22913    -1871.6    -1871.47   0.133081    24       1650     
 5952.5  142     22914    -1871.6    -1871.47   0.133081    24       1650     
 5952.83 142     22950    -1871.6    -1871.47   0.133081    23       1650     
 5958.55 143     23077    -1871.6    -1871.47   0.132828    23       1657     
 5958.79 143     23078    -1871.6    -1871.47   0.132828    23       1657     
 5959.1  143     23100    -1871.6    -1871.47   0.132828    22       1657     
 5960.92 143     23150    -1871.6    -1871.47   0.132828    24       1659     
 5967.47 144     23241    -1871.6    -1871.47   0.132319    23       1667     
 5967.75 144     23250    -1871.6    -1871.47   0.132319    24       1667     
 5968.11 144     23300    -1871.6    -1871.47   0.132319    24       1667     
 5974.73 145     23403    -1871.6    -1871.47   0.132144    23       1675     
 5974.97 145     23404    -1871.6    -1871.47   0.132144    23       1675     
 5975.37 145     23450    -1871.6    -1871.47   0.132144    23       1675     
 5986.79 146     23567    -1871.6    -1871.47   0.131839    28       1689     
 5987.04 146     23568    -1871.6    -1871.47   0.131839    27       1689     
 5987.38 146     23600    -1871.6    -1871.47   0.131839    27       1689     
 5991.94 147     23729    -1871.6    -1871.47   0.131307    27       1694     
 5992.18 147     23730    -1871.6    -1871.47   0.131307    27       1694     
 5992.53 147     23750    -1871.6    -1871.47   0.131307    27       1694     
 5992.89 147     23800    -1871.6    -1871.47   0.131307    27       1694     
 5997.31 148     23891    -1871.6    -1871.47   0.131119    21       1699     
 5998.28 148     23900    -1871.6    -1871.47   0.131119    22       1700     
 6000.27 148     23950    -1871.6    -1871.47   0.131119    22       1703     
 6016.27 149     24053    -1871.6    -1871.47   0.130418    24       1722     
 6016.52 149     24054    -1871.6    -1871.47   0.130418    24       1722     
 6016.95 149     24100    -1871.6    -1871.47   0.130418    23       1722     
 6028.56 150     24215    -1871.6    -1871.47   0.129905    24       1735     
 6028.82 150     24216    -1871.6    -1871.47   0.129905    25       1735     
 6034.24 150     24250    -1871.6    -1871.47   0.129905    30       1742     
 6045.04 151     24377    -1871.59   -1871.47   0.129012    26       1754     
 6045.3  151     24378    -1871.59   -1871.47   0.129012    26       1754     
 6045.65 151     24400    -1871.59   -1871.47   0.129012    23       1754     
 6053.73 151     24450    -1871.59   -1871.47   0.129012    24       1765     
 6059.41 152     24537    -1871.59   -1871.47   0.128532    22       1771     
 6059.74 152     24550    -1871.59   -1871.47   0.128532    22       1771     
 6060.11 152     24600    -1871.59   -1871.47   0.128532    22       1771     
 6067.77 153     24699    -1871.59   -1871.47   0.128077    24       1779     
 6068.04 153     24700    -1871.59   -1871.47   0.128077    24       1779     
 6068.45 153     24750    -1871.59   -1871.47   0.128077    24       1779     
 6083.5  154     24859    -1871.59   -1871.47   0.127886    24       1796     
 6083.78 154     24860    -1871.59   -1871.47   0.127886    24       1796     
 6084.2  154     24900    -1871.59   -1871.47   0.127886    27       1796     
 6088.82 155     25019    -1871.59   -1871.47   0.127713    26       1800     
 6090.02 155     25020    -1871.59   -1871.47   0.127713    26       1801     
 6100.15 155     25050    -1871.59   -1871.47   0.127713    28       1812     
 6106.48 156     25179    -1871.59   -1871.47   0.127524    32       1818     
 6106.77 156     25180    -1871.59   -1871.47   0.127524    32       1818     
 6107.12 156     25200    -1871.59   -1871.47   0.127524    31       1818     
 6107.52 156     25250    -1871.59   -1871.47   0.127524    31       1818     
 6111.79 157     25339    -1871.59   -1871.47   0.127429    22       1822     
 6113.96 157     25350    -1871.59   -1871.47   0.127429    24       1825     
 6114.37 157     25400    -1871.59   -1871.47   0.127429    24       1825     
 6119.42 158     25499    -1871.59   -1871.47   0.12588     23       1830     
 6119.68 158     25500    -1871.59   -1871.47   0.12588     24       1830     
 6120.05 158     25550    -1871.59   -1871.47   0.12588     25       1830     
 6128.56 159     25661    -1871.59   -1871.47   0.125511    23       1842     
 6128.82 159     25662    -1871.59   -1871.47   0.125511    23       1842     
 6133.36 159     25700    -1871.59   -1871.47   0.125511    26       1849     
 6140.35 160     25823    -1871.59   -1871.47   0.124837    23       1858     
 6141.38 160     25824    -1871.59   -1871.47   0.124837    24       1859     
 6146.67 160     25850    -1871.59   -1871.47   0.124837    22       1866     
 6151.83 160     25900    -1871.59   -1871.47   0.124837    24       1872     
 6155.31 161     25987    -1871.59   -1871.47   0.122296    20       1876     
 6155.59 161     26000    -1871.59   -1871.47   0.122296    20       1876     
 6155.95 161     26050    -1871.59   -1871.47   0.122296    20       1876     
 6163.43 162     26151    -1871.59   -1871.47   0.122093    23       1888     
 6163.68 162     26152    -1871.59   -1871.47   0.122093    22       1888     
 6164.06 162     26200    -1871.59   -1871.47   0.122093    20       1888     
 6168.93 163     26315    -1871.59   -1871.47   0.121386    17       1895     
 6169.18 163     26316    -1871.59   -1871.47   0.121386    17       1895     
 6178.62 163     26350    -1871.59   -1871.47   0.121386    17       1910     
 6184.98 164     26479    -1871.59   -1871.47   0.120891    20       1918     
 6185.24 164     26480    -1871.59   -1871.47   0.120891    21       1918     
 6185.55 164     26500    -1871.59   -1871.47   0.120891    21       1918     
 6185.92 164     26550    -1871.59   -1871.47   0.120891    21       1918     
 6191.12 165     26643    -1871.59   -1871.47   0.120555    22       1925     
 6191.42 165     26650    -1871.59   -1871.47   0.120555    22       1925     
 6191.8  165     26700    -1871.59   -1871.47   0.120555    22       1925     
 6198.03 166     26807    -1871.59   -1871.47   0.120089    22       1934     
 6198.28 166     26808    -1871.59   -1871.47   0.120089    22       1934     
 6198.63 166     26850    -1871.59   -1871.47   0.120089    21       1934     
 6205.83 167     26971    -1871.59   -1871.47   0.119755    22       1944     
 6206.09 167     26972    -1871.59   -1871.47   0.119755    21       1944     
 6211.07 167     27000    -1871.59   -1871.47   0.119755    23       1952     
 6215.46 167     27050    -1871.59   -1871.47   0.119755    23       1958     
 6216.68 168     27133    -1871.59   -1871.47   0.119382    23       1959     
 6216.98 168     27150    -1871.59   -1871.47   0.119382    24       1959     
 6217.36 168     27200    -1871.59   -1871.47   0.119382    24       1959     
 6222.06 169     27297    -1871.58   -1871.47   0.118969    21       1965     
 6224.26 169     27300    -1871.58   -1871.47   0.118969    22       1968     
 6226.75 169     27350    -1871.58   -1871.47   0.118969    22       1972     
 6233.47 170     27459    -1871.58   -1871.47   0.118144    22       1981     
 6233.73 170     27460    -1871.58   -1871.47   0.118144    21       1981     
 6237.01 170     27500    -1871.58   -1871.47   0.118144    21       1986     
 6243.9  171     27621    -1871.58   -1871.47   0.117993    23       1995     
 6244.16 171     27622    -1871.58   -1871.47   0.117993    23       1995     
 6244.5  171     27650    -1871.58   -1871.47   0.117993    24       1995     
 6249.44 171     27700    -1871.58   -1871.47   0.117993    23       2001     
 6250.77 172     27783    -1871.58   -1871.47   0.117877    24       2002     
 6251.08 172     27800    -1871.58   -1871.47   0.117877    24       2002     
 6251.47 172     27850    -1871.58   -1871.47   0.117877    24       2002     
 6255.75 173     27945    -1871.58   -1871.47   0.117821    22       2007     
 6256.05 173     27950    -1871.58   -1871.47   0.117821    19       2007     
 6256.46 173     28000    -1871.58   -1871.47   0.117821    20       2007     
 6263.26 174     28107    -1871.58   -1871.47   0.11746     21       2015     
 6263.53 174     28108    -1871.58   -1871.47   0.11746     21       2015     
 6263.89 174     28150    -1871.58   -1871.47   0.11746     20       2015     
 6269.23 175     28269    -1871.58   -1871.47   0.117308    24       2021     
 6269.52 175     28270    -1871.58   -1871.47   0.117308    24       2021     
 6273.69 175     28300    -1871.58   -1871.47   0.117308    27       2027     
 6284.34 176     28350    -1871.58   -1871.47   0.117308    31       2040     
 6285    176     28431    -1871.58   -1871.47   0.116996    25       2040     
 6285.34 176     28450    -1871.58   -1871.47   0.116996    25       2040     
 6285.76 176     28500    -1871.58   -1871.47   0.116996    25       2040     
 6290.29 177     28595    -1871.58   -1871.47   0.115114    18       2045     
 6290.62 177     28600    -1871.58   -1871.47   0.115114    21       2045     
 6296.44 177     28650    -1871.58   -1871.47   0.115114    21       2054     
 6312.7  178     28759    -1871.58   -1871.47   0.114822    20       2079     
 6312.97 178     28760    -1871.58   -1871.47   0.114822    19       2079     
 6314.86 178     28800    -1871.58   -1871.47   0.114822    19       2082     
 6327.39 179     28923    -1871.58   -1871.47   0.114593    23       2099     
 6327.72 179     28924    -1871.58   -1871.47   0.114593    23       2099     
 6334.04 179     28950    -1871.58   -1871.47   0.114593    24       2108     
 6339.65 179     29000    -1871.58   -1871.47   0.114593    22       2115     
 6343.24 180     29087    -1871.58   -1871.47   0.114189    21       2119     
 6343.62 180     29100    -1871.58   -1871.47   0.114189    20       2119     
 6344.04 180     29150    -1871.58   -1871.47   0.114189    20       2119     
 6355.51 181     29251    -1871.58   -1871.47   0.114014    23       2133     
 6356.58 181     29252    -1871.58   -1871.47   0.114014    23       2134     
 6368.44 181     29300    -1871.58   -1871.47   0.114014    20       2150     
 6391.4  182     29413    -1871.58   -1871.47   0.113397    20       2176     
 6391.71 182     29414    -1871.58   -1871.47   0.113397    20       2176     
 6392.18 182     29450    -1871.58   -1871.47   0.113397    19       2176     
 6405.17 183     29579    -1871.58   -1871.47   0.110916    18       2190     
 6405.45 183     29580    -1871.58   -1871.47   0.110916    18       2190     
 6407.94 183     29600    -1871.58   -1871.47   0.110916    20       2194     
 6411.57 183     29650    -1871.58   -1871.47   0.110916    20       2199     
 6420.36 184     29747    -1871.58   -1871.47   0.110498    21       2211     
 6420.65 184     29750    -1871.58   -1871.47   0.110498    21       2211     
 6421.12 184     29800    -1871.58   -1871.47   0.110498    20       2211     
 6433.86 185     29913    -1871.58   -1871.47   0.110117    22       2228     
 6434.15 185     29914    -1871.58   -1871.47   0.110117    22       2228     
 6434.57 185     29950    -1871.58   -1871.47   0.110117    22       2228     
 6443.49 186     30081    -1871.58   -1871.47   0.109768    20       2239     
 6443.78 186     30082    -1871.58   -1871.47   0.109768    20       2239     
 6445.74 186     30100    -1871.58   -1871.47   0.109768    20       2242     
 6449.32 186     30150    -1871.58   -1871.47   0.109768    21       2246     
 6460.12 187     30247    -1871.58   -1871.47   0.109586    19       2259     
 6460.43 187     30250    -1871.58   -1871.47   0.109586    18       2259     
 6464.48 187     30300    -1871.58   -1871.47   0.109586    19       2264     
 6474.43 188     30413    -1871.58   -1871.47   0.109337    25       2275     
 6474.73 188     30414    -1871.58   -1871.47   0.109337    26       2275     
 6475.16 188     30450    -1871.58   -1871.47   0.109337    25       2275     
 6485.06 189     30579    -1871.58   -1871.47   0.109306    26       2286     
 6485.37 189     30580    -1871.58   -1871.47   0.109306    26       2286     
 6485.77 189     30600    -1871.58   -1871.47   0.109306    26       2286     
 6486.24 189     30650    -1871.58   -1871.47   0.109306    26       2286     
 6496.72 190     30745    -1871.58   -1871.47   0.108978    21       2297     
 6497.04 190     30750    -1871.58   -1871.47   0.108978    22       2297     
 6497.48 190     30800    -1871.58   -1871.47   0.108978    22       2297     
 6506.38 191     30911    -1871.58   -1871.47   0.108761    17       2307     
 6506.68 191     30912    -1871.58   -1871.47   0.108761    17       2307     
 6513.8  191     30950    -1871.58   -1871.47   0.108761    17       2315     
 6530.05 192     31077    -1871.57   -1871.47   0.108381    22       2333     
 6530.36 192     31078    -1871.57   -1871.47   0.108381    22       2333     
 6535.5  192     31100    -1871.57   -1871.47   0.108381    21       2339     
 6536.79 192     31150    -1871.57   -1871.47   0.108381    21       2340     
 6544.45 193     31241    -1871.57   -1871.47   0.108285    22       2348     
 6544.82 193     31250    -1871.57   -1871.47   0.108285    22       2348     
 6545.26 193     31300    -1871.57   -1871.47   0.108285    22       2348     
 6559.47 194     31405    -1871.57   -1871.47   0.10822     22       2363     
 6559.79 194     31406    -1871.57   -1871.47   0.10822     22       2363     
 6568    194     31450    -1871.57   -1871.47   0.10822     23       2372     
 6580.25 195     31569    -1871.57   -1871.47   0.108157    26       2384     
 6580.58 195     31570    -1871.57   -1871.47   0.108157    26       2384     
 6580.99 195     31600    -1871.57   -1871.47   0.108157    26       2384     
 6590.18 195     31650    -1871.57   -1871.47   0.108157    26       2393     
 6590.9  196     31733    -1871.57   -1871.47   0.107983    22       2393     
 6591.37 196     31750    -1871.57   -1871.47   0.107983    24       2393     
 6591.86 196     31800    -1871.57   -1871.47   0.107983    24       2393     
 6603.83 197     31899    -1871.57   -1871.47   0.107418    27       2404     
 6604.17 197     31900    -1871.57   -1871.47   0.107418    27       2404     
 6604.73 197     31950    -1871.57   -1871.47   0.107418    27       2404     
 6611.41 198     32063    -1871.57   -1871.47   0.107131    25       2410     
 6611.75 198     32064    -1871.57   -1871.47   0.107131    25       2410     
 6624.98 198     32100    -1871.57   -1871.47   0.107131    27       2424     
 6646.2  199     32227    -1871.57   -1871.47   0.107005    26       2442     
 6646.55 199     32228    -1871.57   -1871.47   0.107005    27       2442     
 6647.03 199     32250    -1871.57   -1871.47   0.107005    27       2442     
 6647.57 199     32300    -1871.57   -1871.47   0.107005    27       2442     
 6656.74 200     32395    -1871.57   -1871.47   0.105105    21       2450     
 6659.26 200     32400    -1871.57   -1871.47   0.105105    22       2453     
 6666.36 200     32450    -1871.57   -1871.47   0.105105    24       2462     
 6681.45 201     32561    -1871.57   -1871.47   0.104857    23       2480     
 6681.78 201     32562    -1871.57   -1871.47   0.104857    23       2480     
 6686.89 201     32600    -1871.57   -1871.47   0.104857    21       2486     
 6700.36 202     32729    -1871.57   -1871.47   0.10464     22       2501     
 6700.7  202     32730    -1871.57   -1871.47   0.10464     22       2501     
 6707    202     32750    -1871.57   -1871.47   0.10464     22       2509     
 6719.18 202     32800    -1871.57   -1871.47   0.10464     23       2523     
 6729.41 203     32895    -1871.57   -1871.47   0.104371    23       2534     
 6729.77 203     32900    -1871.57   -1871.47   0.104371    23       2534     
 6731.55 203     32950    -1871.57   -1871.47   0.104371    23       2536     
 6745.79 204     33061    -1871.57   -1871.47   0.104097    22       2551     
 6746.12 204     33062    -1871.57   -1871.47   0.104097    22       2551     
 6746.63 204     33100    -1871.57   -1871.47   0.104097    21       2551     
 6757.08 205     33227    -1871.57   -1871.47   0.103742    24       2561     
 6757.42 205     33228    -1871.57   -1871.47   0.103742    24       2561     
 6757.91 205     33250    -1871.57   -1871.47   0.103742    25       2561     
 6758.43 205     33300    -1871.57   -1871.47   0.103742    25       2561     
 6765.64 206     33393    -1871.57   -1871.47   0.103489    19       2568     
 6766    206     33400    -1871.57   -1871.47   0.103489    19       2568     
 6766.5  206     33450    -1871.57   -1871.47   0.103489    19       2568     
 6776.62 207     33559    -1871.57   -1871.47   0.103296    21       2578     
 6776.97 207     33560    -1871.57   -1871.47   0.103296    21       2578     
 6777.46 207     33600    -1871.57   -1871.47   0.103296    21       2578     
 6783.04 208     33723    -1871.57   -1871.47   0.10304     21       2583     
 6783.38 208     33724    -1871.57   -1871.47   0.10304     21       2583     
 6788.34 208     33750    -1871.57   -1871.47   0.10304     20       2588     
 6795.65 208     33800    -1871.57   -1871.47   0.10304     23       2595     
 6800.4  209     33887    -1871.57   -1871.47   0.102903    26       2599     
 6805.01 209     33900    -1871.57   -1871.47   0.102903    27       2604     
 6805.59 209     33950    -1871.57   -1871.47   0.102903    27       2604     
 6823.3  210     34055    -1871.57   -1871.47   0.102263    24       2621     
 6823.64 210     34056    -1871.57   -1871.47   0.102263    24       2621     
 6824.17 210     34100    -1871.57   -1871.47   0.102263    24       2621     
 6832.55 211     34221    -1871.57   -1871.47   0.101929    21       2630     
 6832.88 211     34222    -1871.57   -1871.47   0.101929    21       2630     
 6840.48 211     34250    -1871.57   -1871.47   0.101929    23       2638     
 6843.88 211     34300    -1871.57   -1871.47   0.101929    26       2641     
 6847.56 212     34387    -1871.57   -1871.47   0.101575    22       2644     
 6848.03 212     34400    -1871.57   -1871.47   0.101575    23       2644     
 6848.57 212     34450    -1871.57   -1871.47   0.101575    23       2644     
 6856.35 213     34551    -1871.57   -1871.47   0.101537    22       2651     
 6856.69 213     34552    -1871.57   -1871.47   0.101537    23       2651     
 6857.21 213     34600    -1871.57   -1871.47   0.101537    23       2651     
 6864.88 214     34719    -1871.57   -1871.47   0.101143    18       2658     
 6865.22 214     34720    -1871.57   -1871.47   0.101143    18       2658     
 6865.79 214     34750    -1871.57   -1871.47   0.101143    18       2658     
 6884.88 214     34800    -1871.57   -1871.47   0.101143    24       2680     
 6885.74 215     34883    -1871.57   -1871.47   0.100888    24       2680     
 6886.2  215     34900    -1871.57   -1871.47   0.100888    25       2680     
 6886.72 215     34950    -1871.57   -1871.47   0.100888    25       2680     
 6897.59 216     35047    -1871.57   -1871.47   0.10077     27       2691     
 6898.87 216     35050    -1871.57   -1871.47   0.10077     27       2692     
 6906.28 216     35100    -1871.57   -1871.47   0.10077     27       2700     
 6915.99 217     35211    -1871.57   -1871.47   0.100593    30       2710     
 6916.35 217     35212    -1871.57   -1871.47   0.100593    30       2710     
 6916.89 217     35250    -1871.57   -1871.47   0.100593    30       2710     
 6926.48 218     35375    -1871.57   -1871.47   0.100561    30       2720     
 6926.84 218     35376    -1871.57   -1871.47   0.100561    30       2720     
 6929.56 218     35400    -1871.57   -1871.47   0.100561    30       2723     
 6932.84 218     35450    -1871.57   -1871.47   0.100561    30       2726     
 6940.17 219     35541    -1871.57   -1871.47   0.100452    27       2733     
 6940.6  219     35550    -1871.57   -1871.47   0.100452    28       2733     
 6941.13 219     35600    -1871.57   -1871.47   0.100452    28       2733     
 6952.12 220     35705    -1871.57   -1871.47   0.100372    31       2744     
 6952.49 220     35706    -1871.57   -1871.47   0.100372    30       2744     
 6953.09 220     35750    -1871.57   -1871.47   0.100372    29       2744     
 6959.78 221     35869    -1871.57   -1871.47   0.100073    33       2750     
 6960.16 221     35870    -1871.57   -1871.47   0.100073    34       2750     
 6966.46 221     35900    -1871.57   -1871.47   0.100073    33       2756     
 6973.12 221     35950    -1871.57   -1871.47   0.100073    35       2762     
 6974.63 222     36035    -1871.57   -1871.47   0.0994301   24       2763     
 6975.04 222     36050    -1871.57   -1871.47   0.0994301   24       2763     
 6975.56 222     36100    -1871.57   -1871.47   0.0994301   24       2763     
 6980.23 223     36199    -1871.57   -1871.47   0.0993055   24       2768     
 6980.59 223     36200    -1871.57   -1871.47   0.0993055   25       2768     
 6981.13 223     36250    -1871.57   -1871.47   0.0993055   25       2768     
 6994.04 224     36363    -1871.57   -1871.47   0.0992118   24       2783     
 6994.41 224     36364    -1871.57   -1871.47   0.0992118   24       2783     
 7001.24 224     36400    -1871.57   -1871.47   0.0992118   25       2791     
 7018.14 225     36529    -1871.57   -1871.47   0.099014    25       2809     
 7018.52 225     36530    -1871.57   -1871.47   0.099014    25       2809     
 7018.99 225     36550    -1871.57   -1871.47   0.099014    25       2809     
 7019.53 225     36600    -1871.57   -1871.47   0.099014    25       2809     
 7026.41 226     36693    -1871.57   -1871.47   0.0986965   25       2816     
 7026.82 226     36700    -1871.57   -1871.47   0.0986965   25       2816     
 7027.39 226     36750    -1871.57   -1871.47   0.0986965   25       2816     
 7034.64 227     36857    -1871.57   -1871.47   0.0986224   27       2823     
 7035.02 227     36858    -1871.57   -1871.47   0.0986224   27       2823     
 7035.6  227     36900    -1871.57   -1871.47   0.0986224   27       2823     
 7048.94 228     37021    -1871.57   -1871.47   0.0985504   26       2836     
 7049.37 228     37022    -1871.57   -1871.47   0.0985504   27       2836     
 7049.85 228     37050    -1871.57   -1871.47   0.0985504   27       2836     
 7054.26 228     37100    -1871.57   -1871.47   0.0985504   29       2840     
 7056.93 229     37185    -1871.57   -1871.47   0.0985048   22       2842     
 7057.35 229     37200    -1871.57   -1871.47   0.0985048   22       2842     
 7057.9  229     37250    -1871.57   -1871.47   0.0985048   22       2842     
 7066.49 230     37349    -1871.57   -1871.47   0.0984645   27       2850     
 7066.87 230     37350    -1871.57   -1871.47   0.0984645   27       2850     
 7067.44 230     37400    -1871.57   -1871.47   0.0984645   27       2850     
 7073.37 231     37513    -1871.57   -1871.47   0.098334    24       2855     
 7073.75 231     37514    -1871.57   -1871.47   0.098334    24       2855     
 7074.32 231     37550    -1871.57   -1871.47   0.098334    26       2855     
 7082.18 232     37677    -1871.57   -1871.47   0.0982051   26       2862     
 7082.56 232     37678    -1871.57   -1871.47   0.0982051   26       2862     
 7083.02 232     37700    -1871.57   -1871.47   0.0982051   26       2862     
 7083.58 232     37750    -1871.57   -1871.47   0.0982051   26       2862     
 7088.49 233     37841    -1871.57   -1871.47   0.0981813   25       2866     
 7088.9  233     37850    -1871.57   -1871.47   0.0981813   25       2866     
 7089.48 233     37900    -1871.57   -1871.47   0.0981813   25       2866     
 7108.24 234     38005    -1871.56   -1871.47   0.0980932   26       2884     
 7108.63 234     38006    -1871.56   -1871.47   0.0980932   26       2884     
 7115.82 234     38050    -1871.56   -1871.47   0.0980932   26       2891     
 7128.32 235     38169    -1871.56   -1871.47   0.0978993   25       2902     
 7128.71 235     38170    -1871.56   -1871.47   0.0978993   25       2902     
 7129.2  235     38200    -1871.56   -1871.47   0.0978993   25       2902     
 7142.45 235     38250    -1871.56   -1871.47   0.0978993   28       2914     
 7143.29 236     38333    -1871.56   -1871.47   0.0978413   27       2914     
 7143.75 236     38350    -1871.56   -1871.47   0.0978413   27       2914     
 7144.31 236     38400    -1871.56   -1871.47   0.0978413   27       2914     
 7158.53 237     38497    -1871.56   -1871.47   0.0977618   29       2926     
 7158.93 237     38500    -1871.56   -1871.47   0.0977618   29       2926     
 7161.23 237     38550    -1871.56   -1871.47   0.0977618   31       2928     
 7172.85 238     38659    -1871.56   -1871.47   0.0977128   26       2937     
 7173.24 238     38660    -1871.56   -1871.47   0.0977128   26       2937     
 7183.51 238     38700    -1871.56   -1871.47   0.0977128   25       2946     
 7198.29 239     38821    -1871.56   -1871.47   0.0975576   28       2957     
 7198.71 239     38822    -1871.56   -1871.47   0.0975576   29       2957     
 7199.3  239     38850    -1871.56   -1871.47   0.0975576   31       2957     
 7208.64 239     38900    -1871.56   -1871.47   0.0975576   32       2964     
 7212.01 240     38985    -1871.56   -1871.47   0.0975298   34       2966     
 7218.99 240     39000    -1871.56   -1871.47   0.0975298   34       2972     
 7219.6  240     39050    -1871.56   -1871.47   0.0975298   34       2972     
 7232.64 241     39149    -1871.56   -1871.47   0.0975077   36       2982     
 7233.07 241     39150    -1871.56   -1871.47   0.0975077   36       2982     
 7235.5  241     39200    -1871.56   -1871.47   0.0975077   36       2984     
 7246.67 242     39311    -1871.56   -1871.47   0.097491    40       2992     
 7247.12 242     39312    -1871.56   -1871.47   0.097491    40       2992     
 7247.78 242     39350    -1871.56   -1871.47   0.097491    40       2992     
 7272.89 243     39473    -1871.56   -1871.47   0.0974771   39       3011     
 7273.34 243     39474    -1871.56   -1871.47   0.0974771   39       3011     
 7273.91 243     39500    -1871.56   -1871.47   0.0974771   39       3011     
 7281.04 243     39550    -1871.56   -1871.47   0.0974771   42       3016     
 7285.95 244     39635    -1871.56   -1871.47   0.097453    31       3019     
 7290.48 244     39650    -1871.56   -1871.47   0.097453    31       3023     
 7291.16 244     39700    -1871.56   -1871.47   0.097453    31       3023     
 7307.47 245     39797    -1871.56   -1871.47   0.097443    34       3034     
 7307.93 245     39800    -1871.56   -1871.47   0.097443    34       3034     
 7308.61 245     39850    -1871.56   -1871.47   0.097443    34       3034     
 7327.69 246     39961    -1871.56   -1871.47   0.0972457   29       3047     
 7328.12 246     39962    -1871.56   -1871.47   0.0972457   29       3047     
 7328.77 246     40000    -1871.56   -1871.47   0.0972457   30       3047     
 7341.86 247     40123    -1871.56   -1871.47   0.0971802   28       3056     
 7342.3  247     40124    -1871.56   -1871.47   0.0971802   27       3056     
 7345.05 247     40150    -1871.56   -1871.47   0.0971802   28       3058     
 7353.92 247     40200    -1871.56   -1871.47   0.0971802   31       3064     
 7359.48 248     40285    -1871.56   -1871.47   0.0970464   24       3067     
 7360.04 248     40300    -1871.56   -1871.47   0.0970464   27       3067     
 7360.68 248     40350    -1871.56   -1871.47   0.0970464   27       3067     
 7378.15 249     40449    -1871.56   -1871.47   0.0968315   28       3078     
 7378.6  249     40450    -1871.56   -1871.47   0.0968315   28       3078     
 7386.42 249     40500    -1871.56   -1871.47   0.0968315   29       3083     
 7412.16 250     40613    -1871.56   -1871.47   0.0966668   31       3099     
 7412.6  250     40614    -1871.56   -1871.47   0.0966668   30       3099     
 7413.24 250     40650    -1871.56   -1871.47   0.0966668   30       3099     
 7434.48 251     40777    -1871.56   -1871.47   0.0965719   27       3112     
 7434.91 251     40778    -1871.56   -1871.47   0.0965719   27       3112     
 7435.48 251     40800    -1871.56   -1871.47   0.0965719   27       3112     
 7446.93 251     40850    -1871.56   -1871.47   0.0965719   29       3119     
 7459.22 252     40939    -1871.56   -1871.47   0.0965173   28       3126     
 7468.59 252     40950    -1871.56   -1871.47   0.0965173   29       3132     
 7469.28 252     41000    -1871.56   -1871.47   0.0965173   29       3132     
 7488.11 253     41101    -1871.56   -1871.47   0.0963723   25       3143     
 7488.57 253     41102    -1871.56   -1871.47   0.0963723   25       3143     
 7489.27 253     41150    -1871.56   -1871.47   0.0963723   26       3143     
 7506.98 254     41263    -1871.56   -1871.47   0.0963275   30       3153     
 7507.44 254     41264    -1871.56   -1871.47   0.0963275   30       3153     
 7508.25 254     41300    -1871.56   -1871.47   0.0963275   32       3153     
 7533.24 255     41427    -1871.56   -1871.47   0.0947921   27       3168     
 7533.71 255     41428    -1871.56   -1871.47   0.0947921   27       3168     
 7539.32 255     41450    -1871.56   -1871.47   0.0947921   26       3174     
 7557.62 255     41500    -1871.56   -1871.47   0.0947921   30       3192     
 7568.13 256     41593    -1871.56   -1871.47   0.0946406   23       3201     
 7568.58 256     41600    -1871.56   -1871.47   0.0946406   24       3201     
 7569.26 256     41650    -1871.56   -1871.47   0.0946406   24       3201     
 7577.74 257     41757    -1871.56   -1871.47   0.0945994   24       3208     
 7578.16 257     41758    -1871.56   -1871.47   0.0945994   24       3208     
 7578.84 257     41800    -1871.56   -1871.47   0.0945994   26       3208     
 7591.76 258     41921    -1871.56   -1871.47   0.0943924   24       3219     
 7592.18 258     41922    -1871.56   -1871.47   0.0943924   24       3219     
 7605.55 258     41950    -1871.56   -1871.47   0.0943924   26       3231     
 7622.69 258     42000    -1871.56   -1871.47   0.0943924   29       3246     
 7626.09 259     42085    -1871.56   -1871.47   0.0942856   21       3248     
 7626.68 259     42100    -1871.56   -1871.47   0.0942856   21       3248     
 7627.33 259     42150    -1871.56   -1871.47   0.0942856   21       3248     
 7642.08 260     42249    -1871.56   -1871.47   0.0939722   23       3260     
 7642.5  260     42250    -1871.56   -1871.47   0.0939722   23       3260     
 7643.41 260     42300    -1871.56   -1871.47   0.0939722   23       3260     
 7669.49 261     42413    -1871.56   -1871.47   0.093857    22       3281     
 7669.94 261     42414    -1871.56   -1871.47   0.093857    22       3281     
 7689.07 261     42450    -1871.56   -1871.47   0.093857    27       3296     
 7714.96 262     42577    -1871.56   -1871.47   0.0936493   29       3314     
 7715.4  262     42578    -1871.56   -1871.47   0.0936493   29       3314     
 7723.92 262     42600    -1871.56   -1871.47   0.0936493   29       3322     
 7741.05 262     42650    -1871.56   -1871.47   0.0936493   32       3334     
 7751.86 263     42739    -1871.56   -1871.47   0.0936113   32       3341     
 7752.44 263     42750    -1871.56   -1871.47   0.0936113   33       3341     
 7753.14 263     42800    -1871.56   -1871.47   0.0936113   33       3341     
 7762.3  264     42903    -1871.56   -1871.47   0.0934872   24       3347     
 7762.75 264     42904    -1871.56   -1871.47   0.0934872   25       3347     
 7763.42 264     42950    -1871.56   -1871.47   0.0934872   26       3347     
 7773.94 265     43065    -1871.56   -1871.47   0.0934279   24       3354     
 7774.4  265     43066    -1871.56   -1871.47   0.0934279   24       3354     
 7779.81 265     43100    -1871.56   -1871.47   0.0934279   24       3358     
 7810.85 266     43227    -1871.56   -1871.47   0.0933802   24       3380     
 7811.31 266     43228    -1871.56   -1871.47   0.0933802   24       3380     
 7822.58 266     43250    -1871.56   -1871.47   0.0933802   26       3390     
 7833.3  266     43300    -1871.56   -1871.47   0.0933802   23       3398     
 7845.11 267     43391    -1871.56   -1871.47   0.0932109   29       3406     
 7851.75 267     43400    -1871.56   -1871.47   0.0932109   26       3411     
 7852.45 267     43450    -1871.56   -1871.47   0.0932109   26       3411     
 7867.29 268     43553    -1871.56   -1871.47   0.0929743   27       3421     
 7867.76 268     43554    -1871.56   -1871.47   0.0929743   26       3421     
 7868.49 268     43600    -1871.56   -1871.47   0.0929743   26       3421     
 7882.02 269     43715    -1871.56   -1871.47   0.0929326   27       3430     
 7882.5  269     43716    -1871.56   -1871.47   0.0929326   27       3430     
 7883.15 269     43750    -1871.56   -1871.47   0.0929326   26       3430     
 7909.21 270     43877    -1871.56   -1871.47   0.0928466   30       3446     
 7909.68 270     43878    -1871.56   -1871.47   0.0928466   31       3446     
 7910.34 270     43900    -1871.56   -1871.47   0.0928466   31       3446     
 7912.6  270     43950    -1871.56   -1871.47   0.0928466   32       3447     
 7923.79 271     44039    -1871.56   -1871.47   0.0928367   37       3454     
 7924.37 271     44050    -1871.56   -1871.47   0.0928367   39       3454     
 7925.09 271     44100    -1871.56   -1871.47   0.0928367   39       3454     
 7937.67 272     44201    -1871.56   -1871.47   0.0927559   25       3462     
 7938.16 272     44202    -1871.56   -1871.47   0.0927559   25       3462     
 7938.86 272     44250    -1871.56   -1871.47   0.0927559   24       3462     
 7947.54 273     44363    -1871.56   -1871.47   0.0926998   25       3467     
 7948.03 273     44364    -1871.56   -1871.47   0.0926998   25       3467     
 7948.67 273     44400    -1871.56   -1871.47   0.0926998   25       3467     
 7963.47 274     44525    -1871.56   -1871.47   0.0926759   28       3476     
 7963.96 274     44526    -1871.56   -1871.47   0.0926759   28       3476     
 7964.54 274     44550    -1871.56   -1871.47   0.0926759   28       3476     
 7966.97 274     44600    -1871.56   -1871.47   0.0926759   29       3477     
 7975.2  275     44687    -1871.56   -1871.47   0.0926143   28       3482     
 7980.73 275     44700    -1871.56   -1871.47   0.0926143   27       3486     
 7981.52 275     44750    -1871.56   -1871.47   0.0926143   27       3486     
 8000.6  276     44849    -1871.56   -1871.47   0.0925483   25       3498     
 8001.09 276     44850    -1871.56   -1871.47   0.0925483   25       3498     
 8001.9  276     44900    -1871.56   -1871.47   0.0925483   26       3498     
 8010.65 277     45011    -1871.56   -1871.47   0.0923652   26       3503     
 8011.14 277     45012    -1871.56   -1871.47   0.0923652   26       3503     
 8011.81 277     45050    -1871.56   -1871.47   0.0923652   25       3503     
 8019.17 278     45173    -1871.56   -1871.47   0.0923394   28       3507     
 8019.66 278     45174    -1871.56   -1871.47   0.0923394   28       3507     
 8022.59 278     45200    -1871.56   -1871.47   0.0923394   28       3509     
 8038.87 278     45250    -1871.56   -1871.47   0.0923394   31       3519     
 8044.91 279     45335    -1871.56   -1871.47   0.0923013   32       3522     
 8045.5  279     45350    -1871.56   -1871.47   0.0923013   33       3522     
 8046.23 279     45400    -1871.56   -1871.47   0.0923013   33       3522     
 8052.48 280     45497    -1871.56   -1871.47   0.0921786   31       3525     
 8053.01 280     45500    -1871.56   -1871.47   0.0921786   32       3525     
 8053.73 280     45550    -1871.56   -1871.47   0.0921786   32       3525     
 8059.31 281     45661    -1871.56   -1871.47   0.091774    21       3528     
 8059.78 281     45662    -1871.56   -1871.47   0.091774    21       3528     
 8068.71 281     45700    -1871.56   -1871.47   0.091774    20       3536     
 8087.84 282     45823    -1871.56   -1871.47   0.0917068   20       3551     
 8088.33 282     45824    -1871.56   -1871.47   0.0917068   20       3551     
 8095.86 282     45850    -1871.56   -1871.47   0.0917068   21       3557     
 8098.91 282     45900    -1871.56   -1871.47   0.0917068   21       3559     
 8103.68 283     45985    -1871.56   -1871.47   0.0915939   19       3562     
 8104.24 283     46000    -1871.56   -1871.47   0.0915939   19       3562     
 8104.93 283     46050    -1871.56   -1871.47   0.0915939   19       3562     
 8113.52 284     46147    -1871.56   -1871.47   0.0914854   22       3568     
 8114.04 284     46150    -1871.56   -1871.47   0.0914854   24       3568     
 8135.02 284     46200    -1871.56   -1871.47   0.0914854   27       3585     
 8142.8  285     46309    -1871.56   -1871.47   0.0910194   24       3590     
 8143.3  285     46310    -1871.56   -1871.47   0.0910194   24       3590     
 8147.22 285     46350    -1871.56   -1871.47   0.0910194   22       3593     
 8174.34 286     46471    -1871.56   -1871.47   0.0909234   26       3613     
 8174.84 286     46472    -1871.56   -1871.47   0.0909234   26       3613     
 8175.49 286     46500    -1871.56   -1871.47   0.0909234   26       3613     
 8193.62 286     46550    -1871.56   -1871.47   0.0909234   28       3626     
 8196.13 287     46633    -1871.56   -1871.47   0.0908673   28       3627     
 8198.82 287     46650    -1871.56   -1871.47   0.0908673   30       3629     
 8204.93 287     46700    -1871.56   -1871.47   0.0908673   29       3633     
 8225.47 288     46797    -1871.56   -1871.47   0.0895922   26       3647     
 8225.97 288     46800    -1871.56   -1871.47   0.0895922   28       3647     
 8226.78 288     46850    -1871.56   -1871.47   0.0895922   28       3647     
 8240.87 289     46961    -1871.56   -1871.47   0.0893965   25       3658     
 8241.36 289     46962    -1871.56   -1871.47   0.0893965   25       3658     
 8242.04 289     47000    -1871.56   -1871.47   0.0893965   25       3658     
 8251.96 290     47127    -1871.56   -1871.47   0.0893386   29       3665     
 8252.44 290     47128    -1871.56   -1871.47   0.0893386   30       3665     
 8253    290     47150    -1871.56   -1871.47   0.0893386   30       3665     
 8253.71 290     47200    -1871.56   -1871.47   0.0893386   30       3665     
 8259.68 291     47293    -1871.56   -1871.47   0.0892938   26       3669     
 8261.14 291     47300    -1871.56   -1871.47   0.0892938   27       3670     
 8262    291     47350    -1871.56   -1871.47   0.0892938   27       3670     
 8287.85 292     47459    -1871.56   -1871.47   0.0891302   29       3689     
 8288.36 292     47460    -1871.56   -1871.47   0.0891302   30       3689     
 8289.13 292     47500    -1871.56   -1871.47   0.0891302   30       3689     
 8309.59 293     47623    -1871.56   -1871.47   0.0890456   27       3703     
 8310.09 293     47624    -1871.56   -1871.47   0.0890456   27       3703     
 8317.15 293     47650    -1871.56   -1871.47   0.0890456   30       3708     
 8341.91 293     47700    -1871.56   -1871.47   0.0890456   34       3726     
 8348.89 294     47787    -1871.56   -1871.47   0.0889522   31       3730     
 8354.47 294     47800    -1871.56   -1871.47   0.0889522   33       3734     
 8358.01 294     47850    -1871.56   -1871.47   0.0889522   33       3736     
 8385.08 295     47951    -1871.56   -1871.47   0.0888771   31       3754     
 8385.58 295     47952    -1871.56   -1871.47   0.0888771   31       3754     
 8386.34 295     48000    -1871.56   -1871.47   0.0888771   31       3754     
 8413.57 296     48115    -1871.56   -1871.47   0.0888456   31       3771     
 8414.09 296     48116    -1871.56   -1871.47   0.0888456   31       3771     
 8414.87 296     48150    -1871.56   -1871.47   0.0888456   31       3771     
 8433.35 297     48281    -1871.56   -1871.47   0.0887465   22       3782     
 8433.85 297     48282    -1871.56   -1871.47   0.0887465   22       3782     
 8434.52 297     48300    -1871.56   -1871.47   0.0887465   22       3782     
 8435.38 297     48350    -1871.56   -1871.47   0.0887465   22       3782     
 8453.32 298     48445    -1871.56   -1871.47   0.088596    25       3793     
 8453.86 298     48450    -1871.56   -1871.47   0.088596    24       3793     
 8454.64 298     48500    -1871.56   -1871.47   0.088596    24       3793     
 8475.13 299     48609    -1871.56   -1871.47   0.088527    24       3805     
 8475.64 299     48610    -1871.56   -1871.47   0.088527    24       3805     
 8476.32 299     48650    -1871.56   -1871.47   0.088527    23       3805     
 8496.05 300     48773    -1871.56   -1871.47   0.088486    30       3816     
 8496.57 300     48774    -1871.56   -1871.47   0.088486    30       3816     
 8497.2  300     48800    -1871.56   -1871.47   0.088486    30       3816     
 8504.56 300     48850    -1871.56   -1871.47   0.088486    30       3820     
 8513.62 301     48939    -1871.56   -1871.47   0.0883149   24       3825     
 8514.18 301     48950    -1871.56   -1871.47   0.0883149   24       3825     
 8514.94 301     49000    -1871.56   -1871.47   0.0883149   24       3825     
 8525.49 302     49105    -1871.56   -1871.47   0.0878249   24       3832     
 8525.98 302     49106    -1871.56   -1871.47   0.0878249   24       3832     
 8526.65 302     49150    -1871.56   -1871.47   0.0878249   24       3832     
 8539.69 303     49269    -1871.56   -1871.47   0.0877834   25       3842     
 8540.18 303     49270    -1871.56   -1871.47   0.0877834   25       3842     
 8540.79 303     49300    -1871.56   -1871.47   0.0877834   25       3842     
 8547.43 303     49350    -1871.56   -1871.47   0.0877834   30       3847     
 8548.57 304     49433    -1871.56   -1871.47   0.0876966   26       3847     
 8549.26 304     49450    -1871.56   -1871.47   0.0876966   24       3847     
 8550    304     49500    -1871.56   -1871.47   0.0876966   24       3847     
 8560.86 305     49597    -1871.56   -1871.47   0.0876038   26       3855     
 8562.54 305     49600    -1871.56   -1871.47   0.0876038   26       3856     
 8571.45 305     49650    -1871.56   -1871.47   0.0876038   26       3863     
 8580.03 306     49761    -1871.55   -1871.47   0.0874793   22       3869     
 8580.56 306     49762    -1871.55   -1871.47   0.0874793   22       3869     
 8584.55 306     49800    -1871.55   -1871.47   0.0874793   23       3872     
 8602.57 307     49925    -1871.55   -1871.47   0.0874304   25       3885     
 8603.07 307     49926    -1871.55   -1871.47   0.0874304   25       3885     
 8617.19 307     49950    -1871.55   -1871.47   0.0874304   25       3896     
 8646.28 307     50000    -1871.55   -1871.47   0.0874304   32       3917     
 8656.08 308     50089    -1871.55   -1871.47   0.0873945   29       3923     
 8665.63 308     50100    -1871.55   -1871.47   0.0873945   27       3930     
 8666.52 308     50150    -1871.55   -1871.47   0.0873945   27       3930     
 8690.03 309     50255    -1871.55   -1871.47   0.0869721   26       3946     
 8690.56 309     50256    -1871.55   -1871.47   0.0869721   27       3946     
 8691.38 309     50300    -1871.55   -1871.47   0.0869721   24       3946     
 8717.65 310     50419    -1871.55   -1871.47   0.0869302   24       3966     
 8718.17 310     50420    -1871.55   -1871.47   0.0869302   24       3966     
 8718.82 310     50450    -1871.55   -1871.47   0.0869302   24       3966     
 8738.48 310     50500    -1871.55   -1871.47   0.0869302   29       3981     
 8739.65 311     50583    -1871.55   -1871.47   0.0869186   28       3981     
 8744.05 311     50600    -1871.55   -1871.47   0.0869186   29       3984     
 8760.79 311     50650    -1871.55   -1871.47   0.0869186   34       3997     
 8780.1  312     50747    -1871.55   -1871.47   0.0869108   29       4011     
 8780.65 312     50750    -1871.55   -1871.47   0.0869108   29       4011     
 8801.6  312     50800    -1871.55   -1871.47   0.0869108   29       4028     
 8838.97 313     50913    -1871.55   -1871.47   0.0868489   26       4054     
 8839.5  313     50914    -1871.55   -1871.47   0.0868489   26       4054     
 8840.24 313     50950    -1871.55   -1871.47   0.0868489   26       4054     
 8854.01 314     51077    -1871.55   -1871.47   0.0867957   28       4062     
 8854.55 314     51078    -1871.55   -1871.47   0.0867957   28       4062     
 8855.33 314     51100    -1871.55   -1871.47   0.0867957   30       4062     
 8857.66 314     51150    -1871.55   -1871.47   0.0867957   29       4063     
 8870.89 315     51241    -1871.55   -1871.47   0.0866473   27       4071     
 8871.47 315     51250    -1871.55   -1871.47   0.0866473   26       4071     
 8872.28 315     51300    -1871.55   -1871.47   0.0866473   26       4071     
 8883.78 316     51405    -1871.55   -1871.47   0.086618    30       4078     
 8884.31 316     51406    -1871.55   -1871.47   0.086618    31       4078     
 8885.06 316     51450    -1871.55   -1871.47   0.086618    31       4078     
 8894.34 317     51569    -1871.55   -1871.47   0.0865951   26       4083     
 8894.9  317     51570    -1871.55   -1871.47   0.0865951   26       4083     
 8895.61 317     51600    -1871.55   -1871.47   0.0865951   26       4083     
 8906.05 317     51650    -1871.55   -1871.47   0.0865951   26       4089     
 8907.25 318     51733    -1871.55   -1871.47   0.0865864   28       4089     
 8907.88 318     51750    -1871.55   -1871.47   0.0865864   28       4089     
 8908.71 318     51800    -1871.55   -1871.47   0.0865864   28       4089     
 8917.81 319     51895    -1871.55   -1871.47   0.0865199   26       4094     
 8918.39 319     51900    -1871.55   -1871.47   0.0865199   25       4094     
 8919.21 319     51950    -1871.55   -1871.47   0.0865199   25       4094     
 8925.28 320     52057    -1871.55   -1871.47   0.0864796   28       4097     
 8925.83 320     52058    -1871.55   -1871.47   0.0864796   27       4097     
 8926.71 320     52100    -1871.55   -1871.47   0.0864796   27       4097     
 8936.09 321     52219    -1871.55   -1871.47   0.0864059   27       4102     
 8936.63 321     52220    -1871.55   -1871.47   0.0864059   27       4102     
 8948.35 321     52250    -1871.55   -1871.47   0.0864059   27       4110     
 8989.84 321     52300    -1871.55   -1871.47   0.0864059   33       4135     
 8991.37 322     52383    -1871.55   -1871.47   0.0863713   28       4135     
 9015.75 322     52400    -1871.55   -1871.47   0.0863713   28       4149     
 9039.79 322     52450    -1871.55   -1871.47   0.0863713   28       4163     
 9064.91 323     52545    -1871.55   -1871.47   0.0863248   29       4176     
 9065.52 323     52550    -1871.55   -1871.47   0.0863248   29       4176     
 9066.44 323     52600    -1871.55   -1871.47   0.0863248   29       4176     
 9078.21 324     52709    -1871.55   -1871.47   0.0862808   26       4182     
 9078.77 324     52710    -1871.55   -1871.47   0.0862808   26       4182     
 9079.53 324     52750    -1871.55   -1871.47   0.0862808   26       4182     
 9091.8  325     52873    -1871.55   -1871.47   0.0862389   27       4188     
 9092.4  325     52874    -1871.55   -1871.47   0.0862389   27       4188     
 9093.26 325     52900    -1871.55   -1871.47   0.0862389   28       4188     
 9100.04 325     52950    -1871.55   -1871.47   0.0862389   30       4191     
 9106.69 326     53035    -1871.55   -1871.47   0.0861437   29       4194     
 9107.34 326     53050    -1871.55   -1871.47   0.0861437   27       4194     
 9108.19 326     53100    -1871.55   -1871.47   0.0861437   27       4194     
 9118.69 327     53197    -1871.55   -1871.47   0.0861251   29       4199     
 9119.27 327     53200    -1871.55   -1871.47   0.0861251   29       4199     
 9120.15 327     53250    -1871.55   -1871.47   0.0861251   30       4199     
 9142.89 328     53361    -1871.55   -1871.47   0.0860904   31       4210     
 9143.46 328     53362    -1871.55   -1871.47   0.0860904   32       4210     
 9144.24 328     53400    -1871.55   -1871.47   0.0860904   33       4210     
 9153.19 329     53523    -1871.55   -1871.47   0.0860646   30       4214     
 9153.76 329     53524    -1871.55   -1871.47   0.0860646   31       4214     
 9154.46 329     53550    -1871.55   -1871.47   0.0860646   31       4214     
 9155.38 329     53600    -1871.55   -1871.47   0.0860646   31       4214     
 9160.52 330     53685    -1871.55   -1871.47   0.0860461   35       4216     
 9161.28 330     53700    -1871.55   -1871.47   0.0860461   34       4216     
 9162.14 330     53750    -1871.55   -1871.47   0.0860461   34       4216     
 9175.02 331     53849    -1871.55   -1871.47   0.0859509   32       4222     
 9175.6  331     53850    -1871.55   -1871.47   0.0859509   32       4222     
 9185.08 331     53900    -1871.55   -1871.47   0.0859509   33       4227     
 9230.29 332     54013    -1871.55   -1871.47   0.0858339   25       4250     
 9230.85 332     54014    -1871.55   -1871.47   0.0858339   25       4250     
 9231.7  332     54050    -1871.55   -1871.47   0.0858339   25       4250     
 9246.02 333     54175    -1871.55   -1871.47   0.0857981   23       4257     
 9246.59 333     54176    -1871.55   -1871.47   0.0857981   23       4257     
 9249.66 333     54200    -1871.55   -1871.47   0.0857981   24       4259     
 9272.07 333     54250    -1871.55   -1871.47   0.0857981   26       4272     
 9285.99 334     54341    -1871.55   -1871.47   0.0853491   23       4279     
 9286.57 334     54350    -1871.55   -1871.47   0.0853491   23       4279     
 9287.39 334     54400    -1871.55   -1871.47   0.0853491   23       4279     
 9300.08 335     54503    -1871.55   -1871.47   0.0853177   22       4288     
 9300.62 335     54504    -1871.55   -1871.47   0.0853177   22       4288     
 9301.45 335     54550    -1871.55   -1871.47   0.0853177   23       4288     
 9308.09 336     54667    -1871.55   -1871.47   0.0852501   25       4292     
 9308.64 336     54668    -1871.55   -1871.47   0.0852501   25       4292     
 9309.33 336     54700    -1871.55   -1871.47   0.0852501   25       4292     
 9315.79 337     54831    -1871.55   -1871.47   0.0852339   24       4296     
 9316.36 337     54832    -1871.55   -1871.47   0.0852339   24       4296     
 9319.31 337     54850    -1871.55   -1871.47   0.0852339   24       4298     
 9328.15 337     54900    -1871.55   -1871.47   0.0852339   26       4304     
 9346.02 338     54995    -1871.55   -1871.47   0.0852128   25       4316     
 9346.6  338     55000    -1871.55   -1871.47   0.0852128   27       4316     
 9381.14 338     55050    -1871.55   -1871.47   0.0852128   28       4342     
 9407.52 339     55159    -1871.55   -1871.47   0.0851942   30       4359     
 9408.07 339     55160    -1871.55   -1871.47   0.0851942   30       4359     
 9408.86 339     55200    -1871.55   -1871.47   0.0851942   31       4359     
 9414.43 340     55321    -1871.55   -1871.47   0.0851612   30       4362     
 9414.98 340     55322    -1871.55   -1871.47   0.0851612   30       4362     
 9415.68 340     55350    -1871.55   -1871.47   0.0851612   31       4362     
 9422.5  340     55400    -1871.55   -1871.47   0.0851612   30       4366     
 9425.08 341     55483    -1871.55   -1871.47   0.0851346   30       4367     
 9425.72 341     55500    -1871.55   -1871.47   0.0851346   30       4367     
 9426.57 341     55550    -1871.55   -1871.47   0.0851346   30       4367     
 9430.74 342     55645    -1871.55   -1871.47   0.0851049   29       4369     
 9431.33 342     55650    -1871.55   -1871.47   0.0851049   29       4369     
 9432.29 342     55700    -1871.55   -1871.47   0.0851049   29       4369     
 9463.3  343     55809    -1871.55   -1871.47   0.0849476   25       4388     
 9463.87 343     55810    -1871.55   -1871.47   0.0849476   25       4388     
 9475.71 343     55850    -1871.55   -1871.47   0.0849476   25       4396     
 9504.46 344     55971    -1871.55   -1871.47   0.0848216   23       4413     
 9505.04 344     55972    -1871.55   -1871.47   0.0848216   23       4413     
 9505.83 344     56000    -1871.55   -1871.47   0.0848216   22       4413     
 9528.24 344     56050    -1871.55   -1871.47   0.0848216   25       4426     
 9531.26 345     56133    -1871.55   -1871.47   0.0848004   32       4427     
 9535.98 345     56150    -1871.55   -1871.47   0.0848004   35       4430     
 9538.5  345     56200    -1871.55   -1871.47   0.0848004   35       4431     
 9561.51 346     56295    -1871.55   -1871.47   0.0847847   27       4444     
 9562.12 346     56300    -1871.55   -1871.47   0.0847847   27       4444     
 9563.16 346     56350    -1871.55   -1871.47   0.0847847   31       4444     
 9582.83 347     56459    -1871.55   -1871.47   0.0847525   30       4455     
 9583.42 347     56460    -1871.55   -1871.47   0.0847525   30       4455     
 9584.28 347     56500    -1871.55   -1871.47   0.0847525   30       4455     
 9592.99 348     56621    -1871.55   -1871.47   0.0847473   30       4459     
 9593.58 348     56622    -1871.55   -1871.47   0.0847473   30       4459     
 9594.32 348     56650    -1871.55   -1871.47   0.0847473   31       4459     
 9598.46 348     56700    -1871.55   -1871.47   0.0847473   32       4461     
 9603.09 349     56785    -1871.55   -1871.47   0.0846796   29       4463     
 9603.81 349     56800    -1871.55   -1871.47   0.0846796   29       4463     
 9604.7  349     56850    -1871.55   -1871.47   0.0846796   29       4463     
 9613.13 350     56947    -1871.55   -1871.47   0.0846311   27       4467     
 9613.73 350     56950    -1871.55   -1871.47   0.0846311   27       4467     
 9614.63 350     57000    -1871.55   -1871.47   0.0846311   27       4467     
 9622.86 351     57109    -1871.55   -1871.47   0.0846144   26       4471     
 9623.45 351     57110    -1871.55   -1871.47   0.0846144   26       4471     
 9624.24 351     57150    -1871.55   -1871.47   0.0846144   26       4471     
 9634.83 352     57273    -1871.55   -1871.47   0.0845291   22       4476     
 9635.42 352     57274    -1871.55   -1871.47   0.0845291   22       4476     
 9636.25 352     57300    -1871.55   -1871.47   0.0845291   23       4476     
 9640.62 352     57350    -1871.55   -1871.47   0.0845291   26       4478     
 9647.63 353     57435    -1871.55   -1871.47   0.0844408   31       4481     
 9648.42 353     57450    -1871.55   -1871.47   0.0844408   31       4481     
 9649.34 353     57500    -1871.55   -1871.47   0.0844408   31       4481     
 9656.07 354     57597    -1871.55   -1871.47   0.0844202   30       4484     
 9656.69 354     57600    -1871.55   -1871.47   0.0844202   30       4484     
 9657.61 354     57650    -1871.55   -1871.47   0.0844202   30       4484     
 9668.76 355     57761    -1871.55   -1871.47   0.0838735   24       4490     
 9669.33 355     57762    -1871.55   -1871.47   0.0838735   25       4490     
 9670.36 355     57800    -1871.55   -1871.47   0.0838735   27       4490     
 9694.49 356     57927    -1871.55   -1871.47   0.0837625   26       4507     
 9695.11 356     57928    -1871.55   -1871.47   0.0837625   26       4507     
 9696.08 356     57950    -1871.55   -1871.47   0.0837625   26       4507     
 9711.54 356     58000    -1871.55   -1871.47   0.0837625   27       4517     
 9724    357     58091    -1871.55   -1871.47   0.0837462   26       4525     
 9724.65 357     58100    -1871.55   -1871.47   0.0837462   26       4525     
 9725.51 357     58150    -1871.55   -1871.47   0.0837462   26       4525     
 9736.06 358     58255    -1871.55   -1871.47   0.0837074   27       4532     
 9736.62 358     58256    -1871.55   -1871.47   0.0837074   27       4532     
 9737.38 358     58300    -1871.55   -1871.47   0.0837074   26       4532     
 9749.17 359     58419    -1871.55   -1871.47   0.083669    25       4540     
 9749.74 359     58420    -1871.55   -1871.47   0.083669    26       4540     
 9750.57 359     58450    -1871.55   -1871.47   0.083669    27       4540     
 9755.61 360     58500    -1871.55   -1871.47   0.083669    29       4543     
 9756.71 360     58581    -1871.55   -1871.47   0.0835979   27       4543     
 9757.37 360     58600    -1871.55   -1871.47   0.0835979   27       4543     
 9758.23 360     58650    -1871.55   -1871.47   0.0835979   27       4543     
 9768.23 361     58743    -1871.55   -1871.47   0.0835861   30       4549     
 9768.85 361     58750    -1871.55   -1871.47   0.0835861   30       4549     
 9769.74 361     58800    -1871.55   -1871.47   0.0835861   30       4549     
 9780.99 362     58905    -1871.55   -1871.47   0.083582    28       4556     
 9781.56 362     58906    -1871.55   -1871.47   0.083582    28       4556     
 9782.36 362     58950    -1871.55   -1871.47   0.083582    28       4556     
 9795.12 363     59067    -1871.55   -1871.47   0.083577    34       4564     
 9795.71 363     59068    -1871.55   -1871.47   0.083577    35       4564     
 9796.45 363     59100    -1871.55   -1871.47   0.083577    35       4564     
 9802.23 364     59229    -1871.55   -1871.47   0.0835676   41       4567     
 9802.81 364     59230    -1871.55   -1871.47   0.0835676   41       4567     
 9803.5  364     59250    -1871.55   -1871.47   0.0835676   41       4567     
 9804.4  364     59300    -1871.55   -1871.47   0.0835676   41       4567     
 9811.21 365     59393    -1871.55   -1871.47   0.0835366   30       4571     
 9811.92 365     59400    -1871.55   -1871.47   0.0835366   30       4571     
 9812.88 365     59450    -1871.55   -1871.47   0.0835366   30       4571     
 9824.31 366     59557    -1871.55   -1871.47   0.0834367   29       4578     
 9824.89 366     59558    -1871.55   -1871.47   0.0834367   28       4578     
 9825.71 366     59600    -1871.55   -1871.47   0.0834367   27       4578     
 9834.64 367     59721    -1871.55   -1871.47   0.0834118   29       4583     
 9835.22 367     59722    -1871.55   -1871.47   0.0834118   30       4583     
 9835.95 367     59750    -1871.55   -1871.47   0.0834118   30       4583     
 9841.25 367     59800    -1871.55   -1871.47   0.0834118   32       4586     
 9844.06 368     59883    -1871.55   -1871.47   0.0833942   33       4587     
 9845.66 368     59900    -1871.55   -1871.47   0.0833942   31       4588     
 9854.61 368     59950    -1871.55   -1871.47   0.0833942   30       4594     
 9873.46 369     60045    -1871.55   -1871.47   0.0833738   33       4606     
 9874.09 369     60050    -1871.55   -1871.47   0.0833738   34       4606     
 9875    369     60100    -1871.55   -1871.47   0.0833738   34       4606     
 9880.85 370     60207    -1871.55   -1871.47   0.0833612   40       4609     
 9881.45 370     60208    -1871.55   -1871.47   0.0833612   40       4609     
 9882.27 370     60250    -1871.55   -1871.47   0.0833612   38       4609     
 9889.1  371     60371    -1871.55   -1871.47   0.0833181   32       4613     
 9889.69 371     60372    -1871.55   -1871.47   0.0833181   33       4613     
 9890.42 371     60400    -1871.55   -1871.47   0.0833181   33       4613     
 9894.2  371     60450    -1871.55   -1871.47   0.0833181   34       4615     
 9898.55 372     60535    -1871.55   -1871.47   0.0833081   32       4617     
 9899.3  372     60550    -1871.55   -1871.47   0.0833081   33       4617     
 9900.18 372     60600    -1871.55   -1871.47   0.0833081   33       4617     
 9910.03 373     60697    -1871.55   -1871.47   0.083293    32       4623     
 9910.64 373     60700    -1871.55   -1871.47   0.083293    32       4623     
 9911.52 373     60750    -1871.55   -1871.47   0.083293    32       4623     
 9922.21 374     60859    -1871.55   -1871.47   0.0832851   30       4629     
 9922.86 374     60860    -1871.55   -1871.47   0.0832851   30       4629     
 9935.75 374     60900    -1871.55   -1871.47   0.0832851   29       4637     
 9985.11 375     61021    -1871.55   -1871.47   0.0832722   36       4667     
 9985.75 375     61022    -1871.55   -1871.47   0.0832722   36       4667     
 9992.07 375     61050    -1871.55   -1871.47   0.0832722   35       4671     
 10020.8 375     61100    -1871.55   -1871.47   0.0832722   33       4688     
-------------------------------------------------------------------------------

SARSOP finishing ...
  Preset timeout reached
  Timeout     : 10000.000000s
  Actual Time : 10020.790000s

-------------------------------------------------------------------------------
 Time   |#Trial |#Backup |LBound    |UBound    |Precision  |#Alphas |#Beliefs  
-------------------------------------------------------------------------------
 10020.8 375     61100    -1871.55   -1871.47   0.0832722   33       4688     
-------------------------------------------------------------------------------

Writing out policy ...
  output file : RAM4_small/395e6d6521.policyx

