
Loading the model ...
  input file   : /home/rstudio/RAM4_small/395e279f84.pomdpx
  loading time : 4.74s 

SARSOP initializing ...
  initialization time : 12043.54s

-------------------------------------------------------------------------------
 Time   |#Trial |#Backup |LBound    |UBound    |Precision  |#Alphas |#Beliefs  
-------------------------------------------------------------------------------
 12043.5 0       0        -6635      -205.556   6429.45     101      1        
-------------------------------------------------------------------------------

SARSOP finishing ...
  Preset timeout reached
  Timeout     : 10000.000000s
  Actual Time : 12043.660000s

-------------------------------------------------------------------------------
 Time   |#Trial |#Backup |LBound    |UBound    |Precision  |#Alphas |#Beliefs  
-------------------------------------------------------------------------------
 12043.7 0       1        -6461.96   -3997.63   2464.33     38       2        
-------------------------------------------------------------------------------

Writing out policy ...
  output file : RAM4_small/395e279f84.policyx

