
Loading the model ...
  input file   : /home/rstudio/RAM4_small/3960f06811.pomdpx
  loading time : 4.93s 

SARSOP initializing ...
  initialization time : 12547.77s

-------------------------------------------------------------------------------
 Time   |#Trial |#Backup |LBound    |UBound    |Precision  |#Alphas |#Beliefs  
-------------------------------------------------------------------------------
 12547.8 0       0        -8476.59   -348.648   8127.94     101      1        
-------------------------------------------------------------------------------

SARSOP finishing ...
  Preset timeout reached
  Timeout     : 10000.000000s
  Actual Time : 12547.890000s

-------------------------------------------------------------------------------
 Time   |#Trial |#Backup |LBound    |UBound    |Precision  |#Alphas |#Beliefs  
-------------------------------------------------------------------------------
 12547.9 0       1        -8409.65   -4541.71   3867.94     42       2        
-------------------------------------------------------------------------------

Writing out policy ...
  output file : RAM4_small/3960f06811.policyx

