
Loading the model ...
  input file   : /home/rstudio/RAM4_small/3964a8a64a.pomdpx
  loading time : 4.86s 

SARSOP initializing ...
  initialization time : 10752.02s

-------------------------------------------------------------------------------
 Time   |#Trial |#Backup |LBound    |UBound    |Precision  |#Alphas |#Beliefs  
-------------------------------------------------------------------------------
 10752   0       0        -2468.4    -584.75    1883.65     101      1        
-------------------------------------------------------------------------------

SARSOP finishing ...
  Preset timeout reached
  Timeout     : 10000.000000s
  Actual Time : 10752.120000s

-------------------------------------------------------------------------------
 Time   |#Trial |#Backup |LBound    |UBound    |Precision  |#Alphas |#Beliefs  
-------------------------------------------------------------------------------
 10752.1 0       1        -2468.11   -2455.73   12.3851     17       2        
-------------------------------------------------------------------------------

Writing out policy ...
  output file : RAM4_small/3964a8a64a.policyx

