
Loading the model ...
  input file   : /home/rstudio/RAM4_small/3971f7f1c3.pomdpx
  loading time : 4.52s 

SARSOP initializing ...
  initialization time : 5919.30s

-------------------------------------------------------------------------------
 Time   |#Trial |#Backup |LBound    |UBound    |Precision  |#Alphas |#Beliefs  
-------------------------------------------------------------------------------
 5919.3  0       0        -221.349   -209.906   11.4429     101      1        
 5920.72 1       77       -214.601   -210.207   4.39402     7        27       
 5921.17 1       100      -214.601   -210.207   4.39402     16       36       
 5922.15 2       155      -213.54    -210.207   3.33301     10       45       
 5922.68 3       233      -212.795   -210.207   2.58813     11       54       
 5923.31 3       250      -212.795   -210.207   2.58813     25       69       
 5923.91 4       311      -212.042   -210.207   1.83484     20       75       
 5924.02 4       350      -212.042   -210.207   1.83484     26       76       
 5924.36 5       405      -211.533   -210.207   1.32626     16       81       
 5927.86 5       450      -211.533   -210.207   1.32626     30       112      
 5928.55 6       519      -211.366   -210.207   1.15895     28       114      
 5928.63 6       550      -211.366   -210.207   1.15895     15       114      
 5929.04 7       627      -211.175   -210.207   0.968394    12       118      
 5929.1  7       650      -211.175   -210.207   0.968394    16       118      
 5929.64 8       733      -211.033   -210.207   0.826014    20       123      
 5929.81 8       750      -211.033   -210.207   0.826014    17       126      
 5930.37 9       841      -210.939   -210.207   0.732435    21       131      
 5930.4  9       850      -210.939   -210.207   0.732435    18       131      
 5930.76 10      953      -210.86    -210.207   0.653342    12       134      
 5930.78 10      954      -210.86    -210.207   0.653342    13       134      
 5931.81 10      1000     -210.86    -210.207   0.653342    14       146      
 5933.33 11      1067     -210.782   -210.207   0.575144    11       155      
 5933.4  11      1100     -210.782   -210.207   0.575144    13       155      
 5935.46 12      1181     -210.73    -210.207   0.522998    11       172      
 5935.52 12      1200     -210.73    -210.207   0.522998    8        172      
 5936.31 13      1299     -210.676   -210.207   0.469429    7        178      
 5936.34 13      1300     -210.676   -210.207   0.469429    8        178      
 5937.41 13      1350     -210.676   -210.207   0.469429    11       189      
 5938    14      1417     -210.638   -210.207   0.431073    9        192      
 5940.66 14      1450     -210.638   -210.207   0.431073    8        212      
 5942.88 15      1537     -210.611   -210.207   0.403973    9        220      
 5942.94 15      1550     -210.611   -210.207   0.403973    8        220      
 5945.53 16      1655     -210.576   -210.207   0.369554    8        235      
 5945.56 16      1656     -210.576   -210.207   0.369554    8        235      
 5945.94 16      1700     -210.576   -210.207   0.369554    9        238      
 5946.67 17      1777     -210.547   -210.207   0.340275    6        242      
 5946.75 17      1800     -210.547   -210.207   0.340275    9        242      
 5948.47 18      1899     -210.526   -210.207   0.319527    10       255      
 5948.51 18      1900     -210.526   -210.207   0.319527    11       255      
 5949.26 18      1950     -210.526   -210.207   0.319527    11       262      
 5950.04 19      2023     -210.508   -210.207   0.300715    8        266      
 5950.13 19      2050     -210.508   -210.207   0.300715    9        266      
 5951.18 20      2145     -210.492   -210.207   0.284905    12       274      
 5951.44 20      2150     -210.492   -210.207   0.284905    8        276      
 5952.42 20      2200     -210.492   -210.207   0.284905    10       283      
 5953.01 21      2269     -210.48    -210.207   0.2729      9        285      
 5953.11 21      2300     -210.48    -210.207   0.2729      9        285      
 5953.84 22      2395     -210.463   -210.207   0.256195    9        289      
 5953.89 22      2400     -210.463   -210.207   0.256195    7        289      
 5954.98 22      2450     -210.463   -210.207   0.256195    9        299      
 5955.7  23      2523     -210.449   -210.207   0.242611    9        302      
 5955.79 23      2550     -210.449   -210.207   0.242611    8        302      
 5956.26 24      2651     -210.44    -210.207   0.232887    8        304      
 5956.31 24      2652     -210.44    -210.207   0.232887    9        304      
 5957.23 24      2700     -210.44    -210.207   0.232887    10       311      
 5958.31 25      2777     -210.429   -210.207   0.222578    10       316      
 5958.39 25      2800     -210.429   -210.207   0.222578    11       316      
 5959.24 26      2901     -210.42    -210.207   0.213567    7        321      
 5959.29 26      2902     -210.42    -210.207   0.213567    7        321      
 5959.43 26      2950     -210.42    -210.207   0.213567    10       321      
 5960.01 27      3027     -210.408   -210.207   0.201035    10       324      
 5960.1  27      3050     -210.408   -210.207   0.201035    8        324      
 5962.56 28      3155     -210.399   -210.207   0.192305    11       338      
 5962.61 28      3156     -210.399   -210.207   0.192305    11       338      
 5962.74 28      3200     -210.399   -210.207   0.192305    9        338      
 5963.5  29      3283     -210.39    -210.207   0.182784    9        342      
 5965.63 29      3300     -210.39    -210.207   0.182784    7        355      
 5975.42 30      3409     -210.378   -210.207   0.171188    9        388      
 5975.48 30      3410     -210.378   -210.207   0.171188    8        388      
 5975.63 30      3450     -210.378   -210.207   0.171188    9        388      
 5977.55 31      3537     -210.372   -210.207   0.165549    8        397      
 5977.64 31      3550     -210.372   -210.207   0.165549    8        397      
 5978.59 31      3600     -210.372   -210.207   0.165549    10       402      
 5978.83 32      3665     -210.366   -210.207   0.159053    11       402      
 5978.94 32      3700     -210.366   -210.207   0.159053    12       402      
 5980.19 33      3793     -210.361   -210.207   0.153677    11       408      
 5980.26 33      3800     -210.361   -210.207   0.153677    9        408      
 5980.41 33      3850     -210.361   -210.207   0.153677    10       408      
 5981.27 34      3919     -210.356   -210.207   0.149582    12       412      
 5982.13 34      3950     -210.356   -210.207   0.149582    16       417      
 5983.94 35      4045     -210.353   -210.207   0.146466    17       425      
 5984.16 35      4050     -210.353   -210.207   0.146466    18       426      
 5985.33 35      4100     -210.353   -210.207   0.146466    20       432      
 5986.69 36      4171     -210.348   -210.207   0.141273    8        437      
 5990.52 36      4200     -210.348   -210.207   0.141273    11       454      
 5997.32 37      4297     -210.34    -210.207   0.133602    9        474      
 5997.39 37      4300     -210.34    -210.207   0.133602    10       474      
 6002.7  37      4350     -210.34    -210.207   0.133602    10       496      
 6004.07 38      4423     -210.335   -210.207   0.128174    10       499      
 6004.48 38      4450     -210.335   -210.207   0.128174    7        501      
 6006.55 39      4551     -210.332   -210.207   0.125238    11       510      
 6006.63 39      4552     -210.332   -210.207   0.125238    12       510      
 6008.76 39      4600     -210.332   -210.207   0.125238    13       520      
 6010.92 40      4677     -210.328   -210.207   0.12137     14       527      
 6011.05 40      4700     -210.328   -210.207   0.12137     11       527      
 6012.49 41      4803     -210.324   -210.207   0.117602    12       532      
 6012.79 41      4804     -210.324   -210.207   0.117602    13       533      
 6023.02 41      4850     -210.324   -210.207   0.117602    12       568      
 6024.87 42      4927     -210.317   -210.207   0.110105    12       572      
 6026.64 42      4950     -210.317   -210.207   0.110105    10       579      
 6027.88 43      5059     -210.313   -210.207   0.105747    11       582      
 6027.98 43      5060     -210.313   -210.207   0.105747    12       582      
 6028.17 43      5100     -210.313   -210.207   0.105747    12       582      
 6029.51 44      5193     -210.31    -210.207   0.103237    12       586      
 6029.61 44      5200     -210.31    -210.207   0.103237    11       586      
 6029.82 44      5250     -210.31    -210.207   0.103237    18       586      
 6031.34 45      5327     -210.307   -210.207   0.100528    13       591      
 6036.3  45      5350     -210.307   -210.207   0.100528    13       609      
 6049.7  46      5459     -210.304   -210.207   0.0975009   16       641      
 6050.06 46      5460     -210.304   -210.207   0.0975009   17       642      
 6062.25 46      5500     -210.304   -210.207   0.0975009   15       675      
 6067.25 47      5589     -210.302   -210.207   0.0947371   18       685      
 6068.47 47      5600     -210.302   -210.207   0.0947371   14       689      
 6073.43 47      5650     -210.302   -210.207   0.0947371   14       705      
 6074.61 48      5717     -210.299   -210.207   0.0919937   13       707      
 6074.8  48      5750     -210.299   -210.207   0.0919937   13       707      
 6076.6  49      5845     -210.297   -210.207   0.0898724   11       712      
 6076.71 49      5850     -210.297   -210.207   0.0898724   11       712      
 6076.91 49      5900     -210.297   -210.207   0.0898724   12       712      
 6078.64 50      5973     -210.295   -210.207   0.0878026   13       717      
 6078.83 50      6000     -210.295   -210.207   0.0878026   13       717      
 6082.72 51      6101     -210.293   -210.207   0.0860347   18       729      
 6082.83 51      6102     -210.293   -210.207   0.0860347   19       729      
 6083.81 51      6150     -210.293   -210.207   0.0860347   15       732      
 6085.42 52      6227     -210.292   -210.207   0.084655    17       736      
 6085.6  52      6250     -210.292   -210.207   0.084655    18       736      
 6087.56 53      6353     -210.29    -210.207   0.0828601   10       741      
 6087.98 53      6354     -210.29    -210.207   0.0828601   9        742      
 6091.13 53      6400     -210.29    -210.207   0.0828601   14       751      
 6093.44 54      6479     -210.286   -210.207   0.0785584   11       756      
 6097.85 54      6500     -210.286   -210.207   0.0785584   11       770      
 6106.89 55      6611     -210.283   -210.207   0.0764676   10       791      
 6107.01 55      6612     -210.283   -210.207   0.0764676   11       791      
 6109.9  55      6650     -210.283   -210.207   0.0764676   13       799      
 6116.58 56      6743     -210.282   -210.207   0.0753681   14       814      
 6117.68 56      6750     -210.282   -210.207   0.0753681   12       817      
 6131.66 56      6800     -210.282   -210.207   0.0753681   20       850      
 6135.02 57      6875     -210.281   -210.207   0.0742275   11       855      
 6135.21 57      6900     -210.281   -210.207   0.0742275   13       855      
 6137.38 58      7007     -210.28    -210.207   0.0730748   7        860      
 6137.51 58      7008     -210.28    -210.207   0.0730748   8        860      
 6137.72 58      7050     -210.28    -210.207   0.0730748   8        860      
 6141.3  59      7139     -210.279   -210.207   0.0722352   11       869      
 6141.46 59      7150     -210.279   -210.207   0.0722352   13       869      
 6142.42 59      7200     -210.279   -210.207   0.0722352   15       871      
 6143.85 60      7269     -210.279   -210.207   0.0717401   15       874      
 6145.72 60      7300     -210.279   -210.207   0.0717401   15       879      
 6153.99 61      7399     -210.278   -210.207   0.0708685   13       897      
 6154.13 61      7400     -210.278   -210.207   0.0708685   14       897      
 6159.62 61      7450     -210.278   -210.207   0.0708685   16       910      
 6163.69 62      7529     -210.276   -210.207   0.0688846   15       917      
 6163.89 62      7550     -210.276   -210.207   0.0688846   12       917      
 6171.47 63      7659     -210.275   -210.207   0.06794     16       935      
 6171.61 63      7660     -210.275   -210.207   0.06794     17       935      
 6180.44 63      7700     -210.275   -210.207   0.06794     13       956      
 6188.6  64      7787     -210.274   -210.207   0.0668367   14       971      
 6188.78 64      7800     -210.274   -210.207   0.0668367   14       971      
 6195.54 65      7850     -210.274   -210.207   0.0668367   16       985      
 6195.93 65      7913     -210.273   -210.207   0.065857    17       985      
 6196.18 65      7950     -210.273   -210.207   0.065857    15       985      
 6198.66 66      8039     -210.272   -210.207   0.0649995   15       990      
 6200.53 66      8050     -210.272   -210.207   0.0649995   14       995      
 6206.15 66      8100     -210.272   -210.207   0.0649995   17       1008     
 6207.11 67      8165     -210.271   -210.207   0.0639937   14       1009     
 6209.03 67      8200     -210.271   -210.207   0.0639937   16       1014     
 6215.48 68      8291     -210.27    -210.207   0.0629643   15       1028     
 6216.84 68      8300     -210.27    -210.207   0.0629643   16       1031     
 6218.23 68      8350     -210.27    -210.207   0.0629643   16       1034     
 6219.44 69      8415     -210.27    -210.207   0.0624762   15       1036     
 6228.48 69      8450     -210.27    -210.207   0.0624762   19       1058     
 6237.68 70      8539     -210.269   -210.207   0.0616403   16       1074     
 6238.59 70      8550     -210.269   -210.207   0.0616403   15       1076     
 6246.06 70      8600     -210.269   -210.207   0.0616403   17       1094     
 6246.56 71      8663     -210.268   -210.207   0.0610951   16       1094     
 6248.18 71      8700     -210.268   -210.207   0.0610951   23       1098     
 6250.63 72      8787     -210.267   -210.207   0.0602072   12       1102     
 6250.85 72      8800     -210.267   -210.207   0.0602072   13       1102     
 6257.77 73      8911     -210.266   -210.207   0.0591613   13       1115     
 6257.94 73      8912     -210.266   -210.207   0.0591613   14       1115     
 6269.12 73      8950     -210.266   -210.207   0.0591613   16       1139     
 6277.73 74      9035     -210.266   -210.207   0.058462    15       1152     
 6282.34 74      9050     -210.266   -210.207   0.058462    15       1161     
 6288.6  75      9159     -210.262   -210.207   0.0552514   15       1170     
 6288.78 75      9160     -210.262   -210.207   0.0552514   10       1170     
 6294.33 75      9200     -210.262   -210.207   0.0552514   10       1182     
 6297.12 76      9291     -210.261   -210.207   0.0535402   12       1186     
 6299.57 76      9300     -210.261   -210.207   0.0535402   13       1191     
 6305.04 76      9350     -210.261   -210.207   0.0535402   15       1202     
 6309.65 77      9425     -210.26    -210.207   0.0529557   16       1209     
 6315.77 77      9450     -210.26    -210.207   0.0529557   16       1220     
 6331.6  78      9557     -210.259   -210.207   0.0523856   16       1244     
 6332.25 78      9558     -210.259   -210.207   0.0523856   17       1245     
 6338.41 78      9600     -210.259   -210.207   0.0523856   17       1255     
 6342.49 79      9689     -210.259   -210.207   0.0519488   18       1260     
 6343.58 79      9700     -210.259   -210.207   0.0519488   17       1262     
 6349.87 79      9750     -210.259   -210.207   0.0519488   18       1273     
 6352.71 80      9821     -210.258   -210.207   0.0513286   21       1277     
 6357.37 80      9850     -210.258   -210.207   0.0513286   22       1286     
 6365.96 81      9951     -210.258   -210.207   0.0508438   20       1300     
 6366.16 81      9952     -210.258   -210.207   0.0508438   21       1300     
 6371.17 81      10000    -210.258   -210.207   0.0508438   22       1309     
 6379.01 82      10081    -210.257   -210.207   0.0503596   22       1320     
 6383.76 82      10100    -210.257   -210.207   0.0503596   18       1328     
 6395.67 83      10211    -210.257   -210.207   0.0496208   19       1345     
 6395.88 83      10212    -210.257   -210.207   0.0496208   20       1345     
 6396.21 83      10250    -210.257   -210.207   0.0496208   18       1345     
 6401.15 84      10341    -210.256   -210.207   0.0490735   19       1352     
 6406.83 84      10350    -210.256   -210.207   0.0490735   17       1361     
 6422.81 84      10400    -210.256   -210.207   0.0490735   23       1385     
 6426.53 85      10469    -210.255   -210.207   0.0481325   21       1389     
 6426.86 85      10500    -210.255   -210.207   0.0481325   22       1389     
 6432.12 86      10599    -210.254   -210.207   0.0473025   18       1396     
 6432.35 86      10600    -210.254   -210.207   0.0473025   19       1396     
 6440.79 86      10650    -210.254   -210.207   0.0473025   17       1411     
 6449.59 87      10729    -210.254   -210.207   0.0469699   21       1424     
 6456.59 87      10750    -210.254   -210.207   0.0469699   18       1435     
 6464.76 88      10857    -210.254   -210.207   0.0463875   17       1446     
 6464.99 88      10858    -210.254   -210.207   0.0463875   18       1446     
 6465.34 88      10900    -210.254   -210.207   0.0463875   18       1446     
 6468.52 89      10985    -210.253   -210.207   0.0461273   21       1451     
 6469.46 89      11000    -210.253   -210.207   0.0461273   21       1453     
 6486.01 90      11113    -210.253   -210.207   0.0456394   19       1479     
 6486.25 90      11114    -210.253   -210.207   0.0456394   20       1479     
 6486.94 90      11150    -210.253   -210.207   0.0456394   18       1480     
 6490.02 91      11239    -210.252   -210.207   0.0452073   18       1484     
 6490.3  91      11250    -210.252   -210.207   0.0452073   18       1484     
 6494.23 91      11300    -210.252   -210.207   0.0452073   19       1490     
 6495.42 92      11365    -210.252   -210.207   0.0448935   22       1491     
 6508.17 92      11400    -210.252   -210.207   0.0448935   22       1513     
 6523.9  93      11491    -210.251   -210.207   0.0440463   18       1534     
 6524.17 93      11500    -210.251   -210.207   0.0440463   19       1534     
 6528.44 93      11550    -210.251   -210.207   0.0440463   18       1540     
 6531.06 94      11617    -210.251   -210.207   0.043546    19       1543     
 6542.32 94      11650    -210.251   -210.207   0.043546    24       1560     
 6550.84 95      11741    -210.25    -210.207   0.0431559   20       1571     
 6554.67 95      11750    -210.25    -210.207   0.0431559   22       1577     
 6576.12 95      11800    -210.25    -210.207   0.0431559   21       1608     
 6578.46 96      11865    -210.25    -210.207   0.0427211   25       1610     
 6589.39 96      11900    -210.25    -210.207   0.0427211   27       1626     
 6595.58 97      11989    -210.25    -210.207   0.0424238   22       1633     
 6601.3  97      12000    -210.25    -210.207   0.0424238   23       1641     
 6630    98      12050    -210.25    -210.207   0.0424238   23       1676     
 6631.48 98      12111    -210.249   -210.207   0.0419593   26       1677     
 6644.73 98      12150    -210.249   -210.207   0.0419593   23       1696     
 6647.78 99      12233    -210.247   -210.207   0.0401988   20       1699     
 6652.7  99      12250    -210.247   -210.207   0.0401988   15       1706     
 6662.24 100     12361    -210.247   -210.207   0.0398616   18       1718     
 6662.51 100     12362    -210.247   -210.207   0.0398616   18       1718     
 6669.6  100     12400    -210.247   -210.207   0.0398616   19       1728     
 6677.79 101     12489    -210.247   -210.207   0.0395126   19       1738     
 6681.56 101     12500    -210.247   -210.207   0.0395126   19       1743     
 6686.64 101     12550    -210.247   -210.207   0.0395126   17       1750     
 6688.75 102     12617    -210.246   -210.207   0.0393145   19       1752     
 6695.66 102     12650    -210.246   -210.207   0.0393145   20       1762     
 6702.25 103     12745    -210.246   -210.207   0.0391053   22       1770     
 6702.57 103     12750    -210.246   -210.207   0.0391053   22       1770     
 6720.35 103     12800    -210.246   -210.207   0.0391053   21       1795     
 6726.86 104     12873    -210.246   -210.207   0.0386351   20       1802     
 6731.59 104     12900    -210.246   -210.207   0.0386351   20       1809     
 6744.7  105     12999    -210.246   -210.207   0.038359    16       1824     
 6744.99 105     13000    -210.246   -210.207   0.038359    17       1824     
 6754.5  105     13050    -210.246   -210.207   0.038359    18       1836     
 6759.5  106     13125    -210.245   -210.207   0.0381279   17       1841     
 6775.88 106     13150    -210.245   -210.207   0.0381279   20       1861     
 6795.32 107     13251    -210.245   -210.207   0.0376473   20       1882     
 6795.63 107     13252    -210.245   -210.207   0.0376473   21       1882     
 6796.12 107     13300    -210.245   -210.207   0.0376473   20       1882     
 6804.58 108     13377    -210.245   -210.207   0.0374345   21       1891     
 6804.95 108     13400    -210.245   -210.207   0.0374345   21       1891     
 6812.9  109     13505    -210.244   -210.207   0.0371203   17       1900     
 6813.2  109     13506    -210.244   -210.207   0.0371203   18       1900     
 6830.86 109     13550    -210.244   -210.207   0.0371203   20       1922     
 6847.4  110     13633    -210.244   -210.207   0.0369242   14       1940     
 6851.55 110     13650    -210.244   -210.207   0.0369242   16       1945     
 6855.78 111     13759    -210.244   -210.207   0.036694    21       1949     
 6856.1  111     13760    -210.244   -210.207   0.036694    22       1949     
 6859.78 111     13800    -210.244   -210.207   0.036694    23       1953     
 6863.7  112     13885    -210.244   -210.207   0.0365898   21       1957     
 6872.31 112     13900    -210.244   -210.207   0.0365898   20       1967     
 6893.52 113     14011    -210.243   -210.207   0.0359817   17       1990     
 6893.83 113     14012    -210.243   -210.207   0.0359817   18       1990     
 6901.51 113     14050    -210.243   -210.207   0.0359817   19       1999     
 6916    114     14137    -210.243   -210.207   0.0357496   15       2015     
 6925.37 114     14150    -210.243   -210.207   0.0357496   16       2025     
 6973.36 115     14200    -210.243   -210.207   0.0357496   18       2070     
 6974.17 115     14263    -210.243   -210.207   0.0355155   23       2070     
 6998.2  115     14300    -210.243   -210.207   0.0355155   22       2096     
 7007.5  116     14387    -210.243   -210.207   0.0353045   21       2105     
 7007.91 116     14400    -210.243   -210.207   0.0353045   17       2105     
 7016.46 117     14511    -210.242   -210.207   0.0350535   20       2114     
 7016.81 117     14512    -210.242   -210.207   0.0350535   20       2114     
 7018.02 117     14550    -210.242   -210.207   0.0350535   20       2115     
 7022.25 118     14635    -210.242   -210.207   0.0348696   21       2119     
 7027.58 118     14650    -210.242   -210.207   0.0348696   23       2125     
 7035.14 119     14759    -210.241   -210.207   0.0341534   17       2132     
 7035.48 119     14760    -210.241   -210.207   0.0341534   18       2132     
 7035.99 119     14800    -210.241   -210.207   0.0341534   17       2132     
 7043.15 120     14885    -210.241   -210.207   0.0339639   16       2139     
 7045.78 120     14900    -210.241   -210.207   0.0339639   17       2142     
 7057.17 121     15009    -210.241   -210.207   0.033748    17       2153     
 7058.43 121     15010    -210.241   -210.207   0.033748    16       2154     
 7078.21 121     15050    -210.241   -210.207   0.033748    17       2174     
 7086.11 122     15133    -210.24    -210.207   0.0325854   16       2181     
 7095.51 122     15150    -210.24    -210.207   0.0325854   15       2191     
 7124.94 123     15261    -210.24    -210.207   0.0323035   17       2220     
 7125.29 123     15262    -210.24    -210.207   0.0323035   17       2220     
 7132.7  123     15300    -210.24    -210.207   0.0323035   20       2229     
 7138.49 124     15391    -210.239   -210.207   0.0321273   21       2234     
 7138.89 124     15400    -210.239   -210.207   0.0321273   21       2234     
 7152.27 124     15450    -210.239   -210.207   0.0321273   20       2249     
 7156.97 125     15519    -210.239   -210.207   0.0319972   24       2253     
 7164.72 125     15550    -210.239   -210.207   0.0319972   24       2261     
 7170.42 126     15647    -210.239   -210.207   0.0318766   20       2266     
 7170.8  126     15650    -210.239   -210.207   0.0318766   21       2266     
 7187.28 126     15700    -210.239   -210.207   0.0318766   23       2283     
 7196.76 127     15775    -210.239   -210.207   0.03171     21       2291     
 7208.08 127     15800    -210.239   -210.207   0.03171     25       2304     
 7218.7  128     15903    -210.239   -210.207   0.0316373   22       2313     
 7219.07 128     15904    -210.239   -210.207   0.0316373   22       2313     
 7224.58 128     15950    -210.239   -210.207   0.0316373   25       2320     
 7229.18 129     16031    -210.239   -210.207   0.0312107   19       2324     
 7239.59 129     16050    -210.239   -210.207   0.0312107   21       2336     
 7252.79 130     16159    -210.238   -210.207   0.0310327   21       2348     
 7253.17 130     16160    -210.238   -210.207   0.0310327   21       2348     
 7253.78 130     16200    -210.238   -210.207   0.0310327   24       2348     
 7264.14 131     16287    -210.238   -210.207   0.0308984   20       2358     
 7274.24 131     16300    -210.238   -210.207   0.0308984   17       2368     
 7287.21 132     16350    -210.238   -210.207   0.0308984   19       2381     
 7288.04 132     16413    -210.238   -210.207   0.0305263   18       2381     
 7312.9  132     16450    -210.238   -210.207   0.0305263   21       2407     
 7331.94 133     16541    -210.238   -210.207   0.0303493   24       2423     
 7340.38 133     16550    -210.238   -210.207   0.0303493   17       2431     
 7361.32 133     16600    -210.238   -210.207   0.0303493   23       2449     
 7366.01 134     16667    -210.238   -210.207   0.0302666   19       2452     
 7372.11 134     16700    -210.238   -210.207   0.0302666   20       2458     
 7377.26 135     16793    -210.237   -210.207   0.0300732   22       2462     
 7377.7  135     16800    -210.237   -210.207   0.0300732   22       2462     
 7387.27 135     16850    -210.237   -210.207   0.0300732   23       2472     
 7394.35 136     16921    -210.237   -210.207   0.0299194   22       2478     
 7404.93 136     16950    -210.237   -210.207   0.0299194   24       2489     
 7411.34 137     17047    -210.237   -210.207   0.0298569   23       2494     
 7411.75 137     17050    -210.237   -210.207   0.0298569   23       2494     
 7427.78 137     17100    -210.237   -210.207   0.0298569   28       2509     
 7437.47 138     17173    -210.237   -210.207   0.0297819   20       2517     
 7453    138     17200    -210.237   -210.207   0.0297819   22       2531     
 7469.85 139     17299    -210.237   -210.207   0.0296562   21       2546     
 7470.27 139     17300    -210.237   -210.207   0.0296562   21       2546     
 7488.09 139     17350    -210.237   -210.207   0.0296562   21       2562     
 7500.24 140     17423    -210.237   -210.207   0.0294602   21       2572     
 7522.8  140     17450    -210.237   -210.207   0.0294602   20       2593     
 7539.26 141     17547    -210.237   -210.207   0.0293186   20       2605     
 7539.7  141     17550    -210.237   -210.207   0.0293186   22       2605     
 7550.81 141     17600    -210.237   -210.207   0.0293186   25       2616     
 7558.6  142     17671    -210.237   -210.207   0.0292532   20       2622     
 7574.81 142     17700    -210.237   -210.207   0.0292532   19       2638     
 7581.61 143     17795    -210.237   -210.207   0.0291579   19       2643     
 7582.07 143     17800    -210.237   -210.207   0.0291579   21       2643     
 7618.65 143     17850    -210.237   -210.207   0.0291579   27       2678     
 7626.85 144     17919    -210.236   -210.207   0.0289526   21       2684     
 7641.73 144     17950    -210.236   -210.207   0.0289526   23       2697     
 7654.27 145     18041    -210.236   -210.207   0.0287828   22       2707     
 7654.78 145     18050    -210.236   -210.207   0.0287828   23       2707     
 7667.16 145     18100    -210.236   -210.207   0.0287828   20       2717     
 7669.14 146     18163    -210.236   -210.207   0.0286834   22       2718     
 7676.73 146     18200    -210.236   -210.207   0.0286834   29       2726     
 7686.03 147     18285    -210.236   -210.207   0.0286366   19       2734     
 7688.95 147     18300    -210.236   -210.207   0.0286366   20       2737     
 7712.75 148     18407    -210.236   -210.207   0.0285378   21       2757     
 7714.3  148     18408    -210.236   -210.207   0.0285378   21       2758     
 7725.67 148     18450    -210.236   -210.207   0.0285378   21       2767     
 7740.06 149     18529    -210.235   -210.207   0.0271568   22       2777     
 7745.78 149     18550    -210.235   -210.207   0.0271568   21       2782     
 7751.41 150     18659    -210.234   -210.207   0.0270304   21       2786     
 7751.86 150     18660    -210.234   -210.207   0.0270304   20       2786     
 7762.67 150     18700    -210.234   -210.207   0.0270304   20       2796     
 7787.1  151     18789    -210.234   -210.207   0.0268432   19       2816     
 7787.63 151     18800    -210.234   -210.207   0.0268432   19       2816     
 7790.59 151     18850    -210.234   -210.207   0.0268432   18       2818     
 7794.69 152     18919    -210.234   -210.207   0.0267346   19       2821     
 7823.04 152     18950    -210.234   -210.207   0.0267346   17       2846     
 7841.78 153     19049    -210.234   -210.207   0.0266715   20       2860     
 7842.24 153     19050    -210.234   -210.207   0.0266715   19       2860     
 7854.73 153     19100    -210.234   -210.207   0.0266715   20       2871     
 7859.11 154     19179    -210.234   -210.207   0.0266174   24       2874     
 7870.21 154     19200    -210.234   -210.207   0.0266174   27       2884     
 7878.26 155     19309    -210.234   -210.207   0.0263972   22       2890     
 7878.72 155     19310    -210.234   -210.207   0.0263972   22       2890     
 7880.44 155     19350    -210.234   -210.207   0.0263972   20       2891     
 7885.98 156     19439    -210.234   -210.207   0.0262532   20       2895     
 7891.54 156     19450    -210.234   -210.207   0.0262532   21       2900     
 7897.61 156     19500    -210.234   -210.207   0.0262532   21       2905     
 7901.87 157     19569    -210.234   -210.207   0.0262132   20       2908     
 7902.54 157     19600    -210.234   -210.207   0.0262132   22       2908     
 7908.16 158     19699    -210.234   -210.207   0.0261551   23       2912     
 7908.62 158     19700    -210.234   -210.207   0.0261551   23       2912     
 7933.46 158     19750    -210.234   -210.207   0.0261551   24       2935     
 7948.73 159     19829    -210.233   -210.207   0.0260404   29       2947     
 7949.37 159     19850    -210.233   -210.207   0.0260404   26       2947     
 7963.14 160     19959    -210.233   -210.207   0.0259524   19       2958     
 7963.61 160     19960    -210.233   -210.207   0.0259524   19       2958     
 7964.24 160     20000    -210.233   -210.207   0.0259524   19       2958     
 7970.88 161     20087    -210.233   -210.207   0.0258824   24       2963     
 7976.7  161     20100    -210.233   -210.207   0.0258824   23       2968     
 7983.32 161     20150    -210.233   -210.207   0.0258824   23       2973     
 7985.61 162     20217    -210.233   -210.207   0.0256797   20       2974     
 7997.26 162     20250    -210.233   -210.207   0.0256797   22       2984     
 8004.4  163     20347    -210.233   -210.207   0.0255676   21       2989     
 8004.88 163     20350    -210.233   -210.207   0.0255676   22       2989     
 8012.24 163     20400    -210.233   -210.207   0.0255676   24       2996     
 8026.77 164     20477    -210.233   -210.207   0.0254584   27       3007     
 8029.47 164     20500    -210.233   -210.207   0.0254584   27       3009     
 8042.61 165     20605    -210.233   -210.207   0.0254072   25       3020     
 8043.13 165     20606    -210.233   -210.207   0.0254072   25       3020     
 8063.37 165     20650    -210.233   -210.207   0.0254072   26       3037     
 8070.49 166     20733    -210.233   -210.207   0.0253041   26       3042     
 8082.3  166     20750    -210.233   -210.207   0.0253041   25       3051     
 8095    167     20863    -210.233   -210.207   0.0252121   24       3060     
 8095.49 167     20864    -210.233   -210.207   0.0252121   25       3060     
 8102.35 167     20900    -210.233   -210.207   0.0252121   26       3065     
 8112.13 168     20991    -210.233   -210.207   0.0251495   23       3072     
 8114.74 168     21000    -210.233   -210.207   0.0251495   24       3074     
 8145.92 168     21050    -210.233   -210.207   0.0251495   24       3101     
 8152.42 169     21119    -210.232   -210.207   0.0250934   25       3105     
 8159.69 169     21150    -210.232   -210.207   0.0250934   25       3110     
 8167.48 170     21247    -210.232   -210.207   0.0249826   25       3115     
 8168.03 170     21250    -210.232   -210.207   0.0249826   24       3115     
 8197.12 170     21300    -210.232   -210.207   0.0249826   26       3138     
 8207.8  171     21375    -210.232   -210.207   0.0248789   25       3146     
 8216.24 171     21400    -210.232   -210.207   0.0248789   25       3152     
 8224.4  172     21503    -210.232   -210.207   0.024821    27       3157     
 8224.95 172     21504    -210.232   -210.207   0.024821    27       3157     
 8244.96 172     21550    -210.232   -210.207   0.024821    26       3173     
 8266.14 173     21631    -210.232   -210.207   0.0246469   27       3187     
 8275.33 173     21650    -210.232   -210.207   0.0246469   25       3194     
 8289.09 174     21759    -210.232   -210.207   0.0245255   24       3203     
 8289.62 174     21760    -210.232   -210.207   0.0245255   24       3203     
 8306.7  174     21800    -210.232   -210.207   0.0245255   24       3217     
 8332.95 175     21887    -210.232   -210.207   0.0244245   28       3235     
 8333.62 175     21900    -210.232   -210.207   0.0244245   26       3235     
 8342.55 175     21950    -210.232   -210.207   0.0244245   25       3241     
 8343.5  176     22015    -210.232   -210.207   0.0243426   23       3241     
 8345    176     22050    -210.232   -210.207   0.0243426   26       3242     
 8359.22 177     22141    -210.232   -210.207   0.0242258   26       3252     
 8359.84 177     22150    -210.232   -210.207   0.0242258   24       3252     
 8371.6  177     22200    -210.232   -210.207   0.0242258   27       3261     
 8376.6  178     22267    -210.232   -210.207   0.0241419   25       3264     
 8384.29 178     22300    -210.232   -210.207   0.0241419   27       3270     
 8392.39 179     22393    -210.232   -210.207   0.0240796   24       3275     
 8393.01 179     22400    -210.232   -210.207   0.0240796   26       3275     
 8397.26 179     22450    -210.232   -210.207   0.0240796   29       3278     
 8405.07 180     22519    -210.231   -210.207   0.0240191   26       3283     
 8414.73 180     22550    -210.231   -210.207   0.0240191   25       3290     
 8423.76 181     22645    -210.231   -210.207   0.0239237   28       3296     
 8424.34 181     22650    -210.231   -210.207   0.0239237   26       3296     
 8460.07 181     22700    -210.231   -210.207   0.0239237   30       3323     
 8471.8  182     22771    -210.231   -210.207   0.0238638   29       3330     
 8483.69 182     22800    -210.231   -210.207   0.0238638   36       3339     
 8500.66 183     22897    -210.231   -210.207   0.023809    28       3350     
 8501.25 183     22900    -210.231   -210.207   0.023809    24       3350     
 8533.52 183     22950    -210.231   -210.207   0.023809    25       3376     
 8543.53 184     23023    -210.231   -210.207   0.0237589   31       3382     
 8544.24 184     23050    -210.231   -210.207   0.0237589   32       3382     
 8553.1  185     23147    -210.231   -210.207   0.0237121   27       3388     
 8553.68 185     23150    -210.231   -210.207   0.0237121   28       3388     
 8554.46 185     23200    -210.231   -210.207   0.0237121   28       3388     
 8562.47 186     23271    -210.231   -210.207   0.0236393   29       3393     
 8566.22 186     23300    -210.231   -210.207   0.0236393   34       3396     
 8577.14 187     23397    -210.231   -210.207   0.0234012   27       3404     
 8577.69 187     23400    -210.231   -210.207   0.0234012   29       3404     
 8600    187     23450    -210.231   -210.207   0.0234012   27       3421     
 8613.57 188     23523    -210.231   -210.207   0.0233603   32       3430     
 8619.97 188     23550    -210.231   -210.207   0.0233603   30       3435     
 8638.76 189     23649    -210.231   -210.207   0.0232965   26       3449     
 8639.32 189     23650    -210.231   -210.207   0.0232965   26       3449     
 8652.68 189     23700    -210.231   -210.207   0.0232965   27       3460     
 8669.02 190     23775    -210.231   -210.207   0.0231912   27       3471     
 8680.74 190     23800    -210.231   -210.207   0.0231912   28       3480     
 8691.36 191     23901    -210.231   -210.207   0.0231119   28       3487     
 8691.92 191     23902    -210.231   -210.207   0.0231119   29       3487     
 8702.73 191     23950    -210.231   -210.207   0.0231119   29       3496     
 8718.99 192     24027    -210.23    -210.207   0.0230535   28       3507     
 8719.67 192     24050    -210.23    -210.207   0.0230535   31       3507     
 8736.44 193     24151    -210.23    -210.207   0.0230194   27       3518     
 8737.01 193     24152    -210.23    -210.207   0.0230194   27       3518     
 8752.73 193     24200    -210.23    -210.207   0.0230194   28       3531     
 8757.98 194     24275    -210.23    -210.207   0.0229506   30       3534     
 8758.7  194     24300    -210.23    -210.207   0.0229506   29       3534     
 8779    195     24399    -210.23    -210.207   0.0229105   24       3548     
 8779.58 195     24400    -210.23    -210.207   0.0229105   25       3548     
 8788.08 195     24450    -210.23    -210.207   0.0229105   28       3554     
 8798.16 196     24523    -210.23    -210.207   0.0221908   28       3560     
 8808.04 196     24550    -210.23    -210.207   0.0221908   24       3568     
 8817.35 197     24653    -210.23    -210.207   0.0221461   27       3574     
 8817.94 197     24654    -210.23    -210.207   0.0221461   27       3574     
 8832.47 197     24700    -210.23    -210.207   0.0221461   28       3585     
 8844.66 198     24783    -210.23    -210.207   0.0221      28       3593     
 8851.39 198     24800    -210.23    -210.207   0.0221      28       3598     
 8863.73 199     24913    -210.229   -210.207   0.0220315   30       3606     
 8864.32 199     24914    -210.229   -210.207   0.0220315   31       3606     
 8876.89 199     24950    -210.229   -210.207   0.0220315   33       3615     
 8886.7  200     25043    -210.229   -210.207   0.0219832   28       3621     
 8889.97 200     25050    -210.229   -210.207   0.0219832   28       3623     
 8911.9  200     25100    -210.229   -210.207   0.0219832   36       3639     
 8923.67 201     25173    -210.229   -210.207   0.021942    33       3646     
 8949.98 201     25200    -210.229   -210.207   0.021942    29       3665     
 8976.77 202     25303    -210.229   -210.207   0.021853    27       3683     
 8977.36 202     25304    -210.229   -210.207   0.021853    27       3683     
 8983.14 202     25350    -210.229   -210.207   0.021853    30       3687     
 9005.18 203     25433    -210.229   -210.207   0.0217913   28       3701     
 9005.91 203     25450    -210.229   -210.207   0.0217913   30       3701     
 9017.07 204     25561    -210.229   -210.207   0.0217528   30       3708     
 9017.67 204     25562    -210.229   -210.207   0.0217528   29       3708     
 9022.07 204     25600    -210.229   -210.207   0.0217528   32       3711     
 9034.58 205     25691    -210.229   -210.207   0.0216997   26       3719     
 9040.88 205     25700    -210.229   -210.207   0.0216997   27       3723     
 9048.15 205     25750    -210.229   -210.207   0.0216997   25       3728     
 9054.77 206     25819    -210.229   -210.207   0.0216668   25       3732     
 9062.88 206     25850    -210.229   -210.207   0.0216668   30       3738     
 9068.17 207     25947    -210.229   -210.207   0.0216344   27       3741     
 9068.79 207     25950    -210.229   -210.207   0.0216344   28       3741     
 9090.16 207     26000    -210.229   -210.207   0.0216344   33       3757     
 9098.77 208     26075    -210.229   -210.207   0.0215669   29       3762     
 9125.04 208     26100    -210.229   -210.207   0.0215669   29       3781     
 9152.63 209     26203    -210.229   -210.207   0.0214944   28       3799     
 9153.25 209     26204    -210.229   -210.207   0.0214944   29       3799     
 9154.22 209     26250    -210.229   -210.207   0.0214944   29       3799     
 9168.99 210     26331    -210.229   -210.207   0.021471    33       3808     
 9177.19 210     26350    -210.229   -210.207   0.021471    32       3814     
 9191.94 211     26459    -210.229   -210.207   0.0214532   31       3824     
 9192.57 211     26460    -210.229   -210.207   0.0214532   31       3824     
 9195.73 211     26500    -210.229   -210.207   0.0214532   33       3826     
 9207.58 212     26587    -210.229   -210.207   0.0214251   33       3834     
 9208.32 212     26600    -210.229   -210.207   0.0214251   32       3834     
 9218.43 212     26650    -210.229   -210.207   0.0214251   35       3840     
 9219.62 213     26715    -210.229   -210.207   0.0213923   29       3840     
 9246.78 213     26750    -210.229   -210.207   0.0213923   30       3859     
 9257.23 214     26841    -210.229   -210.207   0.0213346   32       3865     
 9260.94 214     26850    -210.229   -210.207   0.0213346   34       3867     
 9270.12 214     26900    -210.229   -210.207   0.0213346   35       3873     
 9277.95 215     26969    -210.229   -210.207   0.0212891   31       3877     
 9297.34 215     27000    -210.229   -210.207   0.0212891   33       3892     
 9324.61 216     27097    -210.229   -210.207   0.0212574   29       3909     
 9325.27 216     27100    -210.229   -210.207   0.0212574   31       3909     
 9330.09 216     27150    -210.229   -210.207   0.0212574   31       3912     
 9345.74 217     27223    -210.229   -210.207   0.0212162   36       3921     
 9355.08 217     27250    -210.229   -210.207   0.0212162   35       3928     
 9372.26 218     27349    -210.229   -210.207   0.0212006   33       3939     
 9372.93 218     27350    -210.229   -210.207   0.0212006   33       3939     
 9406.8  218     27400    -210.229   -210.207   0.0212006   38       3961     
 9426.4  219     27475    -210.229   -210.207   0.0211515   34       3972     
 9427.33 219     27500    -210.229   -210.207   0.0211515   37       3972     
 9451.75 220     27601    -210.229   -210.207   0.02109     37       3986     
 9452.43 220     27602    -210.229   -210.207   0.02109     38       3986     
 9469.32 220     27650    -210.229   -210.207   0.02109     36       3996     
 9476.76 221     27727    -210.229   -210.207   0.0210634   33       4000     
 9477.58 221     27750    -210.229   -210.207   0.0210634   33       4000     
 9488.39 222     27853    -210.228   -210.207   0.0210215   32       4006     
 9489.06 222     27854    -210.228   -210.207   0.0210215   31       4006     
 9502.32 222     27900    -210.228   -210.207   0.0210215   33       4015     
 9516.64 223     27979    -210.228   -210.207   0.0210034   38       4023     
 9532.53 223     28000    -210.228   -210.207   0.0210034   35       4033     
 9541.8  224     28105    -210.228   -210.207   0.0208657   38       4039     
 9542.48 224     28106    -210.228   -210.207   0.0208657   38       4039     
 9543.48 224     28150    -210.228   -210.207   0.0208657   42       4039     
 9549.15 225     28231    -210.228   -210.207   0.0208481   36       4042     
 9565.51 225     28250    -210.228   -210.207   0.0208481   35       4053     
 9586.62 226     28357    -210.228   -210.207   0.0208156   33       4067     
 9587.3  226     28358    -210.228   -210.207   0.0208156   33       4067     
 9594.52 226     28400    -210.228   -210.207   0.0208156   36       4072     
 9615.17 227     28483    -210.228   -210.207   0.0207657   37       4085     
 9632.36 227     28500    -210.228   -210.207   0.0207657   40       4096     
 9662.94 228     28609    -210.228   -210.207   0.0207373   36       4116     
 9663.63 228     28610    -210.228   -210.207   0.0207373   34       4116     
 9688.12 228     28650    -210.228   -210.207   0.0207373   43       4132     
 9708.76 229     28735    -210.228   -210.207   0.0206701   35       4144     
 9721.04 229     28750    -210.228   -210.207   0.0206701   36       4152     
 9727.34 230     28859    -210.228   -210.207   0.0206524   33       4155     
 9728.05 230     28860    -210.228   -210.207   0.0206524   33       4155     
 9729.07 230     28900    -210.228   -210.207   0.0206524   36       4155     
 9743.76 231     28983    -210.228   -210.207   0.0206191   37       4163     
 9759.31 231     29000    -210.228   -210.207   0.0206191   31       4172     
 9781.17 232     29109    -210.228   -210.207   0.0205661   32       4185     
 9781.89 232     29110    -210.228   -210.207   0.0205661   33       4185     
 9792.14 232     29150    -210.228   -210.207   0.0205661   36       4191     
 9798.47 233     29233    -210.228   -210.207   0.0205522   33       4194     
 9799.33 233     29250    -210.228   -210.207   0.0205522   34       4194     
 9813.48 234     29357    -210.228   -210.207   0.0205443   35       4202     
 9814.21 234     29358    -210.228   -210.207   0.0205443   35       4202     
 9815.27 234     29400    -210.228   -210.207   0.0205443   36       4202     
 9824.64 235     29481    -210.228   -210.207   0.0205388   38       4207     
 9825.5  235     29500    -210.228   -210.207   0.0205388   39       4207     
 9840.57 236     29605    -210.228   -210.207   0.0205335   37       4215     
 9841.31 236     29606    -210.228   -210.207   0.0205335   37       4215     
 9864.65 236     29650    -210.228   -210.207   0.0205335   42       4230     
 9874.46 237     29729    -210.228   -210.207   0.0205201   36       4235     
 9887.25 237     29750    -210.228   -210.207   0.0205201   41       4243     
 9897.45 238     29853    -210.228   -210.207   0.0205123   36       4248     
 9898.19 238     29854    -210.228   -210.207   0.0205123   36       4248     
 9912.86 238     29900    -210.228   -210.207   0.0205123   40       4257     
 9917.27 239     29977    -210.228   -210.207   0.0205001   33       4259     
 9924    239     30000    -210.228   -210.207   0.0205001   35       4263     
 9935.87 240     30101    -210.228   -210.207   0.0204472   34       4269     
 9936.6  240     30102    -210.228   -210.207   0.0204472   34       4269     
 9946.34 240     30150    -210.228   -210.207   0.0204472   39       4275     
 9954.41 241     30225    -210.228   -210.207   0.0204139   35       4279     
 9955.35 241     30250    -210.228   -210.207   0.0204139   32       4279     
 9969.33 242     30349    -210.228   -210.207   0.0203871   33       4286     
 9970.06 242     30350    -210.228   -210.207   0.0203871   34       4286     
 9991.4  242     30400    -210.228   -210.207   0.0203871   36       4299     
 10006.3 243     30473    -210.228   -210.207   0.0203602   32       4307     
-------------------------------------------------------------------------------

SARSOP finishing ...
  Preset timeout reached
  Timeout     : 10000.000000s
  Actual Time : 10006.310000s

-------------------------------------------------------------------------------
 Time   |#Trial |#Backup |LBound    |UBound    |Precision  |#Alphas |#Beliefs  
-------------------------------------------------------------------------------
 10006.3 243     30473    -210.228   -210.207   0.0203602   32       4307     
-------------------------------------------------------------------------------

Writing out policy ...
  output file : RAM4_small/3971f7f1c3.policyx

