
Loading the model ...
  input file   : /home/rstudio/RAM4_small/398cfbfa6.pomdpx
  loading time : 4.62s 

SARSOP initializing ...
  initialization time : 7601.68s

-------------------------------------------------------------------------------
 Time   |#Trial |#Backup |LBound    |UBound    |Precision  |#Alphas |#Beliefs  
-------------------------------------------------------------------------------
 7601.68 0       0        -463.746   -463.268   0.478012    101      1        
 7617.15 1       65       -463.612   -463.37    0.242651    23       34       
 7619.67 1       100      -463.612   -463.37    0.242651    26       42       
 7622.36 2       175      -463.56    -463.37    0.190448    12       54       
 7624.21 2       200      -463.56    -463.37    0.190448    20       62       
 7627.57 3       293      -463.521   -463.37    0.15138     16       74       
 7628.56 3       300      -463.521   -463.37    0.15138     19       79       
 7631.59 3       350      -463.521   -463.37    0.15138     29       93       
 7634    4       417      -463.496   -463.37    0.12586     29       98       
 7634.85 4       450      -463.496   -463.37    0.12586     19       106      
 7642.37 5       539      -463.478   -463.37    0.107867    25       124      
 7643.44 5       550      -463.478   -463.37    0.107867    23       132      
 7651.94 6       655      -463.459   -463.37    0.089191    21       149      
 7652.23 6       656      -463.459   -463.37    0.089191    20       150      
 7653.41 6       700      -463.459   -463.37    0.089191    19       156      
 7657.51 7       777      -463.446   -463.37    0.0755089   25       171      
 7658.4  7       800      -463.446   -463.37    0.0755089   26       176      
 7663.3  8       903      -463.437   -463.37    0.0670901   27       191      
 7663.54 8       904      -463.437   -463.37    0.0670901   24       192      
 7665.74 8       950      -463.437   -463.37    0.0670901   18       204      
 7669.42 9       1023     -463.428   -463.37    0.0577431   21       217      
 7671.01 9       1050     -463.428   -463.37    0.0577431   16       224      
 7676.86 10      1145     -463.421   -463.37    0.0506876   14       241      
 7677.77 10      1150     -463.421   -463.37    0.0506876   15       245      
 7681.55 10      1200     -463.421   -463.37    0.0506876   15       255      
 7684.03 11      1267     -463.417   -463.371   0.046913    15       261      
 7686.28 11      1300     -463.417   -463.371   0.046913    13       269      
 7692.82 12      1385     -463.413   -463.371   0.0422504   15       286      
 7695.11 12      1400     -463.413   -463.371   0.0422504   12       293      
 7701.21 13      1503     -463.408   -463.371   0.037275    13       305      
 7701.66 13      1504     -463.408   -463.371   0.037275    13       306      
 7703.65 13      1550     -463.408   -463.371   0.037275    14       312      
 7709.16 14      1627     -463.405   -463.371   0.0345795   15       323      
 7711.32 14      1650     -463.405   -463.371   0.0345795   13       329      
 7717.15 15      1749     -463.402   -463.371   0.0307015   14       341      
 7717.65 15      1750     -463.402   -463.371   0.0307015   14       342      
 7719.87 15      1800     -463.402   -463.371   0.0307015   14       348      
 7727.09 16      1875     -463.4     -463.371   0.02863     13       359      
 7729.46 16      1900     -463.4     -463.371   0.02863     13       365      
 7735.66 17      1999     -463.397   -463.371   0.0264614   14       377      
 7736.2  17      2000     -463.397   -463.371   0.0264614   15       378      
 7738.37 17      2050     -463.397   -463.371   0.0264614   15       383      
 7743.83 18      2127     -463.396   -463.371   0.0249873   16       392      
 7745.52 18      2150     -463.396   -463.371   0.0249873   15       396      
 7759.54 19      2249     -463.394   -463.371   0.0231981   14       424      
 7759.65 19      2250     -463.394   -463.371   0.0231981   15       424      
 7761.99 19      2300     -463.394   -463.371   0.0231981   16       428      
 7767.29 20      2369     -463.392   -463.371   0.0213057   18       436      
 7770.83 20      2400     -463.392   -463.371   0.0213057   17       443      
 7777.55 21      2489     -463.391   -463.371   0.0200748   20       452      
 7777.69 21      2500     -463.391   -463.371   0.0200748   19       452      
 7788.28 22      2550     -463.391   -463.371   0.0200748   19       470      
 7789.22 22      2611     -463.39    -463.371   0.019037    20       471      
 7792    22      2650     -463.39    -463.371   0.019037    18       476      
 7797.86 23      2731     -463.389   -463.371   0.0179829   18       484      
 7802.47 23      2750     -463.389   -463.371   0.0179829   15       492      
 7808.89 24      2851     -463.388   -463.371   0.0167379   13       499      
 7809.01 24      2852     -463.388   -463.371   0.0167379   14       499      
 7810.71 24      2900     -463.388   -463.371   0.0167379   15       502      
 7819.36 25      2975     -463.387   -463.371   0.0159672   17       513      
 7822.4  25      3000     -463.387   -463.371   0.0159672   17       518      
 7827.3  26      3099     -463.387   -463.371   0.0153683   18       524      
 7827.43 26      3100     -463.387   -463.371   0.0153683   19       524      
 7830.98 26      3150     -463.387   -463.371   0.0153683   18       530      
 7835.76 27      3225     -463.386   -463.371   0.0147958   18       536      
 7835.96 27      3250     -463.386   -463.371   0.0147958   18       536      
 7843.17 28      3349     -463.386   -463.371   0.0143784   20       544      
 7843.93 28      3350     -463.386   -463.371   0.0143784   20       545      
 7856.05 28      3400     -463.386   -463.371   0.0143784   21       564      
 7864.73 29      3473     -463.385   -463.371   0.0139213   20       575      
 7870.12 29      3500     -463.385   -463.371   0.0139213   20       583      
 7879.78 30      3595     -463.384   -463.371   0.0130545   22       595      
 7879.95 30      3600     -463.384   -463.371   0.0130545   21       595      
 7880.21 30      3650     -463.384   -463.371   0.0130545   21       595      
 7889.28 31      3725     -463.384   -463.371   0.0126985   21       604      
 7893.56 31      3750     -463.384   -463.371   0.0126985   21       610      
 7898.34 32      3853     -463.384   -463.371   0.0123474   21       615      
 7898.49 32      3854     -463.384   -463.371   0.0123474   22       615      
 7901.37 32      3900     -463.384   -463.371   0.0123474   23       619      
 7906.87 33      3981     -463.384   -463.371   0.0120946   26       625      
 7910.61 33      4000     -463.384   -463.371   0.0120946   24       630      
 7915.59 34      4111     -463.383   -463.371   0.011877    25       635      
 7915.75 34      4112     -463.383   -463.371   0.011877    25       635      
 7919.36 34      4150     -463.383   -463.371   0.011877    29       640      
 7923.88 35      4243     -463.383   -463.371   0.0115298   25       645      
 7927.7  35      4250     -463.383   -463.371   0.0115298   25       650      
 7927.98 35      4300     -463.383   -463.371   0.0115298   25       650      
 7934.76 36      4375     -463.383   -463.372   0.0114097   25       656      
 7935.02 36      4400     -463.383   -463.372   0.0114097   25       656      
 7954.82 37      4505     -463.383   -463.372   0.0110672   24       677      
 7955    37      4506     -463.383   -463.372   0.0110672   24       677      
 7957.62 37      4550     -463.383   -463.372   0.0110672   27       680      
 7966.04 38      4635     -463.382   -463.372   0.0108949   23       688      
 7969.41 38      4650     -463.382   -463.372   0.0108949   22       692      
 7977.34 39      4700     -463.382   -463.372   0.0108949   25       701      
 7978.6  39      4765     -463.382   -463.372   0.0107337   24       702      
 7985.04 39      4800     -463.382   -463.372   0.0107337   23       710      
 8000.54 40      4893     -463.382   -463.372   0.0104664   22       727      
 8005.7  40      4900     -463.382   -463.372   0.0104664   22       733      
 8008.96 40      4950     -463.382   -463.372   0.0104664   23       736      
 8017.29 41      5023     -463.382   -463.372   0.0102818   24       744      
 8022.71 41      5050     -463.382   -463.372   0.0102818   24       750      
 8032.87 42      5151     -463.382   -463.372   0.0101662   25       759      
 8034.03 42      5152     -463.382   -463.372   0.0101662   25       760      
 8037.93 42      5200     -463.382   -463.372   0.0101662   23       764      
 8049.35 43      5279     -463.382   -463.372   0.00981936  27       775      
 8053.95 43      5300     -463.382   -463.372   0.00981936  27       780      
 8075.59 44      5409     -463.381   -463.372   0.00961122  28       800      
 8076.73 44      5410     -463.381   -463.372   0.00961122  28       801      
 8082.53 44      5450     -463.381   -463.372   0.00961122  26       807      
 8092.74 45      5541     -463.381   -463.372   0.00939696  26       816      
 8096.58 45      5550     -463.381   -463.372   0.00939696  28       820      
 8100.02 45      5600     -463.381   -463.372   0.00939696  29       823      
 8108.64 46      5675     -463.381   -463.372   0.00926114  28       830      
 8116.87 46      5700     -463.381   -463.372   0.00926114  28       838      
 8123.45 47      5809     -463.381   -463.372   0.00911355  27       843      
 8124.67 47      5810     -463.381   -463.372   0.00911355  27       844      
 8131.05 47      5850     -463.381   -463.372   0.00911355  28       850      
 8154.67 48      5943     -463.381   -463.372   0.00896967  25       872      
 8162.54 48      5950     -463.381   -463.372   0.00896967  27       879      
 8164.04 48      6000     -463.381   -463.372   0.00896967  25       880      
 8176.4  49      6079     -463.381   -463.372   0.00886387  26       890      
 8176.72 49      6100     -463.381   -463.372   0.00886387  27       890      
 8190.45 50      6215     -463.38    -463.372   0.00876234  27       900      
 8190.69 50      6216     -463.38    -463.372   0.00876234  27       900      
 8191.04 50      6250     -463.38    -463.372   0.00876234  26       900      
 8201.26 51      6353     -463.38    -463.372   0.00869294  25       908      
 8201.49 51      6354     -463.38    -463.372   0.00869294  25       908      
 8201.86 51      6400     -463.38    -463.372   0.00869294  23       908      
 8212.03 52      6489     -463.38    -463.372   0.00859197  26       916      
 8217.75 52      6500     -463.38    -463.372   0.00859197  26       921      
 8218.15 52      6550     -463.38    -463.372   0.00859197  28       921      
 8229.23 53      6627     -463.38    -463.372   0.00853666  26       929      
 8235.61 53      6650     -463.38    -463.372   0.00853666  27       934      
 8252.13 54      6763     -463.38    -463.372   0.00843169  29       947      
 8252.38 54      6764     -463.38    -463.372   0.00843169  30       947      
 8255.95 54      6800     -463.38    -463.372   0.00843169  31       950      
 8264.87 55      6901     -463.38    -463.372   0.00838647  27       956      
 8265.13 55      6902     -463.38    -463.372   0.00838647  28       956      
 8275.54 55      6950     -463.38    -463.372   0.00838647  30       965      
 8300.87 56      7039     -463.38    -463.372   0.00831171  31       985      
 8306.72 56      7050     -463.38    -463.372   0.00831171  29       990      
 8314.18 56      7100     -463.38    -463.372   0.00831171  28       996      
 8322.41 57      7175     -463.38    -463.372   0.00821129  28       1002     
 8322.77 57      7200     -463.38    -463.372   0.00821129  28       1002     
 8334.48 58      7311     -463.38    -463.372   0.00815456  28       1010     
 8336.01 58      7312     -463.38    -463.372   0.00815456  29       1011     
 8341.05 58      7350     -463.38    -463.372   0.00815456  30       1015     
 8354.26 59      7447     -463.38    -463.372   0.0080898   31       1024     
 8354.54 59      7450     -463.38    -463.372   0.0080898   31       1024     
 8354.99 59      7500     -463.38    -463.372   0.0080898   32       1024     
 8368.67 60      7583     -463.38    -463.372   0.00799409  30       1033     
 8369    60      7600     -463.38    -463.372   0.00799409  31       1033     
 8376.4  60      7650     -463.38    -463.372   0.00799409  32       1038     
 8377.07 61      7719     -463.38    -463.372   0.00795652  32       1038     
 8383.78 61      7750     -463.38    -463.372   0.00795652  31       1043     
 8422.1  62      7853     -463.38    -463.372   0.00782031  37       1070     
 8422.39 62      7854     -463.38    -463.372   0.00782031  37       1070     
 8422.87 62      7900     -463.38    -463.372   0.00782031  35       1070     
 8437.33 63      7991     -463.38    -463.372   0.00777434  33       1079     
 8437.66 63      8000     -463.38    -463.372   0.00777434  33       1079     
 8443.38 63      8050     -463.38    -463.372   0.00777434  36       1083     
 8456.93 64      8129     -463.38    -463.372   0.00772584  35       1092     
 8464.79 64      8150     -463.38    -463.372   0.00772584  35       1098     
 8474.06 65      8267     -463.38    -463.372   0.00768013  35       1104     
 8474.33 65      8268     -463.38    -463.372   0.00768013  35       1104     
 8482.98 65      8300     -463.38    -463.372   0.00768013  36       1110     
 8497.74 66      8405     -463.379   -463.372   0.00763177  35       1119     
 8498.04 66      8406     -463.379   -463.372   0.00763177  35       1119     
 8503.3  66      8450     -463.379   -463.372   0.00763177  36       1123     
 8539.92 67      8543     -463.379   -463.372   0.00754496  36       1146     
 8540.27 67      8550     -463.379   -463.372   0.00754496  34       1146     
 8540.79 67      8600     -463.379   -463.372   0.00754496  34       1146     
 8553.34 68      8681     -463.379   -463.372   0.0075023   38       1153     
 8559.76 68      8700     -463.379   -463.372   0.0075023   35       1157     
 8574.99 68      8750     -463.379   -463.372   0.0075023   39       1166     
 8575.89 69      8821     -463.379   -463.372   0.00743437  32       1166     
 8576.33 69      8850     -463.379   -463.372   0.00743437  32       1166     
 8607.62 70      8959     -463.379   -463.372   0.00734382  33       1186     
 8607.91 70      8960     -463.379   -463.372   0.00734382  33       1186     
 8608.4  70      9000     -463.379   -463.372   0.00734382  33       1186     
 8631.5  71      9099     -463.379   -463.372   0.00730292  40       1199     
 8633.57 71      9100     -463.379   -463.372   0.00730292  39       1200     
 8642.25 71      9150     -463.379   -463.372   0.00730292  37       1205     
 8670.82 72      9237     -463.379   -463.372   0.00713951  31       1222     
 8682    72      9250     -463.379   -463.372   0.00713951  34       1229     
 8689.05 72      9300     -463.379   -463.372   0.00713951  33       1233     
 8702.22 73      9379     -463.379   -463.372   0.00709213  32       1240     
 8702.64 73      9400     -463.379   -463.372   0.00709213  33       1240     
 8740.98 74      9519     -463.379   -463.372   0.00701503  34       1262     
 8742.87 74      9520     -463.379   -463.372   0.00701503  34       1263     
 8747.93 74      9550     -463.379   -463.372   0.00701503  33       1266     
 8768.3  75      9659     -463.379   -463.372   0.0069873   40       1277     
 8768.62 75      9660     -463.379   -463.372   0.0069873   40       1277     
 8769.18 75      9700     -463.379   -463.372   0.0069873   43       1277     
 8798.31 76      9799     -463.379   -463.372   0.00692268  33       1293     
 8798.66 76      9800     -463.379   -463.372   0.00692268  33       1293     
 8802.37 76      9850     -463.379   -463.372   0.00692268  35       1295     
 8825.48 77      9939     -463.379   -463.372   0.00687812  34       1307     
 8832.02 77      9950     -463.379   -463.372   0.00687812  35       1311     
 8840.68 77      10000    -463.379   -463.372   0.00687812  34       1316     
 8857.02 78      10079    -463.379   -463.372   0.0068229   37       1324     
 8862.58 78      10100    -463.379   -463.372   0.0068229   36       1327     
 8879.4  79      10219    -463.379   -463.372   0.00678409  35       1335     
 8879.74 79      10220    -463.379   -463.372   0.00678409  36       1335     
 8892.55 79      10250    -463.379   -463.372   0.00678409  37       1342     
 8932.68 80      10359    -463.379   -463.372   0.00673316  35       1363     
 8933.06 80      10360    -463.379   -463.372   0.00673316  35       1363     
 8940.65 80      10400    -463.379   -463.372   0.00673316  36       1367     
 8967.88 81      10499    -463.379   -463.372   0.00667267  37       1381     
 8968.23 81      10500    -463.379   -463.372   0.00667267  37       1381     
 8974.02 81      10550    -463.379   -463.372   0.00667267  37       1384     
 8989.07 82      10639    -463.379   -463.372   0.00663507  37       1391     
 8996.55 82      10650    -463.379   -463.372   0.00663507  36       1395     
 9016.1  82      10700    -463.379   -463.372   0.00663507  37       1405     
 9033.41 83      10779    -463.379   -463.372   0.00657668  36       1413     
 9038.64 83      10800    -463.379   -463.372   0.00657668  37       1416     
 9066.89 84      10850    -463.379   -463.372   0.00657668  36       1430     
 9067.84 84      10921    -463.378   -463.372   0.00654484  37       1430     
 9075.24 84      10950    -463.378   -463.372   0.00654484  37       1434     
 9088.95 85      11061    -463.378   -463.372   0.00651774  38       1440     
 9089.33 85      11062    -463.378   -463.372   0.00651774  38       1440     
 9093.38 85      11100    -463.378   -463.372   0.00651774  37       1442     
 9123.12 86      11201    -463.378   -463.372   0.00650389  35       1456     
 9123.51 86      11202    -463.378   -463.372   0.00650389  35       1456     
 9129.63 86      11250    -463.378   -463.372   0.00650389  36       1459     
 9156.34 87      11343    -463.378   -463.372   0.00648574  39       1471     
 9162.61 87      11350    -463.378   -463.372   0.00648574  39       1474     
 9169.01 87      11400    -463.378   -463.372   0.00648574  40       1477     
 9196.91 88      11483    -463.378   -463.372   0.0064515   37       1490     
 9211.06 88      11500    -463.378   -463.372   0.0064515   38       1497     
 9238.28 88      11550    -463.378   -463.372   0.0064515   42       1510     
 9243.86 89      11623    -463.378   -463.372   0.00640832  38       1512     
 9249.82 89      11650    -463.378   -463.372   0.00640832  38       1515     
 9279.22 90      11765    -463.378   -463.372   0.0063978   43       1528     
 9279.66 90      11766    -463.378   -463.372   0.0063978   43       1528     
 9282.2  90      11800    -463.378   -463.372   0.0063978   44       1529     
 9309.98 91      11907    -463.378   -463.372   0.00638571  40       1540     
 9312.47 91      11908    -463.378   -463.372   0.00638571  39       1541     
 9326.64 91      11950    -463.378   -463.372   0.00638571  44       1547     
 9351.35 92      12049    -463.378   -463.372   0.00636171  44       1557     
 9351.74 92      12050    -463.378   -463.372   0.00636171  44       1557     
 9352.47 92      12100    -463.378   -463.372   0.00636171  42       1557     
 9375.33 93      12191    -463.378   -463.372   0.00635256  40       1567     
 9375.83 93      12200    -463.378   -463.372   0.00635256  40       1567     
 9376.57 93      12250    -463.378   -463.372   0.00635256  42       1567     
 9397.81 94      12333    -463.378   -463.372   0.00633465  40       1576     
 9398.34 94      12350    -463.378   -463.372   0.00633465  41       1576     
 9403.36 94      12400    -463.378   -463.372   0.00633465  41       1578     
 9411.11 95      12475    -463.378   -463.372   0.00631908  41       1581     
 9411.66 95      12500    -463.378   -463.372   0.00631908  40       1581     
 9428.55 96      12617    -463.378   -463.372   0.00629768  38       1588     
 9431.11 96      12618    -463.378   -463.372   0.00629768  39       1589     
 9445.51 96      12650    -463.378   -463.372   0.00629768  38       1596     
 9462.37 97      12761    -463.378   -463.372   0.00625462  34       1603     
 9462.78 97      12762    -463.378   -463.372   0.00625462  34       1603     
 9474.32 97      12800    -463.378   -463.372   0.00625462  38       1609     
 9484.26 98      12905    -463.378   -463.372   0.00624931  38       1613     
 9484.68 98      12906    -463.378   -463.372   0.00624931  38       1613     
 9493.33 98      12950    -463.378   -463.372   0.00624931  39       1617     
 9503.25 99      13049    -463.378   -463.372   0.00623425  39       1621     
 9503.67 99      13050    -463.378   -463.372   0.00623425  40       1621     
 9512.1  99      13100    -463.378   -463.372   0.00623425  39       1625     
 9529.56 100     13193    -463.378   -463.372   0.00620821  38       1632     
 9533.87 100     13200    -463.378   -463.372   0.00620821  39       1634     
 9534.74 100     13250    -463.378   -463.372   0.00620821  39       1634     
 9551.83 101     13337    -463.378   -463.372   0.00618842  38       1641     
 9556.2  101     13350    -463.378   -463.372   0.00618842  42       1643     
 9556.91 101     13400    -463.378   -463.372   0.00618842  42       1643     
 9567.24 102     13481    -463.378   -463.372   0.00618619  45       1647     
 9567.79 102     13500    -463.378   -463.372   0.00618619  46       1647     
 9572.95 102     13550    -463.378   -463.372   0.00618619  47       1649     
 9578.76 103     13625    -463.378   -463.372   0.00617654  41       1651     
 9587.06 103     13650    -463.378   -463.372   0.00617654  41       1655     
 9605.72 104     13769    -463.378   -463.372   0.00616023  39       1663     
 9606.14 104     13770    -463.378   -463.372   0.00616023  39       1663     
 9608.06 104     13800    -463.378   -463.372   0.00616023  40       1664     
 9629.84 105     13913    -463.378   -463.372   0.00615516  41       1673     
 9630.26 105     13914    -463.378   -463.372   0.00615516  41       1673     
 9630.92 105     13950    -463.378   -463.372   0.00615516  41       1673     
 9652.99 106     14057    -463.378   -463.372   0.00614935  41       1682     
 9653.42 106     14058    -463.378   -463.372   0.00614935  41       1682     
 9654.12 106     14100    -463.378   -463.372   0.00614935  43       1682     
 9676.17 107     14201    -463.378   -463.372   0.00613889  48       1691     
 9676.6  107     14202    -463.378   -463.372   0.00613889  48       1691     
 9685.88 107     14250    -463.378   -463.372   0.00613889  45       1695     
 9699.64 108     14345    -463.378   -463.372   0.00613031  41       1700     
 9700.18 108     14350    -463.378   -463.372   0.00613031  40       1700     
 9700.99 108     14400    -463.378   -463.372   0.00613031  43       1700     
 9725.93 109     14489    -463.378   -463.372   0.00610907  40       1710     
 9726.46 109     14500    -463.378   -463.372   0.00610907  40       1710     
 9727.27 109     14550    -463.378   -463.372   0.00610907  40       1710     
 9743.38 110     14633    -463.378   -463.372   0.00610476  44       1716     
 9755.45 110     14650    -463.378   -463.372   0.00610476  46       1721     
 9767.66 110     14700    -463.378   -463.372   0.00610476  44       1726     
 9778.52 111     14777    -463.378   -463.372   0.0060956   39       1730     
 9783.36 111     14800    -463.378   -463.372   0.0060956   38       1732     
 9803.45 112     14921    -463.378   -463.372   0.00608311  38       1740     
 9803.88 112     14922    -463.378   -463.372   0.00608311  38       1740     
 9804.5  112     14950    -463.378   -463.372   0.00608311  40       1740     
 9819.94 113     15065    -463.378   -463.372   0.00608008  40       1746     
 9820.38 113     15066    -463.378   -463.372   0.00608008  40       1746     
 9821.03 113     15100    -463.378   -463.372   0.00608008  40       1746     
 9837.18 114     15209    -463.378   -463.372   0.00607721  41       1752     
 9840.04 114     15210    -463.378   -463.372   0.00607721  41       1753     
 9849.78 114     15250    -463.378   -463.372   0.00607721  38       1757     
 9868.77 115     15353    -463.378   -463.372   0.00604432  40       1764     
 9869.21 115     15354    -463.378   -463.372   0.00604432  40       1764     
 9869.95 115     15400    -463.378   -463.372   0.00604432  39       1764     
 9885.73 116     15497    -463.378   -463.372   0.00602272  38       1770     
 9886.2  116     15500    -463.378   -463.372   0.00602272  38       1770     
 9887.01 116     15550    -463.378   -463.372   0.00602272  38       1770     
 9900.39 117     15641    -463.378   -463.372   0.00600392  36       1775     
 9900.9  117     15650    -463.378   -463.372   0.00600392  38       1775     
 9901.71 117     15700    -463.378   -463.372   0.00600392  39       1775     
 9915.12 118     15785    -463.378   -463.372   0.00599799  38       1780     
 9915.66 118     15800    -463.378   -463.372   0.00599799  37       1780     
 9916.47 118     15850    -463.378   -463.372   0.00599799  37       1780     
 9927.29 119     15927    -463.378   -463.372   0.00597987  37       1784     
 9927.9  119     15950    -463.378   -463.372   0.00597987  37       1784     
 9939.22 120     16069    -463.378   -463.372   0.00595541  37       1788     
 9939.68 120     16070    -463.378   -463.372   0.00595541  37       1788     
 9940.32 120     16100    -463.378   -463.372   0.00595541  38       1788     
 9973.82 121     16211    -463.378   -463.372   0.00594648  41       1802     
 9976.49 121     16212    -463.378   -463.372   0.00594648  40       1803     
 9993.27 121     16250    -463.378   -463.372   0.00594648  39       1810     
 10009.6 122     16353    -463.378   -463.372   0.0059178   41       1816     
-------------------------------------------------------------------------------

SARSOP finishing ...
  Preset timeout reached
  Timeout     : 10000.000000s
  Actual Time : 10009.570000s

-------------------------------------------------------------------------------
 Time   |#Trial |#Backup |LBound    |UBound    |Precision  |#Alphas |#Beliefs  
-------------------------------------------------------------------------------
 10009.6 122     16353    -463.378   -463.372   0.0059178   41       1816     
-------------------------------------------------------------------------------

Writing out policy ...
  output file : RAM4_small/398cfbfa6.policyx

