
Loading the model ...
  input file   : /home/rstudio/RAM4_small/3a41323669.pomdpx
  loading time : 4.58s 

SARSOP initializing ...
  initialization time : 3822.71s

-------------------------------------------------------------------------------
 Time   |#Trial |#Backup |LBound    |UBound    |Precision  |#Alphas |#Beliefs  
-------------------------------------------------------------------------------
 3822.71 0       0        -184.849   -178.265   6.58335     101      1        
 3823.53 1       51       -180.866   -178.456   2.41011     11       27       
 3824.34 2       101      -180.15    -178.456   1.69349     15       52       
 3825.61 3       165      -179.624   -178.456   1.16801     19       83       
 3827.03 3       200      -179.624   -178.456   1.16801     37       106      
 3827.68 4       250      -179.386   -178.456   0.929357    18       118      
 3829.08 5       309      -179.243   -178.456   0.78658     45       136      
 3831.46 6       373      -179.13    -178.456   0.673634    34       159      
 3832.45 6       400      -179.13    -178.456   0.673634    34       182      
 3833.31 7       450      -178.978   -178.456   0.521909    28       199      
 3833.71 8       507      -178.907   -178.456   0.450886    44       204      
 3835    9       583      -178.822   -178.456   0.365838    37       223      
 3836.6  9       600      -178.822   -178.456   0.365838    24       240      
 3837.34 10      679      -178.781   -178.456   0.325062    27       246      
 3839.61 10      700      -178.781   -178.456   0.325062    28       267      
 3840.67 11      767      -178.74    -178.456   0.283313    29       274      
 3842.54 11      800      -178.74    -178.456   0.283313    24       291      
 3843.73 12      857      -178.707   -178.456   0.2502      29       299      
 3846.62 12      900      -178.707   -178.456   0.2502      20       319      
 3846.94 13      950      -178.684   -178.456   0.227784    19       320      
 3847.56 14      1039     -178.665   -178.456   0.208803    19       326      
 3848.72 14      1050     -178.665   -178.456   0.208803    17       337      
 3849.91 15      1127     -178.648   -178.456   0.191545    14       345      
 3849.99 15      1150     -178.648   -178.456   0.191545    9        345      
 3850.48 16      1217     -178.632   -178.456   0.175817    13       349      
 3851.84 16      1250     -178.632   -178.456   0.175817    10       361      
 3852.45 17      1309     -178.614   -178.456   0.157846    13       365      
 3854.52 17      1350     -178.614   -178.456   0.157846    11       381      
 3855.68 18      1405     -178.6     -178.456   0.14334     9        387      
 3857.51 18      1450     -178.6     -178.456   0.14334     11       400      
 3857.99 19      1500     -178.588   -178.456   0.131341    15       403      
 3860.57 20      1595     -178.578   -178.456   0.121488    13       420      
 3860.64 20      1600     -178.578   -178.456   0.121488    11       420      
 3863.29 21      1689     -178.568   -178.456   0.111107    14       439      
 3864.9  21      1700     -178.568   -178.456   0.111107    13       450      
 3866.01 22      1785     -178.561   -178.456   0.104937    16       456      
 3868.21 22      1800     -178.561   -178.456   0.104937    12       471      
 3872.17 23      1875     -178.553   -178.456   0.0968501   14       491      
 3873.7  23      1900     -178.553   -178.456   0.0968501   14       501      
 3874.85 24      1963     -178.543   -178.456   0.0867846   14       506      
 3880.12 24      2000     -178.543   -178.456   0.0867846   13       538      
 3881.55 25      2051     -178.536   -178.456   0.0796011   15       545      
 3886.44 26      2141     -178.531   -178.456   0.0743487   14       573      
 3888.13 26      2150     -178.531   -178.456   0.0743487   13       582      
 3891.59 27      2237     -178.525   -178.456   0.0681657   16       598      
 3894.28 27      2250     -178.525   -178.456   0.0681657   13       611      
 3896.03 28      2339     -178.521   -178.456   0.064657    17       618      
 3898.25 28      2350     -178.521   -178.456   0.064657    15       629      
 3900.36 29      2443     -178.517   -178.456   0.0603344   17       637      
 3900.46 29      2450     -178.517   -178.456   0.0603344   14       637      
 3902.2  30      2553     -178.514   -178.456   0.0577162   12       645      
 3902.44 30      2554     -178.514   -178.456   0.0577162   13       646      
 3905.17 30      2600     -178.514   -178.456   0.0577162   13       660      
 3906.98 31      2665     -178.512   -178.457   0.0555634   14       667      
 3907.13 31      2700     -178.512   -178.457   0.0555634   13       667      
 3909.35 32      2773     -178.51    -178.457   0.0537915   13       677      
 3909.51 32      2800     -178.51    -178.457   0.0537915   13       677      
 3910.98 33      2879     -178.508   -178.457   0.0516184   14       685      
 3913.32 33      2900     -178.508   -178.457   0.0516184   14       698      
 3914.84 34      2985     -178.507   -178.457   0.0500432   16       704      
 3917.8  34      3000     -178.507   -178.457   0.0500432   17       718      
 3919.86 35      3091     -178.503   -178.457   0.0465884   18       725      
 3919.98 35      3100     -178.503   -178.457   0.0465884   15       725      
 3921.99 36      3203     -178.502   -178.457   0.0453136   15       733      
 3922.09 36      3204     -178.502   -178.457   0.0453136   16       733      
 3922.42 36      3250     -178.502   -178.457   0.0453136   16       734      
 3924.29 37      3317     -178.501   -178.457   0.0440801   15       743      
 3927.35 37      3350     -178.501   -178.457   0.0440801   15       758      
 3928.47 38      3429     -178.499   -178.457   0.0428668   15       762      
 3928.62 38      3450     -178.499   -178.457   0.0428668   15       762      
 3930.81 39      3539     -178.498   -178.457   0.0418783   15       772      
 3932.24 39      3550     -178.498   -178.457   0.0418783   16       779      
 3942.77 40      3645     -178.498   -178.457   0.0411908   19       817      
 3942.89 40      3650     -178.498   -178.457   0.0411908   17       817      
 3944.37 41      3751     -178.496   -178.457   0.0394474   19       822      
 3944.48 41      3752     -178.496   -178.457   0.0394474   20       822      
 3950.62 41      3800     -178.496   -178.457   0.0394474   21       847      
 3952.63 42      3861     -178.495   -178.457   0.0387653   22       853      
 3959.4  42      3900     -178.495   -178.457   0.0387653   26       877      
 3961.87 43      3971     -178.492   -178.457   0.0359171   20       883      
 3962.08 43      4000     -178.492   -178.457   0.0359171   19       883      
 3966.12 44      4091     -178.492   -178.457   0.0350349   18       896      
 3966.28 44      4100     -178.492   -178.457   0.0350349   14       896      
 3967.53 45      4150     -178.492   -178.457   0.0350349   17       901      
 3967.82 45      4209     -178.491   -178.457   0.0340271   19       901      
 3968.06 45      4250     -178.491   -178.457   0.0340271   19       901      
 3970.5  46      4331     -178.49    -178.457   0.0335777   17       911      
 3974.67 46      4350     -178.49    -178.457   0.0335777   17       927      
 3979.75 47      4451     -178.49    -178.457   0.0329999   19       942      
 3979.88 47      4452     -178.49    -178.457   0.0329999   20       942      
 3981.13 47      4500     -178.49    -178.457   0.0329999   21       946      
 3984.13 48      4569     -178.489   -178.457   0.0327012   20       955      
 3986.72 48      4600     -178.489   -178.457   0.0327012   21       964      
 3990.82 49      4687     -178.489   -178.457   0.032226    17       976      
 3994.63 49      4700     -178.489   -178.457   0.032226    17       989      
 4005.25 50      4801     -178.489   -178.457   0.0319347   20       1017     
 4005.39 50      4802     -178.489   -178.457   0.0319347   21       1017     
 4007.12 50      4850     -178.489   -178.457   0.0319347   21       1022     
 4009.76 51      4915     -178.488   -178.457   0.031611    18       1029     
 4010.01 51      4950     -178.488   -178.457   0.031611    21       1029     
 4012.79 52      5027     -178.488   -178.457   0.0313594   21       1038     
 4016.14 52      5050     -178.488   -178.457   0.0313594   20       1050     
 4019.35 53      5137     -178.487   -178.457   0.0300302   24       1060     
 4019.53 53      5150     -178.487   -178.457   0.0300302   22       1060     
 4021.26 54      5255     -178.486   -178.457   0.0296954   21       1065     
 4021.41 54      5256     -178.486   -178.457   0.0296954   19       1065     
 4021.67 54      5300     -178.486   -178.457   0.0296954   20       1065     
 4024.95 55      5371     -178.485   -178.457   0.0286302   20       1076     
 4034.36 55      5400     -178.485   -178.457   0.0286302   18       1105     
 4045.05 56      5489     -178.484   -178.457   0.0278283   19       1130     
 4045.27 56      5500     -178.484   -178.457   0.0278283   20       1130     
 4048.85 57      5609     -178.484   -178.457   0.0274343   19       1140     
 4049.01 57      5610     -178.484   -178.457   0.0274343   19       1140     
 4049.29 57      5650     -178.484   -178.457   0.0274343   18       1140     
 4054.16 58      5731     -178.484   -178.457   0.0271645   19       1154     
 4054.37 58      5750     -178.484   -178.457   0.0271645   19       1154     
 4058.03 59      5851     -178.484   -178.457   0.0270074   20       1164     
 4058.18 59      5852     -178.484   -178.457   0.0270074   20       1164     
 4058.48 59      5900     -178.484   -178.457   0.0270074   22       1164     
 4061.17 60      5969     -178.483   -178.457   0.0268339   18       1172     
 4061.41 60      6000     -178.483   -178.457   0.0268339   20       1172     
 4064.2  61      6087     -178.483   -178.457   0.0266977   23       1180     
 4067.56 61      6100     -178.483   -178.457   0.0266977   19       1190     
 4085.43 62      6203     -178.483   -178.457   0.0263928   21       1234     
 4085.6  62      6204     -178.483   -178.457   0.0263928   21       1234     
 4094.67 62      6250     -178.483   -178.457   0.0263928   24       1257     
 4099.3  63      6317     -178.482   -178.457   0.0257996   23       1266     
 4109.38 63      6350     -178.482   -178.457   0.0257996   24       1291     
 4121.49 64      6433     -178.482   -178.457   0.0256171   19       1315     
 4125.68 64      6450     -178.482   -178.457   0.0256171   18       1325     
 4143.25 65      6547     -178.482   -178.457   0.0253649   24       1360     
 4143.44 65      6550     -178.482   -178.457   0.0253649   22       1360     
 4148.33 65      6600     -178.482   -178.457   0.0253649   23       1371     
 4149.81 66      6659     -178.482   -178.457   0.0252697   25       1373     
 4150.16 66      6700     -178.482   -178.457   0.0252697   25       1373     
 4155.28 67      6771     -178.482   -178.457   0.0251244   22       1385     
 4155.62 67      6800     -178.482   -178.457   0.0251244   21       1385     
 4160.34 68      6881     -178.482   -178.457   0.0250131   27       1396     
 4166.57 68      6900     -178.482   -178.457   0.0250131   28       1412     
 4171.79 69      6991     -178.482   -178.457   0.0249003   24       1423     
 4175.05 69      7000     -178.482   -178.457   0.0249003   22       1431     
 4182.24 70      7101     -178.481   -178.457   0.0248102   23       1446     
 4182.46 70      7102     -178.481   -178.457   0.0248102   24       1446     
 4185.07 70      7150     -178.481   -178.457   0.0248102   24       1452     
 4187.25 71      7209     -178.481   -178.457   0.0247098   23       1456     
 4187.67 71      7250     -178.481   -178.457   0.0247098   23       1456     
 4191.69 72      7317     -178.481   -178.457   0.0242252   28       1465     
 4203.45 72      7350     -178.481   -178.457   0.0242252   24       1492     
 4215.27 73      7427     -178.481   -178.457   0.0241352   30       1514     
 4226.82 73      7450     -178.481   -178.457   0.0241352   31       1537     
 4240.37 74      7537     -178.48    -178.457   0.0228778   27       1560     
 4246.91 74      7550     -178.48    -178.457   0.0228778   30       1573     
 4261.92 75      7657     -178.479   -178.457   0.0227371   25       1599     
 4262.15 75      7658     -178.479   -178.457   0.0227371   24       1599     
 4282.53 75      7700     -178.479   -178.457   0.0227371   23       1637     
 4292.4  76      7775     -178.479   -178.457   0.0225427   24       1652     
 4292.77 76      7800     -178.479   -178.457   0.0225427   24       1652     
 4301.56 77      7893     -178.479   -178.457   0.022293    24       1669     
 4301.84 77      7900     -178.479   -178.457   0.022293    24       1669     
 4305.71 77      7950     -178.479   -178.457   0.022293    23       1677     
 4306.69 78      8011     -178.478   -178.457   0.0215836   23       1678     
 4307.13 78      8050     -178.478   -178.457   0.0215836   22       1678     
 4311.63 79      8133     -178.478   -178.457   0.0215236   24       1687     
 4311.98 79      8150     -178.478   -178.457   0.0215236   24       1687     
 4316.63 80      8255     -178.478   -178.457   0.0214061   26       1697     
 4316.87 80      8256     -178.478   -178.457   0.0214061   26       1697     
 4317.32 80      8300     -178.478   -178.457   0.0214061   26       1697     
 4322.5  81      8377     -178.478   -178.457   0.0213543   23       1708     
 4322.83 81      8400     -178.478   -178.457   0.0213543   22       1708     
 4326.38 82      8499     -178.478   -178.457   0.0212942   27       1715     
 4326.61 82      8500     -178.478   -178.457   0.0212942   27       1715     
 4342.99 82      8550     -178.478   -178.457   0.0212942   26       1750     
 4348.21 83      8621     -178.478   -178.457   0.0212465   24       1759     
 4348.57 83      8650     -178.478   -178.457   0.0212465   24       1759     
 4354.25 84      8741     -178.478   -178.457   0.0211902   25       1770     
 4358.73 84      8750     -178.478   -178.457   0.0211902   25       1779     
 4368.37 84      8800     -178.478   -178.457   0.0211902   28       1798     
 4368.96 85      8861     -178.477   -178.457   0.0204429   28       1798     
 4369.37 85      8900     -178.477   -178.457   0.0204429   29       1798     
 4375.81 86      8987     -178.477   -178.457   0.0203771   28       1811     
 4376.11 86      9000     -178.477   -178.457   0.0203771   29       1811     
 4378.65 87      9050     -178.477   -178.457   0.0203771   31       1816     
 4379.15 87      9113     -178.477   -178.457   0.0203113   23       1816     
 4379.57 87      9150     -178.477   -178.457   0.0203113   22       1816     
 4382.84 88      9239     -178.477   -178.457   0.0200737   25       1822     
 4385.89 88      9250     -178.477   -178.457   0.0200737   25       1828     
 4391.29 88      9300     -178.477   -178.457   0.0200737   30       1839     
 4392.35 89      9365     -178.477   -178.457   0.0200377   27       1840     
 4392.72 89      9400     -178.477   -178.457   0.0200377   29       1840     
 4396.42 90      9491     -178.477   -178.457   0.019999    31       1847     
 4396.68 90      9500     -178.477   -178.457   0.019999    32       1847     
 4398.63 90      9550     -178.477   -178.457   0.019999    34       1851     
 4400.57 91      9617     -178.477   -178.457   0.0199825   31       1854     
 4407.64 91      9650     -178.477   -178.457   0.0199825   32       1868     
 4413.11 92      9745     -178.477   -178.457   0.0199376   30       1878     
 4414.25 92      9750     -178.477   -178.457   0.0199376   30       1880     
 4428.88 92      9800     -178.477   -178.457   0.0199376   26       1908     
 4433.58 93      9873     -178.477   -178.457   0.0198968   26       1916     
 4433.96 93      9900     -178.477   -178.457   0.0198968   28       1916     
 4437.48 94      9999     -178.477   -178.457   0.0198402   28       1922     
 4437.74 94      10000    -178.477   -178.457   0.0198402   28       1922     
 4438.19 94      10050    -178.477   -178.457   0.0198402   27       1922     
 4441.67 95      10123    -178.477   -178.457   0.0198061   29       1928     
 4442.01 95      10150    -178.477   -178.457   0.0198061   28       1928     
 4444.08 96      10249    -178.476   -178.457   0.019774    28       1931     
 4444.34 96      10250    -178.476   -178.457   0.019774    29       1931     
 4444.8  96      10300    -178.476   -178.457   0.019774    29       1931     
 4448.89 97      10373    -178.476   -178.457   0.0197527   28       1939     
 4449.23 97      10400    -178.476   -178.457   0.0197527   29       1939     
 4451.63 98      10497    -178.476   -178.457   0.0197198   27       1943     
 4451.91 98      10500    -178.476   -178.457   0.0197198   25       1943     
 4452.31 98      10550    -178.476   -178.457   0.0197198   26       1943     
 4455.53 99      10623    -178.476   -178.457   0.0196934   29       1949     
 4455.88 99      10650    -178.476   -178.457   0.0196934   32       1949     
 4458.25 100     10747    -178.476   -178.457   0.0196653   28       1953     
 4458.53 100     10750    -178.476   -178.457   0.0196653   24       1953     
 4463.57 100     10800    -178.476   -178.457   0.0196653   25       1963     
 4467.85 101     10871    -178.476   -178.457   0.0195997   26       1971     
 4468.21 101     10900    -178.476   -178.457   0.0195997   24       1971     
 4470.14 102     10993    -178.476   -178.457   0.019557    26       1974     
 4470.43 102     11000    -178.476   -178.457   0.019557    29       1974     
 4477.83 102     11050    -178.476   -178.457   0.019557    30       1989     
 4479.8  103     11115    -178.476   -178.457   0.0195279   29       1992     
 4480.19 103     11150    -178.476   -178.457   0.0195279   30       1992     
 4483.12 104     11237    -178.476   -178.457   0.0194988   28       1997     
 4487.45 104     11250    -178.476   -178.457   0.0194988   28       2005     
 4514.33 105     11357    -178.476   -178.457   0.0194691   28       2051     
 4514.61 105     11358    -178.476   -178.457   0.0194691   28       2051     
 4518.46 105     11400    -178.476   -178.457   0.0194691   29       2058     
 4527.65 106     11479    -178.476   -178.457   0.0194139   30       2074     
 4528.02 106     11500    -178.476   -178.457   0.0194139   30       2074     
 4535.17 107     11601    -178.476   -178.457   0.0193791   26       2087     
 4535.45 107     11602    -178.476   -178.457   0.0193791   27       2087     
 4535.93 107     11650    -178.476   -178.457   0.0193791   27       2087     
 4540.15 108     11721    -178.476   -178.457   0.0193473   26       2094     
 4540.54 108     11750    -178.476   -178.457   0.0193473   27       2094     
 4544.24 109     11841    -178.476   -178.457   0.0193326   31       2100     
 4544.57 109     11850    -178.476   -178.457   0.0193326   32       2100     
 4548.42 109     11900    -178.476   -178.457   0.0193326   35       2107     
 4549    110     11961    -178.476   -178.457   0.0192963   31       2107     
 4549.41 110     12000    -178.476   -178.457   0.0192963   32       2107     
 4554.76 111     12081    -178.476   -178.457   0.0192664   27       2117     
 4555.11 111     12100    -178.476   -178.457   0.0192664   29       2117     
 4560.68 112     12201    -178.476   -178.457   0.0192342   37       2127     
 4560.98 112     12202    -178.476   -178.457   0.0192342   38       2127     
 4561.52 112     12250    -178.476   -178.457   0.0192342   37       2127     
 4564.57 113     12319    -178.476   -178.457   0.0191071   36       2132     
 4569.39 113     12350    -178.476   -178.457   0.0191071   33       2141     
 4572.95 114     12439    -178.476   -178.457   0.0190884   36       2147     
 4573.28 114     12450    -178.476   -178.457   0.0190884   35       2147     
 4586.24 115     12559    -178.476   -178.457   0.0190612   37       2169     
 4586.55 115     12560    -178.476   -178.457   0.0190612   37       2169     
 4591.82 115     12600    -178.476   -178.457   0.0190612   35       2178     
 4595.1  116     12677    -178.476   -178.457   0.0190415   32       2183     
 4595.49 116     12700    -178.476   -178.457   0.0190415   31       2183     
 4597.63 117     12795    -178.476   -178.457   0.0190223   35       2186     
 4597.96 117     12800    -178.476   -178.457   0.0190223   37       2186     
 4598.47 117     12850    -178.476   -178.457   0.0190223   36       2186     
 4601.01 118     12915    -178.476   -178.457   0.0189716   28       2190     
 4607.44 118     12950    -178.476   -178.457   0.0189716   28       2202     
 4613.04 119     13033    -178.476   -178.457   0.018954    29       2212     
 4622.91 119     13050    -178.476   -178.457   0.018954    30       2229     
 4641.5  120     13151    -178.475   -178.457   0.0185451   28       2258     
 4641.8  120     13152    -178.475   -178.457   0.0185451   29       2258     
 4642.27 120     13200    -178.475   -178.457   0.0185451   29       2258     
 4647.98 121     13275    -178.475   -178.457   0.0185003   30       2267     
 4659.73 121     13300    -178.475   -178.457   0.0185003   25       2286     
 4683.35 122     13397    -178.475   -178.457   0.0184803   26       2320     
 4683.68 122     13400    -178.475   -178.457   0.0184803   27       2320     
 4713.23 122     13450    -178.475   -178.457   0.0184803   32       2363     
 4718.54 123     13517    -178.475   -178.457   0.0184581   32       2369     
 4728.92 123     13550    -178.475   -178.457   0.0184581   32       2384     
 4742.73 124     13639    -178.475   -178.457   0.0183988   32       2403     
 4746.36 124     13650    -178.475   -178.457   0.0183988   32       2408     
 4773.35 125     13759    -178.475   -178.457   0.0183813   29       2443     
 4774.2  125     13760    -178.475   -178.457   0.0183813   29       2444     
 4785.17 125     13800    -178.475   -178.457   0.0183813   32       2458     
 4795.14 126     13879    -178.475   -178.457   0.018356    35       2470     
 4795.69 126     13900    -178.475   -178.457   0.018356    33       2470     
 4800.27 127     13999    -178.475   -178.457   0.0183378   41       2476     
 4800.62 127     14000    -178.475   -178.457   0.0183378   41       2476     
 4801.26 127     14050    -178.475   -178.457   0.0183378   40       2476     
 4806.34 128     14119    -178.475   -178.457   0.0183302   43       2483     
 4818.71 128     14150    -178.475   -178.457   0.0183302   41       2501     
 4825    129     14239    -178.475   -178.457   0.0183166   33       2509     
 4825.43 129     14250    -178.475   -178.457   0.0183166   33       2509     
 4831.07 130     14359    -178.475   -178.457   0.0183083   32       2516     
 4831.42 130     14360    -178.475   -178.457   0.0183083   31       2516     
 4832.03 130     14400    -178.475   -178.457   0.0183083   31       2516     
 4837.18 131     14479    -178.475   -178.457   0.018299    37       2523     
 4837.61 131     14500    -178.475   -178.457   0.018299    36       2523     
 4842.51 132     14599    -178.475   -178.457   0.0182924   31       2530     
 4842.86 132     14600    -178.475   -178.457   0.0182924   31       2530     
 4843.41 132     14650    -178.475   -178.457   0.0182924   33       2530     
 4847.86 133     14721    -178.475   -178.457   0.0182686   31       2536     
 4848.36 133     14750    -178.475   -178.457   0.0182686   29       2536     
 4855.01 134     14841    -178.475   -178.457   0.0182484   32       2545     
 4855.41 134     14850    -178.475   -178.457   0.0182484   28       2545     
 4858.46 135     14900    -178.475   -178.457   0.0182484   30       2549     
 4859.12 135     14959    -178.475   -178.457   0.0182323   36       2549     
 4859.64 135     15000    -178.475   -178.457   0.0182323   34       2549     
 4862.75 136     15079    -178.475   -178.457   0.0182136   32       2553     
 4863.2  136     15100    -178.475   -178.457   0.0182136   33       2553     
 4869.35 137     15199    -178.475   -178.457   0.018198    35       2562     
 4869.69 137     15200    -178.475   -178.457   0.018198    34       2562     
 4870.24 137     15250    -178.475   -178.457   0.018198    33       2562     
 4874.57 138     15317    -178.475   -178.457   0.0181781   31       2568     
 4875.05 138     15350    -178.475   -178.457   0.0181781   31       2568     
 4879.95 139     15437    -178.475   -178.457   0.0181639   35       2575     
 4880.33 139     15450    -178.475   -178.457   0.0181639   36       2575     
 4883.47 140     15555    -178.475   -178.457   0.0181475   36       2579     
 4883.82 140     15556    -178.475   -178.457   0.0181475   37       2579     
 4887.4  140     15600    -178.475   -178.457   0.0181475   37       2584     
 4893.13 141     15675    -178.475   -178.457   0.0181371   39       2592     
 4893.59 141     15700    -178.475   -178.457   0.0181371   35       2592     
 4896.81 142     15793    -178.475   -178.457   0.0181242   36       2596     
 4897.18 142     15800    -178.475   -178.457   0.0181242   35       2596     
 4900.8  142     15850    -178.475   -178.457   0.0181242   35       2601     
 4902.11 143     15911    -178.475   -178.457   0.0181152   33       2602     
 4902.67 143     15950    -178.475   -178.457   0.0181152   35       2602     
 4906.38 144     16027    -178.475   -178.457   0.0181062   32       2607     
 4906.83 144     16050    -178.475   -178.457   0.0181062   32       2607     
 4909.94 145     16145    -178.475   -178.457   0.0180867   39       2611     
 4910.89 145     16150    -178.475   -178.457   0.0180867   42       2612     
 4937.54 145     16200    -178.475   -178.457   0.0180867   40       2652     
 4940.61 146     16263    -178.475   -178.457   0.0180456   37       2655     
 4941.15 146     16300    -178.475   -178.457   0.0180456   36       2655     
 4945.08 147     16381    -178.475   -178.457   0.0180198   30       2660     
 4945.57 147     16400    -178.475   -178.457   0.0180198   31       2660     
 4950.16 148     16497    -178.475   -178.457   0.0180075   32       2666     
 4950.53 148     16500    -178.475   -178.457   0.0180075   33       2666     
 4974.96 148     16550    -178.475   -178.457   0.0180075   32       2702     
 4978.52 149     16613    -178.475   -178.457   0.0179913   34       2706     
 4979.12 149     16650    -178.475   -178.457   0.0179913   33       2706     
 4984.36 150     16729    -178.475   -178.457   0.01798     36       2713     
 4984.85 150     16750    -178.475   -178.457   0.01798     38       2713     
 4988.87 151     16845    -178.475   -178.457   0.0179687   39       2718     
 4989.27 151     16850    -178.475   -178.457   0.0179687   42       2718     
 5005.72 151     16900    -178.475   -178.457   0.0179687   35       2742     
 5007.88 152     16961    -178.475   -178.457   0.0179608   38       2744     
 5015.48 152     17000    -178.475   -178.457   0.0179608   35       2755     
 5020.41 153     17077    -178.475   -178.457   0.0179346   43       2761     
 5020.91 153     17100    -178.475   -178.457   0.0179346   40       2761     
 5024.64 154     17191    -178.475   -178.457   0.0179285   39       2766     
 5025.07 154     17200    -178.475   -178.457   0.0179285   37       2766     
 5029.92 155     17305    -178.475   -178.457   0.0179214   36       2772     
 5030.31 155     17306    -178.475   -178.457   0.0179214   36       2772     
 5057.99 155     17350    -178.475   -178.457   0.0179214   38       2809     
 5068.55 156     17421    -178.475   -178.457   0.0179155   34       2821     
 5084.59 156     17450    -178.475   -178.457   0.0179155   37       2841     
 5100.88 157     17537    -178.475   -178.457   0.0178982   42       2861     
 5101.34 157     17550    -178.475   -178.457   0.0178982   39       2861     
 5126.09 158     17651    -178.475   -178.457   0.0178842   30       2890     
 5126.53 158     17652    -178.475   -178.457   0.0178842   29       2890     
 5142.58 158     17700    -178.475   -178.457   0.0178842   35       2909     
 5149.03 159     17765    -178.475   -178.457   0.0177211   33       2916     
 5149.6  159     17800    -178.475   -178.457   0.0177211   31       2916     
 5155.51 160     17883    -178.475   -178.457   0.0176961   31       2923     
 5156.01 160     17900    -178.475   -178.457   0.0176961   31       2923     
 5161.97 161     17999    -178.475   -178.457   0.017672    32       2930     
 5162.36 161     18000    -178.475   -178.457   0.017672    31       2930     
 5173.08 161     18050    -178.475   -178.457   0.017672    30       2944     
 5177.38 162     18115    -178.474   -178.457   0.0176591   26       2949     
 5178.06 162     18150    -178.474   -178.457   0.0176591   28       2949     
 5183.61 163     18229    -178.474   -178.457   0.0176457   31       2956     
 5184.25 163     18250    -178.474   -178.457   0.0176457   34       2956     
 5188.67 164     18343    -178.474   -178.457   0.0176354   28       2961     
 5189.09 164     18350    -178.474   -178.457   0.0176354   32       2961     
 5193.8  165     18400    -178.474   -178.457   0.0176354   32       2967     
 5194.53 165     18457    -178.474   -178.457   0.0176299   32       2967     
 5195.1  165     18500    -178.474   -178.457   0.0176299   35       2967     
 5200.04 166     18573    -178.474   -178.457   0.0176184   34       2973     
 5217.89 166     18600    -178.474   -178.457   0.0176184   35       2995     
 5243.74 167     18687    -178.474   -178.457   0.0176026   35       3024     
 5251.73 167     18700    -178.474   -178.457   0.0176026   36       3033     
 5289.7  168     18801    -178.474   -178.457   0.0175683   27       3075     
 5290.11 168     18802    -178.474   -178.457   0.0175683   27       3075     
 5316.84 168     18850    -178.474   -178.457   0.0175683   32       3105     
 5324.6  169     18915    -178.474   -178.457   0.0175487   35       3112     
 5325.34 169     18950    -178.474   -178.457   0.0175487   33       3112     
 5339.76 170     19029    -178.474   -178.457   0.0169903   34       3129     
 5340.36 170     19050    -178.474   -178.457   0.0169903   36       3129     
 5354.47 171     19149    -178.474   -178.457   0.0169789   39       3146     
 5354.9  171     19150    -178.474   -178.457   0.0169789   39       3146     
 5360.16 171     19200    -178.474   -178.457   0.0169789   39       3152     
 5367.78 172     19269    -178.474   -178.457   0.0169734   36       3160     
 5368.34 172     19300    -178.474   -178.457   0.0169734   36       3160     
 5380.88 173     19387    -178.474   -178.457   0.0169658   33       3175     
 5381.44 173     19400    -178.474   -178.457   0.0169658   33       3175     
 5395.35 174     19507    -178.474   -178.457   0.0169577   37       3191     
 5395.79 174     19508    -178.474   -178.457   0.0169577   37       3191     
 5396.45 174     19550    -178.474   -178.457   0.0169577   38       3191     
 5405.97 175     19627    -178.474   -178.457   0.0169531   36       3202     
 5406.51 175     19650    -178.474   -178.457   0.0169531   36       3202     
 5414.99 176     19749    -178.474   -178.457   0.0169347   38       3211     
 5415.45 176     19750    -178.474   -178.457   0.0169347   39       3211     
 5426.2  176     19800    -178.474   -178.457   0.0169347   39       3223     
 5433.41 177     19869    -178.474   -178.457   0.0169285   39       3230     
 5445.64 177     19900    -178.474   -178.457   0.0169285   41       3244     
 5453.3  178     19987    -178.474   -178.457   0.0169192   33       3252     
 5453.82 178     20000    -178.474   -178.457   0.0169192   32       3252     
 5461.4  179     20105    -178.474   -178.457   0.0169119   35       3260     
 5461.84 179     20106    -178.474   -178.457   0.0169119   35       3260     
 5462.54 179     20150    -178.474   -178.457   0.0169119   37       3260     
 5466.93 180     20223    -178.474   -178.457   0.0169075   40       3264     
 5467.65 180     20250    -178.474   -178.457   0.0169075   39       3264     
 5474.8  181     20341    -178.474   -178.457   0.0169001   32       3272     
 5475.29 181     20350    -178.474   -178.457   0.0169001   31       3272     
 5483.94 182     20400    -178.474   -178.457   0.0169001   32       3282     
 5484.78 182     20459    -178.474   -178.457   0.0168939   35       3282     
 5485.49 182     20500    -178.474   -178.457   0.0168939   36       3282     
 5493.33 183     20577    -178.474   -178.457   0.0168851   41       3291     
 5493.89 183     20600    -178.474   -178.457   0.0168851   43       3291     
 5498.95 184     20695    -178.474   -178.457   0.0168763   34       3296     
 5499.42 184     20700    -178.474   -178.457   0.0168763   35       3296     
 5510.37 184     20750    -178.474   -178.457   0.0168763   30       3309     
 5514.71 185     20815    -178.474   -178.457   0.0168649   36       3313     
 5522.13 185     20850    -178.474   -178.457   0.0168649   35       3321     
 5530.79 186     20933    -178.474   -178.457   0.0168552   34       3330     
 5531.35 186     20950    -178.474   -178.457   0.0168552   35       3330     
 5540.2  187     21051    -178.474   -178.457   0.0168505   41       3339     
 5540.66 187     21052    -178.474   -178.457   0.0168505   40       3339     
 5541.4  187     21100    -178.474   -178.457   0.0168505   41       3339     
 5548.64 188     21169    -178.474   -178.457   0.0168459   44       3347     
 5549.24 188     21200    -178.474   -178.457   0.0168459   44       3347     
 5553.41 189     21287    -178.474   -178.457   0.0168384   39       3351     
 5553.94 189     21300    -178.474   -178.457   0.0168384   39       3351     
 5560.81 190     21407    -178.474   -178.457   0.0167642   36       3358     
 5561.26 190     21408    -178.474   -178.457   0.0167642   35       3358     
 5561.92 190     21450    -178.474   -178.457   0.0167642   36       3358     
 5568.37 191     21525    -178.474   -178.457   0.0167515   35       3365     
 5569.1  191     21550    -178.474   -178.457   0.0167515   35       3365     
 5575.97 192     21643    -178.474   -178.457   0.0167463   41       3372     
 5576.48 192     21650    -178.474   -178.457   0.0167463   41       3372     
 5581.89 192     21700    -178.474   -178.457   0.0167463   34       3378     
 5584.5  193     21763    -178.474   -178.457   0.0167391   40       3380     
 5585.34 193     21800    -178.474   -178.457   0.0167391   39       3380     
 5590.31 194     21881    -178.474   -178.457   0.0166719   45       3385     
 5590.88 194     21900    -178.474   -178.457   0.0166719   47       3385     
 5596.89 195     22001    -178.474   -178.457   0.0166601   38       3391     
 5597.35 195     22002    -178.474   -178.457   0.0166601   38       3391     
 5598.13 195     22050    -178.474   -178.457   0.0166601   40       3391     
 5603.5  196     22119    -178.474   -178.457   0.01665     37       3397     
 5604.22 196     22150    -178.474   -178.457   0.01665     40       3397     
 5610.07 197     22237    -178.474   -178.457   0.0166443   41       3403     
 5610.6  197     22250    -178.474   -178.457   0.0166443   41       3403     
 5615.56 198     22355    -178.473   -178.457   0.0166334   34       3408     
 5616.02 198     22356    -178.473   -178.457   0.0166334   34       3408     
 5616.88 198     22400    -178.473   -178.457   0.0166334   33       3408     
 5621.87 199     22475    -178.473   -178.457   0.0166277   35       3413     
 5622.44 199     22500    -178.473   -178.457   0.0166277   36       3413     
 5627.33 200     22591    -178.473   -178.457   0.0166233   34       3418     
 5632.01 200     22600    -178.473   -178.457   0.0166233   33       3423     
 5655.26 201     22650    -178.473   -178.457   0.0166233   36       3449     
 5656.25 201     22709    -178.473   -178.457   0.0166157   35       3449     
 5657.1  201     22750    -178.473   -178.457   0.0166157   38       3449     
 5662.06 202     22827    -178.473   -178.457   0.0165939   36       3454     
 5662.71 202     22850    -178.473   -178.457   0.0165939   37       3454     
 5666.7  203     22945    -178.473   -178.457   0.0165904   38       3458     
 5667.2  203     22950    -178.473   -178.457   0.0165904   39       3458     
 5668.76 203     23000    -178.473   -178.457   0.0165904   39       3459     
 5672.02 204     23063    -178.473   -178.457   0.0165866   39       3462     
 5672.64 204     23100    -178.473   -178.457   0.0165866   42       3462     
 5676.57 205     23181    -178.473   -178.457   0.0165829   36       3466     
 5677.13 205     23200    -178.473   -178.457   0.0165829   38       3466     
 5682.47 206     23299    -178.473   -178.457   0.0165799   40       3471     
 5682.97 206     23300    -178.473   -178.457   0.0165799   39       3471     
 5683.78 206     23350    -178.473   -178.457   0.0165799   42       3471     
 5688    207     23417    -178.473   -178.457   0.016572    38       3475     
 5712.54 207     23450    -178.473   -178.457   0.016572    37       3502     
 5720.75 208     23535    -178.473   -178.457   0.016567    40       3511     
 5721.34 208     23550    -178.473   -178.457   0.016567    40       3511     
 5727.07 209     23653    -178.473   -178.457   0.0165608   42       3517     
 5727.55 209     23654    -178.473   -178.457   0.0165608   42       3517     
 5728.27 209     23700    -178.473   -178.457   0.0165608   41       3517     
 5733.2  210     23771    -178.473   -178.457   0.0165559   42       3522     
 5733.96 210     23800    -178.473   -178.457   0.0165559   44       3522     
 5739.13 211     23887    -178.473   -178.457   0.0165518   40       3527     
 5739.69 211     23900    -178.473   -178.457   0.0165518   41       3527     
 5745.72 212     24005    -178.473   -178.457   0.0165414   34       3533     
 5746.2  212     24006    -178.473   -178.457   0.0165414   35       3533     
 5782.71 212     24050    -178.473   -178.457   0.0165414   37       3573     
 5795.25 213     24121    -178.473   -178.457   0.016538    38       3585     
 5796.07 213     24150    -178.473   -178.457   0.016538    39       3585     
 5801.44 214     24237    -178.473   -178.457   0.0165328   42       3590     
 5802.04 214     24250    -178.473   -178.457   0.0165328   41       3590     
 5808.87 215     24353    -178.473   -178.457   0.0165286   40       3597     
 5809.37 215     24354    -178.473   -178.457   0.0165286   40       3597     
 5810.79 215     24400    -178.473   -178.457   0.0165286   39       3598     
 5820.03 216     24469    -178.473   -178.457   0.0165245   39       3608     
 5820.67 216     24500    -178.473   -178.457   0.0165245   39       3608     
 5829.53 217     24585    -178.473   -178.457   0.016522    45       3617     
 5830.12 217     24600    -178.473   -178.457   0.016522    44       3617     
 5838.1  218     24703    -178.473   -178.457   0.0165182   44       3625     
 5838.6  218     24704    -178.473   -178.457   0.0165182   43       3625     
 5839.39 218     24750    -178.473   -178.457   0.0165182   44       3625     
 5849.54 219     24821    -178.473   -178.457   0.0165082   44       3635     
 5850.22 219     24850    -178.473   -178.457   0.0165082   44       3635     
 5860.06 220     24935    -178.473   -178.457   0.0164995   40       3645     
 5867.76 220     24950    -178.473   -178.457   0.0164995   46       3653     
 5877.81 221     25051    -178.473   -178.457   0.0164954   42       3663     
 5878.32 221     25052    -178.473   -178.457   0.0164954   42       3663     
 5886.13 221     25100    -178.473   -178.457   0.0164954   48       3671     
 5894.6  222     25167    -178.473   -178.457   0.0164898   36       3679     
 5895.32 222     25200    -178.473   -178.457   0.0164898   38       3679     
 5905.26 223     25285    -178.473   -178.457   0.0164826   37       3689     
 5905.87 223     25300    -178.473   -178.457   0.0164826   37       3689     
 5915.01 224     25401    -178.473   -178.457   0.016474    39       3698     
 5915.55 224     25402    -178.473   -178.457   0.016474    39       3698     
 5918.2  224     25450    -178.473   -178.457   0.016474    38       3700     
 5925.73 225     25515    -178.473   -178.457   0.01647     38       3707     
 5926.43 225     25550    -178.473   -178.457   0.01647     39       3707     
 5936.34 226     25629    -178.473   -178.457   0.0164673   39       3717     
 5936.96 226     25650    -178.473   -178.457   0.0164673   39       3717     
 5946.91 227     25745    -178.473   -178.457   0.0164653   44       3727     
 5947.47 227     25750    -178.473   -178.457   0.0164653   47       3727     
 5952.72 227     25800    -178.473   -178.457   0.0164653   47       3732     
 5954.62 228     25859    -178.473   -178.457   0.0164636   49       3733     
 5958.92 228     25900    -178.473   -178.457   0.0164636   45       3737     
 5966.41 229     25973    -178.473   -178.457   0.0164601   41       3744     
 5967.11 229     26000    -178.473   -178.457   0.0164601   42       3744     
 5974.36 230     26087    -178.473   -178.457   0.0164571   44       3751     
 5974.97 230     26100    -178.473   -178.457   0.0164571   44       3751     
 5982.47 231     26201    -178.473   -178.457   0.0164565   49       3758     
 5983.02 231     26202    -178.473   -178.457   0.0164565   49       3758     
 5983.84 231     26250    -178.473   -178.457   0.0164565   49       3758     
 5989.24 232     26315    -178.473   -178.457   0.0164559   49       3763     
 5989.96 232     26350    -178.473   -178.457   0.0164559   49       3763     
 5996.64 233     26429    -178.473   -178.457   0.0164552   51       3769     
 5997.3  233     26450    -178.473   -178.457   0.0164552   51       3769     
 6004.21 234     26543    -178.473   -178.457   0.0164542   50       3775     
 6004.8  234     26550    -178.473   -178.457   0.0164542   51       3775     
 6010.07 235     26600    -178.473   -178.457   0.0164542   54       3780     
 6011.04 235     26657    -178.473   -178.457   0.0164533   50       3780     
 6012    235     26700    -178.473   -178.457   0.0164533   53       3780     
 6016.76 236     26771    -178.473   -178.457   0.0164495   43       3784     
 6017.47 236     26800    -178.473   -178.457   0.0164495   40       3784     
 6024.33 237     26885    -178.473   -178.457   0.0164457   41       3790     
 6024.96 237     26900    -178.473   -178.457   0.0164457   42       3790     
 6035.56 238     27001    -178.473   -178.457   0.0164442   49       3800     
 6036.12 238     27002    -178.473   -178.457   0.0164442   50       3800     
 6036.96 238     27050    -178.473   -178.457   0.0164442   50       3800     
 6043.55 239     27117    -178.473   -178.457   0.0164433   48       3806     
 6044.25 239     27150    -178.473   -178.457   0.0164433   49       3806     
 6049.25 240     27231    -178.473   -178.457   0.0164424   46       3810     
 6049.9  240     27250    -178.473   -178.457   0.0164424   46       3810     
 6056.68 241     27345    -178.473   -178.457   0.0164419   47       3816     
 6057.28 241     27350    -178.473   -178.457   0.0164419   47       3816     
 6060.74 241     27400    -178.473   -178.457   0.0164419   47       3819     
 6062.6  242     27459    -178.473   -178.457   0.0164416   47       3820     
 6077.49 242     27500    -178.473   -178.457   0.0164416   47       3835     
 6082.41 243     27573    -178.473   -178.457   0.0164402   45       3839     
 6083.15 243     27600    -178.473   -178.457   0.0164402   45       3839     
 6089.19 244     27687    -178.473   -178.457   0.0164397   47       3844     
 6098.19 244     27700    -178.473   -178.457   0.0164397   46       3853     
 6104.28 245     27801    -178.473   -178.457   0.0164365   52       3858     
 6104.86 245     27802    -178.473   -178.457   0.0164365   53       3858     
 6128.53 245     27850    -178.473   -178.457   0.0164365   48       3881     
 6138.32 246     27917    -178.473   -178.457   0.0164322   45       3889     
 6146.98 246     27950    -178.473   -178.457   0.0164322   45       3897     
 6160.16 247     28031    -178.473   -178.457   0.0164293   51       3909     
 6160.9  247     28050    -178.473   -178.457   0.0164293   52       3909     
 6175.57 248     28145    -178.473   -178.457   0.0164284   55       3923     
 6176.17 248     28150    -178.473   -178.457   0.0164284   56       3923     
 6184.54 248     28200    -178.473   -178.457   0.0164284   54       3931     
 6186.66 249     28259    -178.473   -178.457   0.0164273   53       3932     
 6187.44 249     28300    -178.473   -178.457   0.0164273   55       3932     
 6199.51 250     28373    -178.473   -178.457   0.0164269   54       3943     
 6200.25 250     28400    -178.473   -178.457   0.0164269   56       3943     
 6215.8  251     28487    -178.473   -178.457   0.0164264   60       3957     
 6216.49 251     28500    -178.473   -178.457   0.0164264   61       3957     
 6229.89 252     28601    -178.473   -178.457   0.0164244   54       3969     
 6230.51 252     28602    -178.473   -178.457   0.0164244   54       3969     
 6235.49 252     28650    -178.473   -178.457   0.0164244   57       3973     
 6243.94 253     28715    -178.473   -178.457   0.0164213   55       3980     
 6244.78 253     28750    -178.473   -178.457   0.0164213   57       3980     
 6257.28 254     28829    -178.473   -178.457   0.0164187   51       3991     
 6258.28 254     28850    -178.473   -178.457   0.0164187   51       3991     
 6271.66 255     28943    -178.473   -178.457   0.0164169   54       4002     
 6272.41 255     28950    -178.473   -178.457   0.0164169   53       4002     
 6283.42 256     29055    -178.473   -178.457   0.0163814   59       4011     
 6284.06 256     29056    -178.473   -178.457   0.0163814   60       4011     
 6284.96 256     29100    -178.473   -178.457   0.0163814   61       4011     
 6297.28 257     29169    -178.473   -178.457   0.0163798   56       4021     
 6298.36 257     29200    -178.473   -178.457   0.0163798   57       4021     
 6309.71 258     29283    -178.473   -178.457   0.0163772   54       4030     
 6312.15 258     29300    -178.473   -178.457   0.0163772   54       4032     
 6326.55 259     29397    -178.473   -178.457   0.0163747   55       4044     
 6327.3  259     29400    -178.473   -178.457   0.0163747   53       4044     
 6335.76 259     29450    -178.473   -178.457   0.0163747   60       4051     
 6340.39 260     29511    -178.473   -178.457   0.0163744   62       4054     
 6341.25 260     29550    -178.473   -178.457   0.0163744   62       4054     
 6354.5  261     29625    -178.473   -178.457   0.016374    61       4065     
 6355.3  261     29650    -178.473   -178.457   0.016374    60       4065     
 6365.54 262     29737    -178.473   -178.457   0.0163735   64       4073     
 6366.27 262     29750    -178.473   -178.457   0.0163735   65       4073     
 6377.91 263     29851    -178.473   -178.457   0.0163725   58       4082     
 6378.58 263     29852    -178.473   -178.457   0.0163725   58       4082     
 6401.04 263     29900    -178.473   -178.457   0.0163725   54       4101     
 6410.78 264     29965    -178.473   -178.457   0.0163448   55       4108     
 6411.65 264     30000    -178.473   -178.457   0.0163448   55       4108     
 6425.5  265     30077    -178.473   -178.457   0.0163414   66       4119     
 6426.3  265     30100    -178.473   -178.457   0.0163414   67       4119     
 6439.57 266     30191    -178.473   -178.457   0.0163406   56       4129     
 6440.28 266     30200    -178.473   -178.457   0.0163406   57       4129     
 6454.54 267     30303    -178.473   -178.457   0.0163401   67       4140     
 6455.23 267     30304    -178.473   -178.457   0.0163401   67       4140     
 6458.4  267     30350    -178.473   -178.457   0.0163401   68       4142     
 6469.23 268     30415    -178.473   -178.457   0.0163389   60       4150     
 6470.38 268     30450    -178.473   -178.457   0.0163389   60       4150     
 6484.12 269     30529    -178.473   -178.457   0.0163382   61       4160     
 6495.93 269     30550    -178.473   -178.457   0.0163382   62       4169     
 6510.82 270     30641    -178.473   -178.457   0.0163371   60       4180     
 6511.56 270     30650    -178.473   -178.457   0.0163371   60       4180     
 6526.08 271     30755    -178.473   -178.457   0.0163355   66       4191     
 6526.78 271     30756    -178.473   -178.457   0.0163355   65       4191     
 6578.38 271     30800    -178.473   -178.457   0.0163355   62       4231     
 6594.51 272     30869    -178.473   -178.457   0.0163323   57       4242     
 6595.43 272     30900    -178.473   -178.457   0.0163323   59       4242     
 6609.52 273     30981    -178.473   -178.457   0.0163298   58       4253     
 6612.56 273     31000    -178.473   -178.457   0.0163298   57       4255     
 6633.19 274     31093    -178.473   -178.457   0.0163191   43       4271     
 6636.19 274     31100    -178.473   -178.457   0.0163191   44       4273     
 6668.95 275     31150    -178.473   -178.457   0.0163191   42       4299     
 6671.55 275     31207    -178.473   -178.457   0.0163121   43       4300     
 6686.69 275     31250    -178.473   -178.457   0.0163121   40       4312     
 6698.72 276     31321    -178.473   -178.457   0.0162455   37       4321     
 6699.56 276     31350    -178.473   -178.457   0.0162455   37       4321     
 6709.48 277     31435    -178.473   -178.457   0.0162394   39       4328     
 6720.32 277     31450    -178.473   -178.457   0.0162394   39       4337     
 6729.95 278     31547    -178.473   -178.457   0.0159136   43       4344     
 6730.63 278     31550    -178.473   -178.457   0.0159136   44       4344     
 6770.34 278     31600    -178.473   -178.457   0.0159136   41       4376     
 6778.49 279     31665    -178.473   -178.457   0.015906    43       4381     
 6814.2  279     31700    -178.473   -178.457   0.015906    41       4408     
 6846.16 280     31781    -178.473   -178.457   0.0158995   37       4430     
 6862.66 280     31800    -178.473   -178.457   0.0158995   35       4443     
 6899.57 281     31897    -178.473   -178.457   0.0158962   44       4471     
 6900.24 281     31900    -178.473   -178.457   0.0158962   45       4471     
 6936.16 281     31950    -178.473   -178.457   0.0158962   46       4500     
 6943.04 282     32013    -178.473   -178.457   0.0158945   51       4504     
 6978.07 282     32050    -178.473   -178.457   0.0158945   53       4530     
 7007.87 283     32129    -178.473   -178.457   0.0158931   52       4550     
 7008.81 283     32150    -178.473   -178.457   0.0158931   52       4550     
 7026.94 284     32247    -178.473   -178.457   0.0158913   43       4563     
 7027.66 284     32250    -178.473   -178.457   0.0158913   44       4563     
 7036.91 284     32300    -178.473   -178.457   0.0158913   42       4570     
 7043.18 285     32363    -178.473   -178.457   0.0158883   43       4574     
 7070.82 285     32400    -178.473   -178.457   0.0158883   47       4595     
 7096.07 286     32479    -178.473   -178.457   0.0158872   46       4613     
 7109.39 286     32500    -178.473   -178.457   0.0158872   47       4623     
 7133.96 287     32597    -178.473   -178.457   0.015883    43       4641     
 7134.67 287     32600    -178.473   -178.457   0.015883    43       4641     
 7151.86 287     32650    -178.473   -178.457   0.015883    46       4654     
 7159.81 288     32715    -178.473   -178.457   0.0158472   44       4659     
 7161.16 288     32750    -178.473   -178.457   0.0158472   44       4659     
 7175.78 289     32831    -178.473   -178.457   0.0158297   46       4670     
 7176.83 289     32850    -178.473   -178.457   0.0158297   46       4670     
 7186.89 290     32947    -178.473   -178.457   0.0158258   49       4677     
 7187.61 290     32950    -178.473   -178.457   0.0158258   50       4677     
 7194.65 290     33000    -178.473   -178.457   0.0158258   50       4682     
 7202.07 291     33065    -178.473   -178.457   0.0158233   49       4687     
 7202.97 291     33100    -178.473   -178.457   0.0158233   48       4687     
 7217.13 292     33181    -178.473   -178.457   0.0158215   44       4698     
 7217.91 292     33200    -178.473   -178.457   0.0158215   47       4698     
 7224    293     33297    -178.473   -178.457   0.0158193   40       4702     
 7224.68 293     33300    -178.473   -178.457   0.0158193   40       4702     
 7231.16 293     33350    -178.473   -178.457   0.0158193   41       4707     
 7237.29 294     33413    -178.473   -178.457   0.0158174   44       4711     
 7238.18 294     33450    -178.473   -178.457   0.0158174   44       4711     
 7249.77 295     33529    -178.473   -178.457   0.0158154   46       4720     
 7250.56 295     33550    -178.473   -178.457   0.0158154   47       4720     
 7262.67 296     33645    -178.473   -178.457   0.0158132   51       4729     
 7263.39 296     33650    -178.473   -178.457   0.0158132   51       4729     
 7274.01 296     33700    -178.473   -178.457   0.0158132   55       4738     
 7277.92 297     33761    -178.473   -178.457   0.01581     52       4740     
 7278.9  297     33800    -178.473   -178.457   0.01581     52       4740     
 7288.57 298     33877    -178.473   -178.457   0.0158059   44       4747     
 7289.4  298     33900    -178.473   -178.457   0.0158059   45       4747     
 7299.39 299     33995    -178.473   -178.457   0.0158025   49       4754     
 7300.1  299     34000    -178.473   -178.457   0.0158025   47       4754     
 7361.74 299     34050    -178.473   -178.457   0.0158025   53       4803     
 7366.35 300     34111    -178.473   -178.457   0.0158009   57       4805     
 7395.08 300     34150    -178.473   -178.457   0.0158009   55       4827     
 7417.11 301     34225    -178.473   -178.457   0.015799    52       4843     
 7443.17 301     34250    -178.473   -178.457   0.015799    50       4862     
 7488.27 302     34341    -178.473   -178.457   0.0157969   50       4894     
 7494.39 302     34350    -178.473   -178.457   0.0157969   52       4898     
 7563.4  303     34457    -178.473   -178.457   0.0157948   45       4946     
 7564.13 303     34458    -178.473   -178.457   0.0157948   45       4946     
 7589.65 303     34500    -178.473   -178.457   0.0157948   47       4965     
 7612.12 304     34575    -178.473   -178.457   0.0157839   47       4980     
 7638.97 304     34600    -178.473   -178.457   0.0157839   46       4999     
 7679.27 305     34693    -178.473   -178.457   0.0157823   54       5027     
 7680.08 305     34700    -178.473   -178.457   0.0157823   55       5027     
 7734.23 306     34750    -178.473   -178.457   0.0157823   53       5066     
 7735.92 306     34807    -178.473   -178.457   0.01578     47       5066     
 7757.85 306     34850    -178.473   -178.457   0.01578     50       5081     
 7777.2  307     34921    -178.473   -178.457   0.0157776   49       5094     
 7793.83 307     34950    -178.473   -178.457   0.0157776   52       5105     
 7811.99 308     35035    -178.473   -178.457   0.0157765   55       5117     
 7818.35 308     35050    -178.473   -178.457   0.0157765   54       5121     
 7854.36 309     35151    -178.473   -178.457   0.0157756   50       5146     
 7855.12 309     35152    -178.473   -178.457   0.0157756   50       5146     
 7886.07 309     35200    -178.473   -178.457   0.0157756   45       5168     
 7897.43 310     35265    -178.473   -178.457   0.0157745   51       5175     
 7936.72 310     35300    -178.473   -178.457   0.0157745   51       5202     
 7961.25 311     35379    -178.473   -178.457   0.0157739   52       5218     
 7970.8  311     35400    -178.473   -178.457   0.0157739   52       5224     
 7988.4  312     35493    -178.473   -178.457   0.0157736   55       5235     
 7993.51 312     35500    -178.473   -178.457   0.0157736   57       5238     
 8047.68 312     35550    -178.473   -178.457   0.0157736   61       5274     
 8049.71 313     35609    -178.473   -178.457   0.0157728   53       5274     
 8077.79 313     35650    -178.473   -178.457   0.0157728   58       5292     
 8101.46 314     35725    -178.473   -178.457   0.0157715   46       5306     
 8132.68 314     35750    -178.473   -178.457   0.0157715   47       5325     
 8188.48 315     35843    -178.473   -178.457   0.0157668   48       5358     
 8189.36 315     35850    -178.473   -178.457   0.0157668   46       5358     
 8238.6  316     35900    -178.473   -178.457   0.0157668   48       5390     
 8240.41 316     35957    -178.473   -178.457   0.0157637   55       5390     
 8264.48 316     36000    -178.473   -178.457   0.0157637   59       5405     
 8287.74 317     36073    -178.473   -178.457   0.0157621   55       5419     
 8302.63 317     36100    -178.473   -178.457   0.0157621   59       5428     
 8331.57 318     36189    -178.473   -178.457   0.0157557   54       5446     
 8338.55 318     36200    -178.473   -178.457   0.0157557   57       5450     
 8396.57 319     36305    -178.473   -178.457   0.0157502   60       5486     
 8397.39 319     36306    -178.473   -178.457   0.0157502   59       5486     
 8421.73 319     36350    -178.473   -178.457   0.0157502   57       5502     
 8439.89 320     36419    -178.473   -178.457   0.0157469   48       5513     
 8451.38 320     36450    -178.473   -178.457   0.0157469   47       5520     
 8469.89 321     36533    -178.473   -178.457   0.0157449   51       5532     
 8470.83 321     36550    -178.473   -178.457   0.0157449   56       5532     
 8490.33 322     36647    -178.473   -178.457   0.0157425   53       5545     
 8491.18 322     36650    -178.473   -178.457   0.0157425   54       5545     
 8530.9  322     36700    -178.473   -178.457   0.0157425   60       5571     
 8538.61 323     36763    -178.473   -178.457   0.0157405   53       5575     
 8555.61 323     36800    -178.473   -178.457   0.0157405   53       5586     
 8575.17 324     36877    -178.473   -178.457   0.0157392   55       5598     
 8590.21 324     36900    -178.473   -178.457   0.0157392   57       5607     
 8608.29 325     36991    -178.473   -178.457   0.0157369   53       5618     
 8609.22 325     37000    -178.473   -178.457   0.0157369   53       5618     
 8635.01 326     37103    -178.473   -178.457   0.0157347   46       5634     
 8635.84 326     37104    -178.473   -178.457   0.0157347   46       5634     
 8689.42 326     37150    -178.473   -178.457   0.0157347   54       5668     
 8703.71 327     37215    -178.473   -178.457   0.0157304   53       5676     
 8729.77 327     37250    -178.473   -178.457   0.0157304   53       5692     
 8761.28 328     37331    -178.473   -178.457   0.0157275   47       5711     
 8775.4  328     37350    -178.473   -178.457   0.0157275   53       5720     
 8808.68 329     37445    -178.473   -178.457   0.0157247   45       5740     
 8809.58 329     37450    -178.473   -178.457   0.0157247   45       5740     
 8827.6  329     37500    -178.473   -178.457   0.0157247   46       5751     
 8831    330     37559    -178.473   -178.457   0.0157226   53       5752     
 8832.23 330     37600    -178.473   -178.457   0.0157226   52       5752     
 8847.38 331     37671    -178.473   -178.457   0.0157215   59       5761     
 8848.48 331     37700    -178.473   -178.457   0.0157215   56       5761     
 8870    332     37785    -178.473   -178.457   0.0157196   52       5774     
 8877.19 332     37800    -178.473   -178.457   0.0157196   51       5778     
 8913.57 333     37899    -178.473   -178.457   0.0157179   50       5801     
 8914.45 333     37900    -178.473   -178.457   0.0157179   51       5801     
 8930.01 333     37950    -178.473   -178.457   0.0157179   50       5810     
 8939.94 334     38013    -178.473   -178.457   0.0157169   53       5815     
 8941.12 334     38050    -178.473   -178.457   0.0157169   57       5815     
 8959.2  335     38125    -178.473   -178.457   0.0157162   52       5826     
 8960.73 335     38150    -178.473   -178.457   0.0157162   55       5826     
 8985.75 336     38239    -178.473   -178.457   0.0157128   53       5841     
 8986.79 336     38250    -178.473   -178.457   0.0157128   49       5841     
 9004.73 337     38351    -178.473   -178.457   0.0157107   56       5851     
 9005.62 337     38352    -178.473   -178.457   0.0157107   56       5851     
 9022.87 337     38400    -178.473   -178.457   0.0157107   52       5862     
 9033.72 338     38463    -178.473   -178.457   0.0157097   50       5868     
 9035.12 338     38500    -178.473   -178.457   0.0157097   51       5868     
 9063.78 339     38577    -178.473   -178.457   0.0157068   50       5886     
 9080.98 339     38600    -178.473   -178.457   0.0157068   47       5896     
 9106.38 340     38691    -178.473   -178.457   0.0157034   46       5911     
 9107.33 340     38700    -178.473   -178.457   0.0157034   45       5911     
 9124.16 341     38803    -178.473   -178.457   0.0157014   58       5921     
 9125.19 341     38804    -178.473   -178.457   0.0157014   58       5921     
 9128.2  341     38850    -178.473   -178.457   0.0157014   58       5922     
 9141.68 342     38915    -178.473   -178.457   0.0156979   54       5930     
 9142.82 342     38950    -178.473   -178.457   0.0156979   55       5930     
 9159.25 343     39029    -178.473   -178.457   0.0156969   55       5940     
 9160.27 343     39050    -178.473   -178.457   0.0156969   56       5940     
 9173.07 344     39141    -178.473   -178.457   0.0156957   49       5948     
 9187.15 344     39150    -178.473   -178.457   0.0156957   51       5957     
 9208.73 345     39255    -178.473   -178.457   0.0156933   60       5970     
 9209.62 345     39256    -178.473   -178.457   0.0156933   60       5970     
 9210.86 345     39300    -178.473   -178.457   0.0156933   56       5970     
 9225.48 346     39369    -178.473   -178.457   0.0156927   59       5978     
 9226.63 346     39400    -178.473   -178.457   0.0156927   64       5978     
 9241.82 347     39481    -178.473   -178.457   0.0156922   56       5987     
 9261.28 347     39500    -178.473   -178.457   0.0156922   59       5999     
 9282.81 348     39595    -178.473   -178.457   0.0156903   48       6011     
 9283.75 348     39600    -178.473   -178.457   0.0156903   48       6011     
 9303.83 348     39650    -178.473   -178.457   0.0156903   49       6023     
 9307.22 349     39709    -178.473   -178.457   0.015687    58       6024     
 9308.86 349     39750    -178.473   -178.457   0.015687    53       6024     
 9326.42 350     39821    -178.473   -178.457   0.0156854   55       6034     
 9327.63 350     39850    -178.473   -178.457   0.0156854   52       6034     
 9341.9  351     39933    -178.473   -178.457   0.0156841   55       6042     
 9342.96 351     39950    -178.473   -178.457   0.0156841   54       6042     
 9355.68 352     40045    -178.473   -178.457   0.0156829   57       6049     
 9356.64 352     40050    -178.473   -178.457   0.0156829   57       6049     
 9370.15 352     40100    -178.473   -178.457   0.0156829   55       6057     
 9371.95 353     40157    -178.473   -178.457   0.0156822   55       6057     
 9373.32 353     40200    -178.473   -178.457   0.0156822   57       6057     
 9392.09 354     40269    -178.473   -178.457   0.0156805   65       6068     
 9393.28 354     40300    -178.473   -178.457   0.0156805   65       6068     
 9408.02 355     40381    -178.473   -178.457   0.0156796   57       6076     
 9423.36 355     40400    -178.473   -178.457   0.0156796   47       6085     
 9448.24 356     40495    -178.473   -178.457   0.0156787   51       6099     
 9449.28 356     40500    -178.473   -178.457   0.0156787   52       6099     
 9469.35 356     40550    -178.473   -178.457   0.0156787   53       6111     
 9471.31 357     40607    -178.473   -178.457   0.0156783   58       6111     
 9518.41 357     40650    -178.473   -178.457   0.0156783   54       6139     
 9540.7  358     40719    -178.473   -178.457   0.0156761   55       6151     
 9542.13 358     40750    -178.473   -178.457   0.0156761   57       6151     
 9569.7  359     40833    -178.473   -178.457   0.015675    64       6166     
 9570.86 359     40850    -178.473   -178.457   0.015675    65       6166     
 9601.06 360     40945    -178.473   -178.457   0.0156736   65       6183     
 9602.14 360     40950    -178.473   -178.457   0.0156736   69       6183     
 9627.51 360     41000    -178.473   -178.457   0.0156736   71       6198     
 9629.51 361     41057    -178.473   -178.457   0.0156702   58       6198     
 9632.79 361     41100    -178.473   -178.457   0.0156702   56       6199     
 9653.88 362     41169    -178.473   -178.457   0.015664    58       6211     
 9655.16 362     41200    -178.473   -178.457   0.015664    55       6211     
 9674.67 363     41279    -178.473   -178.457   0.0156599   58       6222     
 9696.93 363     41300    -178.473   -178.457   0.0156599   59       6235     
 9721.04 364     41391    -178.472   -178.457   0.0154496   54       6248     
 9722.13 364     41400    -178.472   -178.457   0.0154496   52       6248     
 9744.86 365     41505    -178.472   -178.457   0.0154481   60       6261     
 9745.85 365     41506    -178.472   -178.457   0.0154481   60       6261     
 9747.27 365     41550    -178.472   -178.457   0.0154481   60       6261     
 9767.67 366     41621    -178.472   -178.457   0.0154471   63       6272     
 9768.95 366     41650    -178.472   -178.457   0.0154471   61       6272     
 9787.57 367     41735    -178.472   -178.457   0.0154453   58       6282     
 9788.71 367     41750    -178.472   -178.457   0.0154453   55       6282     
 9807.75 368     41849    -178.472   -178.457   0.0154439   55       6292     
 9808.76 368     41850    -178.472   -178.457   0.0154439   55       6292     
 9821.54 368     41900    -178.472   -178.457   0.0154439   57       6299     
 9832    369     41963    -178.472   -178.457   0.0154434   55       6304     
 9833.63 369     42000    -178.472   -178.457   0.0154434   56       6304     
 9855.55 370     42077    -178.472   -178.457   0.0154409   61       6316     
 9880.2  370     42100    -178.472   -178.457   0.0154409   60       6330     
 9901.1  371     42191    -178.472   -178.457   0.01544     57       6341     
 9902.23 371     42200    -178.472   -178.457   0.01544     57       6341     
 9920.59 372     42307    -178.472   -178.457   0.0154394   59       6351     
 9921.6  372     42308    -178.472   -178.457   0.0154394   60       6351     
 9922.93 372     42350    -178.472   -178.457   0.0154394   62       6351     
 9944.09 373     42421    -178.472   -178.457   0.0154383   64       6363     
 9945.3  373     42450    -178.472   -178.457   0.0154383   70       6363     
 9962.09 374     42535    -178.472   -178.457   0.015438    62       6372     
 9963.23 374     42550    -178.472   -178.457   0.015438    63       6372     
 9972.84 375     42647    -178.472   -178.457   0.0154376   57       6377     
 9973.86 375     42650    -178.472   -178.457   0.0154376   56       6377     
 9981.37 375     42700    -178.472   -178.457   0.0154376   55       6381     
 9988.05 376     42761    -178.472   -178.457   0.0154372   60       6384     
 9989.38 376     42800    -178.472   -178.457   0.0154372   57       6384     
 9998.61 377     42875    -178.472   -178.457   0.0154368   58       6389     
 9999.81 377     42900    -178.472   -178.457   0.0154368   64       6389     
 10008.1 378     42987    -178.472   -178.457   0.0154367   63       6393     
-------------------------------------------------------------------------------

SARSOP finishing ...
  Preset timeout reached
  Timeout     : 10000.000000s
  Actual Time : 10008.150000s

-------------------------------------------------------------------------------
 Time   |#Trial |#Backup |LBound    |UBound    |Precision  |#Alphas |#Beliefs  
-------------------------------------------------------------------------------
 10008.1 378     42987    -178.472   -178.457   0.0154367   63       6393     
-------------------------------------------------------------------------------

Writing out policy ...
  output file : RAM4_small/3a41323669.policyx

