
Loading the model ...
  input file   : /home/rstudio/RAM4_small/3a43102cc1.pomdpx
  loading time : 4.81s 

SARSOP initializing ...
  initialization time : 6513.95s

-------------------------------------------------------------------------------
 Time   |#Trial |#Backup |LBound    |UBound    |Precision  |#Alphas |#Beliefs  
-------------------------------------------------------------------------------
 6513.95 0       0        -215.656   -199.779   15.8775     101      1        
 6516.27 1       77       -205.734   -200.161   5.57302     7        26       
 6516.72 1       100      -205.734   -200.161   5.57302     21       33       
 6517.23 2       163      -204.372   -200.161   4.21056     12       37       
 6517.27 2       200      -204.372   -200.161   4.21056     15       37       
 6517.51 3       251      -203.428   -200.161   3.26651     27       41       
 6518.31 4       345      -202.808   -200.161   2.64617     20       51       
 6518.33 4       350      -202.808   -200.161   2.64617     25       51       
 6518.6  5       449      -202.396   -200.161   2.23419     30       54       
 6518.61 5       450      -202.396   -200.161   2.23419     31       54       
 6518.67 5       500      -202.396   -200.161   2.23419     40       54       
 6518.94 6       559      -202.098   -200.161   1.93685     51       57       
 6518.99 6       600      -202.098   -200.161   1.93685     35       57       
 6519.14 7       673      -201.866   -200.161   1.70492     51       57       
 6519.19 7       700      -201.866   -200.161   1.70492     26       57       
 6519.54 8       791      -201.675   -200.161   1.51325     55       61       
 6519.57 8       800      -201.675   -200.161   1.51325     64       61       
 6519.67 9       850      -201.675   -200.161   1.51325     32       62       
 6519.8  9       909      -201.513   -200.161   1.35168     51       62       
 6519.86 9       950      -201.513   -200.161   1.35168     34       62       
 6520.09 10      1029     -201.367   -200.161   1.20504     62       64       
 6520.13 10      1050     -201.367   -200.161   1.20504     37       64       
 6520.43 11      1149     -201.244   -200.161   1.08219     55       67       
 6520.44 11      1150     -201.244   -200.161   1.08219     56       67       
 6520.51 11      1200     -201.244   -200.161   1.08219     41       67       
 6520.75 12      1269     -201.136   -200.161   0.974978    61       69       
 6520.81 12      1300     -201.136   -200.161   0.974978    30       69       
 6520.99 13      1391     -201.05    -200.161   0.888113    49       69       
 6521.01 13      1400     -201.05    -200.161   0.888113    58       69       
 6521.09 13      1450     -201.05    -200.161   0.888113    44       69       
 6521.43 14      1517     -200.985   -200.161   0.823096    20       72       
 6521.48 14      1550     -200.985   -200.161   0.823096    18       72       
 6521.86 15      1647     -200.924   -200.162   0.762403    24       75       
 6521.87 15      1650     -200.924   -200.162   0.762403    19       75       
 6521.95 15      1700     -200.924   -200.162   0.762403    17       75       
 6522.28 16      1777     -200.879   -200.162   0.71701     15       79       
 6522.32 16      1800     -200.879   -200.162   0.71701     11       79       
 6522.68 17      1909     -200.833   -200.162   0.671534    18       82       
 6522.7  17      1910     -200.833   -200.162   0.671534    18       82       
 6522.76 17      1950     -200.833   -200.162   0.671534    15       82       
 6523.11 18      2041     -200.794   -200.162   0.632659    16       85       
 6523.14 18      2050     -200.794   -200.162   0.632659    14       85       
 6523.21 18      2100     -200.794   -200.162   0.632659    15       85       
 6523.55 19      2173     -200.763   -200.162   0.601317    14       88       
 6523.59 19      2200     -200.763   -200.162   0.601317    14       88       
 6523.82 20      2305     -200.734   -200.162   0.572578    10       89       
 6523.84 20      2306     -200.734   -200.162   0.572578    10       89       
 6523.9  20      2350     -200.734   -200.162   0.572578    6        89       
 6524.3  21      2439     -200.704   -200.162   0.542979    8        93       
 6524.34 21      2450     -200.704   -200.162   0.542979    6        93       
 6524.4  21      2500     -200.704   -200.162   0.542979    6        93       
 6524.56 22      2573     -200.681   -200.162   0.519761    6        93       
 6524.61 22      2600     -200.681   -200.162   0.519761    5        93       
 6524.8  23      2707     -200.66    -200.162   0.498444    6        93       
 6524.82 23      2708     -200.66    -200.162   0.498444    5        93       
 6524.88 23      2750     -200.66    -200.162   0.498444    5        93       
 6525.08 24      2843     -200.639   -200.162   0.477981    7        94       
 6525.1  24      2850     -200.639   -200.162   0.477981    5        94       
 6525.16 24      2900     -200.639   -200.162   0.477981    5        94       
 6525.36 25      2979     -200.621   -200.162   0.459094    7        95       
 6525.4  25      3000     -200.621   -200.162   0.459094    5        95       
 6525.58 26      3115     -200.603   -200.162   0.441608    7        95       
 6525.6  26      3116     -200.603   -200.162   0.441608    7        95       
 6525.65 26      3150     -200.603   -200.162   0.441608    7        95       
 6525.86 27      3251     -200.587   -200.162   0.425377    8        96       
 6525.88 27      3252     -200.587   -200.162   0.425377    8        96       
 6525.95 27      3300     -200.587   -200.162   0.425377    6        96       
 6526.23 28      3387     -200.571   -200.162   0.409242    7        98       
 6526.27 28      3400     -200.571   -200.162   0.409242    6        98       
 6526.33 28      3450     -200.571   -200.162   0.409242    6        98       
 6526.49 29      3523     -200.555   -200.162   0.3935      6        98       
 6526.53 29      3550     -200.555   -200.162   0.3935      6        98       
 6526.71 30      3659     -200.54    -200.162   0.3787      6        98       
 6526.73 30      3660     -200.54    -200.162   0.3787      6        98       
 6526.79 30      3700     -200.54    -200.162   0.3787      6        98       
 6526.96 31      3795     -200.526   -200.162   0.364844    6        98       
 6526.98 31      3800     -200.526   -200.162   0.364844    7        98       
 6527.05 31      3850     -200.526   -200.162   0.364844    7        98       
 6527.2  32      3931     -200.513   -200.162   0.351816    6        98       
 6527.24 32      3950     -200.513   -200.162   0.351816    8        98       
 6527.43 33      4067     -200.501   -200.162   0.339594    6        98       
 6527.44 33      4068     -200.501   -200.162   0.339594    6        98       
 6527.49 33      4100     -200.501   -200.162   0.339594    8        98       
 6527.87 34      4203     -200.49    -200.162   0.328925    9        101      
 6527.89 34      4204     -200.49    -200.162   0.328925    9        101      
 6527.95 34      4250     -200.49    -200.162   0.328925    6        101      
 6528.24 35      4339     -200.48    -200.162   0.318833    8        103      
 6528.28 35      4350     -200.48    -200.162   0.318833    7        103      
 6528.34 35      4400     -200.48    -200.162   0.318833    7        103      
 6528.54 36      4475     -200.471   -200.162   0.309951    8        104      
 6528.59 36      4500     -200.471   -200.162   0.309951    7        104      
 6528.83 37      4611     -200.463   -200.162   0.301122    8        105      
 6528.85 37      4612     -200.463   -200.162   0.301122    8        105      
 6528.91 37      4650     -200.463   -200.162   0.301122    6        105      
 6529.08 38      4747     -200.454   -200.162   0.292726    8        105      
 6529.11 38      4750     -200.454   -200.162   0.292726    6        105      
 6529.18 38      4800     -200.454   -200.162   0.292726    6        105      
 6529.45 39      4883     -200.447   -200.162   0.285794    8        107      
 6529.49 39      4900     -200.447   -200.162   0.285794    9        107      
 6529.61 39      4950     -200.447   -200.162   0.285794    8        108      
 6529.76 40      5019     -200.44    -200.162   0.278418    7        108      
 6529.82 40      5050     -200.44    -200.162   0.278418    8        108      
 6530.13 41      5155     -200.432   -200.162   0.270801    9        110      
 6530.15 41      5156     -200.432   -200.162   0.270801    9        110      
 6530.22 41      5200     -200.432   -200.162   0.270801    8        110      
 6530.59 42      5293     -200.423   -200.162   0.261704    8        113      
 6530.62 42      5300     -200.423   -200.162   0.261704    9        113      
 6530.7  42      5350     -200.423   -200.162   0.261704    9        113      
 6531.16 43      5431     -200.416   -200.162   0.254495    8        117      
 6531.21 43      5450     -200.416   -200.162   0.254495    9        117      
 6531.62 44      5567     -200.41    -200.162   0.248831    6        120      
 6531.64 44      5568     -200.41    -200.162   0.248831    7        120      
 6531.7  44      5600     -200.41    -200.162   0.248831    7        120      
 6531.94 45      5703     -200.405   -200.162   0.243092    10       121      
 6531.96 45      5704     -200.405   -200.162   0.243092    10       121      
 6532.04 45      5750     -200.405   -200.162   0.243092    10       121      
 6532.46 46      5839     -200.398   -200.162   0.236227    10       124      
 6532.5  46      5850     -200.398   -200.162   0.236227    10       124      
 6532.57 46      5900     -200.398   -200.162   0.236227    10       124      
 6533.21 47      5977     -200.392   -200.162   0.230532    11       129      
 6533.26 47      6000     -200.392   -200.162   0.230532    11       129      
 6533.71 48      6113     -200.387   -200.162   0.225544    9        132      
 6533.73 48      6114     -200.387   -200.162   0.225544    9        132      
 6533.8  48      6150     -200.387   -200.162   0.225544    9        132      
 6534.22 49      6249     -200.384   -200.162   0.222246    10       135      
 6534.25 49      6250     -200.384   -200.162   0.222246    10       135      
 6534.33 49      6300     -200.384   -200.162   0.222246    10       135      
 6535.29 50      6387     -200.376   -200.162   0.214618    9        142      
 6535.33 50      6400     -200.376   -200.162   0.214618    10       142      
 6535.41 50      6450     -200.376   -200.162   0.214618    9        142      
 6536.11 51      6525     -200.372   -200.162   0.210073    8        147      
 6536.16 51      6550     -200.372   -200.162   0.210073    9        147      
 6536.7  52      6661     -200.368   -200.162   0.20664     7        151      
 6536.73 52      6662     -200.368   -200.162   0.20664     7        151      
 6536.8  52      6700     -200.368   -200.162   0.20664     7        151      
 6537.33 53      6797     -200.362   -200.162   0.200591    10       155      
 6537.36 53      6800     -200.362   -200.162   0.200591    9        155      
 6537.44 53      6850     -200.362   -200.162   0.200591    9        155      
 6538.12 54      6933     -200.359   -200.162   0.197127    9        160      
 6538.17 54      6950     -200.359   -200.162   0.197127    9        160      
 6538.64 54      7000     -200.359   -200.162   0.197127    9        164      
 6538.8  55      7069     -200.353   -200.162   0.191639    8        164      
 6538.86 55      7100     -200.353   -200.162   0.191639    7        164      
 6539.77 56      7205     -200.349   -200.162   0.18791     10       170      
 6539.79 56      7206     -200.349   -200.162   0.18791     10       170      
 6539.88 56      7250     -200.349   -200.162   0.18791     10       170      
 6540.38 57      7341     -200.347   -200.162   0.185031    11       173      
 6540.42 57      7350     -200.347   -200.162   0.185031    10       173      
 6540.5  57      7400     -200.347   -200.162   0.185031    10       173      
 6541.28 58      7477     -200.343   -200.162   0.181375    11       178      
 6541.34 58      7500     -200.343   -200.162   0.181375    10       178      
 6542.24 59      7613     -200.339   -200.162   0.177887    12       184      
 6542.27 59      7614     -200.339   -200.162   0.177887    13       184      
 6542.35 59      7650     -200.339   -200.162   0.177887    12       184      
 6543.04 60      7749     -200.334   -200.162   0.17282     12       188      
 6543.07 60      7750     -200.334   -200.162   0.17282     11       188      
 6543.16 60      7800     -200.334   -200.162   0.17282     12       188      
 6544.75 61      7889     -200.33    -200.162   0.168444    11       197      
 6544.8  61      7900     -200.33    -200.162   0.168444    11       197      
 6544.89 61      7950     -200.33    -200.162   0.168444    11       197      
 6545.75 62      8025     -200.325   -200.162   0.163791    10       202      
 6545.82 62      8050     -200.325   -200.162   0.163791    9        202      
 6546.87 63      8161     -200.321   -200.162   0.159453    9        208      
 6546.91 63      8162     -200.321   -200.162   0.159453    8        208      
 6546.99 63      8200     -200.321   -200.162   0.159453    8        208      
 6547.44 64      8297     -200.317   -200.162   0.15584     9        210      
 6547.49 64      8300     -200.317   -200.162   0.15584     9        210      
 6547.58 64      8350     -200.317   -200.162   0.15584     9        210      
 6548.14 65      8433     -200.314   -200.162   0.152433    9        213      
 6548.19 65      8450     -200.314   -200.162   0.152433    9        213      
 6548.78 65      8500     -200.314   -200.162   0.152433    9        217      
 6548.95 66      8569     -200.311   -200.162   0.149617    12       217      
 6549.03 66      8600     -200.311   -200.162   0.149617    10       217      
 6549.63 67      8705     -200.307   -200.162   0.145383    9        220      
 6549.67 67      8706     -200.307   -200.162   0.145383    8        220      
 6549.77 67      8750     -200.307   -200.162   0.145383    8        220      
 6550.94 68      8841     -200.304   -200.162   0.142442    8        226      
 6550.99 68      8850     -200.304   -200.162   0.142442    8        226      
 6551.09 68      8900     -200.304   -200.162   0.142442    8        226      
 6551.97 69      8977     -200.302   -200.162   0.140542    9        231      
 6552.05 69      9000     -200.302   -200.162   0.140542    8        231      
 6553.09 70      9113     -200.299   -200.162   0.137017    8        236      
 6553.13 70      9114     -200.299   -200.162   0.137017    9        236      
 6553.22 70      9150     -200.299   -200.162   0.137017    10       236      
 6554.68 71      9249     -200.296   -200.162   0.134833    12       243      
 6554.73 71      9250     -200.296   -200.162   0.134833    12       243      
 6554.84 71      9300     -200.296   -200.162   0.134833    12       243      
 6555.8  72      9385     -200.294   -200.162   0.132005    8        248      
 6555.86 72      9400     -200.294   -200.162   0.132005    9        248      
 6556.56 72      9450     -200.294   -200.162   0.132005    10       252      
 6557.14 73      9521     -200.291   -200.162   0.129737    10       254      
 6557.23 73      9550     -200.291   -200.162   0.129737    11       254      
 6558.33 74      9657     -200.288   -200.162   0.125997    8        259      
 6558.37 74      9658     -200.288   -200.162   0.125997    8        259      
 6558.47 74      9700     -200.288   -200.162   0.125997    8        259      
 6559.61 75      9793     -200.285   -200.162   0.123472    9        264      
 6559.67 75      9800     -200.285   -200.162   0.123472    10       264      
 6559.77 75      9850     -200.285   -200.162   0.123472    9        264      
 6560.54 76      9929     -200.283   -200.162   0.121416    12       268      
 6561.4  76      9950     -200.283   -200.162   0.121416    11       273      
 6562.9  77      10065    -200.281   -200.162   0.119268    11       279      
 6562.95 77      10066    -200.281   -200.162   0.119268    11       279      
 6563.67 77      10100    -200.281   -200.162   0.119268    10       283      
 6566.85 78      10199    -200.279   -200.162   0.117445    12       296      
 6566.9  78      10200    -200.279   -200.162   0.117445    11       296      
 6567.02 78      10250    -200.279   -200.162   0.117445    10       296      
 6568.87 79      10333    -200.275   -200.162   0.113841    10       305      
 6570.26 79      10350    -200.275   -200.162   0.113841    11       312      
 6571.48 79      10400    -200.275   -200.162   0.113841    11       317      
 6571.98 80      10471    -200.273   -200.162   0.111519    12       318      
 6573.98 80      10500    -200.273   -200.162   0.111519    12       327      
 6579.02 81      10607    -200.271   -200.162   0.109083    11       341      
 6579.08 81      10608    -200.271   -200.162   0.109083    12       341      
 6579.21 81      10650    -200.271   -200.162   0.109083    12       341      
 6580.03 82      10743    -200.27    -200.162   0.107982    12       344      
 6580.1  82      10750    -200.27    -200.162   0.107982    14       344      
 6580.23 82      10800    -200.27    -200.162   0.107982    14       344      
 6581.56 83      10879    -200.269   -200.162   0.107043    13       349      
 6581.66 83      10900    -200.269   -200.162   0.107043    13       349      
 6583.39 84      11013    -200.267   -200.162   0.104876    12       355      
 6583.46 84      11014    -200.267   -200.162   0.104876    12       355      
 6583.58 84      11050    -200.267   -200.162   0.104876    12       355      
 6584.43 85      11149    -200.265   -200.162   0.103506    10       358      
 6584.49 85      11150    -200.265   -200.162   0.103506    10       358      
 6584.63 85      11200    -200.265   -200.162   0.103506    10       358      
 6586.6  86      11285    -200.263   -200.162   0.101453    10       365      
 6586.69 86      11300    -200.263   -200.162   0.101453    11       365      
 6588.61 86      11350    -200.263   -200.162   0.101453    11       372      
 6589.42 87      11421    -200.261   -200.162   0.0996653   10       374      
 6589.53 87      11450    -200.261   -200.162   0.0996653   10       374      
 6592.97 88      11557    -200.26    -200.162   0.0984468   12       385      
 6593.04 88      11558    -200.26    -200.162   0.0984468   12       385      
 6593.17 88      11600    -200.26    -200.162   0.0984468   12       385      
 6594.46 89      11691    -200.259   -200.162   0.0974189   13       389      
 6594.54 89      11700    -200.259   -200.162   0.0974189   13       389      
 6594.9  89      11750    -200.259   -200.162   0.0974189   13       390      
 6597.03 90      11825    -200.256   -200.162   0.0948075   11       397      
 6597.14 90      11850    -200.256   -200.162   0.0948075   11       397      
 6598.76 91      11963    -200.255   -200.162   0.0932078   12       402      
 6598.84 91      11964    -200.255   -200.162   0.0932078   13       402      
 6598.96 91      12000    -200.255   -200.162   0.0932078   13       402      
 6600.24 92      12099    -200.253   -200.162   0.0910971   12       406      
 6600.31 92      12100    -200.253   -200.162   0.0910971   13       406      
 6600.45 92      12150    -200.253   -200.162   0.0910971   13       406      
 6601.41 93      12237    -200.251   -200.162   0.0897366   11       409      
 6601.51 93      12250    -200.251   -200.162   0.0897366   11       409      
 6603.25 93      12300    -200.251   -200.162   0.0897366   12       415      
 6604.71 94      12371    -200.249   -200.162   0.0876773   11       419      
 6606.75 94      12400    -200.249   -200.162   0.0876773   11       426      
 6608.47 95      12507    -200.248   -200.162   0.0859354   12       430      
 6608.55 95      12508    -200.248   -200.162   0.0859354   11       430      
 6608.69 95      12550    -200.248   -200.162   0.0859354   11       430      
 6610.42 96      12643    -200.246   -200.162   0.0848099   13       435      
 6610.51 96      12650    -200.246   -200.162   0.0848099   14       435      
 6610.66 96      12700    -200.246   -200.162   0.0848099   14       435      
 6613.48 97      12781    -200.245   -200.162   0.0834908   13       443      
 6613.59 97      12800    -200.245   -200.162   0.0834908   14       443      
 6614.48 98      12917    -200.244   -200.162   0.0823375   13       445      
 6614.56 98      12918    -200.244   -200.162   0.0823375   14       445      
 6614.69 98      12950    -200.244   -200.162   0.0823375   14       445      
 6616.7  99      13055    -200.242   -200.162   0.0805037   12       451      
 6616.78 99      13056    -200.242   -200.162   0.0805037   13       451      
 6616.92 99      13100    -200.242   -200.162   0.0805037   13       451      
 6618.61 100     13191    -200.241   -200.162   0.0794494   13       456      
 6618.7  100     13200    -200.241   -200.162   0.0794494   14       456      
 6618.85 100     13250    -200.241   -200.162   0.0794494   14       456      
 6621.16 101     13325    -200.24    -200.162   0.0785988   14       463      
 6621.29 101     13350    -200.24    -200.162   0.0785988   12       463      
 6622.39 102     13461    -200.239   -200.162   0.0776517   13       466      
 6622.48 102     13462    -200.239   -200.162   0.0776517   13       466      
 6622.63 102     13500    -200.239   -200.162   0.0776517   13       466      
 6624.44 103     13597    -200.238   -200.162   0.0760529   14       471      
 6624.81 103     13600    -200.238   -200.162   0.0760529   13       472      
 6625.51 103     13650    -200.238   -200.162   0.0760529   13       474      
 6626.71 104     13733    -200.237   -200.162   0.0748935   12       477      
 6626.83 104     13750    -200.237   -200.162   0.0748935   12       477      
 6629.59 104     13800    -200.237   -200.162   0.0748935   13       485      
 6629.87 105     13869    -200.235   -200.162   0.0738057   14       485      
 6630    105     13900    -200.235   -200.162   0.0738057   13       485      
 6633.37 106     14005    -200.235   -200.162   0.0728395   14       494      
 6633.46 106     14006    -200.235   -200.162   0.0728395   15       494      
 6633.63 106     14050    -200.235   -200.162   0.0728395   15       494      
 6636.28 107     14139    -200.234   -200.162   0.0719534   14       501      
 6638.42 107     14150    -200.234   -200.162   0.0719534   12       508      
 6638.58 107     14200    -200.234   -200.162   0.0719534   13       508      
 6640.85 108     14273    -200.233   -200.162   0.0711443   16       513      
 6640.99 108     14300    -200.233   -200.162   0.0711443   16       513      
 6643.65 109     14407    -200.232   -200.162   0.0705753   15       520      
 6644.09 109     14408    -200.232   -200.162   0.0705753   15       521      
 6647.05 109     14450    -200.232   -200.162   0.0705753   16       529      
 6650.07 110     14541    -200.231   -200.162   0.0687702   12       535      
 6650.19 110     14550    -200.231   -200.162   0.0687702   12       535      
 6650.35 110     14600    -200.231   -200.162   0.0687702   12       535      
 6652.5  111     14677    -200.23    -200.162   0.0678593   14       540      
 6652.64 111     14700    -200.23    -200.162   0.0678593   14       540      
 6655.34 112     14815    -200.229   -200.162   0.0668839   15       546      
 6655.44 112     14816    -200.229   -200.162   0.0668839   13       546      
 6655.6  112     14850    -200.229   -200.162   0.0668839   12       546      
 6657.54 113     14951    -200.228   -200.162   0.0660434   13       551      
 6657.64 113     14952    -200.228   -200.162   0.0660434   14       551      
 6657.82 113     15000    -200.228   -200.162   0.0660434   14       551      
 6661.67 114     15087    -200.227   -200.162   0.0656065   17       560      
 6661.8  114     15100    -200.227   -200.162   0.0656065   18       560      
 6662.34 114     15150    -200.227   -200.162   0.0656065   17       561      
 6664.17 115     15223    -200.227   -200.162   0.065113    13       565      
 6664.33 115     15250    -200.227   -200.162   0.065113    14       565      
 6667.94 116     15359    -200.226   -200.162   0.0638451   15       573      
 6668.05 116     15360    -200.226   -200.162   0.0638451   15       573      
 6668.22 116     15400    -200.226   -200.162   0.0638451   15       573      
 6670.4  117     15495    -200.225   -200.162   0.0630562   14       578      
 6670.51 117     15500    -200.225   -200.162   0.0630562   13       578      
 6670.69 117     15550    -200.225   -200.162   0.0630562   13       578      
 6673.21 118     15631    -200.224   -200.162   0.0623717   17       584      
 6673.35 118     15650    -200.224   -200.162   0.0623717   18       584      
 6676.31 119     15767    -200.223   -200.162   0.0616421   15       591      
 6676.42 119     15768    -200.223   -200.162   0.0616421   16       591      
 6676.57 119     15800    -200.223   -200.162   0.0616421   16       591      
 6679.05 120     15901    -200.223   -200.162   0.0612288   16       597      
 6679.59 120     15902    -200.223   -200.162   0.0612288   15       598      
 6681.99 120     15950    -200.223   -200.162   0.0612288   15       604      
 6684.1  121     16035    -200.222   -200.162   0.06017     15       608      
 6684.25 121     16050    -200.222   -200.162   0.06017     16       608      
 6685.12 121     16100    -200.222   -200.162   0.06017     16       610      
 6686.25 122     16171    -200.221   -200.162   0.0593158   16       612      
 6686.41 122     16200    -200.221   -200.162   0.0593158   17       612      
 6688.8  123     16307    -200.221   -200.162   0.0587805   14       617      
 6688.91 123     16308    -200.221   -200.162   0.0587805   13       617      
 6689.1  123     16350    -200.221   -200.162   0.0587805   13       617      
 6691.57 124     16441    -200.22    -200.162   0.0579295   14       622      
 6691.71 124     16450    -200.22    -200.162   0.0579295   15       622      
 6691.91 124     16500    -200.22    -200.162   0.0579295   14       622      
 6695.4  125     16577    -200.219   -200.162   0.057287    15       629      
 6695.56 125     16600    -200.219   -200.162   0.057287    13       629      
 6698.08 126     16713    -200.219   -200.162   0.0566856   13       634      
 6698.2  126     16714    -200.219   -200.162   0.0566856   14       634      
 6698.38 126     16750    -200.219   -200.162   0.0566856   14       634      
 6700.87 127     16849    -200.218   -200.162   0.0559424   15       639      
 6700.99 127     16850    -200.218   -200.162   0.0559424   16       639      
 6701.18 127     16900    -200.218   -200.162   0.0559424   16       639      
 6704.2  128     16983    -200.217   -200.162   0.0554956   16       645      
 6708.32 128     17000    -200.217   -200.162   0.0554956   15       654      
 6711.57 129     17050    -200.217   -200.162   0.0554956   16       660      
 6711.91 129     17117    -200.216   -200.162   0.0544331   15       660      
 6712.1  129     17150    -200.216   -200.162   0.0544331   16       660      
 6715.34 130     17253    -200.215   -200.162   0.0535527   14       666      
 6715.46 130     17254    -200.215   -200.162   0.0535527   14       666      
 6715.66 130     17300    -200.215   -200.162   0.0535527   15       666      
 6719.33 131     17389    -200.215   -200.162   0.0530151   14       673      
 6721.12 131     17400    -200.215   -200.162   0.0530151   14       677      
 6722.28 131     17450    -200.215   -200.162   0.0530151   15       679      
 6725.26 132     17523    -200.214   -200.162   0.0522368   15       684      
 6725.44 132     17550    -200.214   -200.162   0.0522368   15       684      
 6730.22 133     17659    -200.214   -200.162   0.0517814   15       693      
 6730.35 133     17660    -200.214   -200.162   0.0517814   15       693      
 6730.54 133     17700    -200.214   -200.162   0.0517814   15       693      
 6733.56 134     17793    -200.213   -200.162   0.0515445   17       698      
 6734.6  134     17800    -200.213   -200.162   0.0515445   16       700      
 6735.49 134     17850    -200.213   -200.162   0.0515445   17       702      
 6739.47 135     17927    -200.213   -200.162   0.0513224   16       709      
 6739.65 135     17950    -200.213   -200.162   0.0513224   16       709      
 6742.11 136     18061    -200.213   -200.162   0.0506539   16       713      
 6742.25 136     18062    -200.213   -200.162   0.0506539   16       713      
 6744.71 136     18100    -200.213   -200.162   0.0506539   14       718      
 6753.87 137     18195    -200.212   -200.162   0.050362    13       733      
 6754.02 137     18200    -200.212   -200.162   0.050362    15       733      
 6754.24 137     18250    -200.212   -200.162   0.050362    15       733      
 6758.44 138     18329    -200.212   -200.162   0.0500259   19       740      
 6758.63 138     18350    -200.212   -200.162   0.0500259   18       740      
 6763.48 139     18463    -200.211   -200.162   0.0493784   16       748      
 6764.12 139     18464    -200.211   -200.162   0.0493784   16       749      
 6766.82 139     18500    -200.211   -200.162   0.0493784   16       754      
 6775.48 140     18597    -200.21    -200.162   0.0483893   16       767      
 6775.63 140     18600    -200.21    -200.162   0.0483893   17       767      
 6775.85 140     18650    -200.21    -200.162   0.0483893   17       767      
 6777.88 141     18731    -200.21    -200.162   0.0480498   17       770      
 6778.06 141     18750    -200.21    -200.162   0.0480498   15       770      
 6782.38 142     18867    -200.209   -200.162   0.0474463   18       777      
 6782.53 142     18868    -200.209   -200.162   0.0474463   18       777      
 6782.73 142     18900    -200.209   -200.162   0.0474463   18       777      
 6785.98 143     19003    -200.209   -200.162   0.0469505   16       782      
 6786.13 143     19004    -200.209   -200.162   0.0469505   15       782      
 6786.36 143     19050    -200.209   -200.162   0.0469505   15       782      
 6790.68 144     19139    -200.208   -200.162   0.0464415   15       789      
 6790.85 144     19150    -200.208   -200.162   0.0464415   15       789      
 6791.62 144     19200    -200.208   -200.162   0.0464415   16       790      
 6795.72 145     19275    -200.208   -200.162   0.0459362   16       796      
 6795.94 145     19300    -200.208   -200.162   0.0459362   15       796      
 6802.33 146     19411    -200.207   -200.162   0.0454604   16       806      
 6802.48 146     19412    -200.207   -200.162   0.0454604   17       806      
 6802.71 146     19450    -200.207   -200.162   0.0454604   17       806      
 6805.92 147     19545    -200.207   -200.162   0.0452705   16       811      
 6806.08 147     19550    -200.207   -200.162   0.0452705   17       811      
 6806.31 147     19600    -200.207   -200.162   0.0452705   17       811      
 6811.74 148     19679    -200.207   -200.162   0.044968    20       820      
 6811.94 148     19700    -200.207   -200.162   0.044968    19       820      
 6817.28 149     19813    -200.207   -200.162   0.0447731   17       828      
 6817.44 149     19814    -200.207   -200.162   0.0447731   18       828      
 6817.66 149     19850    -200.207   -200.162   0.0447731   18       828      
 6823.95 150     19947    -200.206   -200.162   0.0442721   19       838      
 6824.11 150     19950    -200.206   -200.162   0.0442721   18       838      
 6824.37 150     20000    -200.206   -200.162   0.0442721   17       838      
 6829.2  151     20081    -200.206   -200.162   0.0439922   17       845      
 6829.4  151     20100    -200.206   -200.162   0.0439922   16       845      
 6834.61 152     20215    -200.205   -200.162   0.0431885   21       853      
 6834.77 152     20216    -200.205   -200.162   0.0431885   20       853      
 6835    152     20250    -200.205   -200.162   0.0431885   17       853      
 6840.3  153     20349    -200.205   -200.162   0.0427597   17       861      
 6840.46 153     20350    -200.205   -200.162   0.0427597   17       861      
 6840.72 153     20400    -200.205   -200.162   0.0427597   18       861      
 6843.53 154     20485    -200.204   -200.162   0.0423921   19       865      
 6843.72 154     20500    -200.204   -200.162   0.0423921   18       865      
 6846.41 154     20550    -200.204   -200.162   0.0423921   17       869      
 6848.05 155     20621    -200.204   -200.162   0.0420506   17       871      
 6848.27 155     20650    -200.204   -200.162   0.0420506   19       871      
 6851.56 156     20755    -200.204   -200.162   0.0419372   20       876      
 6851.73 156     20756    -200.204   -200.162   0.0419372   20       876      
 6851.97 156     20800    -200.204   -200.162   0.0419372   20       876      
 6856.03 157     20889    -200.204   -200.162   0.0417867   20       882      
 6856.22 157     20900    -200.204   -200.162   0.0417867   20       882      
 6858.97 157     20950    -200.204   -200.162   0.0417867   21       886      
 6862.71 158     21023    -200.204   -200.162   0.0416581   21       891      
 6865.24 158     21050    -200.204   -200.162   0.0416581   20       895      
 6869.36 159     21157    -200.203   -200.162   0.0413051   17       901      
 6869.53 159     21158    -200.203   -200.162   0.0413051   17       901      
 6869.77 159     21200    -200.203   -200.162   0.0413051   17       901      
 6875.41 160     21291    -200.203   -200.162   0.0411229   14       909      
 6875.6  160     21300    -200.203   -200.162   0.0411229   16       909      
 6877.14 160     21350    -200.203   -200.162   0.0411229   14       911      
 6882.36 161     21425    -200.202   -200.162   0.040368    18       918      
 6882.58 161     21450    -200.202   -200.162   0.040368    18       918      
 6886.19 162     21561    -200.202   -200.162   0.0399905   18       923      
 6886.36 162     21562    -200.202   -200.162   0.0399905   18       923      
 6886.61 162     21600    -200.202   -200.162   0.0399905   16       923      
 6893.2  163     21697    -200.202   -200.162   0.0396997   20       932      
 6893.38 163     21700    -200.202   -200.162   0.0396997   22       932      
 6893.64 163     21750    -200.202   -200.162   0.0396997   22       932      
 6899.39 164     21831    -200.201   -200.162   0.0394226   22       940      
 6902.2  164     21850    -200.201   -200.162   0.0394226   25       944      
 6911.49 165     21965    -200.201   -200.162   0.0392801   21       957      
 6911.67 165     21966    -200.201   -200.162   0.0392801   20       957      
 6911.91 165     22000    -200.201   -200.162   0.0392801   20       957      
 6918.34 166     22099    -200.201   -200.162   0.0390638   21       966      
 6918.51 166     22100    -200.201   -200.162   0.0390638   21       966      
 6918.78 166     22150    -200.201   -200.162   0.0390638   22       966      
 6924.39 167     22233    -200.201   -200.162   0.0388935   21       974      
 6924.61 167     22250    -200.201   -200.162   0.0388935   22       974      
 6928.64 168     22300    -200.201   -200.162   0.0388935   23       980      
 6929.03 168     22367    -200.2     -200.162   0.0385151   18       980      
 6929.28 168     22400    -200.2     -200.162   0.0385151   18       980      
 6933.72 169     22501    -200.2     -200.162   0.0379754   18       986      
 6933.9  169     22502    -200.2     -200.162   0.0379754   18       986      
 6934.17 169     22550    -200.2     -200.162   0.0379754   19       986      
 6937.15 170     22635    -200.2     -200.162   0.0378548   19       990      
 6937.35 170     22650    -200.2     -200.162   0.0378548   19       990      
 6940.78 170     22700    -200.2     -200.162   0.0378548   20       995      
 6941.87 171     22769    -200.2     -200.162   0.0376669   18       996      
 6942.11 171     22800    -200.2     -200.162   0.0376669   18       996      
 6945.26 172     22903    -200.199   -200.162   0.0375565   18       1000     
 6945.44 172     22904    -200.199   -200.162   0.0375565   17       1000     
 6949.37 172     22950    -200.199   -200.162   0.0375565   17       1006     
 6961.13 173     23037    -200.199   -200.162   0.0372667   21       1021     
 6961.35 173     23050    -200.199   -200.162   0.0372667   19       1021     
 6964.56 173     23100    -200.199   -200.162   0.0372667   20       1025     
 6967.29 174     23171    -200.199   -200.162   0.0370438   20       1028     
 6967.54 174     23200    -200.199   -200.162   0.0370438   21       1028     
 6973.13 175     23303    -200.199   -200.162   0.0368583   22       1035     
 6973.32 175     23304    -200.199   -200.162   0.0368583   22       1035     
 6973.6  175     23350    -200.199   -200.162   0.0368583   21       1035     
 6980.07 176     23435    -200.199   -200.162   0.0367562   20       1043     
 6980.3  176     23450    -200.199   -200.162   0.0367562   21       1043     
 6986.08 176     23500    -200.199   -200.162   0.0367562   21       1050     
 6986.52 177     23567    -200.199   -200.162   0.0365842   20       1050     
 6986.8  177     23600    -200.199   -200.162   0.0365842   20       1050     
 6991.16 178     23699    -200.198   -200.162   0.0364669   18       1055     
 6991.36 178     23700    -200.198   -200.162   0.0364669   18       1055     
 6991.67 178     23750    -200.198   -200.162   0.0364669   19       1055     
 6997.37 179     23831    -200.198   -200.162   0.0358015   21       1062     
 6997.61 179     23850    -200.198   -200.162   0.0358015   19       1062     
 7001.85 180     23967    -200.197   -200.162   0.0354912   17       1067     
 7002.05 180     23968    -200.197   -200.162   0.0354912   17       1067     
 7002.32 180     24000    -200.197   -200.162   0.0354912   18       1067     
 7008.17 181     24101    -200.197   -200.162   0.0353167   18       1074     
 7008.37 181     24102    -200.197   -200.162   0.0353167   19       1074     
 7008.66 181     24150    -200.197   -200.162   0.0353167   19       1074     
 7016.89 182     24235    -200.197   -200.162   0.0351601   19       1084     
 7021.13 182     24250    -200.197   -200.162   0.0351601   19       1090     
 7029.6  182     24300    -200.197   -200.162   0.0351601   20       1101     
 7030.06 183     24367    -200.197   -200.162   0.0349388   19       1101     
 7030.33 183     24400    -200.197   -200.162   0.0349388   19       1101     
 7037.69 184     24501    -200.197   -200.162   0.0346452   22       1110     
 7037.9  184     24502    -200.197   -200.162   0.0346452   22       1110     
 7045.52 184     24550    -200.197   -200.162   0.0346452   22       1119     
 7061.81 185     24635    -200.196   -200.162   0.0344324   22       1136     
 7062.07 185     24650    -200.196   -200.162   0.0344324   23       1136     
 7065.9  185     24700    -200.196   -200.162   0.0344324   22       1140     
 7067.22 186     24769    -200.196   -200.162   0.034279    22       1141     
 7067.53 186     24800    -200.196   -200.162   0.034279    19       1141     
 7073.3  187     24901    -200.196   -200.162   0.0340266   20       1147     
 7073.53 187     24902    -200.196   -200.162   0.0340266   18       1147     
 7073.9  187     24950    -200.196   -200.162   0.0340266   18       1147     
 7084.39 188     25035    -200.196   -200.162   0.0337332   20       1159     
 7084.64 188     25050    -200.196   -200.162   0.0337332   20       1159     
 7087.3  188     25100    -200.196   -200.162   0.0337332   20       1162     
 7088.48 189     25169    -200.196   -200.162   0.0336076   20       1163     
 7088.78 189     25200    -200.196   -200.162   0.0336076   19       1163     
 7093.12 190     25301    -200.195   -200.162   0.0334406   20       1168     
 7093.34 190     25302    -200.195   -200.162   0.0334406   20       1168     
 7093.65 190     25350    -200.195   -200.162   0.0334406   21       1168     
 7099.78 191     25433    -200.195   -200.162   0.0333702   23       1175     
 7100.03 191     25450    -200.195   -200.162   0.0333702   23       1175     
 7104.69 192     25565    -200.195   -200.162   0.0332978   26       1180     
 7104.91 192     25566    -200.195   -200.162   0.0332978   26       1180     
 7105.21 192     25600    -200.195   -200.162   0.0332978   25       1180     
 7112.15 193     25697    -200.195   -200.162   0.0332212   25       1188     
 7114.81 193     25700    -200.195   -200.162   0.0332212   23       1191     
 7118.2  193     25750    -200.195   -200.162   0.0332212   24       1195     
 7124.96 194     25829    -200.195   -200.162   0.0326743   21       1202     
 7125.23 194     25850    -200.195   -200.162   0.0326743   21       1202     
 7130.25 195     25963    -200.194   -200.162   0.0323262   21       1208     
 7130.48 195     25964    -200.194   -200.162   0.0323262   20       1208     
 7130.79 195     26000    -200.194   -200.162   0.0323262   19       1208     
 7136.21 196     26097    -200.194   -200.162   0.0320913   19       1214     
 7136.43 196     26100    -200.194   -200.162   0.0320913   19       1214     
 7136.76 196     26150    -200.194   -200.162   0.0320913   19       1214     
 7142    197     26231    -200.194   -200.162   0.031998    23       1220     
 7148.67 197     26250    -200.194   -200.162   0.031998    22       1228     
 7154.67 198     26365    -200.193   -200.162   0.0313987   17       1234     
 7154.89 198     26366    -200.193   -200.162   0.0313987   18       1234     
 7155.19 198     26400    -200.193   -200.162   0.0313987   17       1234     
 7165.51 199     26501    -200.193   -200.162   0.0312852   20       1245     
 7165.74 199     26502    -200.193   -200.162   0.0312852   20       1245     
 7166.07 199     26550    -200.193   -200.162   0.0312852   20       1245     
 7169.39 200     26637    -200.193   -200.162   0.0311631   22       1249     
 7169.65 200     26650    -200.193   -200.162   0.0311631   22       1249     
 7175.74 200     26700    -200.193   -200.162   0.0311631   20       1256     
 7178.95 201     26771    -200.193   -200.162   0.0308733   21       1259     
 7179.25 201     26800    -200.193   -200.162   0.0308733   21       1259     
 7185.87 202     26907    -200.193   -200.162   0.0306338   21       1266     
 7186.11 202     26908    -200.193   -200.162   0.0306338   21       1266     
 7186.43 202     26950    -200.193   -200.162   0.0306338   20       1266     
 7191.38 203     27043    -200.193   -200.162   0.0305338   20       1271     
 7191.63 203     27050    -200.193   -200.162   0.0305338   20       1271     
 7192.88 203     27100    -200.193   -200.162   0.0305338   21       1272     
 7201.53 204     27177    -200.193   -200.162   0.0304643   23       1281     
 7201.84 204     27200    -200.193   -200.162   0.0304643   24       1281     
 7205.87 205     27311    -200.192   -200.162   0.0303772   21       1285     
 7206.11 205     27312    -200.192   -200.162   0.0303772   21       1285     
 7206.44 205     27350    -200.192   -200.162   0.0303772   21       1285     
 7211.52 206     27445    -200.192   -200.162   0.0303177   21       1290     
 7211.77 206     27450    -200.192   -200.162   0.0303177   22       1290     
 7212.11 206     27500    -200.192   -200.162   0.0303177   21       1290     
 7219.11 207     27579    -200.192   -200.162   0.0301594   21       1297     
 7219.4  207     27600    -200.192   -200.162   0.0301594   21       1297     
 7224.61 208     27713    -200.192   -200.162   0.030107    21       1302     
 7224.85 208     27714    -200.192   -200.162   0.030107    21       1302     
 7228.33 208     27750    -200.192   -200.162   0.030107    21       1306     
 7236.7  209     27847    -200.192   -200.162   0.0299692   22       1314     
 7236.95 209     27850    -200.192   -200.162   0.0299692   21       1314     
 7237.31 209     27900    -200.192   -200.162   0.0299692   22       1314     
 7240.61 210     27979    -200.192   -200.162   0.0298518   24       1317     
 7240.91 210     28000    -200.192   -200.162   0.0298518   23       1317     
 7247.76 211     28111    -200.192   -200.162   0.0297977   22       1324     
 7248.01 211     28112    -200.192   -200.162   0.0297977   22       1324     
 7248.34 211     28150    -200.192   -200.162   0.0297977   22       1324     
 7252.67 212     28245    -200.192   -200.162   0.0296671   21       1328     
 7252.93 212     28250    -200.192   -200.162   0.0296671   22       1328     
 7253.3  212     28300    -200.192   -200.162   0.0296671   21       1328     
 7260.66 213     28377    -200.192   -200.162   0.0295906   23       1335     
 7260.97 213     28400    -200.192   -200.162   0.0295906   24       1335     
 7270.7  214     28509    -200.192   -200.162   0.0295256   24       1345     
 7270.94 214     28510    -200.192   -200.162   0.0295256   24       1345     
 7271.28 214     28550    -200.192   -200.162   0.0295256   24       1345     
 7276.08 215     28641    -200.192   -200.162   0.0294743   22       1350     
 7276.38 215     28650    -200.192   -200.162   0.0294743   21       1350     
 7276.76 215     28700    -200.192   -200.162   0.0294743   23       1350     
 7283.18 216     28773    -200.191   -200.162   0.0290484   23       1356     
 7288.46 216     28800    -200.191   -200.162   0.0290484   23       1362     
 7295.85 217     28907    -200.191   -200.162   0.0288993   22       1369     
 7296.1  217     28908    -200.191   -200.162   0.0288993   21       1369     
 7296.47 217     28950    -200.191   -200.162   0.0288993   22       1369     
 7303.57 218     29041    -200.191   -200.162   0.0286784   22       1376     
 7303.85 218     29050    -200.191   -200.162   0.0286784   23       1376     
 7304.2  218     29100    -200.191   -200.162   0.0286784   23       1376     
 7309.25 219     29175    -200.191   -200.162   0.0285531   21       1381     
 7309.56 219     29200    -200.191   -200.162   0.0285531   22       1381     
 7315.58 220     29309    -200.19    -200.162   0.028383    20       1387     
 7315.83 220     29310    -200.19    -200.162   0.028383    20       1387     
 7316.16 220     29350    -200.19    -200.162   0.028383    20       1387     
 7325.95 221     29443    -200.19    -200.162   0.0282865   22       1397     
 7326.22 221     29450    -200.19    -200.162   0.0282865   23       1397     
 7328.53 221     29500    -200.19    -200.162   0.0282865   21       1399     
 7338.49 222     29577    -200.19    -200.162   0.0281673   23       1408     
 7338.82 222     29600    -200.19    -200.162   0.0281673   24       1408     
 7344.45 223     29709    -200.19    -200.162   0.0280869   24       1413     
 7344.72 223     29710    -200.19    -200.162   0.0280869   24       1413     
 7345.07 223     29750    -200.19    -200.162   0.0280869   23       1413     
 7352.76 224     29841    -200.19    -200.162   0.0280314   24       1420     
 7353.05 224     29850    -200.19    -200.162   0.0280314   25       1420     
 7353.49 224     29900    -200.19    -200.162   0.0280314   25       1420     
 7357.82 225     29973    -200.19    -200.162   0.0279309   25       1424     
 7358.16 225     30000    -200.19    -200.162   0.0279309   25       1424     
 7364.97 226     30105    -200.19    -200.162   0.0278936   24       1430     
 7365.24 226     30106    -200.19    -200.162   0.0278936   25       1430     
 7365.61 226     30150    -200.19    -200.162   0.0278936   25       1430     
 7371.06 227     30237    -200.19    -200.162   0.0277955   24       1435     
 7371.36 227     30250    -200.19    -200.162   0.0277955   24       1435     
 7377.9  227     30300    -200.19    -200.162   0.0277955   24       1441     
 7380.52 228     30369    -200.19    -200.162   0.0276506   22       1443     
 7380.86 228     30400    -200.19    -200.162   0.0276506   22       1443     
 7385.22 229     30501    -200.19    -200.162   0.0275653   21       1447     
 7385.49 229     30502    -200.19    -200.162   0.0275653   21       1447     
 7386.54 229     30550    -200.19    -200.162   0.0275653   21       1448     
 7392.09 230     30633    -200.19    -200.162   0.0274228   21       1453     
 7392.42 230     30650    -200.19    -200.162   0.0274228   22       1453     
 7404.28 231     30765    -200.189   -200.162   0.0273654   22       1464     
 7404.55 231     30766    -200.189   -200.162   0.0273654   22       1464     
 7404.89 231     30800    -200.189   -200.162   0.0273654   22       1464     
 7410.5  232     30897    -200.189   -200.162   0.027262    21       1469     
 7410.81 232     30900    -200.189   -200.162   0.027262    21       1469     
 7411.25 232     30950    -200.189   -200.162   0.027262    22       1469     
 7419.43 233     31029    -200.189   -200.162   0.0272145   22       1477     
 7419.76 233     31050    -200.189   -200.162   0.0272145   22       1477     
 7427.78 234     31161    -200.189   -200.162   0.0270991   24       1484     
 7428.06 234     31162    -200.189   -200.162   0.0270991   24       1484     
 7428.44 234     31200    -200.189   -200.162   0.0270991   24       1484     
 7437.79 235     31291    -200.189   -200.162   0.0269902   24       1492     
 7438.09 235     31300    -200.189   -200.162   0.0269902   23       1492     
 7438.48 235     31350    -200.189   -200.162   0.0269902   23       1492     
 7444.33 236     31421    -200.189   -200.162   0.0269418   22       1497     
 7448.26 236     31450    -200.189   -200.162   0.0269418   22       1501     
 7470.82 237     31551    -200.189   -200.162   0.0268575   26       1521     
 7471.12 237     31552    -200.189   -200.162   0.0268575   26       1521     
 7476.08 237     31600    -200.189   -200.162   0.0268575   28       1526     
 7486.96 238     31681    -200.189   -200.162   0.0268188   24       1535     
 7487.31 238     31700    -200.189   -200.162   0.0268188   24       1535     
 7493.58 239     31811    -200.189   -200.162   0.0267588   23       1540     
 7493.87 239     31812    -200.189   -200.162   0.0267588   23       1540     
 7494.26 239     31850    -200.189   -200.162   0.0267588   23       1540     
 7503.2  240     31941    -200.189   -200.162   0.0267247   24       1547     
 7503.54 240     31950    -200.189   -200.162   0.0267247   24       1547     
 7505.04 240     32000    -200.189   -200.162   0.0267247   24       1548     
 7511.48 241     32071    -200.188   -200.162   0.0263596   25       1553     
 7519.27 241     32100    -200.188   -200.162   0.0263596   27       1560     
 7532.26 242     32203    -200.188   -200.162   0.0262968   26       1571     
 7532.56 242     32204    -200.188   -200.162   0.0262968   26       1571     
 7532.97 242     32250    -200.188   -200.162   0.0262968   27       1571     
 7548.25 243     32335    -200.188   -200.162   0.0262501   27       1583     
 7548.61 243     32350    -200.188   -200.162   0.0262501   26       1583     
 7563.91 243     32400    -200.188   -200.162   0.0262501   27       1595     
 7564.52 244     32467    -200.188   -200.162   0.0259485   23       1595     
 7564.9  244     32500    -200.188   -200.162   0.0259485   23       1595     
 7568.85 245     32599    -200.188   -200.162   0.0259162   25       1598     
 7569.15 245     32600    -200.188   -200.162   0.0259162   25       1598     
 7569.58 245     32650    -200.188   -200.162   0.0259162   24       1598     
 7576.35 246     32731    -200.188   -200.162   0.0258627   24       1604     
 7576.7  246     32750    -200.188   -200.162   0.0258627   25       1604     
 7582.87 247     32863    -200.188   -200.162   0.0257999   22       1609     
 7583.17 247     32864    -200.188   -200.162   0.0257999   22       1609     
 7583.56 247     32900    -200.188   -200.162   0.0257999   22       1609     
 7588.62 248     32995    -200.188   -200.162   0.025768    24       1613     
 7588.94 248     33000    -200.188   -200.162   0.025768    25       1613     
 7589.36 248     33050    -200.188   -200.162   0.025768    25       1613     
 7595.53 249     33127    -200.188   -200.162   0.025726    23       1618     
 7595.88 249     33150    -200.188   -200.162   0.025726    22       1618     
 7601.79 250     33259    -200.188   -200.162   0.025615    25       1623     
 7602.09 250     33260    -200.188   -200.162   0.025615    25       1623     
 7602.5  250     33300    -200.188   -200.162   0.025615    25       1623     
 7614.75 251     33391    -200.188   -200.162   0.0255655   25       1633     
 7615.08 251     33400    -200.188   -200.162   0.0255655   24       1633     
 7616.61 251     33450    -200.188   -200.162   0.0255655   24       1634     
 7624.27 252     33523    -200.188   -200.162   0.0254871   23       1640     
 7624.64 252     33550    -200.188   -200.162   0.0254871   23       1640     
 7637.06 253     33653    -200.188   -200.162   0.0253905   23       1650     
 7637.37 253     33654    -200.188   -200.162   0.0253905   23       1650     
 7637.77 253     33700    -200.188   -200.162   0.0253905   23       1650     
 7645.49 254     33785    -200.187   -200.162   0.0253541   25       1656     
 7645.84 254     33800    -200.187   -200.162   0.0253541   23       1656     
 7653.07 254     33850    -200.187   -200.162   0.0253541   23       1662     
 7653.66 255     33917    -200.187   -200.162   0.0252488   22       1662     
 7654.04 255     33950    -200.187   -200.162   0.0252488   22       1662     
 7662.16 256     34051    -200.187   -200.162   0.0252014   24       1669     
 7662.47 256     34052    -200.187   -200.162   0.0252014   25       1669     
 7669.63 256     34100    -200.187   -200.162   0.0252014   24       1675     
 7676.71 257     34181    -200.187   -200.162   0.0250283   22       1680     
 7677.08 257     34200    -200.187   -200.162   0.0250283   22       1680     
 7682.22 258     34311    -200.187   -200.162   0.0249549   25       1684     
 7682.52 258     34312    -200.187   -200.162   0.0249549   25       1684     
 7682.94 258     34350    -200.187   -200.162   0.0249549   25       1684     
 7699.73 259     34443    -200.187   -200.162   0.0248764   29       1697     
 7703.38 259     34450    -200.187   -200.162   0.0248764   30       1700     
 7707.28 259     34500    -200.187   -200.162   0.0248764   30       1703     
 7714.27 260     34573    -200.187   -200.162   0.0248359   27       1708     
 7714.67 260     34600    -200.187   -200.162   0.0248359   26       1708     
 7720.89 261     34703    -200.187   -200.162   0.024755    28       1713     
 7721.21 261     34704    -200.187   -200.162   0.024755    28       1713     
 7721.65 261     34750    -200.187   -200.162   0.024755    28       1713     
 7738.75 262     34833    -200.187   -200.162   0.024726    25       1726     
 7739.13 262     34850    -200.187   -200.162   0.024726    24       1726     
 7746.35 263     34963    -200.187   -200.162   0.0246742   28       1731     
 7746.68 263     34964    -200.187   -200.162   0.0246742   28       1731     
 7747.1  263     35000    -200.187   -200.162   0.0246742   27       1731     
 7752.16 264     35093    -200.187   -200.162   0.0246585   25       1735     
 7752.52 264     35100    -200.187   -200.162   0.0246585   26       1735     
 7757.73 264     35150    -200.187   -200.162   0.0246585   28       1739     
 7762.2  265     35223    -200.187   -200.162   0.0245683   29       1742     
 7762.6  265     35250    -200.187   -200.162   0.0245683   29       1742     
 7767.63 266     35353    -200.187   -200.162   0.0245431   27       1746     
 7767.96 266     35354    -200.187   -200.162   0.0245431   26       1746     
 7768.41 266     35400    -200.187   -200.162   0.0245431   25       1746     
 7782.16 267     35483    -200.187   -200.162   0.0244335   25       1756     
 7782.52 267     35500    -200.187   -200.162   0.0244335   26       1756     
 7789.42 268     35613    -200.187   -200.162   0.0244139   27       1761     
 7789.75 268     35614    -200.187   -200.162   0.0244139   27       1761     
 7790.18 268     35650    -200.187   -200.162   0.0244139   27       1761     
 7806.6  269     35743    -200.187   -200.162   0.0243684   27       1774     
 7806.96 269     35750    -200.187   -200.162   0.0243684   27       1774     
 7807.42 269     35800    -200.187   -200.162   0.0243684   27       1774     
 7815.91 270     35873    -200.186   -200.162   0.0243338   28       1780     
 7816.33 270     35900    -200.186   -200.162   0.0243338   28       1780     
 7821.83 271     36003    -200.186   -200.162   0.0242777   27       1784     
 7822.16 271     36004    -200.186   -200.162   0.0242777   27       1784     
 7822.61 271     36050    -200.186   -200.162   0.0242777   27       1784     
 7827.7  272     36133    -200.186   -200.162   0.0239806   26       1788     
 7828.07 272     36150    -200.186   -200.162   0.0239806   26       1788     
 7835.1  273     36263    -200.186   -200.162   0.0239525   23       1793     
 7835.45 273     36264    -200.186   -200.162   0.0239525   23       1793     
 7840.31 273     36300    -200.186   -200.162   0.0239525   22       1797     
 7859.36 274     36393    -200.186   -200.162   0.0238592   23       1812     
 7863.1  274     36400    -200.186   -200.162   0.0238592   23       1815     
 7867.32 274     36450    -200.186   -200.162   0.0238592   26       1818     
 7875.33 275     36523    -200.186   -200.162   0.0238291   23       1824     
 7875.75 275     36550    -200.186   -200.162   0.0238291   23       1824     
 7883.59 276     36653    -200.186   -200.162   0.0237788   22       1830     
 7883.93 276     36654    -200.186   -200.162   0.0237788   22       1830     
 7884.41 276     36700    -200.186   -200.162   0.0237788   22       1830     
 7887.38 277     36783    -200.186   -200.162   0.0237076   22       1832     
 7887.76 277     36800    -200.186   -200.162   0.0237076   22       1832     
 7897.91 278     36913    -200.186   -200.162   0.023679    23       1840     
 7898.27 278     36914    -200.186   -200.162   0.023679    23       1840     
 7898.73 278     36950    -200.186   -200.162   0.023679    23       1840     
 7912.87 279     37043    -200.186   -200.162   0.0236456   27       1851     
 7913.23 279     37050    -200.186   -200.162   0.0236456   27       1851     
 7913.71 279     37100    -200.186   -200.162   0.0236456   27       1851     
 7918.07 280     37173    -200.186   -200.162   0.0235923   26       1854     
 7918.48 280     37200    -200.186   -200.162   0.0235923   26       1854     
 7923.87 281     37303    -200.186   -200.162   0.0235148   26       1858     
 7924.21 281     37304    -200.186   -200.162   0.0235148   26       1858     
 7924.7  281     37350    -200.186   -200.162   0.0235148   26       1858     
 7936.82 282     37433    -200.186   -200.162   0.0234848   26       1867     
 7937.23 282     37450    -200.186   -200.162   0.0234848   26       1867     
 7944.26 283     37563    -200.185   -200.162   0.0232776   24       1872     
 7944.6  283     37564    -200.185   -200.162   0.0232776   24       1872     
 7945.04 283     37600    -200.185   -200.162   0.0232776   24       1872     
 7960.42 284     37693    -200.185   -200.162   0.0232199   23       1883     
 7960.79 284     37700    -200.185   -200.162   0.0232199   23       1883     
 7962.48 284     37750    -200.185   -200.162   0.0232199   23       1884     
 7972.24 285     37823    -200.185   -200.162   0.0231342   25       1891     
 7972.73 285     37850    -200.185   -200.162   0.0231342   26       1891     
 7975.78 286     37953    -200.185   -200.162   0.0231089   29       1893     
 7976.12 286     37954    -200.185   -200.162   0.0231089   30       1893     
 7976.56 286     38000    -200.185   -200.162   0.0231089   29       1893     
 7983.26 287     38083    -200.185   -200.162   0.0230936   27       1898     
 7983.63 287     38100    -200.185   -200.162   0.0230936   28       1898     
 7989.09 288     38213    -200.185   -200.162   0.0230535   26       1902     
 7989.43 288     38214    -200.185   -200.162   0.0230535   26       1902     
 7989.86 288     38250    -200.185   -200.162   0.0230535   26       1902     
 7994.24 289     38343    -200.185   -200.162   0.023008    25       1905     
 7994.59 289     38350    -200.185   -200.162   0.023008    25       1905     
 7995.05 289     38400    -200.185   -200.162   0.023008    25       1905     
 8002.72 290     38473    -200.185   -200.162   0.0229486   23       1911     
 8003.14 290     38500    -200.185   -200.162   0.0229486   23       1911     
 8014.56 291     38603    -200.185   -200.162   0.0229163   23       1920     
 8014.92 291     38604    -200.185   -200.162   0.0229163   23       1920     
 8015.47 291     38650    -200.185   -200.162   0.0229163   23       1920     
 8025.22 292     38733    -200.185   -200.162   0.0228375   24       1927     
 8025.62 292     38750    -200.185   -200.162   0.0228375   25       1927     
 8032.75 293     38863    -200.185   -200.162   0.0226242   24       1932     
 8033.09 293     38864    -200.185   -200.162   0.0226242   24       1932     
 8033.54 293     38900    -200.185   -200.162   0.0226242   24       1932     
 8047.64 294     38993    -200.185   -200.162   0.0225886   24       1942     
 8048.03 294     39000    -200.185   -200.162   0.0225886   24       1942     
 8048.53 294     39050    -200.185   -200.162   0.0225886   23       1942     
 8052.94 295     39123    -200.185   -200.162   0.0225568   25       1945     
 8053.37 295     39150    -200.185   -200.162   0.0225568   26       1945     
 8057.27 296     39253    -200.185   -200.162   0.0225015   28       1948     
 8057.62 296     39254    -200.185   -200.162   0.0225015   28       1948     
 8058.12 296     39300    -200.185   -200.162   0.0225015   27       1948     
 8072.52 297     39383    -200.185   -200.162   0.02246     27       1958     
 8085.22 297     39400    -200.185   -200.162   0.02246     26       1967     
 8088.85 298     39513    -200.185   -200.162   0.0224014   27       1969     
 8089.21 298     39514    -200.185   -200.162   0.0224014   27       1969     
 8089.68 298     39550    -200.185   -200.162   0.0224014   27       1969     
 8096.16 299     39643    -200.185   -200.162   0.0223773   27       1973     
 8096.56 299     39650    -200.185   -200.162   0.0223773   27       1973     
 8097.07 299     39700    -200.185   -200.162   0.0223773   27       1973     
 8103.13 300     39773    -200.185   -200.162   0.022334    26       1977     
 8103.58 300     39800    -200.185   -200.162   0.022334    26       1977     
 8112.87 301     39903    -200.184   -200.162   0.0222747   29       1983     
 8113.24 301     39904    -200.184   -200.162   0.0222747   29       1983     
 8113.73 301     39950    -200.184   -200.162   0.0222747   30       1983     
 8131.69 302     40033    -200.184   -200.162   0.0222176   28       1995     
 8132.11 302     40050    -200.184   -200.162   0.0222176   26       1995     
 8151.56 303     40161    -200.184   -200.162   0.0221478   26       2009     
 8151.92 303     40162    -200.184   -200.162   0.0221478   26       2009     
 8152.39 303     40200    -200.184   -200.162   0.0221478   26       2009     
 8157.29 304     40291    -200.184   -200.162   0.0221163   29       2012     
 8157.7  304     40300    -200.184   -200.162   0.0221163   29       2012     
 8165.37 304     40350    -200.184   -200.162   0.0221163   28       2018     
 8171.27 305     40419    -200.184   -200.162   0.022071    27       2022     
 8171.76 305     40450    -200.184   -200.162   0.022071    25       2022     
 8194.66 306     40547    -200.184   -200.162   0.0220014   27       2037     
 8195.05 306     40550    -200.184   -200.162   0.0220014   26       2037     
 8195.58 306     40600    -200.184   -200.162   0.0220014   25       2037     
 8201.97 307     40675    -200.184   -200.162   0.0219842   27       2041     
 8202.42 307     40700    -200.184   -200.162   0.0219842   26       2041     
 8221.47 308     40803    -200.184   -200.162   0.0219648   26       2054     
 8223.28 308     40804    -200.184   -200.162   0.0219648   26       2055     
 8235.6  308     40850    -200.184   -200.162   0.0219648   28       2063     
 8260.84 309     40931    -200.184   -200.162   0.0217323   29       2078     
 8263.9  309     40950    -200.184   -200.162   0.0217323   29       2080     
 8281.38 310     41061    -200.184   -200.162   0.0216827   24       2092     
 8281.76 310     41062    -200.184   -200.162   0.0216827   24       2092     
 8282.26 310     41100    -200.184   -200.162   0.0216827   25       2092     
 8288.89 311     41191    -200.184   -200.162   0.0216647   25       2096     
 8289.29 311     41200    -200.184   -200.162   0.0216647   23       2096     
 8289.83 311     41250    -200.184   -200.162   0.0216647   23       2096     
 8296.17 312     41321    -200.184   -200.162   0.021609    24       2100     
 8296.62 312     41350    -200.184   -200.162   0.021609    25       2100     
 8302.9  313     41451    -200.184   -200.162   0.0215972   25       2104     
 8303.28 313     41452    -200.184   -200.162   0.0215972   26       2104     
 8303.8  313     41500    -200.184   -200.162   0.0215972   26       2104     
 8322.32 314     41581    -200.184   -200.162   0.0215602   26       2116     
 8322.81 314     41600    -200.184   -200.162   0.0215602   26       2116     
 8331.42 315     41711    -200.184   -200.162   0.0215432   26       2121     
 8331.81 315     41712    -200.184   -200.162   0.0215432   26       2121     
 8332.32 315     41750    -200.184   -200.162   0.0215432   26       2121     
 8351.8  316     41841    -200.184   -200.162   0.0214961   27       2133     
 8352.23 316     41850    -200.184   -200.162   0.0214961   27       2133     
 8352.79 316     41900    -200.184   -200.162   0.0214961   27       2133     
 8357.85 317     41971    -200.184   -200.162   0.0214702   24       2136     
 8371.85 317     42000    -200.184   -200.162   0.0214702   25       2145     
 8388.72 318     42099    -200.184   -200.162   0.0213708   27       2155     
 8389.12 318     42100    -200.184   -200.162   0.0213708   28       2155     
 8401.44 318     42150    -200.184   -200.162   0.0213708   29       2163     
 8421.35 319     42229    -200.184   -200.162   0.0213167   28       2175     
 8421.85 319     42250    -200.184   -200.162   0.0213167   28       2175     
 8436.64 320     42359    -200.183   -200.162   0.0212783   27       2184     
 8437.05 320     42360    -200.183   -200.162   0.0212783   27       2184     
 8437.6  320     42400    -200.183   -200.162   0.0212783   27       2184     
 8451.22 321     42489    -200.183   -200.162   0.0212568   30       2192     
 8463.87 321     42500    -200.183   -200.162   0.0212568   30       2200     
 8471.08 321     42550    -200.183   -200.162   0.0212568   34       2204     
 8477    322     42619    -200.183   -200.162   0.0207149   29       2207     
 8477.53 322     42650    -200.183   -200.162   0.0207149   29       2207     
 8483.23 323     42753    -200.183   -200.162   0.0206932   29       2210     
 8483.64 323     42754    -200.183   -200.162   0.0206932   29       2210     
 8484.21 323     42800    -200.183   -200.162   0.0206932   29       2210     
 8496.05 324     42889    -200.183   -200.162   0.0206718   30       2217     
 8496.5  324     42900    -200.183   -200.162   0.0206718   31       2217     
 8498.64 324     42950    -200.183   -200.162   0.0206718   34       2218     
 8507.2  325     43023    -200.183   -200.162   0.0206399   27       2223     
 8507.7  325     43050    -200.183   -200.162   0.0206399   27       2223     
 8515.1  326     43157    -200.183   -200.162   0.0206074   26       2227     
 8515.51 326     43158    -200.183   -200.162   0.0206074   26       2227     
 8516.07 326     43200    -200.183   -200.162   0.0206074   27       2227     
 8529.29 327     43291    -200.183   -200.162   0.0204782   27       2235     
 8529.77 327     43300    -200.183   -200.162   0.0204782   25       2235     
 8530.33 327     43350    -200.183   -200.162   0.0204782   26       2235     
 8537.62 328     43425    -200.183   -200.162   0.0204319   26       2239     
 8538.11 328     43450    -200.183   -200.162   0.0204319   26       2239     
 8548.59 329     43563    -200.183   -200.162   0.0203926   27       2246     
 8549    329     43564    -200.183   -200.162   0.0203926   28       2246     
 8549.54 329     43600    -200.183   -200.162   0.0203926   28       2246     
 8560.18 330     43697    -200.183   -200.162   0.0203545   28       2252     
 8560.6  330     43700    -200.183   -200.162   0.0203545   28       2252     
 8561.17 330     43750    -200.183   -200.162   0.0203545   30       2252     
 8570.07 331     43831    -200.183   -200.162   0.0203231   27       2257     
 8570.55 331     43850    -200.183   -200.162   0.0203231   28       2257     
 8587.53 332     43963    -200.183   -200.162   0.0202886   26       2267     
 8587.95 332     43964    -200.183   -200.162   0.0202886   26       2267     
 8588.49 332     44000    -200.183   -200.162   0.0202886   28       2267     
 8597.18 333     44095    -200.183   -200.162   0.020271    28       2272     
 8597.63 333     44100    -200.183   -200.162   0.020271    29       2272     
 8598.22 333     44150    -200.183   -200.162   0.020271    29       2272     
 8605.7  334     44229    -200.182   -200.162   0.020209    28       2276     
 8606.19 334     44250    -200.182   -200.162   0.020209    28       2276     
 8611.2  335     44361    -200.182   -200.162   0.0201952   27       2279     
 8611.63 335     44362    -200.182   -200.162   0.0201952   27       2279     
 8612.18 335     44400    -200.182   -200.162   0.0201952   27       2279     
 8618.05 336     44493    -200.182   -200.162   0.0201648   26       2282     
 8618.51 336     44500    -200.182   -200.162   0.0201648   26       2282     
 8625.6  336     44550    -200.182   -200.162   0.0201648   29       2286     
 8639.5  337     44625    -200.182   -200.162   0.0201517   27       2294     
 8640.01 337     44650    -200.182   -200.162   0.0201517   29       2294     
 8649.23 338     44757    -200.182   -200.162   0.0201426   28       2299     
 8649.66 338     44758    -200.182   -200.162   0.0201426   28       2299     
 8650.23 338     44800    -200.182   -200.162   0.0201426   28       2299     
 8666.45 339     44889    -200.182   -200.162   0.020124    27       2308     
 8666.94 339     44900    -200.182   -200.162   0.020124    27       2308     
 8667.53 339     44950    -200.182   -200.162   0.020124    27       2308     
 8674.66 340     45021    -200.182   -200.162   0.0201039   25       2312     
 8675.17 340     45050    -200.182   -200.162   0.0201039   25       2312     
 8698.3  341     45153    -200.182   -200.162   0.0200802   27       2326     
 8698.73 341     45154    -200.182   -200.162   0.0200802   27       2326     
 8699.31 341     45200    -200.182   -200.162   0.0200802   27       2326     
 8717.16 342     45285    -200.182   -200.162   0.0200398   26       2336     
 8717.66 342     45300    -200.182   -200.162   0.0200398   25       2336     
 8724.59 342     45350    -200.182   -200.162   0.0200398   25       2340     
 8725.38 343     45417    -200.182   -200.162   0.0200179   25       2340     
 8725.94 343     45450    -200.182   -200.162   0.0200179   25       2340     
 8749.51 344     45549    -200.182   -200.162   0.0199767   27       2353     
 8749.96 344     45550    -200.182   -200.162   0.0199767   27       2353     
 8750.57 344     45600    -200.182   -200.162   0.0199767   27       2353     
 8760.19 345     45681    -200.182   -200.162   0.0199609   27       2358     
 8760.7  345     45700    -200.182   -200.162   0.0199609   27       2358     
 8775.53 346     45811    -200.182   -200.162   0.0199488   31       2366     
 8775.99 346     45812    -200.182   -200.162   0.0199488   31       2366     
 8776.57 346     45850    -200.182   -200.162   0.0199488   31       2366     
 8786.2  347     45943    -200.182   -200.162   0.0199371   28       2371     
 8786.72 347     45950    -200.182   -200.162   0.0199371   28       2371     
 8787.35 347     46000    -200.182   -200.162   0.0199371   28       2371     
 8795.15 348     46075    -200.182   -200.162   0.0198138   29       2375     
 8802.55 348     46100    -200.182   -200.162   0.0198138   30       2380     
 8813.59 349     46207    -200.182   -200.162   0.0197992   31       2386     
 8814.05 349     46208    -200.182   -200.162   0.0197992   31       2386     
 8814.66 349     46250    -200.182   -200.162   0.0197992   31       2386     
 8822.15 350     46339    -200.182   -200.162   0.0197738   28       2390     
 8822.65 350     46350    -200.182   -200.162   0.0197738   28       2390     
 8836.38 350     46400    -200.182   -200.162   0.0197738   29       2398     
 8844.41 351     46471    -200.182   -200.162   0.0197392   29       2402     
 8845    351     46500    -200.182   -200.162   0.0197392   29       2402     
 8868.54 352     46603    -200.182   -200.162   0.0197173   31       2415     
 8869.04 352     46604    -200.182   -200.162   0.0197173   30       2415     
 8869.71 352     46650    -200.182   -200.162   0.0197173   30       2415     
 8879.66 353     46735    -200.182   -200.162   0.0196486   29       2420     
 8880.16 353     46750    -200.182   -200.162   0.0196486   29       2420     
 8883.9  353     46800    -200.182   -200.162   0.0196486   30       2422     
 8884.74 354     46867    -200.182   -200.162   0.0196281   28       2422     
 8885.31 354     46900    -200.182   -200.162   0.0196281   27       2422     
 8895.19 355     46999    -200.182   -200.162   0.019597    26       2427     
 8895.65 355     47000    -200.182   -200.162   0.019597    26       2427     
 8896.31 355     47050    -200.182   -200.162   0.019597    27       2427     
 8903.79 356     47129    -200.182   -200.162   0.0195835   28       2431     
 8904.31 356     47150    -200.182   -200.162   0.0195835   28       2431     
 8912.26 357     47259    -200.182   -200.162   0.0195733   27       2435     
 8912.72 357     47260    -200.182   -200.162   0.0195733   27       2435     
 8913.32 357     47300    -200.182   -200.162   0.0195733   27       2435     
 8921.64 358     47389    -200.182   -200.162   0.0195584   28       2440     
 8922.16 358     47400    -200.182   -200.162   0.0195584   28       2440     
 8922.8  358     47450    -200.182   -200.162   0.0195584   28       2440     
 8926.91 359     47519    -200.182   -200.162   0.0195358   29       2442     
 8927.47 359     47550    -200.182   -200.162   0.0195358   29       2442     
 8933.34 360     47649    -200.182   -200.162   0.0195278   29       2445     
 8933.79 360     47650    -200.182   -200.162   0.0195278   30       2445     
 8934.45 360     47700    -200.182   -200.162   0.0195278   29       2445     
 8942.49 361     47779    -200.182   -200.162   0.0195186   28       2449     
 8945.72 361     47800    -200.182   -200.162   0.0195186   28       2451     
 8967.41 362     47909    -200.182   -200.162   0.0194934   30       2463     
 8967.88 362     47910    -200.182   -200.162   0.0194934   30       2463     
 8968.49 362     47950    -200.182   -200.162   0.0194934   30       2463     
 8974.76 363     48039    -200.182   -200.162   0.0194776   28       2466     
 8975.27 363     48050    -200.182   -200.162   0.0194776   29       2466     
 8975.93 363     48100    -200.182   -200.162   0.0194776   29       2466     
 8981.99 364     48169    -200.182   -200.162   0.0194665   27       2469     
 8983.9  364     48200    -200.182   -200.162   0.0194665   27       2470     
 9007.46 365     48299    -200.182   -200.162   0.0194528   28       2484     
 9007.93 365     48300    -200.182   -200.162   0.0194528   28       2484     
 9013.59 365     48350    -200.182   -200.162   0.0194528   29       2487     
 9031.6  366     48429    -200.182   -200.162   0.0194192   27       2497     
 9032.16 366     48450    -200.182   -200.162   0.0194192   27       2497     
 9038.33 367     48559    -200.182   -200.162   0.019402    29       2500     
 9038.81 367     48560    -200.182   -200.162   0.019402    30       2500     
 9039.46 367     48600    -200.182   -200.162   0.019402    31       2500     
 9047.8  368     48689    -200.182   -200.162   0.019351    32       2504     
 9048.34 368     48700    -200.182   -200.162   0.019351    32       2504     
 9066.89 368     48750    -200.182   -200.162   0.019351    33       2514     
 9073.09 369     48819    -200.182   -200.162   0.019328    31       2517     
 9073.68 369     48850    -200.182   -200.162   0.019328    31       2517     
 9082    370     48949    -200.182   -200.162   0.0193114   29       2521     
 9082.48 370     48950    -200.182   -200.162   0.0193114   29       2521     
 9090.15 370     49000    -200.182   -200.162   0.0193114   30       2525     
 9102.42 371     49079    -200.181   -200.162   0.0191333   28       2531     
 9102.98 371     49100    -200.181   -200.162   0.0191333   27       2531     
 9113.03 372     49209    -200.181   -200.162   0.0191212   30       2536     
 9113.57 372     49210    -200.181   -200.162   0.0191212   30       2536     
 9114.22 372     49250    -200.181   -200.162   0.0191212   30       2536     
 9120.03 373     49339    -200.181   -200.162   0.0191137   28       2539     
 9120.54 373     49350    -200.181   -200.162   0.0191137   29       2539     
 9121.19 373     49400    -200.181   -200.162   0.0191137   31       2539     
 9125.33 374     49469    -200.181   -200.162   0.0190961   26       2541     
 9125.89 374     49500    -200.181   -200.162   0.0190961   26       2541     
 9143.1  375     49599    -200.181   -200.162   0.0190863   30       2550     
 9143.57 375     49600    -200.181   -200.162   0.0190863   30       2550     
 9144.22 375     49650    -200.181   -200.162   0.0190863   29       2550     
 9148.69 376     49729    -200.181   -200.162   0.0190748   28       2552     
 9149.24 376     49750    -200.181   -200.162   0.0190748   28       2552     
 9157.2  377     49859    -200.181   -200.162   0.0190431   27       2556     
 9157.68 377     49860    -200.181   -200.162   0.0190431   28       2556     
 9158.31 377     49900    -200.181   -200.162   0.0190431   29       2556     
 9164.25 378     49989    -200.181   -200.162   0.0190322   32       2559     
 9170.03 378     50000    -200.181   -200.162   0.0190322   32       2562     
 9185.06 378     50050    -200.181   -200.162   0.0190322   36       2570     
 9191.33 379     50119    -200.181   -200.162   0.0190048   29       2573     
 9191.95 379     50150    -200.181   -200.162   0.0190048   28       2573     
 9209.42 380     50249    -200.181   -200.162   0.0189918   28       2582     
 9209.9  380     50250    -200.181   -200.162   0.0189918   28       2582     
 9210.57 380     50300    -200.181   -200.162   0.0189918   28       2582     
 9220.35 381     50379    -200.181   -200.162   0.0189632   29       2587     
 9220.92 381     50400    -200.181   -200.162   0.0189632   29       2587     
 9246.75 382     50509    -200.181   -200.162   0.0189541   27       2601     
 9247.24 382     50510    -200.181   -200.162   0.0189541   27       2601     
 9247.87 382     50550    -200.181   -200.162   0.0189541   27       2601     
 9255.43 383     50639    -200.181   -200.162   0.0189433   29       2605     
 9255.97 383     50650    -200.181   -200.162   0.0189433   30       2605     
 9256.67 383     50700    -200.181   -200.162   0.0189433   30       2605     
 9263.32 384     50769    -200.181   -200.162   0.0189068   28       2608     
 9263.92 384     50800    -200.181   -200.162   0.0189068   27       2608     
 9299.14 385     50899    -200.181   -200.162   0.0188712   28       2626     
 9299.63 385     50900    -200.181   -200.162   0.0188712   28       2626     
 9300.28 385     50950    -200.181   -200.162   0.0188712   28       2626     
 9310.06 386     51029    -200.181   -200.162   0.0188472   26       2631     
 9310.62 386     51050    -200.181   -200.162   0.0188472   26       2631     
 9326.63 387     51157    -200.181   -200.162   0.0188369   28       2639     
 9327.13 387     51158    -200.181   -200.162   0.0188369   28       2639     
 9327.8  387     51200    -200.181   -200.162   0.0188369   28       2639     
 9348.37 388     51287    -200.181   -200.162   0.018804    27       2650     
 9348.92 388     51300    -200.181   -200.162   0.018804    27       2650     
 9355.41 388     51350    -200.181   -200.162   0.018804    29       2653     
 9356.35 389     51415    -200.181   -200.162   0.0187927   28       2653     
 9357    389     51450    -200.181   -200.162   0.0187927   28       2653     
 9373.14 390     51543    -200.181   -200.162   0.0187708   28       2661     
 9373.67 390     51550    -200.181   -200.162   0.0187708   28       2661     
 9381.91 390     51600    -200.181   -200.162   0.0187708   28       2665     
 9394.59 391     51671    -200.181   -200.162   0.0187661   27       2671     
 9395.2  391     51700    -200.181   -200.162   0.0187661   27       2671     
 9402.13 392     51801    -200.181   -200.162   0.0187521   28       2674     
 9402.65 392     51802    -200.181   -200.162   0.0187521   28       2674     
 9403.32 392     51850    -200.181   -200.162   0.0187521   28       2674     
 9408.13 393     51929    -200.181   -200.162   0.0187435   29       2676     
 9408.72 393     51950    -200.181   -200.162   0.0187435   29       2676     
 9413.4  394     52057    -200.181   -200.162   0.0187241   29       2678     
 9413.91 394     52058    -200.181   -200.162   0.0187241   29       2678     
 9414.57 394     52100    -200.181   -200.162   0.0187241   29       2678     
 9420.97 395     52187    -200.181   -200.162   0.0187108   29       2681     
 9432.19 395     52200    -200.181   -200.162   0.0187108   28       2687     
 9447.56 395     52250    -200.181   -200.162   0.0187108   30       2695     
 9448.53 396     52315    -200.181   -200.162   0.0185528   30       2695     
 9449.18 396     52350    -200.181   -200.162   0.0185528   30       2695     
 9465.7  397     52445    -200.181   -200.162   0.0185406   27       2703     
 9466.24 397     52450    -200.181   -200.162   0.0185406   26       2703     
 9472.76 397     52500    -200.181   -200.162   0.0185406   28       2706     
 9491.29 398     52575    -200.181   -200.162   0.0185177   30       2715     
 9491.89 398     52600    -200.181   -200.162   0.0185177   29       2715     
 9498.84 399     52705    -200.181   -200.162   0.0184921   27       2718     
 9499.36 399     52706    -200.181   -200.162   0.0184921   27       2718     
 9500.03 399     52750    -200.181   -200.162   0.0184921   28       2718     
 9519.49 400     52835    -200.181   -200.162   0.0184809   28       2728     
 9520.09 400     52850    -200.181   -200.162   0.0184809   29       2728     
 9536.56 401     52900    -200.181   -200.162   0.0184809   31       2736     
 9537.5  401     52965    -200.181   -200.162   0.0184531   29       2736     
 9538.16 401     53000    -200.181   -200.162   0.0184531   28       2736     
 9546.7  402     53095    -200.181   -200.162   0.0184407   27       2740     
 9547.24 402     53100    -200.181   -200.162   0.0184407   27       2740     
 9547.98 402     53150    -200.181   -200.162   0.0184407   28       2740     
 9550.78 403     53223    -200.181   -200.162   0.0184348   28       2741     
 9551.39 403     53250    -200.181   -200.162   0.0184348   28       2741     
 9570.24 404     53353    -200.181   -200.162   0.0184065   26       2751     
 9570.76 404     53354    -200.181   -200.162   0.0184065   26       2751     
 9571.46 404     53400    -200.181   -200.162   0.0184065   26       2751     
 9588.39 405     53481    -200.181   -200.162   0.0183942   27       2759     
 9588.99 405     53500    -200.181   -200.162   0.0183942   28       2759     
 9608.37 406     53609    -200.181   -200.162   0.0183802   27       2768     
 9608.9  406     53610    -200.181   -200.162   0.0183802   27       2768     
 9609.6  406     53650    -200.181   -200.162   0.0183802   28       2768     
 9616.2  407     53739    -200.181   -200.162   0.0183669   30       2771     
 9616.79 407     53750    -200.181   -200.162   0.0183669   30       2771     
 9627.54 407     53800    -200.181   -200.162   0.0183669   34       2776     
 9632.44 408     53867    -200.181   -200.162   0.0183378   27       2778     
 9633.09 408     53900    -200.181   -200.162   0.0183378   27       2778     
 9653.74 409     53995    -200.181   -200.162   0.0183278   27       2788     
 9654.3  409     54000    -200.181   -200.162   0.0183278   26       2788     
 9655.03 409     54050    -200.181   -200.162   0.0183278   26       2788     
 9668.01 410     54123    -200.181   -200.162   0.0183008   25       2794     
 9668.64 410     54150    -200.181   -200.162   0.0183008   25       2794     
 9688.17 411     54251    -200.181   -200.162   0.018293    27       2803     
 9688.71 411     54252    -200.181   -200.162   0.018293    27       2803     
 9696.44 411     54300    -200.181   -200.162   0.018293    30       2807     
 9713.83 412     54379    -200.181   -200.162   0.0182889   35       2815     
 9714.46 412     54400    -200.181   -200.162   0.0182889   35       2815     
 9731.2  413     54507    -200.181   -200.162   0.018287    33       2823     
 9731.76 413     54508    -200.181   -200.162   0.018287    33       2823     
 9732.48 413     54550    -200.181   -200.162   0.018287    33       2823     
 9741.56 414     54635    -200.181   -200.162   0.0182832   32       2827     
 9742.23 414     54650    -200.181   -200.162   0.0182832   31       2827     
 9778.1  415     54763    -200.181   -200.162   0.0182695   31       2844     
 9778.65 415     54764    -200.181   -200.162   0.0182695   30       2844     
 9779.37 415     54800    -200.181   -200.162   0.0182695   30       2844     
 9789    416     54891    -200.181   -200.162   0.0182616   30       2848     
 9789.6  416     54900    -200.181   -200.162   0.0182616   31       2848     
 9792.29 416     54950    -200.181   -200.162   0.0182616   32       2849     
 9801.77 417     55019    -200.181   -200.162   0.0182237   29       2853     
 9802.6  417     55050    -200.181   -200.162   0.0182237   31       2853     
 9831.57 418     55147    -200.181   -200.162   0.0181954   32       2866     
 9832.14 418     55150    -200.181   -200.162   0.0181954   31       2866     
 9835    418     55200    -200.181   -200.162   0.0181954   32       2867     
 9851.46 419     55275    -200.181   -200.162   0.0181848   25       2875     
 9852.14 419     55300    -200.181   -200.162   0.0181848   25       2875     
 9859.35 420     55403    -200.181   -200.162   0.0181616   25       2878     
 9859.91 420     55404    -200.181   -200.162   0.0181616   25       2878     
 9860.66 420     55450    -200.181   -200.162   0.0181616   26       2878     
 9870.35 421     55531    -200.18    -200.162   0.0181439   29       2882     
 9871.01 421     55550    -200.18    -200.162   0.0181439   28       2882     
 9880.91 422     55659    -200.18    -200.162   0.0181249   26       2886     
 9881.47 422     55660    -200.18    -200.162   0.0181249   25       2886     
 9882.19 422     55700    -200.18    -200.162   0.0181249   25       2886     
 9891.56 423     55787    -200.18    -200.162   0.0181059   26       2890     
 9892.18 423     55800    -200.18    -200.162   0.0181059   26       2890     
 9901.05 423     55850    -200.18    -200.162   0.0181059   30       2894     
 9902.07 424     55915    -200.18    -200.162   0.0180937   27       2894     
 9902.86 424     55950    -200.18    -200.162   0.0180937   28       2894     
 9912.21 425     56043    -200.18    -200.162   0.0180238   29       2898     
 9912.79 425     56050    -200.18    -200.162   0.0180238   29       2898     
 9913.65 425     56100    -200.18    -200.162   0.0180238   29       2898     
 9924.98 426     56171    -200.18    -200.162   0.018       28       2903     
 9937.26 426     56200    -200.18    -200.162   0.018       30       2909     
 9950.97 427     56299    -200.18    -200.162   0.0179858   30       2915     
 9951.53 427     56300    -200.18    -200.162   0.0179858   30       2915     
 9958.56 427     56350    -200.18    -200.162   0.0179858   30       2918     
 9971.72 428     56427    -200.18    -200.162   0.0179513   29       2924     
 9984.3  428     56450    -200.18    -200.162   0.0179513   31       2930     
 10014.6 429     56555    -200.18    -200.162   0.0177348   32       2943     
-------------------------------------------------------------------------------

SARSOP finishing ...
  Preset timeout reached
  Timeout     : 10000.000000s
  Actual Time : 10014.620000s

-------------------------------------------------------------------------------
 Time   |#Trial |#Backup |LBound    |UBound    |Precision  |#Alphas |#Beliefs  
-------------------------------------------------------------------------------
 10014.6 429     56555    -200.18    -200.162   0.0177348   32       2943     
-------------------------------------------------------------------------------

Writing out policy ...
  output file : RAM4_small/3a43102cc1.policyx

