
Loading the model ...
  input file   : /home/rstudio/RAM4_small/3a4ea096db.pomdpx
  loading time : 4.94s 

SARSOP initializing ...
  initialization time : 10679.77s

-------------------------------------------------------------------------------
 Time   |#Trial |#Backup |LBound    |UBound    |Precision  |#Alphas |#Beliefs  
-------------------------------------------------------------------------------
 10679.8 0       0        -1863.58   -267.146   1596.44     101      1        
-------------------------------------------------------------------------------

SARSOP finishing ...
  Preset timeout reached
  Timeout     : 10000.000000s
  Actual Time : 10679.840000s

-------------------------------------------------------------------------------
 Time   |#Trial |#Backup |LBound    |UBound    |Precision  |#Alphas |#Beliefs  
-------------------------------------------------------------------------------
 10679.8 0       1        -1862.76   -1850.51   12.2496     15       2        
-------------------------------------------------------------------------------

Writing out policy ...
  output file : RAM4_small/3a4ea096db.policyx

