
Loading the model ...
  input file   : /home/rstudio/RAM4_small/3a59b75aa5.pomdpx
  loading time : 4.69s 

SARSOP initializing ...
  initialization time : 5559.13s

-------------------------------------------------------------------------------
 Time   |#Trial |#Backup |LBound    |UBound    |Precision  |#Alphas |#Beliefs  
-------------------------------------------------------------------------------
 5559.13 0       0        -181.68    -165.134   16.546      101      1        
 5560.27 1       63       -170.685   -165.599   5.08535     16       31       
 5560.58 1       100      -170.685   -165.599   5.08535     39       40       
 5560.84 2       150      -169.399   -165.599   3.79925     24       43       
 5561.58 3       235      -168.569   -165.599   2.97002     41       58       
 5561.61 3       250      -168.569   -165.599   2.97002     33       58       
 5562.83 4       327      -167.952   -165.599   2.35301     31       77       
 5562.88 4       350      -167.952   -165.599   2.35301     30       77       
 5563.24 5       421      -167.496   -165.599   1.89643     39       83       
 5563.29 5       450      -167.496   -165.599   1.89643     35       83       
 5563.65 6       519      -167.144   -165.599   1.54473     48       89       
 5563.84 6       550      -167.144   -165.599   1.54473     34       93       
 5564.32 7       621      -166.9     -165.599   1.30104     60       98       
 5564.37 7       650      -166.9     -165.599   1.30104     41       98       
 5564.66 8       731      -166.733   -165.599   1.13373     60       101      
 5564.7  8       750      -166.733   -165.599   1.13373     29       101      
 5564.97 9       847      -166.617   -165.599   1.01744     47       104      
 5564.99 9       850      -166.617   -165.599   1.01744     50       104      
 5565.07 9       900      -166.617   -165.599   1.01744     51       104      
 5565.37 10      967      -166.523   -165.599   0.923465    27       107      
 5565.43 10      1000     -166.523   -165.599   0.923465    17       107      
 5565.78 11      1089     -166.447   -165.599   0.847921    21       111      
 5565.81 11      1100     -166.447   -165.599   0.847921    16       111      
 5566.62 12      1150     -166.447   -165.599   0.847921    16       122      
 5566.78 12      1211     -166.372   -165.599   0.772683    21       122      
 5566.84 12      1250     -166.372   -165.599   0.772683    17       122      
 5567.24 13      1335     -166.308   -165.599   0.708754    23       126      
 5567.27 13      1350     -166.308   -165.599   0.708754    17       126      
 5567.7  14      1461     -166.252   -165.599   0.653022    19       130      
 5567.72 14      1462     -166.252   -165.599   0.653022    19       130      
 5567.79 14      1500     -166.252   -165.599   0.653022    15       130      
 5568.21 15      1587     -166.2     -165.599   0.600331    15       134      
 5568.24 15      1600     -166.2     -165.599   0.600331    13       134      
 5568.8  16      1650     -166.2     -165.599   0.600331    10       141      
 5568.95 16      1713     -166.154   -165.599   0.554662    11       141      
 5569.03 16      1750     -166.154   -165.599   0.554662    9        141      
 5569.38 17      1839     -166.116   -165.599   0.516615    12       144      
 5569.41 17      1850     -166.116   -165.599   0.516615    7        144      
 5569.76 17      1900     -166.116   -165.599   0.516615    9        150      
 5570.02 18      1965     -166.08    -165.599   0.480791    9        151      
 5570.09 18      2000     -166.08    -165.599   0.480791    6        151      
 5570.47 19      2093     -166.046   -165.599   0.446373    11       154      
 5570.5  19      2100     -166.046   -165.599   0.446373    7        154      
 5570.67 19      2150     -166.046   -165.599   0.446373    7        156      
 5571.27 20      2221     -166.022   -165.599   0.42243     9        161      
 5571.33 20      2250     -166.022   -165.599   0.42243     7        161      
 5571.97 21      2351     -165.998   -165.599   0.398786    8        166      
 5572    21      2352     -165.998   -165.599   0.398786    9        166      
 5572.28 21      2400     -165.998   -165.599   0.398786    8        170      
 5572.88 22      2481     -165.977   -165.599   0.377188    11       174      
 5573.53 22      2500     -165.977   -165.599   0.377188    9        182      
 5574.41 23      2611     -165.958   -165.599   0.358131    7        186      
 5574.44 23      2612     -165.958   -165.599   0.358131    8        186      
 5574.52 23      2650     -165.958   -165.599   0.358131    8        186      
 5574.79 24      2743     -165.944   -165.599   0.34471     10       186      
 5574.82 24      2750     -165.944   -165.599   0.34471     8        186      
 5574.92 24      2800     -165.944   -165.599   0.34471     8        186      
 5575.64 25      2877     -165.93    -165.599   0.330834    10       192      
 5575.7  25      2900     -165.93    -165.599   0.330834    9        192      
 5576.5  26      3009     -165.917   -165.599   0.317423    10       197      
 5576.53 26      3010     -165.917   -165.599   0.317423    9        197      
 5576.61 26      3050     -165.917   -165.599   0.317423    9        197      
 5576.97 27      3143     -165.904   -165.599   0.304845    10       199      
 5577    27      3150     -165.904   -165.599   0.304845    7        199      
 5577.21 27      3200     -165.904   -165.599   0.304845    8        201      
 5577.79 28      3277     -165.891   -165.599   0.29136     9        205      
 5577.86 28      3300     -165.891   -165.599   0.29136     9        205      
 5578.5  29      3411     -165.879   -165.599   0.279244    9        209      
 5578.53 29      3412     -165.879   -165.599   0.279244    10       209      
 5578.91 29      3450     -165.879   -165.599   0.279244    11       214      
 5579.37 30      3545     -165.87    -165.599   0.271022    9        216      
 5579.41 30      3550     -165.87    -165.599   0.271022    9        216      
 5579.5  30      3600     -165.87    -165.599   0.271022    10       216      
 5579.99 31      3681     -165.861   -165.599   0.261967    7        220      
 5580.05 31      3700     -165.861   -165.599   0.261967    8        220      
 5580.38 32      3750     -165.861   -165.599   0.261967    9        223      
 5580.59 32      3819     -165.85    -165.599   0.250198    10       223      
 5580.67 32      3850     -165.85    -165.599   0.250198    7        223      
 5581.71 33      3955     -165.84    -165.599   0.240904    9        231      
 5581.74 33      3956     -165.84    -165.599   0.240904    9        231      
 5581.84 33      4000     -165.84    -165.599   0.240904    8        231      
 5582.16 34      4091     -165.832   -165.599   0.232086    12       232      
 5582.21 34      4100     -165.832   -165.599   0.232086    9        232      
 5582.31 34      4150     -165.832   -165.599   0.232086    10       232      
 5582.87 35      4227     -165.823   -165.599   0.223678    8        236      
 5582.95 35      4250     -165.823   -165.599   0.223678    8        236      
 5583.47 36      4363     -165.816   -165.599   0.216409    9        239      
 5583.51 36      4364     -165.816   -165.599   0.216409    9        239      
 5583.6  36      4400     -165.816   -165.599   0.216409    11       239      
 5584.21 37      4499     -165.809   -165.599   0.209104    11       243      
 5584.25 37      4500     -165.809   -165.599   0.209104    11       243      
 5584.35 37      4550     -165.809   -165.599   0.209104    9        243      
 5584.94 38      4635     -165.802   -165.599   0.20231     9        247      
 5585.53 38      4650     -165.802   -165.599   0.20231     9        253      
 5585.89 38      4700     -165.802   -165.599   0.20231     10       255      
 5586.39 39      4771     -165.795   -165.599   0.195687    9        257      
 5586.48 39      4800     -165.795   -165.599   0.195687    10       257      
 5587.07 40      4907     -165.789   -165.599   0.189343    8        260      
 5587.11 40      4908     -165.789   -165.599   0.189343    9        260      
 5587.2  40      4950     -165.789   -165.599   0.189343    10       260      
 5587.55 41      5045     -165.783   -165.599   0.183777    9        262      
 5587.74 41      5050     -165.783   -165.599   0.183777    9        264      
 5588.69 41      5100     -165.783   -165.599   0.183777    9        272      
 5589.56 42      5181     -165.778   -165.599   0.178735    9        276      
 5590.2  42      5200     -165.778   -165.599   0.178735    10       281      
 5591.57 43      5317     -165.773   -165.599   0.173092    11       288      
 5591.73 43      5318     -165.773   -165.599   0.173092    11       289      
 5592.92 43      5350     -165.773   -165.599   0.173092    10       297      
 5593.85 44      5453     -165.769   -165.599   0.16928     11       301      
 5594.01 44      5454     -165.769   -165.599   0.16928     11       302      
 5595.56 44      5500     -165.769   -165.599   0.16928     13       312      
 5596.43 45      5589     -165.764   -165.6     0.164404    10       315      
 5597.7  45      5600     -165.764   -165.6     0.164404    11       323      
 5604.34 45      5650     -165.764   -165.6     0.164404    11       350      
 5606.55 46      5723     -165.759   -165.6     0.159368    13       355      
 5607.96 46      5750     -165.759   -165.6     0.159368    13       363      
 5611.49 47      5859     -165.754   -165.6     0.154901    9        376      
 5611.55 47      5860     -165.754   -165.6     0.154901    10       376      
 5615.38 47      5900     -165.754   -165.6     0.154901    11       396      
 5622.75 48      5993     -165.75    -165.6     0.150377    12       418      
 5623.59 48      6000     -165.75    -165.6     0.150377    11       422      
 5629.03 48      6050     -165.75    -165.6     0.150377    11       443      
 5631.34 49      6127     -165.746   -165.6     0.146296    10       450      
 5631.66 49      6150     -165.746   -165.6     0.146296    13       452      
 5632.87 50      6263     -165.742   -165.6     0.142403    10       457      
 5632.96 50      6264     -165.742   -165.6     0.142403    11       457      
 5634.98 50      6300     -165.742   -165.6     0.142403    12       467      
 5636.41 51      6399     -165.738   -165.6     0.138443    11       472      
 5636.49 51      6400     -165.738   -165.6     0.138443    11       472      
 5636.64 51      6450     -165.738   -165.6     0.138443    10       472      
 5638.12 52      6535     -165.735   -165.6     0.135531    9        478      
 5638.22 52      6550     -165.735   -165.6     0.135531    10       478      
 5638.89 52      6600     -165.735   -165.6     0.135531    9        481      
 5639.52 53      6671     -165.732   -165.6     0.132253    9        483      
 5639.63 53      6700     -165.732   -165.6     0.132253    9        483      
 5640.61 54      6805     -165.729   -165.6     0.12989     9        487      
 5640.69 54      6806     -165.729   -165.6     0.12989     9        487      
 5642.12 54      6850     -165.729   -165.6     0.12989     10       494      
 5643.85 55      6941     -165.726   -165.6     0.126289    9        500      
 5643.95 55      6950     -165.726   -165.6     0.126289    12       500      
 5645.05 55      7000     -165.726   -165.6     0.126289    13       505      
 5647.3  56      7077     -165.723   -165.6     0.123347    11       513      
 5647.42 56      7100     -165.723   -165.6     0.123347    10       513      
 5648.8  57      7215     -165.72    -165.6     0.120631    12       518      
 5648.88 57      7216     -165.72    -165.6     0.120631    12       518      
 5649.01 57      7250     -165.72    -165.6     0.120631    10       518      
 5650.1  58      7351     -165.718   -165.6     0.118863    10       522      
 5650.18 58      7352     -165.718   -165.6     0.118863    11       522      
 5650.33 58      7400     -165.718   -165.6     0.118863    11       522      
 5651.22 59      7487     -165.716   -165.6     0.11631     11       525      
 5651.33 59      7500     -165.716   -165.6     0.11631     10       525      
 5652.04 59      7550     -165.716   -165.6     0.11631     11       528      
 5653.23 60      7623     -165.714   -165.6     0.114456    8        532      
 5654.39 60      7650     -165.714   -165.6     0.114456    10       537      
 5655.73 61      7757     -165.712   -165.6     0.112229    10       541      
 5655.82 61      7758     -165.712   -165.6     0.112229    11       541      
 5657.23 61      7800     -165.712   -165.6     0.112229    11       548      
 5659.5  62      7893     -165.71    -165.6     0.110012    15       556      
 5659.62 62      7900     -165.71    -165.6     0.110012    14       556      
 5659.81 62      7950     -165.71    -165.6     0.110012    13       556      
 5661.23 63      8029     -165.708   -165.6     0.108335    11       561      
 5661.35 63      8050     -165.708   -165.6     0.108335    11       561      
 5662.31 64      8165     -165.705   -165.6     0.105831    10       564      
 5662.4  64      8166     -165.705   -165.6     0.105831    10       564      
 5662.57 64      8200     -165.705   -165.6     0.105831    10       564      
 5664.57 65      8301     -165.704   -165.6     0.104506    12       571      
 5664.67 65      8302     -165.704   -165.6     0.104506    13       571      
 5664.86 65      8350     -165.704   -165.6     0.104506    12       571      
 5669.57 66      8437     -165.702   -165.6     0.102879    12       588      
 5669.69 66      8450     -165.702   -165.6     0.102879    15       588      
 5669.98 66      8500     -165.702   -165.6     0.102879    15       589      
 5671.18 67      8573     -165.701   -165.6     0.101042    9        593      
 5672.39 67      8600     -165.701   -165.6     0.101042    10       598      
 5674.27 68      8709     -165.699   -165.6     0.0992368   11       604      
 5674.37 68      8710     -165.699   -165.6     0.0992368   11       604      
 5674.53 68      8750     -165.699   -165.6     0.0992368   11       604      
 5675.82 69      8843     -165.698   -165.6     0.0982147   11       608      
 5675.93 69      8850     -165.698   -165.6     0.0982147   11       608      
 5676.1  69      8900     -165.698   -165.6     0.0982147   11       608      
 5677.43 70      8979     -165.697   -165.6     0.0971047   16       613      
 5677.58 70      9000     -165.697   -165.6     0.0971047   17       613      
 5678.86 71      9113     -165.696   -165.6     0.0960224   15       617      
 5679.18 71      9114     -165.696   -165.6     0.0960224   15       618      
 5681.44 71      9150     -165.696   -165.6     0.0960224   18       626      
 5682.98 72      9249     -165.694   -165.6     0.0942622   14       630      
 5683.09 72      9250     -165.694   -165.6     0.0942622   15       630      
 5683.29 72      9300     -165.694   -165.6     0.0942622   17       630      
 5687.1  73      9385     -165.692   -165.6     0.0928547   13       642      
 5687.23 73      9400     -165.692   -165.6     0.0928547   14       642      
 5689.17 73      9450     -165.692   -165.6     0.0928547   15       648      
 5689.76 74      9519     -165.691   -165.6     0.0916364   14       649      
 5690.07 74      9550     -165.691   -165.6     0.0916364   14       650      
 5691.26 75      9655     -165.689   -165.6     0.0896651   15       653      
 5691.36 75      9656     -165.689   -165.6     0.0896651   16       653      
 5698.88 75      9700     -165.689   -165.6     0.0896651   17       677      
 5703.51 76      9789     -165.688   -165.6     0.0882473   14       688      
 5703.65 76      9800     -165.688   -165.6     0.0882473   14       688      
 5703.85 76      9850     -165.688   -165.6     0.0882473   15       688      
 5705.71 77      9925     -165.687   -165.6     0.0869997   15       693      
 5709.2  77      9950     -165.687   -165.6     0.0869997   17       703      
 5712.86 78      10061    -165.685   -165.6     0.08543     13       711      
 5712.99 78      10062    -165.685   -165.6     0.08543     13       711      
 5716.27 78      10100    -165.685   -165.6     0.08543     14       721      
 5719.01 79      10195    -165.684   -165.6     0.0841024   15       727      
 5719.14 79      10200    -165.684   -165.6     0.0841024   16       727      
 5719.35 79      10250    -165.684   -165.6     0.0841024   15       727      
 5721.78 80      10331    -165.683   -165.6     0.0828978   16       733      
 5721.95 80      10350    -165.683   -165.6     0.0828978   17       733      
 5725.49 81      10467    -165.682   -165.6     0.0817991   16       742      
 5725.61 81      10468    -165.682   -165.6     0.0817991   14       742      
 5725.81 81      10500    -165.682   -165.6     0.0817991   14       742      
 5731.4  82      10601    -165.68    -165.6     0.0804935   16       758      
 5731.54 82      10602    -165.68    -165.6     0.0804935   16       758      
 5733.2  82      10650    -165.68    -165.6     0.0804935   16       763      
 5735.87 83      10735    -165.679   -165.6     0.0795907   15       769      
 5736.52 83      10750    -165.679   -165.6     0.0795907   14       771      
 5741.46 83      10800    -165.679   -165.6     0.0795907   14       784      
 5742.27 84      10869    -165.678   -165.6     0.0784216   14       785      
 5742.47 84      10900    -165.678   -165.6     0.0784216   13       785      
 5751.2  85      11003    -165.677   -165.6     0.0773126   14       806      
 5751.34 85      11004    -165.677   -165.6     0.0773126   14       806      
 5753.34 85      11050    -165.677   -165.6     0.0773126   13       811      
 5754.83 86      11137    -165.676   -165.6     0.0761334   12       814      
 5756.98 86      11150    -165.676   -165.6     0.0761334   14       820      
 5761.91 86      11200    -165.676   -165.6     0.0761334   15       831      
 5763.67 87      11271    -165.675   -165.6     0.0752767   12       834      
 5765.67 87      11300    -165.675   -165.6     0.0752767   12       839      
 5768.69 88      11405    -165.674   -165.6     0.0740218   12       845      
 5769.17 88      11406    -165.674   -165.6     0.0740218   13       846      
 5774.24 88      11450    -165.674   -165.6     0.0740218   15       859      
 5781.59 89      11539    -165.672   -165.6     0.0724049   17       873      
 5781.77 89      11550    -165.672   -165.6     0.0724049   17       873      
 5783.4  89      11600    -165.672   -165.6     0.0724049   19       877      
 5786.77 90      11675    -165.671   -165.6     0.0712193   16       883      
 5793.29 90      11700    -165.671   -165.6     0.0712193   15       899      
 5804.52 91      11811    -165.67    -165.6     0.070376    18       918      
 5804.68 91      11812    -165.67    -165.6     0.070376    15       918      
 5804.95 91      11850    -165.67    -165.6     0.070376    16       918      
 5806.7  92      11945    -165.669   -165.6     0.0691476   14       921      
 5806.87 92      11950    -165.669   -165.6     0.0691476   15       921      
 5807.38 92      12000    -165.669   -165.6     0.0691476   14       922      
 5812.06 93      12081    -165.668   -165.6     0.0686709   18       931      
 5812.26 93      12100    -165.668   -165.6     0.0686709   17       931      
 5830.49 94      12217    -165.668   -165.6     0.0678646   15       964      
 5830.66 94      12218    -165.668   -165.6     0.0678646   16       964      
 5830.89 94      12250    -165.668   -165.6     0.0678646   16       964      
 5835.49 95      12351    -165.667   -165.6     0.0670623   13       973      
 5835.66 95      12352    -165.667   -165.6     0.0670623   13       973      
 5835.93 95      12400    -165.667   -165.6     0.0670623   14       973      
 5839.19 96      12485    -165.666   -165.6     0.0665063   16       979      
 5842.75 96      12500    -165.666   -165.6     0.0665063   15       986      
 5845.57 96      12550    -165.666   -165.6     0.0665063   15       991      
 5846.52 97      12619    -165.665   -165.6     0.0655474   15       992      
 5846.76 97      12650    -165.665   -165.6     0.0655474   15       992      
 5850.84 98      12755    -165.665   -165.6     0.0646736   16       999      
 5851.51 98      12756    -165.665   -165.6     0.0646736   15       1000     
 5859.4  98      12800    -165.665   -165.6     0.0646736   16       1015     
 5869.1  99      12889    -165.664   -165.6     0.0636468   16       1029     
 5870.69 99      12900    -165.664   -165.6     0.0636468   16       1032     
 5878.95 99      12950    -165.664   -165.6     0.0636468   19       1047     
 5883.5  100     13025    -165.663   -165.6     0.0631491   17       1053     
 5883.78 100     13050    -165.663   -165.6     0.0631491   20       1053     
 5898.15 101     13161    -165.663   -165.6     0.062956    18       1076     
 5898.35 101     13162    -165.663   -165.6     0.062956    18       1076     
 5898.64 101     13200    -165.663   -165.6     0.062956    17       1076     
 5902.08 102     13299    -165.662   -165.6     0.0622309   16       1081     
 5902.28 102     13300    -165.662   -165.6     0.0622309   16       1081     
 5902.59 102     13350    -165.662   -165.6     0.0622309   16       1081     
 5907.73 103     13435    -165.662   -165.6     0.0616198   17       1089     
 5909.52 103     13450    -165.662   -165.6     0.0616198   18       1092     
 5916.42 103     13500    -165.662   -165.6     0.0616198   19       1105     
 5917.52 104     13569    -165.661   -165.6     0.0613126   17       1106     
 5917.78 104     13600    -165.661   -165.6     0.0613126   19       1106     
 5922.03 105     13705    -165.661   -165.6     0.0609734   15       1113     
 5922.23 105     13706    -165.661   -165.6     0.0609734   15       1113     
 5922.52 105     13750    -165.661   -165.6     0.0609734   16       1113     
 5925.47 106     13839    -165.66    -165.6     0.0604625   16       1118     
 5925.69 106     13850    -165.66    -165.6     0.0604625   16       1118     
 5935.82 106     13900    -165.66    -165.6     0.0604625   17       1137     
 5940.16 107     13973    -165.66    -165.6     0.0596617   15       1143     
 5945.29 107     14000    -165.66    -165.6     0.0596617   16       1152     
 5959.02 108     14107    -165.659   -165.6     0.0585682   18       1171     
 5959.22 108     14108    -165.659   -165.6     0.0585682   18       1171     
 5959.51 108     14150    -165.659   -165.6     0.0585682   18       1171     
 5965.75 109     14243    -165.658   -165.6     0.0579458   17       1180     
 5965.97 109     14250    -165.658   -165.6     0.0579458   18       1180     
 5966.29 109     14300    -165.658   -165.6     0.0579458   18       1180     
 5972.5  110     14379    -165.658   -165.6     0.0575689   17       1190     
 5972.77 110     14400    -165.658   -165.6     0.0575689   19       1190     
 5975.49 111     14513    -165.657   -165.6     0.0569078   21       1194     
 5975.72 111     14514    -165.657   -165.6     0.0569078   21       1194     
 5976.02 111     14550    -165.657   -165.6     0.0569078   21       1194     
 5979.49 112     14649    -165.656   -165.6     0.0564106   18       1199     
 5979.71 112     14650    -165.656   -165.6     0.0564106   19       1199     
 5981.14 112     14700    -165.656   -165.6     0.0564106   20       1201     
 5990.7  113     14783    -165.656   -165.6     0.0560737   20       1216     
 5990.96 113     14800    -165.656   -165.6     0.0560737   20       1216     
 5996.97 114     14850    -165.656   -165.6     0.0560737   20       1226     
 5997.47 114     14917    -165.656   -165.6     0.055736    20       1226     
 5997.77 114     14950    -165.656   -165.6     0.055736    18       1226     
 6002.02 115     15051    -165.656   -165.6     0.0555029   22       1232     
 6002.25 115     15052    -165.656   -165.6     0.0555029   22       1232     
 6002.63 115     15100    -165.656   -165.6     0.0555029   22       1232     
 6006.25 116     15185    -165.655   -165.6     0.0552857   20       1237     
 6011.54 116     15200    -165.655   -165.6     0.0552857   22       1245     
 6037.24 116     15250    -165.655   -165.6     0.0552857   20       1280     
 6038.67 117     15319    -165.655   -165.6     0.054887    20       1281     
 6039.01 117     15350    -165.655   -165.6     0.054887    21       1281     
 6046.46 118     15453    -165.654   -165.6     0.0543097   24       1292     
 6046.69 118     15454    -165.654   -165.6     0.0543097   25       1292     
 6047.07 118     15500    -165.654   -165.6     0.0543097   25       1292     
 6057.15 119     15587    -165.654   -165.6     0.0539157   22       1306     
 6057.42 119     15600    -165.654   -165.6     0.0539157   22       1306     
 6061.85 119     15650    -165.654   -165.6     0.0539157   22       1313     
 6064.48 120     15721    -165.654   -165.6     0.0535607   20       1316     
 6064.8  120     15750    -165.654   -165.6     0.0535607   22       1316     
 6079.24 121     15855    -165.653   -165.6     0.0532064   21       1336     
 6079.48 121     15856    -165.653   -165.6     0.0532064   21       1336     
 6079.82 121     15900    -165.653   -165.6     0.0532064   23       1336     
 6085.59 122     15987    -165.653   -165.6     0.052686    19       1344     
 6092.02 122     16000    -165.653   -165.6     0.052686    20       1353     
 6104.41 122     16050    -165.653   -165.6     0.052686    19       1369     
 6106.88 123     16119    -165.652   -165.6     0.0523218   20       1371     
 6107.24 123     16150    -165.652   -165.6     0.0523218   21       1371     
 6113.33 124     16251    -165.652   -165.6     0.0518813   20       1379     
 6113.57 124     16252    -165.652   -165.6     0.0518813   20       1379     
 6122.16 124     16300    -165.652   -165.6     0.0518813   20       1392     
 6135.36 125     16383    -165.651   -165.6     0.0513169   17       1408     
 6141.56 125     16400    -165.651   -165.6     0.0513169   17       1417     
 6146.54 126     16515    -165.65    -165.6     0.0504021   19       1423     
 6146.8  126     16516    -165.65    -165.6     0.0504021   19       1423     
 6147.14 126     16550    -165.65    -165.6     0.0504021   19       1423     
 6150.96 127     16649    -165.65    -165.6     0.0498717   17       1428     
 6151.22 127     16650    -165.65    -165.6     0.0498717   17       1428     
 6157.34 127     16700    -165.65    -165.6     0.0498717   18       1437     
 6163.56 128     16783    -165.649   -165.6     0.0490985   19       1445     
 6163.9  128     16800    -165.649   -165.6     0.0490985   18       1445     
 6169.22 128     16850    -165.649   -165.6     0.0490985   19       1453     
 6169.82 129     16919    -165.649   -165.6     0.0487341   19       1453     
 6170.15 129     16950    -165.649   -165.6     0.0487341   21       1453     
 6177.56 130     17055    -165.649   -165.6     0.0484932   23       1463     
 6177.82 130     17056    -165.649   -165.6     0.0484932   23       1463     
 6179.87 130     17100    -165.649   -165.6     0.0484932   20       1466     
 6186.12 131     17191    -165.648   -165.6     0.0481777   21       1474     
 6186.4  131     17200    -165.648   -165.6     0.0481777   21       1474     
 6188.44 131     17250    -165.648   -165.6     0.0481777   25       1477     
 6193.7  132     17325    -165.648   -165.6     0.0479403   20       1484     
 6194.01 132     17350    -165.648   -165.6     0.0479403   20       1484     
 6204.71 133     17459    -165.648   -165.6     0.0475737   20       1498     
 6204.98 133     17460    -165.648   -165.6     0.0475737   21       1498     
 6205.34 133     17500    -165.648   -165.6     0.0475737   21       1498     
 6211.5  134     17591    -165.647   -165.6     0.0473101   20       1506     
 6211.79 134     17600    -165.647   -165.6     0.0473101   20       1506     
 6217.13 134     17650    -165.647   -165.6     0.0473101   21       1513     
 6222.02 135     17723    -165.647   -165.6     0.0471428   24       1519     
 6222.38 135     17750    -165.647   -165.6     0.0471428   23       1519     
 6230.95 136     17855    -165.647   -165.6     0.0466611   26       1530     
 6231.23 136     17856    -165.647   -165.6     0.0466611   26       1530     
 6233.05 136     17900    -165.647   -165.6     0.0466611   26       1532     
 6240.96 137     17989    -165.646   -165.6     0.0463072   22       1542     
 6241.26 137     18000    -165.646   -165.6     0.0463072   23       1542     
 6248.89 137     18050    -165.646   -165.6     0.0463072   24       1552     
 6253.53 138     18123    -165.646   -165.6     0.0460758   23       1557     
 6253.88 138     18150    -165.646   -165.6     0.0460758   23       1557     
 6260.65 139     18257    -165.646   -165.6     0.0458536   23       1566     
 6260.93 139     18258    -165.646   -165.6     0.0458536   24       1566     
 6261.3  139     18300    -165.646   -165.6     0.0458536   25       1566     
 6264.75 140     18391    -165.646   -165.6     0.0455846   22       1570     
 6271.08 140     18400    -165.646   -165.6     0.0455846   22       1579     
 6272.28 140     18450    -165.646   -165.6     0.0455846   22       1580     
 6277.6  141     18523    -165.645   -165.6     0.0449535   22       1586     
 6277.96 141     18550    -165.645   -165.6     0.0449535   22       1586     
 6285.42 142     18659    -165.645   -165.6     0.044608    22       1595     
 6285.7  142     18660    -165.645   -165.6     0.044608    22       1595     
 6286.76 142     18700    -165.645   -165.6     0.044608    22       1596     
 6307.88 143     18793    -165.645   -165.6     0.0444093   23       1621     
 6308.21 143     18800    -165.645   -165.6     0.0444093   21       1621     
 6308.62 143     18850    -165.645   -165.6     0.0444093   21       1621     
 6313.43 144     18927    -165.644   -165.6     0.0437084   23       1627     
 6320.39 144     18950    -165.644   -165.6     0.0437084   22       1636     
 6330.26 145     19063    -165.644   -165.6     0.0435334   22       1647     
 6330.56 145     19064    -165.644   -165.6     0.0435334   23       1647     
 6330.97 145     19100    -165.644   -165.6     0.0435334   23       1647     
 6343.87 146     19197    -165.643   -165.6     0.0433122   23       1663     
 6344.18 146     19200    -165.643   -165.6     0.0433122   24       1663     
 6344.62 146     19250    -165.643   -165.6     0.0433122   24       1663     
 6349.08 147     19331    -165.643   -165.6     0.0431693   19       1668     
 6349.42 147     19350    -165.643   -165.6     0.0431693   20       1668     
 6361.31 148     19465    -165.643   -165.6     0.0429648   20       1682     
 6361.6  148     19466    -165.643   -165.6     0.0429648   21       1682     
 6361.97 148     19500    -165.643   -165.6     0.0429648   21       1682     
 6366.73 149     19599    -165.643   -165.6     0.0428114   21       1687     
 6367.04 149     19600    -165.643   -165.6     0.0428114   21       1687     
 6385.85 149     19650    -165.643   -165.6     0.0428114   23       1709     
 6400.46 150     19733    -165.643   -165.6     0.0423452   21       1724     
 6400.82 150     19750    -165.643   -165.6     0.0423452   21       1724     
 6407.88 151     19800    -165.643   -165.6     0.0423452   22       1732     
 6408.46 151     19867    -165.642   -165.6     0.0422309   20       1732     
 6408.86 151     19900    -165.642   -165.6     0.0422309   20       1732     
 6415.99 152     20001    -165.642   -165.6     0.0420992   23       1740     
 6416.29 152     20002    -165.642   -165.6     0.0420992   23       1740     
 6416.71 152     20050    -165.642   -165.6     0.0420992   22       1740     
 6422.74 153     20135    -165.642   -165.6     0.0419319   21       1747     
 6423.09 153     20150    -165.642   -165.6     0.0419319   22       1747     
 6428.34 153     20200    -165.642   -165.6     0.0419319   25       1753     
 6429.83 154     20269    -165.642   -165.6     0.0416962   22       1754     
 6452.4  154     20300    -165.642   -165.6     0.0416962   24       1780     
 6475.74 155     20401    -165.642   -165.6     0.0414856   23       1803     
 6476.08 155     20402    -165.642   -165.6     0.0414856   23       1803     
 6496.6  155     20450    -165.642   -165.6     0.0414856   24       1823     
 6515.31 156     20533    -165.641   -165.6     0.0413022   21       1839     
 6518.15 156     20550    -165.641   -165.6     0.0413022   21       1842     
 6542.72 157     20665    -165.641   -165.6     0.040846    25       1867     
 6543.03 157     20666    -165.641   -165.6     0.040846    23       1867     
 6543.49 157     20700    -165.641   -165.6     0.040846    22       1867     
 6554.31 158     20797    -165.641   -165.6     0.0405191   25       1878     
 6554.67 158     20800    -165.641   -165.6     0.0405191   24       1878     
 6555.18 158     20850    -165.641   -165.6     0.0405191   27       1878     
 6564.22 159     20931    -165.641   -165.6     0.0403584   20       1887     
 6564.67 159     20950    -165.641   -165.6     0.0403584   22       1887     
 6583.61 160     21065    -165.64    -165.6     0.0401691   18       1906     
 6583.95 160     21066    -165.64    -165.6     0.0401691   18       1906     
 6584.38 160     21100    -165.64    -165.6     0.0401691   18       1906     
 6592.39 161     21199    -165.64    -165.6     0.0400114   22       1914     
 6592.73 161     21200    -165.64    -165.6     0.0400114   23       1914     
 6593.22 161     21250    -165.64    -165.6     0.0400114   23       1914     
 6606.37 162     21331    -165.64    -165.6     0.0399259   25       1928     
 6606.8  162     21350    -165.64    -165.6     0.0399259   23       1928     
 6615.81 163     21463    -165.64    -165.6     0.0398449   24       1937     
 6616.16 163     21464    -165.64    -165.6     0.0398449   25       1937     
 6616.64 163     21500    -165.64    -165.6     0.0398449   26       1937     
 6621.51 164     21595    -165.64    -165.6     0.0395788   23       1942     
 6621.87 164     21600    -165.64    -165.6     0.0395788   24       1942     
 6622.36 164     21650    -165.64    -165.6     0.0395788   23       1942     
 6628.45 165     21729    -165.64    -165.6     0.0393375   25       1948     
 6628.85 165     21750    -165.64    -165.6     0.0393375   25       1948     
 6641.89 166     21861    -165.639   -165.6     0.0392515   24       1961     
 6642.24 166     21862    -165.639   -165.6     0.0392515   24       1961     
 6642.71 166     21900    -165.639   -165.6     0.0392515   22       1961     
 6651.37 167     21993    -165.639   -165.6     0.0391849   21       1970     
 6651.74 167     22000    -165.639   -165.6     0.0391849   21       1970     
 6654.05 167     22050    -165.639   -165.6     0.0391849   23       1972     
 6662.45 168     22125    -165.639   -165.6     0.039139    22       1980     
 6662.87 168     22150    -165.639   -165.6     0.039139    23       1980     
 6666.35 169     22257    -165.639   -165.6     0.039093    22       1983     
 6666.71 169     22258    -165.639   -165.6     0.039093    22       1983     
 6667.18 169     22300    -165.639   -165.6     0.039093    22       1983     
 6678.3  170     22389    -165.639   -165.6     0.0390147   24       1994     
 6678.69 170     22400    -165.639   -165.6     0.0390147   24       1994     
 6690.84 170     22450    -165.639   -165.6     0.0390147   22       2006     
 6695.56 171     22521    -165.639   -165.6     0.03894     21       2010     
 6696    171     22550    -165.639   -165.6     0.03894     22       2010     
 6711.7  172     22653    -165.639   -165.6     0.0388035   20       2026     
 6712.98 172     22654    -165.639   -165.6     0.0388035   17       2027     
 6718.83 172     22700    -165.639   -165.6     0.0388035   19       2033     
 6726.6  173     22783    -165.638   -165.6     0.0381975   20       2040     
 6735.37 173     22800    -165.638   -165.6     0.0381975   23       2049     
 6760.77 174     22915    -165.638   -165.6     0.0381305   23       2072     
 6761.12 174     22916    -165.638   -165.6     0.0381305   23       2072     
 6761.65 174     22950    -165.638   -165.6     0.0381305   21       2072     
 6771.08 175     23049    -165.638   -165.6     0.0377581   22       2080     
 6771.45 175     23050    -165.638   -165.6     0.0377581   23       2080     
 6772.92 175     23100    -165.638   -165.6     0.0377581   23       2081     
 6789.8  176     23183    -165.638   -165.6     0.0376629   24       2096     
 6790.24 176     23200    -165.638   -165.6     0.0376629   24       2096     
 6799.17 177     23250    -165.638   -165.6     0.0376629   23       2104     
 6799.89 177     23317    -165.638   -165.6     0.0375676   23       2104     
 6800.38 177     23350    -165.638   -165.6     0.0375676   23       2104     
 6808.34 178     23449    -165.638   -165.6     0.0374388   22       2111     
 6808.73 178     23450    -165.638   -165.6     0.0374388   22       2111     
 6815.47 178     23500    -165.638   -165.6     0.0374388   21       2117     
 6831.9  179     23581    -165.637   -165.6     0.0369723   24       2131     
 6832.34 179     23600    -165.637   -165.6     0.0369723   25       2131     
 6844.9  180     23715    -165.637   -165.6     0.0368658   24       2142     
 6845.29 180     23716    -165.637   -165.6     0.0368658   25       2142     
 6845.84 180     23750    -165.637   -165.6     0.0368658   26       2142     
 6858.27 181     23849    -165.637   -165.6     0.0365403   22       2153     
 6858.65 181     23850    -165.637   -165.6     0.0365403   22       2153     
 6859.21 181     23900    -165.637   -165.6     0.0365403   22       2153     
 6869.23 182     23985    -165.637   -165.6     0.0364202   24       2162     
 6869.66 182     24000    -165.637   -165.6     0.0364202   25       2162     
 6876.27 182     24050    -165.637   -165.6     0.0364202   25       2168     
 6877.98 183     24119    -165.637   -165.6     0.0363388   21       2169     
 6878.48 183     24150    -165.637   -165.6     0.0363388   22       2169     
 6888.1  184     24253    -165.637   -165.6     0.036245    23       2178     
 6888.49 184     24254    -165.637   -165.6     0.036245    23       2178     
 6889.03 184     24300    -165.637   -165.6     0.036245    22       2178     
 6895.08 185     24387    -165.636   -165.6     0.0361472   20       2183     
 6895.51 185     24400    -165.636   -165.6     0.0361472   21       2183     
 6904.4  185     24450    -165.636   -165.6     0.0361472   24       2191     
 6908.71 186     24521    -165.636   -165.6     0.0360297   23       2194     
 6909.19 186     24550    -165.636   -165.6     0.0360297   25       2194     
 6916.49 187     24655    -165.636   -165.6     0.0359587   21       2200     
 6916.89 187     24656    -165.636   -165.6     0.0359587   21       2200     
 6923.45 187     24700    -165.636   -165.6     0.0359587   20       2206     
 6931.99 188     24789    -165.636   -165.6     0.0356533   22       2213     
 6932.39 188     24800    -165.636   -165.6     0.0356533   24       2213     
 6954.08 188     24850    -165.636   -165.6     0.0356533   27       2232     
 6960.85 189     24923    -165.636   -165.6     0.0355125   23       2237     
 6961.3  189     24950    -165.636   -165.6     0.0355125   23       2237     
 6983.73 190     25057    -165.636   -165.6     0.0354006   22       2256     
 6984.11 190     25058    -165.636   -165.6     0.0354006   22       2256     
 6984.69 190     25100    -165.636   -165.6     0.0354006   21       2256     
 6992.2  191     25191    -165.636   -165.6     0.0351339   22       2262     
 6997.62 191     25200    -165.636   -165.6     0.0351339   22       2267     
 6998.23 191     25250    -165.636   -165.6     0.0351339   24       2267     
 7006.72 192     25325    -165.635   -165.6     0.035024    21       2274     
 7016.37 192     25350    -165.635   -165.6     0.035024    25       2283     
 7029.93 193     25457    -165.635   -165.6     0.0349511   26       2294     
 7030.32 193     25458    -165.635   -165.6     0.0349511   26       2294     
 7030.87 193     25500    -165.635   -165.6     0.0349511   25       2294     
 7037.18 194     25591    -165.635   -165.6     0.0347585   26       2299     
 7037.61 194     25600    -165.635   -165.6     0.0347585   26       2299     
 7045.8  194     25650    -165.635   -165.6     0.0347585   25       2306     
 7053.27 195     25725    -165.635   -165.6     0.0346942   27       2312     
 7053.73 195     25750    -165.635   -165.6     0.0346942   27       2312     
 7060.05 196     25859    -165.635   -165.6     0.0346092   24       2317     
 7060.43 196     25860    -165.635   -165.6     0.0346092   25       2317     
 7078.41 196     25900    -165.635   -165.6     0.0346092   26       2333     
 7097.32 197     25993    -165.635   -165.6     0.034541    25       2349     
 7097.76 197     26000    -165.635   -165.6     0.034541    24       2349     
 7098.46 197     26050    -165.635   -165.6     0.034541    25       2349     
 7107.12 198     26125    -165.635   -165.6     0.0344341   25       2356     
 7107.67 198     26150    -165.635   -165.6     0.0344341   22       2356     
 7116.7  199     26257    -165.635   -165.6     0.0343933   21       2363     
 7117.1  199     26258    -165.635   -165.6     0.0343933   21       2363     
 7117.65 199     26300    -165.635   -165.6     0.0343933   22       2363     
 7125.21 200     26389    -165.635   -165.6     0.0343729   21       2369     
 7125.64 200     26400    -165.635   -165.6     0.0343729   21       2369     
 7130.68 200     26450    -165.635   -165.6     0.0343729   21       2373     
 7136.16 201     26521    -165.635   -165.6     0.0343369   23       2377     
 7136.67 201     26550    -165.635   -165.6     0.0343369   23       2377     
 7163.03 202     26653    -165.635   -165.6     0.0342769   24       2398     
 7163.44 202     26654    -165.635   -165.6     0.0342769   24       2398     
 7164.02 202     26700    -165.635   -165.6     0.0342769   25       2398     
 7172.02 203     26785    -165.635   -165.6     0.0341305   23       2404     
 7172.48 203     26800    -165.635   -165.6     0.0341305   23       2404     
 7196.28 203     26850    -165.635   -165.6     0.0341305   24       2424     
 7197.26 204     26917    -165.634   -165.6     0.0340517   25       2424     
 7197.78 204     26950    -165.634   -165.6     0.0340517   24       2424     
 7208.3  205     27049    -165.634   -165.6     0.0339957   24       2432     
 7208.72 205     27050    -165.634   -165.6     0.0339957   24       2432     
 7215.52 205     27100    -165.634   -165.6     0.0339957   25       2437     
 7224.51 206     27181    -165.634   -165.6     0.0337668   20       2444     
 7230.66 206     27200    -165.634   -165.6     0.0337668   20       2449     
 7243.95 207     27313    -165.634   -165.6     0.0336535   18       2459     
 7244.36 207     27314    -165.634   -165.6     0.0336535   18       2459     
 7244.94 207     27350    -165.634   -165.6     0.0336535   18       2459     
 7257.1  208     27445    -165.634   -165.6     0.0335467   22       2468     
 7257.53 208     27450    -165.634   -165.6     0.0335467   23       2468     
 7264.02 208     27500    -165.634   -165.6     0.0335467   22       2473     
 7277.3  209     27577    -165.634   -165.6     0.0334656   22       2483     
 7277.84 209     27600    -165.634   -165.6     0.0334656   22       2483     
 7287.25 210     27709    -165.633   -165.6     0.0330516   22       2490     
 7287.66 210     27710    -165.633   -165.6     0.0330516   22       2490     
 7290.53 210     27750    -165.633   -165.6     0.0330516   20       2492     
 7303.97 211     27841    -165.633   -165.6     0.0329572   21       2503     
 7308.86 211     27850    -165.633   -165.6     0.0329572   20       2507     
 7314.23 211     27900    -165.633   -165.6     0.0329572   23       2511     
 7322.6  212     27973    -165.633   -165.6     0.0328046   21       2517     
 7323.13 212     28000    -165.633   -165.6     0.0328046   23       2517     
 7335.87 213     28105    -165.633   -165.6     0.032751    19       2527     
 7336.29 213     28106    -165.633   -165.6     0.032751    19       2527     
 7336.87 213     28150    -165.633   -165.6     0.032751    19       2527     
 7348.59 214     28237    -165.633   -165.6     0.0326998   20       2536     
 7349.2  214     28250    -165.633   -165.6     0.0326998   22       2536     
 7357.02 214     28300    -165.633   -165.6     0.0326998   25       2542     
 7360.38 215     28369    -165.633   -165.6     0.0326135   25       2544     
 7377.53 215     28400    -165.633   -165.6     0.0326135   28       2559     
 7396.42 216     28501    -165.633   -165.6     0.0325554   24       2573     
 7396.86 216     28502    -165.633   -165.6     0.0325554   24       2573     
 7404.43 216     28550    -165.633   -165.6     0.0325554   25       2579     
 7418.37 217     28633    -165.633   -165.6     0.0324526   26       2589     
 7418.92 217     28650    -165.633   -165.6     0.0324526   26       2589     
 7429.69 218     28765    -165.633   -165.6     0.0324154   24       2597     
 7430.13 218     28766    -165.633   -165.6     0.0324154   24       2597     
 7430.74 218     28800    -165.633   -165.6     0.0324154   24       2597     
 7457.59 219     28897    -165.633   -165.6     0.0323603   24       2617     
 7460.58 219     28900    -165.633   -165.6     0.0323603   25       2619     
 7466.62 219     28950    -165.633   -165.6     0.0323603   25       2623     
 7477.89 220     29029    -165.633   -165.6     0.0323293   26       2631     
 7478.46 220     29050    -165.633   -165.6     0.0323293   24       2631     
 7491.54 221     29161    -165.633   -165.6     0.0322399   27       2640     
 7492    221     29162    -165.633   -165.6     0.0322399   27       2640     
 7492.62 221     29200    -165.633   -165.6     0.0322399   27       2640     
 7502.68 222     29293    -165.633   -165.6     0.0322229   27       2647     
 7505.65 222     29300    -165.633   -165.6     0.0322229   27       2649     
 7509.77 222     29350    -165.633   -165.6     0.0322229   31       2652     
 7521.24 223     29425    -165.633   -165.6     0.0321772   26       2660     
 7521.84 223     29450    -165.633   -165.6     0.0321772   25       2660     
 7534.9  224     29557    -165.632   -165.6     0.0320134   23       2669     
 7535.35 224     29558    -165.632   -165.6     0.0320134   22       2669     
 7542    224     29600    -165.632   -165.6     0.0320134   26       2674     
 7563.31 225     29689    -165.632   -165.6     0.0318805   23       2689     
 7563.85 225     29700    -165.632   -165.6     0.0318805   24       2689     
 7576.23 225     29750    -165.632   -165.6     0.0318805   24       2698     
 7582.55 226     29821    -165.632   -165.6     0.0318022   19       2702     
 7583.16 226     29850    -165.632   -165.6     0.0318022   21       2702     
 7592.85 227     29951    -165.632   -165.6     0.0317584   19       2709     
 7593.31 227     29952    -165.632   -165.6     0.0317584   19       2709     
 7594    227     30000    -165.632   -165.6     0.0317584   19       2709     
 7610.99 228     30081    -165.632   -165.6     0.0316227   23       2721     
 7611.51 228     30100    -165.632   -165.6     0.0316227   20       2721     
 7628.5  229     30213    -165.632   -165.6     0.031567    22       2733     
 7628.97 229     30214    -165.632   -165.6     0.031567    22       2733     
 7629.59 229     30250    -165.632   -165.6     0.031567    22       2733     
 7641.31 230     30345    -165.632   -165.6     0.031445    22       2741     
 7641.8  230     30350    -165.632   -165.6     0.031445    21       2741     
 7642.44 230     30400    -165.632   -165.6     0.031445    21       2741     
 7649.86 231     30477    -165.632   -165.6     0.0314069   21       2746     
 7650.4  231     30500    -165.632   -165.6     0.0314069   21       2746     
 7661.27 232     30609    -165.632   -165.6     0.0313447   25       2754     
 7661.73 232     30610    -165.632   -165.6     0.0313447   26       2754     
 7662.35 232     30650    -165.632   -165.6     0.0313447   27       2754     
 7672.46 233     30741    -165.632   -165.6     0.0312938   21       2761     
 7672.95 233     30750    -165.632   -165.6     0.0312938   21       2761     
 7673.59 233     30800    -165.632   -165.6     0.0312938   22       2761     
 7680.89 234     30871    -165.632   -165.6     0.0312582   23       2766     
 7681.46 234     30900    -165.632   -165.6     0.0312582   23       2766     
 7693.24 235     31003    -165.632   -165.6     0.0311398   24       2774     
 7693.71 235     31004    -165.632   -165.6     0.0311398   24       2774     
 7701.01 235     31050    -165.632   -165.6     0.0311398   23       2780     
 7710.79 236     31135    -165.632   -165.6     0.0310733   22       2787     
 7714.85 236     31150    -165.632   -165.6     0.0310733   22       2790     
 7744.17 237     31200    -165.632   -165.6     0.0310733   24       2812     
 7745.19 237     31265    -165.631   -165.6     0.0310286   22       2812     
 7750.4  237     31300    -165.631   -165.6     0.0310286   24       2816     
 7760.77 238     31395    -165.631   -165.6     0.0309563   23       2823     
 7762.54 238     31400    -165.631   -165.6     0.0309563   24       2824     
 7768.55 238     31450    -165.631   -165.6     0.0309563   25       2828     
 7777.68 239     31525    -165.631   -165.6     0.0309397   28       2834     
 7778.3  239     31550    -165.631   -165.6     0.0309397   29       2834     
 7788.77 240     31655    -165.631   -165.6     0.0309332   35       2841     
 7789.26 240     31656    -165.631   -165.6     0.0309332   35       2841     
 7789.94 240     31700    -165.631   -165.6     0.0309332   36       2841     
 7800.59 241     31787    -165.631   -165.6     0.0309203   30       2848     
 7801.14 241     31800    -165.631   -165.6     0.0309203   29       2848     
 7808.66 241     31850    -165.631   -165.6     0.0309203   34       2853     
 7810.91 242     31917    -165.631   -165.6     0.0309115   28       2854     
 7811.55 242     31950    -165.631   -165.6     0.0309115   28       2854     
 7821    243     32047    -165.631   -165.6     0.0308989   24       2860     
 7821.53 243     32050    -165.631   -165.6     0.0308989   25       2860     
 7822.34 243     32100    -165.631   -165.6     0.0308989   25       2860     
 7838.73 244     32177    -165.631   -165.6     0.0308388   25       2871     
 7839.32 244     32200    -165.631   -165.6     0.0308388   24       2871     
 7851.83 245     32309    -165.631   -165.6     0.0306246   23       2879     
 7852.32 245     32310    -165.631   -165.6     0.0306246   23       2879     
 7853.01 245     32350    -165.631   -165.6     0.0306246   25       2879     
 7873.96 246     32441    -165.631   -165.6     0.0305235   26       2893     
 7880.79 246     32450    -165.631   -165.6     0.0305235   25       2898     
 7888.1  246     32500    -165.631   -165.6     0.0305235   24       2903     
 7897.9  247     32573    -165.631   -165.6     0.030476    24       2909     
 7898.52 247     32600    -165.631   -165.6     0.030476    27       2909     
 7915.3  248     32703    -165.631   -165.6     0.0304522   21       2920     
 7915.81 248     32704    -165.631   -165.6     0.0304522   21       2920     
 7916.49 248     32750    -165.631   -165.6     0.0304522   21       2920     
 7931.39 249     32835    -165.631   -165.6     0.0304215   26       2930     
 7931.97 249     32850    -165.631   -165.6     0.0304215   25       2930     
 7943.86 250     32900    -165.631   -165.6     0.0304215   27       2938     
 7944.85 250     32965    -165.631   -165.6     0.0303137   23       2938     
 7945.49 250     33000    -165.631   -165.6     0.0303137   23       2938     
 7958.8  251     33095    -165.631   -165.6     0.0302746   26       2947     
 7963.34 251     33100    -165.631   -165.6     0.0302746   28       2950     
 7988.35 251     33150    -165.631   -165.6     0.0302746   32       2968     
 8002.7  252     33225    -165.631   -165.6     0.0302435   28       2977     
 8003.34 252     33250    -165.631   -165.6     0.0302435   29       2977     
 8017.73 253     33355    -165.631   -165.6     0.0302086   28       2986     
 8018.24 253     33356    -165.631   -165.6     0.0302086   29       2986     
 8019.02 253     33400    -165.631   -165.6     0.0302086   29       2986     
 8032.98 254     33485    -165.631   -165.6     0.0301367   25       2995     
 8033.55 254     33500    -165.631   -165.6     0.0301367   25       2995     
 8049.25 255     33550    -165.631   -165.6     0.0301367   30       3005     
 8050.26 255     33615    -165.631   -165.6     0.0300974   26       3005     
 8051.03 255     33650    -165.631   -165.6     0.0300974   25       3005     
 8066.29 256     33745    -165.63    -165.6     0.0298566   26       3015     
 8066.87 256     33750    -165.63    -165.6     0.0298566   26       3015     
 8074.98 256     33800    -165.63    -165.6     0.0298566   26       3020     
 8084.49 257     33875    -165.63    -165.6     0.0298155   27       3026     
 8085.12 257     33900    -165.63    -165.6     0.0298155   27       3026     
 8096.42 258     34005    -165.63    -165.6     0.0297602   31       3033     
 8096.94 258     34006    -165.63    -165.6     0.0297602   31       3033     
 8097.64 258     34050    -165.63    -165.6     0.0297602   31       3033     
 8109.47 259     34137    -165.63    -165.6     0.0297281   26       3041     
 8118.31 259     34150    -165.63    -165.6     0.0297281   28       3047     
 8130.07 259     34200    -165.63    -165.6     0.0297281   29       3055     
 8132.63 260     34267    -165.63    -165.6     0.0297102   25       3056     
 8171.46 260     34300    -165.63    -165.6     0.0297102   25       3082     
 8207.1  261     34397    -165.63    -165.6     0.0296991   26       3104     
 8207.65 261     34400    -165.63    -165.6     0.0296991   26       3104     
 8208.53 261     34450    -165.63    -165.6     0.0296991   28       3104     
 8222.45 262     34529    -165.63    -165.6     0.0296526   27       3112     
 8231.21 262     34550    -165.63    -165.6     0.0296526   26       3118     
 8244.82 263     34659    -165.63    -165.601   0.0296237   26       3126     
 8245.36 263     34660    -165.63    -165.601   0.0296237   25       3126     
 8246.11 263     34700    -165.63    -165.601   0.0296237   25       3126     
 8262.22 264     34791    -165.63    -165.601   0.0295222   26       3136     
 8262.79 264     34800    -165.63    -165.601   0.0295222   25       3136     
 8269.58 264     34850    -165.63    -165.601   0.0295222   26       3140     
 8278.29 265     34921    -165.63    -165.601   0.0294983   26       3145     
 8278.96 265     34950    -165.63    -165.601   0.0294983   26       3145     
 8292.28 266     35051    -165.63    -165.601   0.0294706   24       3153     
 8292.82 266     35052    -165.63    -165.601   0.0294706   24       3153     
 8293.73 266     35100    -165.63    -165.601   0.0294706   24       3153     
 8313.16 267     35181    -165.63    -165.601   0.0294456   25       3165     
 8313.78 267     35200    -165.63    -165.601   0.0294456   25       3165     
 8331.75 268     35311    -165.63    -165.601   0.0294296   28       3176     
 8332.3  268     35312    -165.63    -165.601   0.0294296   28       3176     
 8333.04 268     35350    -165.63    -165.601   0.0294296   28       3176     
 8347.58 269     35441    -165.63    -165.601   0.0293349   28       3185     
 8348.18 269     35450    -165.63    -165.601   0.0293349   28       3185     
 8352.03 269     35500    -165.63    -165.601   0.0293349   31       3187     
 8360.87 270     35571    -165.63    -165.601   0.0292848   26       3192     
 8361.53 270     35600    -165.63    -165.601   0.0292848   26       3192     
 8375.08 271     35701    -165.63    -165.601   0.0292493   25       3200     
 8375.64 271     35702    -165.63    -165.601   0.0292493   25       3200     
 8376.42 271     35750    -165.63    -165.601   0.0292493   25       3200     
 8396.45 272     35831    -165.63    -165.601   0.0292098   26       3212     
 8397.1  272     35850    -165.63    -165.601   0.0292098   24       3212     
 8409.32 273     35959    -165.63    -165.601   0.0291328   26       3219     
 8409.88 273     35960    -165.63    -165.601   0.0291328   26       3219     
 8410.64 273     36000    -165.63    -165.601   0.0291328   26       3219     
 8419.56 274     36089    -165.63    -165.601   0.029107    28       3224     
 8420.17 274     36100    -165.63    -165.601   0.029107    28       3224     
 8425.52 274     36150    -165.63    -165.601   0.029107    29       3227     
 8431.33 275     36219    -165.63    -165.601   0.0290879   27       3230     
 8432.03 275     36250    -165.63    -165.601   0.0290879   28       3230     
 8451.8  276     36349    -165.63    -165.601   0.0290038   29       3242     
 8452.36 276     36350    -165.63    -165.601   0.0290038   29       3242     
 8453.2  276     36400    -165.63    -165.601   0.0290038   29       3242     
 8463.96 277     36479    -165.63    -165.601   0.0289887   30       3248     
 8464.7  277     36500    -165.63    -165.601   0.0289887   30       3248     
 8481.5  278     36609    -165.629   -165.601   0.0288257   26       3258     
 8482.06 278     36610    -165.629   -165.601   0.0288257   26       3258     
 8482.89 278     36650    -165.629   -165.601   0.0288257   26       3258     
 8495.9  279     36739    -165.629   -165.601   0.0288002   26       3266     
 8496.54 279     36750    -165.629   -165.601   0.0288002   24       3266     
 8501.93 279     36800    -165.629   -165.601   0.0288002   28       3269     
 8507.8  280     36869    -165.629   -165.601   0.0287277   27       3272     
 8508.52 280     36900    -165.629   -165.601   0.0287277   26       3272     
 8541.47 281     36999    -165.629   -165.601   0.0286773   23       3292     
 8542.02 281     37000    -165.629   -165.601   0.0286773   23       3292     
 8542.8  281     37050    -165.629   -165.601   0.0286773   22       3292     
 8558.33 282     37129    -165.629   -165.601   0.0286417   24       3301     
 8559.05 282     37150    -165.629   -165.601   0.0286417   23       3301     
 8572.64 283     37259    -165.629   -165.601   0.0285825   28       3309     
 8573.2  283     37260    -165.629   -165.601   0.0285825   28       3309     
 8580.07 283     37300    -165.629   -165.601   0.0285825   25       3313     
 8592.3  284     37389    -165.629   -165.601   0.02854     23       3320     
 8592.92 284     37400    -165.629   -165.601   0.02854     25       3320     
 8609.86 284     37450    -165.629   -165.601   0.02854     26       3331     
 8615.7  285     37519    -165.629   -165.601   0.0284539   25       3334     
 8616.38 285     37550    -165.629   -165.601   0.0284539   24       3334     
 8627.05 286     37649    -165.629   -165.601   0.0284033   28       3340     
 8627.61 286     37650    -165.629   -165.601   0.0284033   28       3340     
 8628.42 286     37700    -165.629   -165.601   0.0284033   28       3340     
 8648.54 287     37779    -165.629   -165.601   0.0283877   27       3352     
 8649.18 287     37800    -165.629   -165.601   0.0283877   26       3352     
 8664.39 288     37909    -165.629   -165.601   0.0283586   26       3361     
 8664.96 288     37910    -165.629   -165.601   0.0283586   26       3361     
 8665.7  288     37950    -165.629   -165.601   0.0283586   26       3361     
 8680.85 289     38039    -165.629   -165.601   0.0283274   22       3370     
 8681.49 289     38050    -165.629   -165.601   0.0283274   20       3370     
 8683.74 289     38100    -165.629   -165.601   0.0283274   23       3371     
 8689.46 290     38169    -165.629   -165.601   0.0282418   20       3374     
 8690.15 290     38200    -165.629   -165.601   0.0282418   21       3374     
 8707.08 291     38299    -165.629   -165.601   0.0282153   24       3384     
 8707.65 291     38300    -165.629   -165.601   0.0282153   24       3384     
 8708.47 291     38350    -165.629   -165.601   0.0282153   24       3384     
 8723.58 292     38427    -165.629   -165.601   0.0282069   27       3393     
 8724.25 292     38450    -165.629   -165.601   0.0282069   29       3393     
 8738.14 293     38557    -165.629   -165.601   0.0281856   26       3401     
 8738.72 293     38558    -165.629   -165.601   0.0281856   26       3401     
 8750.68 293     38600    -165.629   -165.601   0.0281856   29       3408     
 8764.11 294     38685    -165.629   -165.601   0.0281692   23       3416     
 8773.83 294     38700    -165.629   -165.601   0.0281692   23       3422     
 8791.81 295     38813    -165.629   -165.601   0.0281456   26       3432     
 8792.4  295     38814    -165.629   -165.601   0.0281456   27       3432     
 8793.18 295     38850    -165.629   -165.601   0.0281456   28       3432     
 8804.42 296     38943    -165.629   -165.601   0.0279507   26       3438     
 8805.03 296     38950    -165.629   -165.601   0.0279507   26       3438     
 8821.2  296     39000    -165.629   -165.601   0.0279507   21       3448     
 8834.44 297     39073    -165.628   -165.601   0.0279166   24       3455     
 8835.14 297     39100    -165.628   -165.601   0.0279166   24       3455     
 8847.37 298     39203    -165.628   -165.601   0.0278958   25       3462     
 8847.97 298     39204    -165.628   -165.601   0.0278958   25       3462     
 8863.36 298     39250    -165.628   -165.601   0.0278958   27       3471     
 8893.49 299     39333    -165.628   -165.601   0.0278671   26       3488     
 8894.24 299     39350    -165.628   -165.601   0.0278671   26       3488     
 8927.8  300     39463    -165.628   -165.601   0.0277407   29       3508     
 8928.4  300     39464    -165.628   -165.601   0.0277407   29       3508     
 8941.83 300     39500    -165.628   -165.601   0.0277407   27       3517     
 8967.08 301     39593    -165.628   -165.601   0.027667    27       3532     
 8967.74 301     39600    -165.628   -165.601   0.027667    27       3532     
 8970.23 301     39650    -165.628   -165.601   0.027667    28       3533     
 8983.61 302     39723    -165.628   -165.601   0.027646    30       3540     
 8999.4  302     39750    -165.628   -165.601   0.027646    33       3549     
 9013.46 303     39853    -165.628   -165.601   0.0276238   28       3556     
 9014.07 303     39854    -165.628   -165.601   0.0276238   28       3556     
 9014.95 303     39900    -165.628   -165.601   0.0276238   30       3556     
 9042.71 304     39983    -165.628   -165.601   0.0276106   30       3571     
 9043.41 304     40000    -165.628   -165.601   0.0276106   31       3571     
 9061.95 305     40113    -165.628   -165.601   0.0275979   27       3581     
 9062.56 305     40114    -165.628   -165.601   0.0275979   27       3581     
 9063.35 305     40150    -165.628   -165.601   0.0275979   27       3581     
 9082.07 306     40243    -165.628   -165.601   0.0275624   26       3591     
 9082.73 306     40250    -165.628   -165.601   0.0275624   25       3591     
 9098.9  306     40300    -165.628   -165.601   0.0275624   26       3600     
 9110.47 307     40371    -165.628   -165.601   0.0275023   29       3606     
 9111.25 307     40400    -165.628   -165.601   0.0275023   27       3606     
 9122.68 308     40501    -165.628   -165.601   0.0274836   26       3612     
 9123.3  308     40502    -165.628   -165.601   0.0274836   26       3612     
 9124.17 308     40550    -165.628   -165.601   0.0274836   25       3612     
 9135.89 309     40631    -165.628   -165.601   0.0274561   25       3618     
 9136.6  309     40650    -165.628   -165.601   0.0274561   24       3618     
 9146.8  310     40759    -165.628   -165.601   0.0274357   26       3623     
 9147.42 310     40760    -165.628   -165.601   0.0274357   27       3623     
 9153.05 310     40800    -165.628   -165.601   0.0274357   28       3626     
 9166.7  311     40889    -165.628   -165.601   0.0273992   30       3633     
 9167.38 311     40900    -165.628   -165.601   0.0273992   29       3633     
 9175.4  311     40950    -165.628   -165.601   0.0273992   30       3637     
 9180.2  312     41017    -165.628   -165.601   0.0273826   30       3639     
 9181.06 312     41050    -165.628   -165.601   0.0273826   28       3639     
 9201.69 313     41145    -165.628   -165.601   0.0273119   31       3651     
 9202.34 313     41150    -165.628   -165.601   0.0273119   30       3651     
 9213.66 313     41200    -165.628   -165.601   0.0273119   33       3657     
 9229.12 314     41273    -165.628   -165.601   0.0272929   27       3665     
 9229.98 314     41300    -165.628   -165.601   0.0272929   30       3665     
 9251.18 315     41403    -165.628   -165.601   0.0272773   28       3676     
 9251.81 315     41404    -165.628   -165.601   0.0272773   28       3676     
 9252.72 315     41450    -165.628   -165.601   0.0272773   28       3676     
 9273.72 316     41531    -165.628   -165.601   0.0272681   24       3687     
 9284.12 316     41550    -165.628   -165.601   0.0272681   26       3693     
 9311.13 317     41659    -165.628   -165.601   0.0272632   25       3707     
 9311.77 317     41660    -165.628   -165.601   0.0272632   25       3707     
 9312.77 317     41700    -165.628   -165.601   0.0272632   26       3707     
 9328.28 318     41787    -165.628   -165.601   0.0272257   29       3715     
 9329    318     41800    -165.628   -165.601   0.0272257   29       3715     
 9359.96 318     41850    -165.628   -165.601   0.0272257   29       3732     
 9361.34 319     41915    -165.628   -165.601   0.027211    26       3732     
 9394.22 319     41950    -165.628   -165.601   0.027211    27       3750     
 9442.76 320     42043    -165.628   -165.601   0.0271475   31       3774     
 9443.48 320     42050    -165.628   -165.601   0.0271475   29       3774     
 9444.66 320     42100    -165.628   -165.601   0.0271475   31       3774     
 9454.85 321     42171    -165.628   -165.601   0.0271376   33       3779     
 9455.65 321     42200    -165.628   -165.601   0.0271376   32       3779     
 9485.19 322     42299    -165.628   -165.601   0.0271268   29       3794     
 9485.87 322     42300    -165.628   -165.601   0.0271268   30       3794     
 9493.69 322     42350    -165.628   -165.601   0.0271268   30       3798     
 9508.51 323     42427    -165.628   -165.601   0.0269046   31       3805     
 9509.29 323     42450    -165.628   -165.601   0.0269046   28       3805     
 9525.49 324     42557    -165.628   -165.601   0.026879    29       3813     
 9526.15 324     42558    -165.628   -165.601   0.026879    30       3813     
 9527    324     42600    -165.628   -165.601   0.026879    29       3813     
 9541.47 325     42685    -165.627   -165.601   0.026851    26       3820     
 9542.27 325     42700    -165.627   -165.601   0.026851    24       3820     
 9556.29 326     42813    -165.627   -165.601   0.026807    28       3827     
 9556.95 326     42814    -165.627   -165.601   0.026807    28       3827     
 9557.77 326     42850    -165.627   -165.601   0.026807    28       3827     
 9573.1  327     42941    -165.627   -165.601   0.0267892   27       3835     
 9573.79 327     42950    -165.627   -165.601   0.0267892   27       3835     
 9576.39 327     43000    -165.627   -165.601   0.0267892   27       3836     
 9586.54 328     43071    -165.627   -165.601   0.0267728   27       3841     
 9587.38 328     43100    -165.627   -165.601   0.0267728   27       3841     
 9604.89 329     43201    -165.627   -165.601   0.026717    32       3850     
 9605.54 329     43202    -165.627   -165.601   0.026717    32       3850     
 9606.44 329     43250    -165.627   -165.601   0.026717    29       3850     
 9618.78 330     43331    -165.627   -165.601   0.0266913   28       3856     
 9619.52 330     43350    -165.627   -165.601   0.0266913   26       3856     
 9627.93 331     43459    -165.627   -165.601   0.0266767   25       3860     
 9628.59 331     43460    -165.627   -165.601   0.0266767   24       3860     
 9629.44 331     43500    -165.627   -165.601   0.0266767   24       3860     
 9646.57 332     43587    -165.627   -165.601   0.0266234   28       3869     
 9666.63 332     43600    -165.627   -165.601   0.0266234   29       3880     
 9680.6  332     43650    -165.627   -165.601   0.0266234   29       3887     
 9681.96 333     43715    -165.627   -165.601   0.0265752   24       3887     
 9687.99 333     43750    -165.627   -165.601   0.0265752   23       3890     
 9706.68 334     43845    -165.627   -165.601   0.0265598   24       3899     
 9707.42 334     43850    -165.627   -165.601   0.0265598   24       3899     
 9727.26 334     43900    -165.627   -165.601   0.0265598   26       3910     
 9745.91 335     43975    -165.627   -165.601   0.0265501   24       3919     
 9746.73 335     44000    -165.627   -165.601   0.0265501   25       3919     
 9765    336     44105    -165.627   -165.601   0.0265306   22       3928     
 9765.67 336     44106    -165.627   -165.601   0.0265306   22       3928     
 9766.58 336     44150    -165.627   -165.601   0.0265306   22       3928     
 9792.62 337     44233    -165.627   -165.601   0.026514    24       3941     
 9793.49 337     44250    -165.627   -165.601   0.026514    24       3941     
 9813.77 338     44363    -165.627   -165.601   0.026405    28       3951     
 9814.44 338     44364    -165.627   -165.601   0.026405    28       3951     
 9815.3  338     44400    -165.627   -165.601   0.026405    27       3951     
 9832.94 339     44493    -165.627   -165.601   0.0263412   28       3960     
 9833.67 339     44500    -165.627   -165.601   0.0263412   29       3960     
 9838.1  339     44550    -165.627   -165.601   0.0263412   29       3962     
 9852.33 340     44623    -165.627   -165.601   0.0263058   26       3969     
 9853.22 340     44650    -165.627   -165.601   0.0263058   27       3969     
 9867.82 341     44753    -165.627   -165.601   0.0262798   29       3976     
 9868.5  341     44754    -165.627   -165.601   0.0262798   30       3976     
 9895.19 341     44800    -165.627   -165.601   0.0262798   31       3990     
 9930.53 342     44883    -165.627   -165.601   0.0262334   32       4007     
 9931.4  342     44900    -165.627   -165.601   0.0262334   31       4007     
 9942.81 343     45013    -165.627   -165.601   0.026214    29       4012     
 9943.52 343     45014    -165.627   -165.601   0.026214    29       4012     
 9944.63 343     45050    -165.627   -165.601   0.026214    29       4012     
 9963.84 344     45143    -165.627   -165.601   0.0260895   30       4021     
 9964.57 344     45150    -165.627   -165.601   0.0260895   29       4021     
 9970.65 344     45200    -165.627   -165.601   0.0260895   32       4024     
 9983.66 345     45273    -165.627   -165.601   0.0260692   28       4030     
 9984.5  345     45300    -165.627   -165.601   0.0260692   32       4030     
 9999.71 346     45403    -165.627   -165.601   0.0260513   27       4037     
 10000.5 346     45404    -165.627   -165.601   0.0260513   24       4037     
-------------------------------------------------------------------------------

SARSOP finishing ...
  Preset timeout reached
  Timeout     : 10000.000000s
  Actual Time : 10000.460000s

-------------------------------------------------------------------------------
 Time   |#Trial |#Backup |LBound    |UBound    |Precision  |#Alphas |#Beliefs  
-------------------------------------------------------------------------------
 10000.5 346     45404    -165.627   -165.601   0.0260513   24       4037     
-------------------------------------------------------------------------------

Writing out policy ...
  output file : RAM4_small/3a59b75aa5.policyx

