
Loading the model ...
  input file   : /home/rstudio/RAM4_small/3a65a90d07.pomdpx
  loading time : 4.48s 

SARSOP initializing ...
  initialization time : 2720.52s

-------------------------------------------------------------------------------
 Time   |#Trial |#Backup |LBound    |UBound    |Precision  |#Alphas |#Beliefs  
-------------------------------------------------------------------------------
 2720.52 0       0        -144.274   -138.11    6.16461     101      1        
 2721.08 1       50       -140.404   -138.265   2.13921     26       36       
 2721.8  3       123      -139.373   -138.265   1.10808     25       63       
 2723.16 3       150      -139.373   -138.265   1.10808     36       90       
 2724.5  4       200      -139.1     -138.265   0.835163    33       112      
 2726.15 6       250      -138.936   -138.265   0.671157    34       136      
 2727.03 7       309      -138.719   -138.265   0.453521    33       156      
 2728.05 8       351      -138.633   -138.265   0.367315    56       177      
 2729.85 9       400      -138.562   -138.265   0.296354    36       204      
 2732.02 10      450      -138.52    -138.265   0.254792    66       231      
 2734.84 11      500      -138.488   -138.265   0.22255     53       260      
 2737.27 13      571      -138.429   -138.265   0.163414    52       286      
 2740.29 14      617      -138.409   -138.265   0.143481    63       309      
 2741.76 15      665      -138.382   -138.265   0.116708    46       333      
 2744.3  16      729      -138.368   -138.265   0.102612    67       364      
 2745.3  16      750      -138.368   -138.265   0.102612    53       374      
 2746.54 17      800      -138.352   -138.265   0.0865342   52       384      
 2749.87 18      867      -138.345   -138.265   0.0794781   67       410      
 2755.16 18      900      -138.345   -138.265   0.0794781   50       443      
 2757.18 19      950      -138.338   -138.265   0.0724803   50       457      
 2762.24 20      1011     -138.33    -138.265   0.0647792   35       482      
 2770.96 21      1050     -138.33    -138.265   0.0647792   25       520      
 2772.66 21      1100     -138.325   -138.265   0.0597455   26       532      
 2779.58 22      1169     -138.321   -138.265   0.0556273   23       561      
 2785.29 22      1200     -138.321   -138.265   0.0556273   18       592      
 2788.01 23      1253     -138.318   -138.265   0.0522406   18       602      
 2792.59 24      1333     -138.314   -138.265   0.0482304   20       626      
 2794.31 24      1350     -138.314   -138.265   0.0482304   16       637      
 2798.56 25      1409     -138.31    -138.265   0.0446432   16       658      
 2806.82 26      1485     -138.307   -138.265   0.0418572   20       696      
 2810.09 26      1500     -138.307   -138.265   0.0418572   21       711      
 2817.28 27      1565     -138.304   -138.265   0.0388122   23       735      
 2820.88 27      1600     -138.304   -138.265   0.0388122   21       752      
 2823.11 28      1653     -138.302   -138.265   0.0368688   22       761      
 2834.33 29      1743     -138.3     -138.265   0.0349944   21       806      
 2835.77 29      1750     -138.3     -138.265   0.0349944   20       813      
 2846.94 30      1835     -138.298   -138.265   0.032594    18       850      
 2850.55 30      1850     -138.298   -138.265   0.032594    17       865      
 2858.38 31      1935     -138.297   -138.265   0.0312907   17       891      
 2860.63 31      1950     -138.297   -138.265   0.0312907   20       901      
 2870.47 32      2031     -138.296   -138.265   0.0301003   21       934      
 2875.39 32      2050     -138.296   -138.265   0.0301003   24       953      
 2882.33 33      2123     -138.294   -138.265   0.0290342   18       975      
 2883.53 33      2150     -138.294   -138.265   0.0290342   16       980      
 2888.27 34      2213     -138.293   -138.265   0.0276656   21       998      
 2897.19 34      2250     -138.293   -138.265   0.0276656   18       1032     
 2900.43 35      2307     -138.292   -138.265   0.0261654   20       1041     
 2913.36 35      2350     -138.292   -138.265   0.0261654   18       1084     
 2914.96 36      2401     -138.29    -138.265   0.0249141   18       1088     
 2929.21 37      2495     -138.29    -138.265   0.0241594   19       1135     
 2930.46 37      2500     -138.29    -138.265   0.0241594   17       1140     
 2943.64 38      2585     -138.289   -138.266   0.0232562   16       1179     
 2946.29 38      2600     -138.289   -138.266   0.0232562   16       1188     
 2956.77 39      2675     -138.288   -138.266   0.0225685   19       1218     
 2964.93 39      2700     -138.288   -138.266   0.0225685   21       1243     
 2973.39 40      2767     -138.287   -138.266   0.0212944   22       1263     
 2982.44 40      2800     -138.287   -138.266   0.0212944   21       1290     
 2988.55 41      2863     -138.286   -138.266   0.0207972   21       1305     
 3000.57 41      2900     -138.286   -138.266   0.0207972   20       1339     
 3005.62 42      2961     -138.285   -138.266   0.0196764   27       1350     
 3018.92 42      3000     -138.285   -138.266   0.0196764   24       1387     
 3024.94 43      3067     -138.285   -138.266   0.0192301   23       1401     
 3038.04 43      3100     -138.285   -138.266   0.0192301   25       1434     
 3047.7  44      3173     -138.284   -138.266   0.018535    23       1454     
 3058.36 44      3200     -138.284   -138.266   0.018535    24       1481     
 3071.49 45      3283     -138.284   -138.266   0.0182827   28       1508     
 3078.07 45      3300     -138.284   -138.266   0.0182827   27       1525     
 3094.46 46      3391     -138.284   -138.266   0.0179841   26       1560     
 3094.71 46      3400     -138.284   -138.266   0.0179841   26       1560     
 3114.12 47      3499     -138.283   -138.266   0.017709    27       1605     
 3114.58 47      3500     -138.283   -138.266   0.017709    28       1606     
 3137.93 47      3550     -138.283   -138.266   0.017709    27       1656     
 3140.08 48      3609     -138.283   -138.266   0.0171461   33       1659     
 3145.26 48      3650     -138.283   -138.266   0.0171461   31       1672     
 3152.47 49      3723     -138.283   -138.266   0.0169532   36       1687     
 3161.24 49      3750     -138.283   -138.266   0.0169532   33       1708     
 3173.78 50      3837     -138.282   -138.266   0.0168204   28       1735     
 3179.53 50      3850     -138.282   -138.266   0.0168204   33       1748     
 3198.8  51      3951     -138.282   -138.266   0.0165521   34       1785     
 3199.34 51      3952     -138.282   -138.266   0.0165521   35       1786     
 3219.51 51      4000     -138.282   -138.266   0.0165521   35       1827     
 3224.84 52      4067     -138.282   -138.266   0.016498    42       1835     
 3240.22 52      4100     -138.282   -138.266   0.016498    32       1868     
 3253.87 53      4183     -138.282   -138.266   0.0164197   37       1892     
 3254.2  53      4200     -138.282   -138.266   0.0164197   39       1892     
 3271.16 54      4299     -138.282   -138.266   0.0163405   36       1927     
 3271.71 54      4300     -138.282   -138.266   0.0163405   35       1928     
 3288.7  54      4350     -138.282   -138.266   0.0163405   34       1964     
 3292.38 55      4415     -138.282   -138.266   0.0162748   42       1970     
 3303.93 55      4450     -138.282   -138.266   0.0162748   43       1995     
 3308.41 56      4531     -138.282   -138.266   0.0161679   39       2003     
 3311.46 56      4550     -138.282   -138.266   0.0161679   39       2009     
 3321    57      4647     -138.282   -138.266   0.0161246   39       2028     
 3321.28 57      4650     -138.282   -138.266   0.0161246   40       2028     
 3331.84 57      4700     -138.282   -138.266   0.0161246   33       2051     
 3334.3  58      4763     -138.282   -138.266   0.0160871   36       2055     
 3346.78 58      4800     -138.282   -138.266   0.0160871   35       2081     
 3357.43 59      4879     -138.282   -138.266   0.0159169   34       2101     
 3367.67 59      4900     -138.282   -138.266   0.0159169   36       2122     
 3387.13 60      4993     -138.281   -138.266   0.0157879   43       2157     
 3387.45 60      5000     -138.281   -138.266   0.0157879   45       2157     
 3395.68 60      5050     -138.281   -138.266   0.0157879   40       2173     
 3396.3  61      5109     -138.281   -138.266   0.0157566   42       2173     
 3397.17 61      5150     -138.281   -138.266   0.0157566   39       2174     
 3404.78 62      5223     -138.281   -138.266   0.0157323   48       2189     
 3405.16 62      5250     -138.281   -138.266   0.0157323   47       2189     
 3410.43 63      5339     -138.281   -138.266   0.0157127   46       2199     
 3410.75 63      5350     -138.281   -138.266   0.0157127   43       2199     
 3416.55 64      5453     -138.281   -138.266   0.0156798   38       2210     
 3416.84 64      5454     -138.281   -138.266   0.0156798   37       2210     
 3431.69 64      5500     -138.281   -138.266   0.0156798   35       2241     
 3437.07 65      5567     -138.281   -138.266   0.0156318   35       2250     
 3437.46 65      5600     -138.281   -138.266   0.0156318   37       2250     
 3442.57 66      5681     -138.281   -138.266   0.0156001   36       2259     
 3442.9  66      5700     -138.281   -138.266   0.0156001   36       2259     
 3451.06 67      5795     -138.281   -138.266   0.0155658   38       2275     
 3453.42 67      5800     -138.281   -138.266   0.0155658   37       2280     
 3481.78 67      5850     -138.281   -138.266   0.0155658   27       2330     
 3483.09 68      5909     -138.281   -138.266   0.0152321   36       2331     
 3502.74 68      5950     -138.281   -138.266   0.0152321   35       2365     
 3514.03 69      6025     -138.281   -138.266   0.0152029   34       2381     
 3524.75 69      6050     -138.281   -138.266   0.0152029   42       2399     
 3544.96 70      6139     -138.281   -138.266   0.0151714   42       2430     
 3546.91 70      6150     -138.281   -138.266   0.0151714   46       2433     
 3576.04 71      6255     -138.281   -138.266   0.0151163   31       2479     
 3576.36 71      6256     -138.281   -138.266   0.0151163   31       2479     
 3606.94 71      6300     -138.281   -138.266   0.0151163   37       2522     
 3616.38 72      6369     -138.281   -138.266   0.0150914   35       2533     
 3626.18 72      6400     -138.281   -138.266   0.0150914   38       2549     
 3643.11 73      6485     -138.281   -138.266   0.0150727   40       2575     
 3644.11 73      6500     -138.281   -138.266   0.0150727   38       2576     
 3672.17 74      6599     -138.281   -138.266   0.0150258   41       2617     
 3672.92 74      6600     -138.281   -138.266   0.0150258   42       2618     
 3706.37 74      6650     -138.281   -138.266   0.0150258   38       2665     
 3712.01 75      6715     -138.281   -138.266   0.0150072   39       2671     
 3735.81 75      6750     -138.281   -138.266   0.0150072   43       2706     
 3752.24 76      6829     -138.281   -138.266   0.0149889   45       2727     
 3766.99 76      6850     -138.281   -138.266   0.0149889   45       2748     
 3793.02 77      6943     -138.281   -138.266   0.0149744   38       2783     
 3793.48 77      6950     -138.281   -138.266   0.0149744   39       2783     
 3826.66 78      7000     -138.281   -138.266   0.0149744   36       2827     
 3827.6  78      7057     -138.28    -138.266   0.0147632   41       2827     
 3852.92 78      7100     -138.28    -138.266   0.0147632   39       2861     
 3865.9  79      7175     -138.28    -138.266   0.0147264   40       2876     
 3880.74 79      7200     -138.28    -138.266   0.0147264   42       2896     
 3906.33 80      7291     -138.28    -138.266   0.014707    43       2929     
 3912.78 80      7300     -138.28    -138.266   0.014707    46       2938     
 3955.13 81      7407     -138.28    -138.266   0.0144129   33       2986     
 3955.54 81      7408     -138.28    -138.266   0.0144129   33       2986     
 3985.1  81      7450     -138.28    -138.266   0.0144129   32       3022     
 3998.21 82      7523     -138.28    -138.266   0.0143396   36       3036     
 4010.02 82      7550     -138.28    -138.266   0.0143396   37       3051     
 4031.99 83      7641     -138.28    -138.266   0.0143188   47       3078     
 4032.49 83      7650     -138.28    -138.266   0.0143188   44       3078     
 4063.5  84      7757     -138.28    -138.266   0.014295    32       3117     
 4063.94 84      7758     -138.28    -138.266   0.014295    32       3117     
 4088.58 84      7800     -138.28    -138.266   0.014295    38       3147     
 4101.83 85      7875     -138.28    -138.266   0.0142036   46       3162     
 4121.44 85      7900     -138.28    -138.266   0.0142036   52       3187     
 4149.44 86      7997     -138.28    -138.266   0.0141722   43       3220     
 4149.88 86      8000     -138.28    -138.266   0.0141722   44       3220     
 4182.89 86      8050     -138.28    -138.266   0.0141722   40       3261     
 4188.88 87      8117     -138.28    -138.266   0.0141338   43       3267     
 4205.69 87      8150     -138.28    -138.266   0.0141338   37       3289     
 4226.55 88      8235     -138.28    -138.266   0.0141161   47       3314     
 4230.94 88      8250     -138.28    -138.266   0.0141161   45       3319     
 4267.64 89      8351     -138.28    -138.266   0.0140949   38       3361     
 4268.12 89      8352     -138.28    -138.266   0.0140949   38       3361     
 4299.28 89      8400     -138.28    -138.266   0.0140949   40       3397     
 4307.42 90      8467     -138.28    -138.266   0.0140824   51       3405     
 4326.73 90      8500     -138.28    -138.266   0.0140824   48       3427     
 4348.84 91      8583     -138.28    -138.266   0.0140685   52       3451     
 4358.76 91      8600     -138.28    -138.266   0.0140685   47       3462     
 4382.86 92      8699     -138.28    -138.266   0.0140581   41       3487     
 4383.34 92      8700     -138.28    -138.266   0.0140581   41       3487     
 4411.61 92      8750     -138.28    -138.266   0.0140581   45       3519     
 4417.89 93      8815     -138.28    -138.266   0.0140497   47       3525     
 4435.96 93      8850     -138.28    -138.266   0.0140497   43       3545     
 4458.63 94      8933     -138.28    -138.266   0.0140303   45       3568     
 4459.26 94      8950     -138.28    -138.266   0.0140303   44       3568     
 4483.19 95      9051     -138.28    -138.266   0.0140195   41       3594     
 4483.69 95      9052     -138.28    -138.266   0.0140195   41       3594     
 4486.1  95      9100     -138.28    -138.266   0.0140195   44       3596     
 4493.42 96      9167     -138.279   -138.266   0.0137382   44       3604     
 4494.28 96      9200     -138.279   -138.266   0.0137382   45       3604     
 4505.71 97      9287     -138.279   -138.266   0.0137328   49       3617     
 4506.28 97      9300     -138.279   -138.266   0.0137328   49       3617     
 4516.43 98      9407     -138.279   -138.266   0.0137296   45       3628     
 4516.93 98      9408     -138.279   -138.266   0.0137296   46       3628     
 4517.64 98      9450     -138.279   -138.266   0.0137296   46       3628     
 4523.56 99      9527     -138.279   -138.266   0.0137268   49       3634     
 4524.17 99      9550     -138.279   -138.266   0.0137268   49       3634     
 4531.67 100     9647     -138.279   -138.266   0.0137239   46       3642     
 4532.19 100     9650     -138.279   -138.266   0.0137239   47       3642     
 4533.63 100     9700     -138.279   -138.266   0.0137239   49       3643     
 4540.32 101     9769     -138.279   -138.266   0.0137219   46       3650     
 4555.97 101     9800     -138.279   -138.266   0.0137219   49       3668     
 4563    102     9891     -138.279   -138.266   0.0137168   53       3675     
 4563.54 102     9900     -138.279   -138.266   0.0137168   51       3675     
 4569.99 102     9950     -138.279   -138.266   0.0137168   50       3682     
 4571.01 103     10011    -138.279   -138.266   0.0137124   53       3682     
 4571.73 103     10050    -138.279   -138.266   0.0137124   55       3682     
 4578.52 104     10133    -138.279   -138.266   0.0137026   49       3689     
 4586.61 104     10150    -138.279   -138.266   0.0137026   45       3698     
 4598.83 105     10253    -138.279   -138.266   0.0136967   45       3711     
 4599.3  105     10254    -138.279   -138.266   0.0136967   45       3711     
 4607.29 105     10300    -138.279   -138.266   0.0136967   49       3720     
 4615.1  106     10373    -138.279   -138.266   0.0136912   39       3728     
 4628.22 106     10400    -138.279   -138.266   0.0136912   43       3743     
 4637.54 107     10491    -138.279   -138.266   0.0136881   42       3753     
 4638.88 107     10500    -138.279   -138.266   0.0136881   44       3754     
 4682.26 108     10550    -138.279   -138.266   0.0136881   48       3803     
 4683.47 108     10609    -138.279   -138.266   0.013681    45       3803     
 4699.96 108     10650    -138.279   -138.266   0.013681    49       3821     
 4713.39 109     10727    -138.279   -138.266   0.0136636   45       3834     
 4714.14 109     10750    -138.279   -138.266   0.0136636   48       3834     
 4724.74 110     10845    -138.279   -138.266   0.013656    40       3845     
 4725.29 110     10850    -138.279   -138.266   0.013656    43       3845     
 4746.83 110     10900    -138.279   -138.266   0.013656    40       3870     
 4750.58 111     10963    -138.279   -138.266   0.013479    47       3873     
 4751.41 111     11000    -138.279   -138.266   0.013479    53       3873     
 4766.06 112     11083    -138.279   -138.266   0.013469    52       3889     
 4780.49 112     11100    -138.279   -138.266   0.013469    58       3905     
 4796.56 113     11205    -138.279   -138.266   0.0134566   44       3922     
 4797.05 113     11206    -138.279   -138.266   0.0134566   44       3922     
 4797.76 113     11250    -138.279   -138.266   0.0134566   43       3922     
 4806.27 114     11325    -138.279   -138.266   0.0134478   44       3931     
 4812.07 114     11350    -138.279   -138.266   0.0134478   41       3937     
 4827.97 115     11447    -138.279   -138.266   0.0134025   43       3955     
 4828.46 115     11450    -138.279   -138.266   0.0134025   43       3955     
 4859.89 115     11500    -138.279   -138.266   0.0134025   39       3990     
 4867.78 116     11569    -138.279   -138.266   0.0133964   53       3997     
 4885.91 116     11600    -138.279   -138.266   0.0133964   44       4016     
 4915.12 117     11689    -138.279   -138.266   0.0133903   49       4044     
 4915.75 117     11700    -138.279   -138.266   0.0133903   56       4044     
 4935.77 118     11750    -138.279   -138.266   0.0133903   46       4065     
 4936.92 118     11811    -138.279   -138.266   0.0133863   57       4065     
 4937.73 118     11850    -138.279   -138.266   0.0133863   68       4065     
 4954.65 119     11931    -138.279   -138.266   0.0133842   63       4082     
 4955.35 119     11950    -138.279   -138.266   0.0133842   68       4082     
 4971    120     12051    -138.279   -138.266   0.013381    63       4097     
 4971.54 120     12052    -138.279   -138.266   0.013381    63       4097     
 5007.92 120     12100    -138.279   -138.266   0.013381    51       4136     
 5018.88 121     12171    -138.279   -138.266   0.0133733   47       4146     
 5019.78 121     12200    -138.279   -138.266   0.0133733   52       4146     
 5038.59 122     12291    -138.279   -138.266   0.0133693   52       4165     
 5039.21 122     12300    -138.279   -138.266   0.0133693   56       4165     
 5055.15 123     12350    -138.279   -138.266   0.0133693   53       4181     
 5056.27 123     12409    -138.279   -138.266   0.0133672   60       4181     
 5075.21 123     12450    -138.279   -138.266   0.0133672   57       4200     
 5094.38 124     12529    -138.279   -138.266   0.0133265   56       4218     
 5102.17 124     12550    -138.279   -138.266   0.0133265   56       4225     
 5132.14 125     12651    -138.279   -138.266   0.0133254   65       4254     
 5132.8  125     12652    -138.279   -138.266   0.0133254   65       4254     
 5145.73 125     12700    -138.279   -138.266   0.0133254   69       4266     
 5157.41 126     12771    -138.279   -138.266   0.0133245   60       4276     
 5172.87 126     12800    -138.279   -138.266   0.0133245   64       4290     
 5194.37 127     12891    -138.279   -138.266   0.0133216   66       4309     
 5195.12 127     12900    -138.279   -138.266   0.0133216   67       4309     
 5214.67 128     12950    -138.279   -138.266   0.0133216   71       4327     
 5216.01 128     13009    -138.279   -138.266   0.0133198   61       4327     
 5216.95 128     13050    -138.279   -138.266   0.0133198   63       4327     
 5233.94 129     13129    -138.279   -138.266   0.0133188   68       4342     
 5234.72 129     13150    -138.279   -138.266   0.0133188   72       4342     
 5254.96 130     13249    -138.279   -138.266   0.0133184   82       4360     
 5255.65 130     13250    -138.279   -138.266   0.0133184   82       4360     
 5270.11 130     13300    -138.279   -138.266   0.0133184   79       4374     
 5279.78 131     13369    -138.279   -138.266   0.0133182   76       4382     
 5280.64 131     13400    -138.279   -138.266   0.0133182   79       4382     
 5296.38 132     13489    -138.279   -138.266   0.0133181   74       4396     
 5297.13 132     13500    -138.279   -138.266   0.0133181   82       4396     
 5312.03 133     13609    -138.279   -138.266   0.0133175   62       4409     
 5312.67 133     13610    -138.279   -138.266   0.0133175   61       4409     
 5313.72 133     13650    -138.279   -138.266   0.0133175   62       4409     
 5327.22 134     13727    -138.279   -138.266   0.0133154   60       4421     
 5328.02 134     13750    -138.279   -138.266   0.0133154   65       4421     
 5342.38 135     13845    -138.279   -138.266   0.0133149   62       4434     
 5343.06 135     13850    -138.279   -138.266   0.0133149   65       4434     
 5352.64 135     13900    -138.279   -138.266   0.0133149   60       4443     
 5357.08 136     13963    -138.279   -138.266   0.0133148   66       4446     
 5357.99 136     14000    -138.279   -138.266   0.0133148   67       4446     
 5372.25 137     14081    -138.279   -138.266   0.0133147   68       4458     
 5373.09 137     14100    -138.279   -138.266   0.0133147   68       4458     
 5392.49 138     14199    -138.279   -138.266   0.0133145   77       4475     
 5393.16 138     14200    -138.279   -138.266   0.0133145   78       4475     
 5401.22 138     14250    -138.279   -138.266   0.0133145   76       4482     
 5409.75 139     14317    -138.279   -138.266   0.0133142   77       4489     
 5410.67 139     14350    -138.279   -138.266   0.0133142   77       4489     
 5426.94 140     14435    -138.279   -138.266   0.0133138   70       4503     
 5434.17 140     14450    -138.279   -138.266   0.0133138   69       4509     
 5462.17 141     14555    -138.279   -138.266   0.0133137   69       4534     
 5462.86 141     14556    -138.279   -138.266   0.0133137   69       4534     
 5478.59 141     14600    -138.279   -138.266   0.0133137   81       4548     
 5488.67 142     14675    -138.279   -138.266   0.0133114   65       4556     
 5506.84 142     14700    -138.279   -138.266   0.0133114   65       4572     
 5545.88 143     14793    -138.279   -138.266   0.0133045   57       4605     
 5546.54 143     14800    -138.279   -138.266   0.0133045   58       4605     
 5604    143     14850    -138.279   -138.266   0.0133045   53       4651     
 5609.52 144     14915    -138.279   -138.266   0.0132938   61       4654     
 5645.8  144     14950    -138.279   -138.266   0.0132938   62       4684     
 5677.5  145     15035    -138.279   -138.266   0.0132687   50       4708     
 5690.3  145     15050    -138.279   -138.266   0.0132687   49       4719     
 5730.65 146     15153    -138.279   -138.266   0.0132653   50       4753     
 5731.27 146     15154    -138.279   -138.266   0.0132653   50       4753     
 5776.95 146     15200    -138.279   -138.266   0.0132653   56       4792     
 5792.84 147     15273    -138.279   -138.266   0.0132611   59       4804     
 5814.94 147     15300    -138.279   -138.266   0.0132611   68       4822     
 5853.52 148     15391    -138.279   -138.266   0.0132589   56       4853     
 5854.26 148     15400    -138.279   -138.266   0.0132589   57       4853     
 5905.32 148     15450    -138.279   -138.266   0.0132589   55       4895     
 5907.06 149     15511    -138.279   -138.266   0.0132552   60       4895     
 5928.39 149     15550    -138.279   -138.266   0.0132552   64       4913     
 5953.41 150     15631    -138.279   -138.266   0.013253    58       4933     
 5965.89 150     15650    -138.279   -138.266   0.013253    60       4943     
 6014.39 151     15749    -138.279   -138.266   0.0132253   61       4982     
 6015.11 151     15750    -138.279   -138.266   0.0132253   62       4982     
 6072.76 151     15800    -138.279   -138.266   0.0132253   63       5027     
 6083.64 152     15867    -138.279   -138.266   0.0132214   60       5034     
 6112.44 152     15900    -138.279   -138.266   0.0132214   65       5057     
 6144.73 153     15985    -138.279   -138.266   0.0132196   59       5082     
 6145.61 153     16000    -138.279   -138.266   0.0132196   66       5082     
 6195.96 154     16105    -138.279   -138.266   0.013218    65       5122     
 6196.73 154     16106    -138.279   -138.266   0.013218    65       5122     
 6240.96 154     16150    -138.279   -138.266   0.013218    58       5157     
 6257.62 155     16221    -138.279   -138.266   0.0131223   60       5169     
 6269.71 155     16250    -138.279   -138.266   0.0131223   63       5178     
 6306.74 156     16339    -138.279   -138.266   0.0131213   60       5207     
 6311.28 156     16350    -138.279   -138.266   0.0131213   65       5210     
 6353.45 157     16459    -138.279   -138.266   0.0131066   58       5243     
 6354.19 157     16460    -138.279   -138.266   0.0131066   57       5243     
 6355.46 157     16500    -138.279   -138.266   0.0131066   64       5243     
 6368.92 158     16581    -138.279   -138.266   0.0131014   60       5253     
 6370    158     16600    -138.279   -138.266   0.0131014   66       5253     
 6394.8  159     16701    -138.279   -138.266   0.0130966   69       5272     
 6395.57 159     16702    -138.279   -138.266   0.0130966   68       5272     
 6396.66 159     16750    -138.279   -138.266   0.0130966   73       5272     
 6405.08 160     16821    -138.279   -138.266   0.0130936   72       5278     
 6406.04 160     16850    -138.279   -138.266   0.0130936   69       5278     
 6418.19 161     16943    -138.279   -138.266   0.0130909   73       5287     
 6419    161     16950    -138.279   -138.266   0.0130909   73       5287     
 6477.84 161     17000    -138.279   -138.266   0.0130909   74       5335     
 6480.93 162     17061    -138.279   -138.266   0.0130884   67       5336     
 6482.08 162     17100    -138.279   -138.266   0.0130884   64       5336     
 6488.32 163     17181    -138.279   -138.266   0.0130863   66       5340     
 6489.22 163     17200    -138.279   -138.266   0.0130863   65       5340     
 6496.56 164     17299    -138.279   -138.266   0.0130847   70       5345     
 6497.32 164     17300    -138.279   -138.266   0.0130847   70       5345     
 6500.57 164     17350    -138.279   -138.266   0.0130847   75       5347     
 6510    165     17417    -138.279   -138.266   0.0130834   72       5354     
 6510.94 165     17450    -138.279   -138.266   0.0130834   78       5354     
 6525.4  166     17537    -138.279   -138.266   0.0130823   87       5365     
 6526.35 166     17550    -138.279   -138.266   0.0130823   82       5365     
 6538.73 167     17655    -138.279   -138.266   0.0130806   63       5374     
 6539.46 167     17656    -138.279   -138.266   0.0130806   63       5374     
 6540.58 167     17700    -138.279   -138.266   0.0130806   60       5374     
 6552.82 168     17775    -138.279   -138.266   0.0130791   58       5383     
 6571.75 168     17800    -138.279   -138.266   0.0130791   60       5398     
 6589.14 169     17893    -138.279   -138.266   0.0130782   61       5411     
 6589.97 169     17900    -138.279   -138.266   0.0130782   66       5411     
 6639.17 169     17950    -138.279   -138.266   0.0130782   65       5451     
 6642.07 170     18011    -138.279   -138.266   0.0130774   57       5452     
 6683.1  170     18050    -138.279   -138.266   0.0130774   58       5484     
 6709.21 171     18129    -138.279   -138.266   0.0130756   77       5503     
 6715.51 171     18150    -138.279   -138.266   0.0130756   80       5507     
 6765.11 172     18247    -138.279   -138.266   0.0130744   59       5544     
 6765.89 172     18250    -138.279   -138.266   0.0130744   59       5544     
 6832.41 172     18300    -138.279   -138.266   0.0130744   68       5591     
 6841.37 173     18365    -138.279   -138.266   0.0130719   64       5596     
 6860.22 173     18400    -138.279   -138.266   0.0130719   65       5609     
 6893.71 174     18483    -138.279   -138.266   0.0130704   69       5632     
 6895.92 174     18500    -138.279   -138.266   0.0130704   67       5633     
 6954    175     18601    -138.279   -138.266   0.013069    60       5674     
 6954.82 175     18602    -138.279   -138.266   0.013069    61       5674     
 7008.03 175     18650    -138.279   -138.266   0.013069    57       5712     
 7024    176     18721    -138.279   -138.266   0.0130665   59       5722     
 7053.87 176     18750    -138.279   -138.266   0.0130665   63       5743     
 7097.18 177     18841    -138.279   -138.266   0.0130641   68       5773     
 7098.08 177     18850    -138.279   -138.266   0.0130641   73       5773     
 7161.83 178     18957    -138.279   -138.266   0.013063    71       5818     
 7162.66 178     18958    -138.279   -138.266   0.013063    71       5818     
 7199.94 178     19000    -138.279   -138.266   0.013063    85       5844     
 7220.32 179     19077    -138.279   -138.266   0.0130613   68       5857     
 7221.54 179     19100    -138.279   -138.266   0.0130613   70       5857     
 7247.37 180     19195    -138.279   -138.266   0.0130604   75       5874     
 7248.29 180     19200    -138.279   -138.266   0.0130604   75       5874     
 7260.5  180     19250    -138.279   -138.266   0.0130604   77       5882     
 7267.84 181     19315    -138.279   -138.266   0.0130599   82       5886     
 7298.05 181     19350    -138.279   -138.266   0.0130599   77       5907     
 7312.22 182     19433    -138.279   -138.266   0.0130558   73       5916     
 7313.26 182     19450    -138.279   -138.266   0.0130558   76       5916     
 7327.65 183     19551    -138.279   -138.266   0.0130548   76       5925     
 7328.53 183     19552    -138.279   -138.266   0.0130548   76       5925     
 7329.77 183     19600    -138.279   -138.266   0.0130548   72       5925     
 7343.42 184     19669    -138.279   -138.266   0.0130544   77       5934     
 7344.58 184     19700    -138.279   -138.266   0.0130544   80       5934     
 7356.85 185     19787    -138.279   -138.266   0.013054    79       5942     
 7357.84 185     19800    -138.279   -138.266   0.013054    86       5942     
 7371.76 186     19905    -138.279   -138.266   0.0130539   80       5951     
 7372.65 186     19906    -138.279   -138.266   0.0130539   80       5951     
 7405.26 186     19950    -138.279   -138.266   0.0130539   75       5974     
 7425.86 187     20023    -138.279   -138.266   0.0130519   78       5987     
 7427.5  187     20050    -138.279   -138.266   0.0130519   79       5987     
 7441.76 188     20139    -138.279   -138.266   0.0130263   83       5996     
 7442.82 188     20150    -138.279   -138.266   0.0130263   88       5996     
 7450.2  189     20255    -138.279   -138.266   0.0130255   79       6000     
 7451.06 189     20256    -138.279   -138.266   0.0130255   80       6000     
 7452.81 189     20300    -138.279   -138.266   0.0130255   72       6000     
 7466.19 190     20375    -138.279   -138.266   0.0130206   64       6009     
 7498.14 190     20400    -138.279   -138.266   0.0130206   66       6032     
 7510.14 191     20493    -138.279   -138.266   0.0130131   68       6039     
 7511.12 191     20500    -138.279   -138.266   0.0130131   71       6039     
 7518.84 191     20550    -138.279   -138.266   0.0130131   72       6044     
 7523.06 192     20613    -138.279   -138.266   0.0130089   74       6046     
 7524.57 192     20650    -138.279   -138.266   0.0130089   72       6046     
 7534.7  193     20729    -138.279   -138.266   0.012998    69       6053     
 7562.17 193     20750    -138.279   -138.266   0.012998    73       6074     
 7573.35 194     20847    -138.279   -138.266   0.0129941   72       6081     
 7574.24 194     20850    -138.279   -138.266   0.0129941   72       6081     
 7578.28 194     20900    -138.279   -138.266   0.0129941   74       6083     
 7585.05 195     20963    -138.279   -138.266   0.0129916   75       6087     
 7604.67 195     21000    -138.279   -138.266   0.0129916   80       6101     
 7617.02 196     21083    -138.279   -138.266   0.0129898   76       6109     
 7618.07 196     21100    -138.279   -138.266   0.0129898   80       6109     
 7627.85 197     21203    -138.279   -138.266   0.0129888   84       6115     
 7628.7  197     21204    -138.279   -138.266   0.0129888   84       6115     
 7629.87 197     21250    -138.279   -138.266   0.0129888   87       6115     
 7642.11 198     21323    -138.279   -138.266   0.0129879   82       6123     
 7643.19 198     21350    -138.279   -138.266   0.0129879   91       6123     
 7652.89 199     21441    -138.279   -138.266   0.0129872   79       6129     
 7653.84 199     21450    -138.279   -138.266   0.0129872   86       6129     
 7661.44 200     21500    -138.279   -138.266   0.0129872   89       6134     
 7663.07 200     21559    -138.279   -138.266   0.0129865   79       6134     
 7681.58 200     21600    -138.279   -138.266   0.0129865   85       6147     
 7692.74 201     21677    -138.279   -138.266   0.0129861   81       6154     
 7693.84 201     21700    -138.279   -138.266   0.0129861   93       6154     
 7699.61 202     21793    -138.279   -138.266   0.0129858   89       6157     
 7700.58 202     21800    -138.279   -138.266   0.0129858   95       6157     
 7742.92 202     21850    -138.279   -138.266   0.0129858   90       6187     
 7746.22 203     21911    -138.279   -138.266   0.0129855   82       6188     
 7783.49 203     21950    -138.279   -138.266   0.0129855   81       6214     
 7811.7  204     22029    -138.279   -138.266   0.0129853   75       6233     
 7823.02 204     22050    -138.279   -138.266   0.0129853   82       6240     
 7877.23 205     22147    -138.279   -138.266   0.0129851   82       6277     
 7878.22 205     22150    -138.279   -138.266   0.0129851   84       6277     
 7932.52 205     22200    -138.279   -138.266   0.0129851   72       6313     
 7941.83 206     22265    -138.279   -138.266   0.0129844   75       6318     
 7967.13 206     22300    -138.279   -138.266   0.0129844   83       6334     
 7998.89 207     22381    -138.279   -138.266   0.0129843   81       6354     
 8006.37 207     22400    -138.279   -138.266   0.0129843   86       6358     
 8069.55 208     22499    -138.279   -138.266   0.0129837   93       6397     
 8070.61 208     22500    -138.279   -138.266   0.0129837   94       6397     
 8131.22 208     22550    -138.279   -138.266   0.0129837   84       6434     
 8143.04 209     22615    -138.279   -138.266   0.0129836   93       6440     
 8164.27 209     22650    -138.279   -138.266   0.0129836   102      6452     
 8205.53 210     22735    -138.279   -138.266   0.0129835   89       6476     
 8206.82 210     22750    -138.279   -138.266   0.0129835   97       6476     
 8259.09 211     22851    -138.279   -138.266   0.0129835   99       6506     
 8260.24 211     22852    -138.279   -138.266   0.0129835   99       6506     
 8287.3  211     22900    -138.279   -138.266   0.0129835   111      6521     
 8305.57 212     22969    -138.279   -138.266   0.0129835   91       6530     
 8331.63 212     23000    -138.279   -138.266   0.0129835   87       6544     
 8379.16 213     23085    -138.279   -138.266   0.0129828   81       6570     
 8394.41 213     23100    -138.279   -138.266   0.0129828   85       6578     
 8473.17 214     23201    -138.279   -138.266   0.012958    71       6620     
 8474.21 214     23202    -138.279   -138.266   0.012958    71       6620     
 8545.81 214     23250    -138.279   -138.266   0.012958    69       6659     
 8562.64 215     23317    -138.279   -138.266   0.0129575   70       6667     
 8603.77 215     23350    -138.279   -138.266   0.0129575   79       6690     
 8647.63 216     23433    -138.279   -138.266   0.0129566   73       6714     
 8649.04 216     23450    -138.279   -138.266   0.0129566   80       6714     
 8682.55 217     23551    -138.279   -138.266   0.012956    69       6732     
 8683.61 217     23552    -138.279   -138.266   0.012956    69       6732     
 8685.27 217     23600    -138.279   -138.266   0.012956    73       6732     
 8697.52 218     23669    -138.279   -138.266   0.0129558   68       6738     
 8735.47 218     23700    -138.279   -138.266   0.0129558   79       6759     
 8784.68 219     23787    -138.279   -138.266   0.0129556   78       6786     
 8786.04 219     23800    -138.279   -138.266   0.0129556   87       6786     
 8860.61 220     23905    -138.279   -138.266   0.0129551   85       6825     
 8861.77 220     23906    -138.279   -138.266   0.0129551   85       6825     
 8914.48 220     23950    -138.279   -138.266   0.0129551   96       6853     
 8938.62 221     24021    -138.279   -138.266   0.0129546   88       6865     
 8940.31 221     24050    -138.279   -138.266   0.0129546   90       6865     
 8959.47 222     24139    -138.279   -138.266   0.0129545   83       6874     
 8960.85 222     24150    -138.279   -138.266   0.0129545   87       6874     
 9049.48 223     24255    -138.279   -138.266   0.0129544   92       6918     
 9050.73 223     24256    -138.279   -138.266   0.0129544   92       6918     
 9117.71 223     24300    -138.279   -138.266   0.0129544   101      6952     
 9149.26 224     24375    -138.279   -138.266   0.0129541   87       6966     
 9183.98 224     24400    -138.279   -138.266   0.0129541   93       6982     
 9254.61 225     24491    -138.279   -138.266   0.0129532   89       7014     
 9256.24 225     24500    -138.279   -138.266   0.0129532   89       7014     
 9346.48 226     24607    -138.279   -138.266   0.0129407   91       7054     
 9347.83 226     24608    -138.279   -138.266   0.0129407   92       7054     
 9353.98 226     24650    -138.279   -138.266   0.0129407   95       7056     
 9386.52 227     24723    -138.279   -138.266   0.0129406   101      7070     
 9388.4  227     24750    -138.279   -138.266   0.0129406   113      7070     
 9409.1  228     24839    -138.279   -138.266   0.0129404   84       7078     
 9410.63 228     24850    -138.279   -138.266   0.0129404   90       7078     
 9516.81 229     24959    -138.279   -138.266   0.0129392   92       7125     
 9518.11 229     24960    -138.279   -138.266   0.0129392   92       7125     
 9579.32 229     25000    -138.279   -138.266   0.0129392   86       7154     
 9615.11 230     25073    -138.279   -138.266   0.0129385   88       7169     
 9634.59 230     25100    -138.279   -138.266   0.0129385   97       7178     
 9697.85 231     25189    -138.279   -138.266   0.0129381   100      7208     
 9699.39 231     25200    -138.279   -138.266   0.0129381   101      7208     
 9737.47 232     25307    -138.279   -138.266   0.0129378   90       7226     
 9738.75 232     25308    -138.279   -138.266   0.0129378   91       7226     
 9772.85 232     25350    -138.279   -138.266   0.0129378   84       7243     
 9800.14 233     25425    -138.279   -138.266   0.0129375   77       7255     
 9836.98 233     25450    -138.279   -138.266   0.0129375   80       7272     
 9869.38 234     25541    -138.279   -138.266   0.0129372   78       7287     
 9870.77 234     25550    -138.279   -138.266   0.0129372   79       7287     
 9930.28 235     25600    -138.279   -138.266   0.0129372   79       7317     
 9932.91 235     25659    -138.279   -138.266   0.0129367   74       7317     
 9997.72 235     25700    -138.279   -138.266   0.0129367   84       7350     
 10033.6 236     25775    -138.279   -138.266   0.0129354   82       7366     
-------------------------------------------------------------------------------

SARSOP finishing ...
  Preset timeout reached
  Timeout     : 10000.000000s
  Actual Time : 10033.590000s

-------------------------------------------------------------------------------
 Time   |#Trial |#Backup |LBound    |UBound    |Precision  |#Alphas |#Beliefs  
-------------------------------------------------------------------------------
 10033.6 236     25775    -138.279   -138.266   0.0129354   82       7366     
-------------------------------------------------------------------------------

Writing out policy ...
  output file : RAM4_small/3a65a90d07.policyx

