
Loading the model ...
  input file   : /home/rstudio/RAM4_small/3b14dbd602.pomdpx
  loading time : 4.91s 

SARSOP initializing ...
  initialization time : 8707.47s

-------------------------------------------------------------------------------
 Time   |#Trial |#Backup |LBound    |UBound    |Precision  |#Alphas |#Beliefs  
-------------------------------------------------------------------------------
 8707.47 0       0        -1472.48   -1471.31   1.17145     101      1        
 8710.7  1       69       -1472.46   -1472.45   0.0170623   1        36       
 8719.24 1       100      -1472.46   -1472.45   0.0170623   1        67       
 8723.76 2       150      -1472.45   -1472.45   0.00510098  1        80       
 8734.78 4       201      -1472.45   -1472.45   0.000493054 1        102      
 8736.85 6       209      -1472.45   -1472.45   -0.000113891 9        105      
-------------------------------------------------------------------------------

SARSOP finishing ...
  target precision reached
  target precision  : 0.000000
  precision reached : -0.000114 

-------------------------------------------------------------------------------
 Time   |#Trial |#Backup |LBound    |UBound    |Precision  |#Alphas |#Beliefs  
-------------------------------------------------------------------------------
 8736.85 6       209      -1472.45   -1472.45   -0.000113891 1        105      
-------------------------------------------------------------------------------

Writing out policy ...
  output file : RAM4_small/3b14dbd602.policyx

