
Loading the model ...
  input file   : /home/rstudio/RAM4_small/3b2a18b23a.pomdpx
  loading time : 4.83s 

SARSOP initializing ...
  initialization time : 10322.07s

-------------------------------------------------------------------------------
 Time   |#Trial |#Backup |LBound    |UBound    |Precision  |#Alphas |#Beliefs  
-------------------------------------------------------------------------------
 10322.1 0       0        -472.97    -421.938   51.0318     101      1        
-------------------------------------------------------------------------------

SARSOP finishing ...
  Preset timeout reached
  Timeout     : 10000.000000s
  Actual Time : 10322.130000s

-------------------------------------------------------------------------------
 Time   |#Trial |#Backup |LBound    |UBound    |Precision  |#Alphas |#Beliefs  
-------------------------------------------------------------------------------
 10322.1 0       1        -472.971   -472.526   0.444985    1        2        
-------------------------------------------------------------------------------

Writing out policy ...
  output file : RAM4_small/3b2a18b23a.policyx

