
Loading the model ...
  input file   : /home/rstudio/RAM4_small/3b5e6d6521.pomdpx
  loading time : 4.77s 

SARSOP initializing ...
  initialization time : 12418.68s

-------------------------------------------------------------------------------
 Time   |#Trial |#Backup |LBound    |UBound    |Precision  |#Alphas |#Beliefs  
-------------------------------------------------------------------------------
 12418.7 0       0        -8052.96   -567.247   7485.72     101      1        
-------------------------------------------------------------------------------

SARSOP finishing ...
  Preset timeout reached
  Timeout     : 10000.000000s
  Actual Time : 12418.810000s

-------------------------------------------------------------------------------
 Time   |#Trial |#Backup |LBound    |UBound    |Precision  |#Alphas |#Beliefs  
-------------------------------------------------------------------------------
 12418.8 0       1        -8007.84   -4586.69   3421.15     41       2        
-------------------------------------------------------------------------------

Writing out policy ...
  output file : RAM4_small/3b5e6d6521.policyx

