
Loading the model ...
  input file   : /home/rstudio/RAM4_small/3b64a8a64a.pomdpx
  loading time : 4.87s 

SARSOP initializing ...
  initialization time : 7848.73s

-------------------------------------------------------------------------------
 Time   |#Trial |#Backup |LBound    |UBound    |Precision  |#Alphas |#Beliefs  
-------------------------------------------------------------------------------
 7848.73 0       0        -247.786   -230.985   16.8013     101      1        
 7851.37 1       85       -238.943   -231.423   7.52073     10       22       
 7851.4  1       100      -238.943   -231.423   7.52073     15       22       
 7852.34 2       181      -237.219   -231.423   5.79597     16       33       
 7852.36 2       200      -237.219   -231.423   5.79597     20       33       
 7853.9  3       281      -235.753   -231.423   4.33056     17       49       
 7853.94 3       300      -235.753   -231.423   4.33056     27       49       
 7857.36 4       397      -234.997   -231.423   3.57442     13       72       
 7857.38 4       400      -234.997   -231.423   3.57442     13       72       
 7857.94 4       450      -234.997   -231.423   3.57442     11       78       
 7858.76 5       519      -234.506   -231.423   3.08289     9        84       
 7859.15 5       550      -234.506   -231.423   3.08289     11       89       
 7859.8  6       643      -234.109   -231.423   2.68666     8        93       
 7859.83 6       650      -234.109   -231.423   2.68666     9        93       
 7860.41 6       700      -234.109   -231.423   2.68666     10       100      
 7861.26 7       769      -233.816   -231.423   2.3935      10       105      
 7861.32 7       800      -233.816   -231.423   2.3935      10       105      
 7862.21 8       895      -233.589   -231.423   2.16602     12       113      
 7862.23 8       900      -233.589   -231.423   2.16602     12       113      
 7862.84 8       950      -233.589   -231.423   2.16602     10       119      
 7863.41 9       1021     -233.392   -231.423   1.9696      9        122      
 7864.71 9       1050     -233.392   -231.423   1.9696      7        132      
 7866.09 10      1147     -233.215   -231.423   1.79211     7        139      
 7866.12 10      1150     -233.215   -231.423   1.79211     4        139      
 7866.56 10      1200     -233.215   -231.423   1.79211     4        143      
 7867.06 11      1275     -233.071   -231.423   1.64819     6        146      
 7867.12 11      1300     -233.071   -231.423   1.64819     6        146      
 7867.54 12      1403     -232.948   -231.423   1.5248      7        149      
 7867.57 12      1404     -232.948   -231.423   1.5248      7        149      
 7867.65 12      1450     -232.948   -231.423   1.5248      5        149      
 7868.35 13      1533     -232.839   -231.423   1.41661     7        154      
 7868.41 13      1550     -232.839   -231.423   1.41661     5        154      
 7869.18 14      1665     -232.739   -231.423   1.31655     7        159      
 7869.21 14      1666     -232.739   -231.423   1.31655     7        159      
 7869.6  14      1700     -232.739   -231.423   1.31655     6        163      
 7870.19 15      1797     -232.656   -231.423   1.23351     6        166      
 7870.22 15      1800     -232.656   -231.423   1.23351     4        166      
 7870.32 15      1850     -232.656   -231.423   1.23351     7        166      
 7870.96 16      1929     -232.59    -231.423   1.16753     6        170      
 7871.02 16      1950     -232.59    -231.423   1.16753     6        170      
 7871.93 17      2061     -232.513   -231.423   1.08986     8        175      
 7871.97 17      2062     -232.513   -231.423   1.08986     8        175      
 7872.55 17      2100     -232.513   -231.423   1.08986     5        180      
 7873.85 18      2193     -232.439   -231.423   1.01635     6        187      
 7873.9  18      2200     -232.439   -231.423   1.01635     5        187      
 7873.99 18      2250     -232.439   -231.423   1.01635     6        187      
 7874.97 19      2327     -232.385   -231.423   0.96193     8        192      
 7875.05 19      2350     -232.385   -231.423   0.96193     5        192      
 7875.85 20      2459     -232.329   -231.423   0.906304    8        197      
 7875.89 20      2460     -232.329   -231.423   0.906304    7        197      
 7876.5  20      2500     -232.329   -231.423   0.906304    5        202      
 7878.47 21      2593     -232.28    -231.423   0.857409    8        211      
 7878.53 21      2600     -232.28    -231.423   0.857409    5        211      
 7879.14 21      2650     -232.28    -231.423   0.857409    5        215      
 7880.56 22      2727     -232.235   -231.423   0.81217     8        221      
 7881.01 22      2750     -232.235   -231.423   0.81217     6        224      
 7882.24 23      2861     -232.196   -231.423   0.773063    9        229      
 7882.29 23      2862     -232.196   -231.423   0.773063    8        229      
 7882.4  23      2900     -232.196   -231.423   0.773063    5        229      
 7883.38 24      2995     -232.158   -231.423   0.73546     10       234      
 7883.44 24      3000     -232.158   -231.423   0.73546     5        234      
 7883.74 24      3050     -232.158   -231.423   0.73546     6        236      
 7884.48 25      3131     -232.122   -231.423   0.699524    8        239      
 7884.56 25      3150     -232.122   -231.423   0.699524    5        239      
 7885.24 26      3267     -232.09    -231.423   0.667216    11       242      
 7885.29 26      3268     -232.09    -231.423   0.667216    10       242      
 7885.39 26      3300     -232.09    -231.423   0.667216    7        242      
 7886.98 27      3403     -232.063   -231.423   0.640243    8        250      
 7887.03 27      3404     -232.063   -231.423   0.640243    7        250      
 7887.65 27      3450     -232.063   -231.423   0.640243    9        254      
 7888.34 28      3539     -232.038   -231.423   0.614868    10       256      
 7888.41 28      3550     -232.038   -231.423   0.614868    8        256      
 7888.61 28      3600     -232.038   -231.423   0.614868    8        257      
 7889.7  29      3675     -232.012   -231.423   0.588914    8        263      
 7890.21 29      3700     -232.012   -231.423   0.588914    7        266      
 7891.62 30      3811     -231.988   -231.423   0.564813    8        271      
 7891.67 30      3812     -231.988   -231.423   0.564813    8        271      
 7891.8  30      3850     -231.988   -231.423   0.564813    7        271      
 7893.82 31      3947     -231.965   -231.423   0.542342    8        281      
 7893.88 31      3950     -231.965   -231.423   0.542342    6        281      
 7894    31      4000     -231.965   -231.423   0.542342    7        281      
 7895.57 32      4083     -231.946   -231.423   0.52366     9        288      
 7895.65 32      4100     -231.946   -231.423   0.52366     6        288      
 7897.31 32      4150     -231.946   -231.423   0.52366     8        297      
 7897.71 33      4219     -231.93    -231.423   0.507213    8        298      
 7899.08 33      4250     -231.93    -231.423   0.507213    7        305      
 7900.5  34      4355     -231.912   -231.423   0.489613    9        310      
 7900.56 34      4356     -231.912   -231.423   0.489613    9        310      
 7901.57 34      4400     -231.912   -231.423   0.489613    8        316      
 7903.58 35      4491     -231.891   -231.423   0.467977    10       323      
 7905.01 35      4500     -231.891   -231.423   0.467977    10       330      
 7905.25 35      4550     -231.891   -231.423   0.467977    11       331      
 7906.55 36      4627     -231.876   -231.423   0.452677    12       335      
 7906.98 36      4650     -231.876   -231.423   0.452677    8        337      
 7908.58 37      4763     -231.86    -231.423   0.436702    10       343      
 7908.65 37      4764     -231.86    -231.423   0.436702    10       343      
 7909.05 37      4800     -231.86    -231.423   0.436702    9        345      
 7909.33 38      4899     -231.846   -231.423   0.422844    12       345      
 7909.4  38      4900     -231.846   -231.423   0.422844    12       345      
 7909.55 38      4950     -231.846   -231.423   0.422844    11       345      
 7911.15 39      5035     -231.832   -231.423   0.40935     10       351      
 7911.34 39      5050     -231.832   -231.423   0.40935     8        352      
 7912.45 39      5100     -231.832   -231.423   0.40935     8        357      
 7913.26 40      5171     -231.817   -231.423   0.394481    10       359      
 7913.37 40      5200     -231.817   -231.423   0.394481    11       359      
 7914.72 41      5309     -231.804   -231.423   0.381651    10       364      
 7914.79 41      5310     -231.804   -231.423   0.381651    10       364      
 7914.92 41      5350     -231.804   -231.423   0.381651    9        364      
 7916.68 42      5445     -231.792   -231.423   0.369365    10       370      
 7916.76 42      5450     -231.792   -231.423   0.369365    9        370      
 7916.9  42      5500     -231.792   -231.423   0.369365    9        370      
 7918.06 43      5581     -231.781   -231.423   0.358041    10       374      
 7918.16 43      5600     -231.781   -231.423   0.358041    9        374      
 7918.7  44      5650     -231.781   -231.423   0.358041    11       376      
 7918.97 44      5719     -231.769   -231.423   0.346443    11       376      
 7919.09 44      5750     -231.769   -231.423   0.346443    8        376      
 7921.38 45      5857     -231.758   -231.423   0.33545     10       384      
 7921.45 45      5858     -231.758   -231.423   0.33545     10       384      
 7921.59 45      5900     -231.758   -231.423   0.33545     8        384      
 7922.4  46      5993     -231.749   -231.423   0.325956    11       387      
 7922.49 46      6000     -231.749   -231.423   0.325956    9        387      
 7922.64 46      6050     -231.749   -231.423   0.325956    9        387      
 7924.05 47      6131     -231.739   -231.423   0.315684    11       392      
 7924.16 47      6150     -231.739   -231.423   0.315684    9        392      
 7924.74 48      6200     -231.739   -231.423   0.315684    10       394      
 7925.01 48      6269     -231.729   -231.423   0.305854    11       394      
 7925.13 48      6300     -231.729   -231.423   0.305854    7        394      
 7927.33 49      6405     -231.719   -231.423   0.296492    9        401      
 7927.4  49      6406     -231.719   -231.423   0.296492    9        401      
 7927.55 49      6450     -231.719   -231.423   0.296492    9        401      
 7929.76 50      6543     -231.711   -231.423   0.287711    10       408      
 7929.85 50      6550     -231.711   -231.423   0.287711    10       408      
 7930    50      6600     -231.711   -231.423   0.287711    10       408      
 7932.45 51      6681     -231.702   -231.423   0.279395    11       416      
 7933.43 51      6700     -231.702   -231.423   0.279395    9        420      
 7936.27 52      6750     -231.702   -231.423   0.279395    9        428      
 7936.53 52      6819     -231.695   -231.423   0.272578    10       428      
 7936.8  52      6850     -231.695   -231.423   0.272578    8        429      
 7939.75 53      6957     -231.688   -231.423   0.264828    11       438      
 7939.84 53      6958     -231.688   -231.423   0.264828    11       438      
 7939.98 53      7000     -231.688   -231.423   0.264828    10       438      
 7943.37 54      7095     -231.681   -231.423   0.258418    11       448      
 7945.08 54      7100     -231.681   -231.423   0.258418    11       453      
 7945.79 54      7150     -231.681   -231.423   0.258418    11       455      
 7949.59 55      7233     -231.675   -231.423   0.251674    12       464      
 7951.74 55      7250     -231.675   -231.423   0.251674    9        470      
 7955.39 55      7300     -231.675   -231.423   0.251674    10       478      
 7956    56      7369     -231.667   -231.423   0.243663    10       479      
 7958.52 56      7400     -231.667   -231.423   0.243663    10       486      
 7962.22 57      7507     -231.661   -231.423   0.237908    10       495      
 7962.32 57      7508     -231.661   -231.423   0.237908    10       495      
 7962.5  57      7550     -231.661   -231.423   0.237908    10       495      
 7965.77 58      7643     -231.654   -231.423   0.231407    12       503      
 7965.88 58      7650     -231.654   -231.423   0.231407    10       503      
 7966.26 58      7700     -231.654   -231.423   0.231407    11       504      
 7969.17 59      7781     -231.649   -231.423   0.225897    10       511      
 7969.31 59      7800     -231.649   -231.423   0.225897    10       511      
 7971.78 60      7850     -231.649   -231.423   0.225897    10       517      
 7972.11 60      7919     -231.643   -231.423   0.220055    12       517      
 7972.27 60      7950     -231.643   -231.423   0.220055    10       517      
 7973.64 61      8057     -231.638   -231.423   0.214556    10       520      
 7973.75 61      8058     -231.638   -231.423   0.214556    11       520      
 7973.93 61      8100     -231.638   -231.423   0.214556    11       520      
 7977.33 62      8193     -231.633   -231.423   0.210346    10       528      
 7977.45 62      8200     -231.633   -231.423   0.210346    10       528      
 7977.66 62      8250     -231.633   -231.423   0.210346    10       528      
 7980.24 63      8329     -231.627   -231.423   0.203672    13       535      
 7980.39 63      8350     -231.627   -231.423   0.203672    11       535      
 7984.58 64      8467     -231.622   -231.423   0.199208    12       544      
 7984.68 64      8468     -231.622   -231.423   0.199208    12       544      
 7984.85 64      8500     -231.622   -231.423   0.199208    12       544      
 7990.03 65      8605     -231.616   -231.423   0.193433    14       555      
 7990.14 65      8606     -231.616   -231.423   0.193433    14       555      
 7990.33 65      8650     -231.616   -231.423   0.193433    12       555      
 7994.51 66      8743     -231.612   -231.423   0.188993    12       564      
 7994.63 66      8750     -231.612   -231.423   0.188993    12       564      
 7994.82 66      8800     -231.612   -231.423   0.188993    12       564      
 7996.67 67      8881     -231.607   -231.423   0.183782    12       568      
 7996.83 67      8900     -231.607   -231.423   0.183782    10       568      
 8002.22 68      8950     -231.607   -231.423   0.183782    13       580      
 8002.53 68      9019     -231.602   -231.423   0.179317    13       580      
 8002.7  68      9050     -231.602   -231.423   0.179317    12       580      
 8006.5  69      9155     -231.599   -231.423   0.176382    12       588      
 8006.62 69      9156     -231.599   -231.423   0.176382    11       588      
 8009.14 69      9200     -231.599   -231.423   0.176382    10       594      
 8012.78 70      9293     -231.595   -231.423   0.172338    12       601      
 8014.35 70      9300     -231.595   -231.423   0.172338    12       605      
 8014.55 70      9350     -231.595   -231.423   0.172338    12       605      
 8019.81 71      9429     -231.59    -231.423   0.167403    12       615      
 8022.6  71      9450     -231.59    -231.423   0.167403    13       621      
 8027.54 72      9567     -231.587   -231.423   0.16421     12       630      
 8027.67 72      9568     -231.587   -231.423   0.16421     12       630      
 8027.85 72      9600     -231.587   -231.423   0.16421     11       630      
 8033.45 73      9703     -231.583   -231.423   0.160072    12       641      
 8033.58 73      9704     -231.583   -231.423   0.160072    12       641      
 8034.56 73      9750     -231.583   -231.423   0.160072    12       643      
 8038.98 74      9841     -231.58    -231.423   0.156826    13       651      
 8042.73 74      9850     -231.58    -231.423   0.156826    13       660      
 8043.21 74      9900     -231.58    -231.423   0.156826    12       661      
 8048.46 75      9979     -231.576   -231.423   0.152976    13       670      
 8048.64 75      10000    -231.576   -231.423   0.152976    13       670      
 8051.52 76      10117    -231.573   -231.423   0.150242    10       675      
 8051.65 76      10118    -231.573   -231.423   0.150242    10       675      
 8051.84 76      10150    -231.573   -231.423   0.150242    13       675      
 8055.06 77      10253    -231.57    -231.423   0.147191    12       681      
 8055.19 77      10254    -231.57    -231.423   0.147191    13       681      
 8057.17 77      10300    -231.57    -231.423   0.147191    13       686      
 8060.79 78      10391    -231.568   -231.423   0.144816    12       692      
 8060.95 78      10400    -231.568   -231.423   0.144816    12       692      
 8061.18 78      10450    -231.568   -231.423   0.144816    12       692      
 8063.83 79      10527    -231.565   -231.423   0.141978    13       697      
 8064.65 79      10550    -231.565   -231.423   0.141978    14       699      
 8068.66 80      10665    -231.562   -231.423   0.139367    14       706      
 8068.8  80      10666    -231.562   -231.423   0.139367    14       706      
 8069.01 80      10700    -231.562   -231.423   0.139367    13       706      
 8076.82 81      10801    -231.559   -231.423   0.136271    14       719      
 8076.96 81      10802    -231.559   -231.423   0.136271    14       719      
 8079.48 81      10850    -231.559   -231.423   0.136271    13       724      
 8085.66 82      10939    -231.557   -231.423   0.133619    11       734      
 8086.64 82      10950    -231.557   -231.423   0.133619    11       736      
 8087.98 82      11000    -231.557   -231.423   0.133619    12       738      
 8091.93 83      11075    -231.553   -231.423   0.130389    10       744      
 8093.39 83      11100    -231.553   -231.423   0.130389    13       747      
 8096.96 84      11213    -231.552   -231.423   0.128565    13       753      
 8097.11 84      11214    -231.552   -231.423   0.128565    12       753      
 8098.26 84      11250    -231.552   -231.423   0.128565    13       755      
 8106.65 85      11349    -231.549   -231.423   0.126368    14       768      
 8106.8  85      11350    -231.549   -231.423   0.126368    14       768      
 8107.06 85      11400    -231.549   -231.423   0.126368    13       768      
 8112.29 86      11485    -231.546   -231.423   0.123187    13       776      
 8112.48 86      11500    -231.546   -231.423   0.123187    13       776      
 8117.69 86      11550    -231.546   -231.423   0.123187    12       784      
 8119.37 87      11621    -231.545   -231.423   0.121526    13       786      
 8119.91 87      11650    -231.545   -231.423   0.121526    11       787      
 8126.32 88      11757    -231.542   -231.423   0.119257    15       797      
 8126.48 88      11758    -231.542   -231.423   0.119257    15       797      
 8126.72 88      11800    -231.542   -231.423   0.119257    13       797      
 8135.51 89      11891    -231.539   -231.423   0.115803    12       810      
 8135.69 89      11900    -231.539   -231.423   0.115803    12       810      
 8136.33 89      11950    -231.539   -231.423   0.115803    12       811      
 8141.87 90      12029    -231.537   -231.423   0.11417     13       820      
 8143    90      12050    -231.537   -231.423   0.11417     12       822      
 8151.24 91      12165    -231.536   -231.423   0.112457    13       834      
 8151.4  91      12166    -231.536   -231.423   0.112457    13       834      
 8151.99 91      12200    -231.536   -231.423   0.112457    13       835      
 8158.12 92      12301    -231.533   -231.423   0.110362    15       845      
 8158.9  92      12302    -231.533   -231.423   0.110362    15       846      
 8162    92      12350    -231.533   -231.423   0.110362    15       851      
 8174.03 93      12437    -231.531   -231.423   0.107505    16       867      
 8174.23 93      12450    -231.531   -231.423   0.107505    15       867      
 8175.71 93      12500    -231.531   -231.423   0.107505    17       869      
 8179.47 94      12575    -231.529   -231.423   0.105738    15       874      
 8179.69 94      12600    -231.529   -231.423   0.105738    15       874      
 8186.64 95      12713    -231.528   -231.423   0.104524    15       884      
 8186.81 95      12714    -231.528   -231.423   0.104524    15       884      
 8187.06 95      12750    -231.528   -231.423   0.104524    14       884      
 8192.59 96      12849    -231.527   -231.423   0.103559    16       892      
 8192.78 96      12850    -231.527   -231.423   0.103559    16       892      
 8193.07 96      12900    -231.527   -231.423   0.103559    16       892      
 8197.18 97      12985    -231.525   -231.423   0.101411    12       898      
 8197.37 97      13000    -231.525   -231.423   0.101411    12       898      
 8204.59 97      13050    -231.525   -231.423   0.101411    15       909      
 8207.2  98      13123    -231.523   -231.423   0.100302    13       912      
 8207.43 98      13150    -231.523   -231.423   0.100302    13       912      
 8214.63 99      13259    -231.522   -231.423   0.0984732   13       922      
 8214.8  99      13260    -231.522   -231.423   0.0984732   12       922      
 8215.05 99      13300    -231.522   -231.423   0.0984732   12       922      
 8219.37 100     13393    -231.519   -231.423   0.0961934   14       928      
 8219.57 100     13400    -231.519   -231.423   0.0961934   14       928      
 8220.97 100     13450    -231.519   -231.423   0.0961934   16       930      
 8225.91 101     13529    -231.519   -231.423   0.0954611   15       937      
 8228.42 101     13550    -231.519   -231.423   0.0954611   15       941      
 8235.75 102     13665    -231.517   -231.423   0.0937774   14       951      
 8235.94 102     13666    -231.517   -231.423   0.0937774   13       951      
 8236.19 102     13700    -231.517   -231.423   0.0937774   13       951      
 8243.57 103     13801    -231.516   -231.423   0.0926471   13       961      
 8243.75 103     13802    -231.516   -231.423   0.0926471   14       961      
 8244.03 103     13850    -231.516   -231.423   0.0926471   14       961      
 8249.59 104     13937    -231.515   -231.423   0.0914922   16       968      
 8252.51 104     13950    -231.515   -231.423   0.0914922   16       972      
 8257.36 104     14000    -231.515   -231.423   0.0914922   16       978      
 8260.79 105     14073    -231.514   -231.423   0.0904173   15       982      
 8263.43 105     14100    -231.514   -231.423   0.0904173   14       986      
 8269.66 106     14207    -231.512   -231.423   0.0890087   15       994      
 8269.85 106     14208    -231.512   -231.423   0.0890087   15       994      
 8270.13 106     14250    -231.512   -231.423   0.0890087   15       994      
 8277.2  107     14343    -231.511   -231.423   0.0877772   16       1003     
 8277.79 107     14350    -231.511   -231.423   0.0877772   15       1004     
 8283.08 107     14400    -231.511   -231.423   0.0877772   15       1011     
 8290.8  108     14479    -231.51    -231.423   0.0867071   17       1020     
 8291.53 108     14500    -231.51    -231.423   0.0867071   16       1021     
 8298.73 109     14613    -231.508   -231.423   0.0850828   16       1030     
 8298.94 109     14614    -231.508   -231.423   0.0850828   15       1030     
 8299.21 109     14650    -231.508   -231.423   0.0850828   17       1030     
 8311.58 110     14749    -231.508   -231.423   0.0843418   16       1045     
 8311.79 110     14750    -231.508   -231.423   0.0843418   17       1045     
 8312.09 110     14800    -231.508   -231.423   0.0843418   17       1045     
 8317.53 111     14885    -231.506   -231.423   0.0832947   17       1051     
 8317.76 111     14900    -231.506   -231.423   0.0832947   17       1051     
 8322.65 111     14950    -231.506   -231.423   0.0832947   18       1057     
 8324.47 112     15021    -231.505   -231.423   0.0821433   16       1059     
 8324.74 112     15050    -231.505   -231.423   0.0821433   16       1059     
 8330.18 113     15157    -231.504   -231.423   0.0811368   16       1066     
 8330.39 113     15158    -231.504   -231.423   0.0811368   17       1066     
 8330.68 113     15200    -231.504   -231.423   0.0811368   14       1066     
 8342.87 114     15293    -231.504   -231.423   0.0803336   14       1082     
 8343.11 114     15300    -231.504   -231.423   0.0803336   14       1082     
 8343.44 114     15350    -231.504   -231.423   0.0803336   15       1082     
 8351.46 115     15427    -231.502   -231.423   0.0792041   16       1091     
 8351.72 115     15450    -231.502   -231.423   0.0792041   14       1091     
 8360.55 116     15561    -231.5     -231.423   0.0771583   14       1102     
 8360.77 116     15562    -231.5     -231.423   0.0771583   15       1102     
 8361.55 116     15600    -231.5     -231.423   0.0771583   14       1103     
 8367.99 117     15697    -231.5     -231.423   0.0765115   15       1111     
 8368.21 117     15700    -231.5     -231.423   0.0765115   16       1111     
 8368.52 117     15750    -231.5     -231.423   0.0765115   16       1111     
 8374.26 118     15833    -231.499   -231.423   0.0757537   18       1117     
 8374.52 118     15850    -231.499   -231.423   0.0757537   17       1117     
 8384.25 118     15900    -231.499   -231.423   0.0757537   17       1129     
 8384.7  119     15969    -231.498   -231.423   0.0746551   16       1129     
 8385.01 119     16000    -231.498   -231.423   0.0746551   16       1129     
 8390.24 120     16105    -231.497   -231.423   0.0739401   17       1135     
 8390.45 120     16106    -231.497   -231.423   0.0739401   17       1135     
 8390.76 120     16150    -231.497   -231.423   0.0739401   18       1135     
 8399.72 121     16239    -231.496   -231.423   0.0731194   14       1145     
 8399.96 121     16250    -231.496   -231.423   0.0731194   14       1145     
 8401.59 121     16300    -231.496   -231.423   0.0731194   15       1147     
 8406.34 122     16373    -231.495   -231.423   0.0720234   16       1152     
 8406.61 122     16400    -231.495   -231.423   0.0720234   16       1152     
 8412.06 123     16509    -231.495   -231.423   0.0713669   19       1158     
 8412.28 123     16510    -231.495   -231.423   0.0713669   19       1158     
 8412.58 123     16550    -231.495   -231.423   0.0713669   18       1158     
 8421.56 124     16645    -231.494   -231.423   0.0706668   18       1168     
 8426.33 124     16650    -231.494   -231.423   0.0706668   18       1173     
 8432.3  124     16700    -231.494   -231.423   0.0706668   18       1180     
 8438.69 125     16779    -231.492   -231.423   0.0686532   16       1186     
 8438.97 125     16800    -231.492   -231.423   0.0686532   17       1186     
 8450.06 126     16917    -231.491   -231.423   0.0677884   16       1198     
 8450.3  126     16918    -231.491   -231.423   0.0677884   17       1198     
 8450.61 126     16950    -231.491   -231.423   0.0677884   16       1198     
 8456.9  127     17055    -231.49    -231.423   0.0670971   16       1204     
 8457.13 127     17056    -231.49    -231.423   0.0670971   17       1204     
 8459.72 127     17100    -231.49    -231.423   0.0670971   17       1207     
 8474.25 128     17191    -231.489   -231.423   0.0661881   17       1221     
 8474.51 128     17200    -231.489   -231.423   0.0661881   17       1221     
 8474.86 128     17250    -231.489   -231.423   0.0661881   18       1221     
 8481.04 129     17327    -231.489   -231.423   0.0655357   20       1227     
 8481.34 129     17350    -231.489   -231.423   0.0655357   19       1227     
 8498.41 130     17463    -231.488   -231.423   0.0645917   17       1245     
 8498.7  130     17464    -231.488   -231.423   0.0645917   18       1245     
 8499.62 130     17500    -231.488   -231.423   0.0645917   18       1246     
 8504.88 131     17599    -231.487   -231.423   0.0640593   17       1251     
 8505.12 131     17600    -231.487   -231.423   0.0640593   15       1251     
 8505.48 131     17650    -231.487   -231.423   0.0640593   16       1251     
 8516.39 132     17733    -231.487   -231.423   0.063508    16       1262     
 8516.72 132     17750    -231.487   -231.423   0.063508    16       1262     
 8530.33 133     17800    -231.487   -231.423   0.063508    17       1275     
 8530.8  133     17867    -231.486   -231.423   0.0626717   19       1275     
 8531.12 133     17900    -231.486   -231.423   0.0626717   18       1275     
 8540.22 134     18003    -231.486   -231.423   0.0622532   18       1284     
 8540.47 134     18004    -231.486   -231.423   0.0622532   18       1284     
 8540.84 134     18050    -231.486   -231.423   0.0622532   18       1284     
 8548.4  135     18137    -231.485   -231.423   0.0617527   19       1291     
 8548.69 135     18150    -231.485   -231.423   0.0617527   18       1291     
 8554.19 135     18200    -231.485   -231.423   0.0617527   17       1296     
 8557.66 136     18271    -231.485   -231.423   0.0614399   18       1299     
 8557.99 136     18300    -231.485   -231.423   0.0614399   19       1299     
 8570.4  137     18405    -231.484   -231.423   0.0611494   19       1311     
 8570.66 137     18406    -231.484   -231.423   0.0611494   19       1311     
 8571.04 137     18450    -231.484   -231.423   0.0611494   18       1311     
 8578.82 138     18539    -231.483   -231.423   0.0601812   21       1318     
 8581.88 138     18550    -231.483   -231.423   0.0601812   17       1321     
 8586.58 138     18600    -231.483   -231.423   0.0601812   17       1325     
 8592.64 139     18673    -231.483   -231.423   0.0597733   16       1330     
 8592.97 139     18700    -231.483   -231.423   0.0597733   17       1330     
 8602.66 140     18807    -231.483   -231.423   0.0594029   18       1339     
 8602.93 140     18808    -231.483   -231.423   0.0594029   18       1339     
 8608.04 140     18850    -231.483   -231.423   0.0594029   18       1344     
 8619.72 141     18941    -231.481   -231.423   0.0581442   17       1355     
 8620    141     18950    -231.481   -231.423   0.0581442   18       1355     
 8623.24 141     19000    -231.481   -231.423   0.0581442   19       1359     
 8629.77 142     19077    -231.481   -231.423   0.0577287   20       1365     
 8633.67 142     19100    -231.481   -231.423   0.0577287   19       1369     
 8648.2  143     19213    -231.48    -231.423   0.0569798   18       1382     
 8648.46 143     19214    -231.48    -231.423   0.0569798   19       1382     
 8648.81 143     19250    -231.48    -231.423   0.0569798   17       1382     
 8660.12 144     19347    -231.48    -231.423   0.0564818   20       1392     
 8660.4  144     19350    -231.48    -231.423   0.0564818   18       1392     
 8665.92 144     19400    -231.48    -231.423   0.0564818   20       1397     
 8680.38 145     19481    -231.479   -231.423   0.0561485   20       1410     
 8680.7  145     19500    -231.479   -231.423   0.0561485   20       1410     
 8690.08 146     19615    -231.479   -231.423   0.0558833   21       1418     
 8690.36 146     19616    -231.479   -231.423   0.0558833   21       1418     
 8691.5  146     19650    -231.479   -231.423   0.0558833   20       1419     
 8710.21 147     19749    -231.479   -231.423   0.0553831   22       1435     
 8710.49 147     19750    -231.479   -231.423   0.0553831   22       1435     
 8710.9  147     19800    -231.479   -231.423   0.0553831   20       1435     
 8727.79 148     19883    -231.478   -231.423   0.0548641   17       1449     
 8728.11 148     19900    -231.478   -231.423   0.0548641   18       1449     
 8740.51 149     19950    -231.478   -231.423   0.0548641   18       1460     
 8741.01 149     20017    -231.478   -231.423   0.0545104   20       1460     
 8743.13 149     20050    -231.478   -231.423   0.0545104   19       1462     
 8761.45 150     20151    -231.477   -231.423   0.0538502   20       1478     
 8761.75 150     20152    -231.477   -231.423   0.0538502   20       1478     
 8762.16 150     20200    -231.477   -231.423   0.0538502   20       1478     
 8775.85 151     20285    -231.477   -231.423   0.053309    23       1489     
 8776.19 151     20300    -231.477   -231.423   0.053309    20       1489     
 8787.8  151     20350    -231.477   -231.423   0.053309    22       1499     
 8789.76 152     20419    -231.476   -231.423   0.052848    22       1500     
 8790.14 152     20450    -231.476   -231.423   0.052848    20       1500     
 8796.63 153     20551    -231.476   -231.423   0.0522688   22       1505     
 8796.92 153     20552    -231.476   -231.423   0.0522688   22       1505     
 8801.54 153     20600    -231.476   -231.423   0.0522688   20       1509     
 8812.71 154     20685    -231.475   -231.423   0.0518662   19       1518     
 8813.05 154     20700    -231.475   -231.423   0.0518662   19       1518     
 8816.55 154     20750    -231.475   -231.423   0.0518662   22       1521     
 8817.1  155     20817    -231.475   -231.423   0.0515913   21       1521     
 8817.48 155     20850    -231.475   -231.423   0.0515913   21       1521     
 8833.83 156     20949    -231.474   -231.423   0.050984    21       1535     
 8834.12 156     20950    -231.474   -231.423   0.050984    22       1535     
 8834.56 156     21000    -231.474   -231.423   0.050984    23       1535     
 8842.78 157     21083    -231.474   -231.423   0.05057     22       1542     
 8843.12 157     21100    -231.474   -231.423   0.05057     19       1542     
 8858.68 158     21215    -231.474   -231.423   0.0502      19       1555     
 8858.99 158     21216    -231.474   -231.423   0.0502      19       1555     
 8859.38 158     21250    -231.474   -231.423   0.0502      20       1555     
 8866.76 159     21347    -231.473   -231.423   0.0499075   20       1561     
 8868.26 159     21350    -231.473   -231.423   0.0499075   18       1562     
 8872.79 159     21400    -231.473   -231.423   0.0499075   19       1566     
 8886.59 160     21479    -231.472   -231.423   0.0485154   21       1576     
 8886.96 160     21500    -231.472   -231.423   0.0485154   18       1576     
 8896.11 161     21613    -231.471   -231.423   0.048156    19       1583     
 8896.43 161     21614    -231.471   -231.423   0.048156    19       1583     
 8896.83 161     21650    -231.471   -231.423   0.048156    17       1583     
 8904.59 162     21749    -231.471   -231.423   0.0478949   18       1589     
 8904.9  162     21750    -231.471   -231.423   0.0478949   19       1589     
 8907.93 162     21800    -231.471   -231.423   0.0478949   19       1591     
 8920.21 163     21883    -231.471   -231.423   0.0476291   22       1601     
 8920.58 163     21900    -231.471   -231.423   0.0476291   22       1601     
 8940.79 164     21950    -231.471   -231.423   0.0476291   20       1617     
 8941.41 164     22017    -231.471   -231.423   0.0473359   22       1617     
 8941.81 164     22050    -231.471   -231.423   0.0473359   22       1617     
 8955.56 165     22151    -231.47    -231.423   0.0469832   20       1627     
 8955.88 165     22152    -231.47    -231.423   0.0469832   20       1627     
 8956.31 165     22200    -231.47    -231.423   0.0469832   20       1627     
 8963.98 166     22285    -231.47    -231.423   0.0467017   20       1633     
 8964.37 166     22300    -231.47    -231.423   0.0467017   20       1633     
 8970.97 166     22350    -231.47    -231.423   0.0467017   19       1638     
 8972.96 167     22419    -231.47    -231.423   0.0464299   20       1639     
 8973.36 167     22450    -231.47    -231.423   0.0464299   20       1639     
 8986.47 168     22551    -231.469   -231.423   0.0460745   20       1649     
 8986.8  168     22552    -231.469   -231.423   0.0460745   20       1649     
 8990.68 168     22600    -231.469   -231.423   0.0460745   23       1652     
 9001.76 169     22683    -231.469   -231.423   0.045646    22       1660     
 9002.12 169     22700    -231.469   -231.423   0.045646    22       1660     
 9009.17 170     22815    -231.469   -231.423   0.0454578   21       1665     
 9009.49 170     22816    -231.469   -231.423   0.0454578   22       1665     
 9009.91 170     22850    -231.469   -231.423   0.0454578   21       1665     
 9017.05 171     22947    -231.469   -231.423   0.0451856   23       1670     
 9017.38 171     22950    -231.469   -231.423   0.0451856   22       1670     
 9018.74 171     23000    -231.469   -231.423   0.0451856   24       1671     
 9029.94 172     23079    -231.468   -231.423   0.0446797   20       1679     
 9030.34 172     23100    -231.468   -231.423   0.0446797   20       1679     
 9037.56 173     23211    -231.468   -231.423   0.044469    24       1684     
 9037.89 173     23212    -231.468   -231.423   0.044469    24       1684     
 9039.28 173     23250    -231.468   -231.423   0.044469    22       1685     
 9051.73 174     23343    -231.468   -231.423   0.0442016   26       1694     
 9052.08 174     23350    -231.468   -231.423   0.0442016   23       1694     
 9052.52 174     23400    -231.468   -231.423   0.0442016   23       1694     
 9060.85 175     23475    -231.467   -231.423   0.0439126   25       1700     
 9067.25 175     23500    -231.467   -231.423   0.0439126   23       1705     
 9084.51 176     23607    -231.466   -231.423   0.0422713   22       1717     
 9084.84 176     23608    -231.466   -231.423   0.0422713   22       1717     
 9085.27 176     23650    -231.466   -231.423   0.0422713   23       1717     
 9096.46 177     23745    -231.465   -231.423   0.042005    24       1725     
 9096.82 177     23750    -231.465   -231.423   0.042005    22       1725     
 9098.36 177     23800    -231.465   -231.423   0.042005    25       1726     
 9108.44 178     23881    -231.465   -231.423   0.0417822   25       1733     
 9108.84 178     23900    -231.465   -231.423   0.0417822   25       1733     
 9117.29 179     24017    -231.465   -231.423   0.0414689   23       1739     
 9117.63 179     24018    -231.465   -231.423   0.0414689   23       1739     
 9118.05 179     24050    -231.465   -231.423   0.0414689   22       1739     
 9128.35 180     24153    -231.465   -231.423   0.0412913   21       1746     
 9128.69 180     24154    -231.465   -231.423   0.0412913   21       1746     
 9129.16 180     24200    -231.465   -231.423   0.0412913   20       1746     
 9139.98 181     24289    -231.464   -231.423   0.0410191   21       1754     
 9142.61 181     24300    -231.464   -231.423   0.0410191   21       1756     
 9148.77 181     24350    -231.464   -231.423   0.0410191   21       1761     
 9157.69 182     24425    -231.464   -231.423   0.0407532   24       1767     
 9158.1  182     24450    -231.464   -231.423   0.0407532   23       1767     
 9171.27 183     24561    -231.464   -231.423   0.0405842   22       1776     
 9171.61 183     24562    -231.464   -231.423   0.0405842   23       1776     
 9172.06 183     24600    -231.464   -231.423   0.0405842   22       1776     
 9182.81 184     24697    -231.464   -231.423   0.0403367   22       1783     
 9183.17 184     24700    -231.464   -231.423   0.0403367   22       1783     
 9183.63 184     24750    -231.464   -231.423   0.0403367   23       1783     
 9192.73 185     24833    -231.464   -231.423   0.040115    24       1789     
 9193.14 185     24850    -231.464   -231.423   0.040115    24       1789     
 9208.54 185     24900    -231.464   -231.423   0.040115    23       1799     
 9209.21 186     24969    -231.463   -231.423   0.0399487   24       1799     
 9209.68 186     25000    -231.463   -231.423   0.0399487   25       1799     
 9219.17 187     25103    -231.463   -231.423   0.0397649   22       1805     
 9219.54 187     25104    -231.463   -231.423   0.0397649   22       1805     
 9220.05 187     25150    -231.463   -231.423   0.0397649   23       1805     
 9244.72 188     25237    -231.463   -231.423   0.03959     24       1820     
 9252.35 188     25250    -231.463   -231.423   0.03959     24       1825     
 9254.4  188     25300    -231.463   -231.423   0.03959     25       1826     
 9259.93 189     25371    -231.463   -231.423   0.039324    24       1829     
 9260.4  189     25400    -231.463   -231.423   0.039324    23       1829     
 9273.57 190     25505    -231.463   -231.423   0.0391741   26       1838     
 9273.93 190     25506    -231.463   -231.423   0.0391741   26       1838     
 9274.42 190     25550    -231.463   -231.423   0.0391741   25       1838     
 9284.63 191     25639    -231.462   -231.423   0.0389505   22       1845     
 9285.03 191     25650    -231.462   -231.423   0.0389505   21       1845     
 9303.41 191     25700    -231.462   -231.423   0.0389505   19       1857     
 9311.42 192     25773    -231.462   -231.423   0.0385085   19       1862     
 9315.3  192     25800    -231.462   -231.423   0.0385085   20       1865     
 9324.82 193     25907    -231.462   -231.423   0.038348    23       1871     
 9326.66 193     25908    -231.462   -231.423   0.038348    24       1872     
 9332.74 193     25950    -231.462   -231.423   0.038348    20       1876     
 9355.39 194     26041    -231.462   -231.423   0.0380454   21       1891     
 9355.79 194     26050    -231.462   -231.423   0.0380454   21       1891     
 9359.35 194     26100    -231.462   -231.423   0.0380454   22       1893     
 9371.53 195     26175    -231.461   -231.423   0.0377898   23       1900     
 9371.99 195     26200    -231.461   -231.423   0.0377898   23       1900     
 9386.58 196     26309    -231.461   -231.423   0.0375757   19       1909     
 9386.95 196     26310    -231.461   -231.423   0.0375757   20       1909     
 9391.63 196     26350    -231.461   -231.423   0.0375757   24       1912     
 9407.27 197     26441    -231.461   -231.423   0.0373648   21       1921     
 9407.68 197     26450    -231.461   -231.423   0.0373648   20       1921     
 9409.77 197     26500    -231.461   -231.423   0.0373648   20       1922     
 9419.65 198     26573    -231.461   -231.423   0.0372095   21       1928     
 9427.44 198     26600    -231.461   -231.423   0.0372095   21       1933     
 9438.37 199     26705    -231.461   -231.423   0.0370435   23       1939     
 9438.76 199     26706    -231.461   -231.423   0.0370435   23       1939     
 9439.26 199     26750    -231.461   -231.423   0.0370435   23       1939     
 9448.31 200     26837    -231.46    -231.423   0.0368563   24       1944     
 9448.75 200     26850    -231.46    -231.423   0.0368563   26       1944     
 9452.47 200     26900    -231.46    -231.423   0.0368563   24       1946     
 9456.31 201     26969    -231.46    -231.424   0.0367345   23       1948     
 9465.73 201     27000    -231.46    -231.424   0.0367345   25       1954     
 9488.5  202     27101    -231.459   -231.424   0.0359006   21       1967     
 9488.9  202     27102    -231.459   -231.424   0.0359006   21       1967     
 9490.43 202     27150    -231.459   -231.424   0.0359006   21       1968     
 9500.48 203     27237    -231.459   -231.424   0.0357643   22       1974     
 9500.91 203     27250    -231.459   -231.424   0.0357643   23       1974     
 9507.5  203     27300    -231.459   -231.424   0.0357643   22       1978     
 9512.4  204     27371    -231.459   -231.424   0.0356182   23       1981     
 9512.95 204     27400    -231.459   -231.424   0.0356182   23       1981     
 9526.32 205     27505    -231.459   -231.424   0.0354456   25       1989     
 9526.7  205     27506    -231.459   -231.424   0.0354456   25       1989     
 9528.51 205     27550    -231.459   -231.424   0.0354456   25       1990     
 9541.32 206     27639    -231.459   -231.424   0.035373    26       1999     
 9541.75 206     27650    -231.459   -231.424   0.035373    26       1999     
 9555.99 206     27700    -231.459   -231.424   0.035373    26       2009     
 9563.32 207     27773    -231.459   -231.424   0.0352481   25       2013     
 9563.8  207     27800    -231.459   -231.424   0.0352481   26       2013     
 9585.06 208     27907    -231.459   -231.424   0.0351448   25       2026     
 9585.46 208     27908    -231.459   -231.424   0.0351448   25       2026     
 9586    208     27950    -231.459   -231.424   0.0351448   25       2026     
 9589.97 209     28041    -231.459   -231.424   0.0350473   25       2028     
 9590.41 209     28050    -231.459   -231.424   0.0350473   24       2028     
 9594.13 209     28100    -231.459   -231.424   0.0350473   26       2030     
 9606.2  210     28175    -231.458   -231.424   0.0349609   27       2037     
 9609.37 210     28200    -231.458   -231.424   0.0349609   27       2039     
 9624.46 211     28309    -231.458   -231.424   0.0347623   26       2048     
 9624.87 211     28310    -231.458   -231.424   0.0347623   26       2048     
 9625.39 211     28350    -231.458   -231.424   0.0347623   25       2048     
 9639.01 212     28443    -231.458   -231.424   0.0346609   26       2056     
 9647.39 212     28450    -231.458   -231.424   0.0346609   24       2061     
 9658.58 212     28500    -231.458   -231.424   0.0346609   28       2068     
 9670.55 213     28577    -231.458   -231.424   0.0345019   27       2074     
 9671.07 213     28600    -231.458   -231.424   0.0345019   25       2074     
 9683.16 214     28709    -231.458   -231.424   0.0343622   24       2081     
 9683.57 214     28710    -231.458   -231.424   0.0343622   24       2081     
 9684.12 214     28750    -231.458   -231.424   0.0343622   26       2081     
 9696.4  215     28841    -231.458   -231.424   0.0341844   25       2088     
 9706    215     28850    -231.458   -231.424   0.0341844   23       2094     
 9707.46 215     28900    -231.458   -231.424   0.0341844   23       2095     
 9718.21 216     28973    -231.458   -231.424   0.0340412   23       2101     
 9718.73 216     29000    -231.458   -231.424   0.0340412   22       2101     
 9735.12 217     29105    -231.457   -231.424   0.0338739   25       2111     
 9735.56 217     29106    -231.457   -231.424   0.0338739   25       2111     
 9736.12 217     29150    -231.457   -231.424   0.0338739   24       2111     
 9755.38 218     29237    -231.457   -231.424   0.0337408   23       2122     
 9761.72 218     29250    -231.457   -231.424   0.0337408   24       2126     
 9770.77 218     29300    -231.457   -231.424   0.0337408   24       2131     
 9774.42 219     29369    -231.457   -231.424   0.0334516   22       2133     
 9774.92 219     29400    -231.457   -231.424   0.0334516   22       2133     
 9793.18 220     29501    -231.457   -231.424   0.0333411   26       2143     
 9793.6  220     29502    -231.457   -231.424   0.0333411   26       2143     
 9800.88 220     29550    -231.457   -231.424   0.0333411   27       2147     
 9812.88 221     29633    -231.457   -231.424   0.0332985   28       2154     
 9813.4  221     29650    -231.457   -231.424   0.0332985   29       2154     
 9824.81 222     29765    -231.457   -231.424   0.03321     28       2160     
 9825.26 222     29766    -231.457   -231.424   0.03321     28       2160     
 9828.42 222     29800    -231.457   -231.424   0.03321     28       2162     
 9841.37 223     29897    -231.457   -231.424   0.0330316   28       2169     
 9841.81 223     29900    -231.457   -231.424   0.0330316   28       2169     
 9842.38 223     29950    -231.457   -231.424   0.0330316   28       2169     
 9852.02 224     30029    -231.456   -231.424   0.0329553   29       2175     
 9852.53 224     30050    -231.456   -231.424   0.0329553   28       2175     
 9866.05 225     30161    -231.456   -231.424   0.0328158   25       2182     
 9866.52 225     30162    -231.456   -231.424   0.0328158   25       2182     
 9867.1  225     30200    -231.456   -231.424   0.0328158   25       2182     
 9901.08 226     30293    -231.456   -231.424   0.0326848   27       2200     
 9901.55 226     30300    -231.456   -231.424   0.0326848   27       2200     
 9902.15 226     30350    -231.456   -231.424   0.0326848   26       2200     
 9915.8  227     30423    -231.456   -231.424   0.0325723   26       2207     
 9916.36 227     30450    -231.456   -231.424   0.0325723   26       2207     
 9937.39 228     30553    -231.456   -231.424   0.0324988   28       2219     
 9937.84 228     30554    -231.456   -231.424   0.0324988   28       2219     
 9938.42 228     30600    -231.456   -231.424   0.0324988   28       2219     
 9949.66 229     30683    -231.456   -231.424   0.0323583   27       2225     
 9950.16 229     30700    -231.456   -231.424   0.0323583   26       2225     
 9970.36 230     30813    -231.456   -231.424   0.0322625   24       2236     
 9970.8  230     30814    -231.456   -231.424   0.0322625   25       2236     
 9971.38 230     30850    -231.456   -231.424   0.0322625   26       2236     
 9986.62 231     30943    -231.456   -231.424   0.0320943   25       2244     
 9987.09 231     30950    -231.456   -231.424   0.0320943   25       2244     
 9987.68 231     31000    -231.456   -231.424   0.0320943   25       2244     
 9998.97 232     31073    -231.455   -231.424   0.0316768   26       2250     
 9999.5  232     31100    -231.455   -231.424   0.0316768   26       2250     
 10016.2 233     31205    -231.455   -231.424   0.0315616   28       2260     
-------------------------------------------------------------------------------

SARSOP finishing ...
  Preset timeout reached
  Timeout     : 10000.000000s
  Actual Time : 10016.250000s

-------------------------------------------------------------------------------
 Time   |#Trial |#Backup |LBound    |UBound    |Precision  |#Alphas |#Beliefs  
-------------------------------------------------------------------------------
 10016.2 233     31205    -231.455   -231.424   0.0315616   28       2260     
-------------------------------------------------------------------------------

Writing out policy ...
  output file : RAM4_small/3b64a8a64a.policyx

