
Loading the model ...
  input file   : /home/rstudio/RAM4_small/3b65a90d07.pomdpx
  loading time : 4.74s 

SARSOP initializing ...
  initialization time : 7384.31s

-------------------------------------------------------------------------------
 Time   |#Trial |#Backup |LBound    |UBound    |Precision  |#Alphas |#Beliefs  
-------------------------------------------------------------------------------
 7384.31 0       0        -1074.93   -166.369   908.565     101      1        
 7385.98 1       71       -1060.14   -1053.03   7.10784     34       29       
 7386.31 1       100      -1060.14   -1053.03   7.10784     35       36       
 7386.94 2       181      -1058.6    -1053.03   5.56978     55       43       
 7387.23 2       200      -1058.6    -1053.03   5.56978     73       47       
 7387.95 3       287      -1057.9    -1053.03   4.8761      86       53       
 7388.46 3       300      -1057.9    -1053.03   4.8761      61       63       
 7390.17 4       375      -1056.16   -1053.03   3.12807     46       78       
 7390.25 4       400      -1056.16   -1053.03   3.12807     37       78       
 7390.92 5       511      -1055.7    -1053.03   2.67501     77       84       
 7390.94 5       512      -1055.7    -1053.03   2.67501     78       84       
 7391.04 5       550      -1055.7    -1053.03   2.67501     43       84       
 7391.67 6       645      -1055.46   -1053.03   2.42741     38       88       
 7391.86 6       650      -1055.46   -1053.03   2.42741     36       90       
 7392.17 6       700      -1055.46   -1053.03   2.42741     33       93       
 7393.55 7       777      -1055.29   -1053.03   2.25889     31       103      
 7393.63 7       800      -1055.29   -1053.03   2.25889     33       103      
 7394.36 8       901      -1055.14   -1053.03   2.11529     27       107      
 7394.48 8       902      -1055.14   -1053.03   2.11529     23       108      
 7395.45 8       950      -1055.14   -1053.03   2.11529     23       115      
 7396.82 9       1017     -1054.76   -1053.03   1.73327     23       122      
 7397.71 9       1050     -1054.76   -1053.03   1.73327     19       128      
 7398.43 10      1149     -1054.62   -1053.03   1.59382     19       131      
 7398.46 10      1150     -1054.62   -1053.03   1.59382     18       131      
 7400.49 10      1200     -1054.62   -1053.03   1.59382     16       143      
 7401.57 11      1279     -1054.55   -1053.03   1.52646     15       147      
 7401.65 11      1300     -1054.55   -1053.03   1.52646     14       147      
 7402.52 12      1405     -1054.49   -1053.03   1.46521     14       149      
 7402.56 12      1406     -1054.49   -1053.03   1.46521     9        150      
 7403.17 12      1450     -1054.49   -1053.03   1.46521     8        157      
 7403.67 13      1523     -1054.18   -1053.03   1.15697     12       160      
 7403.75 13      1550     -1054.18   -1053.03   1.15697     12       160      
 7404.42 14      1671     -1054.1    -1053.03   1.07049     13       164      
 7404.45 14      1672     -1054.1    -1053.03   1.07049     14       164      
 7405.64 14      1700     -1054.1    -1053.03   1.07049     12       173      
 7408.55 15      1819     -1054.05   -1053.03   1.01847     11       186      
 7408.59 15      1820     -1054.05   -1053.03   1.01847     11       186      
 7411.25 15      1850     -1054.05   -1053.03   1.01847     12       200      
 7412.57 16      1965     -1054      -1053.03   0.972926    13       203      
 7412.61 16      1966     -1054      -1053.03   0.972926    13       203      
 7412.73 16      2000     -1054      -1053.03   0.972926    12       203      
 7413.96 17      2107     -1053.97   -1053.03   0.940428    13       207      
 7414    17      2108     -1053.97   -1053.03   0.940428    13       207      
 7414.19 17      2150     -1053.97   -1053.03   0.940428    13       207      
 7415.57 18      2247     -1053.93   -1053.03   0.904629    12       211      
 7415.62 18      2250     -1053.93   -1053.03   0.904629    11       211      
 7416.57 18      2300     -1053.93   -1053.03   0.904629    12       216      
 7417.7  19      2383     -1053.91   -1053.03   0.878097    13       219      
 7418.15 19      2400     -1053.91   -1053.03   0.878097    13       221      
 7419.14 20      2515     -1053.88   -1053.03   0.853993    13       223      
 7419.19 20      2516     -1053.88   -1053.03   0.853993    14       223      
 7419.32 20      2550     -1053.88   -1053.03   0.853993    13       223      
 7420.46 21      2645     -1053.86   -1053.03   0.835142    15       226      
 7420.52 21      2650     -1053.86   -1053.03   0.835142    12       226      
 7420.66 21      2700     -1053.86   -1053.03   0.835142    14       226      
 7422.72 22      2773     -1053.81   -1053.03   0.778402    10       232      
 7422.84 22      2800     -1053.81   -1053.03   0.778402    10       232      
 7424.25 23      2901     -1053.78   -1053.03   0.751405    15       236      
 7424.49 23      2902     -1053.78   -1053.03   0.751405    12       237      
 7427.39 23      2950     -1053.78   -1053.03   0.751405    12       246      
 7429.7  24      3025     -1053.67   -1053.03   0.641896    11       251      
 7433.01 24      3050     -1053.67   -1053.03   0.641896    9        264      
 7434.62 25      3167     -1053.64   -1053.03   0.609526    13       267      
 7434.68 25      3168     -1053.64   -1053.03   0.609526    13       267      
 7435.18 25      3200     -1053.64   -1053.03   0.609526    10       269      
 7436.76 26      3307     -1053.61   -1053.03   0.587001    11       273      
 7436.81 26      3308     -1053.61   -1053.03   0.587001    11       273      
 7436.95 26      3350     -1053.61   -1053.03   0.587001    10       273      
 7437.85 27      3443     -1053.6    -1053.03   0.573369    12       275      
 7437.92 27      3450     -1053.6    -1053.03   0.573369    10       275      
 7438.09 27      3500     -1053.6    -1053.03   0.573369    11       275      
 7439.28 28      3577     -1053.58   -1053.03   0.556307    10       278      
 7439.4  28      3600     -1053.58   -1053.03   0.556307    10       278      
 7440.68 29      3707     -1053.57   -1053.03   0.542372    12       281      
 7440.74 29      3708     -1053.57   -1053.03   0.542372    12       281      
 7440.9  29      3750     -1053.57   -1053.03   0.542372    12       281      
 7442.98 30      3835     -1053.56   -1053.03   0.530052    13       286      
 7443.08 30      3850     -1053.56   -1053.03   0.530052    11       286      
 7444.96 31      3961     -1053.55   -1053.03   0.519505    14       290      
 7445.03 31      3962     -1053.55   -1053.03   0.519505    12       290      
 7445.58 31      4000     -1053.55   -1053.03   0.519505    11       292      
 7450.38 32      4085     -1053.53   -1053.03   0.502602    10       302      
 7451.68 32      4100     -1053.53   -1053.03   0.502602    8        310      
 7453.5  33      4205     -1053.43   -1053.03   0.404647    12       315      
 7453.56 33      4206     -1053.43   -1053.03   0.404647    10       315      
 7454.72 33      4250     -1053.43   -1053.03   0.404647    10       321      
 7457.61 34      4359     -1053.41   -1053.03   0.386215    15       333      
 7457.68 34      4360     -1053.41   -1053.03   0.386215    15       333      
 7457.81 34      4400     -1053.41   -1053.03   0.386215    13       333      
 7459.8  35      4513     -1053.4    -1053.03   0.373295    13       341      
 7459.87 35      4514     -1053.4    -1053.03   0.373295    12       341      
 7460.4  35      4550     -1053.4    -1053.03   0.373295    12       344      
 7461.65 36      4663     -1053.39   -1053.03   0.362789    13       347      
 7461.72 36      4664     -1053.39   -1053.03   0.362789    13       347      
 7461.86 36      4700     -1053.39   -1053.03   0.362789    13       347      
 7463.15 37      4811     -1053.38   -1053.03   0.354883    14       350      
 7463.22 37      4812     -1053.38   -1053.03   0.354883    13       350      
 7463.35 37      4850     -1053.38   -1053.03   0.354883    12       350      
 7464.65 38      4957     -1053.38   -1053.03   0.347716    14       353      
 7464.73 38      4958     -1053.38   -1053.03   0.347716    13       353      
 7464.89 38      5000     -1053.38   -1053.03   0.347716    14       353      
 7467.41 39      5103     -1053.36   -1053.03   0.335752    16       360      
 7467.49 39      5104     -1053.36   -1053.03   0.335752    16       360      
 7467.65 39      5150     -1053.36   -1053.03   0.335752    11       360      
 7470.16 40      5245     -1053.36   -1053.03   0.328033    13       367      
 7470.24 40      5250     -1053.36   -1053.03   0.328033    12       367      
 7470.45 40      5300     -1053.36   -1053.03   0.328033    12       367      
 7470.85 41      5385     -1053.35   -1053.03   0.321991    14       367      
 7470.96 41      5400     -1053.35   -1053.03   0.321991    14       367      
 7473.24 41      5450     -1053.35   -1053.03   0.321991    13       373      
 7474.79 42      5523     -1053.34   -1053.03   0.313897    16       376      
 7474.94 42      5550     -1053.34   -1053.03   0.313897    15       376      
 7476.58 43      5659     -1053.33   -1053.03   0.305824    14       379      
 7476.66 43      5660     -1053.33   -1053.03   0.305824    14       379      
 7476.95 43      5700     -1053.33   -1053.03   0.305824    13       380      
 7478.85 44      5793     -1053.33   -1053.03   0.298026    13       384      
 7478.95 44      5800     -1053.33   -1053.03   0.298026    12       384      
 7479.17 44      5850     -1053.33   -1053.03   0.298026    13       384      
 7481.16 45      5925     -1053.32   -1053.03   0.291388    16       388      
 7481.31 45      5950     -1053.32   -1053.03   0.291388    15       388      
 7484.52 46      6055     -1053.31   -1053.03   0.285295    17       395      
 7484.61 46      6056     -1053.31   -1053.03   0.285295    16       395      
 7484.83 46      6100     -1053.31   -1053.03   0.285295    15       395      
 7487.48 47      6183     -1053.31   -1053.03   0.279867    17       401      
 7489.9  47      6200     -1053.31   -1053.03   0.279867    13       408      
 7492.75 48      6311     -1053.27   -1053.03   0.244624    14       413      
 7492.84 48      6312     -1053.27   -1053.03   0.244624    12       413      
 7492.99 48      6350     -1053.27   -1053.03   0.244624    12       413      
 7496.21 49      6455     -1053.26   -1053.03   0.23692     12       420      
 7496.29 49      6456     -1053.26   -1053.03   0.23692     12       420      
 7496.48 49      6500     -1053.26   -1053.03   0.23692     11       420      
 7500.11 50      6599     -1053.26   -1053.03   0.231802    12       430      
 7500.2  50      6600     -1053.26   -1053.03   0.231802    12       430      
 7500.96 50      6650     -1053.26   -1053.03   0.231802    12       432      
 7503.82 51      6741     -1053.26   -1053.03   0.227602    12       438      
 7503.94 51      6750     -1053.26   -1053.03   0.227602    11       438      
 7504.14 51      6800     -1053.26   -1053.03   0.227602    11       438      
 7506.59 52      6881     -1053.25   -1053.03   0.222227    14       442      
 7507.38 52      6900     -1053.25   -1053.03   0.222227    12       444      
 7514.72 53      6950     -1053.25   -1053.03   0.222227    16       460      
 7515.18 53      7019     -1053.25   -1053.03   0.218016    14       460      
 7515.37 53      7050     -1053.25   -1053.03   0.218016    12       460      
 7517.99 54      7155     -1053.24   -1053.03   0.214191    16       465      
 7518.09 54      7156     -1053.24   -1053.03   0.214191    16       465      
 7518.34 54      7200     -1053.24   -1053.03   0.214191    13       465      
 7521.14 55      7289     -1053.24   -1053.03   0.210052    14       469      
 7521.32 55      7300     -1053.24   -1053.03   0.210052    13       469      
 7523.94 55      7350     -1053.24   -1053.03   0.210052    14       474      
 7527.5  56      7421     -1053.23   -1053.03   0.205886    15       479      
 7531.4  56      7450     -1053.23   -1053.03   0.205886    16       485      
 7533.3  57      7549     -1053.23   -1053.03   0.202701    15       487      
 7533.42 57      7550     -1053.23   -1053.03   0.202701    16       487      
 7533.71 57      7600     -1053.23   -1053.03   0.202701    14       487      
 7538.4  58      7675     -1053.23   -1053.03   0.200065    15       493      
 7541.93 58      7700     -1053.23   -1053.03   0.200065    13       504      
 7548.26 59      7799     -1053.2    -1053.03   0.167643    16       517      
 7548.36 59      7800     -1053.2    -1053.03   0.167643    14       517      
 7551.06 59      7850     -1053.2    -1053.03   0.167643    14       524      
 7555.52 60      7955     -1053.19   -1053.03   0.163113    16       532      
 7555.62 60      7956     -1053.19   -1053.03   0.163113    16       532      
 7555.83 60      8000     -1053.19   -1053.03   0.163113    14       532      
 7561.55 61      8109     -1053.19   -1053.03   0.160545    15       544      
 7561.66 61      8110     -1053.19   -1053.03   0.160545    15       544      
 7562.52 61      8150     -1053.19   -1053.03   0.160545    15       546      
 7565.53 62      8263     -1053.18   -1053.03   0.15695     16       552      
 7565.65 62      8264     -1053.18   -1053.03   0.15695     16       552      
 7568.22 62      8300     -1053.18   -1053.03   0.15695     14       558      
 7575.7  63      8415     -1053.18   -1053.03   0.153903    17       570      
 7575.82 63      8416     -1053.18   -1053.03   0.153903    17       570      
 7578.77 63      8450     -1053.18   -1053.03   0.153903    15       575      
 7584.87 64      8565     -1053.18   -1053.03   0.151507    15       583      
 7585    64      8566     -1053.18   -1053.03   0.151507    15       583      
 7586.74 64      8600     -1053.18   -1053.03   0.151507    15       587      
 7595.18 65      8713     -1053.18   -1053.03   0.149744    16       598      
 7595.32 65      8714     -1053.18   -1053.03   0.149744    16       598      
 7595.55 65      8750     -1053.18   -1053.03   0.149744    16       598      
 7600.86 66      8861     -1053.17   -1053.03   0.145853    15       605      
 7601.68 66      8862     -1053.17   -1053.03   0.145853    15       606      
 7607.32 66      8900     -1053.17   -1053.03   0.145853    14       615      
 7615.52 67      9007     -1053.17   -1053.03   0.14418     15       624      
 7615.67 67      9008     -1053.17   -1053.03   0.14418     16       624      
 7618.45 67      9050     -1053.17   -1053.03   0.14418     16       628      
 7622.2  68      9151     -1053.17   -1053.03   0.141349    16       633      
 7622.34 68      9152     -1053.17   -1053.03   0.141349    16       633      
 7622.67 68      9200     -1053.17   -1053.03   0.141349    17       633      
 7628.44 69      9295     -1053.17   -1053.03   0.139933    17       639      
 7629.3  69      9300     -1053.17   -1053.03   0.139933    17       640      
 7631.15 69      9350     -1053.17   -1053.03   0.139933    17       643      
 7637.33 70      9437     -1053.17   -1053.03   0.1372      16       650      
 7642.28 70      9450     -1053.17   -1053.03   0.1372      14       656      
 7649.58 70      9500     -1053.17   -1053.03   0.1372      17       667      
 7657.14 71      9579     -1053.16   -1053.03   0.135996    20       674      
 7657.69 71      9600     -1053.16   -1053.03   0.135996    18       675      
 7663.36 72      9719     -1053.16   -1053.03   0.132981    15       681      
 7663.52 72      9720     -1053.16   -1053.03   0.132981    16       681      
 7666.12 72      9750     -1053.16   -1053.03   0.132981    18       684      
 7670.82 73      9857     -1053.16   -1053.03   0.131457    16       688      
 7670.99 73      9858     -1053.16   -1053.03   0.131457    16       688      
 7671.33 73      9900     -1053.16   -1053.03   0.131457    19       688      
 7676.89 74      9993     -1053.16   -1053.03   0.129151    18       693      
 7677.1  74      10000    -1053.16   -1053.03   0.129151    19       693      
 7680.29 74      10050    -1053.16   -1053.03   0.129151    20       698      
 7685.66 75      10127    -1053.16   -1053.03   0.128416    21       703      
 7685.95 75      10150    -1053.16   -1053.03   0.128416    20       703      
 7693.53 76      10259    -1053.15   -1053.03   0.126519    19       710      
 7693.71 76      10260    -1053.15   -1053.03   0.126519    19       710      
 7698.13 76      10300    -1053.15   -1053.03   0.126519    19       715      
 7707.78 77      10391    -1053.15   -1053.03   0.12561     18       723      
 7708.08 77      10400    -1053.15   -1053.03   0.12561     21       723      
 7710.86 77      10450    -1053.15   -1053.03   0.12561     20       725      
 7717.67 78      10521    -1053.15   -1053.03   0.123941    18       730      
 7719.01 78      10550    -1053.15   -1053.03   0.123941    18       732      
 7728.33 79      10651    -1053.15   -1053.03   0.123172    19       739      
 7728.53 79      10652    -1053.15   -1053.03   0.123172    19       739      
 7728.9  79      10700    -1053.15   -1053.03   0.123172    19       739      
 7737.5  80      10779    -1053.15   -1053.03   0.121612    20       746      
 7738.16 80      10800    -1053.15   -1053.03   0.121612    17       747      
 7746.47 81      10907    -1053.15   -1053.03   0.120895    17       754      
 7746.67 81      10908    -1053.15   -1053.03   0.120895    18       754      
 7747.02 81      10950    -1053.15   -1053.03   0.120895    19       754      
 7755.02 82      11033    -1053.15   -1053.03   0.119408    18       760      
 7755.32 82      11050    -1053.15   -1053.03   0.119408    18       760      
 7766.24 83      11157    -1053.15   -1053.03   0.118748    21       768      
 7766.49 83      11158    -1053.15   -1053.03   0.118748    19       768      
 7767.69 83      11200    -1053.15   -1053.03   0.118748    19       770      
 7772.6  84      11279    -1053.13   -1053.03   0.104507    15       774      
 7772.85 84      11300    -1053.13   -1053.03   0.104507    14       774      
 7780.55 84      11350    -1053.13   -1053.03   0.104507    15       783      
 7782.1  85      11425    -1053.13   -1053.03   0.102586    15       784      
 7782.38 85      11450    -1053.13   -1053.03   0.102586    16       784      
 7790.67 86      11571    -1053.13   -1053.03   0.101458    16       791      
 7791.93 86      11572    -1053.13   -1053.03   0.101458    15       792      
 7799.08 86      11600    -1053.13   -1053.03   0.101458    14       799      
 7814.07 87      11715    -1053.13   -1053.03   0.0995759   16       812      
 7814.28 87      11716    -1053.13   -1053.03   0.0995759   16       812      
 7814.61 87      11750    -1053.13   -1053.03   0.0995759   18       812      
 7827.04 88      11859    -1053.13   -1053.03   0.0984646   17       821      
 7827.25 88      11860    -1053.13   -1053.03   0.0984646   18       821      
 7827.61 88      11900    -1053.13   -1053.03   0.0984646   18       821      
 7842.13 89      12001    -1053.13   -1053.03   0.0976477   17       831      
 7842.33 89      12002    -1053.13   -1053.03   0.0976477   17       831      
 7842.69 89      12050    -1053.13   -1053.03   0.0976477   18       831      
 7857.99 90      12141    -1053.12   -1053.03   0.0968327   17       841      
 7858.22 90      12150    -1053.12   -1053.03   0.0968327   16       841      
 7859.41 90      12200    -1053.12   -1053.03   0.0968327   18       843      
 7862.15 91      12279    -1053.12   -1053.03   0.0958513   16       845      
 7862.43 91      12300    -1053.12   -1053.03   0.0958513   16       845      
 7870.59 92      12417    -1053.12   -1053.03   0.0955178   16       850      
 7870.8  92      12418    -1053.12   -1053.03   0.0955178   17       850      
 7871.11 92      12450    -1053.12   -1053.03   0.0955178   17       850      
 7877.54 93      12555    -1053.12   -1053.03   0.0945746   20       854      
 7877.75 93      12556    -1053.12   -1053.03   0.0945746   20       854      
 7882.16 93      12600    -1053.12   -1053.03   0.0945746   20       858      
 7898.81 94      12691    -1053.12   -1053.03   0.0933428   21       869      
 7905.3  94      12700    -1053.12   -1053.03   0.0933428   17       874      
 7905.69 94      12750    -1053.12   -1053.03   0.0933428   18       874      
 7916.3  95      12827    -1053.12   -1053.03   0.0928036   18       880      
 7916.63 95      12850    -1053.12   -1053.03   0.0928036   18       880      
 7930.99 96      12961    -1053.12   -1053.03   0.0919461   19       888      
 7931.21 96      12962    -1053.12   -1053.03   0.0919461   19       888      
 7948.77 96      13000    -1053.12   -1053.03   0.0919461   17       901      
 7962.34 97      13093    -1053.12   -1053.03   0.0907435   16       910      
 7962.63 97      13100    -1053.12   -1053.03   0.0907435   17       910      
 7973.75 97      13150    -1053.12   -1053.03   0.0907435   17       917      
 7990.12 98      13225    -1053.12   -1053.03   0.0903376   17       925      
 7994.69 98      13250    -1053.12   -1053.03   0.0903376   18       928      
 8012.94 99      13355    -1053.12   -1053.03   0.0898526   23       937      
 8013.19 99      13356    -1053.12   -1053.03   0.0898526   23       937      
 8019.41 99      13400    -1053.12   -1053.03   0.0898526   25       940      
 8046.13 100     13485    -1053.12   -1053.03   0.0889863   18       953      
 8046.45 100     13500    -1053.12   -1053.03   0.0889863   17       953      
 8086.43 101     13550    -1053.12   -1053.03   0.0889863   19       975      
 8087.08 101     13615    -1053.12   -1053.03   0.0872699   18       975      
 8099.23 101     13650    -1053.12   -1053.03   0.0872699   19       983      
 8117.01 102     13745    -1053.11   -1053.03   0.0860358   17       992      
 8117.28 102     13750    -1053.11   -1053.03   0.0860358   17       992      
 8126.12 102     13800    -1053.11   -1053.03   0.0860358   18       998      
 8140.42 103     13873    -1053.11   -1053.03   0.0855023   22       1005     
 8140.87 103     13900    -1053.11   -1053.03   0.0855023   21       1005     
 8152.12 104     13999    -1053.11   -1053.03   0.0847463   20       1011     
 8152.38 104     14000    -1053.11   -1053.03   0.0847463   20       1011     
 8152.89 104     14050    -1053.11   -1053.03   0.0847463   20       1011     
 8169.68 105     14125    -1053.11   -1053.03   0.0841674   21       1019     
 8172.38 105     14150    -1053.11   -1053.03   0.0841674   20       1021     
 8185.5  106     14249    -1053.11   -1053.03   0.0833312   19       1027     
 8185.76 106     14250    -1053.11   -1053.03   0.0833312   19       1027     
 8186.23 106     14300    -1053.11   -1053.03   0.0833312   20       1027     
 8202.01 107     14373    -1053.11   -1053.03   0.0829254   17       1034     
 8209.16 107     14400    -1053.11   -1053.03   0.0829254   16       1043     
 8225.42 108     14499    -1053.1    -1053.03   0.0689961   20       1059     
 8225.64 108     14500    -1053.1    -1053.03   0.0689961   20       1059     
 8225.98 108     14550    -1053.1    -1053.03   0.0689961   20       1059     
 8232.82 109     14653    -1053.1    -1053.03   0.0678749   20       1066     
 8233.04 109     14654    -1053.1    -1053.03   0.0678749   20       1066     
 8235.58 109     14700    -1053.1    -1053.03   0.0678749   22       1069     
 8246.19 110     14807    -1053.09   -1053.03   0.0669625   19       1081     
 8246.41 110     14808    -1053.09   -1053.03   0.0669625   19       1081     
 8247.49 110     14850    -1053.09   -1053.03   0.0669625   19       1082     
 8256.05 111     14961    -1053.09   -1053.03   0.0664715   23       1091     
 8256.28 111     14962    -1053.09   -1053.03   0.0664715   23       1091     
 8257.97 111     15000    -1053.09   -1053.03   0.0664715   20       1093     
 8267.18 112     15113    -1053.09   -1053.03   0.0658432   23       1102     
 8267.42 112     15114    -1053.09   -1053.03   0.0658432   23       1102     
 8267.78 112     15150    -1053.09   -1053.03   0.0658432   20       1102     
 8274.89 113     15265    -1053.09   -1053.03   0.0655297   23       1108     
 8275.13 113     15266    -1053.09   -1053.03   0.0655297   23       1108     
 8275.51 113     15300    -1053.09   -1053.03   0.0655297   21       1108     
 8289.41 114     15417    -1053.09   -1053.03   0.0647798   21       1121     
 8289.66 114     15418    -1053.09   -1053.03   0.0647798   20       1121     
 8290.04 114     15450    -1053.09   -1053.03   0.0647798   21       1121     
 8296.51 115     15567    -1053.09   -1053.03   0.0644952   21       1126     
 8296.75 115     15568    -1053.09   -1053.03   0.0644952   21       1126     
 8297.15 115     15600    -1053.09   -1053.03   0.0644952   24       1126     
 8308.13 116     15717    -1053.09   -1053.03   0.0638478   24       1135     
 8308.41 116     15718    -1053.09   -1053.03   0.0638478   24       1135     
 8308.83 116     15750    -1053.09   -1053.03   0.0638478   22       1135     
 8317.04 117     15867    -1053.09   -1053.03   0.0635849   22       1141     
 8317.3  117     15868    -1053.09   -1053.03   0.0635849   22       1141     
 8317.69 117     15900    -1053.09   -1053.03   0.0635849   22       1141     
 8328.15 118     16015    -1053.09   -1053.03   0.0634042   22       1149     
 8328.42 118     16016    -1053.09   -1053.03   0.0634042   22       1149     
 8328.8  118     16050    -1053.09   -1053.03   0.0634042   23       1149     
 8334.73 119     16163    -1053.09   -1053.03   0.06287     21       1153     
 8335    119     16164    -1053.09   -1053.03   0.06287     20       1153     
 8336.02 119     16200    -1053.09   -1053.03   0.06287     24       1154     
 8349.39 120     16311    -1053.09   -1053.03   0.0622788   23       1164     
 8349.66 120     16312    -1053.09   -1053.03   0.0622788   23       1164     
 8350.06 120     16350    -1053.09   -1053.03   0.0622788   23       1164     
 8357.82 121     16457    -1053.09   -1053.03   0.0618069   19       1171     
 8358.09 121     16458    -1053.09   -1053.03   0.0618069   19       1171     
 8361.69 121     16500    -1053.09   -1053.03   0.0618069   19       1175     
 8377.93 122     16603    -1053.09   -1053.03   0.0614846   22       1187     
 8378.2  122     16604    -1053.09   -1053.03   0.0614846   22       1187     
 8379.48 122     16650    -1053.09   -1053.03   0.0614846   21       1188     
 8391.31 123     16749    -1053.09   -1053.03   0.0608967   24       1197     
 8391.59 123     16750    -1053.09   -1053.03   0.0608967   24       1197     
 8416.38 123     16800    -1053.09   -1053.03   0.0608967   25       1218     
 8441.7  124     16893    -1053.09   -1053.03   0.0606289   20       1234     
 8442.81 124     16900    -1053.09   -1053.03   0.0606289   18       1235     
 8456.91 124     16950    -1053.09   -1053.03   0.0606289   22       1245     
 8474.3  125     17037    -1053.09   -1053.03   0.060288    24       1255     
 8477.08 125     17050    -1053.09   -1053.03   0.060288    20       1257     
 8479.29 125     17100    -1053.09   -1053.03   0.060288    21       1258     
 8493.66 126     17181    -1053.09   -1053.03   0.0597139   20       1266     
 8499.52 126     17200    -1053.09   -1053.03   0.0597139   20       1270     
 8513.05 126     17250    -1053.09   -1053.03   0.0597139   21       1279     
 8515.73 127     17323    -1053.09   -1053.03   0.0594333   23       1280     
 8522.5  127     17350    -1053.09   -1053.03   0.0594333   22       1285     
 8530.07 128     17465    -1053.09   -1053.03   0.0584272   22       1289     
 8530.39 128     17466    -1053.09   -1053.03   0.0584272   22       1289     
 8536.41 128     17500    -1053.09   -1053.03   0.0584272   21       1293     
 8548.27 129     17609    -1053.09   -1053.03   0.0581658   19       1299     
 8548.58 129     17610    -1053.09   -1053.03   0.0581658   20       1299     
 8549.08 129     17650    -1053.09   -1053.03   0.0581658   20       1299     
 8560.79 130     17751    -1053.09   -1053.03   0.0579157   19       1305     
 8561.11 130     17752    -1053.09   -1053.03   0.0579157   19       1305     
 8569.9  130     17800    -1053.09   -1053.03   0.0579157   22       1312     
 8584.53 131     17893    -1053.09   -1053.03   0.0576888   21       1319     
 8593.01 131     17900    -1053.09   -1053.03   0.0576888   21       1324     
 8593.56 131     17950    -1053.09   -1053.03   0.0576888   23       1324     
 8599.9  132     18033    -1053.09   -1053.03   0.0574441   24       1327     
 8600.36 132     18050    -1053.09   -1053.03   0.0574441   24       1327     
 8637.1  132     18100    -1053.09   -1053.03   0.0574441   22       1347     
 8642.47 133     18173    -1053.09   -1053.03   0.057158    24       1349     
 8643    133     18200    -1053.09   -1053.03   0.057158    22       1349     
 8659.76 134     18313    -1053.09   -1053.03   0.0569794   27       1357     
 8660.12 134     18314    -1053.09   -1053.03   0.0569794   28       1357     
 8669.48 134     18350    -1053.09   -1053.03   0.0569794   29       1362     
 8699.83 135     18451    -1053.08   -1053.03   0.0567416   22       1375     
 8700.2  135     18452    -1053.08   -1053.03   0.0567416   22       1375     
 8700.77 135     18500    -1053.08   -1053.03   0.0567416   23       1375     
 8711.93 136     18589    -1053.08   -1053.03   0.0555649   25       1380     
 8713.22 136     18600    -1053.08   -1053.03   0.0555649   25       1381     
 8718.26 136     18650    -1053.08   -1053.03   0.0555649   23       1384     
 8734.36 137     18729    -1053.08   -1053.03   0.0553972   23       1392     
 8739.46 137     18750    -1053.08   -1053.03   0.0553972   23       1395     
 8752.02 138     18867    -1053.08   -1053.03   0.0551007   24       1401     
 8752.37 138     18868    -1053.08   -1053.03   0.0551007   24       1401     
 8759.39 138     18900    -1053.08   -1053.03   0.0551007   25       1405     
 8782.32 139     19005    -1053.08   -1053.03   0.0547748   21       1417     
 8782.68 139     19006    -1053.08   -1053.03   0.0547748   21       1417     
 8783.21 139     19050    -1053.08   -1053.03   0.0547748   20       1417     
 8795.92 140     19141    -1053.08   -1053.03   0.0544312   23       1423     
 8801    140     19150    -1053.08   -1053.03   0.0544312   20       1426     
 8813.18 140     19200    -1053.08   -1053.03   0.0544312   22       1433     
 8829.22 141     19277    -1053.08   -1053.03   0.054214    21       1440     
 8832.41 141     19300    -1053.08   -1053.03   0.054214    24       1442     
 8847.44 142     19413    -1053.08   -1053.03   0.054056    22       1449     
 8847.83 142     19414    -1053.08   -1053.03   0.054056    22       1449     
 8848.4  142     19450    -1053.08   -1053.03   0.054056    23       1449     
 8868.68 143     19547    -1053.08   -1053.03   0.0536582   22       1458     
 8869.09 143     19550    -1053.08   -1053.03   0.0536582   22       1458     
 8876.02 143     19600    -1053.08   -1053.03   0.0536582   21       1461     
 8889.71 144     19683    -1053.08   -1053.03   0.0535364   24       1467     
 8890.24 144     19700    -1053.08   -1053.03   0.0535364   24       1467     
 8907    145     19750    -1053.08   -1053.03   0.0535364   24       1474     
 8907.8  145     19817    -1053.08   -1053.03   0.0534546   24       1474     
 8908.41 145     19850    -1053.08   -1053.03   0.0534546   24       1474     
 8926.38 146     19951    -1053.08   -1053.03   0.0529538   24       1483     
 8926.78 146     19952    -1053.08   -1053.03   0.0529538   24       1483     
 8927.49 146     20000    -1053.08   -1053.03   0.0529538   25       1483     
 8937.46 147     20085    -1053.08   -1053.03   0.0528037   24       1487     
 8938.01 147     20100    -1053.08   -1053.03   0.0528037   23       1487     
 8955.65 147     20150    -1053.08   -1053.03   0.0528037   22       1495     
 8956.56 148     20217    -1053.08   -1053.03   0.0525562   22       1495     
 8963.04 148     20250    -1053.08   -1053.03   0.0525562   22       1499     
 8977.96 149     20349    -1053.08   -1053.03   0.0523842   22       1505     
 8980.64 149     20350    -1053.08   -1053.03   0.0523842   22       1506     
 8996.78 149     20400    -1053.08   -1053.03   0.0523842   23       1514     
 9012.85 150     20481    -1053.08   -1053.03   0.0510649   28       1521     
 9014.39 150     20500    -1053.08   -1053.03   0.0510649   25       1522     
 9037.69 151     20615    -1053.08   -1053.03   0.0508693   23       1533     
 9038.11 151     20616    -1053.08   -1053.03   0.0508693   24       1533     
 9038.78 151     20650    -1053.08   -1053.03   0.0508693   25       1533     
 9056.4  152     20749    -1053.08   -1053.03   0.0507286   26       1540     
 9056.82 152     20750    -1053.08   -1053.03   0.0507286   27       1540     
 9057.6  152     20800    -1053.08   -1053.03   0.0507286   30       1540     
 9083.84 153     20881    -1053.08   -1053.03   0.0506462   26       1550     
 9084.46 153     20900    -1053.08   -1053.03   0.0506462   25       1550     
 9098.21 154     21013    -1053.08   -1053.03   0.0505186   26       1555     
 9098.65 154     21014    -1053.08   -1053.03   0.0505186   26       1555     
 9099.32 154     21050    -1053.08   -1053.03   0.0505186   26       1555     
 9110.25 155     21145    -1053.08   -1053.03   0.0503215   26       1559     
 9110.73 155     21150    -1053.08   -1053.03   0.0503215   26       1559     
 9116.07 155     21200    -1053.08   -1053.03   0.0503215   25       1562     
 9135.94 156     21275    -1053.08   -1053.03   0.0501165   25       1570     
 9137.95 156     21300    -1053.08   -1053.03   0.0501165   25       1571     
 9154.9  157     21405    -1053.08   -1053.03   0.0500065   26       1577     
 9155.36 157     21406    -1053.08   -1053.03   0.0500065   26       1577     
 9168.33 157     21450    -1053.08   -1053.03   0.0500065   25       1583     
 9185.12 158     21535    -1053.08   -1053.03   0.0498823   28       1589     
 9185.76 158     21550    -1053.08   -1053.03   0.0498823   29       1589     
 9225.69 159     21663    -1053.08   -1053.03   0.0496886   26       1603     
 9226.16 159     21664    -1053.08   -1053.03   0.0496886   26       1603     
 9226.86 159     21700    -1053.08   -1053.03   0.0496886   24       1603     
 9236.47 160     21791    -1053.08   -1053.03   0.0496186   24       1607     
 9237.04 160     21800    -1053.08   -1053.03   0.0496186   25       1607     
 9250.93 160     21850    -1053.08   -1053.03   0.0496186   28       1612     
 9257.08 161     21919    -1053.08   -1053.03   0.0495299   26       1614     
 9257.85 161     21950    -1053.08   -1053.03   0.0495299   24       1614     
 9272.37 162     22047    -1053.08   -1053.03   0.048931    25       1619     
 9272.86 162     22050    -1053.08   -1053.03   0.048931    24       1619     
 9296.35 162     22100    -1053.08   -1053.03   0.048931    23       1630     
 9311.05 163     22175    -1053.08   -1053.03   0.0488455   25       1635     
 9329.44 163     22200    -1053.08   -1053.03   0.0488455   24       1642     
 9342.21 164     22301    -1053.08   -1053.03   0.0486221   24       1646     
 9342.68 164     22302    -1053.08   -1053.03   0.0486221   24       1646     
 9343.48 164     22350    -1053.08   -1053.03   0.0486221   24       1646     
 9379.43 165     22427    -1053.08   -1053.03   0.0484483   24       1658     
 9393.64 165     22450    -1053.08   -1053.03   0.0484483   25       1664     
 9419.69 166     22553    -1053.08   -1053.03   0.0479095   26       1673     
 9420.18 166     22554    -1053.08   -1053.03   0.0479095   26       1673     
 9422.1  166     22600    -1053.08   -1053.03   0.0479095   26       1674     
 9446.36 167     22679    -1053.08   -1053.03   0.0477933   23       1682     
 9450.57 167     22700    -1053.08   -1053.03   0.0477933   27       1684     
 9470.31 168     22805    -1053.08   -1053.03   0.0476252   26       1691     
 9470.82 168     22806    -1053.08   -1053.03   0.0476252   26       1691     
 9471.69 168     22850    -1053.08   -1053.03   0.0476252   28       1691     
 9491.75 169     22929    -1053.08   -1053.03   0.0475388   25       1697     
 9504.96 169     22950    -1053.08   -1053.03   0.0475388   24       1703     
 9533.8  170     23053    -1053.07   -1053.03   0.0424328   27       1715     
 9534.2  170     23054    -1053.07   -1053.03   0.0424328   27       1715     
 9534.79 170     23100    -1053.07   -1053.03   0.0424328   24       1715     
 9550.24 171     23197    -1053.07   -1053.03   0.0422774   24       1723     
 9550.66 171     23200    -1053.07   -1053.03   0.0422774   21       1723     
 9551.31 171     23250    -1053.07   -1053.03   0.0422774   25       1723     
 9562    172     23341    -1053.07   -1053.03   0.0421402   25       1728     
 9568.58 172     23350    -1053.07   -1053.03   0.0421402   24       1731     
 9569.22 172     23400    -1053.07   -1053.03   0.0421402   24       1731     
 9582.09 173     23485    -1053.07   -1053.03   0.0419569   22       1736     
 9582.6  173     23500    -1053.07   -1053.03   0.0419569   24       1736     
 9585.31 173     23550    -1053.07   -1053.03   0.0419569   23       1737     
 9600.61 174     23629    -1053.07   -1053.03   0.0418444   22       1743     
 9602.83 174     23650    -1053.07   -1053.03   0.0418444   22       1744     
 9616.64 175     23700    -1053.07   -1053.03   0.0418444   24       1749     
 9617.4  175     23771    -1053.07   -1053.03   0.0416949   23       1749     
 9622.72 175     23800    -1053.07   -1053.03   0.0416949   24       1751     
 9639.61 176     23913    -1053.07   -1053.03   0.0415317   23       1757     
 9640.04 176     23914    -1053.07   -1053.03   0.0415317   23       1757     
 9640.64 176     23950    -1053.07   -1053.03   0.0415317   23       1757     
 9680.11 177     24053    -1053.07   -1053.03   0.0414375   28       1771     
 9680.56 177     24054    -1053.07   -1053.03   0.0414375   28       1771     
 9681.24 177     24100    -1053.07   -1053.03   0.0414375   25       1771     
 9708.1  178     24193    -1053.07   -1053.03   0.0412548   27       1779     
 9711.62 178     24200    -1053.07   -1053.03   0.0412548   24       1780     
 9712.34 178     24250    -1053.07   -1053.03   0.0412548   24       1780     
 9732.79 179     24333    -1053.07   -1053.03   0.0411656   25       1786     
 9733.37 179     24350    -1053.07   -1053.03   0.0411656   26       1786     
 9743.56 179     24400    -1053.07   -1053.03   0.0411656   24       1789     
 9750.62 180     24473    -1053.07   -1053.03   0.0410754   24       1791     
 9751.24 180     24500    -1053.07   -1053.03   0.0410754   24       1791     
 9787.44 181     24611    -1053.07   -1053.03   0.0409238   23       1803     
 9787.91 181     24612    -1053.07   -1053.03   0.0409238   23       1803     
 9788.53 181     24650    -1053.07   -1053.03   0.0409238   24       1803     
 9807.29 182     24749    -1053.07   -1053.03   0.0408351   24       1808     
 9807.77 182     24750    -1053.07   -1053.03   0.0408351   24       1808     
 9808.55 182     24800    -1053.07   -1053.03   0.0408351   27       1808     
 9837.69 183     24887    -1053.07   -1053.03   0.0407725   23       1816     
 9838.26 183     24900    -1053.07   -1053.03   0.0407725   23       1816     
 9838.94 183     24950    -1053.07   -1053.03   0.0407725   23       1816     
 9852.83 184     25025    -1053.07   -1053.03   0.0406572   25       1820     
 9854.48 184     25050    -1053.07   -1053.03   0.0406572   25       1821     
 9879.77 185     25163    -1053.07   -1053.03   0.0404786   24       1828     
 9880.25 185     25164    -1053.07   -1053.03   0.0404786   24       1828     
 9892.28 185     25200    -1053.07   -1053.03   0.0404786   26       1833     
 9928.63 186     25301    -1053.07   -1053.03   0.0404055   24       1843     
 9932.39 186     25302    -1053.07   -1053.03   0.0404055   23       1844     
 9951.58 186     25350    -1053.07   -1053.03   0.0404055   23       1850     
 9982.31 187     25437    -1053.07   -1053.03   0.039207    24       1858     
 9982.9  187     25450    -1053.07   -1053.03   0.039207    24       1858     
 9983.57 187     25500    -1053.07   -1053.03   0.039207    24       1858     
 10008.9 188     25579    -1053.07   -1053.03   0.0390472   24       1863     
-------------------------------------------------------------------------------

SARSOP finishing ...
  Preset timeout reached
  Timeout     : 10000.000000s
  Actual Time : 10008.890000s

-------------------------------------------------------------------------------
 Time   |#Trial |#Backup |LBound    |UBound    |Precision  |#Alphas |#Beliefs  
-------------------------------------------------------------------------------
 10008.9 188     25579    -1053.07   -1053.03   0.0390472   24       1863     
-------------------------------------------------------------------------------

Writing out policy ...
  output file : RAM4_small/3b65a90d07.policyx

