
Loading the model ...
  input file   : /home/rstudio/RAM4_small/3c3eca3da2.pomdpx
  loading time : 4.60s 

SARSOP initializing ...
  initialization time : 4465.12s

-------------------------------------------------------------------------------
 Time   |#Trial |#Backup |LBound    |UBound    |Precision  |#Alphas |#Beliefs  
-------------------------------------------------------------------------------
 4465.12 0       0        -8846.23   -5813.88   3032.35     101      1        
 4465.77 0       50       -8845.19   -7999.69   845.497     57       8        
 4465.98 0       100      -8845.19   -7999.69   845.497     51       8        
 4467.8  1       281      -8697.69   -7999.73   697.961     50       13       
 4467.87 1       282      -8697.69   -7999.73   697.961     51       14       
 4467.88 1       283      -8697.69   -7999.73   697.961     52       14       
 4467.91 1       300      -8697.69   -7999.73   697.961     58       14       
 4468    1       350      -8697.69   -7999.73   697.961     53       14       
 4468.09 1       400      -8697.69   -7999.73   697.961     59       14       
 4469.17 2       565      -8561.03   -7999.76   561.263     50       18       
 4469.18 2       566      -8561.03   -7999.76   561.263     51       18       
 4469.18 2       567      -8561.03   -7999.76   561.263     52       18       
 4469.24 2       600      -8561.03   -7999.76   561.263     52       18       
 4469.34 2       650      -8561.03   -7999.76   561.263     58       18       
 4469.42 2       700      -8561.03   -7999.76   561.263     53       18       
 4470.88 3       853      -8483.67   -7999.8    483.872     13       23       
 4470.88 3       854      -8483.67   -7999.8    483.872     9        23       
 4470.89 3       855      -8483.67   -7999.8    483.872     9        23       
 4470.95 3       900      -8483.67   -7999.8    483.872     9        23       
 4471.02 3       950      -8483.67   -7999.8    483.872     7        23       
 4472.58 4       1139     -8417.37   -7999.83   417.54      6        28       
 4472.59 4       1140     -8417.37   -7999.83   417.54      5        28       
 4472.59 4       1141     -8417.37   -7999.83   417.54      6        28       
 4472.61 4       1150     -8417.37   -7999.83   417.54      5        28       
 4472.68 4       1200     -8417.37   -7999.83   417.54      5        28       
 4472.74 4       1250     -8417.37   -7999.83   417.54      5        28       
 4474.68 5       1429     -8364.89   -7999.86   365.026     6        33       
 4475.01 5       1430     -8364.89   -7999.86   365.026     6        34       
 4475.18 5       1431     -8364.89   -7999.86   365.026     6        35       
 4475.21 5       1450     -8364.89   -7999.86   365.026     6        35       
 4475.28 5       1500     -8364.89   -7999.86   365.026     6        35       
 4475.36 5       1550     -8364.89   -7999.86   365.026     6        35       
 4477.77 6       1719     -8328.04   -7999.87   328.164     6        41       
 4477.78 6       1720     -8328.04   -7999.87   328.164     5        41       
 4477.79 6       1721     -8328.04   -7999.87   328.164     6        41       
 4477.84 6       1750     -8328.04   -7999.87   328.164     6        41       
 4477.91 6       1800     -8328.04   -7999.87   328.164     6        41       
 4477.98 6       1850     -8328.04   -7999.87   328.164     6        41       
 4482.75 7       2009     -8282.84   -7999.88   282.955     6        50       
 4482.76 7       2010     -8282.84   -7999.88   282.955     6        50       
 4483.04 7       2011     -8282.84   -7999.88   282.955     6        51       
 4483.11 7       2050     -8282.84   -7999.88   282.955     8        51       
 4483.19 7       2100     -8282.84   -7999.88   282.955     8        51       
 4486.54 7       2150     -8282.84   -7999.88   282.955     7        57       
 4488.13 8       2297     -8241.99   -7999.9    242.095     9        59       
 4488.14 8       2298     -8241.99   -7999.9    242.095     7        59       
 4488.16 8       2300     -8241.99   -7999.9    242.095     8        59       
 4488.24 8       2350     -8241.99   -7999.9    242.095     9        59       
 4488.32 8       2400     -8241.99   -7999.9    242.095     9        59       
 4494.09 9       2587     -8205.31   -7999.91   205.396     8        66       
 4494.11 9       2588     -8205.31   -7999.91   205.396     7        66       
 4494.12 9       2589     -8205.31   -7999.91   205.396     8        66       
 4494.16 9       2600     -8205.31   -7999.91   205.396     8        66       
 4494.24 9       2650     -8205.31   -7999.91   205.396     8        66       
 4494.33 9       2700     -8205.31   -7999.91   205.396     8        66       
 4499.46 10      2875     -8172.74   -7999.92   172.823     10       72       
 4499.48 10      2876     -8172.74   -7999.92   172.823     8        72       
 4499.5  10      2877     -8172.74   -7999.92   172.823     9        72       
 4499.55 10      2900     -8172.74   -7999.92   172.823     9        72       
 4499.64 10      2950     -8172.74   -7999.92   172.823     9        72       
 4499.74 10      3000     -8172.74   -7999.92   172.823     9        72       
 4507.53 11      3163     -8149.28   -7999.93   149.352     10       81       
 4507.55 11      3164     -8149.28   -7999.93   149.352     8        81       
 4507.57 11      3165     -8149.28   -7999.93   149.352     9        81       
 4507.64 11      3200     -8149.28   -7999.93   149.352     11       81       
 4507.74 11      3250     -8149.28   -7999.93   149.352     11       81       
 4509.79 11      3300     -8149.28   -7999.93   149.352     10       84       
 4514.14 12      3453     -8126.64   -7999.94   126.7       11       88       
 4514.16 12      3454     -8126.64   -7999.94   126.7       10       88       
 4514.18 12      3455     -8126.64   -7999.94   126.7       10       88       
 4514.27 12      3500     -8126.64   -7999.94   126.7       11       88       
 4514.37 12      3550     -8126.64   -7999.94   126.7       11       88       
 4519.8  13      3600     -8126.64   -7999.94   126.7       10       94       
 4520.28 13      3747     -8117.97   -7999.95   118.02      12       94       
 4520.3  13      3748     -8117.97   -7999.95   118.02      10       94       
 4520.32 13      3750     -8117.97   -7999.95   118.02      11       94       
 4520.43 13      3800     -8117.97   -7999.95   118.02      12       94       
 4520.53 13      3850     -8117.97   -7999.95   118.02      12       94       
 4526.74 14      4039     -8105.73   -7999.96   105.77      9        99       
 4526.76 14      4040     -8105.73   -7999.96   105.77      8        99       
 4526.78 14      4041     -8105.73   -7999.96   105.77      8        99       
 4526.82 14      4050     -8105.73   -7999.96   105.77      9        99       
 4526.92 14      4100     -8105.73   -7999.96   105.77      9        99       
 4527.02 14      4150     -8105.73   -7999.96   105.77      9        99       
 4533.06 15      4331     -8093.1    -7999.97   93.1285     10       104      
 4533.08 15      4332     -8093.1    -7999.97   93.1285     9        104      
 4533.11 15      4333     -8093.1    -7999.97   93.1285     9        104      
 4533.16 15      4350     -8093.1    -7999.97   93.1285     10       104      
 4533.27 15      4400     -8093.1    -7999.97   93.1285     10       104      
 4533.37 15      4450     -8093.1    -7999.97   93.1285     10       104      
 4541.33 16      4623     -8082.84   -7999.98   82.8631     10       110      
 4541.36 16      4624     -8082.84   -7999.98   82.8631     9        110      
 4541.39 16      4625     -8082.84   -7999.98   82.8631     9        110      
 4541.46 16      4650     -8082.84   -7999.98   82.8631     10       110      
 4541.56 16      4700     -8082.84   -7999.98   82.8631     10       110      
 4541.68 16      4750     -8082.84   -7999.98   82.8631     10       110      
 4547.36 17      4911     -8071.28   -7999.99   71.2855     9        115      
 4547.38 17      4912     -8071.28   -7999.99   71.2855     8        115      
 4547.41 17      4913     -8071.28   -7999.99   71.2855     8        115      
 4547.5  17      4950     -8071.28   -7999.99   71.2855     9        115      
 4547.6  17      5000     -8071.28   -7999.99   71.2855     9        115      
 4549.39 17      5050     -8071.28   -7999.99   71.2855     7        117      
 4553.4  18      5205     -8064.52   -8000      64.5202     11       120      
 4553.43 18      5206     -8064.52   -8000      64.5202     10       120      
 4553.46 18      5207     -8064.52   -8000      64.5202     9        120      
 4553.56 18      5250     -8064.52   -8000      64.5202     10       120      
 4553.66 18      5300     -8064.52   -8000      64.5202     11       120      
 4557.7  19      5350     -8064.52   -8000      64.5202     10       123      
 4558.2  19      5495     -8056.14   -8000.01   56.1268     12       123      
 4558.22 19      5496     -8056.14   -8000.01   56.1268     11       123      
 4558.26 19      5500     -8056.14   -8000.01   56.1268     12       123      
 4558.37 19      5550     -8056.14   -8000.01   56.1268     12       123      
 4558.48 19      5600     -8056.14   -8000.01   56.1268     12       123      
 4564.51 20      5789     -8050.05   -8000.01   50.0383     11       127      
 4564.54 20      5790     -8050.05   -8000.01   50.0383     11       127      
 4564.57 20      5791     -8050.05   -8000.01   50.0383     10       127      
 4564.61 20      5800     -8050.05   -8000.01   50.0383     11       127      
 4564.72 20      5850     -8050.05   -8000.01   50.0383     11       127      
 4564.84 20      5900     -8050.05   -8000.01   50.0383     11       127      
 4568.83 21      6081     -8044.61   -8000.01   44.6        12       130      
 4568.86 21      6082     -8044.61   -8000.01   44.6        12       130      
 4568.89 21      6083     -8044.61   -8000.01   44.6        11       130      
 4568.94 21      6100     -8044.61   -8000.01   44.6        11       130      
 4569.06 21      6150     -8044.61   -8000.01   44.6        11       130      
 4569.17 21      6200     -8044.61   -8000.01   44.6        12       130      
 4577.46 22      6375     -8040.89   -8000.02   40.8678     12       136      
 4577.5  22      6376     -8040.89   -8000.02   40.8678     11       136      
 4577.53 22      6377     -8040.89   -8000.02   40.8678     11       136      
 4577.6  22      6400     -8040.89   -8000.02   40.8678     12       136      
 4577.72 22      6450     -8040.89   -8000.02   40.8678     12       136      
 4577.84 22      6500     -8040.89   -8000.02   40.8678     13       136      
 4587.65 23      6665     -8036.52   -8000.02   36.497      14       143      
 4587.69 23      6666     -8036.52   -8000.02   36.497      14       143      
 4587.72 23      6667     -8036.52   -8000.02   36.497      14       143      
 4587.81 23      6700     -8036.52   -8000.02   36.497      13       143      
 4587.93 23      6750     -8036.52   -8000.02   36.497      13       143      
 4590.17 23      6800     -8036.52   -8000.02   36.497      14       145      
 4598.05 24      6961     -8033.23   -8000.02   33.2066     13       150      
 4598.09 24      6962     -8033.23   -8000.02   33.2066     13       150      
 4598.12 24      6963     -8033.23   -8000.02   33.2066     12       150      
 4598.22 24      7000     -8033.23   -8000.02   33.2066     13       150      
 4598.35 24      7050     -8033.23   -8000.02   33.2066     13       150      
 4598.5  24      7100     -8033.23   -8000.02   33.2066     12       150      
 4600.8  25      7255     -8030.22   -8000.02   30.2021     14       151      
 4600.83 25      7256     -8030.22   -8000.02   30.2021     14       151      
 4600.87 25      7257     -8030.22   -8000.02   30.2021     14       151      
 4600.98 25      7300     -8030.22   -8000.02   30.2021     13       151      
 4601.11 25      7350     -8030.22   -8000.02   30.2021     13       151      
 4602.95 25      7400     -8030.22   -8000.02   30.2021     15       152      
 4603.55 26      7551     -8028.32   -8000.02   28.2932     14       152      
 4603.59 26      7552     -8028.32   -8000.02   28.2932     14       152      
 4603.63 26      7553     -8028.32   -8000.02   28.2932     13       152      
 4603.75 26      7600     -8028.32   -8000.02   28.2932     14       152      
 4603.87 26      7650     -8028.32   -8000.02   28.2932     14       152      
 4611.82 27      7841     -8025.17   -8000.03   25.1463     13       157      
 4611.86 27      7842     -8025.17   -8000.03   25.1463     13       157      
 4611.9  27      7843     -8025.17   -8000.03   25.1463     13       157      
 4611.95 27      7850     -8025.17   -8000.03   25.1463     13       157      
 4612.08 27      7900     -8025.17   -8000.03   25.1463     13       157      
 4612.22 27      7950     -8025.17   -8000.03   25.1463     13       157      
 4614.32 28      8139     -8023.96   -8000.03   23.9267     14       158      
 4614.36 28      8140     -8023.96   -8000.03   23.9267     14       158      
 4614.4  28      8141     -8023.96   -8000.03   23.9267     14       158      
 4614.45 28      8150     -8023.96   -8000.03   23.9267     13       158      
 4614.58 28      8200     -8023.96   -8000.03   23.9267     13       158      
 4614.7  28      8250     -8023.96   -8000.03   23.9267     14       158      
 4619.77 29      8435     -8022.25   -8000.03   22.2169     14       161      
 4619.81 29      8436     -8022.25   -8000.03   22.2169     14       161      
 4619.85 29      8437     -8022.25   -8000.03   22.2169     14       161      
 4619.91 29      8450     -8022.25   -8000.03   22.2169     14       161      
 4620.03 29      8500     -8022.25   -8000.03   22.2169     14       161      
 4620.17 29      8550     -8022.25   -8000.03   22.2169     15       161      
 4628.34 30      8731     -8020.75   -8000.03   20.7231     15       166      
 4628.38 30      8732     -8020.75   -8000.03   20.7231     15       166      
 4628.42 30      8733     -8020.75   -8000.03   20.7231     15       166      
 4628.49 30      8750     -8020.75   -8000.03   20.7231     15       166      
 4628.62 30      8800     -8020.75   -8000.03   20.7231     15       166      
 4628.76 30      8850     -8020.75   -8000.03   20.7231     16       166      
 4635.61 31      9029     -8019.72   -8000.03   19.6897     17       170      
 4635.65 31      9030     -8019.72   -8000.03   19.6897     17       170      
 4635.69 31      9031     -8019.72   -8000.03   19.6897     17       170      
 4635.76 31      9050     -8019.72   -8000.03   19.6897     17       170      
 4635.89 31      9100     -8019.72   -8000.03   19.6897     17       170      
 4636.02 31      9150     -8019.72   -8000.03   19.6897     17       170      
 4642.35 32      9325     -8018.18   -8000.03   18.1441     16       174      
 4642.39 32      9326     -8018.18   -8000.03   18.1441     16       174      
 4642.42 32      9327     -8018.18   -8000.03   18.1441     16       174      
 4642.5  32      9350     -8018.18   -8000.03   18.1441     16       174      
 4642.64 32      9400     -8018.18   -8000.03   18.1441     15       174      
 4642.77 32      9450     -8018.18   -8000.03   18.1441     15       174      
 4645.14 33      9619     -8016.48   -8000.03   16.4407     14       175      
 4645.18 33      9620     -8016.48   -8000.03   16.4407     14       175      
 4645.22 33      9621     -8016.48   -8000.03   16.4407     14       175      
 4645.31 33      9650     -8016.48   -8000.03   16.4407     14       175      
 4645.45 33      9700     -8016.48   -8000.03   16.4407     14       175      
 4645.59 33      9750     -8016.48   -8000.03   16.4407     15       175      
 4650.79 34      9913     -8014.95   -8000.04   14.9135     16       178      
 4650.83 34      9914     -8014.95   -8000.04   14.9135     16       178      
 4650.87 34      9915     -8014.95   -8000.04   14.9135     16       178      
 4650.98 34      9950     -8014.95   -8000.04   14.9135     16       178      
 4651.11 34      10000    -8014.95   -8000.04   14.9135     16       178      
 4652.51 34      10050    -8014.95   -8000.04   14.9135     17       179      
 4654.96 35      10207    -8013.82   -8000.04   13.7877     17       180      
 4655    35      10208    -8013.82   -8000.04   13.7877     17       180      
 4655.05 35      10209    -8013.82   -8000.04   13.7877     17       180      
 4655.16 35      10250    -8013.82   -8000.04   13.7877     17       180      
 4655.3  35      10300    -8013.82   -8000.04   13.7877     17       180      
 4661.09 35      10350    -8013.82   -8000.04   13.7877     18       184      
 4661.73 36      10501    -8012.68   -8000.04   12.6425     17       184      
 4661.77 36      10502    -8012.68   -8000.04   12.6425     17       184      
 4661.81 36      10503    -8012.68   -8000.04   12.6425     17       184      
 4661.94 36      10550    -8012.68   -8000.04   12.6425     17       184      
 4662.08 36      10600    -8012.68   -8000.04   12.6425     17       184      
 4666.56 37      10797    -8012.09   -8000.04   12.0555     17       186      
 4666.6  37      10798    -8012.09   -8000.04   12.0555     17       186      
 4666.64 37      10799    -8012.09   -8000.04   12.0555     17       186      
 4666.68 37      10800    -8012.09   -8000.04   12.0555     17       186      
 4666.82 37      10850    -8012.09   -8000.04   12.0555     17       186      
 4666.96 37      10900    -8012.09   -8000.04   12.0555     17       186      
 4667.75 38      11091    -8011.33   -8000.04   11.2886     17       186      
 4667.79 38      11092    -8011.33   -8000.04   11.2886     17       186      
 4667.83 38      11093    -8011.33   -8000.04   11.2886     17       186      
 4667.88 38      11100    -8011.33   -8000.04   11.2886     17       186      
 4668.02 38      11150    -8011.33   -8000.04   11.2886     17       186      
 4668.16 38      11200    -8011.33   -8000.04   11.2886     17       186      
 4674.87 39      11387    -8010.68   -8000.04   10.6455     18       189      
 4674.91 39      11388    -8010.68   -8000.04   10.6455     18       189      
 4674.96 39      11389    -8010.68   -8000.04   10.6455     18       189      
 4675.02 39      11400    -8010.68   -8000.04   10.6455     18       189      
 4675.16 39      11450    -8010.68   -8000.04   10.6455     18       189      
 4675.3  39      11500    -8010.68   -8000.04   10.6455     18       189      
 4683.28 40      11679    -8009.78   -8000.04   9.74163     19       193      
 4684.89 40      11680    -8009.78   -8000.04   9.74163     19       194      
 4684.94 40      11681    -8009.78   -8000.04   9.74163     19       194      
 4685.02 40      11700    -8009.78   -8000.04   9.74163     19       194      
 4685.16 40      11750    -8009.78   -8000.04   9.74163     19       194      
 4685.3  40      11800    -8009.78   -8000.04   9.74163     19       194      
 4688.24 41      11973    -8009.16   -8000.04   9.11884     18       195      
 4688.28 41      11974    -8009.16   -8000.04   9.11884     18       195      
 4688.33 41      11975    -8009.16   -8000.04   9.11884     18       195      
 4688.42 41      12000    -8009.16   -8000.04   9.11884     18       195      
 4688.56 41      12050    -8009.16   -8000.04   9.11884     18       195      
 4688.72 41      12100    -8009.16   -8000.04   9.11884     18       195      
 4693.98 42      12265    -8008.39   -8000.04   8.34495     20       198      
 4695.6  42      12266    -8008.39   -8000.04   8.34495     20       199      
 4695.66 42      12267    -8008.39   -8000.04   8.34495     20       199      
 4695.77 42      12300    -8008.39   -8000.04   8.34495     20       199      
 4695.91 42      12350    -8008.39   -8000.04   8.34495     20       199      
 4696.07 42      12400    -8008.39   -8000.04   8.34495     20       199      
 4700.18 43      12561    -8008.07   -8000.04   8.02384     20       201      
 4700.23 43      12562    -8008.07   -8000.04   8.02384     20       201      
 4700.28 43      12563    -8008.07   -8000.04   8.02384     20       201      
 4700.4  43      12600    -8008.07   -8000.04   8.02384     20       201      
 4700.55 43      12650    -8008.07   -8000.04   8.02384     20       201      
 4702.2  43      12700    -8008.07   -8000.04   8.02384     20       202      
 4704.81 44      12855    -8007.54   -8000.04   7.49491     21       203      
 4704.85 44      12856    -8007.54   -8000.04   7.49491     21       203      
 4704.9  44      12857    -8007.54   -8000.04   7.49491     21       203      
 4705.04 44      12900    -8007.54   -8000.04   7.49491     21       203      
 4705.19 44      12950    -8007.54   -8000.04   7.49491     21       203      
 4707.41 44      13000    -8007.54   -8000.04   7.49491     20       204      
 4708.06 45      13149    -8007.16   -8000.04   7.1138      21       204      
 4708.11 45      13150    -8007.16   -8000.04   7.1138      21       204      
 4708.16 45      13151    -8007.16   -8000.04   7.1138      21       204      
 4708.31 45      13200    -8007.16   -8000.04   7.1138      21       204      
 4708.47 45      13250    -8007.16   -8000.04   7.1138      21       204      
 4711.7  46      13443    -8006.85   -8000.04   6.80927     20       205      
 4713.41 46      13444    -8006.85   -8000.04   6.80927     20       206      
 4713.47 46      13445    -8006.85   -8000.04   6.80927     20       206      
 4713.53 46      13450    -8006.85   -8000.04   6.80927     20       206      
 4713.69 46      13500    -8006.85   -8000.04   6.80927     20       206      
 4713.84 46      13550    -8006.85   -8000.04   6.80927     20       206      
 4719.59 47      13739    -8006.57   -8000.04   6.53007     21       208      
 4719.64 47      13740    -8006.57   -8000.04   6.53007     21       208      
 4719.69 47      13741    -8006.57   -8000.04   6.53007     21       208      
 4719.76 47      13750    -8006.57   -8000.04   6.53007     21       208      
 4719.91 47      13800    -8006.57   -8000.04   6.53007     21       208      
 4720.08 47      13850    -8006.57   -8000.04   6.53007     21       208      
 4728.95 48      14033    -8006.25   -8000.04   6.20434     21       212      
 4729.01 48      14034    -8006.25   -8000.04   6.20434     21       212      
 4729.06 48      14035    -8006.25   -8000.04   6.20434     21       212      
 4729.14 48      14050    -8006.25   -8000.04   6.20434     21       212      
 4729.3  48      14100    -8006.25   -8000.04   6.20434     21       212      
 4729.47 48      14150    -8006.25   -8000.04   6.20434     21       212      
 4735.91 49      14325    -8005.84   -8000.04   5.79382     21       215      
 4737.8  49      14326    -8005.84   -8000.04   5.79382     21       216      
 4737.86 49      14327    -8005.84   -8000.04   5.79382     21       216      
 4737.97 49      14350    -8005.84   -8000.04   5.79382     21       216      
 4738.13 49      14400    -8005.84   -8000.04   5.79382     21       216      
 4738.29 49      14450    -8005.84   -8000.04   5.79382     21       216      
 4743.64 50      14621    -8005.63   -8000.04   5.58806     24       218      
 4743.7  50      14622    -8005.63   -8000.04   5.58806     24       218      
 4743.75 50      14623    -8005.63   -8000.04   5.58806     24       218      
 4743.87 50      14650    -8005.63   -8000.04   5.58806     24       218      
 4744.04 50      14700    -8005.63   -8000.04   5.58806     24       218      
 4744.23 50      14750    -8005.63   -8000.04   5.58806     24       218      
 4752.28 51      14913    -8005.28   -8000.04   5.23554     23       221      
 4752.34 51      14914    -8005.28   -8000.04   5.23554     23       221      
 4752.39 51      14915    -8005.28   -8000.04   5.23554     23       221      
 4752.53 51      14950    -8005.28   -8000.04   5.23554     23       221      
 4752.7  51      15000    -8005.28   -8000.04   5.23554     23       221      
 4756.31 51      15050    -8005.28   -8000.04   5.23554     23       223      
 4759.02 52      15207    -8005.07   -8000.04   5.02417     24       224      
 4759.08 52      15208    -8005.07   -8000.04   5.02417     24       224      
 4759.14 52      15209    -8005.07   -8000.04   5.02417     24       224      
 4759.28 52      15250    -8005.07   -8000.04   5.02417     24       224      
 4759.44 52      15300    -8005.07   -8000.04   5.02417     24       224      
 4763.67 52      15350    -8005.07   -8000.04   5.02417     25       226      
 4764.34 53      15499    -8004.8    -8000.05   4.75901     24       226      
 4764.4  53      15500    -8004.8    -8000.05   4.75901     24       226      
 4764.45 53      15501    -8004.8    -8000.05   4.75901     24       226      
 4764.62 53      15550    -8004.8    -8000.05   4.75901     24       226      
 4764.78 53      15600    -8004.8    -8000.05   4.75901     24       226      
 4772.07 54      15795    -8004.68   -8000.05   4.63329     25       229      
 4772.13 54      15796    -8004.68   -8000.05   4.63329     25       229      
 4772.19 54      15797    -8004.68   -8000.05   4.63329     25       229      
 4772.25 54      15800    -8004.68   -8000.05   4.63329     25       229      
 4772.42 54      15850    -8004.68   -8000.05   4.63329     25       229      
 4772.58 54      15900    -8004.68   -8000.05   4.63329     25       229      
 4781.29 55      16089    -8004.47   -8000.05   4.42226     22       232      
 4783.13 55      16090    -8004.47   -8000.05   4.42226     22       233      
 4784.23 55      16091    -8004.47   -8000.05   4.42226     22       234      
 4784.31 55      16100    -8004.47   -8000.05   4.42226     22       234      
 4784.46 55      16150    -8004.47   -8000.05   4.42226     22       234      
 4784.62 55      16200    -8004.47   -8000.05   4.42226     22       234      
 4794.71 56      16381    -8004.24   -8000.05   4.18733     25       238      
 4794.76 56      16382    -8004.24   -8000.05   4.18733     25       238      
 4794.82 56      16383    -8004.24   -8000.05   4.18733     25       238      
 4794.92 56      16400    -8004.24   -8000.05   4.18733     25       238      
 4795.08 56      16450    -8004.24   -8000.05   4.18733     25       238      
 4795.25 56      16500    -8004.24   -8000.05   4.18733     25       238      
 4803.39 57      16673    -8004.07   -8000.05   4.02223     24       241      
 4805.49 57      16674    -8004.07   -8000.05   4.02223     24       242      
 4806.78 57      16675    -8004.07   -8000.05   4.02223     24       243      
 4806.9  57      16700    -8004.07   -8000.05   4.02223     24       243      
 4807.06 57      16750    -8004.07   -8000.05   4.02223     24       243      
 4807.22 57      16800    -8004.07   -8000.05   4.02223     24       243      
 4810.4  58      16965    -8003.9    -8000.05   3.84946     24       244      
 4810.46 58      16966    -8003.9    -8000.05   3.84946     24       244      
 4810.51 58      16967    -8003.9    -8000.05   3.84946     24       244      
 4810.64 58      17000    -8003.9    -8000.05   3.84946     24       244      
 4810.8  58      17050    -8003.9    -8000.05   3.84946     24       244      
 4812.51 58      17100    -8003.9    -8000.05   3.84946     24       245      
 4815.4  59      17257    -8003.74   -8000.05   3.69215     24       246      
 4815.46 59      17258    -8003.74   -8000.05   3.69215     24       246      
 4815.51 59      17259    -8003.74   -8000.05   3.69215     24       246      
 4815.66 59      17300    -8003.74   -8000.05   3.69215     24       246      
 4815.82 59      17350    -8003.74   -8000.05   3.69215     24       246      
 4816.01 59      17400    -8003.74   -8000.05   3.69215     24       246      
 4816.6  60      17549    -8003.62   -8000.05   3.56662     24       246      
 4816.66 60      17550    -8003.62   -8000.05   3.56662     24       246      
 4816.72 60      17551    -8003.62   -8000.05   3.56662     24       246      
 4816.88 60      17600    -8003.62   -8000.05   3.56662     24       246      
 4817.04 60      17650    -8003.62   -8000.05   3.56662     24       246      
 4822.26 61      17841    -8003.5    -8000.05   3.45291     24       248      
 4822.32 61      17842    -8003.5    -8000.05   3.45291     24       248      
 4822.38 61      17843    -8003.5    -8000.05   3.45291     24       248      
 4822.45 61      17850    -8003.5    -8000.05   3.45291     24       248      
 4822.62 61      17900    -8003.5    -8000.05   3.45291     24       248      
 4822.78 61      17950    -8003.5    -8000.05   3.45291     24       248      
 4834.26 62      18135    -8003.4    -8000.05   3.34834     24       253      
 4836.04 62      18136    -8003.4    -8000.05   3.34834     24       254      
 4836.13 62      18137    -8003.4    -8000.05   3.34834     24       254      
 4836.23 62      18150    -8003.4    -8000.05   3.34834     24       254      
 4836.42 62      18200    -8003.4    -8000.05   3.34834     24       254      
 4836.61 62      18250    -8003.4    -8000.05   3.34834     24       254      
 4842.64 63      18427    -8003.32   -8000.06   3.25942     24       256      
 4842.7  63      18428    -8003.32   -8000.06   3.25942     24       256      
 4842.76 63      18429    -8003.32   -8000.06   3.25942     24       256      
 4842.87 63      18450    -8003.32   -8000.06   3.25942     24       256      
 4843.04 63      18500    -8003.32   -8000.06   3.25942     24       256      
 4843.23 63      18550    -8003.32   -8000.06   3.25942     24       256      
 4844.01 64      18719    -8003.2    -8000.06   3.14322     24       256      
 4844.07 64      18720    -8003.2    -8000.06   3.14322     24       256      
 4844.13 64      18721    -8003.2    -8000.06   3.14322     24       256      
 4844.26 64      18750    -8003.2    -8000.06   3.14322     24       256      
 4844.43 64      18800    -8003.2    -8000.06   3.14322     24       256      
 4844.62 64      18850    -8003.2    -8000.06   3.14322     24       256      
 4849.64 65      19011    -8003.11   -8000.06   3.05227     26       258      
 4851.37 65      19012    -8003.11   -8000.06   3.05227     26       259      
 4851.45 65      19013    -8003.11   -8000.06   3.05227     26       259      
 4851.6  65      19050    -8003.11   -8000.06   3.05227     26       259      
 4851.78 65      19100    -8003.11   -8000.06   3.05227     26       259      
 4851.97 65      19150    -8003.11   -8000.06   3.05227     26       259      
 4856.27 66      19303    -8003.03   -8000.07   2.96229     26       260      
 4856.33 66      19304    -8003.03   -8000.07   2.96229     26       260      
 4856.4  66      19305    -8003.03   -8000.07   2.96229     26       260      
 4856.57 66      19350    -8003.03   -8000.07   2.96229     26       260      
 4856.75 66      19400    -8003.03   -8000.07   2.96229     26       260      
 4865.39 67      19593    -8002.88   -8000.07   2.80929     26       263      
 4865.46 67      19594    -8002.88   -8000.07   2.80929     26       263      
 4865.52 67      19595    -8002.88   -8000.07   2.80929     26       263      
 4865.6  67      19600    -8002.88   -8000.07   2.80929     26       263      
 4865.78 67      19650    -8002.88   -8000.07   2.80929     26       263      
 4865.97 67      19700    -8002.88   -8000.07   2.80929     26       263      
 4866.84 68      19885    -8002.77   -8000.07   2.70141     26       263      
 4866.9  68      19886    -8002.77   -8000.07   2.70141     26       263      
 4866.99 68      19887    -8002.77   -8000.07   2.70141     26       263      
 4867.11 68      19900    -8002.77   -8000.07   2.70141     26       263      
 4867.3  68      19950    -8002.77   -8000.07   2.70141     26       263      
 4867.5  68      20000    -8002.77   -8000.07   2.70141     26       263      
 4876.46 69      20175    -8002.67   -8000.07   2.5951      27       267      
 4876.53 69      20176    -8002.67   -8000.07   2.5951      27       267      
 4876.6  69      20177    -8002.67   -8000.07   2.5951      27       267      
 4876.71 69      20200    -8002.67   -8000.07   2.5951      27       267      
 4876.9  69      20250    -8002.67   -8000.07   2.5951      27       267      
 4877.08 69      20300    -8002.67   -8000.07   2.5951      27       267      
 4886.27 70      20465    -8002.59   -8000.07   2.51912     27       271      
 4888.04 70      20466    -8002.59   -8000.07   2.51912     27       272      
 4888.11 70      20467    -8002.59   -8000.07   2.51912     27       272      
 4888.26 70      20500    -8002.59   -8000.07   2.51912     27       272      
 4888.44 70      20550    -8002.59   -8000.07   2.51912     27       272      
 4890.38 70      20600    -8002.59   -8000.07   2.51912     27       273      
 4899.09 71      20757    -8002.55   -8000.08   2.46679     27       276      
 4899.16 71      20758    -8002.55   -8000.08   2.46679     27       276      
 4899.24 71      20759    -8002.55   -8000.08   2.46679     27       276      
 4899.4  71      20800    -8002.55   -8000.08   2.46679     27       276      
 4899.59 71      20850    -8002.55   -8000.08   2.46679     27       276      
 4902.86 71      20900    -8002.55   -8000.08   2.46679     27       277      
 4903.59 72      21045    -8002.42   -8000.08   2.33547     26       277      
 4903.66 72      21046    -8002.42   -8000.08   2.33547     26       277      
 4903.74 72      21050    -8002.42   -8000.08   2.33547     26       277      
 4903.94 72      21100    -8002.42   -8000.08   2.33547     26       277      
 4904.13 72      21150    -8002.42   -8000.08   2.33547     26       277      
 4905.04 73      21337    -8002.38   -8000.08   2.29187     27       277      
 4905.11 73      21338    -8002.38   -8000.08   2.29187     27       277      
 4905.18 73      21339    -8002.38   -8000.08   2.29187     27       277      
 4905.28 73      21350    -8002.38   -8000.08   2.29187     27       277      
 4905.47 73      21400    -8002.38   -8000.08   2.29187     27       277      
 4905.68 73      21450    -8002.38   -8000.08   2.29187     27       277      
 4912    74      21627    -8002.28   -8000.09   2.19689     27       279      
 4913.99 74      21628    -8002.28   -8000.09   2.19689     27       280      
 4914.08 74      21629    -8002.28   -8000.09   2.19689     27       280      
 4914.2  74      21650    -8002.28   -8000.09   2.19689     27       280      
 4914.39 74      21700    -8002.28   -8000.09   2.19689     27       280      
 4914.58 74      21750    -8002.28   -8000.09   2.19689     27       280      
 4919.45 75      21919    -8002.23   -8000.09   2.14516     28       281      
 4919.52 75      21920    -8002.23   -8000.09   2.14516     28       281      
 4919.59 75      21921    -8002.23   -8000.09   2.14516     28       281      
 4919.74 75      21950    -8002.23   -8000.09   2.14516     28       281      
 4919.94 75      22000    -8002.23   -8000.09   2.14516     28       281      
 4920.16 75      22050    -8002.23   -8000.09   2.14516     28       281      
 4925.28 76      22205    -8002.1    -8000.09   2.00778     28       283      
 4925.35 76      22206    -8002.1    -8000.09   2.00778     28       283      
 4925.42 76      22207    -8002.1    -8000.09   2.00778     28       283      
 4925.6  76      22250    -8002.1    -8000.09   2.00778     28       283      
 4925.8  76      22300    -8002.1    -8000.09   2.00778     28       283      
 4928.98 77      22350    -8002.1    -8000.09   2.00778     28       284      
 4929.8  77      22495    -8002.04   -8000.09   1.95497     28       284      
 4932.48 77      22496    -8002.04   -8000.09   1.95497     28       285      
 4934.36 77      22500    -8002.04   -8000.09   1.95497     28       286      
 4934.56 77      22550    -8002.04   -8000.09   1.95497     28       286      
 4934.76 77      22600    -8002.04   -8000.09   1.95497     28       286      
 4938.19 78      22777    -8001.9    -8000.09   1.8056      28       287      
 4938.27 78      22778    -8001.9    -8000.09   1.8056      28       287      
 4938.35 78      22779    -8001.9    -8000.09   1.8056      28       287      
 4938.47 78      22800    -8001.9    -8000.09   1.8056      28       287      
 4938.67 78      22850    -8001.9    -8000.09   1.8056      28       287      
 4938.86 78      22900    -8001.9    -8000.09   1.8056      28       287      
 4941.85 79      23067    -8001.88   -8000.1    1.78143     28       288      
 4944.23 79      23068    -8001.88   -8000.1    1.78143     28       289      
 4944.32 79      23069    -8001.88   -8000.1    1.78143     28       289      
 4944.48 79      23100    -8001.88   -8000.1    1.78143     28       289      
 4944.68 79      23150    -8001.88   -8000.1    1.78143     28       289      
 4947.2  79      23200    -8001.88   -8000.1    1.78143     28       290      
 4956.38 80      23353    -8001.77   -8000.1    1.6632      29       292      
 4956.45 80      23354    -8001.77   -8000.1    1.6632      29       292      
 4956.53 80      23355    -8001.77   -8000.1    1.6632      29       292      
 4956.72 80      23400    -8001.77   -8000.1    1.6632      29       292      
 4956.92 80      23450    -8001.77   -8000.1    1.6632      29       292      
 4965.78 81      23641    -8001.72   -8000.1    1.61131     30       295      
 4967.92 81      23642    -8001.72   -8000.1    1.61131     30       296      
 4968.01 81      23643    -8001.72   -8000.1    1.61131     30       296      
 4968.1  81      23650    -8001.72   -8000.1    1.61131     30       296      
 4968.32 81      23700    -8001.72   -8000.1    1.61131     30       296      
 4968.53 81      23750    -8001.72   -8000.1    1.61131     30       296      
 4969.47 82      23927    -8001.63   -8000.12   1.51746     30       296      
 4969.54 82      23928    -8001.63   -8000.12   1.51746     30       296      
 4969.62 82      23929    -8001.63   -8000.12   1.51746     30       296      
 4969.76 82      23950    -8001.63   -8000.12   1.51746     30       296      
 4969.96 82      24000    -8001.63   -8000.12   1.51746     30       296      
 4970.18 82      24050    -8001.63   -8000.12   1.51746     30       296      
 4980.16 83      24215    -8001.56   -8000.12   1.44599     30       300      
 4982.9  83      24216    -8001.56   -8000.12   1.44599     30       301      
 4984.7  83      24217    -8001.56   -8000.12   1.44599     30       302      
 4984.88 83      24250    -8001.56   -8000.12   1.44599     30       302      
 4985.1  83      24300    -8001.56   -8000.12   1.44599     30       302      
 4985.32 83      24350    -8001.56   -8000.12   1.44599     30       302      
 4986.2  84      24503    -8001.5    -8000.12   1.38403     30       302      
 4986.27 84      24504    -8001.5    -8000.12   1.38403     30       302      
 4986.35 84      24505    -8001.5    -8000.12   1.38403     30       302      
 4986.55 84      24550    -8001.5    -8000.12   1.38403     30       302      
 4986.76 84      24600    -8001.5    -8000.12   1.38403     30       302      
 4992.87 85      24791    -8001.45   -8000.12   1.3306      30       304      
 4992.95 85      24792    -8001.45   -8000.12   1.3306      30       304      
 4993.03 85      24793    -8001.45   -8000.12   1.3306      30       304      
 4993.12 85      24800    -8001.45   -8000.12   1.3306      30       304      
 4993.34 85      24850    -8001.45   -8000.12   1.3306      30       304      
 4993.56 85      24900    -8001.45   -8000.12   1.3306      30       304      
 4994.47 86      25077    -8001.39   -8000.12   1.2723      30       304      
 4994.54 86      25078    -8001.39   -8000.12   1.2723      30       304      
 4994.62 86      25079    -8001.39   -8000.12   1.2723      30       304      
 4994.76 86      25100    -8001.39   -8000.12   1.2723      30       304      
 4994.97 86      25150    -8001.39   -8000.12   1.2723      30       304      
 4995.19 86      25200    -8001.39   -8000.12   1.2723      30       304      
 5005.39 87      25363    -8001.35   -8000.12   1.23369     30       308      
 5007.99 87      25364    -8001.35   -8000.12   1.23369     30       309      
 5008.08 87      25365    -8001.35   -8000.12   1.23369     30       309      
 5008.26 87      25400    -8001.35   -8000.12   1.23369     30       309      
 5008.48 87      25450    -8001.35   -8000.12   1.23369     30       309      
 5014.95 87      25500    -8001.35   -8000.12   1.23369     30       312      
 5015.76 88      25649    -8001.32   -8000.12   1.19644     30       312      
 5015.84 88      25650    -8001.32   -8000.12   1.19644     30       312      
 5015.92 88      25651    -8001.32   -8000.12   1.19644     30       312      
 5016.14 88      25700    -8001.32   -8000.12   1.19644     30       312      
 5016.35 88      25750    -8001.32   -8000.12   1.19644     30       312      
 5036.61 89      25935    -8001.27   -8000.12   1.14521     30       318      
 5038.73 89      25936    -8001.27   -8000.12   1.14521     30       319      
 5038.83 89      25937    -8001.27   -8000.12   1.14521     30       319      
 5038.95 89      25950    -8001.27   -8000.12   1.14521     30       319      
 5039.17 89      26000    -8001.27   -8000.12   1.14521     30       319      
 5039.39 89      26050    -8001.27   -8000.12   1.14521     30       319      
 5051.12 90      26223    -8001.25   -8000.13   1.12206     31       322      
 5053.99 90      26224    -8001.25   -8000.13   1.12206     31       323      
 5055.8  90      26225    -8001.25   -8000.13   1.12206     31       324      
 5055.98 90      26250    -8001.25   -8000.13   1.12206     31       324      
 5056.2  90      26300    -8001.25   -8000.13   1.12206     31       324      
 5056.44 90      26350    -8001.25   -8000.13   1.12206     31       324      
 5067.17 91      26509    -8001.21   -8000.13   1.07702     31       328      
 5069.69 91      26510    -8001.21   -8000.13   1.07702     31       329      
 5072.24 91      26511    -8001.21   -8000.13   1.07702     32       330      
 5072.45 91      26550    -8001.21   -8000.13   1.07702     32       330      
 5072.67 91      26600    -8001.21   -8000.13   1.07702     32       330      
 5082.57 91      26650    -8001.21   -8000.13   1.07702     32       333      
 5086.48 92      26797    -8001.18   -8000.13   1.05298     32       334      
 5086.57 92      26798    -8001.18   -8000.13   1.05298     32       334      
 5086.67 92      26800    -8001.18   -8000.13   1.05298     32       334      
 5086.9  92      26850    -8001.18   -8000.13   1.05298     32       334      
 5087.12 92      26900    -8001.18   -8000.13   1.05298     32       334      
 5107.39 93      27081    -8001.13   -8000.13   0.997518    31       340      
 5107.48 93      27082    -8001.13   -8000.13   0.997518    31       340      
 5107.58 93      27083    -8001.13   -8000.13   0.997518    31       340      
 5107.72 93      27100    -8001.13   -8000.13   0.997518    31       340      
 5107.95 93      27150    -8001.13   -8000.13   0.997518    31       340      
 5108.18 93      27200    -8001.13   -8000.13   0.997518    31       340      
 5114.08 94      27367    -8001.11   -8000.13   0.974187    31       342      
 5114.17 94      27368    -8001.11   -8000.13   0.974187    31       342      
 5114.26 94      27369    -8001.11   -8000.13   0.974187    31       342      
 5114.44 94      27400    -8001.11   -8000.13   0.974187    31       342      
 5114.68 94      27450    -8001.11   -8000.13   0.974187    31       342      
 5114.94 94      27500    -8001.11   -8000.13   0.974187    31       342      
 5122.05 95      27651    -8001.06   -8000.13   0.928914    32       344      
 5122.15 95      27652    -8001.06   -8000.13   0.928914    32       344      
 5122.25 95      27653    -8001.06   -8000.13   0.928914    32       344      
 5122.47 95      27700    -8001.06   -8000.13   0.928914    32       344      
 5122.7  95      27750    -8001.06   -8000.13   0.928914    32       344      
 5130.54 96      27935    -8001.03   -8000.13   0.900246    32       346      
 5133.28 96      27936    -8001.03   -8000.13   0.900246    32       347      
 5133.39 96      27937    -8001.03   -8000.13   0.900246    32       347      
 5133.52 96      27950    -8001.03   -8000.13   0.900246    32       347      
 5133.76 96      28000    -8001.03   -8000.13   0.900246    32       347      
 5134    96      28050    -8001.03   -8000.13   0.900246    32       347      
 5140.16 97      28221    -8001.02   -8000.14   0.875542    32       349      
 5140.26 97      28222    -8001.02   -8000.14   0.875542    32       349      
 5142.32 97      28223    -8001.02   -8000.14   0.875542    32       350      
 5142.52 97      28250    -8001.02   -8000.14   0.875542    32       350      
 5142.76 97      28300    -8001.02   -8000.14   0.875542    32       350      
 5143.02 97      28350    -8001.02   -8000.14   0.875542    32       350      
 5159.41 98      28505    -8000.98   -8000.14   0.836152    32       355      
 5162.31 98      28506    -8000.98   -8000.14   0.836152    32       356      
 5164.25 98      28507    -8000.98   -8000.14   0.836152    33       357      
 5164.49 98      28550    -8000.98   -8000.14   0.836152    33       357      
 5164.74 98      28600    -8000.98   -8000.14   0.836152    33       357      
 5175.7  99      28793    -8000.97   -8000.14   0.821497    32       359      
 5175.8  99      28794    -8000.97   -8000.14   0.821497    32       359      
 5177.68 99      28795    -8000.97   -8000.14   0.821497    32       360      
 5177.81 99      28800    -8000.97   -8000.14   0.821497    32       360      
 5178.06 99      28850    -8000.97   -8000.14   0.821497    32       360      
 5178.31 99      28900    -8000.97   -8000.14   0.821497    32       360      
 5192.1  100     29079    -8000.94   -8000.14   0.800031    33       364      
 5194.96 100     29080    -8000.94   -8000.14   0.800031    33       365      
 5195.08 100     29081    -8000.94   -8000.14   0.800031    33       365      
 5195.24 100     29100    -8000.94   -8000.14   0.800031    33       365      
 5195.5  100     29150    -8000.94   -8000.14   0.800031    33       365      
 5195.76 100     29200    -8000.94   -8000.14   0.800031    33       365      
 5209.09 101     29363    -8000.92   -8000.14   0.772338    32       369      
 5212.05 101     29364    -8000.92   -8000.14   0.772338    32       370      
 5213.99 101     29365    -8000.92   -8000.14   0.772338    32       371      
 5214.21 101     29400    -8000.92   -8000.14   0.772338    32       371      
 5214.46 101     29450    -8000.92   -8000.14   0.772338    32       371      
 5220.55 101     29500    -8000.92   -8000.14   0.772338    32       373      
 5221.43 102     29649    -8000.9    -8000.14   0.76045     32       373      
 5221.53 102     29650    -8000.9    -8000.14   0.76045     32       373      
 5221.63 102     29651    -8000.9    -8000.14   0.76045     32       373      
 5221.9  102     29700    -8000.9    -8000.14   0.76045     32       373      
 5222.17 102     29750    -8000.9    -8000.14   0.76045     32       373      
 5225.49 103     29933    -8000.89   -8000.14   0.74427     32       374      
 5228.52 103     29934    -8000.89   -8000.14   0.74427     32       375      
 5230.63 103     29935    -8000.89   -8000.14   0.74427     32       376      
 5230.8  103     29950    -8000.89   -8000.14   0.74427     32       376      
 5231.06 103     30000    -8000.89   -8000.14   0.74427     32       376      
 5231.32 103     30050    -8000.89   -8000.14   0.74427     32       376      
 5235.8  104     30217    -8000.87   -8000.14   0.723426    31       377      
 5238.53 104     30218    -8000.87   -8000.14   0.723426    31       378      
 5238.65 104     30219    -8000.87   -8000.14   0.723426    31       378      
 5238.85 104     30250    -8000.87   -8000.14   0.723426    31       378      
 5239.1  104     30300    -8000.87   -8000.14   0.723426    31       378      
 5239.38 104     30350    -8000.87   -8000.14   0.723426    31       378      
 5254.64 105     30499    -8000.85   -8000.15   0.696885    31       383      
 5257.74 105     30500    -8000.85   -8000.15   0.696885    31       384      
 5257.87 105     30501    -8000.85   -8000.15   0.696885    31       384      
 5258.13 105     30550    -8000.85   -8000.15   0.696885    31       384      
 5258.39 105     30600    -8000.85   -8000.15   0.696885    31       384      
 5280.61 106     30783    -8000.83   -8000.15   0.672833    31       390      
 5283.75 106     30784    -8000.83   -8000.15   0.672833    31       391      
 5283.88 106     30785    -8000.83   -8000.15   0.672833    32       391      
 5284.03 106     30800    -8000.83   -8000.15   0.672833    32       391      
 5284.29 106     30850    -8000.83   -8000.15   0.672833    32       391      
 5284.56 106     30900    -8000.83   -8000.15   0.672833    32       391      
 5301.57 107     31067    -8000.81   -8000.15   0.652436    32       396      
 5301.68 107     31068    -8000.81   -8000.15   0.652436    32       396      
 5303.9  107     31069    -8000.81   -8000.15   0.652436    32       397      
 5304.14 107     31100    -8000.81   -8000.15   0.652436    32       397      
 5304.4  107     31150    -8000.81   -8000.15   0.652436    32       397      
 5314.4  107     31200    -8000.81   -8000.15   0.652436    32       400      
 5325.38 108     31351    -8000.79   -8000.16   0.630227    32       403      
 5325.49 108     31352    -8000.79   -8000.16   0.630227    33       403      
 5325.61 108     31353    -8000.79   -8000.16   0.630227    34       403      
 5325.87 108     31400    -8000.79   -8000.16   0.630227    34       403      
 5326.14 108     31450    -8000.79   -8000.16   0.630227    34       403      
 5341.94 109     31637    -8000.77   -8000.16   0.617483    32       407      
 5345.1  109     31638    -8000.77   -8000.16   0.617483    32       408      
 5348.5  109     31639    -8000.77   -8000.16   0.617483    33       409      
 5348.68 109     31650    -8000.77   -8000.16   0.617483    33       409      
 5348.95 109     31700    -8000.77   -8000.16   0.617483    33       409      
 5349.22 109     31750    -8000.77   -8000.16   0.617483    33       409      
 5371.21 110     31921    -8000.75   -8000.16   0.597077    32       415      
 5371.34 110     31922    -8000.75   -8000.16   0.597077    32       415      
 5371.46 110     31923    -8000.75   -8000.16   0.597077    32       415      
 5371.66 110     31950    -8000.75   -8000.16   0.597077    32       415      
 5371.93 110     32000    -8000.75   -8000.16   0.597077    32       415      
 5372.21 110     32050    -8000.75   -8000.16   0.597077    32       415      
 5382.58 111     32205    -8000.74   -8000.16   0.5881      32       418      
 5385.65 111     32206    -8000.74   -8000.16   0.5881      32       419      
 5389.12 111     32207    -8000.74   -8000.16   0.5881      33       420      
 5389.39 111     32250    -8000.74   -8000.16   0.5881      33       420      
 5389.67 111     32300    -8000.74   -8000.16   0.5881      33       420      
 5397.46 112     32489    -8000.73   -8000.16   0.570101    32       422      
 5397.57 112     32490    -8000.73   -8000.16   0.570101    32       422      
 5397.69 112     32491    -8000.73   -8000.16   0.570101    32       422      
 5397.83 112     32500    -8000.73   -8000.16   0.570101    32       422      
 5398.09 112     32550    -8000.73   -8000.16   0.570101    32       422      
 5398.35 112     32600    -8000.73   -8000.16   0.570101    32       422      
 5405.99 113     32773    -8000.72   -8000.16   0.562003    33       424      
 5406.12 113     32774    -8000.72   -8000.16   0.562003    33       424      
 5406.25 113     32775    -8000.72   -8000.16   0.562003    33       424      
 5406.45 113     32800    -8000.72   -8000.16   0.562003    33       424      
 5406.72 113     32850    -8000.72   -8000.16   0.562003    33       424      
 5407.01 113     32900    -8000.72   -8000.16   0.562003    33       424      
 5422.96 114     33053    -8000.7    -8000.16   0.539756    33       428      
 5423.07 114     33054    -8000.7    -8000.16   0.539756    33       428      
 5423.19 114     33055    -8000.7    -8000.16   0.539756    33       428      
 5423.45 114     33100    -8000.7    -8000.16   0.539756    33       428      
 5423.72 114     33150    -8000.7    -8000.16   0.539756    33       428      
 5442.28 115     33337    -8000.69   -8000.16   0.531481    34       432      
 5442.38 115     33338    -8000.69   -8000.16   0.531481    34       432      
 5442.5  115     33339    -8000.69   -8000.16   0.531481    34       432      
 5442.65 115     33350    -8000.69   -8000.16   0.531481    34       432      
 5442.92 115     33400    -8000.69   -8000.16   0.531481    34       432      
 5443.2  115     33450    -8000.69   -8000.16   0.531481    34       432      
 5464.44 116     33615    -8000.67   -8000.16   0.508557    34       438      
 5464.56 116     33616    -8000.67   -8000.16   0.508557    34       438      
 5464.67 116     33617    -8000.67   -8000.16   0.508557    35       438      
 5464.89 116     33650    -8000.67   -8000.16   0.508557    35       438      
 5465.16 116     33700    -8000.67   -8000.16   0.508557    35       438      
 5479.27 116     33750    -8000.67   -8000.16   0.508557    34       442      
 5483.9  117     33895    -8000.66   -8000.16   0.497713    35       443      
 5487.37 117     33896    -8000.66   -8000.16   0.497713    35       444      
 5489.62 117     33900    -8000.66   -8000.16   0.497713    35       445      
 5489.9  117     33950    -8000.66   -8000.16   0.497713    35       445      
 5490.17 117     34000    -8000.66   -8000.16   0.497713    35       445      
 5504.43 118     34175    -8000.64   -8000.16   0.483712    34       449      
 5504.55 118     34176    -8000.64   -8000.16   0.483712    34       449      
 5504.67 118     34177    -8000.64   -8000.16   0.483712    34       449      
 5504.86 118     34200    -8000.64   -8000.16   0.483712    34       449      
 5505.14 118     34250    -8000.64   -8000.16   0.483712    34       449      
 5505.41 118     34300    -8000.64   -8000.16   0.483712    34       449      
 5518.55 119     34455    -8000.63   -8000.16   0.47591     34       452      
 5521.34 119     34456    -8000.63   -8000.16   0.47591     34       453      
 5521.48 119     34457    -8000.63   -8000.16   0.47591     34       453      
 5521.73 119     34500    -8000.63   -8000.16   0.47591     34       453      
 5522.01 119     34550    -8000.63   -8000.16   0.47591     34       453      
 5544.65 120     34733    -8000.62   -8000.16   0.457439    36       459      
 5544.77 120     34734    -8000.62   -8000.16   0.457439    34       459      
 5544.9  120     34735    -8000.62   -8000.16   0.457439    34       459      
 5545.07 120     34750    -8000.62   -8000.16   0.457439    34       459      
 5545.35 120     34800    -8000.62   -8000.16   0.457439    34       459      
 5545.64 120     34850    -8000.62   -8000.16   0.457439    34       459      
 5552.92 121     35015    -8000.61   -8000.16   0.448059    34       461      
 5553.04 121     35016    -8000.61   -8000.16   0.448059    34       461      
 5553.16 121     35017    -8000.61   -8000.16   0.448059    34       461      
 5553.39 121     35050    -8000.61   -8000.16   0.448059    34       461      
 5553.69 121     35100    -8000.61   -8000.16   0.448059    34       461      
 5571.85 121     35150    -8000.61   -8000.16   0.448059    34       466      
 5576.68 122     35295    -8000.6    -8000.16   0.43117     34       467      
 5576.8  122     35296    -8000.6    -8000.16   0.43117     34       467      
 5576.94 122     35300    -8000.6    -8000.16   0.43117     34       467      
 5577.23 122     35350    -8000.6    -8000.16   0.43117     34       467      
 5577.53 122     35400    -8000.6    -8000.16   0.43117     34       467      
 5609.74 123     35575    -8000.59   -8000.17   0.4225      34       475      
 5609.87 123     35576    -8000.59   -8000.17   0.4225      34       475      
 5610    123     35577    -8000.59   -8000.17   0.4225      34       475      
 5610.22 123     35600    -8000.59   -8000.17   0.4225      34       475      
 5610.51 123     35650    -8000.59   -8000.17   0.4225      34       475      
 5610.84 123     35700    -8000.59   -8000.17   0.4225      34       475      
 5641.11 124     35855    -8000.58   -8000.17   0.409979    34       483      
 5641.24 124     35856    -8000.58   -8000.17   0.409979    34       483      
 5644.86 124     35857    -8000.58   -8000.17   0.409979    35       484      
 5645.17 124     35900    -8000.58   -8000.17   0.409979    35       484      
 5645.47 124     35950    -8000.58   -8000.17   0.409979    35       484      
 5662.53 125     36137    -8000.57   -8000.17   0.405027    35       488      
 5662.67 125     36138    -8000.57   -8000.17   0.405027    35       488      
 5662.81 125     36139    -8000.57   -8000.17   0.405027    35       488      
 5662.99 125     36150    -8000.57   -8000.17   0.405027    35       488      
 5663.3  125     36200    -8000.57   -8000.17   0.405027    35       488      
 5663.62 125     36250    -8000.57   -8000.17   0.405027    35       488      
 5686.85 126     36419    -8000.57   -8000.17   0.401028    35       493      
 5686.99 126     36420    -8000.57   -8000.17   0.401028    35       493      
 5687.13 126     36421    -8000.57   -8000.17   0.401028    35       493      
 5687.36 126     36450    -8000.57   -8000.17   0.401028    35       493      
 5687.68 126     36500    -8000.57   -8000.17   0.401028    35       493      
 5688    126     36550    -8000.57   -8000.17   0.401028    35       493      
 5703    127     36699    -8000.56   -8000.17   0.395516    35       496      
 5703.14 127     36700    -8000.56   -8000.17   0.395516    36       496      
 5703.27 127     36701    -8000.56   -8000.17   0.395516    36       496      
 5703.58 127     36750    -8000.56   -8000.17   0.395516    36       496      
 5703.89 127     36800    -8000.56   -8000.17   0.395516    36       496      
 5729.86 128     36979    -8000.55   -8000.17   0.384281    36       502      
 5730    128     36980    -8000.55   -8000.17   0.384281    36       502      
 5733.72 128     36981    -8000.55   -8000.17   0.384281    36       503      
 5733.94 128     37000    -8000.55   -8000.17   0.384281    36       503      
 5734.25 128     37050    -8000.55   -8000.17   0.384281    36       503      
 5734.56 128     37100    -8000.55   -8000.17   0.384281    36       503      
 5759.73 129     37259    -8000.55   -8000.17   0.375681    36       508      
 5759.87 129     37260    -8000.55   -8000.17   0.375681    35       508      
 5760    129     37261    -8000.55   -8000.17   0.375681    35       508      
 5760.28 129     37300    -8000.55   -8000.17   0.375681    35       508      
 5760.58 129     37350    -8000.55   -8000.17   0.375681    35       508      
 5765.8  130     37539    -8000.54   -8000.17   0.368838    35       509      
 5770.1  130     37540    -8000.54   -8000.17   0.368838    35       510      
 5773.07 130     37541    -8000.54   -8000.17   0.368838    35       511      
 5773.26 130     37550    -8000.54   -8000.17   0.368838    35       511      
 5773.57 130     37600    -8000.54   -8000.17   0.368838    35       511      
 5773.88 130     37650    -8000.54   -8000.17   0.368838    35       511      
 5793.21 131     37817    -8000.53   -8000.17   0.361259    35       516      
 5793.35 131     37818    -8000.53   -8000.17   0.361259    34       516      
 5795.96 131     37819    -8000.53   -8000.17   0.361259    34       517      
 5796.22 131     37850    -8000.53   -8000.17   0.361259    34       517      
 5796.54 131     37900    -8000.53   -8000.17   0.361259    34       517      
 5799.71 131     37950    -8000.53   -8000.17   0.361259    34       518      
 5820.59 132     38095    -8000.53   -8000.17   0.355446    35       523      
 5824.74 132     38096    -8000.53   -8000.17   0.355446    35       524      
 5824.93 132     38100    -8000.53   -8000.17   0.355446    35       524      
 5825.25 132     38150    -8000.53   -8000.17   0.355446    35       524      
 5825.57 132     38200    -8000.53   -8000.17   0.355446    35       524      
 5841.59 133     38373    -8000.52   -8000.17   0.349536    35       528      
 5841.74 133     38374    -8000.52   -8000.17   0.349536    35       528      
 5841.89 133     38375    -8000.52   -8000.17   0.349536    35       528      
 5842.12 133     38400    -8000.52   -8000.17   0.349536    35       528      
 5842.45 133     38450    -8000.52   -8000.17   0.349536    35       528      
 5848.87 133     38500    -8000.52   -8000.17   0.349536    36       530      
 5875.59 134     38651    -8000.51   -8000.17   0.340908    35       536      
 5879.71 134     38652    -8000.51   -8000.17   0.340908    35       537      
 5879.88 134     38653    -8000.51   -8000.17   0.340908    35       537      
 5880.2  134     38700    -8000.51   -8000.17   0.340908    35       537      
 5880.52 134     38750    -8000.51   -8000.17   0.340908    35       537      
 5916.51 135     38929    -8000.5    -8000.17   0.331669    34       545      
 5920.58 135     38930    -8000.5    -8000.17   0.331669    34       546      
 5920.76 135     38931    -8000.5    -8000.17   0.331669    35       546      
 5920.97 135     38950    -8000.5    -8000.17   0.331669    35       546      
 5921.31 135     39000    -8000.5    -8000.17   0.331669    35       546      
 5921.65 135     39050    -8000.5    -8000.17   0.331669    35       546      
 5957.94 136     39207    -8000.5    -8000.18   0.323077    35       554      
 5962.49 136     39208    -8000.5    -8000.18   0.323077    35       555      
 5962.68 136     39209    -8000.5    -8000.18   0.323077    35       555      
 5962.99 136     39250    -8000.5    -8000.18   0.323077    35       555      
 5963.33 136     39300    -8000.5    -8000.18   0.323077    35       555      
 5990.65 137     39487    -8000.49   -8000.18   0.318124    36       560      
 5990.81 137     39488    -8000.49   -8000.18   0.318124    36       560      
 5993.94 137     39489    -8000.49   -8000.18   0.318124    36       561      
 5994.16 137     39500    -8000.49   -8000.18   0.318124    36       561      
 5994.51 137     39550    -8000.49   -8000.18   0.318124    36       561      
 5994.85 137     39600    -8000.49   -8000.18   0.318124    36       561      
 6019.12 138     39767    -8000.49   -8000.18   0.314947    36       566      
 6019.28 138     39768    -8000.49   -8000.18   0.314947    36       566      
 6022.39 138     39769    -8000.49   -8000.18   0.314947    36       567      
 6022.7  138     39800    -8000.49   -8000.18   0.314947    36       567      
 6023.05 138     39850    -8000.49   -8000.18   0.314947    36       567      
 6023.41 138     39900    -8000.49   -8000.18   0.314947    36       567      
 6046.51 139     40047    -8000.49   -8000.18   0.310797    36       572      
 6051.36 139     40048    -8000.49   -8000.18   0.310797    36       573      
 6054.52 139     40050    -8000.49   -8000.18   0.310797    36       574      
 6054.86 139     40100    -8000.49   -8000.18   0.310797    36       574      
 6055.21 139     40150    -8000.49   -8000.18   0.310797    36       574      
 6080.22 140     40327    -8000.48   -8000.18   0.307132    38       580      
 6080.39 140     40328    -8000.48   -8000.18   0.307132    37       580      
 6080.56 140     40329    -8000.48   -8000.18   0.307132    37       580      
 6080.81 140     40350    -8000.48   -8000.18   0.307132    37       580      
 6081.17 140     40400    -8000.48   -8000.18   0.307132    37       580      
 6081.53 140     40450    -8000.48   -8000.18   0.307132    37       580      
 6112.86 141     40607    -8000.48   -8000.18   0.303133    36       587      
 6117.94 141     40608    -8000.48   -8000.18   0.303133    36       588      
 6121.35 141     40609    -8000.48   -8000.18   0.303133    36       589      
 6121.7  141     40650    -8000.48   -8000.18   0.303133    36       589      
 6122.07 141     40700    -8000.48   -8000.18   0.303133    36       589      
 6148.86 142     40885    -8000.47   -8000.18   0.297769    36       595      
 6149.04 142     40886    -8000.47   -8000.18   0.297769    36       595      
 6149.21 142     40887    -8000.47   -8000.18   0.297769    36       595      
 6149.43 142     40900    -8000.47   -8000.18   0.297769    36       595      
 6149.79 142     40950    -8000.47   -8000.18   0.297769    36       595      
 6150.16 142     41000    -8000.47   -8000.18   0.297769    36       595      
 6181.78 143     41163    -8000.47   -8000.18   0.290939    37       602      
 6187.04 143     41164    -8000.47   -8000.18   0.290939    37       603      
 6190.79 143     41165    -8000.47   -8000.18   0.290939    37       604      
 6191.12 143     41200    -8000.47   -8000.18   0.290939    37       604      
 6191.48 143     41250    -8000.47   -8000.18   0.290939    37       604      
 6213.75 143     41300    -8000.47   -8000.18   0.290939    37       609      
 6225.9  144     41443    -8000.47   -8000.18   0.284871    36       611      
 6226.08 144     41444    -8000.47   -8000.18   0.284871    37       611      
 6226.29 144     41450    -8000.47   -8000.18   0.284871    37       611      
 6226.67 144     41500    -8000.47   -8000.18   0.284871    37       611      
 6227.04 144     41550    -8000.47   -8000.18   0.284871    37       611      
 6253.75 145     41725    -8000.46   -8000.18   0.278053    36       616      
 6258.48 145     41726    -8000.46   -8000.18   0.278053    36       617      
 6263.18 145     41727    -8000.46   -8000.18   0.278053    37       618      
 6263.5  145     41750    -8000.46   -8000.18   0.278053    37       618      
 6263.89 145     41800    -8000.46   -8000.18   0.278053    37       618      
 6264.28 145     41850    -8000.46   -8000.18   0.278053    37       618      
 6291.93 146     42007    -8000.46   -8000.18   0.273553    37       624      
 6296.33 146     42008    -8000.46   -8000.18   0.273553    37       625      
 6301.41 146     42009    -8000.46   -8000.18   0.273553    37       626      
 6301.79 146     42050    -8000.46   -8000.18   0.273553    37       626      
 6302.18 146     42100    -8000.46   -8000.18   0.273553    37       626      
 6312.81 147     42291    -8000.46   -8000.18   0.271418    36       628      
 6312.99 147     42292    -8000.46   -8000.18   0.271418    36       628      
 6313.17 147     42293    -8000.46   -8000.18   0.271418    37       628      
 6313.38 147     42300    -8000.46   -8000.18   0.271418    37       628      
 6313.77 147     42350    -8000.46   -8000.18   0.271418    37       628      
 6314.16 147     42400    -8000.46   -8000.18   0.271418    37       628      
 6331.79 148     42573    -8000.45   -8000.18   0.267803    36       632      
 6337.44 148     42574    -8000.45   -8000.18   0.267803    37       633      
 6341.15 148     42575    -8000.45   -8000.18   0.267803    37       634      
 6341.49 148     42600    -8000.45   -8000.18   0.267803    37       634      
 6341.89 148     42650    -8000.45   -8000.18   0.267803    37       634      
 6342.3  148     42700    -8000.45   -8000.18   0.267803    37       634      
 6392.9  149     42855    -8000.45   -8000.18   0.262312    36       644      
 6397.62 149     42856    -8000.45   -8000.18   0.262312    37       645      
 6402.98 149     42857    -8000.45   -8000.18   0.262312    37       646      
 6403.42 149     42900    -8000.45   -8000.18   0.262312    37       646      
 6403.86 149     42950    -8000.45   -8000.18   0.262312    37       646      
 6446.12 150     43137    -8000.44   -8000.19   0.256996    37       654      
 6452.05 150     43138    -8000.44   -8000.19   0.256996    37       655      
 6456.43 150     43139    -8000.44   -8000.19   0.256996    37       656      
 6456.71 150     43150    -8000.44   -8000.19   0.256996    37       656      
 6457.13 150     43200    -8000.44   -8000.19   0.256996    37       656      
 6457.54 150     43250    -8000.44   -8000.19   0.256996    37       656      
 6477.56 151     43419    -8000.44   -8000.19   0.254236    37       659      
 6477.78 151     43420    -8000.44   -8000.19   0.254236    37       659      
 6478    151     43421    -8000.44   -8000.19   0.254236    37       659      
 6478.33 151     43450    -8000.44   -8000.19   0.254236    37       659      
 6478.76 151     43500    -8000.44   -8000.19   0.254236    37       659      
 6483.36 151     43550    -8000.44   -8000.19   0.254236    37       660      
 6519.84 152     43701    -8000.44   -8000.19   0.247636    36       667      
 6520.05 152     43702    -8000.44   -8000.19   0.247636    37       667      
 6523.59 152     43703    -8000.44   -8000.19   0.247636    37       668      
 6524.04 152     43750    -8000.44   -8000.19   0.247636    37       668      
 6524.47 152     43800    -8000.44   -8000.19   0.247636    37       668      
 6568.65 153     43985    -8000.43   -8000.19   0.242801    38       676      
 6568.86 153     43986    -8000.43   -8000.19   0.242801    38       676      
 6569.07 153     43987    -8000.43   -8000.19   0.242801    38       676      
 6569.35 153     44000    -8000.43   -8000.19   0.242801    38       676      
 6569.8  153     44050    -8000.43   -8000.19   0.242801    38       676      
 6570.26 153     44100    -8000.43   -8000.19   0.242801    38       676      
 6600.19 154     44269    -8000.43   -8000.19   0.240467    37       682      
 6600.41 154     44270    -8000.43   -8000.19   0.240467    38       682      
 6600.62 154     44271    -8000.43   -8000.19   0.240467    39       682      
 6600.97 154     44300    -8000.43   -8000.19   0.240467    39       682      
 6601.41 154     44350    -8000.43   -8000.19   0.240467    39       682      
 6601.86 154     44400    -8000.43   -8000.19   0.240467    39       682      
 6617.64 155     44555    -8000.43   -8000.19   0.237707    39       685      
 6617.86 155     44556    -8000.43   -8000.19   0.237707    40       685      
 6623.32 155     44557    -8000.43   -8000.19   0.237707    40       686      
 6623.77 155     44600    -8000.43   -8000.19   0.237707    40       686      
 6624.22 155     44650    -8000.43   -8000.19   0.237707    40       686      
 6679.66 156     44839    -8000.42   -8000.19   0.231092    38       697      
 6679.88 156     44840    -8000.42   -8000.19   0.231092    39       697      
 6683.73 156     44841    -8000.42   -8000.19   0.231092    39       698      
 6684.04 156     44850    -8000.42   -8000.19   0.231092    39       698      
 6684.49 156     44900    -8000.42   -8000.19   0.231092    39       698      
 6684.94 156     44950    -8000.42   -8000.19   0.231092    39       698      
 6719.65 157     45123    -8000.42   -8000.19   0.228557    41       703      
 6719.87 157     45124    -8000.42   -8000.19   0.228557    41       703      
 6725.31 157     45125    -8000.42   -8000.19   0.228557    41       704      
 6729.17 157     45150    -8000.42   -8000.19   0.228557    41       705      
 6729.62 157     45200    -8000.42   -8000.19   0.228557    41       705      
 6730.07 157     45250    -8000.42   -8000.19   0.228557    41       705      
 6770.29 158     45409    -8000.42   -8000.19   0.226326    40       713      
 6770.51 158     45410    -8000.42   -8000.19   0.226326    40       713      
 6770.74 158     45411    -8000.42   -8000.19   0.226326    40       713      
 6771.16 158     45450    -8000.42   -8000.19   0.226326    40       713      
 6771.64 158     45500    -8000.42   -8000.19   0.226326    40       713      
 6813.84 158     45550    -8000.42   -8000.19   0.226326    40       720      
 6815.04 159     45693    -8000.41   -8000.19   0.222293    40       720      
 6815.26 159     45694    -8000.41   -8000.19   0.222293    41       720      
 6815.51 159     45700    -8000.41   -8000.19   0.222293    41       720      
 6815.97 159     45750    -8000.41   -8000.19   0.222293    41       720      
 6816.42 159     45800    -8000.41   -8000.19   0.222293    41       720      
 6846.88 160     45977    -8000.41   -8000.19   0.220486    38       725      
 6847.1  160     45978    -8000.41   -8000.19   0.220486    39       725      
 6853.1  160     45979    -8000.41   -8000.19   0.220486    40       726      
 6856.97 160     46000    -8000.41   -8000.19   0.220486    40       727      
 6857.42 160     46050    -8000.41   -8000.19   0.220486    40       727      
 6857.86 160     46100    -8000.41   -8000.19   0.220486    40       727      
 6886.23 161     46261    -8000.41   -8000.19   0.219056    41       732      
 6886.46 161     46262    -8000.41   -8000.19   0.219056    41       732      
 6886.69 161     46263    -8000.41   -8000.19   0.219056    41       732      
 6887.09 161     46300    -8000.41   -8000.19   0.219056    41       732      
 6887.55 161     46350    -8000.41   -8000.19   0.219056    41       732      
 6906.46 161     46400    -8000.41   -8000.19   0.219056    40       736      
 6924.31 162     46545    -8000.41   -8000.19   0.216915    40       739      
 6930.1  162     46546    -8000.41   -8000.19   0.216915    40       740      
 6933.91 162     46550    -8000.41   -8000.19   0.216915    40       741      
 6934.37 162     46600    -8000.41   -8000.19   0.216915    40       741      
 6934.83 162     46650    -8000.41   -8000.19   0.216915    40       741      
 6973.67 163     46829    -8000.41   -8000.19   0.214878    39       748      
 6979.75 163     46830    -8000.41   -8000.19   0.214878    39       749      
 6983.62 163     46831    -8000.41   -8000.19   0.214878    39       750      
 6983.99 163     46850    -8000.41   -8000.19   0.214878    39       750      
 6984.46 163     46900    -8000.41   -8000.19   0.214878    39       750      
 6984.93 163     46950    -8000.41   -8000.19   0.214878    39       750      
 7022.01 164     47113    -8000.4    -8000.19   0.211852    41       755      
 7028.27 164     47114    -8000.4    -8000.19   0.211852    41       756      
 7032.45 164     47115    -8000.4    -8000.19   0.211852    41       757      
 7032.89 164     47150    -8000.4    -8000.19   0.211852    41       757      
 7033.35 164     47200    -8000.4    -8000.19   0.211852    41       757      
 7044.62 164     47250    -8000.4    -8000.19   0.211852    41       759      
 7061.61 165     47397    -8000.4    -8000.19   0.209518    39       762      
 7061.83 165     47398    -8000.4    -8000.19   0.209518    40       762      
 7062.06 165     47400    -8000.4    -8000.19   0.209518    40       762      
 7062.51 165     47450    -8000.4    -8000.19   0.209518    40       762      
 7062.96 165     47500    -8000.4    -8000.19   0.209518    40       762      
 7109.92 166     47679    -8000.4    -8000.19   0.205078    39       770      
 7116.03 166     47680    -8000.4    -8000.19   0.205078    40       771      
 7120.28 166     47681    -8000.4    -8000.19   0.205078    40       772      
 7120.63 166     47700    -8000.4    -8000.19   0.205078    40       772      
 7121.1  166     47750    -8000.4    -8000.19   0.205078    40       772      
 7121.58 166     47800    -8000.4    -8000.19   0.205078    40       772      
 7149    167     47961    -8000.4    -8000.19   0.203482    39       776      
 7149.22 167     47962    -8000.4    -8000.19   0.203482    40       776      
 7152.99 167     47963    -8000.4    -8000.19   0.203482    41       777      
 7153.44 167     48000    -8000.4    -8000.19   0.203482    41       777      
 7153.9  167     48050    -8000.4    -8000.19   0.203482    41       777      
 7171.36 167     48100    -8000.4    -8000.19   0.203482    41       780      
 7179.76 168     48243    -8000.39   -8000.19   0.202011    40       781      
 7185.41 168     48244    -8000.39   -8000.19   0.202011    41       782      
 7185.72 168     48250    -8000.39   -8000.19   0.202011    41       782      
 7186.19 168     48300    -8000.39   -8000.19   0.202011    41       782      
 7186.67 168     48350    -8000.39   -8000.19   0.202011    41       782      
 7216.98 169     48525    -8000.39   -8000.19   0.199967    41       787      
 7224.16 169     48526    -8000.39   -8000.19   0.199967    41       788      
 7229.13 169     48527    -8000.39   -8000.19   0.199967    41       789      
 7229.52 169     48550    -8000.39   -8000.19   0.199967    41       789      
 7230.02 169     48600    -8000.39   -8000.19   0.199967    41       789      
 7230.5  169     48650    -8000.39   -8000.19   0.199967    41       789      
 7285.17 170     48807    -8000.39   -8000.19   0.196723    41       798      
 7290.87 170     48808    -8000.39   -8000.19   0.196723    41       799      
 7291.16 170     48809    -8000.39   -8000.19   0.196723    41       799      
 7291.6  170     48850    -8000.39   -8000.19   0.196723    41       799      
 7292.1  170     48900    -8000.39   -8000.19   0.196723    41       799      
 7348.48 171     49087    -8000.39   -8000.19   0.192432    41       808      
 7355.25 171     49088    -8000.39   -8000.19   0.192432    41       809      
 7359.56 171     49089    -8000.39   -8000.19   0.192432    41       810      
 7359.89 171     49100    -8000.39   -8000.19   0.192432    41       810      
 7360.36 171     49150    -8000.39   -8000.19   0.192432    41       810      
 7360.85 171     49200    -8000.39   -8000.19   0.192432    41       810      
 7391.18 172     49369    -8000.38   -8000.19   0.190107    41       815      
 7398.27 172     49370    -8000.38   -8000.19   0.190107    40       816      
 7402.6  172     49371    -8000.38   -8000.19   0.190107    40       817      
 7403.04 172     49400    -8000.38   -8000.19   0.190107    40       817      
 7403.56 172     49450    -8000.38   -8000.19   0.190107    40       817      
 7404.07 172     49500    -8000.38   -8000.19   0.190107    40       817      
 7433.68 173     49651    -8000.38   -8000.19   0.188511    41       822      
 7439.54 173     49652    -8000.38   -8000.19   0.188511    41       823      
 7446.25 173     49653    -8000.38   -8000.19   0.188511    42       824      
 7446.82 173     49700    -8000.38   -8000.19   0.188511    42       824      
 7447.36 173     49750    -8000.38   -8000.19   0.188511    42       824      
 7488.31 174     49935    -8000.38   -8000.19   0.186208    43       831      
 7495.68 174     49936    -8000.38   -8000.19   0.186208    43       832      
 7496    174     49937    -8000.38   -8000.19   0.186208    43       832      
 7496.32 174     49950    -8000.38   -8000.19   0.186208    43       832      
 7496.86 174     50000    -8000.38   -8000.19   0.186208    43       832      
 7497.4  174     50050    -8000.38   -8000.19   0.186208    43       832      
 7521.89 175     50217    -8000.38   -8000.19   0.185115    42       836      
 7522.14 175     50218    -8000.38   -8000.19   0.185115    42       836      
 7528.31 175     50219    -8000.38   -8000.19   0.185115    43       837      
 7528.81 175     50250    -8000.38   -8000.19   0.185115    43       837      
 7529.35 175     50300    -8000.38   -8000.19   0.185115    43       837      
 7529.9  175     50350    -8000.38   -8000.19   0.185115    43       837      
 7559.78 176     50497    -8000.38   -8000.19   0.183238    41       842      
 7566.56 176     50498    -8000.38   -8000.19   0.183238    42       843      
 7571.15 176     50500    -8000.38   -8000.19   0.183238    42       844      
 7571.67 176     50550    -8000.38   -8000.19   0.183238    42       844      
 7572.21 176     50600    -8000.38   -8000.19   0.183238    42       844      
 7608.13 177     50777    -8000.38   -8000.19   0.181428    42       849      
 7614.14 177     50778    -8000.38   -8000.19   0.181428    42       850      
 7620.65 177     50779    -8000.38   -8000.19   0.181428    42       851      
 7621.09 177     50800    -8000.38   -8000.19   0.181428    42       851      
 7621.67 177     50850    -8000.38   -8000.19   0.181428    42       851      
 7636.52 177     50900    -8000.38   -8000.19   0.181428    42       854      
 7710.62 178     51055    -8000.37   -8000.19   0.175617    41       866      
 7718.44 178     51056    -8000.37   -8000.19   0.175617    42       867      
 7723.2  178     51057    -8000.37   -8000.19   0.175617    42       868      
 7723.76 178     51100    -8000.37   -8000.19   0.175617    42       868      
 7724.29 178     51150    -8000.37   -8000.19   0.175617    42       868      
 7753.35 179     51335    -8000.37   -8000.19   0.173594    42       873      
 7759.29 179     51336    -8000.37   -8000.19   0.173594    43       874      
 7766.37 179     51337    -8000.37   -8000.19   0.173594    43       875      
 7770.8  179     51350    -8000.37   -8000.19   0.173594    43       876      
 7771.41 179     51400    -8000.37   -8000.19   0.173594    43       876      
 7772.04 179     51450    -8000.37   -8000.19   0.173594    43       876      
 7795.42 180     51617    -8000.37   -8000.19   0.171829    41       880      
 7803.34 180     51618    -8000.37   -8000.19   0.171829    41       881      
 7808.5  180     51619    -8000.37   -8000.19   0.171829    41       882      
 7809.01 180     51650    -8000.37   -8000.19   0.171829    41       882      
 7809.59 180     51700    -8000.37   -8000.19   0.171829    41       882      
 7819.34 180     51750    -8000.37   -8000.19   0.171829    41       883      
 7851.47 181     51897    -8000.36   -8000.19   0.16983     41       888      
 7859.49 181     51898    -8000.36   -8000.19   0.16983     42       889      
 7864.3  181     51900    -8000.36   -8000.19   0.16983     42       890      
 7864.85 181     51950    -8000.36   -8000.19   0.16983     42       890      
 7865.4  181     52000    -8000.36   -8000.19   0.16983     42       890      
 7885.56 182     52177    -8000.36   -8000.19   0.168492    40       893      
 7885.81 182     52178    -8000.36   -8000.19   0.168492    41       893      
 7886.09 182     52179    -8000.36   -8000.19   0.168492    42       893      
 7886.52 182     52200    -8000.36   -8000.19   0.168492    42       893      
 7887.17 182     52250    -8000.36   -8000.19   0.168492    42       893      
 7887.81 182     52300    -8000.36   -8000.19   0.168492    42       893      
 7940.82 183     52457    -8000.36   -8000.19   0.166209    42       901      
 7947.78 183     52458    -8000.36   -8000.19   0.166209    42       902      
 7952.21 183     52459    -8000.36   -8000.19   0.166209    42       903      
 7952.79 183     52500    -8000.36   -8000.19   0.166209    42       903      
 7953.37 183     52550    -8000.36   -8000.19   0.166209    42       903      
 8000.76 184     52739    -8000.36   -8000.19   0.16478     42       910      
 8001.04 184     52740    -8000.36   -8000.19   0.16478     43       910      
 8007.94 184     52741    -8000.36   -8000.19   0.16478     43       911      
 8012.86 184     52750    -8000.36   -8000.19   0.16478     43       912      
 8013.46 184     52800    -8000.36   -8000.19   0.16478     43       912      
 8014.08 184     52850    -8000.36   -8000.19   0.16478     43       912      
 8060.45 185     53017    -8000.36   -8000.2    0.162526    41       918      
 8068.01 185     53018    -8000.36   -8000.2    0.162526    42       919      
 8072.93 185     53019    -8000.36   -8000.2    0.162526    42       920      
 8073.49 185     53050    -8000.36   -8000.2    0.162526    42       920      
 8074.14 185     53100    -8000.36   -8000.2    0.162526    42       920      
 8074.79 185     53150    -8000.36   -8000.2    0.162526    42       920      
 8117.45 186     53297    -8000.36   -8000.2    0.160317    42       926      
 8124.42 186     53298    -8000.36   -8000.2    0.160317    42       927      
 8124.8  186     53300    -8000.36   -8000.2    0.160317    42       927      
 8125.42 186     53350    -8000.36   -8000.2    0.160317    42       927      
 8126.04 186     53400    -8000.36   -8000.2    0.160317    42       927      
 8148.12 187     53575    -8000.35   -8000.2    0.159182    44       930      
 8155.99 187     53576    -8000.35   -8000.2    0.159182    44       931      
 8161.09 187     53577    -8000.35   -8000.2    0.159182    44       932      
 8161.59 187     53600    -8000.35   -8000.2    0.159182    44       932      
 8162.19 187     53650    -8000.35   -8000.2    0.159182    44       932      
 8162.8  187     53700    -8000.35   -8000.2    0.159182    44       932      
 8195.22 188     53853    -8000.35   -8000.2    0.15811     42       936      
 8203.42 188     53854    -8000.35   -8000.2    0.15811     42       937      
 8209.28 188     53855    -8000.35   -8000.2    0.15811     42       938      
 8210    188     53900    -8000.35   -8000.2    0.15811     42       938      
 8210.65 188     53950    -8000.35   -8000.2    0.15811     42       938      
 8241.64 189     54131    -8000.35   -8000.2    0.155766    40       942      
 8246.79 189     54132    -8000.35   -8000.2    0.155766    40       943      
 8247.16 189     54133    -8000.35   -8000.2    0.155766    40       943      
 8247.55 189     54150    -8000.35   -8000.2    0.155766    40       943      
 8248.17 189     54200    -8000.35   -8000.2    0.155766    40       943      
 8248.81 189     54250    -8000.35   -8000.2    0.155766    40       943      
 8306.42 190     54409    -8000.35   -8000.2    0.151519    42       952      
 8313.21 190     54410    -8000.35   -8000.2    0.151519    42       953      
 8313.59 190     54411    -8000.35   -8000.2    0.151519    42       953      
 8314.16 190     54450    -8000.35   -8000.2    0.151519    42       953      
 8314.8  190     54500    -8000.35   -8000.2    0.151519    42       953      
 8367.77 191     54689    -8000.35   -8000.2    0.1491      42       961      
 8376.93 191     54690    -8000.35   -8000.2    0.1491      43       962      
 8382.28 191     54691    -8000.35   -8000.2    0.1491      43       963      
 8382.73 191     54700    -8000.35   -8000.2    0.1491      43       963      
 8383.39 191     54750    -8000.35   -8000.2    0.1491      43       963      
 8384.06 191     54800    -8000.35   -8000.2    0.1491      43       963      
 8420.88 192     54967    -8000.35   -8000.2    0.147981    42       968      
 8421.18 192     54968    -8000.35   -8000.2    0.147981    43       968      
 8426.25 192     54969    -8000.35   -8000.2    0.147981    43       969      
 8426.85 192     55000    -8000.35   -8000.2    0.147981    43       969      
 8427.55 192     55050    -8000.35   -8000.2    0.147981    43       969      
 8428.19 192     55100    -8000.35   -8000.2    0.147981    43       969      
 8470.64 193     55247    -8000.34   -8000.2    0.146471    42       975      
 8477.79 193     55248    -8000.34   -8000.2    0.146471    43       976      
 8485.93 193     55250    -8000.34   -8000.2    0.146471    43       977      
 8486.62 193     55300    -8000.34   -8000.2    0.146471    43       977      
 8487.3  193     55350    -8000.34   -8000.2    0.146471    43       977      
 8516.71 194     55525    -8000.34   -8000.2    0.145471    43       981      
 8526.23 194     55526    -8000.34   -8000.2    0.145471    43       982      
 8532.32 194     55527    -8000.34   -8000.2    0.145471    43       983      
 8532.9  194     55550    -8000.34   -8000.2    0.145471    43       983      
 8533.6  194     55600    -8000.34   -8000.2    0.145471    43       983      
 8534.31 194     55650    -8000.34   -8000.2    0.145471    43       983      
 8571.71 195     55805    -8000.34   -8000.2    0.144694    45       987      
 8580.85 195     55806    -8000.34   -8000.2    0.144694    45       988      
 8587.52 195     55807    -8000.34   -8000.2    0.144694    45       989      
 8588.28 195     55850    -8000.34   -8000.2    0.144694    45       989      
 8588.97 195     55900    -8000.34   -8000.2    0.144694    45       989      
 8660.63 196     56081    -8000.34   -8000.2    0.142072    42       998      
 8668.83 196     56082    -8000.34   -8000.2    0.142072    43       999      
 8674.45 196     56083    -8000.34   -8000.2    0.142072    43       1000     
 8674.99 196     56100    -8000.34   -8000.2    0.142072    43       1000     
 8675.69 196     56150    -8000.34   -8000.2    0.142072    43       1000     
 8676.39 196     56200    -8000.34   -8000.2    0.142072    43       1000     
 8718.75 197     56359    -8000.34   -8000.2    0.140428    40       1005     
 8719.06 197     56360    -8000.34   -8000.2    0.140428    40       1005     
 8719.37 197     56361    -8000.34   -8000.2    0.140428    40       1005     
 8719.99 197     56400    -8000.34   -8000.2    0.140428    41       1005     
 8720.68 197     56450    -8000.34   -8000.2    0.140428    41       1005     
 8769.54 198     56637    -8000.34   -8000.2    0.138986    42       1012     
 8777.52 198     56638    -8000.34   -8000.2    0.138986    43       1013     
 8783.31 198     56639    -8000.34   -8000.2    0.138986    43       1014     
 8783.79 198     56650    -8000.34   -8000.2    0.138986    43       1014     
 8784.45 198     56700    -8000.34   -8000.2    0.138986    43       1014     
 8785.11 198     56750    -8000.34   -8000.2    0.138986    43       1014     
 8810.44 199     56917    -8000.34   -8000.2    0.138105    42       1018     
 8819.9  199     56918    -8000.34   -8000.2    0.138105    41       1019     
 8820.33 199     56919    -8000.34   -8000.2    0.138105    41       1019     
 8820.84 199     56950    -8000.34   -8000.2    0.138105    41       1019     
 8821.5  199     57000    -8000.34   -8000.2    0.138105    41       1019     
 8833.03 199     57050    -8000.34   -8000.2    0.138105    41       1020     
 8864.3  200     57195    -8000.33   -8000.2    0.135702    40       1024     
 8871.92 200     57196    -8000.33   -8000.2    0.135702    40       1025     
 8872.35 200     57200    -8000.33   -8000.2    0.135702    40       1025     
 8873    200     57250    -8000.33   -8000.2    0.135702    40       1025     
 8873.66 200     57300    -8000.33   -8000.2    0.135702    40       1025     
 8933.06 201     57469    -8000.33   -8000.2    0.132738    42       1033     
 8941.54 201     57470    -8000.33   -8000.2    0.132738    42       1034     
 8947.22 201     57471    -8000.33   -8000.2    0.132738    42       1035     
 8947.82 201     57500    -8000.33   -8000.2    0.132738    42       1035     
 8948.48 201     57550    -8000.33   -8000.2    0.132738    42       1035     
 8949.17 201     57600    -8000.33   -8000.2    0.132738    42       1035     
 8988.33 202     57745    -8000.33   -8000.2    0.13142     41       1040     
 8996.99 202     57746    -8000.33   -8000.2    0.13142     41       1041     
 9003.19 202     57750    -8000.33   -8000.2    0.13142     41       1042     
 9003.85 202     57800    -8000.33   -8000.2    0.13142     41       1042     
 9004.51 202     57850    -8000.33   -8000.2    0.13142     41       1042     
 9049.94 203     58021    -8000.33   -8000.2    0.129909    42       1048     
 9058.83 203     58022    -8000.33   -8000.2    0.129909    42       1049     
 9064.53 203     58023    -8000.33   -8000.2    0.129909    42       1050     
 9065.14 203     58050    -8000.33   -8000.2    0.129909    42       1050     
 9065.82 203     58100    -8000.33   -8000.2    0.129909    42       1050     
 9066.54 203     58150    -8000.33   -8000.2    0.129909    42       1050     
 9126.06 204     58297    -8000.33   -8000.2    0.128868    42       1057     
 9133.33 204     58298    -8000.33   -8000.2    0.128868    42       1058     
 9142.43 204     58300    -8000.33   -8000.2    0.128868    43       1059     
 9143.13 204     58350    -8000.33   -8000.2    0.128868    43       1059     
 9143.83 204     58400    -8000.33   -8000.2    0.128868    43       1059     
 9201.84 205     58571    -8000.33   -8000.2    0.12747     42       1066     
 9208.12 205     58572    -8000.33   -8000.2    0.12747     42       1067     
 9208.57 205     58573    -8000.33   -8000.2    0.12747     42       1067     
 9209.09 205     58600    -8000.33   -8000.2    0.12747     42       1067     
 9209.79 205     58650    -8000.33   -8000.2    0.12747     42       1067     
 9210.54 205     58700    -8000.33   -8000.2    0.12747     42       1067     
 9261.21 206     58845    -8000.32   -8000.2    0.125048    42       1073     
 9270.97 206     58846    -8000.32   -8000.2    0.125048    43       1074     
 9277.67 206     58850    -8000.32   -8000.2    0.125048    43       1075     
 9278.35 206     58900    -8000.32   -8000.2    0.125048    43       1075     
 9279.04 206     58950    -8000.32   -8000.2    0.125048    43       1075     
 9339.62 207     59121    -8000.32   -8000.2    0.123263    41       1082     
 9347.22 207     59122    -8000.32   -8000.2    0.123263    41       1083     
 9352.58 207     59123    -8000.32   -8000.2    0.123263    42       1084     
 9353.21 207     59150    -8000.32   -8000.2    0.123263    42       1084     
 9353.94 207     59200    -8000.32   -8000.2    0.123263    42       1084     
 9384.59 207     59250    -8000.32   -8000.2    0.123263    43       1089     
 9432.66 208     59395    -8000.32   -8000.2    0.119653    42       1096     
 9432.99 208     59396    -8000.32   -8000.2    0.119653    42       1096     
 9433.36 208     59400    -8000.32   -8000.2    0.119653    42       1096     
 9434.06 208     59450    -8000.32   -8000.2    0.119653    42       1096     
 9434.76 208     59500    -8000.32   -8000.2    0.119653    42       1096     
 9490.52 209     59667    -8000.32   -8000.2    0.11755     42       1103     
 9498.71 209     59668    -8000.32   -8000.2    0.11755     43       1104     
 9504.57 209     59669    -8000.32   -8000.2    0.11755     43       1105     
 9505.24 209     59700    -8000.32   -8000.2    0.11755     43       1105     
 9505.95 209     59750    -8000.32   -8000.2    0.11755     43       1105     
 9547.12 209     59800    -8000.32   -8000.2    0.11755     44       1110     
 9561.44 210     59939    -8000.32   -8000.2    0.115983    44       1112     
 9570.79 210     59940    -8000.32   -8000.2    0.115983    44       1113     
 9577.56 210     59950    -8000.32   -8000.2    0.115983    44       1114     
 9578.3  210     60000    -8000.32   -8000.2    0.115983    44       1114     
 9579.03 210     60050    -8000.32   -8000.2    0.115983    44       1114     
 9644.3  211     60211    -8000.31   -8000.2    0.11432     43       1123     
 9652.65 211     60212    -8000.31   -8000.2    0.11432     43       1124     
 9658.54 211     60213    -8000.31   -8000.2    0.11432     43       1125     
 9659.3  211     60250    -8000.31   -8000.2    0.11432     43       1125     
 9660.07 211     60300    -8000.31   -8000.2    0.11432     43       1125     
 9700.82 212     60483    -8000.31   -8000.2    0.113262    42       1130     
 9710.26 212     60484    -8000.31   -8000.2    0.113262    42       1131     
 9716.29 212     60485    -8000.31   -8000.2    0.113262    42       1132     
 9716.87 212     60500    -8000.31   -8000.2    0.113262    42       1132     
 9717.61 212     60550    -8000.31   -8000.2    0.113262    42       1132     
 9718.34 212     60600    -8000.31   -8000.2    0.113262    42       1132     
 9769.79 213     60757    -8000.31   -8000.2    0.11226     43       1138     
 9770.14 213     60758    -8000.31   -8000.2    0.11226     44       1138     
 9778.74 213     60759    -8000.31   -8000.2    0.11226     44       1139     
 9779.54 213     60800    -8000.31   -8000.2    0.11226     44       1139     
 9780.31 213     60850    -8000.31   -8000.2    0.11226     44       1139     
 9840.46 214     61031    -8000.31   -8000.2    0.111133    42       1147     
 9849.31 214     61032    -8000.31   -8000.2    0.111133    42       1148     
 9855.6  214     61033    -8000.31   -8000.2    0.111133    42       1149     
 9856.23 214     61050    -8000.31   -8000.2    0.111133    42       1149     
 9857    214     61100    -8000.31   -8000.2    0.111133    42       1149     
 9857.77 214     61150    -8000.31   -8000.2    0.111133    42       1149     
 9930.15 215     61307    -8000.31   -8000.2    0.109809    43       1158     
 9939.28 215     61308    -8000.31   -8000.2    0.109809    43       1159     
 9945.15 215     61309    -8000.31   -8000.2    0.109809    43       1160     
 9954.18 215     61350    -8000.31   -8000.2    0.109809    43       1161     
 9954.98 215     61400    -8000.31   -8000.2    0.109809    43       1161     
 10008.2 216     61579    -8000.31   -8000.2    0.108683    43       1168     
-------------------------------------------------------------------------------

SARSOP finishing ...
  Preset timeout reached
  Timeout     : 10000.000000s
  Actual Time : 10008.220000s

-------------------------------------------------------------------------------
 Time   |#Trial |#Backup |LBound    |UBound    |Precision  |#Alphas |#Beliefs  
-------------------------------------------------------------------------------
 10008.2 216     61579    -8000.31   -8000.2    0.108683    43       1168     
-------------------------------------------------------------------------------

Writing out policy ...
  output file : RAM4_small/3c3eca3da2.policyx

