
Loading the model ...
  input file   : /home/rstudio/RAM4_small/3c4f38045b.pomdpx
  loading time : 4.84s 

SARSOP initializing ...
  initialization time : 11835.17s

-------------------------------------------------------------------------------
 Time   |#Trial |#Backup |LBound    |UBound    |Precision  |#Alphas |#Beliefs  
-------------------------------------------------------------------------------
 11835.2 0       0        -6014.28   -325.251   5689.03     101      1        
-------------------------------------------------------------------------------

SARSOP finishing ...
  Preset timeout reached
  Timeout     : 10000.000000s
  Actual Time : 11835.250000s

-------------------------------------------------------------------------------
 Time   |#Trial |#Backup |LBound    |UBound    |Precision  |#Alphas |#Beliefs  
-------------------------------------------------------------------------------
 11835.2 0       1        -5988.23   -4259.24   1729        39       2        
-------------------------------------------------------------------------------

Writing out policy ...
  output file : RAM4_small/3c4f38045b.policyx

