
Loading the model ...
  input file   : /home/rstudio/RAM4_small/3c5033cec3.pomdpx
  loading time : 4.92s 

SARSOP initializing ...
  initialization time : 10689.77s

-------------------------------------------------------------------------------
 Time   |#Trial |#Backup |LBound    |UBound    |Precision  |#Alphas |#Beliefs  
-------------------------------------------------------------------------------
 10689.8 0       0        -1263.75   -1174.26   89.4904     101      1        
-------------------------------------------------------------------------------

SARSOP finishing ...
  Preset timeout reached
  Timeout     : 10000.000000s
  Actual Time : 10689.870000s

-------------------------------------------------------------------------------
 Time   |#Trial |#Backup |LBound    |UBound    |Precision  |#Alphas |#Beliefs  
-------------------------------------------------------------------------------
 10689.9 0       1        -1263.75   -1262.57   1.18196     1        2        
-------------------------------------------------------------------------------

Writing out policy ...
  output file : RAM4_small/3c5033cec3.policyx

