
Loading the model ...
  input file   : /home/rstudio/RAM4_small/3c57963970.pomdpx
  loading time : 4.59s 

SARSOP initializing ...
  initialization time : 8607.19s

-------------------------------------------------------------------------------
 Time   |#Trial |#Backup |LBound    |UBound    |Precision  |#Alphas |#Beliefs  
-------------------------------------------------------------------------------
 8607.19 0       0        -8477.62   -2643.64   5833.98     101      1        
 8608.04 0       50       -8475.83   -6220.75   2255.08     51       7        
 8608.26 0       100      -8475.83   -6220.75   2255.08     47       7        
 8610.05 1       265      -8204.89   -6220.76   1984.12     47       10       
 8610.05 1       266      -8204.89   -6220.76   1984.12     48       10       
 8610.06 1       267      -8204.89   -6220.76   1984.12     49       10       
 8610.13 1       300      -8204.89   -6220.76   1984.12     50       10       
 8610.23 1       350      -8204.89   -6220.76   1984.12     56       10       
 8611.16 2       531      -8008.06   -6220.76   1787.29     47       12       
 8611.16 2       532      -8008.06   -6220.76   1787.29     48       12       
 8611.17 2       533      -8008.06   -6220.76   1787.29     49       12       
 8611.21 2       550      -8008.06   -6220.76   1787.29     55       12       
 8611.32 2       600      -8008.06   -6220.76   1787.29     51       12       
 8611.42 2       650      -8008.06   -6220.76   1787.29     57       12       
 8612.39 3       799      -7851.25   -6220.76   1630.49     49       14       
 8612.4  3       800      -7851.25   -6220.76   1630.49     50       14       
 8612.4  3       801      -7851.25   -6220.76   1630.49     51       14       
 8612.51 3       850      -7851.25   -6220.76   1630.49     57       14       
 8612.62 3       900      -7851.25   -6220.76   1630.49     52       14       
 8613.35 4       1069     -7677.89   -6220.76   1457.12     7        15       
 8613.36 4       1070     -7677.89   -6220.76   1457.12     7        15       
 8613.36 4       1071     -7677.89   -6220.76   1457.12     7        15       
 8613.4  4       1100     -7677.89   -6220.76   1457.12     6        15       
 8613.47 4       1150     -7677.89   -6220.76   1457.12     6        15       
 8613.54 4       1200     -7677.89   -6220.76   1457.12     6        15       
 8614.01 5       1341     -7541.28   -6220.76   1320.52     5        16       
 8614.01 5       1342     -7541.28   -6220.76   1320.52     5        16       
 8614.03 5       1350     -7541.28   -6220.76   1320.52     6        16       
 8614.1  5       1400     -7541.28   -6220.76   1320.52     5        16       
 8614.16 5       1450     -7541.28   -6220.76   1320.52     5        16       
 8615.05 6       1613     -7426.37   -6220.77   1205.61     5        19       
 8615.05 6       1614     -7426.37   -6220.77   1205.61     5        19       
 8615.06 6       1615     -7426.37   -6220.77   1205.61     5        19       
 8615.11 6       1650     -7426.37   -6220.77   1205.61     5        19       
 8615.18 6       1700     -7426.37   -6220.77   1205.61     5        19       
 8616.08 7       1750     -7426.37   -6220.77   1205.61     5        23       
 8616.46 7       1887     -7325.13   -6220.77   1104.36     5        23       
 8616.47 7       1888     -7325.13   -6220.77   1104.36     5        23       
 8616.49 7       1900     -7325.13   -6220.77   1104.36     6        23       
 8616.56 7       1950     -7325.13   -6220.77   1104.36     6        23       
 8616.64 7       2000     -7325.13   -6220.77   1104.36     6        23       
 8617.93 8       2161     -7238.73   -6220.77   1017.96     5        26       
 8617.94 8       2162     -7238.73   -6220.77   1017.96     5        26       
 8617.94 8       2163     -7238.73   -6220.77   1017.96     5        26       
 8618    8       2200     -7238.73   -6220.77   1017.96     6        26       
 8618.08 8       2250     -7238.73   -6220.77   1017.96     6        26       
 8618.8  9       2435     -7163.02   -6220.77   942.243     5        27       
 8618.81 9       2436     -7163.02   -6220.77   942.243     5        27       
 8618.82 9       2437     -7163.02   -6220.77   942.243     5        27       
 8618.84 9       2450     -7163.02   -6220.77   942.243     6        27       
 8618.91 9       2500     -7163.02   -6220.77   942.243     6        27       
 8618.99 9       2550     -7163.02   -6220.77   942.243     6        27       
 8620.52 10      2709     -7095.92   -6220.78   875.14      5        30       
 8620.53 10      2710     -7095.92   -6220.78   875.14      5        30       
 8620.54 10      2711     -7095.92   -6220.78   875.14      5        30       
 8620.6  10      2750     -7095.92   -6220.78   875.14      7        30       
 8620.68 10      2800     -7095.92   -6220.78   875.14      7        30       
 8621.72 11      2985     -7021.55   -6220.78   800.772     5        32       
 8621.72 11      2986     -7021.55   -6220.78   800.772     5        32       
 8621.73 11      2987     -7021.55   -6220.78   800.772     5        32       
 8621.76 11      3000     -7021.55   -6220.78   800.772     6        32       
 8621.84 11      3050     -7021.55   -6220.78   800.772     6        32       
 8621.91 11      3100     -7021.55   -6220.78   800.772     6        32       
 8624.48 12      3261     -6957.36   -6220.78   736.582     5        37       
 8624.49 12      3262     -6957.36   -6220.78   736.582     5        37       
 8624.5  12      3263     -6957.36   -6220.78   736.582     5        37       
 8624.56 12      3300     -6957.36   -6220.78   736.582     6        37       
 8624.64 12      3350     -6957.36   -6220.78   736.582     6        37       
 8627.23 13      3537     -6907.48   -6220.79   686.69      5        41       
 8627.24 13      3538     -6907.48   -6220.79   686.69      5        41       
 8627.25 13      3539     -6907.48   -6220.79   686.69      5        41       
 8627.28 13      3550     -6907.48   -6220.79   686.69      6        41       
 8627.36 13      3600     -6907.48   -6220.79   686.69      6        41       
 8627.44 13      3650     -6907.48   -6220.79   686.69      6        41       
 8630.32 14      3813     -6855.46   -6220.79   634.667     5        45       
 8630.33 14      3814     -6855.46   -6220.79   634.667     5        45       
 8630.35 14      3815     -6855.46   -6220.79   634.667     5        45       
 8630.41 14      3850     -6855.46   -6220.79   634.667     5        45       
 8630.49 14      3900     -6855.46   -6220.79   634.667     5        45       
 8631.56 14      3950     -6855.46   -6220.79   634.667     5        47       
 8631.98 15      4089     -6811.59   -6220.79   590.803     5        47       
 8631.99 15      4090     -6811.59   -6220.79   590.803     5        47       
 8632.02 15      4100     -6811.59   -6220.79   590.803     5        47       
 8632.1  15      4150     -6811.59   -6220.79   590.803     5        47       
 8632.19 15      4200     -6811.59   -6220.79   590.803     5        47       
 8636.42 16      4365     -6771.87   -6220.8    551.07      6        52       
 8636.43 16      4366     -6771.87   -6220.8    551.07      6        52       
 8636.45 16      4367     -6771.87   -6220.8    551.07      6        52       
 8636.51 16      4400     -6771.87   -6220.8    551.07      6        52       
 8636.6  16      4450     -6771.87   -6220.8    551.07      6        52       
 8638.67 16      4500     -6771.87   -6220.8    551.07      7        54       
 8640.45 17      4641     -6737      -6220.8    516.196     5        56       
 8640.47 17      4642     -6737      -6220.8    516.196     5        56       
 8640.49 17      4650     -6737      -6220.8    516.196     5        56       
 8640.59 17      4700     -6737      -6220.8    516.196     5        56       
 8640.67 17      4750     -6737      -6220.8    516.196     5        56       
 8645.36 18      4917     -6706.5    -6220.81   485.693     5        61       
 8645.38 18      4918     -6706.5    -6220.81   485.693     5        61       
 8645.4  18      4919     -6706.5    -6220.81   485.693     5        61       
 8645.46 18      4950     -6706.5    -6220.81   485.693     5        61       
 8645.55 18      5000     -6706.5    -6220.81   485.693     5        61       
 8645.65 18      5050     -6706.5    -6220.81   485.693     6        61       
 8646.88 19      5193     -6679.41   -6220.81   458.607     5        62       
 8646.9  19      5194     -6679.41   -6220.81   458.607     5        62       
 8646.93 19      5200     -6679.41   -6220.81   458.607     5        62       
 8647.02 19      5250     -6679.41   -6220.81   458.607     5        62       
 8647.11 19      5300     -6679.41   -6220.81   458.607     5        62       
 8653.12 20      5471     -6649.89   -6220.81   429.08      7        67       
 8653.14 20      5472     -6649.89   -6220.81   429.08      6        67       
 8653.15 20      5473     -6649.89   -6220.81   429.08      6        67       
 8653.22 20      5500     -6649.89   -6220.81   429.08      6        67       
 8653.31 20      5550     -6649.89   -6220.81   429.08      6        67       
 8653.41 20      5600     -6649.89   -6220.81   429.08      7        67       
 8656.97 21      5747     -6621.24   -6220.82   400.42      8        70       
 8656.99 21      5748     -6621.24   -6220.82   400.42      8        70       
 8657.01 21      5750     -6621.24   -6220.82   400.42      7        70       
 8657.11 21      5800     -6621.24   -6220.82   400.42      7        70       
 8657.21 21      5850     -6621.24   -6220.82   400.42      7        70       
 8662.41 22      6025     -6593.27   -6220.83   372.441     8        74       
 8662.43 22      6026     -6593.27   -6220.83   372.441     8        74       
 8662.45 22      6027     -6593.27   -6220.83   372.441     7        74       
 8662.51 22      6050     -6593.27   -6220.83   372.441     7        74       
 8662.61 22      6100     -6593.27   -6220.83   372.441     7        74       
 8662.71 22      6150     -6593.27   -6220.83   372.441     8        74       
 8666.65 23      6301     -6572.11   -6220.84   351.267     7        77       
 8666.67 23      6302     -6572.11   -6220.84   351.267     7        77       
 8666.69 23      6303     -6572.11   -6220.84   351.267     6        77       
 8666.79 23      6350     -6572.11   -6220.84   351.267     6        77       
 8666.89 23      6400     -6572.11   -6220.84   351.267     6        77       
 8676.76 24      6579     -6554.39   -6220.85   333.541     8        84       
 8676.78 24      6580     -6554.39   -6220.85   333.541     8        84       
 8676.81 24      6581     -6554.39   -6220.85   333.541     7        84       
 8676.86 24      6600     -6554.39   -6220.85   333.541     7        84       
 8676.97 24      6650     -6554.39   -6220.85   333.541     7        84       
 8677.07 24      6700     -6554.39   -6220.85   333.541     8        84       
 8687.4  25      6855     -6538.74   -6220.87   317.875     7        91       
 8687.43 25      6856     -6538.74   -6220.87   317.875     7        91       
 8687.45 25      6857     -6538.74   -6220.87   317.875     6        91       
 8687.55 25      6900     -6538.74   -6220.87   317.875     6        91       
 8687.65 25      6950     -6538.74   -6220.87   317.875     6        91       
 8690.93 26      7131     -6516.97   -6220.87   296.099     7        93       
 8690.96 26      7132     -6516.97   -6220.87   296.099     7        93       
 8690.99 26      7133     -6516.97   -6220.87   296.099     6        93       
 8691.04 26      7150     -6516.97   -6220.87   296.099     6        93       
 8691.15 26      7200     -6516.97   -6220.87   296.099     6        93       
 8691.26 26      7250     -6516.97   -6220.87   296.099     7        93       
 8698.55 27      7409     -6501.98   -6220.88   281.105     7        98       
 8698.58 27      7410     -6501.98   -6220.88   281.105     7        98       
 8698.61 27      7411     -6501.98   -6220.88   281.105     6        98       
 8698.7  27      7450     -6501.98   -6220.88   281.105     6        98       
 8698.81 27      7500     -6501.98   -6220.88   281.105     6        98       
 8701.17 28      7685     -6487.52   -6220.88   266.637     7        99       
 8701.2  28      7686     -6487.52   -6220.88   266.637     7        99       
 8701.23 28      7687     -6487.52   -6220.88   266.637     6        99       
 8701.28 28      7700     -6487.52   -6220.88   266.637     6        99       
 8701.39 28      7750     -6487.52   -6220.88   266.637     6        99       
 8701.5  28      7800     -6487.52   -6220.88   266.637     7        99       
 8713.24 29      7961     -6471.15   -6220.89   250.257     8        107      
 8713.28 29      7962     -6471.15   -6220.89   250.257     8        107      
 8713.3  29      7963     -6471.15   -6220.89   250.257     7        107      
 8713.4  29      8000     -6471.15   -6220.89   250.257     7        107      
 8713.52 29      8050     -6471.15   -6220.89   250.257     7        107      
 8721.47 30      8100     -6471.15   -6220.89   250.257     7        112      
 8721.97 30      8239     -6461.73   -6220.89   240.835     7        112      
 8722    30      8240     -6461.73   -6220.89   240.835     7        112      
 8722.05 30      8250     -6461.73   -6220.89   240.835     6        112      
 8722.16 30      8300     -6461.73   -6220.89   240.835     6        112      
 8722.28 30      8350     -6461.73   -6220.89   240.835     6        112      
 8730.02 31      8517     -6450.66   -6220.9    229.764     8        116      
 8730.06 31      8518     -6450.66   -6220.9    229.764     8        116      
 8730.09 31      8519     -6450.66   -6220.9    229.764     7        116      
 8730.17 31      8550     -6450.66   -6220.9    229.764     7        116      
 8730.29 31      8600     -6450.66   -6220.9    229.764     7        116      
 8730.42 31      8650     -6450.66   -6220.9    229.764     8        116      
 8732.13 32      8793     -6437.34   -6220.9    216.443     8        117      
 8732.16 32      8794     -6437.34   -6220.9    216.443     8        117      
 8732.2  32      8800     -6437.34   -6220.9    216.443     7        117      
 8732.32 32      8850     -6437.34   -6220.9    216.443     7        117      
 8732.44 32      8900     -6437.34   -6220.9    216.443     7        117      
 8744.33 33      9071     -6424.03   -6220.9    203.133     8        123      
 8744.36 33      9072     -6424.03   -6220.9    203.133     8        123      
 8744.4  33      9073     -6424.03   -6220.9    203.133     7        123      
 8744.48 33      9100     -6424.03   -6220.9    203.133     7        123      
 8744.61 33      9150     -6424.03   -6220.9    203.133     7        123      
 8744.73 33      9200     -6424.03   -6220.9    203.133     8        123      
 8748.68 34      9349     -6412.1    -6220.9    191.195     8        125      
 8748.71 34      9350     -6412.1    -6220.9    191.195     8        125      
 8748.75 34      9351     -6412.1    -6220.9    191.195     7        125      
 8748.87 34      9400     -6412.1    -6220.9    191.195     7        125      
 8749    34      9450     -6412.1    -6220.9    191.195     7        125      
 8754.19 35      9627     -6401.53   -6220.91   180.627     8        127      
 8754.23 35      9628     -6401.53   -6220.91   180.627     8        127      
 8754.26 35      9629     -6401.53   -6220.91   180.627     7        127      
 8754.34 35      9650     -6401.53   -6220.91   180.627     7        127      
 8754.46 35      9700     -6401.53   -6220.91   180.627     7        127      
 8754.59 35      9750     -6401.53   -6220.91   180.627     8        127      
 8758.4  36      9903     -6391.73   -6220.91   170.822     8        129      
 8758.44 36      9904     -6391.73   -6220.91   170.822     8        129      
 8758.48 36      9905     -6391.73   -6220.91   170.822     7        129      
 8758.6  36      9950     -6391.73   -6220.91   170.822     7        129      
 8758.72 36      10000    -6391.73   -6220.91   170.822     7        129      
 8773.24 37      10181    -6383.01   -6220.92   162.091     10       136      
 8773.28 37      10182    -6383.01   -6220.92   162.091     9        136      
 8773.32 37      10183    -6383.01   -6220.92   162.091     8        136      
 8773.38 37      10200    -6383.01   -6220.92   162.091     8        136      
 8773.51 37      10250    -6383.01   -6220.92   162.091     8        136      
 8773.64 37      10300    -6383.01   -6220.92   162.091     9        136      
 8777.85 38      10459    -6374.81   -6220.92   153.893     8        138      
 8777.89 38      10460    -6374.81   -6220.92   153.893     8        138      
 8777.93 38      10461    -6374.81   -6220.92   153.893     7        138      
 8778.04 38      10500    -6374.81   -6220.92   153.893     7        138      
 8778.16 38      10550    -6374.81   -6220.92   153.893     7        138      
 8784.85 39      10737    -6367.19   -6220.92   146.274     9        141      
 8784.88 39      10738    -6367.19   -6220.92   146.274     8        141      
 8784.92 39      10739    -6367.19   -6220.92   146.274     7        141      
 8784.98 39      10750    -6367.19   -6220.92   146.274     7        141      
 8785.11 39      10800    -6367.19   -6220.92   146.274     7        141      
 8785.24 39      10850    -6367.19   -6220.92   146.274     8        141      
 8788.45 40      11015    -6359.46   -6220.92   138.54      10       142      
 8788.49 40      11016    -6359.46   -6220.92   138.54      9        142      
 8788.53 40      11017    -6359.46   -6220.92   138.54      8        142      
 8788.63 40      11050    -6359.46   -6220.92   138.54      8        142      
 8788.77 40      11100    -6359.46   -6220.92   138.54      9        142      
 8792.65 40      11150    -6359.46   -6220.92   138.54      11       144      
 8795.8  41      11293    -6352.48   -6220.92   131.558     10       145      
 8795.84 41      11294    -6352.48   -6220.92   131.558     9        145      
 8795.89 41      11300    -6352.48   -6220.92   131.558     8        145      
 8796.02 41      11350    -6352.48   -6220.92   131.558     8        145      
 8796.16 41      11400    -6352.48   -6220.92   131.558     9        145      
 8810.26 42      11573    -6347.92   -6220.92   126.998     10       152      
 8810.31 42      11574    -6347.92   -6220.92   126.998     10       152      
 8810.35 42      11575    -6347.92   -6220.92   126.998     9        152      
 8810.43 42      11600    -6347.92   -6220.92   126.998     9        152      
 8810.57 42      11650    -6347.92   -6220.92   126.998     9        152      
 8810.71 42      11700    -6347.92   -6220.92   126.998     9        152      
 8818.69 43      11851    -6341.8    -6220.93   120.875     12       155      
 8818.73 43      11852    -6341.8    -6220.93   120.875     12       155      
 8818.78 43      11853    -6341.8    -6220.93   120.875     11       155      
 8818.91 43      11900    -6341.8    -6220.93   120.875     11       155      
 8819.05 43      11950    -6341.8    -6220.93   120.875     11       155      
 8838.08 44      12131    -6337.33   -6220.93   116.401     11       163      
 8838.13 44      12132    -6337.33   -6220.93   116.401     11       163      
 8838.18 44      12133    -6337.33   -6220.93   116.401     10       163      
 8838.26 44      12150    -6337.33   -6220.93   116.401     8        163      
 8838.41 44      12200    -6337.33   -6220.93   116.401     9        163      
 8838.55 44      12250    -6337.33   -6220.93   116.401     9        163      
 8855.05 45      12407    -6330.62   -6220.94   109.679     11       170      
 8855.1  45      12408    -6330.62   -6220.94   109.679     11       170      
 8855.15 45      12409    -6330.62   -6220.94   109.679     10       170      
 8855.28 45      12450    -6330.62   -6220.94   109.679     10       170      
 8855.42 45      12500    -6330.62   -6220.94   109.679     10       170      
 8872.94 46      12685    -6326.28   -6220.94   105.334     11       177      
 8872.99 46      12686    -6326.28   -6220.94   105.334     11       177      
 8873.04 46      12687    -6326.28   -6220.94   105.334     10       177      
 8873.11 46      12700    -6326.28   -6220.94   105.334     10       177      
 8873.26 46      12750    -6326.28   -6220.94   105.334     10       177      
 8873.41 46      12800    -6326.28   -6220.94   105.334     10       177      
 8878.41 47      12961    -6320.03   -6220.94   99.0906     11       179      
 8878.46 47      12962    -6320.03   -6220.94   99.0906     11       179      
 8878.51 47      12963    -6320.03   -6220.94   99.0906     10       179      
 8878.64 47      13000    -6320.03   -6220.94   99.0906     10       179      
 8878.79 47      13050    -6320.03   -6220.94   99.0906     10       179      
 8892.53 47      13100    -6320.03   -6220.94   99.0906     12       184      
 8893.19 48      13241    -6316.43   -6220.95   95.4834     12       184      
 8893.24 48      13242    -6316.43   -6220.95   95.4834     12       184      
 8893.31 48      13250    -6316.43   -6220.95   95.4834     10       184      
 8893.46 48      13300    -6316.43   -6220.95   95.4834     10       184      
 8893.61 48      13350    -6316.43   -6220.95   95.4834     10       184      
 8897.73 49      13519    -6312.52   -6220.95   91.5735     12       185      
 8897.79 49      13520    -6312.52   -6220.95   91.5735     12       185      
 8897.84 49      13521    -6312.52   -6220.95   91.5735     10       185      
 8897.95 49      13550    -6312.52   -6220.95   91.5735     10       185      
 8898.11 49      13600    -6312.52   -6220.95   91.5735     10       185      
 8908.99 49      13650    -6312.52   -6220.95   91.5735     14       190      
 8920.73 50      13797    -6308.9    -6220.95   87.9538     11       194      
 8920.79 50      13798    -6308.9    -6220.95   87.9538     11       194      
 8920.85 50      13800    -6308.9    -6220.95   87.9538     10       194      
 8921.01 50      13850    -6308.9    -6220.95   87.9538     10       194      
 8921.17 50      13900    -6308.9    -6220.95   87.9538     10       194      
 8929.81 51      14075    -6305.77   -6220.95   84.8196     12       197      
 8929.86 51      14076    -6305.77   -6220.95   84.8196     12       197      
 8929.92 51      14077    -6305.77   -6220.95   84.8196     11       197      
 8930.02 51      14100    -6305.77   -6220.95   84.8196     11       197      
 8930.18 51      14150    -6305.77   -6220.95   84.8196     11       197      
 8930.35 51      14200    -6305.77   -6220.95   84.8196     12       197      
 8940.55 52      14353    -6302.69   -6220.95   81.7415     11       201      
 8940.6  52      14354    -6302.69   -6220.95   81.7415     11       201      
 8940.66 52      14355    -6302.69   -6220.95   81.7415     10       201      
 8940.81 52      14400    -6302.69   -6220.95   81.7415     10       201      
 8940.97 52      14450    -6302.69   -6220.95   81.7415     10       201      
 8944.83 53      14631    -6299.63   -6220.95   78.677      11       202      
 8944.89 53      14632    -6299.63   -6220.95   78.677      11       202      
 8944.95 53      14633    -6299.63   -6220.95   78.677      10       202      
 8945.04 53      14650    -6299.63   -6220.95   78.677      10       202      
 8945.19 53      14700    -6299.63   -6220.95   78.677      10       202      
 8945.35 53      14750    -6299.63   -6220.95   78.677      11       202      
 8954.45 54      14909    -6296.73   -6220.95   75.7831     11       205      
 8954.51 54      14910    -6296.73   -6220.95   75.7831     11       205      
 8954.57 54      14911    -6296.73   -6220.95   75.7831     10       205      
 8954.71 54      14950    -6296.73   -6220.95   75.7831     10       205      
 8954.87 54      15000    -6296.73   -6220.95   75.7831     10       205      
 8955.72 55      15187    -6294.02   -6220.95   73.0662     11       205      
 8955.78 55      15188    -6294.02   -6220.95   73.0662     11       205      
 8955.84 55      15189    -6294.02   -6220.95   73.0662     10       205      
 8955.92 55      15200    -6294.02   -6220.95   73.0662     10       205      
 8956.08 55      15250    -6294.02   -6220.95   73.0662     10       205      
 8956.24 55      15300    -6294.02   -6220.95   73.0662     11       205      
 8970.58 56      15465    -6290.67   -6220.95   69.7231     12       210      
 8970.64 56      15466    -6290.67   -6220.95   69.7231     12       210      
 8970.7  56      15467    -6290.67   -6220.95   69.7231     11       210      
 8970.83 56      15500    -6290.67   -6220.95   69.7231     12       210      
 8971    56      15550    -6290.67   -6220.95   69.7231     12       210      
 8973.32 56      15600    -6290.67   -6220.95   69.7231     15       211      
 8974.06 57      15743    -6288.38   -6220.95   67.4243     11       211      
 8974.12 57      15744    -6288.38   -6220.95   67.4243     11       211      
 8974.2  57      15750    -6288.38   -6220.95   67.4243     11       211      
 8974.36 57      15800    -6288.38   -6220.95   67.4243     11       211      
 8974.53 57      15850    -6288.38   -6220.95   67.4243     11       211      
 8987.42 58      16021    -6286      -6220.95   65.0429     12       215      
 8987.48 58      16022    -6286      -6220.95   65.0429     12       215      
 8987.54 58      16023    -6286      -6220.95   65.0429     11       215      
 8987.66 58      16050    -6286      -6220.95   65.0429     10       215      
 8987.83 58      16100    -6286      -6220.95   65.0429     10       215      
 8988.01 58      16150    -6286      -6220.95   65.0429     12       215      
 8988.89 59      16299    -6283.71   -6220.96   62.7543     11       215      
 8988.95 59      16300    -6283.71   -6220.96   62.7543     11       215      
 8989.01 59      16301    -6283.71   -6220.96   62.7543     10       215      
 8989.18 59      16350    -6283.71   -6220.96   62.7543     11       215      
 8989.34 59      16400    -6283.71   -6220.96   62.7543     11       215      
 8997.31 60      16577    -6281.68   -6220.96   60.7262     14       218      
 8997.37 60      16578    -6281.68   -6220.96   60.7262     14       218      
 8997.43 60      16579    -6281.68   -6220.96   60.7262     13       218      
 8997.53 60      16600    -6281.68   -6220.96   60.7262     14       218      
 8997.7  60      16650    -6281.68   -6220.96   60.7262     14       218      
 8997.87 60      16700    -6281.68   -6220.96   60.7262     14       218      
 9006.96 61      16855    -6279.15   -6220.96   58.1908     12       221      
 9007.02 61      16856    -6279.15   -6220.96   58.1908     12       221      
 9007.08 61      16857    -6279.15   -6220.96   58.1908     11       221      
 9007.24 61      16900    -6279.15   -6220.96   58.1908     12       221      
 9007.4  61      16950    -6279.15   -6220.96   58.1908     12       221      
 9014.58 62      17133    -6277.1    -6220.96   56.1384     13       224      
 9014.64 62      17134    -6277.1    -6220.96   56.1384     13       224      
 9014.7  62      17135    -6277.1    -6220.96   56.1384     11       224      
 9014.8  62      17150    -6277.1    -6220.96   56.1384     12       224      
 9014.96 62      17200    -6277.1    -6220.96   56.1384     12       224      
 9020    62      17250    -6277.1    -6220.96   56.1384     13       226      
 9034.36 63      17413    -6275.77   -6220.96   54.8086     14       231      
 9034.42 63      17414    -6275.77   -6220.96   54.8086     14       231      
 9034.48 63      17415    -6275.77   -6220.96   54.8086     12       231      
 9034.61 63      17450    -6275.77   -6220.96   54.8086     12       231      
 9034.78 63      17500    -6275.77   -6220.96   54.8086     12       231      
 9044.82 63      17550    -6275.77   -6220.96   54.8086     13       235      
 9052.31 64      17693    -6273.98   -6220.96   53.0165     14       237      
 9052.37 64      17694    -6273.98   -6220.96   53.0165     14       237      
 9052.44 64      17700    -6273.98   -6220.96   53.0165     12       237      
 9052.61 64      17750    -6273.98   -6220.96   53.0165     12       237      
 9052.78 64      17800    -6273.98   -6220.96   53.0165     13       237      
 9064.31 65      17971    -6271.17   -6220.96   50.2095     13       241      
 9064.37 65      17972    -6271.17   -6220.96   50.2095     13       241      
 9064.43 65      17973    -6271.17   -6220.96   50.2095     12       241      
 9064.55 65      18000    -6271.17   -6220.96   50.2095     13       241      
 9064.71 65      18050    -6271.17   -6220.96   50.2095     13       241      
 9064.9  65      18100    -6271.17   -6220.96   50.2095     15       241      
 9067.96 66      18249    -6268.89   -6220.96   47.9304     13       242      
 9068.02 66      18250    -6268.89   -6220.96   47.9304     13       242      
 9068.08 66      18251    -6268.89   -6220.96   47.9304     11       242      
 9068.24 66      18300    -6268.89   -6220.96   47.9304     11       242      
 9068.4  66      18350    -6268.89   -6220.96   47.9304     11       242      
 9074.36 67      18527    -6267.12   -6220.96   46.1589     13       244      
 9074.42 67      18528    -6267.12   -6220.96   46.1589     13       244      
 9074.48 67      18529    -6267.12   -6220.96   46.1589     12       244      
 9074.59 67      18550    -6267.12   -6220.96   46.1589     12       244      
 9074.75 67      18600    -6267.12   -6220.96   46.1589     12       244      
 9074.92 67      18650    -6267.12   -6220.96   46.1589     14       244      
 9089.56 68      18807    -6265.81   -6220.96   44.8445     16       249      
 9089.62 68      18808    -6265.81   -6220.96   44.8445     16       249      
 9089.69 68      18809    -6265.81   -6220.96   44.8445     14       249      
 9089.84 68      18850    -6265.81   -6220.96   44.8445     14       249      
 9090.01 68      18900    -6265.81   -6220.96   44.8445     14       249      
 9100.9  69      19085    -6264.36   -6220.96   43.3987     15       253      
 9100.96 69      19086    -6264.36   -6220.96   43.3987     15       253      
 9101.02 69      19087    -6264.36   -6220.96   43.3987     14       253      
 9101.12 69      19100    -6264.36   -6220.96   43.3987     14       253      
 9101.28 69      19150    -6264.36   -6220.96   43.3987     14       253      
 9101.47 69      19200    -6264.36   -6220.96   43.3987     14       253      
 9112.25 70      19363    -6262.47   -6220.97   41.5097     15       257      
 9112.31 70      19364    -6262.47   -6220.97   41.5097     15       257      
 9112.38 70      19365    -6262.47   -6220.97   41.5097     15       257      
 9112.53 70      19400    -6262.47   -6220.97   41.5097     14       257      
 9112.7  70      19450    -6262.47   -6220.97   41.5097     14       257      
 9118.49 70      19500    -6262.47   -6220.97   41.5097     17       259      
 9119.24 71      19643    -6261.27   -6220.97   40.3009     17       259      
 9119.3  71      19644    -6261.27   -6220.97   40.3009     17       259      
 9119.38 71      19650    -6261.27   -6220.97   40.3009     15       259      
 9119.56 71      19700    -6261.27   -6220.97   40.3009     15       259      
 9119.75 71      19750    -6261.27   -6220.97   40.3009     16       259      
 9133.24 72      19921    -6259.55   -6220.97   38.5879     16       263      
 9133.31 72      19922    -6259.55   -6220.97   38.5879     16       263      
 9133.37 72      19923    -6259.55   -6220.97   38.5879     16       263      
 9133.5  72      19950    -6259.55   -6220.97   38.5879     14       263      
 9133.68 72      20000    -6259.55   -6220.97   38.5879     14       263      
 9133.88 72      20050    -6259.55   -6220.97   38.5879     15       263      
 9137.03 73      20201    -6258.65   -6220.97   37.6853     17       264      
 9137.1  73      20202    -6258.65   -6220.97   37.6853     17       264      
 9137.17 73      20203    -6258.65   -6220.97   37.6853     15       264      
 9137.35 73      20250    -6258.65   -6220.97   37.6853     15       264      
 9137.53 73      20300    -6258.65   -6220.97   37.6853     15       264      
 9146.3  74      20481    -6257.6    -6220.97   36.6284     16       267      
 9146.37 74      20482    -6257.6    -6220.97   36.6284     16       267      
 9146.44 74      20483    -6257.6    -6220.97   36.6284     14       267      
 9146.54 74      20500    -6257.6    -6220.97   36.6284     14       267      
 9146.72 74      20550    -6257.6    -6220.97   36.6284     14       267      
 9146.92 74      20600    -6257.6    -6220.97   36.6284     16       267      
 9156.96 75      20759    -6256.61   -6220.97   35.6456     19       270      
 9157.04 75      20760    -6256.61   -6220.97   35.6456     19       270      
 9157.1  75      20761    -6256.61   -6220.97   35.6456     17       270      
 9157.27 75      20800    -6256.61   -6220.97   35.6456     17       270      
 9157.45 75      20850    -6256.61   -6220.97   35.6456     17       270      
 9161.58 76      21039    -6255.71   -6220.97   34.7451     17       271      
 9161.64 76      21040    -6255.71   -6220.97   34.7451     17       271      
 9161.72 76      21041    -6255.71   -6220.97   34.7451     17       271      
 9161.81 76      21050    -6255.71   -6220.97   34.7451     15       271      
 9161.99 76      21100    -6255.71   -6220.97   34.7451     15       271      
 9162.18 76      21150    -6255.71   -6220.97   34.7451     16       271      
 9169.34 77      21319    -6255.05   -6220.97   34.082      19       273      
 9169.41 77      21320    -6255.05   -6220.97   34.082      19       273      
 9169.48 77      21321    -6255.05   -6220.97   34.082      19       273      
 9169.62 77      21350    -6255.05   -6220.97   34.082      19       273      
 9169.82 77      21400    -6255.05   -6220.97   34.082      19       273      
 9170.03 77      21450    -6255.05   -6220.97   34.082      16       273      
 9173.48 78      21599    -6254.33   -6220.97   33.3664     19       274      
 9173.56 78      21600    -6254.33   -6220.97   33.3664     19       274      
 9173.63 78      21601    -6254.33   -6220.97   33.3664     19       274      
 9173.82 78      21650    -6254.33   -6220.97   33.3664     18       274      
 9174.01 78      21700    -6254.33   -6220.97   33.3664     17       274      
 9188.29 79      21879    -6253.37   -6220.97   32.3997     17       278      
 9191.36 79      21880    -6253.37   -6220.97   32.3997     17       279      
 9193.35 79      21881    -6253.37   -6220.97   32.3997     16       280      
 9193.48 79      21900    -6253.37   -6220.97   32.3997     16       280      
 9193.66 79      21950    -6253.37   -6220.97   32.3997     16       280      
 9193.87 79      22000    -6253.37   -6220.97   32.3997     16       280      
 9201.43 80      22157    -6251.98   -6220.97   31.014      16       282      
 9201.5  80      22158    -6251.98   -6220.97   31.014      16       282      
 9201.57 80      22159    -6251.98   -6220.97   31.014      16       282      
 9201.75 80      22200    -6251.98   -6220.97   31.014      16       282      
 9201.94 80      22250    -6251.98   -6220.97   31.014      16       282      
 9212.11 81      22437    -6251.18   -6220.97   30.2156     16       285      
 9212.18 81      22438    -6251.18   -6220.97   30.2156     16       285      
 9212.25 81      22439    -6251.18   -6220.97   30.2156     16       285      
 9212.35 81      22450    -6251.18   -6220.97   30.2156     14       285      
 9212.53 81      22500    -6251.18   -6220.97   30.2156     14       285      
 9212.73 81      22550    -6251.18   -6220.97   30.2156     14       285      
 9219.3  82      22715    -6250.33   -6220.97   29.3643     16       287      
 9219.37 82      22716    -6250.33   -6220.97   29.3643     16       287      
 9219.45 82      22717    -6250.33   -6220.97   29.3643     16       287      
 9219.6  82      22750    -6250.33   -6220.97   29.3643     14       287      
 9219.79 82      22800    -6250.33   -6220.97   29.3643     15       287      
 9222.58 82      22850    -6250.33   -6220.97   29.3643     17       288      
 9228    83      22993    -6249.48   -6220.97   28.5141     18       289      
 9228.07 83      22994    -6249.48   -6220.97   28.5141     18       289      
 9228.16 83      23000    -6249.48   -6220.97   28.5141     16       289      
 9228.36 83      23050    -6249.48   -6220.97   28.5141     16       289      
 9228.56 83      23100    -6249.48   -6220.97   28.5141     16       289      
 9236.09 84      23271    -6248.25   -6220.97   27.2764     18       291      
 9236.16 84      23272    -6248.25   -6220.97   27.2764     18       291      
 9236.24 84      23273    -6248.25   -6220.97   27.2764     18       291      
 9236.38 84      23300    -6248.25   -6220.97   27.2764     18       291      
 9236.57 84      23350    -6248.25   -6220.97   27.2764     18       291      
 9236.78 84      23400    -6248.25   -6220.97   27.2764     17       291      
 9241.37 85      23549    -6247.54   -6220.97   26.5649     18       292      
 9241.45 85      23550    -6247.54   -6220.97   26.5649     18       292      
 9241.52 85      23551    -6247.54   -6220.97   26.5649     18       292      
 9241.72 85      23600    -6247.54   -6220.97   26.5649     18       292      
 9241.92 85      23650    -6247.54   -6220.97   26.5649     16       292      
 9246.12 86      23827    -6246.91   -6220.97   25.938      19       293      
 9246.19 86      23828    -6246.91   -6220.97   25.938      19       293      
 9246.27 86      23829    -6246.91   -6220.97   25.938      19       293      
 9246.39 86      23850    -6246.91   -6220.97   25.938      19       293      
 9246.59 86      23900    -6246.91   -6220.97   25.938      19       293      
 9246.8  86      23950    -6246.91   -6220.97   25.938      16       293      
 9255.04 87      24107    -6246.31   -6220.97   25.3404     20       295      
 9255.11 87      24108    -6246.31   -6220.97   25.3404     20       295      
 9255.19 87      24109    -6246.31   -6220.97   25.3404     20       295      
 9255.37 87      24150    -6246.31   -6220.97   25.3404     20       295      
 9255.57 87      24200    -6246.31   -6220.97   25.3404     20       295      
 9259.33 88      24387    -6245.65   -6220.97   24.673      19       296      
 9259.4  88      24388    -6245.65   -6220.97   24.673      19       296      
 9259.47 88      24389    -6245.65   -6220.97   24.673      19       296      
 9259.58 88      24400    -6245.65   -6220.97   24.673      19       296      
 9259.77 88      24450    -6245.65   -6220.97   24.673      19       296      
 9259.98 88      24500    -6245.65   -6220.97   24.673      17       296      
 9260.95 89      24665    -6245.03   -6220.97   24.0613     20       296      
 9261.03 89      24666    -6245.03   -6220.97   24.0613     20       296      
 9261.11 89      24667    -6245.03   -6220.97   24.0613     20       296      
 9261.26 89      24700    -6245.03   -6220.97   24.0613     20       296      
 9261.47 89      24750    -6245.03   -6220.97   24.0613     20       296      
 9261.69 89      24800    -6245.03   -6220.97   24.0613     20       296      
 9272.96 90      24945    -6244.47   -6220.97   23.4989     20       299      
 9273.03 90      24946    -6244.47   -6220.97   23.4989     20       299      
 9273.11 90      24950    -6244.47   -6220.97   23.4989     20       299      
 9273.31 90      25000    -6244.47   -6220.97   23.4989     20       299      
 9273.51 90      25050    -6244.47   -6220.97   23.4989     20       299      
 9285.15 91      25225    -6243.84   -6220.97   22.8706     18       302      
 9285.23 91      25226    -6243.84   -6220.97   22.8706     18       302      
 9285.31 91      25227    -6243.84   -6220.97   22.8706     18       302      
 9285.44 91      25250    -6243.84   -6220.97   22.8706     18       302      
 9285.65 91      25300    -6243.84   -6220.97   22.8706     18       302      
 9285.85 91      25350    -6243.84   -6220.97   22.8706     17       302      
 9291.21 92      25503    -6243.15   -6220.97   22.1807     19       303      
 9291.28 92      25504    -6243.15   -6220.97   22.1807     19       303      
 9291.36 92      25505    -6243.15   -6220.97   22.1807     19       303      
 9291.55 92      25550    -6243.15   -6220.97   22.1807     19       303      
 9291.75 92      25600    -6243.15   -6220.97   22.1807     17       303      
 9303.14 93      25781    -6242.46   -6220.97   21.4885     17       306      
 9303.21 93      25782    -6242.46   -6220.97   21.4885     17       306      
 9303.3  93      25783    -6242.46   -6220.97   21.4885     17       306      
 9303.42 93      25800    -6242.46   -6220.97   21.4885     17       306      
 9303.64 93      25850    -6242.46   -6220.97   21.4885     17       306      
 9303.85 93      25900    -6242.46   -6220.97   21.4885     15       306      
 9304.82 94      26059    -6241.85   -6220.97   20.8746     18       306      
 9308.1  94      26060    -6241.85   -6220.97   20.8746     18       307      
 9310.61 94      26061    -6241.85   -6220.97   20.8746     18       308      
 9310.8  94      26100    -6241.85   -6220.97   20.8746     18       308      
 9311.02 94      26150    -6241.85   -6220.97   20.8746     18       308      
 9312.02 95      26337    -6241.28   -6220.97   20.3073     18       308      
 9312.1  95      26338    -6241.28   -6220.97   20.3073     18       308      
 9312.19 95      26339    -6241.28   -6220.97   20.3073     18       308      
 9312.3  95      26350    -6241.28   -6220.97   20.3073     18       308      
 9312.51 95      26400    -6241.28   -6220.97   20.3073     18       308      
 9312.72 95      26450    -6241.28   -6220.97   20.3073     17       308      
 9317.97 96      26615    -6240.76   -6220.97   19.7878     18       309      
 9318.05 96      26616    -6240.76   -6220.97   19.7878     18       309      
 9318.14 96      26617    -6240.76   -6220.97   19.7878     18       309      
 9318.3  96      26650    -6240.76   -6220.97   19.7878     18       309      
 9318.52 96      26700    -6240.76   -6220.97   19.7878     18       309      
 9322.01 96      26750    -6240.76   -6220.97   19.7878     20       310      
 9326.76 97      26893    -6240.32   -6220.97   19.3482     20       311      
 9326.84 97      26894    -6240.32   -6220.97   19.3482     19       311      
 9326.93 97      26900    -6240.32   -6220.97   19.3482     19       311      
 9327.13 97      26950    -6240.32   -6220.97   19.3482     19       311      
 9327.34 97      27000    -6240.32   -6220.97   19.3482     19       311      
 9333.03 98      27173    -6239.84   -6220.97   18.8639     20       312      
 9333.11 98      27174    -6239.84   -6220.97   18.8639     20       312      
 9333.19 98      27175    -6239.84   -6220.97   18.8639     20       312      
 9333.32 98      27200    -6239.84   -6220.97   18.8639     20       312      
 9333.52 98      27250    -6239.84   -6220.97   18.8639     20       312      
 9333.73 98      27300    -6239.84   -6220.97   18.8639     19       312      
 9334.51 99      27451    -6239.11   -6220.97   18.1364     17       312      
 9334.59 99      27452    -6239.11   -6220.97   18.1364     17       312      
 9334.67 99      27453    -6239.11   -6220.97   18.1364     17       312      
 9334.85 99      27500    -6239.11   -6220.97   18.1364     17       312      
 9335.05 99      27550    -6239.11   -6220.97   18.1364     17       312      
 9345.91 100     27729    -6238.65   -6220.97   17.6736     18       315      
 9345.99 100     27730    -6238.65   -6220.97   17.6736     18       315      
 9346.07 100     27731    -6238.65   -6220.97   17.6736     18       315      
 9346.19 100     27750    -6238.65   -6220.97   17.6736     18       315      
 9346.4  100     27800    -6238.65   -6220.97   17.6736     18       315      
 9346.61 100     27850    -6238.65   -6220.97   17.6736     18       315      
 9351.35 101     28007    -6238.16   -6220.97   17.1897     19       316      
 9351.43 101     28008    -6238.16   -6220.97   17.1897     19       316      
 9351.51 101     28009    -6238.16   -6220.97   17.1897     19       316      
 9351.68 101     28050    -6238.16   -6220.97   17.1897     19       316      
 9351.89 101     28100    -6238.16   -6220.97   17.1897     19       316      
 9356.05 102     28285    -6237.72   -6220.97   16.7443     21       317      
 9356.13 102     28286    -6237.72   -6220.97   16.7443     20       317      
 9356.2  102     28287    -6237.72   -6220.97   16.7443     20       317      
 9356.32 102     28300    -6237.72   -6220.97   16.7443     20       317      
 9356.51 102     28350    -6237.72   -6220.97   16.7443     20       317      
 9356.72 102     28400    -6237.72   -6220.97   16.7443     20       317      
 9363.87 103     28563    -6237.36   -6220.97   16.3866     21       319      
 9367.16 103     28564    -6237.36   -6220.97   16.3866     21       320      
 9367.26 103     28565    -6237.36   -6220.97   16.3866     21       320      
 9367.43 103     28600    -6237.36   -6220.97   16.3866     21       320      
 9367.63 103     28650    -6237.36   -6220.97   16.3866     21       320      
 9367.88 103     28700    -6237.36   -6220.97   16.3866     22       320      
 9380.15 104     28843    -6237.03   -6220.98   16.0518     21       323      
 9383.22 104     28844    -6237.03   -6220.98   16.0518     21       324      
 9383.33 104     28850    -6237.03   -6220.98   16.0518     21       324      
 9383.54 104     28900    -6237.03   -6220.98   16.0518     21       324      
 9383.75 104     28950    -6237.03   -6220.98   16.0518     21       324      
 9388.86 105     29123    -6236.69   -6220.98   15.7122     21       325      
 9388.95 105     29124    -6236.69   -6220.98   15.7122     20       325      
 9389.04 105     29125    -6236.69   -6220.98   15.7122     20       325      
 9389.19 105     29150    -6236.69   -6220.98   15.7122     20       325      
 9389.4  105     29200    -6236.69   -6220.98   15.7122     20       325      
 9389.64 105     29250    -6236.69   -6220.98   15.7122     20       325      
 9395.54 106     29401    -6236.2    -6220.98   15.2161     20       326      
 9395.62 106     29402    -6236.2    -6220.98   15.2161     20       326      
 9395.72 106     29403    -6236.2    -6220.98   15.2161     20       326      
 9395.93 106     29450    -6236.2    -6220.98   15.2161     20       326      
 9396.16 106     29500    -6236.2    -6220.98   15.2161     20       326      
 9408.82 107     29681    -6235.85   -6220.98   14.8704     21       329      
 9408.91 107     29682    -6235.85   -6220.98   14.8704     20       329      
 9409    107     29683    -6235.85   -6220.98   14.8704     20       329      
 9409.14 107     29700    -6235.85   -6220.98   14.8704     20       329      
 9409.37 107     29750    -6235.85   -6220.98   14.8704     20       329      
 9409.63 107     29800    -6235.85   -6220.98   14.8704     21       329      
 9416.1  108     29959    -6235.29   -6220.98   14.3053     20       331      
 9416.18 108     29960    -6235.29   -6220.98   14.3053     20       331      
 9416.26 108     29961    -6235.29   -6220.98   14.3053     20       331      
 9416.44 108     30000    -6235.29   -6220.98   14.3053     20       331      
 9416.64 108     30050    -6235.29   -6220.98   14.3053     20       331      
 9423.8  109     30239    -6235.01   -6220.98   14.0232     20       333      
 9423.88 109     30240    -6235.01   -6220.98   14.0232     19       333      
 9423.97 109     30241    -6235.01   -6220.98   14.0232     19       333      
 9424.07 109     30250    -6235.01   -6220.98   14.0232     19       333      
 9424.28 109     30300    -6235.01   -6220.98   14.0232     19       333      
 9424.5  109     30350    -6235.01   -6220.98   14.0232     19       333      
 9439.36 110     30517    -6234.68   -6220.98   13.696      22       337      
 9439.44 110     30518    -6234.68   -6220.98   13.696      21       337      
 9439.53 110     30519    -6234.68   -6220.98   13.696      21       337      
 9439.69 110     30550    -6234.68   -6220.98   13.696      21       337      
 9439.91 110     30600    -6234.68   -6220.98   13.696      21       337      
 9440.16 110     30650    -6234.68   -6220.98   13.696      22       337      
 9444.94 111     30795    -6234.38   -6220.98   13.4027     22       338      
 9445.03 111     30796    -6234.38   -6220.98   13.4027     21       338      
 9445.12 111     30800    -6234.38   -6220.98   13.4027     21       338      
 9445.34 111     30850    -6234.38   -6220.98   13.4027     21       338      
 9445.56 111     30900    -6234.38   -6220.98   13.4027     21       338      
 9450.08 112     31075    -6234.15   -6220.98   13.1651     23       339      
 9450.16 112     31076    -6234.15   -6220.98   13.1651     23       339      
 9450.25 112     31077    -6234.15   -6220.98   13.1651     23       339      
 9450.4  112     31100    -6234.15   -6220.98   13.1651     23       339      
 9450.62 112     31150    -6234.15   -6220.98   13.1651     23       339      
 9450.85 112     31200    -6234.15   -6220.98   13.1651     23       339      
 9451.74 113     31355    -6233.93   -6220.98   12.9453     22       339      
 9451.82 113     31356    -6233.93   -6220.98   12.9453     22       339      
 9451.91 113     31357    -6233.93   -6220.98   12.9453     22       339      
 9452.11 113     31400    -6233.93   -6220.98   12.9453     22       339      
 9452.32 113     31450    -6233.93   -6220.98   12.9453     22       339      
 9464.69 114     31635    -6233.69   -6220.98   12.708      22       342      
 9464.77 114     31636    -6233.69   -6220.98   12.708      21       342      
 9464.86 114     31637    -6233.69   -6220.98   12.708      21       342      
 9464.98 114     31650    -6233.69   -6220.98   12.708      21       342      
 9465.2  114     31700    -6233.69   -6220.98   12.708      21       342      
 9465.44 114     31750    -6233.69   -6220.98   12.708      21       342      
 9482.22 115     31915    -6233.39   -6220.98   12.41       20       346      
 9484.81 115     31916    -6233.39   -6220.98   12.41       20       347      
 9484.91 115     31917    -6233.39   -6220.98   12.41       20       347      
 9485.07 115     31950    -6233.39   -6220.98   12.41       20       347      
 9485.29 115     32000    -6233.39   -6220.98   12.41       20       347      
 9488.75 115     32050    -6233.39   -6220.98   12.41       20       348      
 9489.57 116     32193    -6233.08   -6220.99   12.0902     19       348      
 9489.66 116     32194    -6233.08   -6220.99   12.0902     19       348      
 9489.77 116     32200    -6233.08   -6220.99   12.0902     19       348      
 9489.98 116     32250    -6233.08   -6220.99   12.0902     19       348      
 9490.19 116     32300    -6233.08   -6220.99   12.0902     19       348      
 9498.62 117     32471    -6232.8    -6220.99   11.8098     20       350      
 9498.71 117     32472    -6232.8    -6220.99   11.8098     19       350      
 9498.8  117     32473    -6232.8    -6220.99   11.8098     19       350      
 9498.96 117     32500    -6232.8    -6220.99   11.8098     19       350      
 9499.17 117     32550    -6232.8    -6220.99   11.8098     19       350      
 9499.43 117     32600    -6232.8    -6220.99   11.8098     19       350      
 9508.03 118     32749    -6232.5    -6220.99   11.5143     20       352      
 9508.11 118     32750    -6232.5    -6220.99   11.5143     19       352      
 9508.2  118     32751    -6232.5    -6220.99   11.5143     19       352      
 9508.41 118     32800    -6232.5    -6220.99   11.5143     19       352      
 9508.64 118     32850    -6232.5    -6220.99   11.5143     20       352      
 9512.2  119     33027    -6232.11   -6220.99   11.1222     21       353      
 9512.28 119     33028    -6232.11   -6220.99   11.1222     20       353      
 9512.37 119     33029    -6232.11   -6220.99   11.1222     20       353      
 9512.52 119     33050    -6232.11   -6220.99   11.1222     20       353      
 9512.73 119     33100    -6232.11   -6220.99   11.1222     20       353      
 9512.96 119     33150    -6232.11   -6220.99   11.1222     20       353      
 9513.89 120     33307    -6231.89   -6220.99   10.9035     20       353      
 9513.98 120     33308    -6231.89   -6220.99   10.9035     20       353      
 9514.06 120     33309    -6231.89   -6220.99   10.9035     20       353      
 9514.26 120     33350    -6231.89   -6220.99   10.9035     20       353      
 9514.48 120     33400    -6231.89   -6220.99   10.9035     20       353      
 9519.24 121     33585    -6231.67   -6220.99   10.6801     22       354      
 9519.33 121     33586    -6231.67   -6220.99   10.6801     22       354      
 9519.42 121     33587    -6231.67   -6220.99   10.6801     22       354      
 9519.54 121     33600    -6231.67   -6220.99   10.6801     22       354      
 9519.76 121     33650    -6231.67   -6220.99   10.6801     22       354      
 9519.99 121     33700    -6231.67   -6220.99   10.6801     22       354      
 9520.93 122     33863    -6231.48   -6220.99   10.4867     22       354      
 9521.02 122     33864    -6231.48   -6220.99   10.4867     22       354      
 9521.1  122     33865    -6231.48   -6220.99   10.4867     22       354      
 9521.29 122     33900    -6231.48   -6220.99   10.4867     22       354      
 9521.5  122     33950    -6231.48   -6220.99   10.4867     22       354      
 9521.76 122     34000    -6231.48   -6220.99   10.4867     20       354      
 9526.77 123     34143    -6231.31   -6220.99   10.3176     21       355      
 9526.85 123     34144    -6231.31   -6220.99   10.3176     21       355      
 9526.96 123     34150    -6231.31   -6220.99   10.3176     21       355      
 9527.18 123     34200    -6231.31   -6220.99   10.3176     21       355      
 9527.4  123     34250    -6231.31   -6220.99   10.3176     21       355      
 9533.44 124     34423    -6231.13   -6220.99   10.1397     20       356      
 9533.54 124     34424    -6231.13   -6220.99   10.1397     20       356      
 9533.64 124     34425    -6231.13   -6220.99   10.1397     20       356      
 9533.8  124     34450    -6231.13   -6220.99   10.1397     20       356      
 9534.04 124     34500    -6231.13   -6220.99   10.1397     20       356      
 9537.31 124     34550    -6231.13   -6220.99   10.1397     21       357      
 9541.24 125     34701    -6230.95   -6220.99   9.95632     22       358      
 9541.33 125     34702    -6230.95   -6220.99   9.95632     22       358      
 9541.43 125     34703    -6230.95   -6220.99   9.95632     22       358      
 9541.65 125     34750    -6230.95   -6220.99   9.95632     22       358      
 9541.88 125     34800    -6230.95   -6220.99   9.95632     22       358      
 9546.77 126     34981    -6230.79   -6220.99   9.79612     22       359      
 9546.86 126     34982    -6230.79   -6220.99   9.79612     22       359      
 9546.94 126     34983    -6230.79   -6220.99   9.79612     22       359      
 9547.07 126     35000    -6230.79   -6220.99   9.79612     22       359      
 9547.29 126     35050    -6230.79   -6220.99   9.79612     22       359      
 9547.5  126     35100    -6230.79   -6220.99   9.79612     22       359      
 9558.95 127     35261    -6230.65   -6220.99   9.65749     23       362      
 9559.05 127     35262    -6230.65   -6220.99   9.65749     23       362      
 9559.13 127     35263    -6230.65   -6220.99   9.65749     23       362      
 9559.32 127     35300    -6230.65   -6220.99   9.65749     23       362      
 9559.55 127     35350    -6230.65   -6220.99   9.65749     23       362      
 9570.97 127     35400    -6230.65   -6220.99   9.65749     24       365      
 9571.79 128     35541    -6230.49   -6220.99   9.49622     22       365      
 9571.88 128     35542    -6230.49   -6220.99   9.49622     22       365      
 9571.99 128     35550    -6230.49   -6220.99   9.49622     22       365      
 9572.22 128     35600    -6230.49   -6220.99   9.49622     22       365      
 9572.44 128     35650    -6230.49   -6220.99   9.49622     22       365      
 9580.43 129     35819    -6230.3    -6220.99   9.31038     22       367      
 9580.52 129     35820    -6230.3    -6220.99   9.31038     22       367      
 9580.62 129     35821    -6230.3    -6220.99   9.31038     22       367      
 9580.8  129     35850    -6230.3    -6220.99   9.31038     22       367      
 9581.04 129     35900    -6230.3    -6220.99   9.31038     22       367      
 9581.3  129     35950    -6230.3    -6220.99   9.31038     22       367      
 9591.4  130     36097    -6230.09   -6220.99   9.09969     21       369      
 9591.5  130     36098    -6230.09   -6220.99   9.09969     21       369      
 9591.6  130     36100    -6230.09   -6220.99   9.09969     21       369      
 9591.83 130     36150    -6230.09   -6220.99   9.09969     21       369      
 9592.07 130     36200    -6230.09   -6220.99   9.09969     21       369      
 9596.07 131     36375    -6229.89   -6220.99   8.90365     22       370      
 9596.18 131     36376    -6229.89   -6220.99   8.90365     22       370      
 9596.28 131     36377    -6229.89   -6220.99   8.90365     22       370      
 9596.44 131     36400    -6229.89   -6220.99   8.90365     22       370      
 9596.67 131     36450    -6229.89   -6220.99   8.90365     22       370      
 9596.92 131     36500    -6229.89   -6220.99   8.90365     22       370      
 9597.86 132     36653    -6229.74   -6220.99   8.74826     23       370      
 9597.96 132     36654    -6229.74   -6220.99   8.74826     23       370      
 9598.06 132     36655    -6229.74   -6220.99   8.74826     23       370      
 9598.27 132     36700    -6229.74   -6220.99   8.74826     23       370      
 9598.5  132     36750    -6229.74   -6220.99   8.74826     23       370      
 9603.39 133     36933    -6229.59   -6220.99   8.60361     23       371      
 9603.48 133     36934    -6229.59   -6220.99   8.60361     23       371      
 9603.58 133     36935    -6229.59   -6220.99   8.60361     23       371      
 9603.72 133     36950    -6229.59   -6220.99   8.60361     23       371      
 9603.94 133     37000    -6229.59   -6220.99   8.60361     23       371      
 9604.18 133     37050    -6229.59   -6220.99   8.60361     23       371      
 9605.1  134     37211    -6229.44   -6220.99   8.44906     22       371      
 9605.2  134     37212    -6229.44   -6220.99   8.44906     22       371      
 9605.3  134     37213    -6229.44   -6220.99   8.44906     22       371      
 9605.49 134     37250    -6229.44   -6220.99   8.44906     22       371      
 9605.72 134     37300    -6229.44   -6220.99   8.44906     22       371      
 9612.61 135     37350    -6229.44   -6220.99   8.44906     24       373      
 9613.39 135     37489    -6229.31   -6220.99   8.31672     23       373      
 9613.48 135     37490    -6229.31   -6220.99   8.31672     23       373      
 9613.61 135     37500    -6229.31   -6220.99   8.31672     23       373      
 9613.84 135     37550    -6229.31   -6220.99   8.31672     23       373      
 9614.07 135     37600    -6229.31   -6220.99   8.31672     23       373      
 9618.28 136     37769    -6229.18   -6220.99   8.18529     23       374      
 9618.37 136     37770    -6229.18   -6220.99   8.18529     23       374      
 9618.46 136     37771    -6229.18   -6220.99   8.18529     23       374      
 9618.63 136     37800    -6229.18   -6220.99   8.18529     23       374      
 9618.85 136     37850    -6229.18   -6220.99   8.18529     23       374      
 9619.09 136     37900    -6229.18   -6220.99   8.18529     23       374      
 9620    137     38049    -6229.04   -6220.99   8.05447     24       374      
 9620.1  137     38050    -6229.04   -6220.99   8.05447     24       374      
 9620.19 137     38051    -6229.04   -6220.99   8.05447     24       374      
 9620.41 137     38100    -6229.04   -6220.99   8.05447     24       374      
 9620.63 137     38150    -6229.04   -6220.99   8.05447     24       374      
 9627.3  138     38327    -6228.91   -6220.99   7.9229      24       376      
 9627.39 138     38328    -6228.91   -6220.99   7.9229      24       376      
 9627.48 138     38329    -6228.91   -6220.99   7.9229      24       376      
 9627.63 138     38350    -6228.91   -6220.99   7.9229      24       376      
 9627.85 138     38400    -6228.91   -6220.99   7.9229      24       376      
 9628.08 138     38450    -6228.91   -6220.99   7.9229      24       376      
 9634.36 139     38607    -6228.78   -6220.99   7.78821     23       378      
 9634.46 139     38608    -6228.78   -6220.99   7.78821     23       378      
 9634.56 139     38609    -6228.78   -6220.99   7.78821     23       378      
 9634.75 139     38650    -6228.78   -6220.99   7.78821     23       378      
 9634.96 139     38700    -6228.78   -6220.99   7.78821     23       378      
 9635.9  140     38885    -6228.66   -6220.99   7.66487     24       378      
 9635.99 140     38886    -6228.66   -6220.99   7.66487     24       378      
 9636.09 140     38887    -6228.66   -6220.99   7.66487     24       378      
 9636.23 140     38900    -6228.66   -6220.99   7.66487     24       378      
 9636.45 140     38950    -6228.66   -6220.99   7.66487     24       378      
 9636.68 140     39000    -6228.66   -6220.99   7.66487     24       378      
 9639.73 141     39165    -6228.55   -6220.99   7.55857     25       379      
 9639.82 141     39166    -6228.55   -6220.99   7.55857     25       379      
 9639.92 141     39167    -6228.55   -6220.99   7.55857     25       379      
 9640.1  141     39200    -6228.55   -6220.99   7.55857     25       379      
 9640.32 141     39250    -6228.55   -6220.99   7.55857     25       379      
 9640.57 141     39300    -6228.55   -6220.99   7.55857     26       379      
 9649.45 142     39445    -6228.42   -6220.99   7.42702     26       381      
 9652.12 142     39446    -6228.42   -6220.99   7.42702     25       382      
 9652.24 142     39450    -6228.42   -6220.99   7.42702     25       382      
 9652.47 142     39500    -6228.42   -6220.99   7.42702     25       382      
 9652.69 142     39550    -6228.42   -6220.99   7.42702     25       382      
 9658    143     39723    -6228.36   -6221      7.35807     26       383      
 9658.09 143     39724    -6228.36   -6221      7.35807     26       383      
 9658.19 143     39725    -6228.36   -6221      7.35807     26       383      
 9658.35 143     39750    -6228.36   -6221      7.35807     26       383      
 9658.57 143     39800    -6228.36   -6221      7.35807     26       383      
 9658.81 143     39850    -6228.36   -6221      7.35807     25       383      
 9666.27 144     39999    -6228.16   -6221      7.16067     26       385      
 9666.38 144     40000    -6228.16   -6221      7.16067     26       385      
 9666.49 144     40001    -6228.16   -6221      7.16067     26       385      
 9666.73 144     40050    -6228.16   -6221      7.16067     26       385      
 9666.98 144     40100    -6228.16   -6221      7.16067     26       385      
 9674.25 145     40277    -6228      -6221      6.99858     25       387      
 9674.35 145     40278    -6228      -6221      6.99858     25       387      
 9674.45 145     40279    -6228      -6221      6.99858     25       387      
 9674.61 145     40300    -6228      -6221      6.99858     25       387      
 9674.83 145     40350    -6228      -6221      6.99858     25       387      
 9675.06 145     40400    -6228      -6221      6.99858     25       387      
 9685.25 146     40555    -6227.85   -6221      6.85216     25       390      
 9685.35 146     40556    -6227.85   -6221      6.85216     25       390      
 9685.45 146     40557    -6227.85   -6221      6.85216     25       390      
 9685.66 146     40600    -6227.85   -6221      6.85216     25       390      
 9685.89 146     40650    -6227.85   -6221      6.85216     25       390      
 9686.85 147     40833    -6227.73   -6221      6.73038     25       390      
 9686.95 147     40834    -6227.73   -6221      6.73038     25       390      
 9687.05 147     40835    -6227.73   -6221      6.73038     25       390      
 9687.18 147     40850    -6227.73   -6221      6.73038     25       390      
 9687.39 147     40900    -6227.73   -6221      6.73038     25       390      
 9687.62 147     40950    -6227.73   -6221      6.73038     25       390      
 9692.61 148     41113    -6227.63   -6221      6.62844     26       391      
 9692.7  148     41114    -6227.63   -6221      6.62844     26       391      
 9692.8  148     41115    -6227.63   -6221      6.62844     26       391      
 9692.99 148     41150    -6227.63   -6221      6.62844     26       391      
 9693.2  148     41200    -6227.63   -6221      6.62844     26       391      
 9693.46 148     41250    -6227.63   -6221      6.62844     26       391      
 9694.28 149     41391    -6227.52   -6221      6.52217     25       391      
 9694.37 149     41392    -6227.52   -6221      6.52217     25       391      
 9694.49 149     41400    -6227.52   -6221      6.52217     25       391      
 9694.7  149     41450    -6227.52   -6221      6.52217     25       391      
 9694.93 149     41500    -6227.52   -6221      6.52217     25       391      
 9695.84 150     41669    -6227.43   -6221      6.42913     26       391      
 9695.94 150     41670    -6227.43   -6221      6.42913     26       391      
 9696.04 150     41671    -6227.43   -6221      6.42913     26       391      
 9696.23 150     41700    -6227.43   -6221      6.42913     26       391      
 9696.46 150     41750    -6227.43   -6221      6.42913     26       391      
 9696.7  150     41800    -6227.43   -6221      6.42913     26       391      
 9697.54 151     41947    -6227.34   -6221      6.34168     26       391      
 9697.64 151     41948    -6227.34   -6221      6.34168     26       391      
 9697.74 151     41950    -6227.34   -6221      6.34168     26       391      
 9697.96 151     42000    -6227.34   -6221      6.34168     26       391      
 9698.18 151     42050    -6227.34   -6221      6.34168     26       391      
 9699.08 152     42227    -6227.25   -6221      6.24797     27       391      
 9699.18 152     42228    -6227.25   -6221      6.24797     27       391      
 9699.27 152     42229    -6227.25   -6221      6.24797     27       391      
 9699.42 152     42250    -6227.25   -6221      6.24797     27       391      
 9699.64 152     42300    -6227.25   -6221      6.24797     27       391      
 9702.17 152     42350    -6227.25   -6221      6.24797     27       392      
 9709.66 153     42505    -6227.12   -6221      6.11894     26       394      
 9709.76 153     42506    -6227.12   -6221      6.11894     26       394      
 9709.86 153     42507    -6227.12   -6221      6.11894     26       394      
 9710.05 153     42550    -6227.12   -6221      6.11894     26       394      
 9710.27 153     42600    -6227.12   -6221      6.11894     26       394      
 9719.4  154     42783    -6226.98   -6221      5.97615     26       397      
 9719.5  154     42784    -6226.98   -6221      5.97615     26       397      
 9719.6  154     42785    -6226.98   -6221      5.97615     26       397      
 9719.73 154     42800    -6226.98   -6221      5.97615     26       397      
 9719.96 154     42850    -6226.98   -6221      5.97615     26       397      
 9720.2  154     42900    -6226.98   -6221      5.97615     26       397      
 9724.12 155     43061    -6226.85   -6221      5.85525     26       398      
 9724.22 155     43062    -6226.85   -6221      5.85525     26       398      
 9724.32 155     43063    -6226.85   -6221      5.85525     26       398      
 9724.52 155     43100    -6226.85   -6221      5.85525     26       398      
 9724.74 155     43150    -6226.85   -6221      5.85525     26       398      
 9727.83 156     43200    -6226.85   -6221      5.85525     26       399      
 9728.63 156     43339    -6226.75   -6221      5.75093     26       399      
 9728.73 156     43340    -6226.75   -6221      5.75093     26       399      
 9728.85 156     43350    -6226.75   -6221      5.75093     26       399      
 9729.06 156     43400    -6226.75   -6221      5.75093     26       399      
 9729.28 156     43450    -6226.75   -6221      5.75093     26       399      
 9732.36 157     43617    -6226.65   -6221      5.6488      27       400      
 9732.45 157     43618    -6226.65   -6221      5.6488      27       400      
 9732.55 157     43619    -6226.65   -6221      5.6488      27       400      
 9732.72 157     43650    -6226.65   -6221      5.6488      27       400      
 9732.94 157     43700    -6226.65   -6221      5.6488      27       400      
 9733.18 157     43750    -6226.65   -6221      5.6488      27       400      
 9733.98 158     43895    -6226.56   -6221      5.55949     28       400      
 9734.07 158     43896    -6226.56   -6221      5.55949     28       400      
 9734.18 158     43900    -6226.56   -6221      5.55949     28       400      
 9734.4  158     43950    -6226.56   -6221      5.55949     28       400      
 9734.61 158     44000    -6226.56   -6221      5.55949     28       400      
 9735.5  159     44173    -6226.47   -6221      5.47375     28       400      
 9735.6  159     44174    -6226.47   -6221      5.47375     28       400      
 9735.69 159     44175    -6226.47   -6221      5.47375     28       400      
 9735.85 159     44200    -6226.47   -6221      5.47375     28       400      
 9736.07 159     44250    -6226.47   -6221      5.47375     28       400      
 9736.3  159     44300    -6226.47   -6221      5.47375     28       400      
 9737.12 160     44451    -6226.4    -6221      5.39895     27       400      
 9737.21 160     44452    -6226.4    -6221      5.39895     27       400      
 9737.3  160     44453    -6226.4    -6221      5.39895     27       400      
 9737.52 160     44500    -6226.4    -6221      5.39895     27       400      
 9737.74 160     44550    -6226.4    -6221      5.39895     27       400      
 9746.95 161     44729    -6226.33   -6221      5.33187     27       403      
 9747.05 161     44730    -6226.33   -6221      5.33187     27       403      
 9747.14 161     44731    -6226.33   -6221      5.33187     26       403      
 9747.29 161     44750    -6226.33   -6221      5.33187     27       403      
 9747.51 161     44800    -6226.33   -6221      5.33187     27       403      
 9747.74 161     44850    -6226.33   -6221      5.33187     26       403      
 9761.71 162     45007    -6226.24   -6221      5.24477     29       407      
 9761.82 162     45008    -6226.24   -6221      5.24477     29       407      
 9761.92 162     45009    -6226.24   -6221      5.24477     29       407      
 9762.14 162     45050    -6226.24   -6221      5.24477     29       407      
 9762.38 162     45100    -6226.24   -6221      5.24477     29       407      
 9766.48 163     45285    -6226.17   -6221      5.17517     29       408      
 9766.58 163     45286    -6226.17   -6221      5.17517     29       408      
 9766.68 163     45287    -6226.17   -6221      5.17517     29       408      
 9766.81 163     45300    -6226.17   -6221      5.17517     29       408      
 9767.04 163     45350    -6226.17   -6221      5.17517     29       408      
 9767.26 163     45400    -6226.17   -6221      5.17517     29       408      
 9768.14 164     45563    -6226.11   -6221      5.10668     28       408      
 9768.24 164     45564    -6226.11   -6221      5.10668     28       408      
 9768.34 164     45565    -6226.11   -6221      5.10668     28       408      
 9768.52 164     45600    -6226.11   -6221      5.10668     28       408      
 9768.74 164     45650    -6226.11   -6221      5.10668     28       408      
 9769.01 164     45700    -6226.11   -6221      5.10668     29       408      
 9773.35 165     45841    -6226.03   -6221      5.03379     27       409      
 9773.45 165     45842    -6226.03   -6221      5.03379     27       409      
 9773.58 165     45850    -6226.03   -6221      5.03379     27       409      
 9773.81 165     45900    -6226.03   -6221      5.03379     27       409      
 9774.04 165     45950    -6226.03   -6221      5.03379     27       409      
 9778.15 166     46119    -6225.96   -6221      4.96439     29       410      
 9778.25 166     46120    -6225.96   -6221      4.96439     28       410      
 9778.35 166     46121    -6225.96   -6221      4.96439     28       410      
 9778.52 166     46150    -6225.96   -6221      4.96439     28       410      
 9778.73 166     46200    -6225.96   -6221      4.96439     28       410      
 9781.03 166     46250    -6225.96   -6221      4.96439     29       411      
 9784.93 167     46397    -6225.89   -6221      4.89515     29       412      
 9785.03 167     46398    -6225.89   -6221      4.89515     29       412      
 9785.13 167     46400    -6225.89   -6221      4.89515     29       412      
 9785.35 167     46450    -6225.89   -6221      4.89515     29       412      
 9785.57 167     46500    -6225.89   -6221      4.89515     29       412      
 9786.53 168     46675    -6225.84   -6221      4.8396      29       412      
 9786.64 168     46676    -6225.84   -6221      4.8396      29       412      
 9786.75 168     46677    -6225.84   -6221      4.8396      29       412      
 9786.92 168     46700    -6225.84   -6221      4.8396      29       412      
 9787.15 168     46750    -6225.84   -6221      4.8396      29       412      
 9787.4  168     46800    -6225.84   -6221      4.8396      29       412      
 9788.27 169     46953    -6225.79   -6221      4.78995     30       412      
 9788.38 169     46954    -6225.79   -6221      4.78995     30       412      
 9788.49 169     46955    -6225.79   -6221      4.78995     30       412      
 9788.71 169     47000    -6225.79   -6221      4.78995     30       412      
 9788.95 169     47050    -6225.79   -6221      4.78995     30       412      
 9789.95 170     47231    -6225.74   -6221      4.73736     30       412      
 9790.06 170     47232    -6225.74   -6221      4.73736     30       412      
 9790.17 170     47233    -6225.74   -6221      4.73736     30       412      
 9790.33 170     47250    -6225.74   -6221      4.73736     30       412      
 9790.57 170     47300    -6225.74   -6221      4.73736     30       412      
 9790.81 170     47350    -6225.74   -6221      4.73736     30       412      
 9791.76 171     47509    -6225.69   -6221      4.69331     30       412      
 9791.87 171     47510    -6225.69   -6221      4.69331     30       412      
 9791.97 171     47511    -6225.69   -6221      4.69331     30       412      
 9792.19 171     47550    -6225.69   -6221      4.69331     30       412      
 9792.43 171     47600    -6225.69   -6221      4.69331     30       412      
 9803.94 172     47789    -6225.64   -6221      4.63912     29       415      
 9804.05 172     47790    -6225.64   -6221      4.63912     29       415      
 9804.14 172     47791    -6225.64   -6221      4.63912     29       415      
 9804.27 172     47800    -6225.64   -6221      4.63912     29       415      
 9804.49 172     47850    -6225.64   -6221      4.63912     29       415      
 9804.72 172     47900    -6225.64   -6221      4.63912     29       415      
 9813.34 173     48067    -6225.58   -6221      4.57671     28       418      
 9815.05 173     48068    -6225.58   -6221      4.57671     28       419      
 9815.16 173     48069    -6225.58   -6221      4.57671     28       419      
 9815.34 173     48100    -6225.58   -6221      4.57671     28       419      
 9815.56 173     48150    -6225.58   -6221      4.57671     28       419      
 9815.81 173     48200    -6225.58   -6221      4.57671     28       419      
 9816.69 174     48345    -6225.55   -6221.01   4.54507     28       419      
 9816.79 174     48346    -6225.55   -6221.01   4.54507     28       419      
 9816.91 174     48350    -6225.55   -6221.01   4.54507     28       419      
 9817.14 174     48400    -6225.55   -6221.01   4.54507     28       419      
 9817.37 174     48450    -6225.55   -6221.01   4.54507     28       419      
 9822.17 175     48623    -6225.47   -6221.01   4.45938     26       420      
 9822.27 175     48624    -6225.47   -6221.01   4.45938     26       420      
 9822.38 175     48625    -6225.47   -6221.01   4.45938     26       420      
 9822.54 175     48650    -6225.47   -6221.01   4.45938     26       420      
 9822.75 175     48700    -6225.47   -6221.01   4.45938     26       420      
 9823.01 175     48750    -6225.47   -6221.01   4.45938     26       420      
 9826.76 176     48901    -6225.39   -6221.01   4.37785     27       421      
 9826.85 176     48902    -6225.39   -6221.01   4.37785     27       421      
 9826.95 176     48903    -6225.39   -6221.01   4.37785     27       421      
 9827.17 176     48950    -6225.39   -6221.01   4.37785     27       421      
 9827.39 176     49000    -6225.39   -6221.01   4.37785     27       421      
 9832.27 177     49179    -6225.32   -6221.01   4.30797     27       423      
 9832.37 177     49180    -6225.32   -6221.01   4.30797     27       423      
 9832.47 177     49181    -6225.32   -6221.01   4.30797     27       423      
 9832.61 177     49200    -6225.32   -6221.01   4.30797     27       423      
 9832.83 177     49250    -6225.32   -6221.01   4.30797     27       423      
 9833.07 177     49300    -6225.32   -6221.01   4.30797     27       423      
 9833.95 178     49457    -6225.25   -6221.01   4.24394     26       423      
 9834.05 178     49458    -6225.25   -6221.01   4.24394     26       423      
 9834.15 178     49459    -6225.25   -6221.01   4.24394     26       423      
 9834.35 178     49500    -6225.25   -6221.01   4.24394     26       423      
 9834.57 178     49550    -6225.25   -6221.01   4.24394     26       423      
 9838.86 179     49735    -6225.19   -6221.01   4.18445     26       424      
 9838.96 179     49736    -6225.19   -6221.01   4.18445     26       424      
 9839.06 179     49737    -6225.19   -6221.01   4.18445     26       424      
 9839.19 179     49750    -6225.19   -6221.01   4.18445     26       424      
 9839.41 179     49800    -6225.19   -6221.01   4.18445     26       424      
 9839.63 179     49850    -6225.19   -6221.01   4.18445     26       424      
 9844.41 180     50013    -6225.13   -6221.01   4.12438     28       425      
 9844.51 180     50014    -6225.13   -6221.01   4.12438     28       425      
 9844.63 180     50015    -6225.13   -6221.01   4.12438     28       425      
 9844.82 180     50050    -6225.13   -6221.01   4.12438     28       425      
 9845.06 180     50100    -6225.13   -6221.01   4.12438     28       425      
 9845.34 180     50150    -6225.13   -6221.01   4.12438     28       425      
 9846.15 181     50291    -6225.08   -6221.01   4.07045     29       425      
 9846.25 181     50292    -6225.08   -6221.01   4.07045     29       425      
 9846.38 181     50300    -6225.08   -6221.01   4.07045     29       425      
 9846.65 181     50350    -6225.08   -6221.01   4.07045     29       425      
 9846.88 181     50400    -6225.08   -6221.01   4.07045     29       425      
 9847.81 182     50569    -6225.03   -6221.01   4.01945     28       425      
 9847.91 182     50570    -6225.03   -6221.01   4.01945     28       425      
 9848.02 182     50571    -6225.03   -6221.01   4.01945     28       425      
 9848.2  182     50600    -6225.03   -6221.01   4.01945     28       425      
 9848.43 182     50650    -6225.03   -6221.01   4.01945     28       425      
 9848.68 182     50700    -6225.03   -6221.01   4.01945     28       425      
 9853.22 183     50847    -6224.98   -6221.01   3.97278     28       426      
 9853.32 183     50848    -6224.98   -6221.01   3.97278     28       426      
 9853.44 183     50850    -6224.98   -6221.01   3.97278     28       426      
 9853.68 183     50900    -6224.98   -6221.01   3.97278     28       426      
 9853.91 183     50950    -6224.98   -6221.01   3.97278     28       426      
 9854.84 184     51125    -6224.93   -6221.01   3.92136     28       426      
 9854.95 184     51126    -6224.93   -6221.01   3.92136     28       426      
 9855.06 184     51127    -6224.93   -6221.01   3.92136     28       426      
 9855.22 184     51150    -6224.93   -6221.01   3.92136     28       426      
 9855.46 184     51200    -6224.93   -6221.01   3.92136     28       426      
 9855.71 184     51250    -6224.93   -6221.01   3.92136     28       426      
 9856.61 185     51403    -6224.88   -6221.01   3.87254     29       426      
 9856.73 185     51404    -6224.88   -6221.01   3.87254     29       426      
 9856.86 185     51405    -6224.88   -6221.01   3.87254     29       426      
 9857.1  185     51450    -6224.88   -6221.01   3.87254     29       426      
 9857.36 185     51500    -6224.88   -6221.01   3.87254     29       426      
 9858.43 186     51681    -6224.84   -6221.01   3.82719     29       426      
 9858.55 186     51682    -6224.84   -6221.01   3.82719     29       426      
 9858.67 186     51683    -6224.84   -6221.01   3.82719     29       426      
 9858.84 186     51700    -6224.84   -6221.01   3.82719     29       426      
 9859.08 186     51750    -6224.84   -6221.01   3.82719     29       426      
 9859.32 186     51800    -6224.84   -6221.01   3.82719     29       426      
 9860.25 187     51959    -6224.8    -6221.01   3.78906     28       426      
 9863.19 187     51960    -6224.8    -6221.01   3.78906     28       427      
 9865.49 187     51961    -6224.8    -6221.01   3.78906     28       428      
 9865.72 187     52000    -6224.8    -6221.01   3.78906     28       428      
 9865.96 187     52050    -6224.8    -6221.01   3.78906     28       428      
 9866.98 188     52237    -6224.76   -6221.01   3.74751     28       428      
 9867.08 188     52238    -6224.76   -6221.01   3.74751     28       428      
 9867.19 188     52239    -6224.76   -6221.01   3.74751     28       428      
 9867.33 188     52250    -6224.76   -6221.01   3.74751     28       428      
 9867.56 188     52300    -6224.76   -6221.01   3.74751     28       428      
 9867.81 188     52350    -6224.76   -6221.01   3.74751     28       428      
 9880.08 189     52515    -6224.69   -6221.01   3.68205     29       432      
 9880.18 189     52516    -6224.69   -6221.01   3.68205     29       432      
 9880.28 189     52517    -6224.69   -6221.01   3.68205     29       432      
 9880.46 189     52550    -6224.69   -6221.01   3.68205     29       432      
 9880.68 189     52600    -6224.69   -6221.01   3.68205     29       432      
 9882.87 189     52650    -6224.69   -6221.01   3.68205     29       433      
 9883.6  190     52793    -6224.64   -6221.01   3.6321      28       433      
 9883.7  190     52794    -6224.64   -6221.01   3.6321      28       433      
 9883.82 190     52800    -6224.64   -6221.01   3.6321      28       433      
 9884.03 190     52850    -6224.64   -6221.01   3.6321      28       433      
 9884.26 190     52900    -6224.64   -6221.01   3.6321      28       433      
 9887.64 191     53071    -6224.59   -6221.01   3.57914     29       434      
 9887.76 191     53072    -6224.59   -6221.01   3.57914     29       434      
 9887.87 191     53073    -6224.59   -6221.01   3.57914     29       434      
 9888.05 191     53100    -6224.59   -6221.01   3.57914     29       434      
 9888.27 191     53150    -6224.59   -6221.01   3.57914     29       434      
 9888.51 191     53200    -6224.59   -6221.01   3.57914     29       434      
 9894.94 192     53349    -6224.53   -6221.01   3.51962     29       436      
 9895.04 192     53350    -6224.53   -6221.01   3.51962     29       436      
 9895.15 192     53351    -6224.53   -6221.01   3.51962     29       436      
 9895.38 192     53400    -6224.53   -6221.01   3.51962     29       436      
 9895.6  192     53450    -6224.53   -6221.01   3.51962     29       436      
 9899.12 193     53625    -6224.48   -6221.01   3.46751     30       437      
 9899.22 193     53626    -6224.48   -6221.01   3.46751     30       437      
 9899.33 193     53627    -6224.48   -6221.01   3.46751     30       437      
 9899.5  193     53650    -6224.48   -6221.01   3.46751     30       437      
 9899.72 193     53700    -6224.48   -6221.01   3.46751     30       437      
 9899.96 193     53750    -6224.48   -6221.01   3.46751     30       437      
 9904.29 194     53903    -6224.43   -6221.01   3.41802     28       438      
 9904.4  194     53904    -6224.43   -6221.01   3.41802     28       438      
 9904.51 194     53905    -6224.43   -6221.01   3.41802     28       438      
 9904.72 194     53950    -6224.43   -6221.01   3.41802     28       438      
 9904.95 194     54000    -6224.43   -6221.01   3.41802     28       438      
 9905.9  195     54179    -6224.37   -6221.01   3.36346     29       438      
 9906.01 195     54180    -6224.37   -6221.01   3.36346     29       438      
 9906.11 195     54181    -6224.37   -6221.01   3.36346     29       438      
 9906.27 195     54200    -6224.37   -6221.01   3.36346     29       438      
 9906.49 195     54250    -6224.37   -6221.01   3.36346     29       438      
 9906.73 195     54300    -6224.37   -6221.01   3.36346     29       438      
 9913.42 196     54457    -6224.32   -6221.01   3.31046     28       440      
 9913.53 196     54458    -6224.32   -6221.01   3.31046     28       440      
 9913.63 196     54459    -6224.32   -6221.01   3.31046     28       440      
 9913.84 196     54500    -6224.32   -6221.01   3.31046     28       440      
 9914.07 196     54550    -6224.32   -6221.01   3.31046     28       440      
 9915.08 197     54735    -6224.27   -6221.01   3.26488     29       440      
 9915.19 197     54736    -6224.27   -6221.01   3.26488     29       440      
 9915.3  197     54737    -6224.27   -6221.01   3.26488     28       440      
 9915.43 197     54750    -6224.27   -6221.01   3.26488     29       440      
 9915.66 197     54800    -6224.27   -6221.01   3.26488     29       440      
 9915.89 197     54850    -6224.27   -6221.01   3.26488     29       440      
 9916.79 198     55013    -6224.23   -6221.01   3.22313     29       440      
 9916.89 198     55014    -6224.23   -6221.01   3.22313     29       440      
 9917    198     55015    -6224.23   -6221.01   3.22313     29       440      
 9917.2  198     55050    -6224.23   -6221.01   3.22313     29       440      
 9917.43 198     55100    -6224.23   -6221.01   3.22313     29       440      
 9917.7  198     55150    -6224.23   -6221.01   3.22313     29       440      
 9918.52 199     55291    -6224.19   -6221.01   3.1776      29       440      
 9918.63 199     55292    -6224.19   -6221.01   3.1776      29       440      
 9918.75 199     55300    -6224.19   -6221.01   3.1776      29       440      
 9918.98 199     55350    -6224.19   -6221.01   3.1776      29       440      
 9919.21 199     55400    -6224.19   -6221.01   3.1776      29       440      
 9920.17 200     55567    -6224.14   -6221.01   3.12581     29       440      
 9920.28 200     55568    -6224.14   -6221.01   3.12581     29       440      
 9920.39 200     55569    -6224.14   -6221.01   3.12581     29       440      
 9920.57 200     55600    -6224.14   -6221.01   3.12581     29       440      
 9920.8  200     55650    -6224.14   -6221.01   3.12581     29       440      
 9923.51 200     55700    -6224.14   -6221.01   3.12581     29       441      
 9928.27 201     55843    -6224.09   -6221.01   3.07562     29       442      
 9928.38 201     55844    -6224.09   -6221.01   3.07562     29       442      
 9928.51 201     55850    -6224.09   -6221.01   3.07562     29       442      
 9928.74 201     55900    -6224.09   -6221.01   3.07562     29       442      
 9928.97 201     55950    -6224.09   -6221.01   3.07562     29       442      
 9929.94 202     56119    -6224.03   -6221.01   3.02269     28       442      
 9930.05 202     56120    -6224.03   -6221.01   3.02269     28       442      
 9930.15 202     56121    -6224.03   -6221.01   3.02269     28       442      
 9930.33 202     56150    -6224.03   -6221.01   3.02269     28       442      
 9930.57 202     56200    -6224.03   -6221.01   3.02269     28       442      
 9930.82 202     56250    -6224.03   -6221.01   3.02269     28       442      
 9931.67 203     56395    -6223.98   -6221.01   2.97291     28       442      
 9931.78 203     56396    -6223.98   -6221.01   2.97291     28       442      
 9931.9  203     56400    -6223.98   -6221.01   2.97291     28       442      
 9932.13 203     56450    -6223.98   -6221.01   2.97291     28       442      
 9932.36 203     56500    -6223.98   -6221.01   2.97291     28       442      
 9936.05 204     56671    -6223.94   -6221.01   2.92859     29       443      
 9936.17 204     56672    -6223.94   -6221.01   2.92859     29       443      
 9936.28 204     56673    -6223.94   -6221.01   2.92859     29       443      
 9936.45 204     56700    -6223.94   -6221.01   2.92859     29       443      
 9936.67 204     56750    -6223.94   -6221.01   2.92859     29       443      
 9936.93 204     56800    -6223.94   -6221.01   2.92859     29       443      
 9937.83 205     56947    -6223.9    -6221.01   2.88748     30       443      
 9937.94 205     56948    -6223.9    -6221.01   2.88748     30       443      
 9938.05 205     56950    -6223.9    -6221.01   2.88748     30       443      
 9938.28 205     57000    -6223.9    -6221.01   2.88748     30       443      
 9938.51 205     57050    -6223.9    -6221.01   2.88748     30       443      
 9942.67 206     57223    -6223.86   -6221.01   2.84672     30       444      
 9942.78 206     57224    -6223.86   -6221.01   2.84672     30       444      
 9942.89 206     57225    -6223.86   -6221.01   2.84672     30       444      
 9943.06 206     57250    -6223.86   -6221.01   2.84672     30       444      
 9943.29 206     57300    -6223.86   -6221.01   2.84672     30       444      
 9943.54 206     57350    -6223.86   -6221.01   2.84672     30       444      
 9944.36 207     57499    -6223.82   -6221.01   2.8074      30       444      
 9944.47 207     57500    -6223.82   -6221.01   2.8074      30       444      
 9944.57 207     57501    -6223.82   -6221.01   2.8074      30       444      
 9944.8  207     57550    -6223.82   -6221.01   2.8074      30       444      
 9945.03 207     57600    -6223.82   -6221.01   2.8074      30       444      
 9953.49 208     57775    -6223.76   -6221.01   2.7548      31       447      
 9955.56 208     57776    -6223.76   -6221.01   2.7548      31       448      
 9955.68 208     57777    -6223.76   -6221.01   2.7548      31       448      
 9955.84 208     57800    -6223.76   -6221.01   2.7548      31       448      
 9956.06 208     57850    -6223.76   -6221.01   2.7548      31       448      
 9956.28 208     57900    -6223.76   -6221.01   2.7548      31       448      
 9963.19 209     58053    -6223.76   -6221.02   2.73915     32       450      
 9963.3  209     58054    -6223.76   -6221.02   2.73915     32       450      
 9963.41 209     58055    -6223.76   -6221.02   2.73915     32       450      
 9963.63 209     58100    -6223.76   -6221.02   2.73915     32       450      
 9963.86 209     58150    -6223.76   -6221.02   2.73915     32       450      
 9968.23 210     58329    -6223.72   -6221.02   2.69792     32       452      
 9970.72 210     58330    -6223.72   -6221.02   2.69792     32       453      
 9972.81 210     58331    -6223.72   -6221.02   2.69792     32       454      
 9972.99 210     58350    -6223.72   -6221.02   2.69792     32       454      
 9973.21 210     58400    -6223.72   -6221.02   2.69792     32       454      
 9973.45 210     58450    -6223.72   -6221.02   2.69792     32       454      
 9974.31 211     58605    -6223.68   -6221.02   2.66455     32       454      
 9974.41 211     58606    -6223.68   -6221.02   2.66455     32       454      
 9974.52 211     58607    -6223.68   -6221.02   2.66455     32       454      
 9974.73 211     58650    -6223.68   -6221.02   2.66455     32       454      
 9974.95 211     58700    -6223.68   -6221.02   2.66455     32       454      
 9975.9  212     58881    -6223.64   -6221.02   2.62737     32       454      
 9976.01 212     58882    -6223.64   -6221.02   2.62737     32       454      
 9976.13 212     58883    -6223.64   -6221.02   2.62737     31       454      
 9976.28 212     58900    -6223.64   -6221.02   2.62737     32       454      
 9976.52 212     58950    -6223.64   -6221.02   2.62737     32       454      
 9976.76 212     59000    -6223.64   -6221.02   2.62737     32       454      
 9977.62 213     59157    -6223.61   -6221.02   2.59195     31       454      
 9977.73 213     59158    -6223.61   -6221.02   2.59195     31       454      
 9977.83 213     59159    -6223.61   -6221.02   2.59195     31       454      
 9978.04 213     59200    -6223.61   -6221.02   2.59195     31       454      
 9978.27 213     59250    -6223.61   -6221.02   2.59195     31       454      
 9979.21 214     59433    -6223.57   -6221.02   2.55485     31       454      
 9979.32 214     59434    -6223.57   -6221.02   2.55485     31       454      
 9979.43 214     59435    -6223.57   -6221.02   2.55485     31       454      
 9979.57 214     59450    -6223.57   -6221.02   2.55485     31       454      
 9979.8  214     59500    -6223.57   -6221.02   2.55485     31       454      
 9980.03 214     59550    -6223.57   -6221.02   2.55485     31       454      
 9984.62 215     59709    -6223.54   -6221.02   2.5182      31       455      
 9984.73 215     59710    -6223.54   -6221.02   2.5182      31       455      
 9984.84 215     59711    -6223.54   -6221.02   2.5182      31       455      
 9985.04 215     59750    -6223.54   -6221.02   2.5182      31       455      
 9985.27 215     59800    -6223.54   -6221.02   2.5182      31       455      
 9986.28 216     59985    -6223.5    -6221.02   2.47879     32       455      
 9986.39 216     59986    -6223.5    -6221.02   2.47879     32       455      
 9986.49 216     59987    -6223.5    -6221.02   2.47879     32       455      
 9986.63 216     60000    -6223.5    -6221.02   2.47879     32       455      
 9986.92 216     60050    -6223.5    -6221.02   2.47879     32       455      
 9987.17 216     60100    -6223.5    -6221.02   2.47879     32       455      
 9988.13 217     60261    -6223.46   -6221.02   2.43786     32       455      
 9988.24 217     60262    -6223.46   -6221.02   2.43786     32       455      
 9988.35 217     60263    -6223.46   -6221.02   2.43786     32       455      
 9988.55 217     60300    -6223.46   -6221.02   2.43786     32       455      
 9988.79 217     60350    -6223.46   -6221.02   2.43786     32       455      
 9989.79 218     60537    -6223.42   -6221.02   2.40068     31       455      
 9989.89 218     60538    -6223.42   -6221.02   2.40068     31       455      
 9990    218     60539    -6223.42   -6221.02   2.40068     31       455      
 9990.14 218     60550    -6223.42   -6221.02   2.40068     31       455      
 9990.37 218     60600    -6223.42   -6221.02   2.40068     31       455      
 9990.6  218     60650    -6223.42   -6221.02   2.40068     31       455      
 9993.5  219     60813    -6223.38   -6221.02   2.36517     32       456      
 9993.61 219     60814    -6223.38   -6221.02   2.36517     32       456      
 9993.72 219     60815    -6223.38   -6221.02   2.36517     32       456      
 9993.91 219     60850    -6223.38   -6221.02   2.36517     32       456      
 9994.13 219     60900    -6223.38   -6221.02   2.36517     32       456      
 9994.42 219     60950    -6223.38   -6221.02   2.36517     32       456      
 9995.21 220     61089    -6223.34   -6221.02   2.32667     32       456      
 9995.31 220     61090    -6223.34   -6221.02   2.32667     32       456      
 9995.45 220     61100    -6223.34   -6221.02   2.32667     32       456      
 9995.67 220     61150    -6223.34   -6221.02   2.32667     32       456      
 9995.9  220     61200    -6223.34   -6221.02   2.32667     32       456      
 9996.77 221     61365    -6223.31   -6221.02   2.29223     32       456      
 9996.88 221     61366    -6223.31   -6221.02   2.29223     32       456      
 9996.99 221     61367    -6223.31   -6221.02   2.29223     32       456      
 9997.17 221     61400    -6223.31   -6221.02   2.29223     32       456      
 9997.39 221     61450    -6223.31   -6221.02   2.29223     32       456      
 9997.67 221     61500    -6223.31   -6221.02   2.29223     32       456      
 9998.47 222     61641    -6223.27   -6221.02   2.25566     33       456      
 9998.57 222     61642    -6223.27   -6221.02   2.25566     33       456      
 9998.7  222     61650    -6223.27   -6221.02   2.25566     33       456      
 9998.94 222     61700    -6223.27   -6221.02   2.25566     33       456      
 9999.17 222     61750    -6223.27   -6221.02   2.25566     33       456      
 10003.5 223     61917    -6223.24   -6221.02   2.22147     32       457      
-------------------------------------------------------------------------------

SARSOP finishing ...
  Preset timeout reached
  Timeout     : 10000.000000s
  Actual Time : 10003.540000s

-------------------------------------------------------------------------------
 Time   |#Trial |#Backup |LBound    |UBound    |Precision  |#Alphas |#Beliefs  
-------------------------------------------------------------------------------
 10003.5 223     61917    -6223.24   -6221.02   2.22147     32       457      
-------------------------------------------------------------------------------

Writing out policy ...
  output file : RAM4_small/3c57963970.policyx

