
Loading the model ...
  input file   : /home/rstudio/RAM4_small/3c5e6d6521.pomdpx
  loading time : 4.54s 

SARSOP initializing ...
  initialization time : 6858.98s

-------------------------------------------------------------------------------
 Time   |#Trial |#Backup |LBound    |UBound    |Precision  |#Alphas |#Beliefs  
-------------------------------------------------------------------------------
 6858.98 0       0        -2557.6    -165.147   2392.46     101      1        
 6861.69 0       50       -2551.65   -2541.71   9.94276     49       31       
 6862.28 1       105      -2547.24   -2541.71   5.53147     78       34       
 6863.62 1       150      -2547.24   -2541.71   5.53147     59       50       
 6865.14 2       249      -2546.04   -2541.71   4.33654     87       61       
 6865.16 2       250      -2546.04   -2541.71   4.33654     88       62       
 6865.65 2       300      -2546.04   -2541.71   4.33654     53       69       
 6866.03 3       383      -2544.56   -2541.71   2.84888     83       71       
 6866.1  3       400      -2544.56   -2541.71   2.84888     46       71       
 6866.21 3       450      -2544.56   -2541.71   2.84888     51       71       
 6866.6  4       561      -2544.21   -2541.71   2.50748     63       73       
 6866.61 4       562      -2544.21   -2541.71   2.50748     64       73       
 6866.7  4       600      -2544.21   -2541.71   2.50748     33       73       
 6866.95 4       650      -2544.21   -2541.71   2.50748     32       76       
 6867.29 5       743      -2543.99   -2541.71   2.28679     34       77       
 6867.31 5       750      -2543.99   -2541.71   2.28679     25       77       
 6867.4  5       800      -2543.99   -2541.71   2.28679     23       77       
 6867.89 6       921      -2543.85   -2541.71   2.14744     26       80       
 6867.91 6       922      -2543.85   -2541.71   2.14744     26       80       
 6867.96 6       950      -2543.85   -2541.71   2.14744     28       80       
 6868.05 6       1000     -2543.85   -2541.71   2.14744     29       80       
 6868.45 7       1095     -2543.75   -2541.71   2.04193     23       82       
 6868.47 7       1100     -2543.75   -2541.71   2.04193     19       82       
 6868.6  7       1150     -2543.75   -2541.71   2.04193     18       83       
 6869.09 8       1263     -2543.65   -2541.71   1.9472      19       86       
 6869.11 8       1264     -2543.65   -2541.71   1.9472      19       86       
 6869.2  8       1300     -2543.65   -2541.71   1.9472      14       86       
 6869.76 9       1427     -2543.57   -2541.71   1.85787     14       89       
 6869.78 9       1428     -2543.57   -2541.71   1.85787     15       89       
 6869.84 9       1450     -2543.57   -2541.71   1.85787     13       89       
 6869.92 9       1500     -2543.57   -2541.71   1.85787     13       89       
 6870.44 10      1587     -2543.48   -2541.71   1.77129     12       92       
 6871.01 10      1600     -2543.48   -2541.71   1.77129     8        99       
 6871.08 10      1650     -2543.48   -2541.71   1.77129     8        99       
 6871.65 11      1739     -2543.15   -2541.71   1.44508     7        102      
 6871.68 11      1750     -2543.15   -2541.71   1.44508     7        102      
 6871.75 11      1800     -2543.15   -2541.71   1.44508     7        102      
 6872    12      1917     -2543.08   -2541.71   1.36906     10       102      
 6872.02 12      1918     -2543.08   -2541.71   1.36906     10       102      
 6872.12 12      1950     -2543.08   -2541.71   1.36906     9        103      
 6872.2  12      2000     -2543.08   -2541.71   1.36906     10       103      
 6872.61 13      2095     -2543.01   -2541.71   1.3042      10       106      
 6872.69 13      2100     -2543.01   -2541.71   1.3042      9        107      
 6872.82 13      2150     -2543.01   -2541.71   1.3042      9        108      
 6873.38 14      2269     -2542.96   -2541.71   1.25113     11       111      
 6873.4  14      2270     -2542.96   -2541.71   1.25113     11       111      
 6873.52 14      2300     -2542.96   -2541.71   1.25113     11       112      
 6873.6  14      2350     -2542.96   -2541.71   1.25113     10       112      
 6874.12 15      2439     -2542.91   -2541.71   1.207       12       115      
 6874.16 15      2450     -2542.91   -2541.71   1.207       11       115      
 6874.25 15      2500     -2542.91   -2541.71   1.207       12       115      
 6874.86 16      2605     -2542.87   -2541.71   1.16771     12       118      
 6874.88 16      2606     -2542.87   -2541.71   1.16771     12       118      
 6875.27 16      2650     -2542.87   -2541.71   1.16771     11       121      
 6875.94 17      2767     -2542.84   -2541.71   1.13342     13       124      
 6875.97 17      2768     -2542.84   -2541.71   1.13342     13       124      
 6876.05 17      2800     -2542.84   -2541.71   1.13342     11       124      
 6876.8  18      2925     -2542.81   -2541.71   1.10313     12       127      
 6876.82 18      2926     -2542.81   -2541.71   1.10313     13       127      
 6876.9  18      2950     -2542.81   -2541.71   1.10313     12       127      
 6877.27 18      3000     -2542.81   -2541.71   1.10313     12       129      
 6877.85 19      3081     -2542.72   -2541.71   1.01287     10       132      
 6878.36 19      3100     -2542.72   -2541.71   1.01287     8        138      
 6878.46 19      3150     -2542.72   -2541.71   1.01287     8        138      
 6878.99 20      3241     -2542.52   -2541.71   0.812068    9        140      
 6879.02 20      3250     -2542.52   -2541.71   0.812068    8        140      
 6879.1  20      3300     -2542.52   -2541.71   0.812068    8        140      
 6879.57 21      3433     -2542.49   -2541.71   0.777752    10       143      
 6879.68 21      3434     -2542.49   -2541.71   0.777752    11       144      
 6880.13 21      3450     -2542.49   -2541.71   0.777752    11       149      
 6880.22 21      3500     -2542.49   -2541.71   0.777752    13       149      
 6880.87 22      3623     -2542.46   -2541.71   0.754181    12       152      
 6880.9  22      3624     -2542.46   -2541.71   0.754181    12       152      
 6880.96 22      3650     -2542.46   -2541.71   0.754181    10       152      
 6881.05 22      3700     -2542.46   -2541.71   0.754181    11       152      
 6881.97 23      3811     -2542.44   -2541.71   0.730869    12       157      
 6881.99 23      3812     -2542.44   -2541.71   0.730869    12       157      
 6882.08 23      3850     -2542.44   -2541.71   0.730869    12       157      
 6882.29 23      3900     -2542.44   -2541.71   0.730869    12       158      
 6883    24      3997     -2542.41   -2541.71   0.707589    10       161      
 6883.03 24      4000     -2542.41   -2541.71   0.707589    10       161      
 6883.28 24      4050     -2542.41   -2541.71   0.707589    11       163      
 6884.25 25      4181     -2542.38   -2541.71   0.670498    11       168      
 6884.28 25      4182     -2542.38   -2541.71   0.670498    11       168      
 6884.34 25      4200     -2542.38   -2541.71   0.670498    9        168      
 6884.43 25      4250     -2542.38   -2541.71   0.670498    11       168      
 6885.04 26      4365     -2542.36   -2541.71   0.651073    11       171      
 6885.08 26      4366     -2542.36   -2541.71   0.651073    11       171      
 6885.15 26      4400     -2542.36   -2541.71   0.651073    10       171      
 6885.24 26      4450     -2542.36   -2541.71   0.651073    11       171      
 6885.84 27      4547     -2542.34   -2541.71   0.633684    11       174      
 6885.88 27      4550     -2542.34   -2541.71   0.633684    10       174      
 6885.97 27      4600     -2542.34   -2541.71   0.633684    11       174      
 6886.67 28      4727     -2542.33   -2541.71   0.618126    14       177      
 6886.7  28      4728     -2542.33   -2541.71   0.618126    14       177      
 6886.77 28      4750     -2542.33   -2541.71   0.618126    13       177      
 6886.87 28      4800     -2542.33   -2541.71   0.618126    15       177      
 6887.65 29      4905     -2542.31   -2541.71   0.604983    12       180      
 6887.68 29      4906     -2542.31   -2541.71   0.604983    13       180      
 6887.79 29      4950     -2542.31   -2541.71   0.604983    12       180      
 6888.67 30      5081     -2542.28   -2541.71   0.569744    11       184      
 6888.71 30      5082     -2542.28   -2541.71   0.569744    11       184      
 6888.76 30      5100     -2542.28   -2541.71   0.569744    9        184      
 6888.85 30      5150     -2542.28   -2541.71   0.569744    9        184      
 6889.74 31      5261     -2542.26   -2541.71   0.554267    10       188      
 6889.77 31      5262     -2542.26   -2541.71   0.554267    11       188      
 6889.86 31      5300     -2542.26   -2541.71   0.554267    9        188      
 6891.22 32      5437     -2542.25   -2541.71   0.543008    11       194      
 6891.26 32      5438     -2542.25   -2541.71   0.543008    11       194      
 6891.32 32      5450     -2542.25   -2541.71   0.543008    10       194      
 6891.41 32      5500     -2542.25   -2541.71   0.543008    10       194      
 6892.48 33      5611     -2542.24   -2541.71   0.530733    10       198      
 6892.52 33      5612     -2542.24   -2541.71   0.530733    11       198      
 6892.61 33      5650     -2542.24   -2541.71   0.530733    11       198      
 6894.01 34      5783     -2542.23   -2541.71   0.52076     11       203      
 6894.05 34      5784     -2542.23   -2541.71   0.52076     12       203      
 6894.11 34      5800     -2542.23   -2541.71   0.52076     11       203      
 6894.23 34      5850     -2542.23   -2541.71   0.52076     12       203      
 6895.82 35      5953     -2542.21   -2541.71   0.50203     11       209      
 6895.86 35      5954     -2542.21   -2541.71   0.50203     11       209      
 6895.96 35      6000     -2542.21   -2541.71   0.50203     10       209      
 6897.1  36      6123     -2542.2    -2541.71   0.492116    12       213      
 6897.15 36      6124     -2542.2    -2541.71   0.492116    12       213      
 6897.23 36      6150     -2542.2    -2541.71   0.492116    11       213      
 6897.34 36      6200     -2542.2    -2541.71   0.492116    12       213      
 6898.65 37      6291     -2542.19   -2541.71   0.480677    14       218      
 6898.71 37      6300     -2542.19   -2541.71   0.480677    13       218      
 6898.81 37      6350     -2542.19   -2541.71   0.480677    13       218      
 6900.36 38      6457     -2542.18   -2541.71   0.468647    15       224      
 6900.48 38      6458     -2542.18   -2541.71   0.468647    13       225      
 6901.25 38      6500     -2542.18   -2541.71   0.468647    10       229      
 6902.23 39      6617     -2542.09   -2541.71   0.384818    9        232      
 6902.27 39      6618     -2542.09   -2541.71   0.384818    8        232      
 6902.59 39      6650     -2542.09   -2541.71   0.384818    8        235      
 6902.69 39      6700     -2542.09   -2541.71   0.384818    8        235      
 6903.54 40      6809     -2542.08   -2541.71   0.372034    9        239      
 6903.58 40      6810     -2542.08   -2541.71   0.372034    10       239      
 6903.67 40      6850     -2542.08   -2541.71   0.372034    9        239      
 6903.92 40      6900     -2542.08   -2541.71   0.372034    9        240      
 6904.7  41      7001     -2542.07   -2541.71   0.363268    10       244      
 6904.75 41      7002     -2542.07   -2541.71   0.363268    11       244      
 6905.46 41      7050     -2542.07   -2541.71   0.363268    13       248      
 6906.81 42      7191     -2542.06   -2541.71   0.353002    12       253      
 6906.86 42      7192     -2542.06   -2541.71   0.353002    12       253      
 6906.92 42      7200     -2542.06   -2541.71   0.353002    13       253      
 6907.03 42      7250     -2542.06   -2541.71   0.353002    13       253      
 6908.22 43      7379     -2542.05   -2541.71   0.346772    14       257      
 6908.26 43      7380     -2542.05   -2541.71   0.346772    14       257      
 6908.34 43      7400     -2542.05   -2541.71   0.346772    14       257      
 6908.46 43      7450     -2542.05   -2541.71   0.346772    14       257      
 6910.34 44      7565     -2542.05   -2541.71   0.339677    15       264      
 6910.39 44      7566     -2542.05   -2541.71   0.339677    16       264      
 6910.5  44      7600     -2542.05   -2541.71   0.339677    14       264      
 6910.62 44      7650     -2542.05   -2541.71   0.339677    14       264      
 6911.97 45      7749     -2542.04   -2541.71   0.333799    14       268      
 6912.02 45      7750     -2542.04   -2541.71   0.333799    15       268      
 6913.9  45      7800     -2542.04   -2541.71   0.333799    16       275      
 6916.56 46      7933     -2542.03   -2541.71   0.326957    15       282      
 6916.62 46      7934     -2542.03   -2541.71   0.326957    16       282      
 6916.72 46      7950     -2542.03   -2541.71   0.326957    15       282      
 6916.84 46      8000     -2542.03   -2541.71   0.326957    15       282      
 6917.53 47      8113     -2542.03   -2541.71   0.321677    16       283      
 6917.59 47      8114     -2542.03   -2541.71   0.321677    17       283      
 6917.71 47      8150     -2542.03   -2541.71   0.321677    17       283      
 6918.77 47      8200     -2542.03   -2541.71   0.321677    18       286      
 6919.68 48      8293     -2542.02   -2541.71   0.312817    12       288      
 6919.76 48      8300     -2542.02   -2541.71   0.312817    12       288      
 6919.89 48      8350     -2542.02   -2541.71   0.312817    12       288      
 6921.01 49      8471     -2542.01   -2541.71   0.30644     11       291      
 6921.07 49      8472     -2542.01   -2541.71   0.30644     12       291      
 6922.15 49      8500     -2542.01   -2541.71   0.30644     12       295      
 6922.28 49      8550     -2542.01   -2541.71   0.30644     12       295      
 6926.04 50      8649     -2542.01   -2541.71   0.29999     11       304      
 6926.11 50      8650     -2542.01   -2541.71   0.29999     12       304      
 6926.26 50      8700     -2542.01   -2541.71   0.29999     11       304      
 6926.66 51      8823     -2542      -2541.71   0.295192    13       304      
 6926.72 51      8824     -2542      -2541.71   0.295192    14       304      
 6926.83 51      8850     -2542      -2541.71   0.295192    14       304      
 6926.97 51      8900     -2542      -2541.71   0.295192    15       304      
 6928.94 52      8997     -2542      -2541.71   0.290555    14       309      
 6929.01 52      9000     -2542      -2541.71   0.290555    14       309      
 6929.16 52      9050     -2542      -2541.71   0.290555    14       309      
 6931.93 53      9169     -2541.99   -2541.71   0.285595    15       315      
 6931.99 53      9170     -2541.99   -2541.71   0.285595    16       315      
 6932.11 53      9200     -2541.99   -2541.71   0.285595    14       315      
 6933.75 53      9250     -2541.99   -2541.71   0.285595    15       319      
 6935.32 54      9339     -2541.99   -2541.71   0.281462    14       322      
 6935.42 54      9350     -2541.99   -2541.71   0.281462    15       322      
 6935.55 54      9400     -2541.99   -2541.71   0.281462    15       322      
 6937.54 55      9507     -2541.98   -2541.71   0.276938    18       326      
 6937.61 55      9508     -2541.98   -2541.71   0.276938    19       326      
 6937.76 55      9550     -2541.98   -2541.71   0.276938    17       326      
 6938.15 56      9673     -2541.98   -2541.71   0.273334    16       326      
 6938.22 56      9674     -2541.98   -2541.71   0.273334    16       326      
 6938.33 56      9700     -2541.98   -2541.71   0.273334    17       326      
 6940.25 56      9750     -2541.98   -2541.71   0.273334    17       330      
 6942.41 57      9837     -2541.98   -2541.71   0.270415    18       334      
 6942.52 57      9850     -2541.98   -2541.71   0.270415    20       334      
 6942.67 57      9900     -2541.98   -2541.71   0.270415    20       334      
 6947.54 58      10001    -2541.97   -2541.71   0.264338    12       344      
 6947.62 58      10002    -2541.97   -2541.71   0.264338    13       344      
 6947.78 58      10050    -2541.97   -2541.71   0.264338    12       344      
 6949.07 59      10163    -2541.97   -2541.71   0.26022     15       346      
 6949.47 59      10164    -2541.97   -2541.71   0.26022     14       347      
 6950.55 59      10200    -2541.97   -2541.71   0.26022     13       350      
 6952.88 60      10323    -2541.93   -2541.71   0.224619    12       355      
 6952.94 60      10324    -2541.93   -2541.71   0.224619    12       355      
 6953.17 60      10350    -2541.93   -2541.71   0.224619    10       356      
 6953.31 60      10400    -2541.93   -2541.71   0.224619    10       356      
 6954.71 61      10505    -2541.93   -2541.71   0.218436    11       360      
 6954.78 61      10506    -2541.93   -2541.71   0.218436    12       360      
 6954.92 61      10550    -2541.93   -2541.71   0.218436    12       360      
 6957.09 62      10687    -2541.92   -2541.71   0.214717    12       366      
 6957.16 62      10688    -2541.92   -2541.71   0.214717    13       366      
 6957.25 62      10700    -2541.92   -2541.71   0.214717    13       366      
 6957.39 62      10750    -2541.92   -2541.71   0.214717    13       366      
 6959.44 63      10867    -2541.92   -2541.71   0.210882    13       371      
 6959.51 63      10868    -2541.92   -2541.71   0.210882    14       371      
 6959.64 63      10900    -2541.92   -2541.71   0.210882    13       371      
 6959.78 63      10950    -2541.92   -2541.71   0.210882    13       371      
 6961.1  64      11047    -2541.92   -2541.71   0.20796     13       374      
 6961.17 64      11050    -2541.92   -2541.71   0.20796     14       374      
 6961.33 64      11100    -2541.92   -2541.71   0.20796     14       374      
 6961.87 65      11223    -2541.91   -2541.71   0.204568    14       375      
 6961.94 65      11224    -2541.91   -2541.71   0.204568    15       375      
 6962.06 65      11250    -2541.91   -2541.71   0.204568    14       375      
 6962.21 65      11300    -2541.91   -2541.71   0.204568    14       375      
 6963.92 66      11399    -2541.91   -2541.71   0.201972    16       379      
 6963.99 66      11400    -2541.91   -2541.71   0.201972    17       379      
 6964.16 66      11450    -2541.91   -2541.71   0.201972    16       379      
 6965.64 67      11573    -2541.91   -2541.71   0.199045    14       382      
 6966.1  67      11574    -2541.91   -2541.71   0.199045    15       383      
 6968.43 67      11600    -2541.91   -2541.71   0.199045    16       389      
 6968.59 67      11650    -2541.91   -2541.71   0.199045    16       389      
 6970.28 68      11745    -2541.9    -2541.71   0.197262    17       392      
 6972.54 68      11750    -2541.9    -2541.71   0.197262    16       397      
 6973.32 68      11800    -2541.9    -2541.71   0.197262    16       399      
 6977.68 69      11917    -2541.9    -2541.71   0.192356    13       407      
 6977.77 69      11918    -2541.9    -2541.71   0.192356    14       407      
 6977.92 69      11950    -2541.9    -2541.71   0.192356    14       407      
 6980.01 69      12000    -2541.9    -2541.71   0.192356    15       412      
 6980.79 70      12087    -2541.9    -2541.71   0.190097    17       413      
 6980.9  70      12100    -2541.9    -2541.71   0.190097    16       413      
 6981.06 70      12150    -2541.9    -2541.71   0.190097    16       413      
 6981.83 71      12257    -2541.89   -2541.71   0.185663    13       414      
 6981.91 71      12258    -2541.89   -2541.71   0.185663    14       414      
 6982.21 71      12300    -2541.89   -2541.71   0.185663    14       415      
 6985.26 72      12425    -2541.89   -2541.71   0.183083    15       421      
 6985.35 72      12426    -2541.89   -2541.71   0.183083    16       421      
 6985.48 72      12450    -2541.89   -2541.71   0.183083    15       421      
 6985.64 72      12500    -2541.89   -2541.71   0.183083    16       421      
 6988.27 73      12591    -2541.89   -2541.71   0.180241    16       426      
 6988.38 73      12600    -2541.89   -2541.71   0.180241    16       426      
 6988.54 73      12650    -2541.89   -2541.71   0.180241    16       426      
 6989.37 74      12755    -2541.89   -2541.71   0.178353    16       427      
 6989.46 74      12756    -2541.89   -2541.71   0.178353    17       427      
 6989.63 74      12800    -2541.89   -2541.71   0.178353    17       427      
 6993.06 75      12919    -2541.88   -2541.71   0.173325    14       433      
 6993.15 75      12920    -2541.88   -2541.71   0.173325    15       433      
 6993.3  75      12950    -2541.88   -2541.71   0.173325    14       433      
 6995.36 75      13000    -2541.88   -2541.71   0.173325    13       437      
 6995.68 76      13083    -2541.88   -2541.71   0.171149    14       437      
 6995.82 76      13100    -2541.88   -2541.71   0.171149    15       437      
 6995.98 76      13150    -2541.88   -2541.71   0.171149    15       437      
 6998.46 77      13245    -2541.88   -2541.71   0.168876    17       442      
 6998.56 77      13250    -2541.88   -2541.71   0.168876    16       442      
 6998.74 77      13300    -2541.88   -2541.71   0.168876    16       442      
 7001.21 78      13405    -2541.87   -2541.71   0.166905    19       446      
 7001.3  78      13406    -2541.87   -2541.71   0.166905    19       446      
 7001.48 78      13450    -2541.87   -2541.71   0.166905    18       446      
 7004.48 79      13563    -2541.87   -2541.71   0.164971    16       451      
 7004.67 79      13564    -2541.87   -2541.71   0.164971    14       452      
 7006.08 79      13600    -2541.87   -2541.71   0.164971    15       457      
 7008.52 80      13721    -2541.84   -2541.71   0.133737    12       463      
 7008.6  80      13722    -2541.84   -2541.71   0.133737    12       463      
 7008.74 80      13750    -2541.84   -2541.71   0.133737    12       463      
 7008.9  80      13800    -2541.84   -2541.71   0.133737    12       463      
 7011.18 81      13915    -2541.84   -2541.71   0.13135     15       469      
 7011.26 81      13916    -2541.84   -2541.71   0.13135     15       469      
 7011.41 81      13950    -2541.84   -2541.71   0.13135     14       469      
 7011.57 81      14000    -2541.84   -2541.71   0.13135     14       469      
 7013.99 82      14111    -2541.84   -2541.71   0.129451    16       475      
 7014.07 82      14112    -2541.84   -2541.71   0.129451    16       475      
 7014.23 82      14150    -2541.84   -2541.71   0.129451    15       475      
 7014.41 82      14200    -2541.84   -2541.71   0.129451    15       475      
 7016.1  83      14305    -2541.83   -2541.71   0.126691    14       479      
 7016.19 83      14306    -2541.83   -2541.71   0.126691    15       479      
 7016.36 83      14350    -2541.83   -2541.71   0.126691    16       479      
 7018.8  83      14400    -2541.83   -2541.71   0.126691    17       486      
 7019.51 84      14499    -2541.83   -2541.71   0.124819    17       487      
 7019.6  84      14500    -2541.83   -2541.71   0.124819    17       487      
 7019.79 84      14550    -2541.83   -2541.71   0.124819    16       487      
 7023.2  85      14691    -2541.83   -2541.71   0.122198    18       495      
 7023.3  85      14692    -2541.83   -2541.71   0.122198    19       495      
 7023.41 85      14700    -2541.83   -2541.71   0.122198    19       495      
 7023.59 85      14750    -2541.83   -2541.71   0.122198    19       495      
 7026.55 86      14881    -2541.83   -2541.71   0.120756    19       501      
 7026.65 86      14882    -2541.83   -2541.71   0.120756    19       501      
 7026.79 86      14900    -2541.83   -2541.71   0.120756    19       501      
 7026.97 86      14950    -2541.83   -2541.71   0.120756    19       501      
 7029.46 87      15069    -2541.83   -2541.71   0.118878    17       506      
 7029.56 87      15070    -2541.83   -2541.71   0.118878    18       506      
 7029.73 87      15100    -2541.83   -2541.71   0.118878    18       506      
 7029.92 87      15150    -2541.83   -2541.71   0.118878    18       506      
 7032.64 88      15255    -2541.83   -2541.71   0.117598    19       512      
 7032.75 88      15256    -2541.83   -2541.71   0.117598    19       512      
 7032.93 88      15300    -2541.83   -2541.71   0.117598    18       512      
 7036.51 89      15439    -2541.82   -2541.71   0.115954    19       519      
 7036.62 89      15440    -2541.82   -2541.71   0.115954    20       519      
 7036.75 89      15450    -2541.82   -2541.71   0.115954    21       519      
 7036.95 89      15500    -2541.82   -2541.71   0.115954    21       519      
 7039.79 90      15623    -2541.82   -2541.71   0.114406    19       524      
 7039.89 90      15624    -2541.82   -2541.71   0.114406    19       524      
 7040.06 90      15650    -2541.82   -2541.71   0.114406    19       524      
 7040.27 90      15700    -2541.82   -2541.71   0.114406    19       524      
 7044.28 91      15807    -2541.82   -2541.71   0.112723    19       531      
 7044.39 91      15808    -2541.82   -2541.71   0.112723    20       531      
 7044.59 91      15850    -2541.82   -2541.71   0.112723    20       531      
 7046.63 92      15991    -2541.82   -2541.71   0.110841    17       534      
 7046.73 92      15992    -2541.82   -2541.71   0.110841    17       534      
 7046.86 92      16000    -2541.82   -2541.71   0.110841    17       534      
 7047.06 92      16050    -2541.82   -2541.71   0.110841    17       534      
 7054.01 93      16173    -2541.82   -2541.71   0.109191    17       546      
 7054.13 93      16174    -2541.82   -2541.71   0.109191    18       546      
 7054.3  93      16200    -2541.82   -2541.71   0.109191    19       546      
 7054.53 93      16250    -2541.82   -2541.71   0.109191    20       546      
 7059.2  94      16353    -2541.82   -2541.71   0.108251    19       554      
 7059.32 94      16354    -2541.82   -2541.71   0.108251    19       554      
 7059.53 94      16400    -2541.82   -2541.71   0.108251    19       554      
 7062.27 95      16531    -2541.81   -2541.71   0.106829    20       558      
 7062.39 95      16532    -2541.81   -2541.71   0.106829    20       558      
 7062.56 95      16550    -2541.81   -2541.71   0.106829    20       558      
 7062.77 95      16600    -2541.81   -2541.71   0.106829    20       558      
 7066.94 96      16709    -2541.81   -2541.71   0.105933    22       564      
 7067.07 96      16710    -2541.81   -2541.71   0.105933    22       564      
 7067.28 96      16750    -2541.81   -2541.71   0.105933    22       564      
 7070.25 97      16885    -2541.81   -2541.71   0.105233    22       568      
 7070.37 97      16886    -2541.81   -2541.71   0.105233    22       568      
 7071.85 97      16900    -2541.81   -2541.71   0.105233    22       571      
 7072.07 97      16950    -2541.81   -2541.71   0.105233    22       571      
 7075.86 98      17061    -2541.81   -2541.71   0.104624    21       576      
 7075.99 98      17062    -2541.81   -2541.71   0.104624    21       576      
 7076.19 98      17100    -2541.81   -2541.71   0.104624    20       576      
 7079.81 99      17237    -2541.81   -2541.71   0.102678    15       581      
 7079.93 99      17238    -2541.81   -2541.71   0.102678    14       581      
 7080.1  99      17250    -2541.81   -2541.71   0.102678    15       581      
 7080.33 99      17300    -2541.81   -2541.71   0.102678    16       581      
 7087.65 100     17413    -2541.81   -2541.71   0.10172     17       591      
 7087.78 100     17414    -2541.81   -2541.71   0.10172     17       591      
 7087.98 100     17450    -2541.81   -2541.71   0.10172     17       591      
 7091    101     17500    -2541.81   -2541.71   0.10172     17       595      
 7091.44 101     17587    -2541.81   -2541.71   0.100611    17       595      
 7091.6  101     17600    -2541.81   -2541.71   0.100611    17       595      
 7091.83 101     17650    -2541.81   -2541.71   0.100611    17       595      
 7094.32 102     17761    -2541.81   -2541.71   0.0999737   18       598      
 7094.45 102     17762    -2541.81   -2541.71   0.0999737   18       598      
 7094.67 102     17800    -2541.81   -2541.71   0.0999737   17       598      
 7100.15 103     17933    -2541.81   -2541.71   0.0990702   19       605      
 7100.28 103     17934    -2541.81   -2541.71   0.0990702   20       605      
 7100.45 103     17950    -2541.81   -2541.71   0.0990702   20       605      
 7100.68 103     18000    -2541.81   -2541.71   0.0990702   20       605      
 7105.04 104     18107    -2541.81   -2541.71   0.0977304   17       611      
 7105.17 104     18108    -2541.81   -2541.71   0.0977304   17       611      
 7105.39 104     18150    -2541.81   -2541.71   0.0977304   17       611      
 7117.6  105     18279    -2541.8    -2541.71   0.0964701   15       628      
 7117.74 105     18280    -2541.8    -2541.71   0.0964701   16       628      
 7117.93 105     18300    -2541.8    -2541.71   0.0964701   16       628      
 7118.17 105     18350    -2541.8    -2541.71   0.0964701   16       628      
 7121.83 106     18449    -2541.8    -2541.71   0.0957834   19       632      
 7121.97 106     18450    -2541.8    -2541.71   0.0957834   19       632      
 7122.69 106     18500    -2541.8    -2541.71   0.0957834   19       633      
 7127.77 107     18619    -2541.8    -2541.71   0.0944852   20       639      
 7127.92 107     18620    -2541.8    -2541.71   0.0944852   20       639      
 7128.13 107     18650    -2541.8    -2541.71   0.0944852   19       639      
 7130.89 107     18700    -2541.8    -2541.71   0.0944852   20       642      
 7132.98 108     18787    -2541.8    -2541.71   0.0937602   21       644      
 7133.18 108     18800    -2541.8    -2541.71   0.0937602   22       644      
 7133.45 108     18850    -2541.8    -2541.71   0.0937602   23       644      
 7139.82 109     18953    -2541.8    -2541.71   0.0931584   23       651      
 7139.97 109     18954    -2541.8    -2541.71   0.0931584   23       651      
 7140.22 109     19000    -2541.8    -2541.71   0.0931584   22       651      
 7148.02 110     19123    -2541.8    -2541.71   0.0923263   20       660      
 7148.17 110     19124    -2541.8    -2541.71   0.0923263   19       660      
 7148.38 110     19150    -2541.8    -2541.71   0.0923263   18       660      
 7152.92 110     19200    -2541.8    -2541.71   0.0923263   19       665      
 7157.99 111     19289    -2541.8    -2541.71   0.0913582   20       670      
 7162.6  111     19300    -2541.8    -2541.71   0.0913582   18       677      
 7162.85 111     19350    -2541.8    -2541.71   0.0913582   18       677      
 7173.45 112     19451    -2541.79   -2541.71   0.0803738   16       689      
 7173.58 112     19452    -2541.79   -2541.71   0.0803738   16       689      
 7173.81 112     19500    -2541.79   -2541.71   0.0803738   16       689      
 7177.23 113     19637    -2541.79   -2541.71   0.0794836   16       694      
 7177.37 113     19638    -2541.79   -2541.71   0.0794836   17       694      
 7177.53 113     19650    -2541.79   -2541.71   0.0794836   17       694      
 7177.76 113     19700    -2541.79   -2541.71   0.0794836   17       694      
 7182.77 114     19821    -2541.79   -2541.71   0.0790549   18       701      
 7182.9  114     19822    -2541.79   -2541.71   0.0790549   18       701      
 7183.1  114     19850    -2541.79   -2541.71   0.0790549   18       701      
 7183.33 114     19900    -2541.79   -2541.71   0.0790549   18       701      
 7189.06 115     20007    -2541.79   -2541.71   0.0781984   17       709      
 7189.2  115     20008    -2541.79   -2541.71   0.0781984   17       709      
 7189.42 115     20050    -2541.79   -2541.71   0.0781984   17       709      
 7194.58 116     20191    -2541.79   -2541.71   0.0776132   15       716      
 7194.72 116     20192    -2541.79   -2541.71   0.0776132   15       716      
 7194.87 116     20200    -2541.79   -2541.71   0.0776132   15       716      
 7195.1  116     20250    -2541.79   -2541.71   0.0776132   15       716      
 7200.81 117     20373    -2541.78   -2541.71   0.0768421   17       723      
 7200.95 117     20374    -2541.78   -2541.71   0.0768421   17       723      
 7201.14 117     20400    -2541.78   -2541.71   0.0768421   15       723      
 7201.37 117     20450    -2541.78   -2541.71   0.0768421   15       723      
 7205.32 118     20555    -2541.78   -2541.71   0.0764263   17       728      
 7205.47 118     20556    -2541.78   -2541.71   0.0764263   17       728      
 7205.7  118     20600    -2541.78   -2541.71   0.0764263   17       728      
 7212.69 119     20735    -2541.78   -2541.71   0.0757265   17       736      
 7212.84 119     20736    -2541.78   -2541.71   0.0757265   17       736      
 7213.02 119     20750    -2541.78   -2541.71   0.0757265   16       736      
 7213.26 119     20800    -2541.78   -2541.71   0.0757265   16       736      
 7218.03 120     20915    -2541.78   -2541.71   0.0753005   16       741      
 7218.18 120     20916    -2541.78   -2541.71   0.0753005   16       741      
 7218.4  120     20950    -2541.78   -2541.71   0.0753005   17       741      
 7222.24 120     21000    -2541.78   -2541.71   0.0753005   16       745      
 7226.23 121     21095    -2541.78   -2541.71   0.0747208   17       749      
 7226.4  121     21100    -2541.78   -2541.71   0.0747208   18       749      
 7226.65 121     21150    -2541.78   -2541.71   0.0747208   17       749      
 7231.8  122     21273    -2541.78   -2541.71   0.0744497   19       754      
 7231.96 122     21274    -2541.78   -2541.71   0.0744497   19       754      
 7232.19 122     21300    -2541.78   -2541.71   0.0744497   21       754      
 7232.45 122     21350    -2541.78   -2541.71   0.0744497   22       754      
 7237.73 123     21451    -2541.78   -2541.71   0.0738539   17       759      
 7237.88 123     21452    -2541.78   -2541.71   0.0738539   18       759      
 7238.14 123     21500    -2541.78   -2541.71   0.0738539   18       759      
 7247.3  124     21629    -2541.78   -2541.71   0.0728219   17       768      
 7247.46 124     21630    -2541.78   -2541.71   0.0728219   17       768      
 7247.67 124     21650    -2541.78   -2541.71   0.0728219   18       768      
 7247.93 124     21700    -2541.78   -2541.71   0.0728219   18       768      
 7257.26 125     21807    -2541.78   -2541.71   0.0719422   14       778      
 7257.42 125     21808    -2541.78   -2541.71   0.0719422   15       778      
 7257.69 125     21850    -2541.78   -2541.71   0.0719422   16       778      
 7267.69 126     21983    -2541.78   -2541.71   0.0715256   18       788      
 7267.85 126     21984    -2541.78   -2541.71   0.0715256   18       788      
 7268.06 126     22000    -2541.78   -2541.71   0.0715256   18       788      
 7268.33 126     22050    -2541.78   -2541.71   0.0715256   19       788      
 7272.73 127     22159    -2541.78   -2541.71   0.0709069   17       792      
 7272.9  127     22160    -2541.78   -2541.71   0.0709069   17       792      
 7273.16 127     22200    -2541.78   -2541.71   0.0709069   17       792      
 7275.12 128     22333    -2541.78   -2541.71   0.0706201   20       794      
 7275.28 128     22334    -2541.78   -2541.71   0.0706201   20       794      
 7275.5  128     22350    -2541.78   -2541.71   0.0706201   20       794      
 7275.78 128     22400    -2541.78   -2541.71   0.0706201   20       794      
 7282.34 129     22509    -2541.78   -2541.71   0.0699113   18       800      
 7282.51 129     22510    -2541.78   -2541.71   0.0699113   19       800      
 7282.78 129     22550    -2541.78   -2541.71   0.0699113   19       800      
 7290.57 130     22683    -2541.78   -2541.71   0.0695116   19       807      
 7290.74 130     22684    -2541.78   -2541.71   0.0695116   19       807      
 7290.96 130     22700    -2541.78   -2541.71   0.0695116   20       807      
 7291.24 130     22750    -2541.78   -2541.71   0.0695116   20       807      
 7296.73 131     22857    -2541.78   -2541.71   0.0689517   19       812      
 7296.91 131     22858    -2541.78   -2541.71   0.0689517   19       812      
 7297.17 131     22900    -2541.78   -2541.71   0.0689517   19       812      
 7306.2  132     23031    -2541.78   -2541.71   0.068532    19       820      
 7306.38 132     23032    -2541.78   -2541.71   0.068532    19       820      
 7306.6  132     23050    -2541.78   -2541.71   0.068532    19       820      
 7306.9  132     23100    -2541.78   -2541.71   0.068532    21       820      
 7308.6  133     23201    -2541.78   -2541.71   0.0680778   21       821      
 7308.78 133     23202    -2541.78   -2541.71   0.0680778   21       821      
 7309.08 133     23250    -2541.78   -2541.71   0.0680778   21       821      
 7318.47 134     23371    -2541.78   -2541.71   0.0677791   21       829      
 7318.66 134     23372    -2541.78   -2541.71   0.0677791   21       829      
 7318.91 134     23400    -2541.78   -2541.71   0.0677791   20       829      
 7320.33 134     23450    -2541.78   -2541.71   0.0677791   20       830      
 7326.29 135     23541    -2541.77   -2541.71   0.0672517   20       835      
 7326.52 135     23550    -2541.77   -2541.71   0.0672517   21       835      
 7326.84 135     23600    -2541.77   -2541.71   0.0672517   22       835      
 7335.61 136     23709    -2541.77   -2541.71   0.0669308   20       842      
 7335.8  136     23710    -2541.77   -2541.71   0.0669308   20       842      
 7336.08 136     23750    -2541.77   -2541.71   0.0669308   20       842      
 7343.15 137     23877    -2541.77   -2541.71   0.0665638   24       848      
 7343.35 137     23878    -2541.77   -2541.71   0.0665638   24       848      
 7343.62 137     23900    -2541.77   -2541.71   0.0665638   23       848      
 7343.93 137     23950    -2541.77   -2541.71   0.0665638   23       848      
 7353.2  138     24045    -2541.77   -2541.71   0.066273    22       855      
 7353.41 138     24050    -2541.77   -2541.71   0.066273    21       855      
 7353.74 138     24100    -2541.77   -2541.71   0.066273    21       855      
 7361.84 139     24213    -2541.77   -2541.71   0.0659142   23       861      
 7362.04 139     24214    -2541.77   -2541.71   0.0659142   23       861      
 7362.32 139     24250    -2541.77   -2541.71   0.0659142   23       861      
 7368.28 140     24379    -2541.77   -2541.71   0.0657131   27       865      
 7368.48 140     24380    -2541.77   -2541.71   0.0657131   27       865      
 7368.75 140     24400    -2541.77   -2541.71   0.0657131   25       865      
 7369.09 140     24450    -2541.77   -2541.71   0.0657131   25       865      
 7377.42 141     24545    -2541.77   -2541.71   0.0652936   23       871      
 7377.65 141     24550    -2541.77   -2541.71   0.0652936   22       871      
 7378.34 141     24600    -2541.77   -2541.71   0.0652936   23       872      
 7384.25 142     24711    -2541.77   -2541.71   0.0649462   22       876      
 7384.45 142     24712    -2541.77   -2541.71   0.0649462   22       876      
 7384.77 142     24750    -2541.77   -2541.71   0.0649462   22       876      
 7390.75 143     24875    -2541.77   -2541.71   0.0646082   23       880      
 7390.96 143     24876    -2541.77   -2541.71   0.0646082   22       880      
 7391.24 143     24900    -2541.77   -2541.71   0.0646082   22       880      
 7391.57 143     24950    -2541.77   -2541.71   0.0646082   22       880      
 7397.37 144     25039    -2541.77   -2541.71   0.0644347   23       884      
 7397.61 144     25050    -2541.77   -2541.71   0.0644347   23       884      
 7397.94 144     25100    -2541.77   -2541.71   0.0644347   23       884      
 7406.54 145     25203    -2541.77   -2541.71   0.0641084   21       890      
 7406.74 145     25204    -2541.77   -2541.71   0.0641084   21       890      
 7407.09 145     25250    -2541.77   -2541.71   0.0641084   21       890      
 7420.92 146     25367    -2541.77   -2541.71   0.0636067   24       900      
 7421.14 146     25368    -2541.77   -2541.71   0.0636067   24       900      
 7421.47 146     25400    -2541.77   -2541.71   0.0636067   25       900      
 7430.63 147     25531    -2541.77   -2541.71   0.0633592   23       906      
 7430.84 147     25532    -2541.77   -2541.71   0.0633592   23       906      
 7431.13 147     25550    -2541.77   -2541.71   0.0633592   24       906      
 7431.48 147     25600    -2541.77   -2541.71   0.0633592   24       906      
 7442.41 148     25693    -2541.77   -2541.71   0.063191    26       913      
 7442.67 148     25700    -2541.77   -2541.71   0.063191    25       913      
 7443.08 148     25750    -2541.77   -2541.71   0.063191    25       913      
 7448.38 149     25855    -2541.77   -2541.71   0.0630266   25       916      
 7448.61 149     25856    -2541.77   -2541.71   0.0630266   25       916      
 7448.94 149     25900    -2541.77   -2541.71   0.0630266   25       916      
 7460.36 150     26017    -2541.77   -2541.71   0.0623243   20       924      
 7460.58 150     26018    -2541.77   -2541.71   0.0623243   20       924      
 7460.88 150     26050    -2541.77   -2541.71   0.0623243   20       924      
 7474.15 151     26179    -2541.77   -2541.71   0.0619832   17       934      
 7474.36 151     26180    -2541.77   -2541.71   0.0619832   17       934      
 7474.64 151     26200    -2541.77   -2541.71   0.0619832   17       934      
 7479.57 151     26250    -2541.77   -2541.71   0.0619832   17       937      
 7492.39 152     26339    -2541.77   -2541.71   0.0617592   21       945      
 7492.68 152     26350    -2541.77   -2541.71   0.0617592   22       945      
 7493.05 152     26400    -2541.77   -2541.71   0.0617592   24       945      
 7510.61 153     26501    -2541.77   -2541.71   0.0613814   26       956      
 7510.85 153     26502    -2541.77   -2541.71   0.0613814   26       956      
 7511.22 153     26550    -2541.77   -2541.71   0.0613814   23       956      
 7529.54 154     26661    -2541.77   -2541.71   0.0611244   23       968      
 7531.46 154     26662    -2541.77   -2541.71   0.0611244   23       969      
 7538.86 154     26700    -2541.77   -2541.71   0.0611244   23       974      
 7555.41 155     26819    -2541.77   -2541.71   0.0605273   23       983      
 7555.66 155     26820    -2541.77   -2541.71   0.0605273   23       983      
 7556.02 155     26850    -2541.77   -2541.71   0.0605273   22       983      
 7567.07 156     26977    -2541.77   -2541.71   0.0603177   23       989      
 7567.32 156     26978    -2541.77   -2541.71   0.0603177   24       989      
 7567.66 156     27000    -2541.77   -2541.71   0.0603177   25       989      
 7571.68 156     27050    -2541.77   -2541.71   0.0603177   25       991      
 7581.41 157     27135    -2541.77   -2541.71   0.0601414   24       996      
 7581.74 157     27150    -2541.77   -2541.71   0.0601414   24       996      
 7582.13 157     27200    -2541.77   -2541.71   0.0601414   25       996      
 7598.75 158     27293    -2541.77   -2541.71   0.0599371   24       1005     
 7599.04 158     27300    -2541.77   -2541.71   0.0599371   23       1005     
 7599.49 158     27350    -2541.77   -2541.71   0.0599371   23       1005     
 7616.91 159     27451    -2541.77   -2541.71   0.0597981   24       1014     
 7617.17 159     27452    -2541.77   -2541.71   0.0597981   24       1014     
 7617.65 159     27500    -2541.77   -2541.71   0.0597981   25       1014     
 7626.41 160     27607    -2541.77   -2541.71   0.0596153   25       1018     
 7626.68 160     27608    -2541.77   -2541.71   0.0596153   25       1018     
 7627.12 160     27650    -2541.77   -2541.71   0.0596153   25       1018     
 7641.32 161     27763    -2541.77   -2541.71   0.0594602   23       1026     
 7641.59 161     27764    -2541.77   -2541.71   0.0594602   23       1026     
 7642.02 161     27800    -2541.77   -2541.71   0.0594602   23       1026     
 7663.35 162     27919    -2541.77   -2541.71   0.0588731   20       1038     
 7663.6  162     27920    -2541.77   -2541.71   0.0588731   20       1038     
 7663.96 162     27950    -2541.77   -2541.71   0.0588731   20       1038     
 7684.51 163     28075    -2541.77   -2541.71   0.0586492   24       1048     
 7684.71 163     28076    -2541.77   -2541.71   0.0586492   22       1048     
 7689.97 163     28100    -2541.77   -2541.71   0.0586492   23       1055     
 7695.37 163     28150    -2541.77   -2541.71   0.0586492   22       1062     
 7696.89 164     28229    -2541.76   -2541.71   0.0476437   22       1063     
 7697.14 164     28250    -2541.76   -2541.71   0.0476437   20       1063     
 7697.46 164     28300    -2541.76   -2541.71   0.0476437   20       1063     
 7704.4  165     28423    -2541.76   -2541.71   0.0473558   18       1071     
 7704.6  165     28424    -2541.76   -2541.71   0.0473558   18       1071     
 7704.86 165     28450    -2541.76   -2541.71   0.0473558   21       1071     
 7705.17 165     28500    -2541.76   -2541.71   0.0473558   19       1071     
 7712.31 166     28617    -2541.75   -2541.71   0.0469639   23       1080     
 7712.51 166     28618    -2541.75   -2541.71   0.0469639   23       1080     
 7712.79 166     28650    -2541.75   -2541.71   0.0469639   21       1080     
 7713.11 166     28700    -2541.75   -2541.71   0.0469639   21       1080     
 7720.38 167     28809    -2541.75   -2541.71   0.0466942   21       1088     
 7720.59 167     28810    -2541.75   -2541.71   0.0466942   21       1088     
 7720.88 167     28850    -2541.75   -2541.71   0.0466942   21       1088     
 7728.8  167     28900    -2541.75   -2541.71   0.0466942   22       1097     
 7732.93 168     29001    -2541.75   -2541.71   0.0463375   23       1101     
 7733.14 168     29002    -2541.75   -2541.71   0.0463375   23       1101     
 7733.48 168     29050    -2541.75   -2541.71   0.0463375   23       1101     
 7738.72 169     29193    -2541.75   -2541.71   0.0461185   20       1106     
 7738.94 169     29194    -2541.75   -2541.71   0.0461185   20       1106     
 7739.16 169     29200    -2541.75   -2541.71   0.0461185   20       1106     
 7739.48 169     29250    -2541.75   -2541.71   0.0461185   20       1106     
 7745.48 170     29383    -2541.75   -2541.71   0.0458948   23       1112     
 7745.7  170     29384    -2541.75   -2541.71   0.0458948   23       1112     
 7745.96 170     29400    -2541.75   -2541.71   0.0458948   22       1112     
 7746.29 170     29450    -2541.75   -2541.71   0.0458948   23       1112     
 7755.76 171     29577    -2541.75   -2541.71   0.0456297   20       1122     
 7755.97 171     29578    -2541.75   -2541.71   0.0456297   20       1122     
 7756.25 171     29600    -2541.75   -2541.71   0.0456297   20       1122     
 7756.57 171     29650    -2541.75   -2541.71   0.0456297   20       1122     
 7766.16 172     29767    -2541.75   -2541.71   0.0453577   21       1131     
 7766.38 172     29768    -2541.75   -2541.71   0.0453577   21       1131     
 7766.68 172     29800    -2541.75   -2541.71   0.0453577   21       1131     
 7767.02 172     29850    -2541.75   -2541.71   0.0453577   21       1131     
 7773.05 173     29957    -2541.75   -2541.71   0.0451643   21       1137     
 7773.27 173     29958    -2541.75   -2541.71   0.0451643   21       1137     
 7773.61 173     30000    -2541.75   -2541.71   0.0451643   21       1137     
 7780.18 173     30050    -2541.75   -2541.71   0.0451643   21       1143     
 7781.85 174     30147    -2541.75   -2541.71   0.0449291   22       1144     
 7782.08 174     30150    -2541.75   -2541.71   0.0449291   21       1144     
 7782.42 174     30200    -2541.75   -2541.71   0.0449291   21       1144     
 7790.6  175     30337    -2541.75   -2541.71   0.0447294   22       1152     
 7790.82 175     30338    -2541.75   -2541.71   0.0447294   22       1152     
 7791.08 175     30350    -2541.75   -2541.71   0.0447294   22       1152     
 7791.41 175     30400    -2541.75   -2541.71   0.0447294   22       1152     
 7801.49 176     30527    -2541.75   -2541.71   0.0445213   22       1162     
 7801.72 176     30528    -2541.75   -2541.71   0.0445213   21       1162     
 7802    176     30550    -2541.75   -2541.71   0.0445213   21       1162     
 7802.33 176     30600    -2541.75   -2541.71   0.0445213   21       1162     
 7810.61 177     30715    -2541.75   -2541.71   0.0443771   23       1170     
 7810.84 177     30716    -2541.75   -2541.71   0.0443771   23       1170     
 7811.17 177     30750    -2541.75   -2541.71   0.0443771   22       1170     
 7812.52 177     30800    -2541.75   -2541.71   0.0443771   22       1171     
 7821.42 178     30903    -2541.75   -2541.71   0.0441754   24       1179     
 7821.65 178     30904    -2541.75   -2541.71   0.0441754   24       1179     
 7822    178     30950    -2541.75   -2541.71   0.0441754   26       1179     
 7829.57 179     31091    -2541.75   -2541.71   0.0440186   26       1186     
 7829.8  179     31092    -2541.75   -2541.71   0.0440186   26       1186     
 7830.07 179     31100    -2541.75   -2541.71   0.0440186   26       1186     
 7830.42 179     31150    -2541.75   -2541.71   0.0440186   25       1186     
 7838.95 180     31279    -2541.75   -2541.71   0.0437886   28       1194     
 7839.19 180     31280    -2541.75   -2541.71   0.0437886   28       1194     
 7839.5  180     31300    -2541.75   -2541.71   0.0437886   26       1194     
 7839.85 180     31350    -2541.75   -2541.71   0.0437886   26       1194     
 7844.54 181     31465    -2541.75   -2541.71   0.0436672   24       1198     
 7844.8  181     31466    -2541.75   -2541.71   0.0436672   24       1198     
 7845.13 181     31500    -2541.75   -2541.71   0.0436672   24       1198     
 7847.63 181     31550    -2541.75   -2541.71   0.0436672   24       1200     
 7854.27 182     31651    -2541.75   -2541.71   0.0435383   25       1206     
 7854.52 182     31652    -2541.75   -2541.71   0.0435383   25       1206     
 7857.96 182     31700    -2541.75   -2541.71   0.0435383   26       1209     
 7866.58 183     31837    -2541.75   -2541.71   0.0433537   23       1216     
 7866.83 183     31838    -2541.75   -2541.71   0.0433537   23       1216     
 7867.11 183     31850    -2541.75   -2541.71   0.0433537   23       1216     
 7867.48 183     31900    -2541.75   -2541.71   0.0433537   23       1216     
 7876.46 184     32023    -2541.75   -2541.71   0.0430207   26       1223     
 7876.72 184     32024    -2541.75   -2541.71   0.0430207   26       1223     
 7877.06 184     32050    -2541.75   -2541.71   0.0430207   25       1223     
 7877.44 184     32100    -2541.75   -2541.71   0.0430207   25       1223     
 7884.98 185     32209    -2541.75   -2541.71   0.0428733   25       1229     
 7885.24 185     32210    -2541.75   -2541.71   0.0428733   25       1229     
 7885.61 185     32250    -2541.75   -2541.71   0.0428733   25       1229     
 7894.37 185     32300    -2541.75   -2541.71   0.0428733   24       1236     
 7896.14 186     32395    -2541.75   -2541.71   0.0427185   26       1237     
 7896.43 186     32400    -2541.75   -2541.71   0.0427185   26       1237     
 7896.87 186     32450    -2541.75   -2541.71   0.0427185   25       1237     
 7905.14 187     32581    -2541.75   -2541.71   0.0417331   22       1243     
 7905.39 187     32582    -2541.75   -2541.71   0.0417331   22       1243     
 7905.7  187     32600    -2541.75   -2541.71   0.0417331   22       1243     
 7906.07 187     32650    -2541.75   -2541.71   0.0417331   22       1243     
 7915.66 188     32769    -2541.75   -2541.71   0.0415615   23       1251     
 7915.91 188     32770    -2541.75   -2541.71   0.0415615   23       1251     
 7916.24 188     32800    -2541.75   -2541.71   0.0415615   23       1251     
 7916.63 188     32850    -2541.75   -2541.71   0.0415615   23       1251     
 7931.07 189     32959    -2541.75   -2541.71   0.0411392   21       1263     
 7931.33 189     32960    -2541.75   -2541.71   0.0411392   22       1263     
 7931.69 189     33000    -2541.75   -2541.71   0.0411392   22       1263     
 7949.9  189     33050    -2541.75   -2541.71   0.0411392   23       1278     
 7953.39 190     33147    -2541.75   -2541.71   0.0409464   22       1280     
 7953.67 190     33150    -2541.75   -2541.71   0.0409464   23       1280     
 7954.05 190     33200    -2541.75   -2541.71   0.0409464   23       1280     
 7966.02 191     33333    -2541.75   -2541.71   0.0407981   23       1289     
 7966.29 191     33334    -2541.75   -2541.71   0.0407981   23       1289     
 7966.6  191     33350    -2541.75   -2541.71   0.0407981   23       1289     
 7966.99 191     33400    -2541.75   -2541.71   0.0407981   23       1289     
 7978.46 192     33519    -2541.75   -2541.71   0.0406427   24       1297     
 7978.74 192     33520    -2541.75   -2541.71   0.0406427   24       1297     
 7979.08 192     33550    -2541.75   -2541.71   0.0406427   24       1297     
 7979.47 192     33600    -2541.75   -2541.71   0.0406427   24       1297     
 7993.99 193     33705    -2541.75   -2541.71   0.0403628   25       1307     
 7994.26 193     33706    -2541.75   -2541.71   0.0403628   25       1307     
 7994.67 193     33750    -2541.75   -2541.71   0.0403628   25       1307     
 8007.75 194     33891    -2541.75   -2541.71   0.0402101   25       1316     
 8008.03 194     33892    -2541.75   -2541.71   0.0402101   25       1316     
 8008.34 194     33900    -2541.75   -2541.71   0.0402101   25       1316     
 8008.75 194     33950    -2541.75   -2541.71   0.0402101   24       1316     
 8022.45 195     34075    -2541.75   -2541.71   0.0401013   24       1325     
 8022.74 195     34076    -2541.75   -2541.71   0.0401013   24       1325     
 8023.1  195     34100    -2541.75   -2541.71   0.0401013   24       1325     
 8023.5  195     34150    -2541.75   -2541.71   0.0401013   24       1325     
 8036.51 196     34259    -2541.75   -2541.71   0.0400008   25       1333     
 8036.81 196     34260    -2541.75   -2541.71   0.0400008   25       1333     
 8037.23 196     34300    -2541.75   -2541.71   0.0400008   26       1333     
 8049.1  196     34350    -2541.75   -2541.71   0.0400008   27       1341     
 8052.34 197     34447    -2541.75   -2541.71   0.0397544   25       1343     
 8052.65 197     34450    -2541.75   -2541.71   0.0397544   25       1343     
 8053.09 197     34500    -2541.75   -2541.71   0.0397544   25       1343     
 8065.1  198     34631    -2541.75   -2541.71   0.0393289   26       1350     
 8065.4  198     34632    -2541.75   -2541.71   0.0393289   26       1350     
 8065.76 198     34650    -2541.75   -2541.71   0.0393289   26       1350     
 8066.19 198     34700    -2541.75   -2541.71   0.0393289   26       1350     
 8079.46 199     34815    -2541.75   -2541.71   0.0391724   28       1358     
 8079.76 199     34816    -2541.75   -2541.71   0.0391724   28       1358     
 8080.17 199     34850    -2541.75   -2541.71   0.0391724   26       1358     
 8093.98 199     34900    -2541.75   -2541.71   0.0391724   26       1367     
 8103.44 200     34997    -2541.75   -2541.71   0.0389868   25       1372     
 8103.77 200     35000    -2541.75   -2541.71   0.0389868   25       1372     
 8104.28 200     35050    -2541.75   -2541.71   0.0389868   28       1372     
 8118.39 201     35179    -2541.75   -2541.71   0.038877    28       1380     
 8118.71 201     35180    -2541.75   -2541.71   0.038877    28       1380     
 8119.14 201     35200    -2541.75   -2541.71   0.038877    26       1380     
 8119.61 201     35250    -2541.75   -2541.71   0.038877    27       1380     
 8134.76 202     35361    -2541.75   -2541.71   0.0387419   25       1389     
 8135.07 202     35362    -2541.75   -2541.71   0.0387419   24       1389     
 8135.48 202     35400    -2541.75   -2541.71   0.0387419   24       1389     
 8149.04 202     35450    -2541.75   -2541.71   0.0387419   26       1398     
 8151.56 203     35543    -2541.75   -2541.71   0.0386535   26       1399     
 8151.93 203     35550    -2541.75   -2541.71   0.0386535   26       1399     
 8152.41 203     35600    -2541.75   -2541.71   0.0386535   26       1399     
 8168.06 204     35723    -2541.75   -2541.71   0.0385261   26       1408     
 8168.39 204     35724    -2541.75   -2541.71   0.0385261   26       1408     
 8168.8  204     35750    -2541.75   -2541.71   0.0385261   26       1408     
 8169.26 204     35800    -2541.75   -2541.71   0.0385261   26       1408     
 8186.12 205     35903    -2541.75   -2541.71   0.0384549   26       1417     
 8186.45 205     35904    -2541.75   -2541.71   0.0384549   26       1417     
 8194.26 205     35950    -2541.75   -2541.71   0.0384549   28       1422     
 8209.67 206     36083    -2541.75   -2541.71   0.03839     28       1430     
 8210.03 206     36084    -2541.75   -2541.71   0.03839     28       1430     
 8210.44 206     36100    -2541.75   -2541.71   0.03839     28       1430     
 8210.92 206     36150    -2541.75   -2541.71   0.03839     27       1430     
 8226.09 207     36263    -2541.75   -2541.71   0.0383398   27       1438     
 8226.44 207     36264    -2541.75   -2541.71   0.0383398   27       1438     
 8226.94 207     36300    -2541.75   -2541.71   0.0383398   28       1438     
 8238.74 207     36350    -2541.75   -2541.71   0.0383398   28       1444     
 8242.72 208     36443    -2541.75   -2541.71   0.038207    27       1446     
 8243.09 208     36450    -2541.75   -2541.71   0.038207    26       1446     
 8243.59 208     36500    -2541.75   -2541.71   0.038207    25       1446     
 8258.76 209     36623    -2541.75   -2541.71   0.0381363   27       1454     
 8259.11 209     36624    -2541.75   -2541.71   0.0381363   27       1454     
 8259.55 209     36650    -2541.75   -2541.71   0.0381363   28       1454     
 8260.04 209     36700    -2541.75   -2541.71   0.0381363   28       1454     
 8270.15 210     36803    -2541.75   -2541.71   0.038027    28       1459     
 8270.5  210     36804    -2541.75   -2541.71   0.038027    28       1459     
 8271    210     36850    -2541.75   -2541.71   0.038027    28       1459     
 8288.41 211     36981    -2541.75   -2541.71   0.0379558   30       1467     
 8290.84 211     36982    -2541.75   -2541.71   0.0379558   29       1468     
 8302.68 211     37000    -2541.75   -2541.71   0.0379558   31       1474     
 8303.22 211     37050    -2541.75   -2541.71   0.0379558   30       1474     
 8322.43 212     37159    -2541.75   -2541.71   0.0376366   25       1483     
 8322.79 212     37160    -2541.75   -2541.71   0.0376366   25       1483     
 8323.3  212     37200    -2541.75   -2541.71   0.0376366   25       1483     
 8339.5  213     37339    -2541.75   -2541.71   0.0375365   26       1490     
 8339.88 213     37340    -2541.75   -2541.71   0.0375365   26       1490     
 8340.31 213     37350    -2541.75   -2541.71   0.0375365   26       1490     
 8340.83 213     37400    -2541.75   -2541.71   0.0375365   26       1490     
 8356.6  214     37517    -2541.75   -2541.71   0.037409    26       1497     
 8356.98 214     37518    -2541.75   -2541.71   0.037409    26       1497     
 8357.48 214     37550    -2541.75   -2541.71   0.037409    26       1497     
 8358.94 214     37600    -2541.75   -2541.71   0.037409    25       1498     
 8374.11 215     37699    -2541.74   -2541.71   0.0370398   23       1505     
 8374.47 215     37700    -2541.74   -2541.71   0.0370398   23       1505     
 8375.03 215     37750    -2541.74   -2541.71   0.0370398   24       1505     
 8387.22 216     37877    -2541.74   -2541.71   0.0369769   24       1511     
 8387.58 216     37878    -2541.74   -2541.71   0.0369769   25       1511     
 8388.02 216     37900    -2541.74   -2541.71   0.0369769   25       1511     
 8388.52 216     37950    -2541.74   -2541.71   0.0369769   25       1511     
 8398.03 217     38055    -2541.74   -2541.71   0.0368335   25       1516     
 8398.4  217     38056    -2541.74   -2541.71   0.0368335   25       1516     
 8398.92 217     38100    -2541.74   -2541.71   0.0368335   24       1516     
 8409.9  218     38233    -2541.74   -2541.71   0.0367301   26       1521     
 8410.27 218     38234    -2541.74   -2541.71   0.0367301   26       1521     
 8410.73 218     38250    -2541.74   -2541.71   0.0367301   27       1521     
 8411.28 218     38300    -2541.74   -2541.71   0.0367301   27       1521     
 8429.02 219     38411    -2541.74   -2541.71   0.0366468   28       1529     
 8429.4  219     38412    -2541.74   -2541.71   0.0366468   28       1529     
 8429.92 219     38450    -2541.74   -2541.71   0.0366468   28       1529     
 8452.54 220     38500    -2541.74   -2541.71   0.0366468   30       1540     
 8453.44 220     38589    -2541.74   -2541.71   0.0365256   28       1540     
 8453.87 220     38600    -2541.74   -2541.71   0.0365256   28       1540     
 8454.4  220     38650    -2541.74   -2541.71   0.0365256   28       1540     
 8463.99 221     38765    -2541.74   -2541.71   0.0364371   30       1544     
 8464.36 221     38766    -2541.74   -2541.71   0.0364371   30       1544     
 8464.97 221     38800    -2541.74   -2541.71   0.0364371   30       1544     
 8469.53 221     38850    -2541.74   -2541.71   0.0364371   26       1546     
 8474.3  222     38941    -2541.74   -2541.71   0.0363646   26       1548     
 8474.71 222     38950    -2541.74   -2541.71   0.0363646   26       1548     
 8475.31 222     39000    -2541.74   -2541.71   0.0363646   27       1548     
 8496.5  223     39117    -2541.74   -2541.71   0.0362692   26       1558     
 8496.89 223     39118    -2541.74   -2541.71   0.0362692   26       1558     
 8497.42 223     39150    -2541.74   -2541.71   0.0362692   27       1558     
 8497.99 223     39200    -2541.74   -2541.71   0.0362692   27       1558     
 8504.73 224     39293    -2541.74   -2541.71   0.0361815   27       1561     
 8509.13 224     39300    -2541.74   -2541.71   0.0361815   27       1564     
 8509.64 224     39350    -2541.74   -2541.71   0.0361815   27       1564     
 8532.53 225     39469    -2541.74   -2541.71   0.0358821   25       1575     
 8532.91 225     39470    -2541.74   -2541.71   0.0358821   25       1575     
 8533.41 225     39500    -2541.74   -2541.71   0.0358821   25       1575     
 8533.99 225     39550    -2541.74   -2541.71   0.0358821   25       1575     
 8546.17 226     39645    -2541.74   -2541.71   0.0357718   25       1580     
 8546.6  226     39650    -2541.74   -2541.71   0.0357718   25       1580     
 8547.14 226     39700    -2541.74   -2541.71   0.0357718   25       1580     
 8567.42 227     39821    -2541.74   -2541.71   0.035646    25       1589     
 8567.81 227     39822    -2541.74   -2541.71   0.035646    25       1589     
 8568.29 227     39850    -2541.74   -2541.71   0.035646    25       1589     
 8568.84 227     39900    -2541.74   -2541.71   0.035646    25       1589     
 8585.32 228     39995    -2541.74   -2541.71   0.0355656   25       1596     
 8598.12 228     40000    -2541.74   -2541.71   0.0355656   25       1601     
 8603.68 228     40050    -2541.74   -2541.71   0.0355656   25       1604     
 8627.89 229     40169    -2541.74   -2541.71   0.0354482   24       1615     
 8628.3  229     40170    -2541.74   -2541.71   0.0354482   24       1615     
 8628.81 229     40200    -2541.74   -2541.71   0.0354482   24       1615     
 8635.2  229     40250    -2541.74   -2541.71   0.0354482   25       1618     
 8647.26 230     40343    -2541.74   -2541.71   0.0353565   25       1623     
 8647.73 230     40350    -2541.74   -2541.71   0.0353565   25       1623     
 8648.31 230     40400    -2541.74   -2541.71   0.0353565   24       1623     
 8682.16 231     40517    -2541.74   -2541.71   0.035276    29       1637     
 8682.59 231     40518    -2541.74   -2541.71   0.035276    29       1637     
 8683.18 231     40550    -2541.74   -2541.71   0.035276    26       1637     
 8693.14 231     40600    -2541.74   -2541.71   0.035276    27       1641     
 8701.35 232     40691    -2541.74   -2541.71   0.0352279   27       1644     
 8701.85 232     40700    -2541.74   -2541.71   0.0352279   27       1644     
 8702.52 232     40750    -2541.74   -2541.71   0.0352279   26       1644     
 8719.81 233     40865    -2541.74   -2541.71   0.035142    29       1651     
 8720.23 233     40866    -2541.74   -2541.71   0.035142    29       1651     
 8720.79 233     40900    -2541.74   -2541.71   0.035142    28       1651     
 8745.34 233     40950    -2541.74   -2541.71   0.035142    29       1662     
 8746.48 234     41037    -2541.74   -2541.71   0.0350528   28       1662     
 8747.02 234     41050    -2541.74   -2541.71   0.0350528   28       1662     
 8747.61 234     41100    -2541.74   -2541.71   0.0350528   28       1662     
 8769.56 235     41209    -2541.74   -2541.71   0.0349908   28       1671     
 8770    235     41210    -2541.74   -2541.71   0.0349908   28       1671     
 8770.58 235     41250    -2541.74   -2541.71   0.0349908   28       1671     
 8791.6  236     41381    -2541.74   -2541.71   0.0349248   28       1679     
 8792.04 236     41382    -2541.74   -2541.71   0.0349248   28       1679     
 8792.62 236     41400    -2541.74   -2541.71   0.0349248   28       1679     
 8793.22 236     41450    -2541.74   -2541.71   0.0349248   28       1679     
 8827.31 237     41553    -2541.74   -2541.71   0.0348731   27       1691     
 8827.77 237     41554    -2541.74   -2541.71   0.0348731   27       1691     
 8828.42 237     41600    -2541.74   -2541.71   0.0348731   29       1691     
 8850.69 238     41725    -2541.74   -2541.71   0.0348186   27       1699     
 8851.15 238     41726    -2541.74   -2541.71   0.0348186   27       1699     
 8851.68 238     41750    -2541.74   -2541.71   0.0348186   27       1699     
 8852.3  238     41800    -2541.74   -2541.71   0.0348186   27       1699     
 8873.91 239     41897    -2541.74   -2541.71   0.0345984   25       1707     
 8874.4  239     41900    -2541.74   -2541.71   0.0345984   26       1707     
 8875.02 239     41950    -2541.74   -2541.71   0.0345984   26       1707     
 8905.24 240     42069    -2541.74   -2541.71   0.0345372   29       1717     
 8905.7  240     42070    -2541.74   -2541.71   0.0345372   29       1717     
 8906.27 240     42100    -2541.74   -2541.71   0.0345372   29       1717     
 8915.65 240     42150    -2541.74   -2541.71   0.0345372   29       1720     
 8928.4  241     42241    -2541.74   -2541.71   0.0344867   28       1724     
 8928.94 241     42250    -2541.74   -2541.71   0.0344867   29       1724     
 8929.62 241     42300    -2541.74   -2541.71   0.0344867   30       1724     
 8960.04 242     42413    -2541.74   -2541.71   0.0341841   27       1735     
 8960.49 242     42414    -2541.74   -2541.71   0.0341841   27       1735     
 8961.06 242     42450    -2541.74   -2541.71   0.0341841   26       1735     
 8992.09 243     42585    -2541.74   -2541.71   0.0341252   29       1746     
 8992.55 243     42586    -2541.74   -2541.71   0.0341252   29       1746     
 8993.06 243     42600    -2541.74   -2541.71   0.0341252   28       1746     
 8993.7  243     42650    -2541.74   -2541.71   0.0341252   28       1746     
 9012    244     42757    -2541.74   -2541.71   0.0340391   28       1752     
 9012.46 244     42758    -2541.74   -2541.71   0.0340391   28       1752     
 9013.09 244     42800    -2541.74   -2541.71   0.0340391   28       1752     
 9042.66 245     42927    -2541.74   -2541.71   0.0339844   28       1762     
 9043.13 245     42928    -2541.74   -2541.71   0.0339844   28       1762     
 9043.68 245     42950    -2541.74   -2541.71   0.0339844   27       1762     
 9044.31 245     43000    -2541.74   -2541.71   0.0339844   27       1762     
 9069.48 246     43097    -2541.74   -2541.71   0.0339035   29       1770     
 9069.98 246     43100    -2541.74   -2541.71   0.0339035   29       1770     
 9070.77 246     43150    -2541.74   -2541.71   0.0339035   29       1770     
 9088.93 247     43267    -2541.74   -2541.71   0.0338441   27       1776     
 9089.41 247     43268    -2541.74   -2541.71   0.0338441   26       1776     
 9090.06 247     43300    -2541.74   -2541.71   0.0338441   26       1776     
 9110.05 247     43350    -2541.74   -2541.71   0.0338441   26       1782     
 9114.62 248     43437    -2541.74   -2541.71   0.0336453   27       1783     
 9115.21 248     43450    -2541.74   -2541.71   0.0336453   27       1783     
 9115.91 248     43500    -2541.74   -2541.71   0.0336453   27       1783     
 9146.82 249     43607    -2541.74   -2541.71   0.0335743   25       1792     
 9147.29 249     43608    -2541.74   -2541.71   0.0335743   25       1792     
 9148    249     43650    -2541.74   -2541.71   0.0335743   25       1792     
 9161.19 250     43777    -2541.74   -2541.71   0.0334836   25       1797     
 9161.66 250     43778    -2541.74   -2541.71   0.0334836   25       1797     
 9162.26 250     43800    -2541.74   -2541.71   0.0334836   26       1797     
 9173.18 250     43850    -2541.74   -2541.71   0.0334836   26       1801     
 9193.96 251     43947    -2541.74   -2541.71   0.0334296   27       1807     
 9194.46 251     43950    -2541.74   -2541.71   0.0334296   27       1807     
 9195.1  251     44000    -2541.74   -2541.71   0.0334296   28       1807     
 9226.62 252     44117    -2541.74   -2541.71   0.0333609   32       1818     
 9227.11 252     44118    -2541.74   -2541.71   0.0333609   32       1818     
 9227.71 252     44150    -2541.74   -2541.71   0.0333609   28       1818     
 9245.61 252     44200    -2541.74   -2541.71   0.0333609   27       1824     
 9246.63 253     44285    -2541.74   -2541.71   0.0333005   28       1824     
 9247.16 253     44300    -2541.74   -2541.71   0.0333005   28       1824     
 9247.83 253     44350    -2541.74   -2541.71   0.0333005   28       1824     
 9282.17 254     44453    -2541.74   -2541.71   0.0332551   29       1836     
 9282.66 254     44454    -2541.74   -2541.71   0.0332551   29       1836     
 9283.33 254     44500    -2541.74   -2541.71   0.0332551   29       1836     
 9314.22 255     44621    -2541.74   -2541.71   0.0332198   27       1845     
 9314.72 255     44622    -2541.74   -2541.71   0.0332198   27       1845     
 9315.49 255     44650    -2541.74   -2541.71   0.0332198   28       1845     
 9328.54 255     44700    -2541.74   -2541.71   0.0332198   28       1849     
 9342.5  256     44789    -2541.74   -2541.71   0.0331888   26       1853     
 9343.06 256     44800    -2541.74   -2541.71   0.0331888   27       1853     
 9343.73 256     44850    -2541.74   -2541.71   0.0331888   27       1853     
 9366.72 257     44957    -2541.74   -2541.71   0.033097    27       1859     
 9367.21 257     44958    -2541.74   -2541.71   0.033097    27       1859     
 9367.87 257     45000    -2541.74   -2541.71   0.033097    27       1859     
 9393.74 258     45125    -2541.74   -2541.71   0.0329599   25       1866     
 9394.22 258     45126    -2541.74   -2541.71   0.0329599   25       1866     
 9394.79 258     45150    -2541.74   -2541.71   0.0329599   25       1866     
 9395.42 258     45200    -2541.74   -2541.71   0.0329599   25       1866     
 9420.33 259     45293    -2541.74   -2541.71   0.0329021   25       1873     
 9421    259     45300    -2541.74   -2541.71   0.0329021   26       1873     
 9421.8  259     45350    -2541.74   -2541.71   0.0329021   27       1873     
 9449.16 260     45463    -2541.74   -2541.71   0.0328355   28       1881     
 9449.67 260     45464    -2541.74   -2541.71   0.0328355   29       1881     
 9450.4  260     45500    -2541.74   -2541.71   0.0328355   30       1881     
 9476.74 261     45631    -2541.74   -2541.71   0.032729    29       1888     
 9477.24 261     45632    -2541.74   -2541.71   0.032729    29       1888     
 9477.81 261     45650    -2541.74   -2541.71   0.032729    29       1888     
 9478.46 261     45700    -2541.74   -2541.71   0.032729    29       1888     
 9501.72 262     45797    -2541.74   -2541.71   0.032669    31       1894     
 9502.28 262     45800    -2541.74   -2541.71   0.032669    32       1894     
 9503.12 262     45850    -2541.74   -2541.71   0.032669    31       1894     
 9534.9  263     45963    -2541.74   -2541.71   0.0326158   31       1902     
 9535.44 263     45964    -2541.74   -2541.71   0.0326158   31       1902     
 9536.08 263     46000    -2541.74   -2541.71   0.0326158   30       1902     
 9567.68 264     46129    -2541.74   -2541.71   0.0325709   30       1910     
 9568.2  264     46130    -2541.74   -2541.71   0.0325709   30       1910     
 9568.84 264     46150    -2541.74   -2541.71   0.0325709   29       1910     
 9571.08 264     46200    -2541.74   -2541.71   0.0325709   30       1911     
 9607.96 265     46295    -2541.74   -2541.71   0.0325393   31       1920     
 9608.51 265     46300    -2541.74   -2541.71   0.0325393   31       1920     
 9609.3  265     46350    -2541.74   -2541.71   0.0325393   31       1920     
 9635.89 266     46461    -2541.74   -2541.71   0.0324889   31       1927     
 9636.41 266     46462    -2541.74   -2541.71   0.0324889   31       1927     
 9637.26 266     46500    -2541.74   -2541.71   0.0324889   32       1927     
 9678.42 267     46627    -2541.74   -2541.71   0.0324406   32       1937     
 9679.05 267     46628    -2541.74   -2541.71   0.0324406   32       1937     
 9679.88 267     46650    -2541.74   -2541.71   0.0324406   32       1937     
 9680.69 267     46700    -2541.74   -2541.71   0.0324406   32       1937     
 9712.81 268     46793    -2541.74   -2541.71   0.0323481   30       1946     
 9713.48 268     46800    -2541.74   -2541.71   0.0323481   30       1946     
 9714.34 268     46850    -2541.74   -2541.71   0.0323481   31       1946     
 9743.84 269     46957    -2541.74   -2541.71   0.0322993   31       1954     
 9744.35 269     46958    -2541.74   -2541.71   0.0322993   31       1954     
 9745    269     47000    -2541.74   -2541.71   0.0322993   28       1954     
 9766.93 270     47121    -2541.74   -2541.71   0.0322748   30       1959     
 9767.52 270     47122    -2541.74   -2541.71   0.0322748   30       1959     
 9768.22 270     47150    -2541.74   -2541.71   0.0322748   30       1959     
 9784.62 270     47200    -2541.74   -2541.71   0.0322748   31       1963     
 9793.48 271     47285    -2541.74   -2541.71   0.0322355   28       1965     
 9794.17 271     47300    -2541.74   -2541.71   0.0322355   29       1965     
 9794.96 271     47350    -2541.74   -2541.71   0.0322355   29       1965     
 9824.36 272     47449    -2541.74   -2541.71   0.0322047   29       1972     
 9824.88 272     47450    -2541.74   -2541.71   0.0322047   29       1972     
 9825.88 272     47500    -2541.74   -2541.71   0.0322047   30       1972     
 9859.93 273     47613    -2541.74   -2541.71   0.0321748   30       1981     
 9860.54 273     47614    -2541.74   -2541.71   0.0321748   30       1981     
 9861.29 273     47650    -2541.74   -2541.71   0.0321748   31       1981     
 9888.48 274     47777    -2541.74   -2541.71   0.032122    30       1988     
 9889    274     47778    -2541.74   -2541.71   0.032122    30       1988     
 9889.6  274     47800    -2541.74   -2541.71   0.032122    30       1988     
 9890.27 274     47850    -2541.74   -2541.71   0.032122    30       1988     
 9911.64 275     47941    -2541.74   -2541.71   0.0320382   28       1996     
 9912.27 275     47950    -2541.74   -2541.71   0.0320382   30       1996     
 9912.98 275     48000    -2541.74   -2541.71   0.0320382   31       1996     
 9943.57 276     48105    -2541.74   -2541.71   0.0320093   33       2005     
 9944.2  276     48106    -2541.74   -2541.71   0.0320093   33       2005     
 9944.98 276     48150    -2541.74   -2541.71   0.0320093   32       2005     
 9971.84 277     48269    -2541.74   -2541.71   0.0318233   32       2013     
 9972.39 277     48270    -2541.74   -2541.71   0.0318233   32       2013     
 9973.19 277     48300    -2541.74   -2541.71   0.0318233   30       2013     
 10003.8 277     48350    -2541.74   -2541.71   0.0318233   32       2021     
-------------------------------------------------------------------------------

SARSOP finishing ...
  Preset timeout reached
  Timeout     : 10000.000000s
  Actual Time : 10003.840000s

-------------------------------------------------------------------------------
 Time   |#Trial |#Backup |LBound    |UBound    |Precision  |#Alphas |#Beliefs  
-------------------------------------------------------------------------------
 10003.8 277     48350    -2541.74   -2541.71   0.0318233   32       2021     
-------------------------------------------------------------------------------

Writing out policy ...
  output file : RAM4_small/3c5e6d6521.policyx

