
Loading the model ...
  input file   : /home/rstudio/RAM4_small/3c5e279f84.pomdpx
  loading time : 4.39s 

SARSOP initializing ...
  initialization time : 2447.11s

-------------------------------------------------------------------------------
 Time   |#Trial |#Backup |LBound    |UBound    |Precision  |#Alphas |#Beliefs  
-------------------------------------------------------------------------------
 2447.11 0       0        -149.855   -145.7     4.15446     101      1        
 2448.06 1       50       -147.699   -145.793   1.90568     25       34       
 2448.81 3       113      -146.904   -145.794   1.1105      16       58       
 2449.21 4       169      -146.689   -145.794   0.895151    29       86       
 2449.77 5       215      -146.463   -145.794   0.669404    39       109      
 2450.69 6       261      -146.34    -145.794   0.546566    40       132      
 2451.69 7       300      -146.235   -145.794   0.441394    52       154      
 2452.58 9       363      -146.104   -145.794   0.3107      50       169      
 2453.04 10      400      -146.045   -145.794   0.25141     38       185      
 2454.46 11      450      -146.006   -145.794   0.212492    67       215      
 2455.68 13      503      -145.944   -145.794   0.150729    54       233      
 2456.09 14      561      -145.923   -145.794   0.129068    75       261      
 2457.33 15      613      -145.903   -145.794   0.109455    71       283      
 2458.71 16      653      -145.887   -145.794   0.0937316   67       303      
 2460.47 17      700      -145.873   -145.794   0.0790619   74       326      
 2462.83 19      763      -145.856   -145.794   0.0623955   57       353      
 2464.81 20      800      -145.848   -145.794   0.0546427   62       370      
 2466.72 21      850      -145.842   -145.794   0.0480794   60       393      
 2468.87 22      900      -145.838   -145.794   0.0443906   99       416      
 2472.25 24      950      -145.833   -145.794   0.0396225   117      444      
 2475.99 25      1019     -145.824   -145.794   0.0307727   79       469      
 2480.51 26      1073     -145.822   -145.794   0.0286834   96       496      
 2484.54 27      1121     -145.82    -145.794   0.0262798   91       519      
 2488.44 28      1167     -145.817   -145.794   0.0231212   81       542      
 2493.52 29      1223     -145.815   -145.794   0.0211869   80       569      
 2498.19 29      1250     -145.815   -145.794   0.0211869   60       593      
 2501.15 30      1300     -145.814   -145.794   0.0199787   39       615      
 2504.2  31      1350     -145.812   -145.794   0.0187247   34       638      
 2507.52 32      1400     -145.811   -145.794   0.0172939   30       661      
 2510.65 33      1450     -145.81    -145.794   0.0160424   33       683      
 2513.64 34      1507     -145.808   -145.794   0.0140615   34       708      
 2518.79 35      1587     -145.807   -145.794   0.0135679   38       747      
 2520.14 35      1600     -145.807   -145.794   0.0135679   38       756      
 2524.68 36      1667     -145.807   -145.794   0.0130084   38       783      
 2530.52 36      1700     -145.807   -145.794   0.0130084   36       816      
 2532.8  37      1753     -145.806   -145.794   0.0121946   37       826      
 2542.39 38      1845     -145.805   -145.794   0.0116368   36       871      
 2542.55 38      1850     -145.805   -145.794   0.0116368   34       871      
 2551.78 39      1939     -145.805   -145.794   0.0111933   39       911      
 2552.95 39      1950     -145.805   -145.794   0.0111933   37       916      
 2562.43 40      2037     -145.805   -145.794   0.0109928   40       954      
 2565.49 40      2050     -145.805   -145.794   0.0109928   37       967      
 2575.35 41      2133     -145.804   -145.794   0.0106922   41       1002     
 2579.82 41      2150     -145.804   -145.794   0.0106922   43       1019     
 2590.04 42      2231     -145.804   -145.794   0.0104644   42       1051     
 2595.56 42      2250     -145.804   -145.794   0.0104644   40       1070     
 2606.38 43      2329     -145.804   -145.794   0.010224    33       1100     
 2612.87 43      2350     -145.804   -145.794   0.010224    35       1121     
 2624.04 44      2429     -145.804   -145.794   0.0100738   38       1150     
 2631.2  44      2450     -145.804   -145.794   0.0100738   41       1171     
 2642.48 45      2527     -145.804   -145.794   0.00984537  37       1199     
 2649.83 45      2550     -145.804   -145.794   0.00984537  27       1222     
 2661.63 46      2629     -145.803   -145.794   0.00964884  32       1250     
 2668.49 46      2650     -145.803   -145.794   0.00964884  36       1271     
 2680.64 47      2731     -145.803   -145.794   0.00948314  37       1300     
 2686.5  47      2750     -145.803   -145.794   0.00948314  40       1319     
 2699.66 48      2837     -145.803   -145.794   0.00926944  31       1353     
 2704.23 48      2850     -145.803   -145.794   0.00926944  34       1366     
 2722.88 49      2943     -145.803   -145.794   0.00914634  33       1406     
 2725.18 49      2950     -145.803   -145.794   0.00914634  35       1413     
 2745.31 50      3051     -145.803   -145.794   0.00897619  29       1460     
 2745.71 50      3052     -145.803   -145.794   0.00897619  30       1461     
 2766.06 50      3100     -145.803   -145.794   0.00897619  30       1509     
 2768.94 51      3159     -145.803   -145.794   0.00887069  35       1514     
 2785.65 51      3200     -145.803   -145.794   0.00887069  39       1555     
 2792.52 52      3269     -145.802   -145.794   0.00863237  40       1568     
 2801.53 52      3300     -145.802   -145.794   0.00863237  37       1592     
 2812.84 53      3381     -145.802   -145.794   0.00851901  36       1616     
 2817.98 53      3400     -145.802   -145.794   0.00851901  37       1629     
 2836.18 54      3495     -145.802   -145.794   0.0084584   40       1667     
 2838.06 54      3500     -145.802   -145.794   0.0084584   41       1672     
 2861.05 54      3550     -145.802   -145.794   0.0084584   39       1722     
 2863.21 55      3611     -145.802   -145.794   0.00838033  36       1725     
 2880.26 55      3650     -145.802   -145.794   0.00838033  36       1764     
 2889.94 56      3725     -145.802   -145.794   0.00833442  41       1782     
 2901.1  56      3750     -145.802   -145.794   0.00833442  42       1807     
 2918.88 57      3839     -145.802   -145.794   0.00827248  43       1839     
 2923.73 57      3850     -145.802   -145.794   0.00827248  46       1850     
 2949.87 58      3953     -145.802   -145.794   0.00821506  43       1896     
 2950.4  58      3954     -145.802   -145.794   0.00821506  43       1897     
 2972.75 58      4000     -145.802   -145.794   0.00821506  37       1943     
 2979.1  59      4067     -145.802   -145.794   0.00812856  42       1953     
 2995.41 59      4100     -145.802   -145.794   0.00812856  36       1986     
 3010.67 60      4183     -145.802   -145.794   0.00801692  38       2011     
 3018.79 60      4200     -145.802   -145.794   0.00801692  42       2028     
 3042.45 61      4299     -145.802   -145.794   0.00792059  44       2068     
 3043.02 61      4300     -145.802   -145.794   0.00792059  44       2069     
 3070.97 61      4350     -145.802   -145.794   0.00792059  42       2119     
 3076.71 62      4417     -145.802   -145.794   0.00788547  47       2127     
 3094.28 62      4450     -145.802   -145.794   0.00788547  52       2160     
 3110.53 63      4535     -145.802   -145.794   0.00784069  46       2185     
 3116.06 63      4550     -145.802   -145.794   0.00784069  44       2196     
 3140.8  64      4651     -145.802   -145.794   0.00780075  42       2238     
 3141.41 64      4652     -145.802   -145.794   0.00780075  41       2239     
 3168.42 64      4700     -145.802   -145.794   0.00780075  47       2287     
 3175.06 65      4769     -145.802   -145.794   0.0077704   48       2296     
 3190.51 65      4800     -145.802   -145.794   0.0077704   45       2324     
 3209.59 66      4887     -145.802   -145.794   0.00767884  51       2351     
 3214.05 66      4900     -145.802   -145.794   0.00767884  56       2359     
 3244.64 67      5009     -145.802   -145.794   0.00765626  61       2407     
 3245.42 67      5010     -145.802   -145.794   0.00765626  61       2408     
 3270.38 67      5050     -145.802   -145.794   0.00765626  49       2448     
 3285.5  68      5131     -145.802   -145.794   0.00759875  45       2467     
 3292.58 68      5150     -145.802   -145.794   0.00759875  45       2479     
 3319.96 69      5251     -145.802   -145.794   0.00755704  52       2519     
 3320.31 69      5252     -145.802   -145.794   0.00755704  52       2519     
 3347.84 69      5300     -145.802   -145.794   0.00755704  54       2564     
 3356.15 70      5373     -145.801   -145.794   0.00750946  58       2575     
 3372.59 70      5400     -145.801   -145.794   0.00750946  51       2602     
 3396.91 71      5495     -145.801   -145.794   0.00749185  47       2636     
 3399.61 71      5500     -145.801   -145.794   0.00749185  47       2641     
 3433.93 71      5550     -145.801   -145.794   0.00749185  51       2691     
 3438.74 72      5617     -145.801   -145.794   0.00743594  54       2696     
 3459.12 72      5650     -145.801   -145.794   0.00743594  62       2728     
 3479.81 73      5741     -145.801   -145.794   0.00742313  55       2756     
 3483.69 73      5750     -145.801   -145.794   0.00742313  62       2762     
 3520.37 73      5800     -145.801   -145.794   0.00742313  62       2812     
 3524.4  74      5867     -145.801   -145.794   0.0074028   69       2816     
 3546.66 74      5900     -145.801   -145.794   0.0074028   63       2849     
 3569.37 75      5991     -145.801   -145.794   0.00736442  57       2877     
 3574.98 75      6000     -145.801   -145.794   0.00736442  60       2886     
 3611.8  75      6050     -145.801   -145.794   0.00736442  59       2936     
 3613.78 76      6113     -145.801   -145.794   0.00735305  59       2937     
 3637.05 76      6150     -145.801   -145.794   0.00735305  60       2970     
 3656.45 77      6237     -145.801   -145.794   0.00733949  64       2994     
 3665.28 77      6250     -145.801   -145.794   0.00733949  68       3007     
 3702.42 78      6361     -145.801   -145.794   0.00732924  67       3055     
 3702.83 78      6362     -145.801   -145.794   0.00732924  67       3055     
 3728.15 78      6400     -145.801   -145.794   0.00732924  64       3092     
 3745.15 79      6483     -145.801   -145.794   0.00729822  69       3113     
 3754.31 79      6500     -145.801   -145.794   0.00729822  73       3126     
 3788.32 80      6605     -145.801   -145.794   0.00726174  70       3170     
 3789.23 80      6606     -145.801   -145.794   0.00726174  70       3171     
 3824.52 80      6650     -145.801   -145.794   0.00726174  74       3215     
 3840.02 81      6729     -145.801   -145.794   0.00720453  68       3231     
 3852.83 81      6750     -145.801   -145.794   0.00720453  67       3248     
 3888.41 82      6857     -145.801   -145.794   0.00718361  70       3290     
 3888.86 82      6858     -145.801   -145.794   0.00718361  70       3290     
 3917.7  82      6900     -145.801   -145.794   0.00718361  68       3328     
 3934.99 83      6985     -145.801   -145.794   0.00717777  77       3348     
 3945.45 83      7000     -145.801   -145.794   0.00717777  86       3362     
 3984.46 84      7111     -145.801   -145.794   0.00717121  99       3409     
 3985.61 84      7112     -145.801   -145.794   0.00717121  97       3410     
 4017.03 84      7150     -145.801   -145.794   0.00717121  90       3448     
 4040.6  85      7241     -145.801   -145.794   0.00716384  73       3473     
 4043.58 85      7250     -145.801   -145.794   0.00716384  76       3476     
 4086.72 85      7300     -145.801   -145.794   0.00716384  66       3526     
 4091.88 86      7369     -145.801   -145.794   0.00715786  71       3530     
 4113.14 86      7400     -145.801   -145.794   0.00715786  79       3555     
 4144.34 87      7499     -145.801   -145.794   0.00715118  74       3588     
 4144.83 87      7500     -145.801   -145.794   0.00715118  73       3588     
 4188.28 87      7550     -145.801   -145.794   0.00715118  76       3638     
 4200.84 88      7627     -145.801   -145.794   0.00714701  78       3650     
 4217.31 88      7650     -145.801   -145.794   0.00714701  84       3669     
 4254.96 89      7753     -145.801   -145.794   0.0071376   80       3708     
 4255.55 89      7754     -145.801   -145.794   0.0071376   79       3708     
 4296.11 89      7800     -145.801   -145.794   0.0071376   76       3754     
 4311.31 90      7879     -145.801   -145.794   0.00713364  74       3769     
 4322.05 90      7900     -145.801   -145.794   0.00713364  79       3782     
 4361.62 91      8005     -145.801   -145.794   0.00712978  83       3823     
 4362.12 91      8006     -145.801   -145.794   0.00712978  83       3823     
 4399.26 91      8050     -145.801   -145.794   0.00712978  96       3867     
 4415.64 92      8131     -145.801   -145.794   0.00712694  80       3884     
 4427.61 92      8150     -145.801   -145.794   0.00712694  85       3898     
 4467.71 93      8257     -145.801   -145.794   0.00711453  76       3941     
 4468.25 93      8258     -145.801   -145.794   0.00711453  75       3941     
 4504.16 93      8300     -145.801   -145.794   0.00711453  86       3983     
 4521.9  94      8381     -145.801   -145.794   0.0070938   80       4001     
 4531.64 94      8400     -145.801   -145.794   0.0070938   92       4012     
 4573.64 95      8509     -145.801   -145.794   0.00709122  83       4056     
 4574.17 95      8510     -145.801   -145.794   0.00709122  83       4056     
 4610.68 95      8550     -145.801   -145.794   0.00709122  87       4094     
 4634.46 96      8635     -145.801   -145.794   0.00708937  90       4115     
 4646.67 96      8650     -145.801   -145.794   0.00708937  97       4128     
 4696.93 97      8763     -145.801   -145.794   0.00708666  86       4176     
 4697.52 97      8764     -145.801   -145.794   0.00708666  86       4176     
 4729.52 97      8800     -145.801   -145.794   0.00708666  82       4209     
 4756.58 98      8889     -145.801   -145.794   0.00708289  90       4234     
 4765.67 98      8900     -145.801   -145.794   0.00708289  92       4243     
 4816.34 98      8950     -145.801   -145.794   0.00708289  87       4293     
 4820.34 99      9017     -145.801   -145.794   0.00708161  90       4295     
 4852.87 99      9050     -145.801   -145.794   0.00708161  95       4328     
 4884.01 100     9143     -145.801   -145.794   0.00707946  80       4357     
 4888.4  100     9150     -145.801   -145.794   0.00707946  82       4361     
 4939.66 100     9200     -145.801   -145.794   0.00707946  88       4411     
 4946.95 101     9269     -145.801   -145.794   0.00707753  79       4416     
 4975.77 101     9300     -145.801   -145.794   0.00707753  85       4443     
 5010.79 102     9395     -145.801   -145.794   0.00707643  86       4474     
 5011.58 102     9400     -145.801   -145.794   0.00707643  90       4474     
 5064.08 102     9450     -145.801   -145.794   0.00707643  85       4522     
 5074.96 103     9523     -145.801   -145.794   0.00707362  79       4530     
 5105.08 103     9550     -145.801   -145.794   0.00707362  91       4557     
 5149.15 104     9651     -145.801   -145.794   0.00706771  88       4593     
 5149.92 104     9652     -145.801   -145.794   0.00706771  89       4593     
 5202.71 104     9700     -145.801   -145.794   0.00706771  90       4638     
 5220.38 105     9777     -145.801   -145.794   0.00706458  91       4651     
 5241.4  105     9800     -145.801   -145.794   0.00706458  93       4668     
 5291.71 106     9903     -145.801   -145.794   0.00706347  99       4707     
 5292.56 106     9904     -145.801   -145.794   0.00706347  98       4707     
 5342.6  106     9950     -145.801   -145.794   0.00706347  111      4747     
 5363.84 107     10029    -145.801   -145.794   0.00706286  98       4762     
 5389.69 107     10050    -145.801   -145.794   0.00706286  107      4782     
 5445.24 108     10155    -145.801   -145.794   0.00705065  98       4823     
 5446.16 108     10156    -145.801   -145.794   0.00705065  98       4823     
 5498.12 108     10200    -145.801   -145.794   0.00705065  109      4863     
 5524.72 109     10283    -145.801   -145.794   0.00705018  96       4881     
 5542.98 109     10300    -145.801   -145.794   0.00705018  106      4894     
 5607.71 110     10409    -145.801   -145.794   0.00704998  103      4939     
 5608.71 110     10410    -145.801   -145.794   0.00704998  103      4939     
 5660.19 110     10450    -145.801   -145.794   0.00704998  114      4975     
 5692.95 111     10535    -145.801   -145.794   0.00704909  119      4996     
 5708.14 111     10550    -145.801   -145.794   0.00704909  129      5006     
 5776.92 112     10659    -145.801   -145.794   0.00704891  107      5052     
 5779.17 112     10660    -145.801   -145.794   0.00704891  107      5053     
 5839.06 112     10700    -145.801   -145.794   0.00704891  106      5093     
 5872.92 113     10785    -145.801   -145.794   0.00704791  101      5114     
 5883.98 113     10800    -145.801   -145.794   0.00704791  107      5121     
 5958.55 114     10911    -145.801   -145.794   0.0070473   112      5168     
 5959.85 114     10912    -145.801   -145.794   0.0070473   112      5168     
 6015.45 114     10950    -145.801   -145.794   0.0070473   118      5206     
 6055.1  115     11037    -145.801   -145.794   0.00702912  118      5229     
 6073.21 115     11050    -145.801   -145.794   0.00702912  123      5240     
 6153.11 116     11100    -145.801   -145.794   0.00702912  122      5289     
 6156.69 116     11163    -145.801   -145.794   0.00702823  116      5289     
 6210.63 116     11200    -145.801   -145.794   0.00702823  116      5322     
 6256.01 117     11289    -145.801   -145.794   0.00702808  115      5347     
 6272.2  117     11300    -145.801   -145.794   0.00702808  118      5356     
 6359.06 117     11350    -145.801   -145.794   0.00702808  130      5406     
 6362.9  118     11413    -145.801   -145.794   0.00702805  115      5406     
 6428.28 118     11450    -145.801   -145.794   0.00702805  125      5443     
 6475.26 119     11537    -145.801   -145.794   0.00702635  117      5467     
 6490.86 119     11550    -145.801   -145.794   0.00702635  126      5476     
 6580.28 120     11661    -145.801   -145.794   0.00702513  101      5524     
 6581.41 120     11662    -145.801   -145.794   0.00702513  100      5524     
 6639.62 120     11700    -145.801   -145.794   0.00702513  104      5559     
 6683.36 121     11787    -145.801   -145.794   0.0070246   95       5582     
 6698.85 121     11800    -145.801   -145.794   0.0070246   101      5591     
 6781.2  122     11911    -145.801   -145.794   0.00702427  86       5639     
 6782.28 122     11912    -145.801   -145.794   0.00702427  86       5639     
 6829.5  122     11950    -145.801   -145.794   0.00702427  95       5668     
 6867.91 123     12035    -145.801   -145.794   0.00702401  105      5690     
 6880.85 123     12050    -145.801   -145.794   0.00702401  111      5698     
 6957.95 124     12157    -145.801   -145.794   0.00702362  90       5743     
 6959.04 124     12158    -145.801   -145.794   0.00702362  91       5743     
 7016.49 124     12200    -145.801   -145.794   0.00702362  93       5778     
 7049.25 125     12281    -145.801   -145.794   0.00702322  92       5796     
 7065.04 125     12300    -145.801   -145.794   0.00702322  95       5806     
 7130.07 126     12407    -145.801   -145.794   0.00702305  95       5849     
 7131.16 126     12408    -145.801   -145.794   0.00702305  95       5849     
 7187.77 126     12450    -145.801   -145.794   0.00702305  100      5885     
 7216.56 127     12529    -145.801   -145.794   0.00702236  96       5902     
 7238.58 127     12550    -145.801   -145.794   0.00702236  101      5916     
 7303.48 128     12653    -145.801   -145.794   0.00702189  94       5956     
 7304.54 128     12654    -145.801   -145.794   0.00702189  94       5956     
 7359.96 128     12700    -145.801   -145.794   0.00702189  99       5992     
 7384.95 129     12777    -145.801   -145.794   0.00701908  95       6006     
 7407.84 129     12800    -145.801   -145.794   0.00701908  97       6021     
 7471.31 130     12899    -145.801   -145.794   0.00701849  103      6059     
 7473.36 130     12900    -145.801   -145.794   0.00701849  103      6060     
 7545.34 130     12950    -145.801   -145.794   0.00701849  103      6110     
 7561.12 131     13021    -145.801   -145.794   0.00699296  121      6119     
 7596.87 131     13050    -145.801   -145.794   0.00699296  122      6145     
 7646.64 132     13145    -145.801   -145.794   0.00699194  109      6177     
 7647.68 132     13150    -145.801   -145.794   0.00699194  112      6177     
 7720.1  132     13200    -145.801   -145.794   0.00699194  106      6224     
 7733.92 133     13271    -145.801   -145.794   0.00699175  98       6231     
 7765.32 133     13300    -145.801   -145.794   0.00699175  102      6252     
 7815.96 134     13393    -145.801   -145.794   0.00699012  103      6283     
 7817.14 134     13400    -145.801   -145.794   0.00699012  108      6283     
 7888.46 134     13450    -145.801   -145.794   0.00699012  113      6332     
 7898.18 135     13519    -145.801   -145.794   0.00698725  113      6337     
 7929.54 135     13550    -145.801   -145.794   0.00698725  121      6359     
 7977.41 136     13643    -145.801   -145.794   0.00698675  104      6389     
 7978.46 136     13650    -145.801   -145.794   0.00698675  110      6389     
 8047.58 136     13700    -145.801   -145.794   0.00698675  114      6437     
 8054.08 137     13765    -145.801   -145.794   0.00698634  106      6440     
 8096.86 137     13800    -145.801   -145.794   0.00698634  108      6469     
 8139.19 138     13891    -145.801   -145.794   0.00698309  95       6496     
 8140.29 138     13900    -145.801   -145.794   0.00698309  100      6496     
 8221.2  138     13950    -145.801   -145.794   0.00698309  89       6545     
 8227.15 139     14015    -145.801   -145.794   0.00698278  82       6547     
 8270.64 139     14050    -145.801   -145.794   0.00698278  85       6573     
 8314.88 140     14141    -145.801   -145.794   0.00698     90       6600     
 8315.93 140     14150    -145.801   -145.794   0.00698     96       6600     
 8390.39 140     14200    -145.801   -145.794   0.00698     92       6650     
 8398.8  141     14267    -145.801   -145.794   0.00697973  87       6654     
 8445.59 141     14300    -145.801   -145.794   0.00697973  97       6687     
 8493.8  142     14393    -145.801   -145.794   0.00693421  92       6716     
 8497.62 142     14400    -145.801   -145.794   0.00693421  98       6718     
 8575.28 142     14450    -145.801   -145.794   0.00693421  91       6768     
 8585.26 143     14519    -145.801   -145.794   0.00693398  91       6773     
 8617.47 143     14550    -145.801   -145.794   0.00693398  99       6794     
 8667.8  144     14647    -145.801   -145.794   0.00693339  93       6826     
 8668.86 144     14650    -145.801   -145.794   0.00693339  94       6826     
 8739.34 144     14700    -145.801   -145.794   0.00693339  86       6872     
 8754.87 145     14771    -145.801   -145.794   0.00693291  89       6880     
 8787.21 145     14800    -145.801   -145.794   0.00693291  94       6900     
 8840.07 146     14897    -145.801   -145.794   0.00693271  98       6933     
 8841.23 146     14900    -145.801   -145.794   0.00693271  97       6933     
 8910.47 146     14950    -145.801   -145.794   0.00693271  94       6979     
 8924.81 147     15021    -145.801   -145.794   0.0069255   88       6987     
 8959.96 147     15050    -145.801   -145.794   0.0069255   89       7010     
 9014.28 148     15145    -145.801   -145.794   0.00692455  89       7040     
 9016.59 148     15150    -145.801   -145.794   0.00692455  92       7041     
 9094.4  148     15200    -145.801   -145.794   0.00692455  115      7091     
 9107.91 149     15271    -145.801   -145.794   0.0069222   96       7098     
 9137.27 149     15300    -145.801   -145.794   0.0069222   98       7118     
 9187.85 150     15395    -145.801   -145.794   0.00692022  87       7150     
 9188.92 150     15400    -145.801   -145.794   0.00692022  91       7150     
 9262.99 150     15450    -145.801   -145.794   0.00692022  91       7200     
 9274.32 151     15519    -145.801   -145.794   0.00691965  86       7206     
 9308.64 151     15550    -145.801   -145.794   0.00691965  92       7229     
 9355.17 152     15645    -145.801   -145.794   0.00691846  83       7260     
 9362.01 152     15650    -145.801   -145.794   0.00691846  83       7265     
 9440.5  152     15700    -145.801   -145.794   0.00691846  95       7315     
 9453.38 153     15769    -145.801   -145.794   0.00689066  94       7321     
 9496.98 153     15800    -145.801   -145.794   0.00689066  99       7349     
 9548.72 154     15893    -145.801   -145.794   0.00688951  90       7379     
 9558.59 154     15900    -145.801   -145.794   0.00688951  94       7385     
 9640.6  154     15950    -145.801   -145.794   0.00688951  95       7435     
 9651.32 155     16019    -145.801   -145.794   0.00688539  92       7440     
 9684.43 155     16050    -145.801   -145.794   0.00688539  104      7461     
 9736.82 156     16145    -145.801   -145.794   0.00687875  98       7492     
 9742.1  156     16150    -145.801   -145.794   0.00687875  99       7495     
 9824.95 156     16200    -145.801   -145.794   0.00687875  115      7545     
 9839.06 157     16271    -145.801   -145.794   0.00687628  98       7552     
 9881.27 157     16300    -145.801   -145.794   0.00687628  111      7579     
 9935.41 158     16395    -145.801   -145.794   0.00687288  111      7612     
 9942.98 158     16400    -145.801   -145.794   0.00687288  113      7617     
 10026.1 158     16450    -145.801   -145.794   0.00687288  130      7667     
-------------------------------------------------------------------------------

SARSOP finishing ...
  Preset timeout reached
  Timeout     : 10000.000000s
  Actual Time : 10026.090000s

-------------------------------------------------------------------------------
 Time   |#Trial |#Backup |LBound    |UBound    |Precision  |#Alphas |#Beliefs  
-------------------------------------------------------------------------------
 10026.1 158     16450    -145.801   -145.794   0.00687288  130      7667     
-------------------------------------------------------------------------------

Writing out policy ...
  output file : RAM4_small/3c5e279f84.policyx

