
Loading the model ...
  input file   : /home/rstudio/RAM4_small/3c60f06811.pomdpx
  loading time : 4.67s 

SARSOP initializing ...
  initialization time : 4423.95s

-------------------------------------------------------------------------------
 Time   |#Trial |#Backup |LBound    |UBound    |Precision  |#Alphas |#Beliefs  
-------------------------------------------------------------------------------
 4423.95 0       0        -188.026   -179.299   8.72659     101      1        
 4425.28 1       50       -182.135   -179.512   2.62332     15       30       
 4427.14 2       103      -181.37    -179.512   1.85801     14       53       
 4428.77 3       173      -180.882   -179.512   1.3706      25       87       
 4430.55 3       200      -180.882   -179.512   1.3706      35       112      
 4432.18 4       250      -180.496   -179.512   0.983733    19       125      
 4437.33 5       333      -180.32    -179.512   0.808194    32       164      
 4439.57 5       350      -180.32    -179.512   0.808194    19       180      
 4445.37 6       419      -180.2     -179.512   0.688128    27       205      
 4450.14 6       450      -180.2     -179.512   0.688128    34       233      
 4451.83 7       500      -180.091   -179.512   0.578903    16       243      
 4455.13 8       571      -180.004   -179.512   0.492395    30       268      
 4458.26 8       600      -180.004   -179.512   0.492395    18       293      
 4460.08 9       650      -179.933   -179.512   0.420765    27       305      
 4464.17 10      719      -179.843   -179.512   0.331427    24       337      
 4467.1  10      750      -179.843   -179.512   0.331427    27       363      
 4468.69 11      801      -179.794   -179.512   0.282486    27       372      
 4475.1  12      889      -179.745   -179.512   0.23347     24       409      
 4476.8  12      900      -179.745   -179.512   0.23347     20       418      
 4485.55 13      979      -179.714   -179.512   0.201776    14       452      
 4490.52 13      1000     -179.714   -179.512   0.201776    14       473      
 4497.92 14      1067     -179.689   -179.512   0.177242    12       495      
 4502.23 14      1100     -179.689   -179.512   0.177242    11       514      
 4503.61 15      1159     -179.668   -179.512   0.155583    8        518      
 4510.2  15      1200     -179.668   -179.512   0.155583    11       549      
 4511.65 16      1257     -179.654   -179.512   0.142525    10       554      
 4518.01 16      1300     -179.654   -179.512   0.142525    12       583      
 4519.8  17      1355     -179.641   -179.512   0.129554    11       588      
 4521.98 17      1400     -179.641   -179.512   0.129554    11       602      
 4523.02 18      1455     -179.635   -179.512   0.123122    11       606      
 4527.34 18      1500     -179.635   -179.512   0.123122    11       627      
 4528.33 19      1553     -179.63    -179.512   0.118387    12       630      
 4538.35 19      1600     -179.63    -179.512   0.118387    12       668      
 4538.94 20      1650     -179.623   -179.512   0.111013    12       670      
 4552.26 21      1747     -179.609   -179.512   0.0971656   10       711      
 4552.36 21      1750     -179.609   -179.512   0.0971656   9        711      
 4558.82 21      1800     -179.609   -179.512   0.0971656   11       736      
 4559.75 22      1859     -179.604   -179.512   0.0920615   12       738      
 4563.58 22      1900     -179.604   -179.512   0.0920615   12       755      
 4569.08 23      1975     -179.6     -179.512   0.0878088   13       772      
 4573.97 23      2000     -179.6     -179.512   0.0878088   13       792      
 4576.12 24      2089     -179.597   -179.512   0.0848033   13       798      
 4576.24 24      2100     -179.597   -179.512   0.0848033   14       798      
 4583.66 25      2201     -179.594   -179.512   0.0822409   18       827      
 4583.77 25      2202     -179.594   -179.512   0.0822409   19       827      
 4588.11 25      2250     -179.594   -179.512   0.0822409   15       843      
 4589.72 26      2309     -179.592   -179.512   0.0797455   15       847      
 4590.27 26      2350     -179.592   -179.512   0.0797455   15       849      
 4592.9  27      2415     -179.587   -179.512   0.0748457   12       858      
 4597.24 27      2450     -179.587   -179.512   0.0748457   13       875      
 4601.61 28      2527     -179.584   -179.512   0.0717771   12       888      
 4604.41 28      2550     -179.584   -179.512   0.0717771   12       898      
 4607.34 29      2639     -179.582   -179.512   0.0697161   13       907      
 4609.01 29      2650     -179.582   -179.512   0.0697161   12       914      
 4617.87 30      2749     -179.58    -179.512   0.0679055   15       944      
 4618    30      2750     -179.58    -179.512   0.0679055   15       944      
 4628.54 30      2800     -179.58    -179.512   0.0679055   15       976      
 4630.05 31      2859     -179.578   -179.512   0.06564     11       979      
 4635.36 31      2900     -179.578   -179.512   0.06564     13       999      
 4639.81 32      2967     -179.575   -179.512   0.0631807   13       1012     
 4644.69 32      3000     -179.575   -179.512   0.0631807   16       1030     
 4651.87 33      3073     -179.569   -179.512   0.0571495   16       1049     
 4652.08 33      3100     -179.569   -179.512   0.0571495   14       1049     
 4655.72 34      3193     -179.568   -179.512   0.0555391   18       1060     
 4657.95 34      3200     -179.568   -179.512   0.0555391   16       1067     
 4672.19 34      3250     -179.568   -179.512   0.0555391   15       1105     
 4673.56 35      3313     -179.565   -179.512   0.0529178   14       1107     
 4683.21 35      3350     -179.565   -179.512   0.0529178   15       1131     
 4694.23 36      3435     -179.564   -179.512   0.0515557   16       1152     
 4696.54 36      3450     -179.564   -179.512   0.0515557   19       1159     
 4699.79 37      3559     -179.563   -179.512   0.0507759   15       1166     
 4700.18 37      3560     -179.563   -179.512   0.0507759   16       1167     
 4713.87 37      3600     -179.563   -179.512   0.0507759   18       1202     
 4724.23 38      3681     -179.562   -179.512   0.0497854   18       1221     
 4727.68 38      3700     -179.562   -179.512   0.0497854   16       1230     
 4730.43 39      3803     -179.561   -179.512   0.0488367   14       1235     
 4730.92 39      3804     -179.561   -179.512   0.0488367   15       1236     
 4739.84 39      3850     -179.561   -179.512   0.0488367   15       1260     
 4741.77 40      3923     -179.56    -179.512   0.0480674   16       1264     
 4750    40      3950     -179.56    -179.512   0.0480674   20       1284     
 4765.39 41      4043     -179.559   -179.512   0.0472316   23       1315     
 4765.58 41      4050     -179.559   -179.512   0.0472316   22       1315     
 4768.01 41      4100     -179.559   -179.512   0.0472316   18       1321     
 4768.39 42      4159     -179.559   -179.512   0.0466455   18       1321     
 4777.12 42      4200     -179.559   -179.512   0.0466455   22       1344     
 4785.41 43      4275     -179.558   -179.512   0.04587     17       1360     
 4788.56 43      4300     -179.558   -179.512   0.04587     16       1369     
 4798.39 44      4389     -179.557   -179.512   0.0451304   21       1390     
 4798.61 44      4400     -179.557   -179.512   0.0451304   20       1390     
 4814.84 45      4501     -179.556   -179.512   0.0444475   21       1426     
 4815.38 45      4502     -179.556   -179.512   0.0444475   20       1427     
 4825.75 45      4550     -179.556   -179.512   0.0444475   21       1449     
 4828.92 46      4611     -179.554   -179.512   0.041476    20       1454     
 4829.45 46      4650     -179.554   -179.512   0.041476    20       1455     
 4835.32 47      4731     -179.553   -179.512   0.0406826   21       1468     
 4835.58 47      4750     -179.553   -179.512   0.0406826   21       1468     
 4849.95 48      4851     -179.552   -179.512   0.0402443   22       1499     
 4850.16 48      4852     -179.552   -179.512   0.0402443   23       1499     
 4871.58 48      4900     -179.552   -179.512   0.0402443   25       1540     
 4877.89 49      4969     -179.552   -179.512   0.0398875   23       1549     
 4878.21 49      5000     -179.552   -179.512   0.0398875   20       1549     
 4882.09 50      5087     -179.552   -179.512   0.0395605   21       1556     
 4886.89 50      5100     -179.552   -179.512   0.0395605   22       1567     
 4904.13 51      5203     -179.551   -179.512   0.0390857   19       1602     
 4904.38 51      5204     -179.551   -179.512   0.0390857   20       1602     
 4912.6  51      5250     -179.551   -179.512   0.0390857   20       1617     
 4918.86 52      5319     -179.55    -179.512   0.0382159   20       1627     
 4934.27 52      5350     -179.55    -179.512   0.0382159   23       1656     
 4946.81 53      5435     -179.55    -179.512   0.0377676   25       1676     
 4952.66 53      5450     -179.55    -179.512   0.0377676   22       1687     
 4979.62 54      5549     -179.549   -179.512   0.0364498   23       1728     
 4979.86 54      5550     -179.549   -179.512   0.0364498   22       1728     
 5008.05 54      5600     -179.549   -179.512   0.0364498   17       1770     
 5012.67 55      5663     -179.548   -179.512   0.0358613   22       1775     
 5026.9  55      5700     -179.548   -179.512   0.0358613   21       1799     
 5036.33 56      5777     -179.548   -179.512   0.0355899   23       1813     
 5047.14 56      5800     -179.548   -179.512   0.0355899   23       1831     
 5072.3  57      5891     -179.547   -179.512   0.0352471   21       1865     
 5078.02 57      5900     -179.547   -179.512   0.0352471   21       1874     
 5109.62 58      6003     -179.547   -179.512   0.0348745   21       1916     
 5109.89 58      6004     -179.547   -179.512   0.0348745   20       1916     
 5125.6  58      6050     -179.547   -179.512   0.0348745   21       1940     
 5133.38 59      6117     -179.547   -179.512   0.0344937   24       1949     
 5140.22 59      6150     -179.547   -179.512   0.0344937   27       1959     
 5153.18 60      6229     -179.546   -179.512   0.034249    29       1977     
 5153.53 60      6250     -179.546   -179.512   0.034249    26       1977     
 5167.36 61      6339     -179.546   -179.512   0.0339256   23       1998     
 5174.4  61      6350     -179.546   -179.512   0.0339256   20       2009     
 5177.77 62      6447     -179.544   -179.512   0.0313853   22       2013     
 5178.06 62      6450     -179.544   -179.512   0.0313853   23       2013     
 5184.61 62      6500     -179.544   -179.512   0.0313853   26       2024     
 5189.39 63      6569     -179.543   -179.512   0.0307988   22       2031     
 5189.76 63      6600     -179.543   -179.512   0.0307988   24       2031     
 5193.05 64      6693     -179.543   -179.512   0.0306388   22       2036     
 5194.9  64      6700     -179.543   -179.512   0.0306388   23       2039     
 5212.48 64      6750     -179.543   -179.512   0.0306388   23       2068     
 5215.08 65      6815     -179.542   -179.512   0.030319    22       2071     
 5219.46 65      6850     -179.542   -179.512   0.030319    24       2078     
 5223.53 66      6937     -179.542   -179.512   0.0302158   24       2084     
 5230.71 66      6950     -179.542   -179.512   0.0302158   27       2096     
 5239.34 67      7059     -179.542   -179.512   0.0300572   24       2109     
 5239.63 67      7060     -179.542   -179.512   0.0300572   25       2109     
 5264.54 67      7100     -179.542   -179.512   0.0300572   25       2147     
 5277.57 68      7179     -179.542   -179.512   0.0298096   24       2164     
 5285.52 68      7200     -179.542   -179.512   0.0298096   22       2176     
 5299.24 69      7299     -179.541   -179.512   0.028879    21       2194     
 5299.59 69      7300     -179.541   -179.512   0.028879    19       2194     
 5317.58 69      7350     -179.541   -179.512   0.028879    20       2219     
 5325.28 70      7421     -179.541   -179.512   0.028615    20       2228     
 5337.9  70      7450     -179.541   -179.512   0.028615    20       2246     
 5344.64 71      7543     -179.541   -179.512   0.0284664   19       2254     
 5346.66 71      7550     -179.541   -179.512   0.0284664   22       2257     
 5376.43 71      7600     -179.541   -179.512   0.0284664   22       2301     
 5379.01 72      7663     -179.541   -179.512   0.0283313   22       2303     
 5402.45 72      7700     -179.541   -179.512   0.0283313   25       2334     
 5422.7  73      7783     -179.54    -179.512   0.0281482   22       2356     
 5433.75 73      7800     -179.54    -179.512   0.0281482   23       2370     
 5474.19 74      7903     -179.54    -179.512   0.0279912   24       2412     
 5474.55 74      7904     -179.54    -179.512   0.0279912   25       2412     
 5513.71 74      7950     -179.54    -179.512   0.0279912   22       2458     
 5525.21 75      8021     -179.54    -179.512   0.0279014   25       2469     
 5541.15 75      8050     -179.54    -179.512   0.0279014   25       2490     
 5564.86 76      8139     -179.54    -179.512   0.0278013   25       2516     
 5571.21 76      8150     -179.54    -179.512   0.0278013   25       2524     
 5600.55 77      8257     -179.54    -179.512   0.0276436   24       2559     
 5600.98 77      8258     -179.54    -179.512   0.0276436   25       2559     
 5618.17 77      8300     -179.54    -179.512   0.0276436   22       2579     
 5630.07 78      8373     -179.54    -179.512   0.0275175   21       2591     
 5645.95 78      8400     -179.54    -179.512   0.0275175   22       2610     
 5662.07 79      8489     -179.54    -179.512   0.0273918   24       2627     
 5662.5  79      8500     -179.54    -179.512   0.0273918   21       2627     
 5675.24 80      8605     -179.539   -179.512   0.027284    26       2643     
 5676.29 80      8606     -179.539   -179.512   0.027284    26       2644     
 5713    80      8650     -179.539   -179.512   0.027284    27       2688     
 5724.3  81      8719     -179.539   -179.512   0.0262876   29       2699     
 5738.05 81      8750     -179.539   -179.512   0.0262876   29       2718     
 5750.26 82      8841     -179.538   -179.512   0.0261326   21       2732     
 5750.7  82      8850     -179.538   -179.512   0.0261326   23       2732     
 5796.06 82      8900     -179.538   -179.512   0.0261326   29       2781     
 5798.08 83      8963     -179.538   -179.512   0.0260607   23       2782     
 5829.81 83      9000     -179.538   -179.512   0.0260607   28       2815     
 5855.22 84      9085     -179.538   -179.512   0.0259544   27       2838     
 5867.3  84      9100     -179.538   -179.512   0.0259544   29       2852     
 5895.29 85      9205     -179.538   -179.512   0.0259166   26       2881     
 5895.74 85      9206     -179.538   -179.512   0.0259166   27       2881     
 5931.27 85      9250     -179.538   -179.512   0.0259166   28       2919     
 5945.98 86      9325     -179.538   -179.512   0.0257856   23       2933     
 5962.39 86      9350     -179.538   -179.512   0.0257856   28       2950     
 5985.19 87      9443     -179.538   -179.512   0.0257282   28       2971     
 5985.71 87      9450     -179.538   -179.512   0.0257282   29       2971     
 6009.01 87      9500     -179.538   -179.512   0.0257282   34       2997     
 6011.91 88      9563     -179.538   -179.512   0.0256324   23       2999     
 6012.53 88      9600     -179.538   -179.512   0.0256324   23       2999     
 6032.12 89      9681     -179.538   -179.512   0.0255366   20       3020     
 6042.83 89      9700     -179.538   -179.512   0.0255366   20       3032     
 6079.71 90      9799     -179.538   -179.512   0.0252298   29       3068     
 6080.19 90      9800     -179.538   -179.512   0.0252298   30       3068     
 6124.82 90      9850     -179.538   -179.512   0.0252298   31       3113     
 6134.3  91      9919     -179.537   -179.512   0.0248569   30       3121     
 6144.25 91      9950     -179.537   -179.512   0.0248569   32       3131     
 6162.9  92      10039    -179.537   -179.512   0.0247811   22       3148     
 6163.44 92      10050    -179.537   -179.512   0.0247811   25       3148     
 6178.97 93      10159    -179.537   -179.512   0.0247044   28       3164     
 6179.45 93      10160    -179.537   -179.512   0.0247044   28       3164     
 6180.08 93      10200    -179.537   -179.512   0.0247044   30       3164     
 6185.8  94      10279    -179.537   -179.512   0.0246426   24       3170     
 6200.8  94      10300    -179.537   -179.512   0.0246426   27       3187     
 6227.7  95      10397    -179.537   -179.512   0.0245671   26       3215     
 6229.05 95      10400    -179.537   -179.512   0.0245671   27       3216     
 6254.37 95      10450    -179.537   -179.512   0.0245671   29       3242     
 6260.39 96      10515    -179.537   -179.512   0.0245057   27       3247     
 6278.29 96      10550    -179.537   -179.512   0.0245057   27       3265     
 6290.36 97      10633    -179.537   -179.512   0.0244226   21       3276     
 6306.28 97      10650    -179.537   -179.512   0.0244226   28       3292     
 6340.75 98      10749    -179.537   -179.512   0.0243285   26       3324     
 6341.26 98      10750    -179.537   -179.512   0.0243285   27       3324     
 6350.35 98      10800    -179.537   -179.512   0.0243285   31       3333     
 6357.61 99      10865    -179.537   -179.512   0.0242566   29       3339     
 6391.78 99      10900    -179.537   -179.512   0.0242566   23       3372     
 6417.09 100     10979    -179.536   -179.512   0.0241606   26       3393     
 6434.27 100     11000    -179.536   -179.512   0.0241606   25       3409     
 6476.39 101     11093    -179.536   -179.512   0.0240732   29       3444     
 6476.94 101     11100    -179.536   -179.512   0.0240732   30       3444     
 6495.4  102     11205    -179.536   -179.512   0.0240327   26       3461     
 6495.96 102     11206    -179.536   -179.512   0.0240327   26       3461     
 6496.7  102     11250    -179.536   -179.512   0.0240327   24       3461     
 6500.31 103     11319    -179.536   -179.512   0.0239915   21       3464     
 6527.84 103     11350    -179.536   -179.512   0.0239915   25       3490     
 6558.15 104     11433    -179.536   -179.512   0.0239317   27       3516     
 6577.21 104     11450    -179.536   -179.512   0.0239317   26       3533     
 6607.08 105     11545    -179.536   -179.512   0.0235797   20       3557     
 6607.68 105     11550    -179.536   -179.512   0.0235797   22       3557     
 6644.83 105     11600    -179.536   -179.512   0.0235797   28       3590     
 6647.21 106     11659    -179.536   -179.512   0.0235362   27       3591     
 6647.99 106     11700    -179.536   -179.512   0.0235362   27       3591     
 6654.75 107     11775    -179.536   -179.512   0.0235224   33       3597     
 6668.06 107     11800    -179.536   -179.512   0.0235224   33       3610     
 6678.94 108     11889    -179.536   -179.512   0.0234923   24       3619     
 6688.02 108     11900    -179.536   -179.512   0.0234923   25       3627     
 6742.69 109     12003    -179.536   -179.512   0.0234667   26       3672     
 6743.25 109     12004    -179.536   -179.512   0.0234667   26       3672     
 6778.16 109     12050    -179.536   -179.512   0.0234667   29       3703     
 6789.67 110     12117    -179.536   -179.512   0.0234215   23       3712     
 6817.37 110     12150    -179.536   -179.512   0.0234215   27       3735     
 6837.88 111     12231    -179.536   -179.512   0.0232062   20       3750     
 6850.92 111     12250    -179.536   -179.512   0.0232062   26       3761     
 6898.97 112     12345    -179.535   -179.512   0.0231477   25       3798     
 6899.54 112     12350    -179.535   -179.512   0.0231477   26       3798     
 6956    112     12400    -179.535   -179.512   0.0231477   28       3846     
 6958.61 113     12459    -179.535   -179.512   0.0230766   23       3847     
 7000.7  113     12500    -179.535   -179.512   0.0230766   29       3882     
 7021.15 114     12573    -179.535   -179.512   0.0229271   26       3897     
 7039.19 114     12600    -179.535   -179.512   0.0229271   29       3913     
 7074.35 115     12687    -179.535   -179.512   0.0228849   24       3941     
 7086.41 115     12700    -179.535   -179.512   0.0228849   29       3951     
 7133.17 116     12801    -179.535   -179.512   0.0228368   28       3987     
 7133.76 116     12802    -179.535   -179.512   0.0228368   28       3987     
 7142.91 116     12850    -179.535   -179.512   0.0228368   29       3995     
 7150.89 117     12913    -179.535   -179.512   0.0227818   22       4001     
 7158.92 117     12950    -179.535   -179.512   0.0227818   24       4008     
 7168.82 118     13025    -179.535   -179.512   0.0227247   23       4016     
 7174.67 118     13050    -179.535   -179.512   0.0227247   24       4021     
 7186.96 119     13137    -179.535   -179.512   0.022688    30       4031     
 7195.56 119     13150    -179.535   -179.512   0.022688    29       4038     
 7250.11 120     13249    -179.535   -179.512   0.0226609   28       4080     
 7250.72 120     13250    -179.535   -179.512   0.0226609   28       4080     
 7313.34 120     13300    -179.535   -179.512   0.0226609   26       4128     
 7318.71 121     13359    -179.535   -179.512   0.0226196   24       4131     
 7364.25 121     13400    -179.535   -179.512   0.0226196   27       4168     
 7384.07 122     13471    -179.535   -179.512   0.0225833   27       4182     
 7418.9  122     13500    -179.535   -179.512   0.0225833   29       4207     
 7449.27 123     13583    -179.535   -179.512   0.0225536   27       4227     
 7460.91 123     13600    -179.535   -179.512   0.0225536   28       4236     
 7496.59 124     13693    -179.535   -179.512   0.022527    29       4264     
 7499.72 124     13700    -179.535   -179.512   0.022527    27       4266     
 7538.93 125     13803    -179.535   -179.512   0.0224973   26       4295     
 7539.57 125     13804    -179.535   -179.512   0.0224973   26       4295     
 7562.02 125     13850    -179.535   -179.512   0.0224973   25       4313     
 7572.57 126     13913    -179.535   -179.512   0.0224734   25       4320     
 7602.76 126     13950    -179.535   -179.512   0.0224734   29       4344     
 7627.77 127     14025    -179.535   -179.512   0.0222595   23       4362     
 7655.61 127     14050    -179.535   -179.512   0.0222595   23       4383     
 7701.04 128     14135    -179.535   -179.512   0.0222271   29       4412     
 7713.63 128     14150    -179.535   -179.512   0.0222271   32       4422     
 7755.24 129     14245    -179.535   -179.512   0.0221629   28       4454     
 7759.36 129     14250    -179.535   -179.512   0.0221629   31       4457     
 7791.13 130     14353    -179.534   -179.512   0.0221332   28       4481     
 7791.79 130     14354    -179.534   -179.512   0.0221332   29       4481     
 7822.4  130     14400    -179.534   -179.512   0.0221332   28       4506     
 7831.16 131     14461    -179.534   -179.512   0.0220327   27       4512     
 7864.14 131     14500    -179.534   -179.512   0.0220327   35       4538     
 7884.29 132     14571    -179.534   -179.512   0.0220091   34       4552     
 7898.09 132     14600    -179.534   -179.512   0.0220091   40       4563     
 7932.01 133     14681    -179.534   -179.512   0.0219868   31       4588     
 7942.4  133     14700    -179.534   -179.512   0.0219868   32       4596     
 7966.07 134     14789    -179.534   -179.512   0.0219696   30       4613     
 7970.8  134     14800    -179.534   -179.512   0.0219696   32       4616     
 8017.62 135     14899    -179.534   -179.512   0.021945    29       4650     
 8018.3  135     14900    -179.534   -179.512   0.021945    29       4650     
 8029.26 135     14950    -179.534   -179.512   0.021945    26       4657     
 8033.58 136     15007    -179.534   -179.512   0.0219274   32       4659     
 8063.17 136     15050    -179.534   -179.512   0.0219274   37       4681     
 8078.31 137     15115    -179.534   -179.512   0.0219086   33       4691     
 8101.09 137     15150    -179.534   -179.512   0.0219086   34       4708     
 8112.85 138     15223    -179.534   -179.512   0.0218859   27       4715     
 8134.76 138     15250    -179.534   -179.512   0.0218859   30       4731     
 8165.08 139     15331    -179.534   -179.512   0.0218608   28       4751     
 8166.01 139     15350    -179.534   -179.512   0.0218608   30       4751     
 8183.62 140     15437    -179.534   -179.512   0.0218395   29       4762     
 8199.95 140     15450    -179.534   -179.512   0.0218395   31       4773     
 8253.57 141     15543    -179.534   -179.512   0.0218247   31       4809     
 8258.52 141     15550    -179.534   -179.512   0.0218247   31       4812     
 8311.59 142     15649    -179.534   -179.512   0.0218071   31       4848     
 8312.33 142     15650    -179.534   -179.512   0.0218071   31       4848     
 8327.43 142     15700    -179.534   -179.512   0.0218071   33       4858     
 8330.34 143     15755    -179.534   -179.512   0.0217976   36       4859     
 8340.47 143     15800    -179.534   -179.512   0.0217976   35       4866     
 8351.54 144     15861    -179.534   -179.512   0.0217815   32       4873     
 8400.41 144     15900    -179.534   -179.512   0.0217815   34       4907     
 8421.01 145     15967    -179.534   -179.512   0.0217379   30       4920     
 8422.93 145     16000    -179.534   -179.512   0.0217379   29       4921     
 8441.39 146     16073    -179.534   -179.512   0.0217228   29       4934     
 8471.84 146     16100    -179.534   -179.512   0.0217228   31       4954     
 8511.49 147     16179    -179.534   -179.512   0.02168     34       4979     
 8527.69 147     16200    -179.534   -179.512   0.02168     35       4990     
 8561.3  148     16285    -179.534   -179.512   0.021651    29       5010     
 8584.41 148     16300    -179.534   -179.512   0.021651    26       5025     
 8653.27 149     16389    -179.533   -179.512   0.0204521   29       5061     
 8665.68 149     16400    -179.533   -179.512   0.0204521   30       5069     
 8694.86 150     16505    -179.533   -179.512   0.0204143   30       5087     
 8695.61 150     16506    -179.533   -179.512   0.0204143   31       5087     
 8724.03 150     16550    -179.533   -179.512   0.0204143   33       5106     
 8741.06 151     16621    -179.533   -179.512   0.0203927   31       5117     
 8759.19 151     16650    -179.533   -179.512   0.0203927   37       5129     
 8767.75 152     16737    -179.533   -179.512   0.0203721   32       5134     
 8781.01 152     16750    -179.533   -179.512   0.0203721   31       5143     
 8846.82 153     16853    -179.533   -179.512   0.0203277   31       5187     
 8847.57 153     16854    -179.533   -179.512   0.0203277   32       5187     
 8908.09 153     16900    -179.533   -179.512   0.0203277   39       5227     
 8924.58 154     16969    -179.533   -179.512   0.0202955   30       5237     
 8954.2  154     17000    -179.533   -179.512   0.0202955   30       5257     
 8998.23 155     17085    -179.533   -179.512   0.0202644   32       5283     
 9015.43 155     17100    -179.533   -179.512   0.0202644   35       5294     
 9052.79 156     17199    -179.533   -179.512   0.020251    36       5317     
 9053.6  156     17200    -179.533   -179.512   0.020251    36       5317     
 9102.13 156     17250    -179.533   -179.512   0.020251    42       5348     
 9111.6  157     17313    -179.533   -179.512   0.0202271   34       5353     
 9154.3  157     17350    -179.533   -179.512   0.0202271   32       5380     
 9167.05 158     17427    -179.533   -179.512   0.0201897   30       5387     
 9180.69 158     17450    -179.533   -179.512   0.0201897   31       5396     
 9215.75 159     17541    -179.533   -179.512   0.0201766   33       5418     
 9227.39 159     17550    -179.533   -179.512   0.0201766   32       5425     
 9301.13 160     17655    -179.533   -179.512   0.0201662   35       5469     
 9301.97 160     17656    -179.533   -179.512   0.0201662   36       5469     
 9366.11 160     17700    -179.533   -179.512   0.0201662   36       5509     
 9384.07 161     17767    -179.533   -179.512   0.0201512   32       5519     
 9430.16 161     17800    -179.533   -179.512   0.0201512   33       5547     
 9470.17 162     17879    -179.533   -179.512   0.0201412   40       5569     
 9498.86 162     17900    -179.533   -179.512   0.0201412   39       5586     
 9559.29 163     17991    -179.533   -179.512   0.0201349   39       5620     
 9566.51 163     18000    -179.533   -179.512   0.0201349   39       5624     
 9632.58 164     18105    -179.533   -179.512   0.0201221   33       5663     
 9633.46 164     18106    -179.533   -179.512   0.0201221   32       5663     
 9667.63 164     18150    -179.533   -179.512   0.0201221   33       5683     
 9678.85 165     18217    -179.533   -179.512   0.0200979   28       5689     
 9733.04 165     18250    -179.533   -179.512   0.0200979   29       5720     
 9775.66 166     18329    -179.532   -179.512   0.0199481   30       5742     
 9779.24 166     18350    -179.532   -179.512   0.0199481   34       5744     
 9800.22 167     18443    -179.532   -179.512   0.0199379   38       5756     
 9805.97 167     18450    -179.532   -179.512   0.0199379   37       5759     
 9893.1  168     18500    -179.532   -179.512   0.0199379   36       5808     
 9894.97 168     18557    -179.532   -179.512   0.0199253   34       5808     
 9958.64 168     18600    -179.532   -179.512   0.0199253   38       5844     
 9975.03 169     18671    -179.532   -179.512   0.0199158   35       5852     
 10017   169     18700    -179.532   -179.512   0.0199158   34       5877     
-------------------------------------------------------------------------------

SARSOP finishing ...
  Preset timeout reached
  Timeout     : 10000.000000s
  Actual Time : 10016.980000s

-------------------------------------------------------------------------------
 Time   |#Trial |#Backup |LBound    |UBound    |Precision  |#Alphas |#Beliefs  
-------------------------------------------------------------------------------
 10017   169     18700    -179.532   -179.512   0.0199158   34       5877     
-------------------------------------------------------------------------------

Writing out policy ...
  output file : RAM4_small/3c60f06811.policyx

