
Loading the model ...
  input file   : /home/rstudio/RAM4_small/3c64a8a64a.pomdpx
  loading time : 4.52s 

SARSOP initializing ...
  initialization time : 4410.42s

-------------------------------------------------------------------------------
 Time   |#Trial |#Backup |LBound    |UBound    |Precision  |#Alphas |#Beliefs  
-------------------------------------------------------------------------------
 4410.42 0       0        -150.52    -134.675   15.8454     101      1        
 4411.65 1       50       -138.394   -135.1     3.29363     15       30       
 4413.59 2       131      -137.569   -135.1     2.46854     16       52       
 4413.62 2       150      -137.569   -135.1     2.46854     30       52       
 4414.03 3       225      -137.115   -135.1     2.01452     28       57       
 4414.07 3       250      -137.115   -135.1     2.01452     25       57       
 4414.28 4       317      -136.678   -135.1     1.57794     34       60       
 4414.34 4       350      -136.678   -135.1     1.57794     36       60       
 4414.63 5       409      -136.374   -135.1     1.27408     30       64       
 4416.49 5       450      -136.374   -135.1     1.27408     35       86       
 4416.86 6       500      -136.089   -135.1     0.988963    13       89       
 4419.7  7       585      -135.907   -135.1     0.806385    33       114      
 4420.5  7       600      -135.907   -135.1     0.806385    25       124      
 4421.07 8       675      -135.766   -135.1     0.665482    45       128      
 4421.14 8       700      -135.766   -135.1     0.665482    20       128      
 4421.37 9       771      -135.674   -135.1     0.574132    27       130      
 4421.95 9       800      -135.674   -135.1     0.574132    23       138      
 4422.89 10      881      -135.612   -135.1     0.51222     19       145      
 4423.57 10      900      -135.612   -135.1     0.51222     24       153      
 4424.46 11      993      -135.549   -135.1     0.449211    17       158      
 4424.49 11      1000     -135.549   -135.1     0.449211    18       158      
 4424.67 11      1050     -135.549   -135.1     0.449211    20       160      
 4424.88 12      1111     -135.521   -135.1     0.420846    16       161      
 4425.89 12      1150     -135.521   -135.1     0.420846    15       173      
 4426.69 13      1233     -135.488   -135.1     0.387446    11       178      
 4427.71 13      1250     -135.488   -135.1     0.387446    8        188      
 4428.99 14      1349     -135.442   -135.1     0.34187     11       196      
 4429.02 14      1350     -135.442   -135.1     0.34187     10       196      
 4429.68 14      1400     -135.442   -135.1     0.34187     10       204      
 4430.28 15      1465     -135.413   -135.1     0.312873    8        208      
 4430.35 15      1500     -135.413   -135.1     0.312873    9        208      
 4430.77 16      1587     -135.395   -135.1     0.294846    9        212      
 4430.83 16      1600     -135.395   -135.1     0.294846    9        212      
 4431.82 17      1711     -135.379   -135.1     0.279128    9        221      
 4431.85 17      1712     -135.379   -135.1     0.279128    10       221      
 4433.45 17      1750     -135.379   -135.1     0.279128    10       235      
 4434.55 18      1831     -135.355   -135.1     0.254353    9        240      
 4435.44 18      1850     -135.355   -135.1     0.254353    9        249      
 4435.78 19      1951     -135.333   -135.1     0.233063    11       250      
 4435.88 19      1952     -135.333   -135.1     0.233063    12       251      
 4437.96 19      2000     -135.333   -135.1     0.233063    8        267      
 4438.91 20      2071     -135.316   -135.1     0.215832    11       271      
 4438.99 20      2100     -135.316   -135.1     0.215832    10       271      
 4439.6  21      2195     -135.303   -135.1     0.202422    9        275      
 4440.27 21      2200     -135.303   -135.1     0.202422    11       280      
 4441.71 21      2250     -135.303   -135.1     0.202422    10       289      
 4442.68 22      2323     -135.295   -135.1     0.195092    9        293      
 4443.7  22      2350     -135.295   -135.1     0.195092    9        300      
 4444.87 23      2447     -135.282   -135.1     0.182003    9        305      
 4444.92 23      2450     -135.282   -135.1     0.182003    11       305      
 4445.04 23      2500     -135.282   -135.1     0.182003    12       305      
 4445.49 24      2571     -135.273   -135.1     0.172597    11       308      
 4446.96 24      2600     -135.273   -135.1     0.172597    10       320      
 4447.68 25      2695     -135.261   -135.1     0.161052    11       323      
 4447.97 25      2700     -135.261   -135.1     0.161052    8        325      
 4449.22 25      2750     -135.261   -135.1     0.161052    8        333      
 4450.14 26      2821     -135.251   -135.1     0.150272    12       337      
 4450.25 26      2850     -135.251   -135.1     0.150272    11       337      
 4451.15 27      2949     -135.243   -135.1     0.142835    13       342      
 4451.21 27      2950     -135.243   -135.1     0.142835    13       342      
 4453.17 27      3000     -135.243   -135.1     0.142835    13       356      
 4453.93 28      3077     -135.237   -135.1     0.136545    11       359      
 4454.03 28      3100     -135.237   -135.1     0.136545    11       359      
 4454.78 29      3205     -135.23    -135.1     0.130136    12       364      
 4454.93 29      3206     -135.23    -135.1     0.130136    13       365      
 4457.16 29      3250     -135.23    -135.1     0.130136    11       379      
 4458.47 30      3333     -135.224   -135.1     0.123693    9        385      
 4458.56 30      3350     -135.224   -135.1     0.123693    9        385      
 4459.13 31      3463     -135.219   -135.1     0.119075    11       388      
 4459.19 31      3464     -135.219   -135.1     0.119075    11       388      
 4459.31 31      3500     -135.219   -135.1     0.119075    12       388      
 4461.23 32      3595     -135.215   -135.1     0.114934    9        402      
 4461.3  32      3600     -135.215   -135.1     0.114934    11       402      
 4462.36 32      3650     -135.215   -135.1     0.114934    10       410      
 4463.19 33      3727     -135.213   -135.1     0.112454    13       414      
 4465.42 33      3750     -135.213   -135.1     0.112454    12       427      
 4471.76 34      3855     -135.208   -135.1     0.107942    11       451      
 4471.97 34      3856     -135.208   -135.1     0.107942    12       452      
 4475.35 34      3900     -135.208   -135.1     0.107942    11       467      
 4476.79 35      3985     -135.205   -135.1     0.104368    11       472      
 4480.5  35      4000     -135.205   -135.1     0.104368    12       487      
 4485.1  36      4050     -135.205   -135.1     0.104368    10       502      
 4485.47 36      4115     -135.203   -135.101   0.102051    13       502      
 4488.77 36      4150     -135.203   -135.101   0.102051    17       516      
 4490.17 37      4247     -135.2     -135.101   0.0996329   13       520      
 4490.26 37      4250     -135.2     -135.101   0.0996329   13       520      
 4490.42 37      4300     -135.2     -135.101   0.0996329   13       520      
 4491.78 38      4379     -135.198   -135.101   0.0978366   15       526      
 4491.9  38      4400     -135.198   -135.101   0.0978366   15       526      
 4493.48 39      4509     -135.197   -135.101   0.0964281   14       533      
 4493.57 39      4510     -135.197   -135.101   0.0964281   14       533      
 4493.73 39      4550     -135.197   -135.101   0.0964281   14       533      
 4499.17 40      4639     -135.195   -135.101   0.094714    16       555      
 4499.78 40      4650     -135.195   -135.101   0.094714    17       558      
 4504.62 40      4700     -135.195   -135.101   0.094714    16       579      
 4505.54 41      4767     -135.193   -135.101   0.0921967   14       581      
 4509.83 41      4800     -135.193   -135.101   0.0921967   12       599      
 4511.32 42      4895     -135.189   -135.101   0.0887032   11       603      
 4511.42 42      4900     -135.189   -135.101   0.0887032   10       603      
 4515.59 42      4950     -135.189   -135.101   0.0887032   9        620      
 4519.04 43      5027     -135.187   -135.101   0.0865151   13       630      
 4520.69 43      5050     -135.187   -135.101   0.0865151   12       637      
 4521.95 44      5159     -135.186   -135.101   0.0851366   13       641      
 4522.05 44      5160     -135.186   -135.101   0.0851366   14       641      
 4523.63 44      5200     -135.186   -135.101   0.0851366   16       648      
 4528.92 45      5291     -135.184   -135.101   0.0839237   17       666      
 4530.47 45      5300     -135.184   -135.101   0.0839237   16       672      
 4531.47 45      5350     -135.184   -135.101   0.0839237   16       676      
 4532.25 46      5423     -135.183   -135.101   0.082715    12       678      
 4532.43 46      5450     -135.183   -135.101   0.082715    12       678      
 4538.14 47      5555     -135.182   -135.101   0.0811355   19       699      
 4538.26 47      5556     -135.182   -135.101   0.0811355   19       699      
 4540.5  47      5600     -135.182   -135.101   0.0811355   13       707      
 4541.67 48      5687     -135.181   -135.101   0.0801171   14       710      
 4544.18 48      5700     -135.181   -135.101   0.0801171   15       720      
 4549.14 48      5750     -135.181   -135.101   0.0801171   17       735      
 4549.85 49      5817     -135.179   -135.101   0.0786764   13       736      
 4550.05 49      5850     -135.179   -135.101   0.0786764   13       736      
 4554.74 50      5947     -135.177   -135.101   0.0767348   19       752      
 4555.56 50      5950     -135.177   -135.101   0.0767348   15       755      
 4558.15 50      6000     -135.177   -135.101   0.0767348   12       764      
 4559.18 51      6077     -135.175   -135.101   0.0746285   11       767      
 4559.35 51      6100     -135.175   -135.101   0.0746285   13       767      
 4567.61 52      6209     -135.174   -135.101   0.0730731   15       794      
 4567.74 52      6210     -135.174   -135.101   0.0730731   16       794      
 4567.93 52      6250     -135.174   -135.101   0.0730731   17       794      
 4569.02 53      6341     -135.173   -135.101   0.0722439   14       797      
 4569.18 53      6350     -135.173   -135.101   0.0722439   14       797      
 4569.39 53      6400     -135.173   -135.101   0.0722439   14       797      
 4570.55 54      6473     -135.172   -135.101   0.0716554   14       801      
 4572.19 54      6500     -135.172   -135.101   0.0716554   15       807      
 4579.99 55      6605     -135.171   -135.101   0.0702739   14       831      
 4580.12 55      6606     -135.171   -135.101   0.0702739   15       831      
 4582.75 55      6650     -135.171   -135.101   0.0702739   17       839      
 4585.5  56      6735     -135.17    -135.101   0.0694334   13       846      
 4585.68 56      6750     -135.17    -135.101   0.0694334   13       846      
 4586.91 57      6800     -135.17    -135.101   0.0694334   14       850      
 4587.22 57      6865     -135.169   -135.101   0.0686712   16       850      
 4587.43 57      6900     -135.169   -135.101   0.0686712   16       850      
 4590.59 58      6995     -135.168   -135.101   0.0677515   15       861      
 4590.74 58      7000     -135.168   -135.101   0.0677515   18       861      
 4594.08 58      7050     -135.168   -135.101   0.0677515   22       872      
 4597.27 59      7123     -135.168   -135.101   0.0672778   16       880      
 4604.13 59      7150     -135.168   -135.101   0.0672778   15       900      
 4610.22 60      7251     -135.167   -135.101   0.0664667   17       914      
 4610.36 60      7252     -135.167   -135.101   0.0664667   17       914      
 4610.63 60      7300     -135.167   -135.101   0.0664667   16       914      
 4615.21 61      7379     -135.167   -135.101   0.0658852   21       926      
 4620.51 61      7400     -135.167   -135.101   0.0658852   19       941      
 4622.18 62      7507     -135.164   -135.101   0.0634121   22       944      
 4622.33 62      7508     -135.164   -135.101   0.0634121   20       944      
 4626.06 62      7550     -135.164   -135.101   0.0634121   21       954      
 4631.37 63      7641     -135.163   -135.101   0.0625895   15       966      
 4631.55 63      7650     -135.163   -135.101   0.0625895   13       966      
 4632.37 63      7700     -135.163   -135.101   0.0625895   14       968      
 4635.3  64      7775     -135.163   -135.101   0.0619158   16       975      
 4641.12 64      7800     -135.163   -135.101   0.0619158   12       990      
 4646.8  65      7907     -135.162   -135.101   0.0614079   13       1003     
 4646.97 65      7908     -135.162   -135.101   0.0614079   13       1003     
 4650.52 65      7950     -135.162   -135.101   0.0614079   16       1012     
 4655.76 66      8039     -135.162   -135.101   0.0609909   15       1023     
 4655.97 66      8050     -135.162   -135.101   0.0609909   17       1023     
 4656.23 66      8100     -135.162   -135.101   0.0609909   19       1023     
 4658.41 67      8173     -135.161   -135.101   0.0606571   19       1028     
 4658.64 67      8200     -135.161   -135.101   0.0606571   20       1028     
 4660.39 68      8307     -135.161   -135.101   0.0601957   17       1032     
 4660.56 68      8308     -135.161   -135.101   0.0601957   18       1032     
 4660.81 68      8350     -135.161   -135.101   0.0601957   18       1032     
 4665.4  69      8439     -135.161   -135.101   0.0598661   18       1043     
 4666.88 69      8450     -135.161   -135.101   0.0598661   15       1047     
 4668.21 69      8500     -135.161   -135.101   0.0598661   17       1050     
 4670.12 70      8571     -135.16    -135.101   0.0593658   17       1054     
 4670.38 70      8600     -135.16    -135.101   0.0593658   20       1054     
 4676.87 71      8703     -135.16    -135.101   0.058981    16       1069     
 4677.05 71      8704     -135.16    -135.101   0.058981    17       1069     
 4681.04 71      8750     -135.16    -135.101   0.058981    18       1079     
 4684.63 72      8835     -135.16    -135.101   0.0587561   18       1087     
 4689.4  72      8850     -135.16    -135.101   0.0587561   17       1098     
 4697.97 73      8900     -135.16    -135.101   0.0587561   20       1116     
 4698.45 73      8965     -135.159   -135.101   0.0581085   18       1116     
 4701.51 73      9000     -135.159   -135.101   0.0581085   17       1123     
 4703.75 74      9095     -135.158   -135.101   0.0576349   17       1127     
 4703.95 74      9100     -135.158   -135.101   0.0576349   17       1127     
 4705.77 74      9150     -135.158   -135.101   0.0576349   18       1131     
 4710.11 75      9225     -135.158   -135.101   0.0569467   20       1140     
 4710.4  75      9250     -135.158   -135.101   0.0569467   21       1140     
 4715.21 76      9355     -135.157   -135.101   0.0565424   19       1150     
 4715.4  76      9356     -135.157   -135.101   0.0565424   17       1150     
 4720.72 76      9400     -135.157   -135.101   0.0565424   16       1162     
 4723.05 77      9485     -135.157   -135.101   0.0561167   18       1166     
 4723.31 77      9500     -135.157   -135.101   0.0561167   18       1166     
 4724.78 78      9550     -135.157   -135.101   0.0561167   20       1169     
 4725.18 78      9615     -135.157   -135.101   0.0558315   18       1169     
 4728.62 78      9650     -135.157   -135.101   0.0558315   19       1177     
 4730.72 79      9745     -135.156   -135.101   0.0555928   20       1181     
 4730.93 79      9750     -135.156   -135.101   0.0555928   19       1181     
 4736.06 79      9800     -135.156   -135.101   0.0555928   19       1192     
 4739.13 80      9875     -135.156   -135.101   0.0552004   21       1198     
 4739.41 80      9900     -135.156   -135.101   0.0552004   21       1198     
 4741.36 81      10005    -135.156   -135.101   0.0548089   21       1202     
 4741.56 81      10006    -135.156   -135.101   0.0548089   21       1202     
 4741.86 81      10050    -135.156   -135.101   0.0548089   21       1202     
 4743.82 82      10135    -135.155   -135.101   0.0546182   21       1206     
 4745.64 82      10150    -135.155   -135.101   0.0546182   20       1211     
 4747.76 83      10200    -135.155   -135.101   0.0546182   19       1216     
 4748.19 83      10265    -135.155   -135.101   0.0543143   20       1216     
 4748.49 83      10300    -135.155   -135.101   0.0543143   24       1216     
 4751.24 84      10395    -135.155   -135.101   0.0541114   23       1222     
 4751.45 84      10400    -135.155   -135.101   0.0541114   23       1222     
 4751.76 84      10450    -135.155   -135.101   0.0541114   25       1222     
 4753.74 85      10523    -135.155   -135.101   0.0540203   24       1226     
 4754.06 85      10550    -135.155   -135.101   0.0540203   20       1226     
 4756.84 86      10651    -135.155   -135.101   0.0538489   21       1232     
 4757.05 86      10652    -135.155   -135.101   0.0538489   22       1232     
 4761.36 86      10700    -135.155   -135.101   0.0538489   24       1242     
 4764.84 87      10779    -135.155   -135.101   0.0536962   20       1249     
 4767.83 87      10800    -135.155   -135.101   0.0536962   20       1256     
 4770.91 88      10909    -135.154   -135.101   0.052974    22       1262     
 4771.11 88      10910    -135.154   -135.101   0.052974    22       1262     
 4773.83 88      10950    -135.154   -135.101   0.052974    25       1268     
 4776.75 89      11039    -135.153   -135.101   0.0524639   18       1273     
 4780.98 89      11050    -135.153   -135.101   0.0524639   18       1282     
 4785.26 89      11100    -135.153   -135.101   0.0524639   19       1292     
 4787.18 90      11169    -135.153   -135.101   0.0520112   18       1295     
 4794.72 90      11200    -135.153   -135.101   0.0520112   18       1311     
 4797.18 91      11297    -135.151   -135.101   0.0505386   20       1315     
 4797.4  91      11300    -135.151   -135.101   0.0505386   21       1315     
 4797.76 91      11350    -135.151   -135.101   0.0505386   21       1315     
 4804.34 92      11431    -135.151   -135.101   0.0501802   21       1328     
 4806.99 92      11450    -135.151   -135.101   0.0501802   20       1333     
 4815.76 93      11565    -135.151   -135.101   0.0497278   16       1350     
 4815.99 93      11566    -135.151   -135.101   0.0497278   16       1350     
 4816.29 93      11600    -135.151   -135.101   0.0497278   19       1350     
 4821.28 94      11699    -135.15    -135.101   0.0494683   16       1359     
 4821.5  94      11700    -135.15    -135.101   0.0494683   16       1359     
 4826.21 94      11750    -135.15    -135.101   0.0494683   18       1369     
 4828.74 95      11833    -135.15    -135.101   0.0492307   22       1373     
 4829.02 95      11850    -135.15    -135.101   0.0492307   21       1373     
 4831.2  96      11965    -135.15    -135.101   0.0489658   19       1377     
 4831.42 96      11966    -135.15    -135.101   0.0489658   20       1377     
 4834.87 96      12000    -135.15    -135.101   0.0489658   18       1384     
 4846.22 97      12097    -135.15    -135.101   0.0486575   19       1406     
 4847.87 97      12100    -135.15    -135.101   0.0486575   20       1409     
 4853.43 97      12150    -135.15    -135.101   0.0486575   19       1419     
 4858.29 98      12229    -135.149   -135.101   0.0481209   19       1427     
 4858.62 98      12250    -135.149   -135.101   0.0481209   20       1427     
 4863.6  99      12363    -135.149   -135.101   0.0478766   27       1436     
 4863.84 99      12364    -135.149   -135.101   0.0478766   26       1436     
 4864.19 99      12400    -135.149   -135.101   0.0478766   22       1436     
 4866.15 100     12497    -135.149   -135.101   0.0476082   17       1439     
 4866.39 100     12500    -135.149   -135.101   0.0476082   18       1439     
 4866.77 100     12550    -135.149   -135.101   0.0476082   19       1439     
 4872.13 101     12631    -135.148   -135.101   0.0473047   18       1449     
 4877.51 101     12650    -135.148   -135.101   0.0473047   19       1459     
 4888.09 102     12763    -135.148   -135.101   0.0471168   20       1476     
 4888.34 102     12764    -135.148   -135.101   0.0471168   21       1476     
 4888.72 102     12800    -135.148   -135.101   0.0471168   22       1476     
 4892.98 103     12895    -135.148   -135.101   0.0469497   24       1483     
 4893.72 103     12900    -135.148   -135.101   0.0469497   25       1484     
 4901.04 103     12950    -135.148   -135.101   0.0469497   20       1497     
 4907.45 104     13027    -135.148   -135.101   0.0467042   19       1507     
 4917.44 104     13050    -135.148   -135.101   0.0467042   22       1524     
 4926.23 105     13159    -135.147   -135.101   0.0462336   24       1537     
 4926.49 105     13160    -135.147   -135.101   0.0462336   22       1537     
 4926.87 105     13200    -135.147   -135.101   0.0462336   22       1537     
 4929.62 106     13291    -135.147   -135.101   0.0459752   18       1541     
 4930.96 106     13300    -135.147   -135.101   0.0459752   20       1543     
 4938.35 106     13350    -135.147   -135.101   0.0459752   20       1555     
 4942.5  107     13423    -135.147   -135.101   0.0458825   24       1561     
 4942.88 107     13450    -135.147   -135.101   0.0458825   26       1561     
 4949.82 108     13553    -135.147   -135.101   0.0457287   19       1572     
 4950.09 108     13554    -135.147   -135.101   0.0457287   19       1572     
 4950.48 108     13600    -135.147   -135.101   0.0457287   22       1572     
 4952.59 109     13683    -135.147   -135.101   0.0456302   20       1575     
 4952.9  109     13700    -135.147   -135.101   0.0456302   21       1575     
 4955.48 110     13813    -135.147   -135.101   0.0455988   22       1579     
 4955.75 110     13814    -135.147   -135.101   0.0455988   23       1579     
 4956.99 110     13850    -135.147   -135.101   0.0455988   24       1581     
 4965.45 111     13945    -135.147   -135.101   0.0454893   28       1595     
 4965.74 111     13950    -135.147   -135.101   0.0454893   28       1595     
 4966.18 111     14000    -135.147   -135.101   0.0454893   28       1595     
 4970.97 112     14075    -135.146   -135.101   0.045445    27       1603     
 4981.51 112     14100    -135.146   -135.101   0.045445    29       1620     
 4988.63 113     14205    -135.146   -135.101   0.045261    27       1630     
 4988.92 113     14206    -135.146   -135.101   0.045261    27       1630     
 4993.87 113     14250    -135.146   -135.101   0.045261    30       1637     
 5000.42 114     14335    -135.146   -135.101   0.0450638   28       1646     
 5000.78 114     14350    -135.146   -135.101   0.0450638   30       1646     
 5004.13 115     14400    -135.146   -135.101   0.0450638   30       1651     
 5004.7  115     14465    -135.146   -135.101   0.0448717   23       1651     
 5005.14 115     14500    -135.146   -135.101   0.0448717   23       1651     
 5011.7  116     14595    -135.146   -135.101   0.044615    23       1661     
 5012    116     14600    -135.146   -135.101   0.044615    24       1661     
 5012.44 116     14650    -135.146   -135.101   0.044615    25       1661     
 5015.3  117     14725    -135.145   -135.101   0.04443     23       1665     
 5015.65 117     14750    -135.145   -135.101   0.04443     29       1665     
 5018.42 118     14855    -135.145   -135.101   0.0443715   27       1669     
 5018.72 118     14856    -135.145   -135.101   0.0443715   28       1669     
 5021.39 118     14900    -135.145   -135.101   0.0443715   29       1673     
 5023.54 119     14983    -135.145   -135.101   0.044281    24       1676     
 5023.91 119     15000    -135.145   -135.101   0.044281    26       1676     
 5030.98 120     15111    -135.145   -135.101   0.044124    24       1687     
 5031.28 120     15112    -135.145   -135.101   0.044124    22       1687     
 5031.68 120     15150    -135.145   -135.101   0.044124    25       1687     
 5034.5  121     15241    -135.145   -135.101   0.0438749   22       1691     
 5034.82 121     15250    -135.145   -135.101   0.0438749   23       1691     
 5035.23 121     15300    -135.145   -135.101   0.0438749   24       1691     
 5037.47 122     15369    -135.145   -135.101   0.0438037   21       1694     
 5047.47 122     15400    -135.145   -135.101   0.0438037   22       1709     
 5055.57 123     15497    -135.145   -135.101   0.0437187   26       1720     
 5055.89 123     15500    -135.145   -135.101   0.0437187   26       1720     
 5069.78 123     15550    -135.145   -135.101   0.0437187   25       1740     
 5074.43 124     15625    -135.145   -135.101   0.0435446   24       1745     
 5074.89 124     15650    -135.145   -135.101   0.0435446   22       1745     
 5080.85 125     15753    -135.144   -135.101   0.0433972   22       1753     
 5081.16 125     15754    -135.144   -135.101   0.0433972   23       1753     
 5083.96 125     15800    -135.144   -135.101   0.0433972   24       1757     
 5090.42 126     15881    -135.144   -135.101   0.0433056   22       1766     
 5100.44 126     15900    -135.144   -135.101   0.0433056   25       1780     
 5117.01 127     16009    -135.144   -135.101   0.0428938   22       1800     
 5117.33 127     16010    -135.144   -135.101   0.0428938   21       1800     
 5124.27 127     16050    -135.144   -135.101   0.0428938   22       1809     
 5128.78 128     16137    -135.144   -135.101   0.0427986   25       1815     
 5138.81 128     16150    -135.144   -135.101   0.0427986   29       1828     
 5146.34 128     16200    -135.144   -135.101   0.0427986   29       1838     
 5147.11 129     16265    -135.144   -135.101   0.0427468   25       1838     
 5154.8  129     16300    -135.144   -135.101   0.0427468   26       1849     
 5162.01 130     16395    -135.144   -135.101   0.0424711   23       1858     
 5162.87 130     16400    -135.144   -135.101   0.0424711   25       1859     
 5178.71 130     16450    -135.144   -135.101   0.0424711   23       1879     
 5185.4  131     16523    -135.143   -135.101   0.0423648   22       1886     
 5197.29 131     16550    -135.143   -135.101   0.0423648   24       1901     
 5212.49 132     16651    -135.143   -135.101   0.0422823   22       1918     
 5212.83 132     16652    -135.143   -135.101   0.0422823   23       1918     
 5213.35 132     16700    -135.143   -135.101   0.0422823   24       1918     
 5216.14 133     16779    -135.143   -135.101   0.0422017   24       1921     
 5223.98 133     16800    -135.143   -135.101   0.0422017   24       1931     
 5228.45 134     16907    -135.143   -135.101   0.0420326   22       1936     
 5228.79 134     16908    -135.143   -135.101   0.0420326   22       1936     
 5260.22 134     16950    -135.143   -135.101   0.0420326   22       1973     
 5268.92 135     17035    -135.143   -135.101   0.0419446   26       1981     
 5274.72 135     17050    -135.143   -135.101   0.0419446   27       1988     
 5281.33 136     17163    -135.143   -135.101   0.0418623   23       1995     
 5281.7  136     17164    -135.143   -135.101   0.0418623   23       1995     
 5282.22 136     17200    -135.143   -135.101   0.0418623   26       1995     
 5285.24 137     17289    -135.143   -135.101   0.0418104   27       1998     
 5288    137     17300    -135.143   -135.101   0.0418104   31       2001     
 5299.38 137     17350    -135.143   -135.101   0.0418104   26       2016     
 5302.42 138     17417    -135.143   -135.101   0.0416506   24       2019     
 5310.86 138     17450    -135.143   -135.101   0.0416506   23       2029     
 5322.02 139     17543    -135.142   -135.101   0.0403907   22       2041     
 5325.56 139     17550    -135.142   -135.101   0.0403907   24       2045     
 5345.07 139     17600    -135.142   -135.101   0.0403907   23       2067     
 5353.29 140     17675    -135.141   -135.101   0.0401464   26       2075     
 5359.75 140     17700    -135.141   -135.101   0.0401464   24       2083     
 5366.35 141     17807    -135.141   -135.101   0.0399424   20       2090     
 5366.72 141     17808    -135.141   -135.101   0.0399424   21       2090     
 5367.23 141     17850    -135.141   -135.101   0.0399424   26       2090     
 5376.18 142     17937    -135.141   -135.101   0.0398774   28       2101     
 5380.34 142     17950    -135.141   -135.101   0.0398774   32       2106     
 5392.39 142     18000    -135.141   -135.101   0.0398774   28       2120     
 5394.81 143     18069    -135.141   -135.101   0.0397561   23       2122     
 5405.47 143     18100    -135.141   -135.101   0.0397561   28       2135     
 5416.06 144     18203    -135.141   -135.101   0.0395341   20       2147     
 5416.44 144     18204    -135.141   -135.101   0.0395341   21       2147     
 5417.03 144     18250    -135.141   -135.101   0.0395341   24       2147     
 5424.83 145     18335    -135.141   -135.101   0.0394213   23       2156     
 5425.29 145     18350    -135.141   -135.101   0.0394213   24       2156     
 5429.47 145     18400    -135.141   -135.101   0.0394213   24       2161     
 5430.21 146     18467    -135.141   -135.101   0.0393426   24       2161     
 5439.12 146     18500    -135.141   -135.101   0.0393426   29       2172     
 5446.37 147     18599    -135.141   -135.101   0.0392943   24       2180     
 5446.76 147     18600    -135.141   -135.101   0.0392943   24       2180     
 5451.21 147     18650    -135.141   -135.101   0.0392943   25       2185     
 5456.59 148     18731    -135.14    -135.101   0.0391748   20       2191     
 5457.1  148     18750    -135.14    -135.101   0.0391748   23       2191     
 5463.36 149     18861    -135.14    -135.101   0.0390044   21       2198     
 5463.74 149     18862    -135.14    -135.101   0.0390044   21       2198     
 5494.9  149     18900    -135.14    -135.101   0.0390044   20       2232     
 5510.69 150     18991    -135.14    -135.101   0.0388836   25       2248     
 5511.15 150     19000    -135.14    -135.101   0.0388836   27       2248     
 5527.15 150     19050    -135.14    -135.101   0.0388836   27       2265     
 5532.92 151     19121    -135.14    -135.101   0.038834    23       2270     
 5533.45 151     19150    -135.14    -135.101   0.038834    25       2270     
 5546.05 152     19253    -135.14    -135.101   0.0387585   27       2283     
 5546.46 152     19254    -135.14    -135.101   0.0387585   27       2283     
 5561.95 152     19300    -135.14    -135.101   0.0387585   27       2299     
 5569.58 153     19383    -135.14    -135.101   0.0387098   21       2306     
 5572.3  153     19400    -135.14    -135.101   0.0387098   24       2309     
 5581.12 154     19513    -135.14    -135.101   0.038638    29       2318     
 5581.53 154     19514    -135.14    -135.101   0.038638    29       2318     
 5588.21 154     19550    -135.14    -135.101   0.038638    34       2325     
 5595.92 155     19643    -135.14    -135.101   0.0386189   25       2333     
 5598.12 155     19650    -135.14    -135.101   0.0386189   25       2335     
 5603.45 155     19700    -135.14    -135.101   0.0386189   25       2341     
 5609.22 156     19773    -135.14    -135.101   0.038589    22       2347     
 5616.32 156     19800    -135.14    -135.101   0.038589    26       2355     
 5623.14 157     19903    -135.139   -135.101   0.038064    25       2362     
 5623.53 157     19904    -135.139   -135.101   0.038064    24       2362     
 5624.15 157     19950    -135.139   -135.101   0.038064    26       2362     
 5632.66 158     20035    -135.139   -135.101   0.037929    23       2371     
 5633.18 158     20050    -135.139   -135.101   0.037929    24       2371     
 5651.88 159     20100    -135.139   -135.101   0.037929    26       2391     
 5652.67 159     20165    -135.139   -135.101   0.0378237   25       2391     
 5653.22 159     20200    -135.139   -135.101   0.0378237   31       2391     
 5660.03 160     20297    -135.139   -135.101   0.0377732   31       2398     
 5660.44 160     20300    -135.139   -135.101   0.0377732   31       2398     
 5661.1  160     20350    -135.139   -135.101   0.0377732   31       2398     
 5670.1  161     20431    -135.139   -135.101   0.0376035   24       2408     
 5670.58 161     20450    -135.139   -135.101   0.0376035   24       2408     
 5681.68 162     20563    -135.139   -135.101   0.0375554   28       2420     
 5682.09 162     20564    -135.139   -135.101   0.0375554   29       2420     
 5682.62 162     20600    -135.139   -135.101   0.0375554   29       2420     
 5688.29 163     20695    -135.139   -135.101   0.0375147   25       2426     
 5688.74 163     20700    -135.139   -135.101   0.0375147   28       2426     
 5689.36 163     20750    -135.139   -135.101   0.0375147   28       2426     
 5695.76 164     20827    -135.139   -135.101   0.037459    24       2433     
 5696.26 164     20850    -135.139   -135.101   0.037459    27       2433     
 5702.2  165     20959    -135.139   -135.101   0.0374338   24       2439     
 5702.62 165     20960    -135.139   -135.101   0.0374338   24       2439     
 5703.18 165     21000    -135.139   -135.101   0.0374338   26       2439     
 5708.72 166     21089    -135.139   -135.101   0.0374044   24       2445     
 5714.57 166     21100    -135.139   -135.101   0.0374044   26       2451     
 5724.15 166     21150    -135.139   -135.101   0.0374044   27       2462     
 5727.63 167     21219    -135.139   -135.101   0.037384    26       2465     
 5735.04 167     21250    -135.139   -135.101   0.037384    28       2473     
 5741.38 168     21351    -135.139   -135.101   0.0373224   22       2479     
 5741.79 168     21352    -135.139   -135.101   0.0373224   22       2479     
 5742.45 168     21400    -135.139   -135.101   0.0373224   22       2479     
 5749.72 169     21481    -135.139   -135.101   0.0372891   22       2486     
 5760.46 169     21500    -135.139   -135.101   0.0372891   25       2497     
 5777.53 170     21611    -135.139   -135.101   0.0372409   25       2514     
 5777.96 170     21612    -135.139   -135.101   0.0372409   25       2514     
 5778.62 170     21650    -135.139   -135.101   0.0372409   27       2514     
 5784.14 171     21741    -135.139   -135.101   0.0372025   27       2519     
 5784.64 171     21750    -135.139   -135.101   0.0372025   28       2519     
 5789.47 171     21800    -135.139   -135.101   0.0372025   26       2524     
 5794.75 172     21871    -135.138   -135.101   0.0371572   24       2529     
 5795.3  172     21900    -135.138   -135.101   0.0371572   24       2529     
 5801.32 173     22001    -135.138   -135.101   0.0371428   24       2535     
 5801.77 173     22002    -135.138   -135.101   0.0371428   24       2535     
 5802.39 173     22050    -135.138   -135.101   0.0371428   25       2535     
 5810.07 174     22133    -135.138   -135.101   0.0370786   25       2543     
 5810.56 174     22150    -135.138   -135.101   0.0370786   26       2543     
 5815.71 175     22263    -135.138   -135.101   0.0370642   27       2548     
 5816.16 175     22264    -135.138   -135.101   0.0370642   28       2548     
 5816.76 175     22300    -135.138   -135.101   0.0370642   29       2548     
 5822.73 176     22395    -135.138   -135.101   0.0369999   26       2554     
 5823.19 176     22400    -135.138   -135.101   0.0369999   26       2554     
 5838.88 176     22450    -135.138   -135.101   0.0369999   26       2570     
 5847.62 177     22525    -135.138   -135.101   0.0369232   25       2578     
 5848.22 177     22550    -135.138   -135.101   0.0369232   28       2578     
 5860.46 178     22655    -135.138   -135.101   0.0368857   25       2590     
 5860.91 178     22656    -135.138   -135.101   0.0368857   25       2590     
 5861.51 178     22700    -135.138   -135.101   0.0368857   27       2590     
 5867.44 179     22785    -135.138   -135.101   0.0368792   27       2596     
 5867.95 179     22800    -135.138   -135.101   0.0368792   27       2596     
 5871.8  180     22850    -135.138   -135.101   0.0368792   27       2600     
 5872.6  180     22915    -135.138   -135.101   0.0368575   23       2600     
 5873.3  180     22950    -135.138   -135.101   0.0368575   24       2600     
 5883.48 181     23045    -135.138   -135.101   0.0368341   23       2610     
 5883.96 181     23050    -135.138   -135.101   0.0368341   24       2610     
 5884.61 181     23100    -135.138   -135.101   0.0368341   24       2610     
 5891.53 182     23175    -135.138   -135.101   0.0368155   26       2617     
 5896.3  182     23200    -135.138   -135.101   0.0368155   29       2622     
 5903.27 183     23303    -135.138   -135.101   0.0368071   25       2629     
 5904.47 183     23304    -135.138   -135.101   0.0368071   26       2630     
 5917.97 183     23350    -135.138   -135.101   0.0368071   28       2644     
 5922.67 184     23431    -135.138   -135.101   0.0367745   29       2648     
 5923.22 184     23450    -135.138   -135.101   0.0367745   32       2648     
 5930.58 185     23561    -135.138   -135.101   0.0367672   27       2655     
 5931.04 185     23562    -135.138   -135.101   0.0367672   27       2655     
 5931.65 185     23600    -135.138   -135.101   0.0367672   28       2655     
 5937.89 186     23689    -135.138   -135.101   0.0367646   28       2661     
 5938.39 186     23700    -135.138   -135.101   0.0367646   29       2661     
 5942.52 186     23750    -135.138   -135.101   0.0367646   28       2665     
 5946.02 187     23819    -135.138   -135.101   0.0366861   31       2668     
 5949.02 187     23850    -135.138   -135.101   0.0366861   31       2671     
 5958.84 188     23949    -135.138   -135.101   0.0365661   28       2681     
 5959.29 188     23950    -135.138   -135.101   0.0365661   28       2681     
 5960.86 188     24000    -135.138   -135.101   0.0365661   28       2682     
 5974.49 189     24079    -135.138   -135.101   0.0364726   26       2695     
 5975.15 189     24100    -135.138   -135.101   0.0364726   29       2695     
 5993.13 190     24207    -135.138   -135.101   0.0364336   31       2712     
 5993.59 190     24208    -135.138   -135.101   0.0364336   32       2712     
 6002.96 190     24250    -135.138   -135.101   0.0364336   33       2721     
 6013.82 191     24339    -135.138   -135.101   0.0362921   27       2731     
 6017.43 191     24350    -135.138   -135.101   0.0362921   28       2734     
 6043.2  191     24400    -135.138   -135.101   0.0362921   28       2758     
 6047.65 192     24469    -135.138   -135.101   0.0362241   28       2761     
 6060.96 192     24500    -135.138   -135.101   0.0362241   29       2773     
 6074.7  193     24599    -135.138   -135.101   0.0361446   30       2785     
 6075.21 193     24600    -135.138   -135.101   0.0361446   29       2785     
 6075.96 193     24650    -135.138   -135.101   0.0361446   29       2785     
 6086.14 194     24729    -135.137   -135.101   0.0360797   23       2794     
 6086.73 194     24750    -135.137   -135.101   0.0360797   25       2794     
 6093.63 195     24857    -135.137   -135.101   0.0360593   27       2800     
 6094.14 195     24858    -135.137   -135.101   0.0360593   27       2800     
 6102.9  195     24900    -135.137   -135.101   0.0360593   27       2808     
 6115.01 196     24987    -135.137   -135.101   0.0360281   22       2819     
 6115.6  196     25000    -135.137   -135.101   0.0360281   22       2819     
 6124.44 196     25050    -135.137   -135.101   0.0360281   28       2827     
 6125.42 197     25115    -135.137   -135.101   0.0360177   33       2827     
 6126.1  197     25150    -135.137   -135.101   0.0360177   33       2827     
 6133.28 198     25243    -135.137   -135.101   0.0360071   25       2833     
 6133.81 198     25250    -135.137   -135.101   0.0360071   26       2833     
 6137.41 198     25300    -135.137   -135.101   0.0360071   28       2836     
 6145.51 199     25373    -135.137   -135.101   0.0359768   24       2843     
 6146.12 199     25400    -135.137   -135.101   0.0359768   24       2843     
 6154.91 200     25503    -135.137   -135.101   0.0359445   26       2851     
 6156.41 200     25504    -135.137   -135.101   0.0359445   23       2852     
 6168.93 200     25550    -135.137   -135.101   0.0359445   25       2863     
 6177.42 201     25631    -135.137   -135.101   0.0356824   21       2870     
 6181.13 201     25650    -135.137   -135.101   0.0356824   21       2873     
 6189.43 202     25761    -135.137   -135.101   0.0356006   21       2880     
 6189.93 202     25762    -135.137   -135.101   0.0356006   20       2880     
 6190.59 202     25800    -135.137   -135.101   0.0356006   21       2880     
 6196.52 203     25891    -135.137   -135.101   0.0355613   19       2885     
 6197.09 203     25900    -135.137   -135.101   0.0355613   20       2885     
 6198.72 203     25950    -135.137   -135.101   0.0355613   20       2886     
 6203.72 204     26019    -135.137   -135.101   0.03554     22       2890     
 6204.35 204     26050    -135.137   -135.101   0.03554     23       2890     
 6212.22 205     26151    -135.137   -135.101   0.0355131   19       2897     
 6212.74 205     26152    -135.137   -135.101   0.0355131   19       2897     
 6219.35 205     26200    -135.137   -135.101   0.0355131   22       2903     
 6231.64 206     26279    -135.137   -135.101   0.0354971   24       2914     
 6232.36 206     26300    -135.137   -135.101   0.0354971   26       2914     
 6241.41 207     26409    -135.137   -135.101   0.0354739   23       2922     
 6241.92 207     26410    -135.137   -135.101   0.0354739   23       2922     
 6255.1  207     26450    -135.137   -135.101   0.0354739   21       2934     
 6261.35 208     26537    -135.137   -135.101   0.0354135   22       2939     
 6261.96 208     26550    -135.137   -135.101   0.0354135   26       2939     
 6266.98 208     26600    -135.137   -135.101   0.0354135   30       2943     
 6267.99 209     26665    -135.137   -135.101   0.035401    26       2943     
 6268.74 209     26700    -135.137   -135.101   0.035401    28       2943     
 6279.04 210     26793    -135.137   -135.101   0.0353936   28       2952     
 6279.6  210     26800    -135.137   -135.101   0.0353936   30       2952     
 6284.98 210     26850    -135.137   -135.101   0.0353936   33       2957     
 6292.01 211     26921    -135.137   -135.101   0.0353792   28       2963     
 6308.86 211     26950    -135.137   -135.101   0.0353792   23       2978     
 6326.51 212     27051    -135.137   -135.101   0.0353506   20       2992     
 6327.06 212     27052    -135.137   -135.101   0.0353506   20       2992     
 6327.87 212     27100    -135.137   -135.101   0.0353506   20       2992     
 6334.25 213     27179    -135.137   -135.101   0.0353422   22       2997     
 6334.91 213     27200    -135.137   -135.101   0.0353422   23       2997     
 6342.2  214     27307    -135.137   -135.101   0.0353385   24       3003     
 6342.77 214     27308    -135.137   -135.101   0.0353385   24       3003     
 6343.52 214     27350    -135.137   -135.101   0.0353385   24       3003     
 6349.8  215     27435    -135.137   -135.101   0.035329    24       3008     
 6354.89 215     27450    -135.137   -135.101   0.035329    24       3012     
 6366.7  216     27500    -135.137   -135.101   0.035329    29       3022     
 6367.73 216     27565    -135.137   -135.101   0.0353122   23       3022     
 6387.38 216     27600    -135.137   -135.101   0.0353122   29       3040     
 6395.55 217     27693    -135.137   -135.102   0.0350119   19       3046     
 6396.13 217     27700    -135.137   -135.102   0.0350119   20       3046     
 6401.06 217     27750    -135.137   -135.102   0.0350119   20       3050     
 6408.77 218     27821    -135.137   -135.102   0.0349977   23       3056     
 6409.57 218     27850    -135.137   -135.102   0.0349977   25       3056     
 6418.4  219     27951    -135.137   -135.102   0.0349712   24       3063     
 6418.96 219     27952    -135.137   -135.102   0.0349712   24       3063     
 6419.74 219     28000    -135.137   -135.102   0.0349712   25       3063     
 6426.05 220     28081    -135.136   -135.102   0.0349269   27       3068     
 6426.67 220     28100    -135.136   -135.102   0.0349269   30       3068     
 6437.61 221     28211    -135.136   -135.102   0.0349101   26       3077     
 6438.17 221     28212    -135.136   -135.102   0.0349101   26       3077     
 6438.86 221     28250    -135.136   -135.102   0.0349101   27       3077     
 6447.25 222     28341    -135.136   -135.102   0.0348878   22       3084     
 6447.85 222     28350    -135.136   -135.102   0.0348878   25       3084     
 6451.77 222     28400    -135.136   -135.102   0.0348878   24       3087     
 6458.14 223     28471    -135.136   -135.102   0.0348616   23       3092     
 6458.82 223     28500    -135.136   -135.102   0.0348616   25       3092     
 6467.21 224     28599    -135.136   -135.102   0.0348418   21       3099     
 6467.75 224     28600    -135.136   -135.102   0.0348418   21       3099     
 6468.51 224     28650    -135.136   -135.102   0.0348418   23       3099     
 6475.69 225     28727    -135.136   -135.102   0.034824    22       3105     
 6487.79 225     28750    -135.136   -135.102   0.034824    22       3115     
 6504.08 226     28855    -135.136   -135.102   0.0347967   18       3128     
 6504.62 226     28856    -135.136   -135.102   0.0347967   18       3128     
 6528.71 226     28900    -135.136   -135.102   0.0347967   21       3148     
 6538.24 227     28983    -135.136   -135.102   0.0347612   25       3155     
 6539.01 227     29000    -135.136   -135.102   0.0347612   25       3155     
 6546.94 228     29111    -135.136   -135.102   0.0347552   30       3161     
 6547.61 228     29112    -135.136   -135.102   0.0347552   30       3161     
 6559.26 228     29150    -135.136   -135.102   0.0347552   34       3171     
 6572.23 229     29241    -135.136   -135.102   0.0347295   21       3181     
 6572.85 229     29250    -135.136   -135.102   0.0347295   22       3181     
 6581.75 229     29300    -135.136   -135.102   0.0347295   23       3188     
 6587.71 230     29369    -135.136   -135.102   0.0347188   20       3192     
 6588.43 230     29400    -135.136   -135.102   0.0347188   21       3192     
 6599.87 231     29499    -135.136   -135.102   0.0347108   23       3201     
 6600.44 231     29500    -135.136   -135.102   0.0347108   23       3201     
 6601.26 231     29550    -135.136   -135.102   0.0347108   24       3201     
 6609.8  232     29629    -135.136   -135.102   0.0345826   22       3207     
 6629.67 232     29650    -135.136   -135.102   0.0345826   20       3222     
 6641.18 233     29757    -135.136   -135.102   0.0345716   24       3230     
 6641.78 233     29758    -135.136   -135.102   0.0345716   24       3230     
 6642.77 233     29800    -135.136   -135.102   0.0345716   28       3230     
 6653.67 234     29887    -135.136   -135.102   0.0345571   23       3238     
 6657.55 234     29900    -135.136   -135.102   0.0345571   24       3241     
 6667.87 234     29950    -135.136   -135.102   0.0345571   27       3249     
 6670.24 235     30017    -135.136   -135.102   0.034553    30       3250     
 6681.82 235     30050    -135.136   -135.102   0.034553    38       3259     
 6694.64 236     30147    -135.136   -135.102   0.0345302   29       3269     
 6695.25 236     30150    -135.136   -135.102   0.0345302   28       3269     
 6696.21 236     30200    -135.136   -135.102   0.0345302   25       3269     
 6709.25 237     30275    -135.136   -135.102   0.0345124   26       3279     
 6715.69 237     30300    -135.136   -135.102   0.0345124   27       3284     
 6722.55 238     30403    -135.136   -135.102   0.0344067   23       3289     
 6723.12 238     30404    -135.136   -135.102   0.0344067   23       3289     
 6731.73 238     30450    -135.136   -135.102   0.0344067   24       3296     
 6746.78 239     30531    -135.136   -135.102   0.0343606   23       3308     
 6751.86 239     30550    -135.136   -135.102   0.0343606   25       3312     
 6772.84 240     30661    -135.136   -135.102   0.0343238   23       3329     
 6773.45 240     30662    -135.136   -135.102   0.0343238   24       3329     
 6774.29 240     30700    -135.136   -135.102   0.0343238   26       3329     
 6785.85 241     30789    -135.136   -135.102   0.0343025   29       3338     
 6786.51 241     30800    -135.136   -135.102   0.0343025   30       3338     
 6793.15 241     30850    -135.136   -135.102   0.0343025   31       3343     
 6797.86 242     30919    -135.136   -135.102   0.0342732   25       3346     
 6799.66 242     30950    -135.136   -135.102   0.0342732   24       3347     
 6820.34 243     31049    -135.136   -135.102   0.0341727   27       3364     
 6820.92 243     31050    -135.136   -135.102   0.0341727   27       3364     
 6832.94 243     31100    -135.136   -135.102   0.0341727   32       3374     
 6844.25 244     31177    -135.136   -135.102   0.0341625   30       3382     
 6859.81 244     31200    -135.136   -135.102   0.0341625   37       3394     
 6866.03 245     31305    -135.136   -135.102   0.0340759   37       3398     
 6866.63 245     31306    -135.136   -135.102   0.0340759   37       3398     
 6882.08 245     31350    -135.136   -135.102   0.0340759   38       3410     
 6890.06 246     31435    -135.136   -135.102   0.0340486   26       3416     
 6905.44 246     31450    -135.136   -135.102   0.0340486   26       3428     
 6922.84 247     31500    -135.136   -135.102   0.0340486   24       3442     
 6924.12 247     31565    -135.136   -135.102   0.0340273   28       3442     
 6924.98 247     31600    -135.136   -135.102   0.0340273   33       3442     
 6931.1  248     31693    -135.136   -135.102   0.0340167   24       3446     
 6935.55 248     31700    -135.136   -135.102   0.0340167   27       3449     
 6940.29 248     31750    -135.136   -135.102   0.0340167   29       3452     
 6948.67 249     31823    -135.136   -135.102   0.0340017   23       3458     
 6954.65 249     31850    -135.136   -135.102   0.0340017   26       3462     
 6961.93 250     31951    -135.136   -135.102   0.0339827   23       3467     
 6962.55 250     31952    -135.136   -135.102   0.0339827   23       3467     
 6975.35 250     32000    -135.136   -135.102   0.0339827   27       3477     
 6985.05 251     32081    -135.136   -135.102   0.0339563   21       3484     
 6985.82 251     32100    -135.136   -135.102   0.0339563   22       3484     
 6994.23 252     32207    -135.136   -135.102   0.0339266   25       3490     
 6994.86 252     32208    -135.136   -135.102   0.0339266   25       3490     
 6995.69 252     32250    -135.136   -135.102   0.0339266   31       3490     
 7000.41 253     32333    -135.136   -135.102   0.0339071   25       3493     
 7001.13 253     32350    -135.136   -135.102   0.0339071   26       3493     
 7008.64 254     32461    -135.136   -135.102   0.0338845   28       3498     
 7009.3  254     32462    -135.136   -135.102   0.0338845   28       3498     
 7016.11 254     32500    -135.136   -135.102   0.0338845   28       3503     
 7023.38 255     32589    -135.135   -135.102   0.0338496   28       3508     
 7024.07 255     32600    -135.135   -135.102   0.0338496   29       3508     
 7028.49 255     32650    -135.135   -135.102   0.0338496   29       3511     
 7032.18 256     32717    -135.135   -135.102   0.0338342   23       3513     
 7040.62 256     32750    -135.135   -135.102   0.0338342   27       3519     
 7045.19 257     32843    -135.135   -135.102   0.0338029   20       3522     
 7047.07 257     32850    -135.135   -135.102   0.0338029   21       3523     
 7053.77 257     32900    -135.135   -135.102   0.0338029   21       3528     
 7063.72 258     32973    -135.135   -135.102   0.0337213   22       3535     
 7067.76 258     33000    -135.135   -135.102   0.0337213   27       3538     
 7078.98 259     33103    -135.135   -135.102   0.0336715   19       3546     
 7079.6  259     33104    -135.135   -135.102   0.0336715   19       3546     
 7080.6  259     33150    -135.135   -135.102   0.0336715   23       3546     
 7087.85 260     33229    -135.135   -135.102   0.0336439   24       3551     
 7088.72 260     33250    -135.135   -135.102   0.0336439   27       3551     
 7098.17 261     33357    -135.135   -135.102   0.0336208   22       3558     
 7098.79 261     33358    -135.135   -135.102   0.0336208   22       3558     
 7105.96 261     33400    -135.135   -135.102   0.0336208   23       3563     
 7113.34 262     33483    -135.135   -135.102   0.0335825   24       3568     
 7123.86 262     33500    -135.135   -135.102   0.0335825   26       3576     
 7135.99 263     33609    -135.135   -135.102   0.0335736   29       3585     
 7136.64 263     33610    -135.135   -135.102   0.0335736   29       3585     
 7137.51 263     33650    -135.135   -135.102   0.0335736   31       3585     
 7146.72 264     33737    -135.135   -135.102   0.0335405   30       3591     
 7148.63 264     33750    -135.135   -135.102   0.0335405   31       3592     
 7172.61 264     33800    -135.135   -135.102   0.0335405   28       3611     
 7173.93 265     33865    -135.135   -135.102   0.0335181   25       3611     
 7174.86 265     33900    -135.135   -135.102   0.0335181   28       3611     
 7190.34 266     33993    -135.135   -135.102   0.0334676   25       3623     
 7191.02 266     34000    -135.135   -135.102   0.0334676   25       3623     
 7196.65 266     34050    -135.135   -135.102   0.0334676   26       3627     
 7205.53 267     34121    -135.135   -135.102   0.0334531   31       3633     
 7206.33 267     34150    -135.135   -135.102   0.0334531   35       3633     
 7216.13 268     34249    -135.135   -135.102   0.0334412   28       3640     
 7216.76 268     34250    -135.135   -135.102   0.0334412   28       3640     
 7223.73 268     34300    -135.135   -135.102   0.0334412   33       3646     
 7239.47 269     34377    -135.135   -135.102   0.0334246   28       3658     
 7250.41 269     34400    -135.135   -135.102   0.0334246   29       3666     
 7276.43 270     34503    -135.135   -135.102   0.0334156   28       3685     
 7277.1  270     34504    -135.135   -135.102   0.0334156   28       3685     
 7278.05 270     34550    -135.135   -135.102   0.0334156   30       3685     
 7289.47 271     34631    -135.135   -135.102   0.0333966   24       3693     
 7290.24 271     34650    -135.135   -135.102   0.0333966   25       3693     
 7300.28 272     34759    -135.135   -135.102   0.0333842   25       3700     
 7300.96 272     34760    -135.135   -135.102   0.0333842   25       3700     
 7311.12 272     34800    -135.135   -135.102   0.0333842   26       3707     
 7318.99 273     34885    -135.135   -135.102   0.0333474   26       3712     
 7322.3  273     34900    -135.135   -135.102   0.0333474   29       3714     
 7330.29 274     35011    -135.135   -135.102   0.0333283   26       3719     
 7330.96 274     35012    -135.135   -135.102   0.0333283   27       3719     
 7349.41 274     35050    -135.135   -135.102   0.0333283   25       3733     
 7359.81 275     35137    -135.135   -135.102   0.0333155   22       3740     
 7360.65 275     35150    -135.135   -135.102   0.0333155   25       3740     
 7370.4  276     35200    -135.135   -135.102   0.0333155   30       3747     
 7371.56 276     35263    -135.135   -135.102   0.0333054   25       3747     
 7379.68 276     35300    -135.135   -135.102   0.0333054   28       3753     
 7389.54 277     35389    -135.135   -135.102   0.0332845   28       3760     
 7394.21 277     35400    -135.135   -135.102   0.0332845   31       3763     
 7404.38 277     35450    -135.135   -135.102   0.0332845   35       3770     
 7407.01 278     35515    -135.135   -135.102   0.0332706   29       3771     
 7407.95 278     35550    -135.135   -135.102   0.0332706   30       3771     
 7425.64 279     35641    -135.135   -135.102   0.0332551   30       3784     
 7436.94 279     35650    -135.135   -135.102   0.0332551   34       3792     
 7449.1  279     35700    -135.135   -135.102   0.0332551   38       3801     
 7454.36 280     35767    -135.135   -135.102   0.0332114   29       3804     
 7455.2  280     35800    -135.135   -135.102   0.0332114   32       3804     
 7461.64 281     35893    -135.135   -135.102   0.0332069   32       3808     
 7462.35 281     35900    -135.135   -135.102   0.0332069   33       3808     
 7464.41 281     35950    -135.135   -135.102   0.0332069   34       3809     
 7472.93 282     36021    -135.135   -135.102   0.0331286   28       3815     
 7473.72 282     36050    -135.135   -135.102   0.0331286   30       3815     
 7482.86 283     36149    -135.135   -135.102   0.0331095   30       3821     
 7483.52 283     36150    -135.135   -135.102   0.0331095   30       3821     
 7484.44 283     36200    -135.135   -135.102   0.0331095   32       3821     
 7493.44 284     36277    -135.135   -135.102   0.0331019   29       3827     
 7508.9  284     36300    -135.135   -135.102   0.0331019   29       3839     
 7519.19 285     36405    -135.135   -135.102   0.0330809   28       3846     
 7519.85 285     36406    -135.135   -135.102   0.0330809   27       3846     
 7520.91 285     36450    -135.135   -135.102   0.0330809   29       3846     
 7528.66 286     36533    -135.135   -135.102   0.0330311   22       3851     
 7529.45 286     36550    -135.135   -135.102   0.0330311   23       3851     
 7542.35 287     36661    -135.135   -135.102   0.0330127   23       3860     
 7543.03 287     36662    -135.135   -135.102   0.0330127   23       3860     
 7543.87 287     36700    -135.135   -135.102   0.0330127   25       3860     
 7551.55 288     36787    -135.135   -135.102   0.0329938   26       3865     
 7552.38 288     36800    -135.135   -135.102   0.0329938   25       3865     
 7571.92 289     36911    -135.135   -135.102   0.0329759   24       3879     
 7572.6  289     36912    -135.135   -135.102   0.0329759   24       3879     
 7573.48 289     36950    -135.135   -135.102   0.0329759   26       3879     
 7584.97 290     37037    -135.135   -135.102   0.0329668   24       3887     
 7585.71 290     37050    -135.135   -135.102   0.0329668   25       3887     
 7598.48 291     37100    -135.135   -135.102   0.0329668   27       3896     
 7599.66 291     37163    -135.135   -135.102   0.0329622   31       3896     
 7600.55 291     37200    -135.135   -135.102   0.0329622   34       3896     
 7609.78 292     37287    -135.135   -135.102   0.0329539   30       3902     
 7610.55 292     37300    -135.135   -135.102   0.0329539   32       3902     
 7617.22 293     37411    -135.135   -135.102   0.032945    26       3906     
 7617.91 293     37412    -135.135   -135.102   0.032945    26       3906     
 7618.79 293     37450    -135.135   -135.102   0.032945    28       3906     
 7628.53 294     37537    -135.135   -135.102   0.0329384   28       3912     
 7629.44 294     37550    -135.135   -135.102   0.0329384   28       3912     
 7649.59 295     37661    -135.135   -135.102   0.0329358   31       3926     
 7650.29 295     37662    -135.135   -135.102   0.0329358   31       3926     
 7659.72 295     37700    -135.135   -135.102   0.0329358   31       3933     
 7684.11 296     37787    -135.135   -135.102   0.0329328   34       3950     
 7689.11 296     37800    -135.135   -135.102   0.0329328   35       3953     
 7701.11 297     37850    -135.135   -135.102   0.0329328   41       3961     
 7702.42 297     37913    -135.135   -135.102   0.032923    35       3961     
 7712.82 297     37950    -135.135   -135.102   0.032923    37       3968     
 7740.53 298     38039    -135.135   -135.102   0.0329148   28       3987     
 7745.33 298     38050    -135.135   -135.102   0.0329148   29       3990     
 7754.56 298     38100    -135.135   -135.102   0.0329148   37       3996     
 7757.26 299     38165    -135.135   -135.102   0.0329099   29       3997     
 7758.16 299     38200    -135.135   -135.102   0.0329099   31       3997     
 7771.17 300     38291    -135.135   -135.102   0.0329009   30       4005     
 7774.91 300     38300    -135.135   -135.102   0.0329009   31       4007     
 7792.32 300     38350    -135.135   -135.102   0.0329009   34       4019     
 7798.02 301     38417    -135.135   -135.102   0.0328963   32       4022     
 7805.4  301     38450    -135.135   -135.102   0.0328963   34       4027     
 7817.07 302     38543    -135.135   -135.102   0.0328855   23       4034     
 7820.9  302     38550    -135.135   -135.102   0.0328855   24       4036     
 7850.84 302     38600    -135.135   -135.102   0.0328855   26       4055     
 7858.55 303     38667    -135.135   -135.102   0.0328483   34       4059     
 7862.67 303     38700    -135.135   -135.102   0.0328483   34       4061     
 7874.64 304     38791    -135.135   -135.102   0.0328423   32       4068     
 7876.95 304     38800    -135.135   -135.102   0.0328423   33       4069     
 7900.08 304     38850    -135.135   -135.102   0.0328423   31       4085     
 7904.42 305     38915    -135.135   -135.102   0.0328386   30       4087     
 7907.84 305     38950    -135.135   -135.102   0.0328386   32       4089     
 7922.62 306     39039    -135.135   -135.102   0.0328369   33       4098     
 7929.76 306     39050    -135.135   -135.102   0.0328369   34       4102     
 7946.37 306     39100    -135.135   -135.102   0.0328369   38       4113     
 7949.38 307     39165    -135.135   -135.102   0.0328332   27       4114     
 7962.06 307     39200    -135.135   -135.102   0.0328332   28       4123     
 7970.9  308     39289    -135.135   -135.102   0.032828    21       4128     
 7977.88 308     39300    -135.135   -135.102   0.032828    22       4132     
 7991.71 308     39350    -135.135   -135.102   0.032828    25       4141     
 7993.18 309     39413    -135.135   -135.102   0.0328242   24       4141     
 8006.01 309     39450    -135.135   -135.102   0.0328242   25       4149     
 8018.04 310     39539    -135.135   -135.102   0.0328203   26       4156     
 8022.98 310     39550    -135.135   -135.102   0.0328203   28       4159     
 8036.08 310     39600    -135.135   -135.102   0.0328203   28       4167     
 8039.1  311     39665    -135.135   -135.102   0.032816    26       4168     
 8058.37 311     39700    -135.135   -135.102   0.032816    30       4180     
 8070.65 312     39789    -135.135   -135.102   0.032814    26       4187     
 8071.53 312     39800    -135.135   -135.102   0.032814    28       4187     
 8081.76 312     39850    -135.135   -135.102   0.032814    30       4193     
 8084.78 313     39915    -135.135   -135.102   0.0328126   32       4194     
 8094.9  313     39950    -135.135   -135.102   0.0328126   33       4200     
 8109.1  314     40039    -135.135   -135.102   0.0328119   30       4208     
 8110.03 314     40050    -135.135   -135.102   0.0328119   33       4208     
 8120.53 314     40100    -135.135   -135.102   0.0328119   33       4214     
 8125.01 315     40167    -135.134   -135.102   0.0327151   23       4216     
 8126.1  315     40200    -135.134   -135.102   0.0327151   26       4216     
 8138.22 316     40293    -135.134   -135.102   0.0327043   23       4223     
 8139.08 316     40300    -135.134   -135.102   0.0327043   24       4223     
 8140.27 316     40350    -135.134   -135.102   0.0327043   24       4223     
 8147.23 317     40417    -135.134   -135.102   0.0326892   24       4227     
 8158.23 317     40450    -135.134   -135.102   0.0326892   27       4234     
 8173.77 318     40543    -135.134   -135.102   0.0321349   29       4243     
 8174.58 318     40550    -135.134   -135.102   0.0321349   30       4243     
 8180.32 318     40600    -135.134   -135.102   0.0321349   31       4246     
 8187.83 319     40671    -135.134   -135.102   0.0321194   26       4250     
 8203.5  319     40700    -135.134   -135.102   0.0321194   26       4260     
 8215.99 320     40801    -135.134   -135.102   0.0320962   20       4268     
 8216.69 320     40802    -135.134   -135.102   0.0320962   19       4268     
 8220.27 320     40850    -135.134   -135.102   0.0320962   20       4270     
 8234.3  321     40929    -135.134   -135.102   0.0320691   25       4279     
 8235.28 321     40950    -135.134   -135.102   0.0320691   27       4279     
 8246.42 322     41055    -135.134   -135.102   0.0320655   26       4286     
 8247.17 322     41056    -135.134   -135.102   0.0320655   27       4286     
 8248.36 322     41100    -135.134   -135.102   0.0320655   28       4286     
 8256.8  323     41183    -135.134   -135.102   0.032054    21       4291     
 8257.78 323     41200    -135.134   -135.102   0.032054    24       4291     
 8267.86 324     41313    -135.134   -135.102   0.0320143   25       4297     
 8268.55 324     41314    -135.134   -135.102   0.0320143   25       4297     
 8276.61 324     41350    -135.134   -135.102   0.0320143   28       4303     
 8288.59 325     41441    -135.134   -135.102   0.0319985   27       4311     
 8289.39 325     41450    -135.134   -135.102   0.0319985   28       4311     
 8293.12 325     41500    -135.134   -135.102   0.0319985   36       4313     
 8299.79 326     41569    -135.134   -135.102   0.0319937   31       4317     
 8300.79 326     41600    -135.134   -135.102   0.0319937   31       4317     
 8311.5  327     41699    -135.134   -135.102   0.0319854   29       4324     
 8312.21 327     41700    -135.134   -135.102   0.0319854   29       4324     
 8322.29 327     41750    -135.134   -135.102   0.0319854   30       4331     
 8333.39 328     41825    -135.134   -135.102   0.0319771   28       4339     
 8339.49 328     41850    -135.134   -135.102   0.0319771   28       4343     
 8351.45 329     41953    -135.134   -135.102   0.0319651   23       4351     
 8352.17 329     41954    -135.134   -135.102   0.0319651   23       4351     
 8353.11 329     42000    -135.134   -135.102   0.0319651   23       4351     
 8361.8  330     42081    -135.134   -135.102   0.0319611   24       4357     
 8362.71 330     42100    -135.134   -135.102   0.0319611   24       4357     
 8369.93 331     42207    -135.134   -135.102   0.0319564   22       4361     
 8370.76 331     42208    -135.134   -135.102   0.0319564   22       4361     
 8374.23 331     42250    -135.134   -135.102   0.0319564   24       4363     
 8384.6  332     42333    -135.134   -135.102   0.0319522   22       4369     
 8396.95 332     42350    -135.134   -135.102   0.0319522   23       4377     
 8418.07 333     42459    -135.134   -135.102   0.0319502   30       4390     
 8418.83 333     42460    -135.134   -135.102   0.0319502   30       4390     
 8422.16 333     42500    -135.134   -135.102   0.0319502   36       4392     
 8433.2  334     42587    -135.134   -135.102   0.0319478   24       4399     
 8434.08 334     42600    -135.134   -135.102   0.0319478   27       4399     
 8446.49 334     42650    -135.134   -135.102   0.0319478   30       4407     
 8447.92 335     42715    -135.134   -135.102   0.0319147   29       4407     
 8449.05 335     42750    -135.134   -135.102   0.0319147   28       4407     
 8466.8  336     42843    -135.134   -135.102   0.0318984   28       4418     
 8467.66 336     42850    -135.134   -135.102   0.0318984   30       4418     
 8470.28 336     42900    -135.134   -135.102   0.0318984   32       4419     
 8479.02 337     42969    -135.134   -135.102   0.0318653   28       4424     
 8479.98 337     43000    -135.134   -135.102   0.0318653   36       4424     
 8491.3  338     43095    -135.134   -135.102   0.0318521   26       4431     
 8492.06 338     43100    -135.134   -135.102   0.0318521   27       4431     
 8493.08 338     43150    -135.134   -135.102   0.0318521   27       4431     
 8505.33 339     43223    -135.134   -135.102   0.0318419   24       4439     
 8506.21 339     43250    -135.134   -135.102   0.0318419   30       4439     
 8517.15 340     43349    -135.134   -135.102   0.0318381   25       4446     
 8517.88 340     43350    -135.134   -135.102   0.0318381   25       4446     
 8518.88 340     43400    -135.134   -135.102   0.0318381   30       4446     
 8528.95 341     43477    -135.134   -135.102   0.0318321   24       4452     
 8529.83 341     43500    -135.134   -135.102   0.0318321   29       4452     
 8539.67 342     43603    -135.134   -135.102   0.0318282   23       4458     
 8540.43 342     43604    -135.134   -135.102   0.0318282   23       4458     
 8541.44 342     43650    -135.134   -135.102   0.0318282   27       4458     
 8552.03 343     43729    -135.134   -135.102   0.0318187   21       4464     
 8553.11 343     43750    -135.134   -135.102   0.0318187   21       4464     
 8576.11 344     43857    -135.134   -135.102   0.0318047   24       4478     
 8576.87 344     43858    -135.134   -135.102   0.0318047   25       4478     
 8578.04 344     43900    -135.134   -135.102   0.0318047   26       4478     
 8599.44 345     43985    -135.134   -135.102   0.0317989   28       4491     
 8600.29 345     44000    -135.134   -135.102   0.0317989   29       4491     
 8620.59 346     44113    -135.134   -135.102   0.0317956   33       4503     
 8621.36 346     44114    -135.134   -135.102   0.0317956   34       4503     
 8622.34 346     44150    -135.134   -135.102   0.0317956   35       4503     
 8640.69 347     44239    -135.134   -135.102   0.0317864   26       4514     
 8643.1  347     44250    -135.134   -135.102   0.0317864   28       4515     
 8663.62 347     44300    -135.134   -135.102   0.0317864   33       4528     
 8666.54 348     44365    -135.134   -135.102   0.0317817   30       4529     
 8674.47 348     44400    -135.134   -135.102   0.0317817   32       4534     
 8694.48 349     44493    -135.134   -135.102   0.0317737   30       4546     
 8695.3  349     44500    -135.134   -135.102   0.0317737   32       4546     
 8703.72 349     44550    -135.134   -135.102   0.0317737   26       4551     
 8716.14 350     44623    -135.134   -135.102   0.0317537   26       4558     
 8717.28 350     44650    -135.134   -135.102   0.0317537   30       4558     
 8738.83 351     44751    -135.134   -135.102   0.0317346   31       4571     
 8739.62 351     44752    -135.134   -135.102   0.0317346   32       4571     
 8754.4  351     44800    -135.134   -135.102   0.0317346   38       4580     
 8774.83 352     44877    -135.133   -135.102   0.0317212   32       4592     
 8775.8  352     44900    -135.133   -135.102   0.0317212   37       4592     
 8792.48 353     45003    -135.133   -135.102   0.0317075   27       4602     
 8793.32 353     45004    -135.133   -135.102   0.0317075   27       4602     
 8794.4  353     45050    -135.133   -135.102   0.0317075   29       4602     
 8810.75 354     45129    -135.133   -135.102   0.0316993   29       4612     
 8829.42 354     45150    -135.133   -135.102   0.0316993   29       4624     
 8843.55 355     45255    -135.133   -135.102   0.0316696   26       4632     
 8844.38 355     45256    -135.133   -135.102   0.0316696   26       4632     
 8845.68 355     45300    -135.133   -135.102   0.0316696   26       4632     
 8862.97 356     45381    -135.133   -135.102   0.0316595   31       4642     
 8863.92 356     45400    -135.133   -135.102   0.0316595   33       4642     
 8878.39 357     45507    -135.133   -135.102   0.0316571   31       4650     
 8879.33 357     45508    -135.133   -135.102   0.0316571   31       4650     
 8880.53 357     45550    -135.133   -135.102   0.0316571   32       4650     
 8895.55 358     45633    -135.133   -135.102   0.031656    34       4659     
 8896.46 358     45650    -135.133   -135.102   0.031656    35       4659     
 8912.89 359     45761    -135.133   -135.102   0.0316497   30       4668     
 8913.72 359     45762    -135.133   -135.102   0.0316497   30       4668     
 8915    359     45800    -135.133   -135.102   0.0316497   28       4668     
 8943.15 360     45889    -135.133   -135.102   0.0316463   33       4684     
 8949.26 360     45900    -135.133   -135.102   0.0316463   33       4687     
 8980.6  360     45950    -135.133   -135.102   0.0316463   35       4705     
 8983.9  361     46015    -135.133   -135.102   0.0316441   39       4706     
 8985.05 361     46050    -135.133   -135.102   0.0316441   39       4706     
 9008.54 362     46143    -135.133   -135.102   0.0314135   38       4719     
 9009.46 362     46150    -135.133   -135.102   0.0314135   39       4719     
 9057.49 362     46200    -135.133   -135.102   0.0314135   40       4748     
 9069.3  363     46271    -135.133   -135.102   0.031402    32       4754     
 9078.83 363     46300    -135.133   -135.102   0.031402    34       4759     
 9103.36 364     46399    -135.133   -135.102   0.0313944   35       4772     
 9104.29 364     46400    -135.133   -135.102   0.0313944   35       4772     
 9113.04 364     46450    -135.133   -135.102   0.0313944   35       4776     
 9133.18 365     46527    -135.133   -135.102   0.0313895   32       4787     
 9135.77 365     46550    -135.133   -135.102   0.0313895   34       4788     
 9162.42 366     46655    -135.133   -135.102   0.0313883   37       4802     
 9163.29 366     46656    -135.133   -135.102   0.0313883   37       4802     
 9181.4  366     46700    -135.133   -135.102   0.0313883   39       4812     
 9209.17 367     46783    -135.133   -135.102   0.0313821   38       4826     
 9213.46 367     46800    -135.133   -135.102   0.0313821   41       4828     
 9240.88 368     46911    -135.133   -135.102   0.0313771   40       4841     
 9241.81 368     46912    -135.133   -135.102   0.0313771   41       4841     
 9243.12 368     46950    -135.133   -135.102   0.0313771   45       4841     
 9264.14 369     47037    -135.133   -135.102   0.0313754   45       4851     
 9265.3  369     47050    -135.133   -135.102   0.0313754   46       4851     
 9287.84 369     47100    -135.133   -135.102   0.0313754   46       4862     
 9289.63 370     47165    -135.133   -135.102   0.0313723   42       4862     
 9290.93 370     47200    -135.133   -135.102   0.0313723   43       4862     
 9307.34 371     47293    -135.133   -135.102   0.0313709   48       4870     
 9308.31 371     47300    -135.133   -135.102   0.0313709   49       4870     
 9321.45 371     47350    -135.133   -135.102   0.0313709   50       4877     
 9334.41 372     47421    -135.133   -135.102   0.0313693   52       4883     
 9335.6  372     47450    -135.133   -135.102   0.0313693   54       4883     
 9353.18 373     47547    -135.133   -135.102   0.0313678   55       4891     
 9354.26 373     47550    -135.133   -135.102   0.0313678   55       4891     
 9355.65 373     47600    -135.133   -135.102   0.0313678   53       4891     
 9370.17 374     47673    -135.133   -135.102   0.0313671   56       4898     
 9371.41 374     47700    -135.133   -135.102   0.0313671   57       4898     
 9387.7  375     47799    -135.133   -135.102   0.0313667   56       4906     
 9388.86 375     47800    -135.133   -135.102   0.0313667   56       4906     
 9390.14 375     47850    -135.133   -135.102   0.0313667   57       4906     
 9409.15 376     47927    -135.133   -135.102   0.0313659   50       4915     
 9410.32 376     47950    -135.133   -135.102   0.0313659   51       4915     
 9430.98 377     48055    -135.133   -135.102   0.0313656   52       4924     
 9432    377     48056    -135.133   -135.102   0.0313656   52       4924     
 9433.37 377     48100    -135.133   -135.102   0.0313656   53       4924     
 9447.63 378     48181    -135.133   -135.102   0.0313633   43       4930     
 9452.41 378     48200    -135.133   -135.102   0.0313633   44       4932     
 9469.28 379     48307    -135.133   -135.102   0.031362    47       4939     
 9470.28 379     48308    -135.133   -135.102   0.031362    48       4939     
 9471.73 379     48350    -135.133   -135.102   0.031362    49       4939     
 9491.19 380     48435    -135.133   -135.102   0.0313526   40       4948     
 9492.31 380     48450    -135.133   -135.102   0.0313526   40       4948     
 9507.4  381     48500    -135.133   -135.102   0.0313526   40       4955     
 9509.14 381     48565    -135.133   -135.102   0.0313393   37       4955     
 9510.48 381     48600    -135.133   -135.102   0.0313393   38       4955     
 9524.1  382     48693    -135.133   -135.102   0.0313335   37       4961     
 9525.13 382     48700    -135.133   -135.102   0.0313335   38       4961     
 9526.49 382     48750    -135.133   -135.102   0.0313335   39       4961     
 9538.1  383     48819    -135.133   -135.102   0.0313326   40       4966     
 9539.35 383     48850    -135.133   -135.102   0.0313326   41       4966     
 9564.21 384     48945    -135.133   -135.102   0.0313301   41       4978     
 9565.38 384     48950    -135.133   -135.102   0.0313301   44       4978     
 9566.93 384     49000    -135.133   -135.102   0.0313301   44       4978     
 9582    385     49071    -135.133   -135.102   0.0312994   42       4985     
 9603.39 385     49100    -135.133   -135.102   0.0312994   45       4996     
 9614.82 386     49199    -135.133   -135.102   0.0312632   41       5001     
 9615.72 386     49200    -135.133   -135.102   0.0312632   42       5001     
 9617.01 386     49250    -135.133   -135.102   0.0312632   39       5001     
 9637.34 387     49325    -135.133   -135.102   0.0312508   45       5011     
 9638.47 387     49350    -135.133   -135.102   0.0312508   47       5011     
 9661.11 388     49453    -135.133   -135.102   0.0312432   50       5022     
 9662.06 388     49454    -135.133   -135.102   0.0312432   50       5022     
 9663.43 388     49500    -135.133   -135.102   0.0312432   51       5022     
 9676.67 389     49579    -135.133   -135.102   0.0312355   46       5028     
 9688.8  389     49600    -135.133   -135.102   0.0312355   48       5034     
 9704.31 390     49707    -135.133   -135.102   0.0312295   46       5041     
 9705.3  390     49708    -135.133   -135.102   0.0312295   46       5041     
 9706.69 390     49750    -135.133   -135.102   0.0312295   47       5041     
 9716.34 391     49833    -135.133   -135.102   0.0312277   50       5045     
 9717.62 391     49850    -135.133   -135.102   0.0312277   50       5045     
 9763.99 392     49961    -135.133   -135.102   0.0312229   48       5067     
 9764.98 392     49962    -135.133   -135.102   0.0312229   48       5067     
 9766.34 392     50000    -135.133   -135.102   0.0312229   50       5067     
 9779.48 393     50089    -135.133   -135.102   0.0312162   44       5073     
 9780.52 393     50100    -135.133   -135.102   0.0312162   47       5073     
 9800.78 393     50150    -135.133   -135.102   0.0312162   46       5083     
 9806.41 394     50217    -135.133   -135.102   0.03121     49       5085     
 9807.63 394     50250    -135.133   -135.102   0.03121     52       5085     
 9819.09 395     50345    -135.133   -135.102   0.0312077   48       5090     
 9820.14 395     50350    -135.133   -135.102   0.0312077   50       5090     
 9821.47 395     50400    -135.133   -135.102   0.0312077   53       5090     
 9833.28 396     50473    -135.133   -135.102   0.0312035   47       5095     
 9834.49 396     50500    -135.133   -135.102   0.0312035   51       5095     
 9844.62 397     50599    -135.133   -135.102   0.0312009   49       5099     
 9845.63 397     50600    -135.133   -135.102   0.0312009   49       5099     
 9846.99 397     50650    -135.133   -135.102   0.0312009   50       5099     
 9852.91 398     50725    -135.133   -135.102   0.0312005   49       5101     
 9854.12 398     50750    -135.133   -135.102   0.0312005   54       5101     
 9866.15 399     50851    -135.133   -135.102   0.0311991   46       5106     
 9867.16 399     50852    -135.133   -135.102   0.0311991   46       5106     
 9868.51 399     50900    -135.133   -135.102   0.0311991   50       5106     
 9882.92 400     50979    -135.133   -135.102   0.0311977   48       5112     
 9893    400     51000    -135.133   -135.102   0.0311977   54       5117     
 9928.26 401     51107    -135.133   -135.102   0.0311951   49       5134     
 9929.27 401     51108    -135.133   -135.102   0.0311951   49       5134     
 9945.94 401     51150    -135.133   -135.102   0.0311951   49       5142     
 9955.97 402     51233    -135.133   -135.102   0.0311937   52       5146     
 9957.26 402     51250    -135.133   -135.102   0.0311937   53       5146     
 9967.69 403     51359    -135.133   -135.102   0.031183    51       5150     
 9968.75 403     51360    -135.133   -135.102   0.031183    52       5150     
 9980.17 403     51400    -135.133   -135.102   0.031183    55       5155     
 9990.46 404     51485    -135.133   -135.102   0.0311766   51       5159     
 9991.76 404     51500    -135.133   -135.102   0.0311766   53       5159     
 10002.2 405     51613    -135.133   -135.102   0.0311727   48       5163     
-------------------------------------------------------------------------------

SARSOP finishing ...
  Preset timeout reached
  Timeout     : 10000.000000s
  Actual Time : 10002.230000s

-------------------------------------------------------------------------------
 Time   |#Trial |#Backup |LBound    |UBound    |Precision  |#Alphas |#Beliefs  
-------------------------------------------------------------------------------
 10002.2 405     51613    -135.133   -135.102   0.0311727   48       5163     
-------------------------------------------------------------------------------

Writing out policy ...
  output file : RAM4_small/3c64a8a64a.policyx

