
Loading the model ...
  input file   : /home/rstudio/RAM4_small/3c65a90d07.pomdpx
  loading time : 4.90s 

SARSOP initializing ...
  initialization time : 10802.64s

-------------------------------------------------------------------------------
 Time   |#Trial |#Backup |LBound    |UBound    |Precision  |#Alphas |#Beliefs  
-------------------------------------------------------------------------------
 10802.6 0       0        -6664.77   -201.56    6463.21     101      1        
-------------------------------------------------------------------------------

SARSOP finishing ...
  Preset timeout reached
  Timeout     : 10000.000000s
  Actual Time : 10802.760000s

-------------------------------------------------------------------------------
 Time   |#Trial |#Backup |LBound    |UBound    |Precision  |#Alphas |#Beliefs  
-------------------------------------------------------------------------------
 10802.8 0       1        -6509.39   -4387.38   2122.01     42       2        
-------------------------------------------------------------------------------

Writing out policy ...
  output file : RAM4_small/3c65a90d07.policyx

