
Loading the model ...
  input file   : /home/rstudio/RAM4_small/3c71f7f1c3.pomdpx
  loading time : 4.56s 

SARSOP initializing ...
  initialization time : 4310.98s

-------------------------------------------------------------------------------
 Time   |#Trial |#Backup |LBound    |UBound    |Precision  |#Alphas |#Beliefs  
-------------------------------------------------------------------------------
 4310.98 0       0        -257.375   -252.602   4.7726      101      1        
 4312.76 1       67       -255.02    -252.725   2.29508     9        35       
 4314.54 2       131      -254.475   -252.725   1.7505      15       64       
 4315.24 2       150      -254.475   -252.725   1.7505      31       77       
 4316.42 3       200      -253.987   -252.725   1.2621      20       93       
 4318    4       267      -253.764   -252.725   1.0395      18       112      
 4319.15 4       300      -253.764   -252.725   1.0395      20       139      
 4320.31 5       350      -253.563   -252.725   0.838384    32       154      
 4321.7  6       415      -253.426   -252.725   0.701758    23       167      
 4322.63 6       450      -253.426   -252.725   0.701758    20       178      
 4323.26 7       507      -253.34    -252.725   0.615205    22       183      
 4325.56 7       550      -253.34    -252.725   0.615205    31       206      
 4326.19 8       600      -253.244   -252.725   0.519227    18       212      
 4328.2  9       695      -253.197   -252.725   0.47201     20       227      
 4328.78 9       700      -253.197   -252.725   0.47201     17       232      
 4330.85 10      793      -253.155   -252.725   0.429992    18       246      
 4331.58 10      800      -253.155   -252.725   0.429992    19       253      
 4333.36 11      889      -253.106   -252.725   0.381541    18       266      
 4333.79 11      900      -253.106   -252.725   0.381541    15       271      
 4335.55 12      983      -253.073   -252.725   0.348111    12       286      
 4336.64 12      1000     -253.073   -252.725   0.348111    9        296      
 4339.02 13      1071     -253.035   -252.725   0.310419    11       311      
 4340.92 13      1100     -253.035   -252.725   0.310419    10       336      
 4341.75 14      1157     -252.987   -252.725   0.262173    20       341      
 4344.85 14      1200     -252.987   -252.725   0.262173    19       367      
 4345.67 15      1250     -252.963   -252.725   0.23807     14       372      
 4347.6  16      1341     -252.935   -252.725   0.210622    11       385      
 4348.91 16      1350     -252.935   -252.725   0.210622    14       394      
 4349.66 17      1443     -252.918   -252.725   0.192997    9        398      
 4350.21 17      1450     -252.918   -252.725   0.192997    9        402      
 4351.26 18      1549     -252.905   -252.725   0.179803    9        409      
 4351.43 18      1550     -252.905   -252.725   0.179803    10       410      
 4360.06 19      1645     -252.886   -252.725   0.161613    11       453      
 4360.91 19      1650     -252.886   -252.725   0.161613    11       458      
 4365.39 20      1733     -252.872   -252.725   0.146822    13       476      
 4365.49 20      1750     -252.872   -252.725   0.146822    11       476      
 4369.78 21      1827     -252.858   -252.725   0.132871    10       499      
 4373.07 21      1850     -252.858   -252.725   0.132871    11       520      
 4378.5  22      1921     -252.846   -252.725   0.121585    11       544      
 4385.24 22      1950     -252.846   -252.725   0.121585    11       573      
 4390.35 23      2011     -252.835   -252.725   0.110544    12       589      
 4401.77 23      2050     -252.835   -252.725   0.110544    12       628      
 4403.86 24      2100     -252.825   -252.725   0.100073    13       637      
 4406.77 25      2181     -252.819   -252.725   0.0941341   14       648      
 4411.68 25      2200     -252.819   -252.725   0.0941341   15       667      
 4420.34 26      2271     -252.812   -252.725   0.0869182   14       691      
 4428.55 26      2300     -252.812   -252.725   0.0869182   11       718      
 4435.11 27      2361     -252.805   -252.725   0.0796617   14       734      
 4439.65 27      2400     -252.805   -252.725   0.0796617   13       749      
 4441.81 28      2453     -252.799   -252.725   0.0745236   13       755      
 4448.04 28      2500     -252.799   -252.725   0.0745236   13       776      
 4448.48 29      2550     -252.795   -252.725   0.0700242   14       777      
 4461.5  30      2647     -252.79    -252.725   0.0647287   15       818      
 4462.34 30      2650     -252.79    -252.725   0.0647287   16       821      
 4466.2  31      2743     -252.786   -252.725   0.0609349   16       832      
 4468.29 31      2750     -252.786   -252.725   0.0609349   14       839      
 4480.86 32      2843     -252.782   -252.725   0.057455    13       876      
 4483.02 32      2850     -252.782   -252.725   0.057455    15       883      
 4486.32 33      2943     -252.78    -252.725   0.0549087   15       892      
 4488.45 33      2950     -252.78    -252.725   0.0549087   13       899      
 4492.02 34      3045     -252.777   -252.725   0.0521711   14       910      
 4492.93 34      3050     -252.777   -252.725   0.0521711   14       913      
 4501.92 35      3149     -252.775   -252.725   0.0497616   17       941      
 4502.28 35      3150     -252.775   -252.725   0.0497616   18       942      
 4511.07 35      3200     -252.775   -252.725   0.0497616   18       968      
 4511.39 36      3253     -252.773   -252.725   0.0479249   15       968      
 4514.98 36      3300     -252.773   -252.725   0.0479249   16       981      
 4516.22 37      3355     -252.77    -252.725   0.045522    15       984      
 4522.89 37      3400     -252.77    -252.725   0.045522    16       1008     
 4525.08 38      3459     -252.769   -252.725   0.0437346   17       1014     
 4528.04 38      3500     -252.769   -252.725   0.0437346   19       1024     
 4531.04 39      3563     -252.767   -252.725   0.0424195   19       1033     
 4540.65 39      3600     -252.767   -252.725   0.0424195   18       1062     
 4544.18 40      3669     -252.765   -252.725   0.0404352   18       1070     
 4547.65 40      3700     -252.765   -252.725   0.0404352   18       1080     
 4550.63 41      3779     -252.764   -252.725   0.0389049   21       1087     
 4550.84 41      3800     -252.764   -252.725   0.0389049   17       1087     
 4554    42      3893     -252.763   -252.725   0.0375537   21       1096     
 4555.38 42      3900     -252.763   -252.725   0.0375537   21       1100     
 4558.76 42      3950     -252.763   -252.725   0.0375537   19       1111     
 4559.38 43      4011     -252.761   -252.725   0.0364501   22       1112     
 4561.88 43      4050     -252.761   -252.725   0.0364501   20       1120     
 4563.84 44      4131     -252.76    -252.725   0.0352715   18       1125     
 4570.37 44      4150     -252.76    -252.725   0.0352715   19       1144     
 4587.68 45      4251     -252.76    -252.725   0.0345898   19       1185     
 4588.15 45      4252     -252.76    -252.725   0.0345898   19       1186     
 4603.84 45      4300     -252.76    -252.725   0.0345898   17       1220     
 4608.26 46      4367     -252.759   -252.725   0.0338294   19       1227     
 4611.6  46      4400     -252.759   -252.725   0.0338294   20       1236     
 4614.15 47      4481     -252.758   -252.725   0.0328918   19       1241     
 4620.01 47      4500     -252.758   -252.725   0.0328918   19       1256     
 4628.69 48      4597     -252.757   -252.725   0.031801    18       1276     
 4629.89 48      4600     -252.757   -252.725   0.031801    16       1279     
 4641.14 48      4650     -252.757   -252.725   0.031801    19       1303     
 4643.45 49      4711     -252.756   -252.725   0.0310461   19       1307     
 4648.77 49      4750     -252.756   -252.725   0.0310461   19       1320     
 4653.11 50      4823     -252.755   -252.725   0.0302735   22       1329     
 4660.53 50      4850     -252.755   -252.725   0.0302735   21       1346     
 4666.85 51      4935     -252.755   -252.725   0.0294678   22       1358     
 4669.53 51      4950     -252.755   -252.725   0.0294678   20       1364     
 4681.35 52      5047     -252.754   -252.725   0.0287191   21       1389     
 4682.68 52      5050     -252.754   -252.725   0.0287191   19       1392     
 4710.16 52      5100     -252.754   -252.725   0.0287191   22       1442     
 4711.93 53      5159     -252.753   -252.725   0.02798     24       1444     
 4715.46 53      5200     -252.753   -252.725   0.02798     23       1452     
 4719.1  54      5271     -252.752   -252.725   0.0271508   21       1459     
 4724.95 54      5300     -252.752   -252.725   0.0271508   24       1472     
 4730.18 55      5385     -252.751   -252.725   0.0262871   23       1482     
 4737.45 55      5400     -252.751   -252.725   0.0262871   23       1497     
 4749.34 56      5501     -252.75    -252.725   0.0253175   27       1518     
 4749.54 56      5502     -252.75    -252.725   0.0253175   27       1518     
 4753.16 56      5550     -252.75    -252.725   0.0253175   24       1526     
 4758.33 57      5619     -252.75    -252.725   0.0249739   27       1536     
 4770.04 57      5650     -252.75    -252.725   0.0249739   29       1560     
 4773.17 58      5739     -252.749   -252.725   0.0242327   25       1565     
 4778.86 58      5750     -252.749   -252.725   0.0242327   25       1576     
 4783.36 59      5800     -252.749   -252.725   0.0242327   25       1584     
 4783.85 59      5861     -252.749   -252.725   0.0236436   23       1584     
 4784.2  59      5900     -252.749   -252.725   0.0236436   22       1584     
 4790.07 60      5983     -252.748   -252.725   0.0230012   24       1596     
 4796.93 60      6000     -252.748   -252.725   0.0230012   22       1610     
 4819.6  61      6105     -252.748   -252.725   0.0226704   24       1651     
 4820.22 61      6106     -252.748   -252.725   0.0226704   24       1652     
 4836.8  61      6150     -252.748   -252.725   0.0226704   25       1681     
 4844.7  62      6227     -252.748   -252.725   0.0223897   22       1693     
 4852.57 62      6250     -252.748   -252.725   0.0223897   21       1707     
 4869.91 63      6351     -252.747   -252.725   0.0221      26       1734     
 4870.15 63      6352     -252.747   -252.725   0.0221      27       1734     
 4874.72 63      6400     -252.747   -252.725   0.0221      26       1743     
 4881.12 64      6473     -252.747   -252.725   0.0215883   23       1754     
 4881.48 64      6500     -252.747   -252.725   0.0215883   23       1754     
 4883.95 65      6595     -252.746   -252.725   0.0213171   24       1758     
 4886.64 65      6600     -252.746   -252.725   0.0213171   25       1763     
 4892.02 65      6650     -252.746   -252.725   0.0213171   22       1773     
 4895.11 66      6717     -252.746   -252.725   0.0210972   21       1778     
 4910.5  66      6750     -252.746   -252.725   0.0210972   22       1806     
 4928.41 67      6837     -252.746   -252.725   0.0208257   23       1832     
 4932.44 67      6850     -252.746   -252.725   0.0208257   23       1839     
 4944.79 68      6955     -252.746   -252.725   0.0204008   22       1857     
 4945.49 68      6956     -252.746   -252.725   0.0204008   23       1858     
 4949.87 68      7000     -252.746   -252.725   0.0204008   23       1865     
 4956.98 69      7075     -252.745   -252.725   0.0201733   24       1876     
 4960.93 69      7100     -252.745   -252.725   0.0201733   27       1883     
 4966.67 70      7195     -252.745   -252.725   0.0198135   24       1892     
 4969.72 70      7200     -252.745   -252.725   0.0198135   24       1897     
 4976.17 70      7250     -252.745   -252.725   0.0198135   23       1908     
 4979.66 71      7315     -252.744   -252.725   0.019326    28       1913     
 4985.86 71      7350     -252.744   -252.725   0.019326    27       1924     
 4990.5  72      7439     -252.744   -252.725   0.0190704   30       1931     
 4995.88 72      7450     -252.744   -252.725   0.0190704   24       1940     
 5006.89 72      7500     -252.744   -252.725   0.0190704   26       1958     
 5007.48 73      7563     -252.744   -252.725   0.0188418   27       1958     
 5014.69 73      7600     -252.744   -252.725   0.0188418   29       1970     
 5019.88 74      7689     -252.744   -252.725   0.0186989   25       1978     
 5023.49 74      7700     -252.744   -252.725   0.0186989   25       1984     
 5030.02 74      7750     -252.744   -252.725   0.0186989   29       1995     
 5031.17 75      7813     -252.744   -252.725   0.0185718   32       1996     
 5037.15 75      7850     -252.744   -252.725   0.0185718   27       2006     
 5046.74 76      7937     -252.743   -252.725   0.0180946   25       2020     
 5054.99 76      7950     -252.743   -252.725   0.0180946   25       2033     
 5062.16 77      8000     -252.743   -252.725   0.0180946   25       2044     
 5062.81 77      8063     -252.743   -252.725   0.0178097   24       2044     
 5074.13 77      8100     -252.743   -252.725   0.0178097   27       2062     
 5083.17 78      8189     -252.743   -252.725   0.0176805   23       2076     
 5089.15 78      8200     -252.743   -252.725   0.0176805   22       2085     
 5103.41 78      8250     -252.743   -252.725   0.0176805   24       2105     
 5104.82 79      8315     -252.743   -252.725   0.0175966   22       2106     
 5110.98 79      8350     -252.743   -252.725   0.0175966   22       2115     
 5127.73 80      8441     -252.743   -252.725   0.0174501   27       2138     
 5131.88 80      8450     -252.743   -252.725   0.0174501   25       2144     
 5141.44 80      8500     -252.743   -252.725   0.0174501   29       2159     
 5144.25 81      8567     -252.743   -252.725   0.0173777   26       2162     
 5150.56 81      8600     -252.743   -252.725   0.0173777   26       2171     
 5157.37 82      8693     -252.742   -252.725   0.017282    26       2180     
 5160.25 82      8700     -252.742   -252.725   0.017282    26       2184     
 5170.79 82      8750     -252.742   -252.725   0.017282    24       2200     
 5174.18 83      8819     -252.742   -252.725   0.017192    24       2204     
 5181.18 83      8850     -252.742   -252.725   0.017192    24       2214     
 5194.48 84      8945     -252.742   -252.725   0.01695     26       2232     
 5195.43 84      8950     -252.742   -252.725   0.01695     26       2233     
 5221.62 84      9000     -252.742   -252.725   0.01695     23       2268     
 5228.87 85      9071     -252.742   -252.725   0.0168878   28       2276     
 5238.26 85      9100     -252.742   -252.725   0.0168878   26       2289     
 5244.35 86      9197     -252.742   -252.725   0.0166035   26       2296     
 5244.69 86      9200     -252.742   -252.725   0.0166035   25       2296     
 5262.53 86      9250     -252.742   -252.725   0.0166035   27       2321     
 5269.92 87      9323     -252.742   -252.725   0.0164336   28       2330     
 5279.61 87      9350     -252.742   -252.725   0.0164336   27       2343     
 5288.5  88      9449     -252.742   -252.725   0.0163544   35       2354     
 5288.83 88      9450     -252.742   -252.725   0.0163544   35       2354     
 5296.95 88      9500     -252.742   -252.725   0.0163544   30       2365     
 5306.2  89      9575     -252.741   -252.725   0.0162675   34       2377     
 5314.92 89      9600     -252.741   -252.725   0.0162675   26       2389     
 5321.53 90      9701     -252.741   -252.725   0.0159784   27       2397     
 5321.86 90      9702     -252.741   -252.725   0.0159784   25       2397     
 5335.38 90      9750     -252.741   -252.725   0.0159784   25       2416     
 5343.9  91      9831     -252.741   -252.725   0.0157739   31       2426     
 5353.09 91      9850     -252.741   -252.725   0.0157739   32       2438     
 5364.65 92      9959     -252.741   -252.725   0.0156745   29       2453     
 5364.99 92      9960     -252.741   -252.725   0.0156745   30       2453     
 5378.79 92      10000    -252.741   -252.725   0.0156745   30       2472     
 5384.93 93      10087    -252.741   -252.725   0.0156176   28       2480     
 5394.35 93      10100    -252.741   -252.725   0.0156176   27       2493     
 5404.26 94      10150    -252.741   -252.725   0.0156176   31       2506     
 5405.07 94      10213    -252.741   -252.725   0.0154903   31       2506     
 5409.82 94      10250    -252.741   -252.725   0.0154903   33       2512     
 5415.26 95      10341    -252.741   -252.725   0.0154398   30       2519     
 5415.68 95      10350    -252.741   -252.725   0.0154398   30       2519     
 5416.22 95      10400    -252.741   -252.725   0.0154398   32       2519     
 5419.48 96      10469    -252.741   -252.725   0.0152933   29       2523     
 5428.26 96      10500    -252.741   -252.725   0.0152933   29       2535     
 5436.28 97      10597    -252.74    -252.725   0.0152401   30       2545     
 5438.84 97      10600    -252.74    -252.725   0.0152401   30       2548     
 5459.87 97      10650    -252.74    -252.725   0.0152401   31       2574     
 5469.55 98      10727    -252.74    -252.725   0.0150456   32       2585     
 5479.2  98      10750    -252.74    -252.725   0.0150456   33       2597     
 5498.91 99      10855    -252.74    -252.725   0.0149708   32       2621     
 5499.28 99      10856    -252.74    -252.725   0.0149708   33       2621     
 5512.32 99      10900    -252.74    -252.725   0.0149708   34       2637     
 5515.69 100     10983    -252.74    -252.725   0.0149402   35       2640     
 5517.67 100     11000    -252.74    -252.725   0.0149402   37       2642     
 5528.78 101     11111    -252.74    -252.725   0.0148942   32       2655     
 5529.15 101     11112    -252.74    -252.725   0.0148942   33       2655     
 5533.86 101     11150    -252.74    -252.725   0.0148942   33       2661     
 5545.57 102     11239    -252.74    -252.725   0.0148353   32       2676     
 5546.02 102     11250    -252.74    -252.725   0.0148353   33       2676     
 5550.63 102     11300    -252.74    -252.725   0.0148353   36       2682     
 5552.13 103     11365    -252.74    -252.725   0.01481     33       2683     
 5559.87 103     11400    -252.74    -252.725   0.01481     35       2693     
 5566.76 104     11491    -252.74    -252.725   0.0147439   34       2701     
 5567.2  104     11500    -252.74    -252.725   0.0147439   33       2701     
 5568.46 104     11550    -252.74    -252.725   0.0147439   33       2702     
 5571.21 105     11617    -252.74    -252.725   0.0146867   36       2705     
 5580.71 105     11650    -252.74    -252.725   0.0146867   33       2717     
 5585.63 106     11745    -252.74    -252.725   0.0145824   30       2722     
 5587.52 106     11750    -252.74    -252.725   0.0145824   30       2724     
 5603.86 106     11800    -252.74    -252.725   0.0145824   33       2746     
 5610.94 107     11873    -252.74    -252.725   0.0145526   35       2754     
 5617.57 107     11900    -252.74    -252.725   0.0145526   41       2762     
 5630.84 108     11999    -252.74    -252.725   0.0144585   32       2777     
 5631.96 108     12000    -252.74    -252.725   0.0144585   33       2778     
 5640.51 108     12050    -252.74    -252.725   0.0144585   33       2788     
 5647.76 109     12125    -252.74    -252.725   0.0144421   37       2796     
 5662.46 109     12150    -252.74    -252.725   0.0144421   35       2814     
 5675.12 110     12251    -252.74    -252.725   0.014408    34       2828     
 5676.27 110     12252    -252.74    -252.725   0.014408    33       2829     
 5685.68 110     12300    -252.74    -252.725   0.014408    37       2839     
 5698.87 111     12379    -252.739   -252.725   0.0142135   31       2853     
 5714.72 111     12400    -252.739   -252.725   0.0142135   29       2872     
 5756.14 112     12507    -252.739   -252.725   0.0141756   30       2914     
 5756.54 112     12508    -252.739   -252.725   0.0141756   30       2914     
 5760.44 112     12550    -252.739   -252.725   0.0141756   29       2918     
 5769.38 113     12633    -252.739   -252.725   0.0141351   31       2927     
 5775.59 113     12650    -252.739   -252.725   0.0141351   29       2934     
 5785.77 114     12759    -252.739   -252.725   0.0141104   33       2945     
 5787    114     12760    -252.739   -252.725   0.0141104   32       2946     
 5797.45 114     12800    -252.739   -252.725   0.0141104   36       2958     
 5817    115     12887    -252.739   -252.725   0.0139483   37       2980     
 5826.67 115     12900    -252.739   -252.725   0.0139483   37       2991     
 5834.67 115     12950    -252.739   -252.725   0.0139483   30       3000     
 5835.53 116     13015    -252.739   -252.725   0.0138708   31       3000     
 5841.72 116     13050    -252.739   -252.725   0.0138708   30       3007     
 5852.71 117     13143    -252.739   -252.725   0.0138071   30       3019     
 5853.17 117     13150    -252.739   -252.725   0.0138071   30       3019     
 5863.66 117     13200    -252.739   -252.725   0.0138071   33       3031     
 5868.87 118     13269    -252.739   -252.725   0.0137715   33       3036     
 5874.38 118     13300    -252.739   -252.725   0.0137715   34       3042     
 5883.86 119     13395    -252.739   -252.725   0.0136632   32       3053     
 5888.51 119     13400    -252.739   -252.725   0.0136632   30       3058     
 5894.94 119     13450    -252.739   -252.725   0.0136632   30       3065     
 5903.18 120     13525    -252.739   -252.725   0.0135916   33       3074     
 5913.19 120     13550    -252.739   -252.725   0.0135916   31       3085     
 5925.4  121     13653    -252.739   -252.725   0.013522    27       3098     
 5925.83 121     13654    -252.739   -252.725   0.013522    27       3098     
 5931.5  121     13700    -252.739   -252.725   0.013522    27       3104     
 5946.55 122     13781    -252.739   -252.725   0.0134938   30       3121     
 5954.91 122     13800    -252.739   -252.725   0.0134938   31       3130     
 5966.31 123     13907    -252.739   -252.725   0.0132827   30       3142     
 5966.74 123     13908    -252.739   -252.725   0.0132827   30       3142     
 5970.89 123     13950    -252.739   -252.725   0.0132827   27       3146     
 5976.07 124     14035    -252.739   -252.725   0.0132523   26       3151     
 5976.66 124     14050    -252.739   -252.725   0.0132523   27       3151     
 5983.79 125     14163    -252.738   -252.725   0.0131354   27       3158     
 5984.22 125     14164    -252.738   -252.725   0.0131354   28       3158     
 6005.82 125     14200    -252.738   -252.725   0.0131354   31       3182     
 6030.86 126     14291    -252.738   -252.725   0.0131222   32       3208     
 6032.25 126     14300    -252.738   -252.725   0.0131222   33       3209     
 6048.16 126     14350    -252.738   -252.725   0.0131222   35       3226     
 6052.92 127     14419    -252.738   -252.725   0.0130992   27       3230     
 6062.45 127     14450    -252.738   -252.725   0.0130992   30       3240     
 6070.34 128     14547    -252.738   -252.725   0.0130641   27       3247     
 6073.41 128     14550    -252.738   -252.725   0.0130641   28       3250     
 6107.3  128     14600    -252.738   -252.725   0.0130641   29       3286     
 6119.08 129     14677    -252.738   -252.725   0.0129103   30       3297     
 6119.68 129     14700    -252.738   -252.725   0.0129103   32       3297     
 6131.24 130     14807    -252.738   -252.725   0.0128672   34       3308     
 6132.52 130     14808    -252.738   -252.725   0.0128672   35       3309     
 6163.74 130     14850    -252.738   -252.725   0.0128672   34       3340     
 6182.31 131     14935    -252.738   -252.725   0.0127149   38       3357     
 6194.57 131     14950    -252.738   -252.725   0.0127149   34       3369     
 6230.78 131     15000    -252.738   -252.725   0.0127149   37       3404     
 6232.04 132     15067    -252.738   -252.725   0.0126881   35       3404     
 6239.04 132     15100    -252.738   -252.725   0.0126881   32       3411     
 6256.75 133     15195    -252.738   -252.725   0.0126149   37       3428     
 6259.18 133     15200    -252.738   -252.725   0.0126149   39       3430     
 6264.33 133     15250    -252.738   -252.725   0.0126149   39       3435     
 6271.75 134     15325    -252.738   -252.725   0.012578    40       3442     
 6280.88 134     15350    -252.738   -252.725   0.012578    33       3451     
 6286.91 135     15455    -252.738   -252.725   0.0125594   35       3456     
 6287.38 135     15456    -252.738   -252.725   0.0125594   34       3456     
 6296.8  135     15500    -252.738   -252.725   0.0125594   35       3465     
 6308.92 136     15585    -252.738   -252.725   0.0124939   38       3477     
 6317.31 136     15600    -252.738   -252.725   0.0124939   36       3485     
 6354    136     15650    -252.738   -252.725   0.0124939   34       3521     
 6355.16 137     15717    -252.738   -252.725   0.0124386   35       3521     
 6365.25 137     15750    -252.738   -252.725   0.0124386   31       3531     
 6384.67 138     15847    -252.738   -252.725   0.012346    33       3550     
 6387.94 138     15850    -252.738   -252.725   0.012346    35       3553     
 6402.98 138     15900    -252.738   -252.725   0.012346    37       3568     
 6414.98 139     15977    -252.738   -252.725   0.0123287   36       3579     
 6420.98 139     16000    -252.738   -252.725   0.0123287   37       3585     
 6447.35 140     16107    -252.738   -252.725   0.0123135   38       3611     
 6447.86 140     16108    -252.738   -252.725   0.0123135   38       3611     
 6455.54 140     16150    -252.738   -252.725   0.0123135   37       3618     
 6473.31 141     16237    -252.738   -252.725   0.0122182   36       3635     
 6480.76 141     16250    -252.738   -252.725   0.0122182   34       3642     
 6502.29 141     16300    -252.738   -252.725   0.0122182   39       3663     
 6504.59 142     16367    -252.738   -252.725   0.0121464   36       3664     
 6516.83 142     16400    -252.738   -252.725   0.0121464   33       3676     
 6549.71 143     16497    -252.737   -252.725   0.0121255   42       3705     
 6550.24 143     16500    -252.737   -252.725   0.0121255   42       3705     
 6554.6  143     16550    -252.737   -252.725   0.0121255   44       3709     
 6566.87 144     16627    -252.737   -252.725   0.0121105   41       3720     
 6576.88 144     16650    -252.737   -252.725   0.0121105   42       3729     
 6601.14 145     16759    -252.737   -252.725   0.0120907   36       3751     
 6601.66 145     16760    -252.737   -252.725   0.0120907   36       3751     
 6610.84 145     16800    -252.737   -252.725   0.0120907   32       3759     
 6628.56 146     16887    -252.737   -252.725   0.0120079   34       3774     
 6629.2  146     16900    -252.737   -252.725   0.0120079   34       3774     
 6642.48 146     16950    -252.737   -252.725   0.0120079   37       3787     
 6644.74 147     17017    -252.737   -252.725   0.0119974   36       3788     
 6645.52 147     17050    -252.737   -252.725   0.0119974   42       3788     
 6675.99 148     17147    -252.737   -252.725   0.0119847   34       3816     
 6677.56 148     17150    -252.737   -252.725   0.0119847   33       3817     
 6706.89 148     17200    -252.737   -252.725   0.0119847   35       3845     
 6719.98 149     17277    -252.737   -252.725   0.0119391   40       3856     
 6724.24 149     17300    -252.737   -252.725   0.0119391   40       3860     
 6750.11 150     17407    -252.737   -252.725   0.0119285   34       3883     
 6750.65 150     17408    -252.737   -252.725   0.0119285   35       3883     
 6765.63 150     17450    -252.737   -252.725   0.0119285   38       3896     
 6789.31 151     17539    -252.737   -252.725   0.0119036   42       3916     
 6795.42 151     17550    -252.737   -252.725   0.0119036   38       3921     
 6821.86 151     17600    -252.737   -252.725   0.0119036   39       3945     
 6825.39 152     17667    -252.737   -252.725   0.0118924   39       3947     
 6832.35 152     17700    -252.737   -252.725   0.0118924   36       3953     
 6847.31 153     17795    -252.737   -252.725   0.0118795   46       3966     
 6847.94 153     17800    -252.737   -252.725   0.0118795   45       3966     
 6850.88 153     17850    -252.737   -252.725   0.0118795   49       3968     
 6861.47 154     17925    -252.737   -252.725   0.0118616   37       3977     
 6862.24 154     17950    -252.737   -252.725   0.0118616   38       3977     
 6872.11 155     18053    -252.737   -252.725   0.0118457   46       3985     
 6872.66 155     18054    -252.737   -252.725   0.0118457   46       3985     
 6892.79 155     18100    -252.737   -252.725   0.0118457   40       4003     
 6911.79 156     18181    -252.737   -252.725   0.0118388   44       4019     
 6924.27 156     18200    -252.737   -252.725   0.0118388   44       4030     
 6940.29 157     18309    -252.737   -252.725   0.0117969   41       4043     
 6940.86 157     18310    -252.737   -252.725   0.0117969   40       4043     
 6946.81 157     18350    -252.737   -252.725   0.0117969   38       4048     
 6963.15 158     18439    -252.737   -252.725   0.0117587   51       4062     
 6976.35 158     18450    -252.737   -252.725   0.0117587   51       4073     
 6986.65 158     18500    -252.737   -252.725   0.0117587   42       4082     
 6990.11 159     18567    -252.737   -252.725   0.011746    41       4084     
 6991.02 159     18600    -252.737   -252.725   0.011746    40       4084     
 7003.94 160     18695    -252.737   -252.725   0.0117235   34       4095     
 7005.6  160     18700    -252.737   -252.725   0.0117235   34       4096     
 7029.14 160     18750    -252.737   -252.725   0.0117235   39       4117     
 7037.78 161     18821    -252.737   -252.725   0.0116462   40       4124     
 7043.32 161     18850    -252.737   -252.725   0.0116462   39       4129     
 7059.7  162     18949    -252.737   -252.725   0.0115768   42       4143     
 7060.27 162     18950    -252.737   -252.725   0.0115768   42       4143     
 7067.89 162     19000    -252.737   -252.725   0.0115768   44       4149     
 7081.49 163     19077    -252.737   -252.725   0.0114564   42       4160     
 7088.7  163     19100    -252.737   -252.725   0.0114564   40       4166     
 7116.96 164     19207    -252.737   -252.725   0.011447    43       4190     
 7118.63 164     19208    -252.737   -252.725   0.011447    43       4191     
 7136.26 164     19250    -252.737   -252.725   0.011447    43       4205     
 7159.59 165     19337    -252.737   -252.725   0.011402    45       4224     
 7166.95 165     19350    -252.737   -252.725   0.011402    44       4230     
 7195.19 165     19400    -252.737   -252.725   0.011402    42       4253     
 7197.65 166     19467    -252.737   -252.725   0.01139     43       4254     
 7198.53 166     19500    -252.737   -252.725   0.01139     45       4254     
 7225.01 167     19599    -252.737   -252.725   0.0113689   52       4275     
 7225.6  167     19600    -252.737   -252.725   0.0113689   52       4275     
 7227.72 167     19650    -252.737   -252.725   0.0113689   44       4276     
 7244.49 168     19729    -252.737   -252.725   0.0113585   45       4289     
 7256.2  168     19750    -252.737   -252.725   0.0113585   39       4298     
 7291.04 169     19857    -252.737   -252.725   0.0113327   38       4326     
 7291.66 169     19858    -252.737   -252.725   0.0113327   39       4326     
 7303.16 169     19900    -252.737   -252.725   0.0113327   40       4335     
 7327.08 170     19985    -252.737   -252.725   0.0113258   45       4353     
 7327.93 170     20000    -252.737   -252.725   0.0113258   45       4353     
 7344.65 170     20050    -252.737   -252.725   0.0113258   46       4366     
 7346.01 171     20117    -252.737   -252.725   0.0113176   40       4366     
 7352.56 171     20150    -252.737   -252.725   0.0113176   39       4371     
 7377.27 172     20245    -252.737   -252.725   0.0113046   41       4390     
 7377.94 172     20250    -252.737   -252.725   0.0113046   40       4390     
 7393.38 172     20300    -252.737   -252.725   0.0113046   45       4402     
 7404.29 173     20373    -252.737   -252.725   0.0112981   55       4410     
 7413.44 173     20400    -252.737   -252.725   0.0112981   48       4417     
 7425.54 174     20501    -252.737   -252.725   0.0111925   47       4426     
 7426.17 174     20502    -252.737   -252.725   0.0111925   47       4426     
 7438.14 174     20550    -252.737   -252.725   0.0111925   45       4435     
 7458.4  175     20631    -252.737   -252.725   0.0111839   50       4450     
 7465.14 175     20650    -252.737   -252.725   0.0111839   43       4455     
 7488.69 176     20765    -252.737   -252.725   0.011138    51       4473     
 7489.33 176     20766    -252.737   -252.725   0.011138    52       4473     
 7493.75 176     20800    -252.737   -252.725   0.011138    43       4476     
 7511.34 177     20895    -252.737   -252.725   0.0111196   42       4489     
 7512.03 177     20900    -252.737   -252.725   0.0111196   42       4489     
 7526.39 177     20950    -252.737   -252.725   0.0111196   47       4500     
 7538.86 178     21025    -252.737   -252.725   0.0111124   44       4509     
 7539.77 178     21050    -252.737   -252.725   0.0111124   44       4509     
 7557.3  179     21155    -252.737   -252.725   0.0111049   44       4522     
 7557.95 179     21156    -252.737   -252.725   0.0111049   43       4522     
 7577.56 179     21200    -252.737   -252.725   0.0111049   45       4537     
 7590.94 180     21285    -252.736   -252.725   0.0110954   40       4546     
 7604.7  180     21300    -252.736   -252.725   0.0110954   38       4556     
 7624.9  181     21350    -252.736   -252.725   0.0110954   42       4571     
 7626.29 181     21415    -252.736   -252.725   0.0110838   42       4571     
 7627.21 181     21450    -252.736   -252.725   0.0110838   43       4571     
 7655.67 182     21545    -252.736   -252.725   0.0110716   42       4592     
 7656.37 182     21550    -252.736   -252.725   0.0110716   40       4592     
 7663.61 182     21600    -252.736   -252.725   0.0110716   40       4597     
 7671.23 183     21673    -252.736   -252.725   0.0110654   41       4602     
 7680.95 183     21700    -252.736   -252.725   0.0110654   42       4609     
 7720.25 184     21801    -252.736   -252.725   0.0110298   46       4638     
 7722.15 184     21802    -252.736   -252.725   0.0110298   45       4639     
 7755.46 184     21850    -252.736   -252.725   0.0110298   48       4663     
 7766.4  185     21929    -252.736   -252.725   0.0109252   47       4670     
 7780.59 185     21950    -252.736   -252.725   0.0109252   47       4681     
 7795.98 186     22059    -252.736   -252.725   0.0109222   48       4692     
 7796.63 186     22060    -252.736   -252.725   0.0109222   48       4692     
 7830.52 186     22100    -252.736   -252.725   0.0109222   45       4716     
 7846.47 187     22189    -252.736   -252.725   0.0109159   40       4727     
 7855.23 187     22200    -252.736   -252.725   0.0109159   41       4733     
 7862.56 187     22250    -252.736   -252.725   0.0109159   41       4738     
 7867.79 188     22319    -252.736   -252.725   0.010911    50       4741     
 7868.79 188     22350    -252.736   -252.725   0.010911    50       4741     
 7887.82 189     22449    -252.736   -252.725   0.0108927   39       4755     
 7888.47 189     22450    -252.736   -252.725   0.0108927   40       4755     
 7889.54 189     22500    -252.736   -252.725   0.0108927   42       4755     
 7896.43 190     22579    -252.736   -252.725   0.0108833   44       4760     
 7897.37 190     22600    -252.736   -252.725   0.0108833   38       4760     
 7922.76 191     22707    -252.736   -252.725   0.0108782   45       4779     
 7923.42 191     22708    -252.736   -252.725   0.0108782   45       4779     
 7924.37 191     22750    -252.736   -252.725   0.0108782   43       4779     
 7930.42 192     22835    -252.736   -252.725   0.0108735   42       4783     
 7941.1  192     22850    -252.736   -252.725   0.0108735   39       4791     
 7961.33 193     22963    -252.736   -252.725   0.0108617   45       4806     
 7962.01 193     22964    -252.736   -252.725   0.0108617   45       4806     
 7963.01 193     23000    -252.736   -252.725   0.0108617   47       4806     
 7969.21 194     23091    -252.736   -252.725   0.0108009   46       4810     
 7976.59 194     23100    -252.736   -252.725   0.0108009   46       4815     
 7989.26 194     23150    -252.736   -252.725   0.0108009   48       4824     
 7997    195     23221    -252.736   -252.725   0.0107958   52       4829     
 8003.89 195     23250    -252.736   -252.725   0.0107958   53       4834     
 8016.69 196     23349    -252.736   -252.725   0.010771    47       4843     
 8017.36 196     23350    -252.736   -252.725   0.010771    48       4843     
 8047.82 196     23400    -252.736   -252.725   0.010771    50       4865     
 8066.32 197     23479    -252.736   -252.725   0.0106838   51       4878     
 8070.73 197     23500    -252.736   -252.725   0.0106838   51       4881     
 8085.1  198     23609    -252.736   -252.725   0.0106806   52       4891     
 8085.79 198     23610    -252.736   -252.725   0.0106806   52       4891     
 8086.78 198     23650    -252.736   -252.725   0.0106806   52       4891     
 8112.2  199     23739    -252.736   -252.725   0.0106768   49       4909     
 8113.1  199     23750    -252.736   -252.725   0.0106768   51       4909     
 8122.07 199     23800    -252.736   -252.725   0.0106768   53       4915     
 8127.6  200     23869    -252.736   -252.725   0.0106414   58       4918     
 8128.59 200     23900    -252.736   -252.725   0.0106414   60       4918     
 8139.75 201     23999    -252.736   -252.725   0.0106365   58       4925     
 8140.46 201     24000    -252.736   -252.725   0.0106365   58       4925     
 8141.53 201     24050    -252.736   -252.725   0.0106365   59       4925     
 8158.91 202     24131    -252.736   -252.725   0.0106312   64       4937     
 8159.79 202     24150    -252.736   -252.725   0.0106312   58       4937     
 8170.26 203     24261    -252.736   -252.725   0.0106285   51       4944     
 8170.95 203     24262    -252.736   -252.725   0.0106285   52       4944     
 8171.91 203     24300    -252.736   -252.725   0.0106285   53       4944     
 8185.85 204     24391    -252.736   -252.725   0.0106229   55       4954     
 8186.66 204     24400    -252.736   -252.725   0.0106229   53       4954     
 8190.07 204     24450    -252.736   -252.725   0.0106229   55       4956     
 8197.38 205     24521    -252.736   -252.725   0.0106088   54       4961     
 8198.21 205     24550    -252.736   -252.725   0.0106088   52       4961     
 8205.35 206     24651    -252.736   -252.725   0.0106076   57       4966     
 8206.04 206     24652    -252.736   -252.725   0.0106076   56       4966     
 8224.81 206     24700    -252.736   -252.725   0.0106076   52       4979     
 8244.81 207     24783    -252.736   -252.725   0.0105762   48       4994     
 8249.4  207     24800    -252.736   -252.725   0.0105762   48       4997     
 8261.36 208     24915    -252.736   -252.725   0.0105698   48       5005     
 8262.05 208     24916    -252.736   -252.725   0.0105698   48       5005     
 8273.34 208     24950    -252.736   -252.725   0.0105698   45       5013     
 8282.66 209     25043    -252.736   -252.725   0.010565    50       5019     
 8283.4  209     25050    -252.736   -252.725   0.010565    49       5019     
 8284.4  209     25100    -252.736   -252.725   0.010565    49       5019     
 8290.83 210     25173    -252.736   -252.725   0.0105622   49       5023     
 8304.54 210     25200    -252.736   -252.725   0.0105622   52       5033     
 8315.56 211     25303    -252.736   -252.725   0.0104974   51       5040     
 8316.27 211     25304    -252.736   -252.725   0.0104974   52       5040     
 8317.34 211     25350    -252.736   -252.725   0.0104974   50       5040     
 8321.41 212     25433    -252.736   -252.725   0.0104945   50       5042     
 8331.14 212     25450    -252.736   -252.725   0.0104945   48       5049     
 8353.85 213     25563    -252.736   -252.725   0.0104902   52       5064     
 8354.57 213     25564    -252.736   -252.725   0.0104902   52       5064     
 8355.56 213     25600    -252.736   -252.725   0.0104902   52       5064     
 8385.59 214     25695    -252.736   -252.725   0.0104736   55       5085     
 8386.34 214     25700    -252.736   -252.725   0.0104736   55       5085     
 8387.43 214     25750    -252.736   -252.725   0.0104736   56       5085     
 8399.19 215     25825    -252.736   -252.725   0.010462    49       5093     
 8400.13 215     25850    -252.736   -252.725   0.010462    46       5093     
 8423.14 216     25955    -252.736   -252.725   0.0104574   48       5109     
 8423.85 216     25956    -252.736   -252.725   0.0104574   47       5109     
 8427.35 216     26000    -252.736   -252.725   0.0104574   47       5111     
 8442.06 217     26083    -252.736   -252.725   0.0103766   51       5121     
 8442.87 217     26100    -252.736   -252.725   0.0103766   49       5121     
 8455.36 218     26215    -252.736   -252.725   0.0103738   59       5129     
 8456.08 218     26216    -252.736   -252.725   0.0103738   60       5129     
 8456.99 218     26250    -252.736   -252.725   0.0103738   54       5129     
 8468.36 219     26347    -252.736   -252.725   0.0103704   49       5136     
 8469.09 219     26350    -252.736   -252.725   0.0103704   50       5136     
 8482.12 219     26400    -252.736   -252.725   0.0103704   50       5145     
 8495.97 220     26477    -252.736   -252.725   0.010369    50       5154     
 8496.89 220     26500    -252.736   -252.725   0.010369    50       5154     
 8506.74 221     26607    -252.736   -252.725   0.0103674   56       5160     
 8507.47 221     26608    -252.736   -252.725   0.0103674   56       5160     
 8508.44 221     26650    -252.736   -252.725   0.0103674   52       5160     
 8517.9  222     26737    -252.736   -252.725   0.0103659   50       5166     
 8535.16 222     26750    -252.736   -252.725   0.0103659   47       5178     
 8556.79 222     26800    -252.736   -252.725   0.0103659   49       5193     
 8559.59 223     26867    -252.736   -252.725   0.0103571   50       5194     
 8560.54 223     26900    -252.736   -252.725   0.0103571   48       5194     
 8576.32 224     26997    -252.736   -252.725   0.0103566   54       5204     
 8577.08 224     27000    -252.736   -252.725   0.0103566   53       5204     
 8578.13 224     27050    -252.736   -252.725   0.0103566   54       5204     
 8589.57 225     27127    -252.736   -252.725   0.0103553   54       5211     
 8590.6  225     27150    -252.736   -252.725   0.0103553   52       5211     
 8610.9  226     27257    -252.736   -252.725   0.0103545   57       5224     
 8611.66 226     27258    -252.736   -252.725   0.0103545   57       5224     
 8627.82 226     27300    -252.736   -252.725   0.0103545   56       5234     
 8639.83 227     27387    -252.736   -252.725   0.010351    53       5241     
 8640.8  227     27400    -252.736   -252.725   0.010351    49       5241     
 8671.23 227     27450    -252.736   -252.725   0.010351    50       5261     
 8674.28 228     27517    -252.736   -252.725   0.0103368   48       5262     
 8676.28 228     27550    -252.736   -252.725   0.0103368   46       5263     
 8704.72 229     27647    -252.736   -252.725   0.0103292   52       5281     
 8705.52 229     27650    -252.736   -252.725   0.0103292   52       5281     
 8770.07 229     27700    -252.736   -252.725   0.0103292   52       5323     
 8789.18 230     27777    -252.736   -252.725   0.0103263   52       5334     
 8807.67 230     27800    -252.736   -252.725   0.0103263   53       5345     
 8856.03 231     27907    -252.736   -252.725   0.0103247   49       5374     
 8856.84 231     27908    -252.736   -252.725   0.0103247   49       5374     
 8879.87 231     27950    -252.736   -252.725   0.0103247   50       5388     
 8914.57 232     28035    -252.736   -252.725   0.0103029   52       5408     
 8923.23 232     28050    -252.736   -252.725   0.0103029   56       5413     
 8967.55 233     28100    -252.736   -252.725   0.0103029   53       5439     
 8969.3  233     28165    -252.736   -252.725   0.0103021   58       5439     
 8970.45 233     28200    -252.736   -252.725   0.0103021   55       5439     
 9008.33 234     28295    -252.736   -252.725   0.0102975   57       5460     
 9009.26 234     28300    -252.736   -252.725   0.0102975   56       5460     
 9046.62 234     28350    -252.736   -252.725   0.0102975   58       5481     
 9064.32 235     28425    -252.736   -252.725   0.0102955   54       5490     
 9065.47 235     28450    -252.736   -252.725   0.0102955   51       5490     
 9111.23 236     28555    -252.736   -252.725   0.0102923   52       5515     
 9112.08 236     28556    -252.736   -252.725   0.0102923   52       5515     
 9150.73 236     28600    -252.736   -252.725   0.0102923   52       5537     
 9184.65 237     28685    -252.736   -252.725   0.0102854   56       5556     
 9190.27 237     28700    -252.736   -252.725   0.0102854   59       5559     
 9226.28 237     28750    -252.736   -252.725   0.0102854   61       5580     
 9228.16 238     28817    -252.736   -252.725   0.0102713   53       5580     
 9229.3  238     28850    -252.736   -252.725   0.0102713   54       5580     
 9272.37 239     28947    -252.736   -252.725   0.0102674   49       5607     
 9273.19 239     28950    -252.736   -252.725   0.0102674   49       5607     
 9311.54 239     29000    -252.736   -252.725   0.0102674   49       5632     
 9330.6  240     29077    -252.736   -252.725   0.0102623   52       5643     
 9331.78 240     29100    -252.736   -252.725   0.0102623   52       5643     
 9357.42 241     29205    -252.736   -252.725   0.010258    50       5658     
 9358.24 241     29206    -252.736   -252.725   0.010258    51       5658     
 9359.51 241     29250    -252.736   -252.725   0.010258    46       5658     
 9378.56 242     29333    -252.736   -252.725   0.0102527   53       5669     
 9379.66 242     29350    -252.736   -252.725   0.0102527   47       5669     
 9397.02 243     29461    -252.736   -252.725   0.0102404   56       5679     
 9397.83 243     29462    -252.736   -252.725   0.0102404   55       5679     
 9398.93 243     29500    -252.736   -252.725   0.0102404   48       5679     
 9412.77 244     29589    -252.736   -252.725   0.010238    54       5687     
 9413.82 244     29600    -252.736   -252.725   0.010238    50       5687     
 9424.67 244     29650    -252.736   -252.725   0.010238    54       5693     
 9429.15 245     29717    -252.736   -252.725   0.0102123   62       5695     
 9430.18 245     29750    -252.736   -252.725   0.0102123   60       5695     
 9442.44 246     29845    -252.736   -252.725   0.0102114   62       5702     
 9443.31 246     29850    -252.736   -252.725   0.0102114   57       5702     
 9444.47 246     29900    -252.736   -252.725   0.0102114   58       5702     
 9455.21 247     29975    -252.736   -252.725   0.0102093   59       5708     
 9456.21 247     30000    -252.736   -252.725   0.0102093   55       5708     
 9465.49 248     30103    -252.736   -252.725   0.0102085   59       5713     
 9466.32 248     30104    -252.736   -252.725   0.0102085   60       5713     
 9467.53 248     30150    -252.736   -252.725   0.0102085   57       5713     
 9474.02 249     30231    -252.736   -252.725   0.0102072   58       5716     
 9478.09 249     30250    -252.736   -252.725   0.0102072   60       5718     
 9504.94 250     30363    -252.736   -252.725   0.0102034   48       5735     
 9505.75 250     30364    -252.736   -252.725   0.0102034   49       5735     
 9512.54 250     30400    -252.736   -252.725   0.0102034   50       5739     
 9523.31 251     30491    -252.736   -252.725   0.0102019   51       5745     
 9524.23 251     30500    -252.736   -252.725   0.0102019   52       5745     
 9540.27 251     30550    -252.736   -252.725   0.0102019   55       5756     
 9547.88 252     30619    -252.736   -252.725   0.010201    51       5760     
 9548.95 252     30650    -252.736   -252.725   0.010201    51       5760     
 9567.78 253     30751    -252.736   -252.725   0.0101995   53       5772     
 9568.62 253     30752    -252.736   -252.725   0.0101995   53       5772     
 9576.87 253     30800    -252.736   -252.725   0.0101995   50       5777     
 9591.85 254     30879    -252.736   -252.725   0.0101559   53       5786     
 9596.72 254     30900    -252.736   -252.725   0.0101559   51       5789     
 9607    255     31009    -252.736   -252.725   0.0101499   56       5795     
 9607.81 255     31010    -252.736   -252.725   0.0101499   55       5795     
 9608.97 255     31050    -252.736   -252.725   0.0101499   54       5795     
 9623.71 256     31137    -252.736   -252.725   0.0101479   56       5804     
 9628.96 256     31150    -252.736   -252.725   0.0101479   56       5807     
 9665.75 256     31200    -252.736   -252.725   0.0101479   58       5831     
 9667.49 257     31265    -252.736   -252.725   0.0101472   63       5831     
 9668.65 257     31300    -252.736   -252.725   0.0101472   60       5831     
 9697.96 258     31395    -252.736   -252.725   0.0101467   68       5849     
 9700.53 258     31400    -252.736   -252.725   0.0101467   61       5850     
 9736.76 258     31450    -252.736   -252.725   0.0101467   57       5872     
 9751.08 259     31523    -252.736   -252.725   0.0101284   55       5880     
 9756.47 259     31550    -252.736   -252.725   0.0101284   57       5883     
 9784.05 260     31651    -252.736   -252.725   0.0101274   63       5900     
 9784.99 260     31652    -252.736   -252.725   0.0101274   64       5900     
 9786.36 260     31700    -252.736   -252.725   0.0101274   61       5900     
 9800.25 261     31779    -252.736   -252.725   0.0101269   58       5908     
 9801.28 261     31800    -252.736   -252.725   0.0101269   62       5908     
 9844.28 262     31907    -252.736   -252.725   0.0101258   51       5933     
 9845.16 262     31908    -252.736   -252.725   0.0101258   50       5933     
 9849.89 262     31950    -252.736   -252.725   0.0101258   51       5935     
 9887.83 263     32037    -252.736   -252.725   0.0101233   53       5956     
 9888.87 263     32050    -252.736   -252.725   0.0101233   52       5956     
 9912.03 263     32100    -252.736   -252.725   0.0101233   53       5969     
 9913.76 264     32165    -252.736   -252.725   0.0101223   57       5969     
 9915.18 264     32200    -252.736   -252.725   0.0101223   51       5969     
 9944.5  265     32293    -252.736   -252.725   0.0100877   60       5985     
 9952.76 265     32300    -252.736   -252.725   0.0100877   54       5989     
 9975.37 265     32350    -252.736   -252.725   0.0100877   53       6002     
 9987.84 266     32421    -252.736   -252.725   0.0100853   55       6008     
 9989.01 266     32450    -252.736   -252.725   0.0100853   56       6008     
 10012.6 267     32549    -252.736   -252.725   0.0100851   56       6020     
-------------------------------------------------------------------------------

SARSOP finishing ...
  Preset timeout reached
  Timeout     : 10000.000000s
  Actual Time : 10012.600000s

-------------------------------------------------------------------------------
 Time   |#Trial |#Backup |LBound    |UBound    |Precision  |#Alphas |#Beliefs  
-------------------------------------------------------------------------------
 10012.6 267     32549    -252.736   -252.725   0.0100851   56       6020     
-------------------------------------------------------------------------------

Writing out policy ...
  output file : RAM4_small/3c71f7f1c3.policyx

