
Loading the model ...
  input file   : /home/rstudio/RAM4_small/3d2c8b3eb9.pomdpx
  loading time : 4.76s 

SARSOP initializing ...
  initialization time : 7538.29s

-------------------------------------------------------------------------------
 Time   |#Trial |#Backup |LBound    |UBound    |Precision  |#Alphas |#Beliefs  
-------------------------------------------------------------------------------
 7538.29 0       0        -975.395   -975.213   0.181435    101      1        
 7539.96 1       71       -975.386   -975.377   0.00919137  1        37       
 7543.13 1       100      -975.386   -975.377   0.00919137  8        66       
 7545.72 2       150      -975.381   -975.377   0.00373728  1        82       
 7549.58 3       219      -975.378   -975.378   0.00073355  1        111      
 7552.78 6       245      -975.378   -975.378   -5.96343e-05 9        123      
-------------------------------------------------------------------------------

SARSOP finishing ...
  target precision reached
  target precision  : 0.000000
  precision reached : -0.000060 

-------------------------------------------------------------------------------
 Time   |#Trial |#Backup |LBound    |UBound    |Precision  |#Alphas |#Beliefs  
-------------------------------------------------------------------------------
 7552.78 6       245      -975.378   -975.378   -5.96343e-05 1        123      
-------------------------------------------------------------------------------

Writing out policy ...
  output file : RAM4_small/3d2c8b3eb9.policyx

