
Loading the model ...
  input file   : /home/rstudio/RAM4_small/3d2d07a972.pomdpx
  loading time : 4.78s 

SARSOP initializing ...
  initialization time : 14345.59s

-------------------------------------------------------------------------------
 Time   |#Trial |#Backup |LBound    |UBound    |Precision  |#Alphas |#Beliefs  
-------------------------------------------------------------------------------
 14345.6 0       0        -7027.1    -311.549   6715.55     101      1        
-------------------------------------------------------------------------------

SARSOP finishing ...
  Preset timeout reached
  Timeout     : 10000.000000s
  Actual Time : 14345.680000s

-------------------------------------------------------------------------------
 Time   |#Trial |#Backup |LBound    |UBound    |Precision  |#Alphas |#Beliefs  
-------------------------------------------------------------------------------
 14345.7 0       1        -6938.71   -3735.88   3202.83     34       2        
-------------------------------------------------------------------------------

Writing out policy ...
  output file : RAM4_small/3d2d07a972.policyx

