
Loading the model ...
  input file   : /home/rstudio/RAM4_small/3d3eca3da2.pomdpx
  loading time : 4.90s 

SARSOP initializing ...
  initialization time : 10837.52s

-------------------------------------------------------------------------------
 Time   |#Trial |#Backup |LBound    |UBound    |Precision  |#Alphas |#Beliefs  
-------------------------------------------------------------------------------
 10837.5 0       0        -4288.32   -178.535   4109.79     101      1        
-------------------------------------------------------------------------------

SARSOP finishing ...
  Preset timeout reached
  Timeout     : 10000.000000s
  Actual Time : 10837.610000s

-------------------------------------------------------------------------------
 Time   |#Trial |#Backup |LBound    |UBound    |Precision  |#Alphas |#Beliefs  
-------------------------------------------------------------------------------
 10837.6 0       1        -4081.21   -3471.81   609.396     33       2        
-------------------------------------------------------------------------------

Writing out policy ...
  output file : RAM4_small/3d3eca3da2.policyx

