
Loading the model ...
  input file   : /home/rstudio/RAM4_small/3d4f38045b.pomdpx
  loading time : 5.02s 

SARSOP initializing ...
  initialization time : 13119.60s

-------------------------------------------------------------------------------
 Time   |#Trial |#Backup |LBound    |UBound    |Precision  |#Alphas |#Beliefs  
-------------------------------------------------------------------------------
 13119.6 0       0        -2415.3    -639.617   1775.68     101      1        
-------------------------------------------------------------------------------

SARSOP finishing ...
  Preset timeout reached
  Timeout     : 10000.000000s
  Actual Time : 13119.730000s

-------------------------------------------------------------------------------
 Time   |#Trial |#Backup |LBound    |UBound    |Precision  |#Alphas |#Beliefs  
-------------------------------------------------------------------------------
 13119.7 0       1        -2415.04   -2296.65   118.392     15       2        
-------------------------------------------------------------------------------

Writing out policy ...
  output file : RAM4_small/3d4f38045b.policyx

