
Loading the model ...
  input file   : /home/rstudio/RAM4_small/3d57d59ee5.pomdpx
  loading time : 4.44s 

SARSOP initializing ...
  initialization time : 10700.37s

-------------------------------------------------------------------------------
 Time   |#Trial |#Backup |LBound    |UBound    |Precision  |#Alphas |#Beliefs  
-------------------------------------------------------------------------------
 10700.4 0       0        -7834.51   -264.226   7570.28     101      1        
-------------------------------------------------------------------------------

SARSOP finishing ...
  Preset timeout reached
  Timeout     : 10000.000000s
  Actual Time : 10700.450000s

-------------------------------------------------------------------------------
 Time   |#Trial |#Backup |LBound    |UBound    |Precision  |#Alphas |#Beliefs  
-------------------------------------------------------------------------------
 10700.5 0       1        -7761.89   -5024.01   2737.88     48       2        
-------------------------------------------------------------------------------

Writing out policy ...
  output file : RAM4_small/3d57d59ee5.policyx

