
Loading the model ...
  input file   : /home/rstudio/RAM4_small/3d5e279f84.pomdpx
  loading time : 4.83s 

SARSOP initializing ...
  initialization time : 4121.71s

-------------------------------------------------------------------------------
 Time   |#Trial |#Backup |LBound    |UBound    |Precision  |#Alphas |#Beliefs  
-------------------------------------------------------------------------------
 4121.71 0       0        -5349.08   -5348.96   0.112667    101      1        
 4123.41 1       50       -5349.02   -5348.98   0.0382515   6        29       
 4126.66 2       100      -5349      -5348.98   0.0102492   5        59       
 4127.45 3       135      -5348.98   -5348.99   -0.00360644 1        68       
-------------------------------------------------------------------------------

SARSOP finishing ...
  target precision reached
  target precision  : 0.000000
  precision reached : -0.003606 

-------------------------------------------------------------------------------
 Time   |#Trial |#Backup |LBound    |UBound    |Precision  |#Alphas |#Beliefs  
-------------------------------------------------------------------------------
 4127.45 3       135      -5348.98   -5348.99   -0.00360644 1        68       
-------------------------------------------------------------------------------

Writing out policy ...
  output file : RAM4_small/3d5e279f84.policyx

