
Loading the model ...
  input file   : /home/rstudio/RAM4_small/3d60f06811.pomdpx
  loading time : 4.73s 

SARSOP initializing ...
  initialization time : 6118.53s

-------------------------------------------------------------------------------
 Time   |#Trial |#Backup |LBound    |UBound    |Precision  |#Alphas |#Beliefs  
-------------------------------------------------------------------------------
 6118.53 0       0        -640.092   -640.083   0.00821208  101      1        
 6119.81 1       71       -640.089   -640.086   0.00319562  1        37       
 6121.56 1       100      -640.089   -640.086   0.00319562  8        66       
 6123.09 2       150      -640.087   -640.086   0.00148197  10       81       
 6125.59 3       217      -640.086   -640.086   0.000561662 1        110      
 6128.41 4       255      -640.086   -640.086   0.000304506 1        129      
 6132.52 7       300      -640.086   -640.086   8.25929e-05 1        152      
 6134.37 10      319      -640.086   -640.086   -4.02691e-06 9        160      
-------------------------------------------------------------------------------

SARSOP finishing ...
  target precision reached
  target precision  : 0.000000
  precision reached : -0.000004 

-------------------------------------------------------------------------------
 Time   |#Trial |#Backup |LBound    |UBound    |Precision  |#Alphas |#Beliefs  
-------------------------------------------------------------------------------
 6134.37 10      319      -640.086   -640.086   -4.02691e-06 1        160      
-------------------------------------------------------------------------------

Writing out policy ...
  output file : RAM4_small/3d60f06811.policyx

