
Loading the model ...
  input file   : /home/rstudio/RAM4_small/3d64a8a64a.pomdpx
  loading time : 4.79s 

SARSOP initializing ...
  initialization time : 5175.94s

-------------------------------------------------------------------------------
 Time   |#Trial |#Backup |LBound    |UBound    |Precision  |#Alphas |#Beliefs  
-------------------------------------------------------------------------------
 5175.94 0       0        -162.961   -140.763   22.1984     101      1        
 5176.65 1       50       -148.95    -144.455   4.49482     31       28       
 5177.8  2       123      -147.912   -144.455   3.45701     88       43       
 5178.61 2       150      -147.912   -144.455   3.45701     57       58       
 5179.82 3       207      -147.217   -144.455   2.76142     52       70       
 5181.8  4       287      -146.641   -144.455   2.18583     41       92       
 5182.51 4       300      -146.641   -144.455   2.18583     26       104      
 5184.26 5       369      -146.013   -144.455   1.55735     26       118      
 5184.32 5       400      -146.013   -144.455   1.55735     17       118      
 5184.6  6       485      -145.807   -144.455   1.35188     28       121      
 5184.65 6       500      -145.807   -144.455   1.35188     21       121      
 5184.98 7       603      -145.663   -144.455   1.20744     25       124      
 5185    7       604      -145.663   -144.455   1.20744     25       124      
 5185.07 7       650      -145.663   -144.455   1.20744     18       124      
 5185.33 8       717      -145.54    -144.455   1.08483     24       127      
 5185.92 8       750      -145.54    -144.455   1.08483     18       136      
 5186.56 9       831      -145.414   -144.455   0.958726    15       140      
 5186.61 9       850      -145.414   -144.455   0.958726    10       140      
 5187.02 10      945      -145.31    -144.455   0.854672    14       144      
 5187.2  10      950      -145.31    -144.455   0.854672    9        147      
 5187.56 10      1000     -145.31    -144.455   0.854672    11       151      
 5187.9  11      1061     -145.224   -144.455   0.768999    7        153      
 5187.96 11      1100     -145.224   -144.455   0.768999    11       153      
 5188.36 12      1181     -145.153   -144.455   0.697561    10       157      
 5188.4  12      1200     -145.153   -144.455   0.697561    8        157      
 5188.75 13      1301     -145.089   -144.455   0.633527    9        160      
 5188.78 13      1302     -145.089   -144.455   0.633527    9        160      
 5189.19 13      1350     -145.089   -144.455   0.633527    10       166      
 5189.67 14      1423     -145.038   -144.455   0.582932    9        169      
 5189.72 14      1450     -145.038   -144.455   0.582932    8        169      
 5190.06 15      1545     -144.995   -144.455   0.539382    8        172      
 5190.09 15      1550     -144.995   -144.455   0.539382    6        172      
 5190.17 15      1600     -144.995   -144.455   0.539382    9        172      
 5190.48 16      1669     -144.952   -144.455   0.496472    9        175      
 5191.07 16      1700     -144.952   -144.455   0.496472    9        182      
 5192.18 17      1793     -144.92    -144.455   0.464183    9        188      
 5192.68 17      1800     -144.92    -144.455   0.464183    9        194      
 5192.82 17      1850     -144.92    -144.455   0.464183    10       195      
 5193.37 18      1919     -144.89    -144.455   0.434891    10       198      
 5193.45 18      1950     -144.89    -144.455   0.434891    9        198      
 5193.97 19      2045     -144.867   -144.456   0.411295    10       202      
 5194    19      2050     -144.867   -144.456   0.411295    8        202      
 5194.31 19      2100     -144.867   -144.456   0.411295    9        205      
 5195.66 20      2175     -144.843   -144.456   0.387534    10       214      
 5195.73 20      2200     -144.843   -144.456   0.387534    9        214      
 5196.57 21      2305     -144.823   -144.456   0.367234    11       220      
 5196.6  21      2306     -144.823   -144.456   0.367234    11       220      
 5196.69 21      2350     -144.823   -144.456   0.367234    9        220      
 5197.1  22      2435     -144.807   -144.456   0.351524    8        223      
 5197.16 22      2450     -144.807   -144.456   0.351524    9        223      
 5197.61 22      2500     -144.807   -144.456   0.351524    10       227      
 5197.78 23      2567     -144.792   -144.456   0.336351    9        227      
 5197.86 23      2600     -144.792   -144.456   0.336351    10       227      
 5198.4  24      2699     -144.777   -144.456   0.32145     11       231      
 5198.43 24      2700     -144.777   -144.456   0.32145     11       231      
 5198.53 24      2750     -144.777   -144.456   0.32145     10       231      
 5199.44 25      2831     -144.764   -144.456   0.308277    10       238      
 5200.41 25      2850     -144.764   -144.456   0.308277    9        247      
 5203.82 26      2963     -144.751   -144.456   0.295116    10       262      
 5203.86 26      2964     -144.751   -144.456   0.295116    11       262      
 5203.95 26      3000     -144.751   -144.456   0.295116    9        262      
 5204.66 27      3095     -144.739   -144.456   0.283478    11       266      
 5204.7  27      3100     -144.739   -144.456   0.283478    9        266      
 5204.8  27      3150     -144.739   -144.456   0.283478    8        266      
 5205.28 28      3229     -144.728   -144.456   0.272089    10       269      
 5205.35 28      3250     -144.728   -144.456   0.272089    10       269      
 5205.87 29      3363     -144.718   -144.456   0.262158    11       272      
 5205.91 29      3364     -144.718   -144.456   0.262158    12       272      
 5206.01 29      3400     -144.718   -144.456   0.262158    11       272      
 5207.15 30      3497     -144.709   -144.456   0.25384     10       280      
 5207.19 30      3500     -144.709   -144.456   0.25384     10       280      
 5207.3  30      3550     -144.709   -144.456   0.25384     8        280      
 5207.77 31      3631     -144.701   -144.456   0.2458      9        283      
 5207.84 31      3650     -144.701   -144.456   0.2458      10       283      
 5208.52 32      3765     -144.694   -144.456   0.23835     11       287      
 5208.57 32      3766     -144.694   -144.456   0.23835     10       287      
 5208.66 32      3800     -144.694   -144.456   0.23835     10       287      
 5209.14 33      3899     -144.688   -144.456   0.232455    8        290      
 5209.19 33      3900     -144.688   -144.456   0.232455    9        290      
 5209.3  33      3950     -144.688   -144.456   0.232455    10       290      
 5210.03 34      4033     -144.682   -144.456   0.226303    12       295      
 5210.1  34      4050     -144.682   -144.456   0.226303    11       295      
 5210.94 34      4100     -144.682   -144.456   0.226303    10       301      
 5211.14 35      4169     -144.675   -144.456   0.219227    11       301      
 5211.59 35      4200     -144.675   -144.456   0.219227    9        305      
 5212.38 36      4303     -144.669   -144.456   0.21307     11       309      
 5212.43 36      4304     -144.669   -144.456   0.21307     12       309      
 5212.54 36      4350     -144.669   -144.456   0.21307     10       309      
 5213.38 37      4437     -144.663   -144.456   0.207657    12       314      
 5213.45 37      4450     -144.663   -144.456   0.207657    9        314      
 5213.56 37      4500     -144.663   -144.456   0.207657    9        314      
 5214.05 38      4571     -144.658   -144.456   0.202406    10       317      
 5214.92 38      4600     -144.658   -144.456   0.202406    10       324      
 5221.9  39      4705     -144.652   -144.456   0.19627     11       350      
 5221.96 39      4706     -144.652   -144.456   0.19627     10       350      
 5222.08 39      4750     -144.652   -144.456   0.19627     9        350      
 5222.73 40      4839     -144.647   -144.456   0.191682    11       353      
 5223.41 40      4850     -144.647   -144.456   0.191682    12       358      
 5224.22 40      4900     -144.647   -144.456   0.191682    11       362      
 5225.53 41      4973     -144.643   -144.456   0.187183    12       367      
 5226.78 41      5000     -144.643   -144.456   0.187183    10       374      
 5227.95 42      5107     -144.638   -144.456   0.182437    11       378      
 5228.01 42      5108     -144.638   -144.456   0.182437    12       378      
 5228.14 42      5150     -144.638   -144.456   0.182437    11       378      
 5228.78 43      5243     -144.633   -144.456   0.177597    9        381      
 5228.86 43      5250     -144.633   -144.456   0.177597    8        381      
 5229.01 43      5300     -144.633   -144.456   0.177597    10       381      
 5229.96 44      5379     -144.629   -144.456   0.172968    8        386      
 5232.38 44      5400     -144.629   -144.456   0.172968    11       400      
 5235.9  45      5513     -144.624   -144.456   0.168592    10       412      
 5235.97 45      5514     -144.624   -144.456   0.168592    10       412      
 5236.09 45      5550     -144.624   -144.456   0.168592    10       412      
 5237.19 46      5647     -144.62    -144.456   0.163968    10       417      
 5237.75 46      5650     -144.62    -144.456   0.163968    10       420      
 5239.48 46      5700     -144.62    -144.456   0.163968    11       428      
 5241.12 47      5781     -144.616   -144.456   0.160356    10       434      
 5241.22 47      5800     -144.616   -144.456   0.160356    9        434      
 5242.26 48      5915     -144.613   -144.456   0.157737    10       438      
 5242.33 48      5916     -144.613   -144.456   0.157737    11       438      
 5244.4  48      5950     -144.613   -144.456   0.157737    11       450      
 5255.43 49      6051     -144.61    -144.456   0.154768    12       482      
 5255.51 49      6052     -144.61    -144.456   0.154768    12       482      
 5255.68 49      6100     -144.61    -144.456   0.154768    11       482      
 5257.1  50      6187     -144.608   -144.456   0.152362    11       487      
 5257.21 50      6200     -144.608   -144.456   0.152362    11       487      
 5258.66 50      6250     -144.608   -144.456   0.152362    14       493      
 5259.99 51      6323     -144.604   -144.456   0.148505    15       497      
 5260.11 51      6350     -144.604   -144.456   0.148505    14       497      
 5261.7  52      6459     -144.601   -144.456   0.145359    12       503      
 5261.78 52      6460     -144.601   -144.456   0.145359    10       503      
 5271.13 52      6500     -144.601   -144.456   0.145359    11       537      
 5279.06 53      6593     -144.597   -144.456   0.141316    15       554      
 5279.16 53      6600     -144.597   -144.456   0.141316    14       554      
 5290.35 53      6650     -144.597   -144.456   0.141316    12       585      
 5294.73 54      6725     -144.591   -144.456   0.135422    12       593      
 5294.88 54      6750     -144.591   -144.456   0.135422    10       593      
 5297.88 55      6857     -144.587   -144.456   0.13151     9        602      
 5297.98 55      6858     -144.587   -144.456   0.13151     9        602      
 5299.82 55      6900     -144.587   -144.456   0.13151     10       608      
 5308.36 56      6989     -144.582   -144.456   0.126762    10       630      
 5308.49 56      7000     -144.582   -144.456   0.126762    11       630      
 5311.69 56      7050     -144.582   -144.456   0.126762    11       640      
 5313.39 57      7121     -144.579   -144.456   0.123592    14       644      
 5313.55 57      7150     -144.579   -144.456   0.123592    12       644      
 5317.43 58      7255     -144.577   -144.456   0.120821    13       655      
 5317.54 58      7256     -144.577   -144.456   0.120821    12       655      
 5322.75 58      7300     -144.577   -144.456   0.120821    12       672      
 5329.55 59      7389     -144.574   -144.456   0.117935    13       687      
 5329.69 59      7400     -144.574   -144.456   0.117935    14       687      
 5334.62 59      7450     -144.574   -144.456   0.117935    12       700      
 5337.05 60      7523     -144.571   -144.456   0.115278    12       705      
 5338.95 60      7550     -144.571   -144.456   0.115278    11       711      
 5347.01 61      7657     -144.569   -144.456   0.113168    12       731      
 5347.13 61      7658     -144.569   -144.456   0.113168    12       731      
 5347.34 61      7700     -144.569   -144.456   0.113168    14       731      
 5352.09 62      7791     -144.567   -144.456   0.111231    12       742      
 5355.29 62      7800     -144.567   -144.456   0.111231    11       751      
 5362.18 62      7850     -144.567   -144.456   0.111231    13       769      
 5365.98 63      7925     -144.565   -144.456   0.109201    11       776      
 5368.52 63      7950     -144.565   -144.456   0.109201    13       784      
 5376.54 64      8059     -144.562   -144.456   0.106529    12       803      
 5376.67 64      8060     -144.562   -144.456   0.106529    11       803      
 5379.9  64      8100     -144.562   -144.456   0.106529    11       811      
 5392.12 65      8191     -144.56    -144.456   0.104252    13       836      
 5395.81 65      8200     -144.56    -144.456   0.104252    12       845      
 5396.51 65      8250     -144.56    -144.456   0.104252    13       846      
 5399.69 66      8323     -144.558   -144.456   0.102051    14       852      
 5399.9  66      8350     -144.558   -144.456   0.102051    13       852      
 5405.83 67      8457     -144.556   -144.456   0.100622    14       866      
 5406.34 67      8458     -144.556   -144.456   0.100622    12       867      
 5411.02 67      8500     -144.556   -144.456   0.100622    16       879      
 5414.67 68      8591     -144.554   -144.456   0.0985901   12       886      
 5415.15 68      8600     -144.554   -144.456   0.0985901   13       887      
 5428.41 68      8650     -144.554   -144.456   0.0985901   16       917      
 5432.86 69      8725     -144.553   -144.456   0.0969454   12       924      
 5433.08 69      8750     -144.553   -144.456   0.0969454   12       924      
 5437.19 70      8859     -144.551   -144.456   0.0951675   13       932      
 5437.34 70      8860     -144.551   -144.456   0.0951675   13       932      
 5437.58 70      8900     -144.551   -144.456   0.0951675   13       932      
 5440.4  71      8993     -144.55    -144.456   0.0938225   12       938      
 5440.57 71      9000     -144.55    -144.456   0.0938225   11       938      
 5440.82 71      9050     -144.55    -144.456   0.0938225   16       938      
 5443.29 72      9129     -144.548   -144.456   0.092557    13       943      
 5445.95 72      9150     -144.548   -144.456   0.092557    14       950      
 5451.56 73      9263     -144.547   -144.456   0.09157     14       961      
 5451.72 73      9264     -144.547   -144.456   0.09157     14       961      
 5455.05 73      9300     -144.547   -144.456   0.09157     16       969      
 5467.58 74      9397     -144.546   -144.456   0.0899015   17       992      
 5467.75 74      9400     -144.546   -144.456   0.0899015   13       992      
 5480.25 74      9450     -144.546   -144.456   0.0899015   13       1018     
 5489.03 75      9531     -144.544   -144.456   0.0881308   12       1031     
 5492.19 75      9550     -144.544   -144.456   0.0881308   14       1038     
 5497.95 76      9665     -144.542   -144.456   0.0864722   14       1048     
 5498.12 76      9666     -144.542   -144.456   0.0864722   14       1048     
 5500.83 76      9700     -144.542   -144.456   0.0864722   15       1054     
 5505.76 77      9799     -144.541   -144.456   0.084833    13       1063     
 5505.93 77      9800     -144.541   -144.456   0.084833    12       1063     
 5509.02 77      9850     -144.541   -144.456   0.084833    12       1069     
 5516.17 78      9933     -144.539   -144.456   0.083143    16       1083     
 5521.43 78      9950     -144.539   -144.456   0.083143    14       1094     
 5524.95 79      10000    -144.539   -144.456   0.083143    12       1100     
 5525.38 79      10067    -144.537   -144.456   0.0813215   13       1100     
 5526.33 79      10100    -144.537   -144.456   0.0813215   14       1102     
 5538.63 80      10201    -144.536   -144.456   0.0801734   14       1125     
 5538.81 80      10202    -144.536   -144.456   0.0801734   13       1125     
 5539.11 80      10250    -144.536   -144.456   0.0801734   13       1125     
 5543.16 81      10335    -144.535   -144.456   0.0789331   14       1132     
 5543.39 81      10350    -144.535   -144.456   0.0789331   15       1132     
 5547.33 81      10400    -144.535   -144.456   0.0789331   15       1140     
 5548.79 82      10471    -144.534   -144.456   0.0782268   16       1142     
 5552.79 82      10500    -144.534   -144.456   0.0782268   15       1150     
 5557.22 83      10605    -144.533   -144.456   0.077408    15       1157     
 5557.41 83      10606    -144.533   -144.456   0.077408    15       1157     
 5557.74 83      10650    -144.533   -144.456   0.077408    14       1157     
 5561.74 84      10739    -144.533   -144.456   0.0768196   16       1164     
 5567.18 84      10750    -144.533   -144.456   0.0768196   15       1174     
 5568.95 84      10800    -144.533   -144.456   0.0768196   15       1177     
 5572.28 85      10873    -144.532   -144.456   0.0759993   15       1182     
 5575.74 85      10900    -144.532   -144.456   0.0759993   15       1189     
 5579.46 86      11007    -144.531   -144.456   0.0750421   15       1195     
 5579.66 86      11008    -144.531   -144.456   0.0750421   13       1195     
 5600.14 86      11050    -144.531   -144.456   0.0750421   16       1230     
 5618.75 87      11141    -144.53    -144.456   0.0741527   14       1253     
 5621.27 87      11150    -144.53    -144.456   0.0741527   15       1257     
 5635.47 87      11200    -144.53    -144.456   0.0741527   18       1277     
 5641.99 88      11275    -144.529   -144.456   0.0729529   13       1284     
 5642.28 88      11300    -144.529   -144.456   0.0729529   12       1284     
 5648.88 89      11409    -144.528   -144.456   0.0719896   14       1294     
 5649.09 89      11410    -144.528   -144.456   0.0719896   15       1294     
 5649.4  89      11450    -144.528   -144.456   0.0719896   20       1294     
 5653.7  90      11543    -144.528   -144.456   0.0715633   16       1301     
 5653.95 90      11550    -144.528   -144.456   0.0715633   19       1301     
 5654.28 90      11600    -144.528   -144.456   0.0715633   21       1301     
 5658.64 91      11679    -144.527   -144.456   0.0708069   18       1308     
 5667.79 91      11700    -144.527   -144.456   0.0708069   16       1324     
 5689.3  92      11813    -144.526   -144.456   0.0703623   18       1355     
 5689.53 92      11814    -144.526   -144.456   0.0703623   19       1355     
 5695.66 92      11850    -144.526   -144.456   0.0703623   20       1364     
 5709.31 93      11947    -144.526   -144.456   0.069754    17       1382     
 5709.56 93      11950    -144.526   -144.456   0.069754    15       1382     
 5709.95 93      12000    -144.526   -144.456   0.069754    16       1382     
 5719.15 94      12081    -144.525   -144.456   0.0691684   19       1394     
 5719.46 94      12100    -144.525   -144.456   0.0691684   18       1394     
 5725.16 95      12215    -144.525   -144.456   0.0686747   17       1402     
 5725.4  95      12216    -144.525   -144.456   0.0686747   17       1402     
 5729.8  95      12250    -144.525   -144.456   0.0686747   15       1409     
 5735.02 96      12349    -144.524   -144.456   0.0683585   17       1416     
 5735.26 96      12350    -144.524   -144.456   0.0683585   18       1416     
 5737.75 96      12400    -144.524   -144.456   0.0683585   20       1420     
 5739.56 97      12483    -144.524   -144.456   0.0676366   18       1422     
 5739.85 97      12500    -144.524   -144.456   0.0676366   19       1422     
 5755.23 98      12550    -144.524   -144.456   0.0676366   15       1446     
 5755.8  98      12617    -144.523   -144.456   0.0672234   16       1446     
 5759.88 98      12650    -144.523   -144.456   0.0672234   16       1452     
 5767.82 99      12751    -144.523   -144.456   0.0667698   15       1463     
 5768.68 99      12752    -144.523   -144.456   0.0667698   16       1464     
 5777.87 99      12800    -144.523   -144.456   0.0667698   14       1477     
 5784.53 100     12885    -144.522   -144.456   0.0657377   15       1485     
 5789.82 100     12900    -144.522   -144.456   0.0657377   16       1493     
 5799.18 100     12950    -144.522   -144.456   0.0657377   15       1506     
 5800.6  101     13019    -144.521   -144.456   0.0652834   17       1507     
 5804.67 101     13050    -144.521   -144.456   0.0652834   16       1513     
 5826.39 102     13153    -144.521   -144.456   0.0645661   17       1541     
 5826.65 102     13154    -144.521   -144.456   0.0645661   17       1541     
 5827.06 102     13200    -144.521   -144.456   0.0645661   23       1541     
 5832.77 103     13287    -144.52    -144.456   0.0640853   19       1548     
 5833.1  103     13300    -144.52    -144.456   0.0640853   20       1548     
 5851.49 103     13350    -144.52    -144.456   0.0640853   22       1572     
 5854.63 104     13421    -144.52    -144.456   0.0634331   19       1575     
 5861.7  104     13450    -144.52    -144.456   0.0634331   20       1585     
 5869.79 105     13555    -144.519   -144.456   0.0630338   17       1595     
 5870.07 105     13556    -144.519   -144.456   0.0630338   18       1595     
 5874.78 105     13600    -144.519   -144.456   0.0630338   18       1602     
 5880.79 106     13689    -144.519   -144.456   0.0627366   19       1609     
 5881.11 106     13700    -144.519   -144.456   0.0627366   19       1609     
 5888.3  106     13750    -144.519   -144.456   0.0627366   19       1619     
 5892.6  107     13823    -144.519   -144.456   0.0624388   19       1624     
 5892.98 107     13850    -144.519   -144.456   0.0624388   18       1624     
 5898.99 108     13957    -144.518   -144.456   0.0619387   15       1631     
 5899.27 108     13958    -144.518   -144.456   0.0619387   15       1631     
 5911.11 108     14000    -144.518   -144.456   0.0619387   16       1647     
 5929.53 109     14091    -144.518   -144.456   0.0616306   16       1667     
 5933.51 109     14100    -144.518   -144.456   0.0616306   17       1672     
 5935.21 109     14150    -144.518   -144.456   0.0616306   16       1674     
 5941.25 110     14225    -144.517   -144.456   0.0611481   15       1681     
 5941.63 110     14250    -144.517   -144.456   0.0611481   16       1681     
 5953.4  111     14357    -144.517   -144.456   0.0607247   16       1695     
 5953.69 111     14358    -144.517   -144.456   0.0607247   16       1695     
 5958.36 111     14400    -144.517   -144.456   0.0607247   16       1701     
 5964.59 112     14491    -144.516   -144.456   0.0602744   16       1708     
 5964.92 112     14500    -144.516   -144.456   0.0602744   17       1708     
 5966.79 112     14550    -144.516   -144.456   0.0602744   17       1711     
 5972.45 113     14625    -144.516   -144.456   0.0599515   19       1718     
 5989.38 113     14650    -144.516   -144.456   0.0599515   17       1739     
 6003.84 114     14757    -144.516   -144.456   0.0596952   22       1755     
 6004.15 114     14758    -144.516   -144.456   0.0596952   22       1755     
 6004.57 114     14800    -144.516   -144.456   0.0596952   21       1755     
 6016.19 115     14891    -144.515   -144.456   0.0590465   20       1768     
 6018.82 115     14900    -144.515   -144.456   0.0590465   24       1771     
 6039.76 115     14950    -144.515   -144.456   0.0590465   28       1797     
 6047.37 116     15025    -144.515   -144.456   0.0586284   20       1804     
 6047.76 116     15050    -144.515   -144.456   0.0586284   23       1804     
 6064.03 117     15159    -144.515   -144.456   0.0582811   20       1821     
 6064.33 117     15160    -144.515   -144.456   0.0582811   18       1821     
 6064.75 117     15200    -144.515   -144.456   0.0582811   18       1821     
 6071.36 118     15295    -144.514   -144.456   0.0577443   18       1829     
 6071.68 118     15300    -144.514   -144.456   0.0577443   20       1829     
 6072.11 118     15350    -144.514   -144.456   0.0577443   19       1829     
 6077.8  119     15429    -144.514   -144.456   0.0573079   21       1836     
 6082.47 119     15450    -144.514   -144.456   0.0573079   22       1842     
 6086.27 120     15563    -144.513   -144.456   0.0569864   21       1846     
 6086.58 120     15564    -144.513   -144.456   0.0569864   21       1846     
 6087.53 120     15600    -144.513   -144.456   0.0569864   22       1847     
 6091.73 121     15697    -144.513   -144.456   0.0567505   19       1852     
 6092.05 121     15700    -144.513   -144.456   0.0567505   19       1852     
 6116.38 121     15750    -144.513   -144.456   0.0567505   20       1881     
 6129.71 122     15831    -144.512   -144.456   0.0562061   22       1894     
 6130.11 122     15850    -144.512   -144.456   0.0562061   23       1894     
 6142.91 123     15965    -144.512   -144.456   0.0559047   18       1908     
 6143.23 123     15966    -144.512   -144.456   0.0559047   18       1908     
 6143.69 123     16000    -144.512   -144.456   0.0559047   18       1908     
 6152.48 124     16099    -144.512   -144.456   0.0555687   20       1919     
 6152.8  124     16100    -144.512   -144.456   0.0555687   20       1919     
 6153.29 124     16150    -144.512   -144.456   0.0555687   25       1919     
 6159.68 125     16233    -144.512   -144.456   0.0552972   21       1926     
 6166.85 125     16250    -144.512   -144.456   0.0552972   17       1935     
 6177.93 126     16365    -144.511   -144.456   0.0550265   18       1947     
 6178.27 126     16366    -144.511   -144.456   0.0550265   18       1947     
 6178.71 126     16400    -144.511   -144.456   0.0550265   19       1947     
 6186.19 127     16497    -144.511   -144.456   0.0549396   20       1955     
 6186.53 127     16500    -144.511   -144.456   0.0549396   21       1955     
 6187    127     16550    -144.511   -144.456   0.0549396   22       1955     
 6196.23 128     16631    -144.511   -144.456   0.0545828   24       1965     
 6199.79 128     16650    -144.511   -144.456   0.0545828   25       1969     
 6235.14 129     16765    -144.51    -144.456   0.0541973   22       2005     
 6235.48 129     16766    -144.51    -144.456   0.0541973   22       2005     
 6238.35 129     16800    -144.51    -144.456   0.0541973   22       2008     
 6246.97 130     16899    -144.51    -144.456   0.0538335   16       2016     
 6247.32 130     16900    -144.51    -144.456   0.0538335   15       2016     
 6247.84 130     16950    -144.51    -144.456   0.0538335   15       2016     
 6258.73 131     17031    -144.51    -144.456   0.053545    16       2028     
 6259.13 131     17050    -144.51    -144.456   0.053545    19       2028     
 6268.74 132     17163    -144.51    -144.456   0.0533626   17       2038     
 6269.08 132     17164    -144.51    -144.456   0.0533626   18       2038     
 6269.53 132     17200    -144.51    -144.456   0.0533626   21       2038     
 6274.51 133     17297    -144.509   -144.456   0.0530897   18       2043     
 6274.87 133     17300    -144.509   -144.456   0.0530897   19       2043     
 6285.72 133     17350    -144.509   -144.456   0.0530897   19       2055     
 6297.87 134     17429    -144.509   -144.456   0.0529209   19       2067     
 6313.05 134     17450    -144.509   -144.456   0.0529209   20       2083     
 6353.77 135     17563    -144.509   -144.456   0.0526907   22       2120     
 6354.14 135     17564    -144.509   -144.456   0.0526907   22       2120     
 6354.68 135     17600    -144.509   -144.456   0.0526907   22       2120     
 6370.29 136     17695    -144.509   -144.456   0.0523685   21       2136     
 6372.43 136     17700    -144.509   -144.456   0.0523685   21       2138     
 6385.18 136     17750    -144.509   -144.456   0.0523685   21       2151     
 6396.56 137     17827    -144.508   -144.456   0.0519975   21       2161     
 6407.27 137     17850    -144.508   -144.456   0.0519975   20       2172     
 6427.74 138     17959    -144.508   -144.456   0.051645    19       2191     
 6428.11 138     17960    -144.508   -144.456   0.051645    20       2191     
 6432.7  138     18000    -144.508   -144.456   0.051645    24       2196     
 6457.51 139     18091    -144.507   -144.456   0.0509888   18       2220     
 6460.65 139     18100    -144.507   -144.456   0.0509888   18       2223     
 6494.37 139     18150    -144.507   -144.456   0.0509888   20       2254     
 6502.39 140     18223    -144.507   -144.456   0.0506394   18       2260     
 6510.41 140     18250    -144.507   -144.456   0.0506394   15       2268     
 6536.04 141     18355    -144.507   -144.456   0.0502775   17       2290     
 6536.43 141     18356    -144.507   -144.456   0.0502775   18       2290     
 6560.34 141     18400    -144.507   -144.456   0.0502775   16       2312     
 6585.48 142     18487    -144.506   -144.456   0.0500382   18       2332     
 6591.55 142     18500    -144.506   -144.456   0.0500382   21       2338     
 6616.02 142     18550    -144.506   -144.456   0.0500382   20       2359     
 6619.25 143     18619    -144.506   -144.456   0.0497252   20       2361     
 6619.76 143     18650    -144.506   -144.456   0.0497252   22       2361     
 6637.99 144     18751    -144.506   -144.456   0.0494356   16       2377     
 6638.39 144     18752    -144.506   -144.456   0.0494356   16       2377     
 6668.29 144     18800    -144.506   -144.456   0.0494356   18       2404     
 6689.01 145     18883    -144.506   -144.456   0.0492131   22       2420     
 6703.2  145     18900    -144.506   -144.456   0.0492131   24       2432     
 6749.65 146     19015    -144.505   -144.456   0.0488749   21       2466     
 6750.11 146     19016    -144.505   -144.456   0.0488749   21       2466     
 6752.96 146     19050    -144.505   -144.456   0.0488749   21       2468     
 6794.31 147     19147    -144.505   -144.456   0.0487599   21       2498     
 6794.78 147     19150    -144.505   -144.456   0.0487599   18       2498     
 6818.62 147     19200    -144.505   -144.456   0.0487599   18       2517     
 6834.89 148     19281    -144.505   -144.456   0.0484267   19       2528     
 6836.15 148     19300    -144.505   -144.456   0.0484267   18       2529     
 6851.45 149     19413    -144.505   -144.456   0.0483028   18       2540     
 6851.89 149     19414    -144.505   -144.456   0.0483028   18       2540     
 6853.5  149     19450    -144.505   -144.456   0.0483028   18       2541     
 6875    150     19545    -144.505   -144.456   0.0481718   22       2558     
 6875.47 150     19550    -144.505   -144.456   0.0481718   22       2558     
 6881.95 150     19600    -144.505   -144.456   0.0481718   19       2563     
 6895.27 151     19677    -144.504   -144.456   0.0480795   22       2573     
 6895.87 151     19700    -144.504   -144.456   0.0480795   28       2573     
 6912.49 152     19809    -144.504   -144.456   0.0479576   27       2586     
 6912.95 152     19810    -144.504   -144.456   0.0479576   27       2586     
 6913.59 152     19850    -144.504   -144.456   0.0479576   31       2586     
 6922.44 153     19941    -144.504   -144.456   0.0477714   21       2593     
 6922.94 153     19950    -144.504   -144.456   0.0477714   20       2593     
 6925.8  153     20000    -144.504   -144.456   0.0477714   20       2595     
 6934.06 154     20073    -144.504   -144.456   0.0475817   19       2601     
 6934.69 154     20100    -144.504   -144.456   0.0475817   19       2601     
 6948.39 155     20205    -144.504   -144.456   0.0473496   17       2612     
 6948.83 155     20206    -144.504   -144.456   0.0473496   16       2612     
 6949.43 155     20250    -144.504   -144.456   0.0473496   16       2612     
 6970.54 156     20337    -144.503   -144.456   0.0471424   20       2629     
 6971.07 156     20350    -144.503   -144.456   0.0471424   20       2629     
 6985.62 156     20400    -144.503   -144.456   0.0471424   24       2641     
 6988.82 157     20469    -144.503   -144.456   0.046999    17       2643     
 6989.38 157     20500    -144.503   -144.456   0.046999    17       2643     
 6999.33 158     20601    -144.503   -144.456   0.0468552   21       2651     
 6999.78 158     20602    -144.503   -144.456   0.0468552   21       2651     
 7026.49 158     20650    -144.503   -144.456   0.0468552   20       2673     
 7036.42 159     20733    -144.503   -144.456   0.0466998   23       2680     
 7054.03 159     20750    -144.503   -144.456   0.0466998   23       2694     
 7089.64 160     20865    -144.502   -144.456   0.0460942   20       2720     
 7090.09 160     20866    -144.502   -144.456   0.0460942   20       2720     
 7090.67 160     20900    -144.502   -144.456   0.0460942   21       2720     
 7115.61 161     20997    -144.502   -144.456   0.0458899   22       2739     
 7116.09 161     21000    -144.502   -144.456   0.0458899   22       2739     
 7116.73 161     21050    -144.502   -144.456   0.0458899   26       2739     
 7128.17 162     21129    -144.502   -144.456   0.0457222   21       2748     
 7128.76 162     21150    -144.502   -144.456   0.0457222   23       2748     
 7138.41 163     21261    -144.502   -144.456   0.0453411   19       2756     
 7138.86 163     21262    -144.502   -144.456   0.0453411   19       2756     
 7139.44 163     21300    -144.502   -144.456   0.0453411   23       2756     
 7156.56 164     21393    -144.502   -144.456   0.0451621   17       2770     
 7157.05 164     21400    -144.502   -144.456   0.0451621   18       2770     
 7172.73 164     21450    -144.502   -144.456   0.0451621   21       2783     
 7183.23 165     21525    -144.501   -144.456   0.0449566   21       2791     
 7188    165     21550    -144.501   -144.456   0.0449566   20       2795     
 7205.59 166     21657    -144.501   -144.456   0.0448517   23       2809     
 7206.07 166     21658    -144.501   -144.456   0.0448517   24       2809     
 7210.07 166     21700    -144.501   -144.456   0.0448517   26       2812     
 7231.5  167     21789    -144.501   -144.456   0.0447033   21       2829     
 7241.09 167     21800    -144.501   -144.456   0.0447033   22       2837     
 7273.94 167     21850    -144.501   -144.456   0.0447033   22       2862     
 7280.76 168     21921    -144.501   -144.456   0.044651    27       2866     
 7301.06 168     21950    -144.501   -144.456   0.044651    28       2883     
 7322.19 169     22053    -144.501   -144.456   0.0445974   22       2898     
 7322.67 169     22054    -144.501   -144.456   0.0445974   21       2898     
 7323.38 169     22100    -144.501   -144.456   0.0445974   24       2898     
 7335.78 170     22185    -144.501   -144.456   0.0444631   23       2907     
 7336.35 170     22200    -144.501   -144.456   0.0444631   25       2907     
 7353.62 170     22250    -144.501   -144.456   0.0444631   26       2920     
 7354.64 171     22317    -144.501   -144.456   0.0443948   20       2920     
 7355.33 171     22350    -144.501   -144.456   0.0443948   22       2920     
 7369.98 172     22449    -144.501   -144.456   0.0441826   19       2931     
 7370.47 172     22450    -144.501   -144.456   0.0441826   19       2931     
 7371.17 172     22500    -144.501   -144.456   0.0441826   23       2931     
 7388.92 173     22581    -144.501   -144.456   0.0440521   21       2944     
 7389.49 173     22600    -144.501   -144.456   0.0440521   26       2944     
 7409.79 174     22711    -144.5     -144.456   0.0439122   24       2959     
 7410.29 174     22712    -144.5     -144.456   0.0439122   24       2959     
 7410.95 174     22750    -144.5     -144.456   0.0439122   27       2959     
 7423.26 175     22843    -144.5     -144.456   0.0438037   23       2968     
 7429.95 175     22850    -144.5     -144.456   0.0438037   22       2973     
 7443.38 175     22900    -144.5     -144.456   0.0438037   26       2984     
 7454.92 176     22975    -144.5     -144.456   0.043548    20       2992     
 7455.51 176     23000    -144.5     -144.456   0.043548    20       2992     
 7464.09 177     23105    -144.5     -144.456   0.0434428   18       2998     
 7464.58 177     23106    -144.5     -144.456   0.0434428   19       2998     
 7473.35 177     23150    -144.5     -144.456   0.0434428   20       3005     
 7482.08 178     23235    -144.5     -144.456   0.0433748   22       3011     
 7482.65 178     23250    -144.5     -144.456   0.0433748   22       3011     
 7492.02 179     23300    -144.5     -144.456   0.0433748   24       3018     
 7492.9  179     23365    -144.5     -144.456   0.0433317   21       3018     
 7500.79 179     23400    -144.5     -144.456   0.0433317   21       3024     
 7532.94 180     23495    -144.5     -144.456   0.0432897   24       3047     
 7534.7  180     23500    -144.5     -144.456   0.0432897   24       3048     
 7547.14 180     23550    -144.5     -144.456   0.0432897   21       3058     
 7560.17 181     23625    -144.5     -144.456   0.0431712   18       3067     
 7560.79 181     23650    -144.5     -144.456   0.0431712   18       3067     
 7569.51 182     23755    -144.5     -144.456   0.0431206   20       3073     
 7570.02 182     23756    -144.5     -144.456   0.0431206   20       3073     
 7582.29 182     23800    -144.5     -144.456   0.0431206   26       3082     
 7607.89 183     23885    -144.499   -144.456   0.0429798   22       3101     
 7618.72 183     23900    -144.499   -144.456   0.0429798   19       3109     
 7639.36 184     23950    -144.499   -144.456   0.0429798   23       3123     
 7640.34 184     24015    -144.499   -144.456   0.042703    18       3123     
 7669.67 184     24050    -144.499   -144.456   0.042703    19       3146     
 7690.25 185     24145    -144.499   -144.457   0.0422478   17       3159     
 7690.79 185     24150    -144.499   -144.457   0.0422478   18       3159     
 7696.66 185     24200    -144.499   -144.457   0.0422478   19       3163     
 7712.78 186     24277    -144.499   -144.457   0.0420968   19       3174     
 7734.43 186     24300    -144.499   -144.457   0.0420968   20       3190     
 7767.76 187     24409    -144.498   -144.457   0.0416147   22       3212     
 7768.29 187     24410    -144.498   -144.457   0.0416147   22       3212     
 7773.44 187     24450    -144.498   -144.457   0.0416147   23       3216     
 7792.53 188     24541    -144.498   -144.457   0.0415243   25       3229     
 7802.5  188     24550    -144.498   -144.457   0.0415243   25       3236     
 7878.67 188     24600    -144.498   -144.457   0.0415243   29       3286     
 7891.69 189     24675    -144.498   -144.457   0.0413609   25       3293     
 7892.43 189     24700    -144.498   -144.457   0.0413609   26       3293     
 7928.55 190     24807    -144.498   -144.457   0.0412894   24       3315     
 7929.11 190     24808    -144.498   -144.457   0.0412894   24       3315     
 7940.13 190     24850    -144.498   -144.457   0.0412894   23       3323     
 7956.78 191     24939    -144.498   -144.457   0.0412242   25       3334     
 7966.11 191     24950    -144.498   -144.457   0.0412242   26       3340     
 7998.64 191     25000    -144.498   -144.457   0.0412242   31       3362     
 8006.45 192     25071    -144.498   -144.457   0.0411526   20       3366     
 8045.01 192     25100    -144.498   -144.457   0.0411526   24       3390     
 8107.5  193     25203    -144.498   -144.457   0.041103    28       3425     
 8108.12 193     25204    -144.498   -144.457   0.041103    28       3425     
 8136.72 193     25250    -144.498   -144.457   0.041103    31       3443     
 8159.07 194     25335    -144.498   -144.457   0.0410028   26       3455     
 8165.52 194     25350    -144.498   -144.457   0.0410028   28       3459     
 8183.57 194     25400    -144.498   -144.457   0.0410028   28       3469     
 8184.9  195     25467    -144.497   -144.457   0.0408542   25       3469     
 8204.77 195     25500    -144.497   -144.457   0.0408542   21       3482     
 8241.81 196     25599    -144.497   -144.457   0.0405719   22       3503     
 8242.41 196     25600    -144.497   -144.457   0.0405719   22       3503     
 8256.97 196     25650    -144.497   -144.457   0.0405719   23       3512     
 8281.55 197     25731    -144.497   -144.457   0.0404387   23       3526     
 8282.34 197     25750    -144.497   -144.457   0.0404387   25       3526     
 8305.84 198     25863    -144.497   -144.457   0.0403189   25       3540     
 8306.45 198     25864    -144.497   -144.457   0.0403189   25       3540     
 8311.43 198     25900    -144.497   -144.457   0.0403189   25       3543     
 8345.15 199     25995    -144.497   -144.457   0.0402458   23       3563     
 8345.8  199     26000    -144.497   -144.457   0.0402458   24       3563     
 8346.71 199     26050    -144.497   -144.457   0.0402458   26       3563     
 8359.33 200     26125    -144.497   -144.457   0.0401739   23       3570     
 8360.2  200     26150    -144.497   -144.457   0.0401739   23       3570     
 8412.39 201     26257    -144.497   -144.457   0.0401066   24       3600     
 8413.03 201     26258    -144.497   -144.457   0.0401066   24       3600     
 8413.95 201     26300    -144.497   -144.457   0.0401066   27       3600     
 8430.15 202     26387    -144.497   -144.457   0.04003     33       3609     
 8442.6  202     26400    -144.497   -144.457   0.04003     27       3616     
 8469.49 202     26450    -144.497   -144.457   0.04003     30       3632     
 8474.53 203     26519    -144.497   -144.457   0.0399437   25       3634     
 8475.45 203     26550    -144.497   -144.457   0.0399437   26       3634     
 8514.47 204     26649    -144.497   -144.457   0.0398415   26       3656     
 8515.12 204     26650    -144.497   -144.457   0.0398415   26       3656     
 8516.09 204     26700    -144.497   -144.457   0.0398415   29       3656     
 8532.81 205     26779    -144.496   -144.457   0.0397655   24       3665     
 8533.6  205     26800    -144.496   -144.457   0.0397655   23       3665     
 8554.89 206     26909    -144.496   -144.457   0.0396802   24       3677     
 8555.54 206     26910    -144.496   -144.457   0.0396802   24       3677     
 8556.49 206     26950    -144.496   -144.457   0.0396802   26       3677     
 8569.1  207     27039    -144.496   -144.457   0.039613    24       3684     
 8569.8  207     27050    -144.496   -144.457   0.039613    26       3684     
 8581.96 207     27100    -144.496   -144.457   0.039613    31       3691     
 8588.09 208     27169    -144.496   -144.457   0.0395202   22       3694     
 8589.05 208     27200    -144.496   -144.457   0.0395202   22       3694     
 8619.42 209     27299    -144.496   -144.457   0.039471    25       3712     
 8620.07 209     27300    -144.496   -144.457   0.039471    25       3712     
 8628.63 209     27350    -144.496   -144.457   0.039471    29       3717     
 8647.27 210     27429    -144.496   -144.457   0.0394083   24       3728     
 8648.04 210     27450    -144.496   -144.457   0.0394083   29       3728     
 8663.6  211     27559    -144.496   -144.457   0.0393543   26       3737     
 8664.24 211     27560    -144.496   -144.457   0.0393543   25       3737     
 8665.08 211     27600    -144.496   -144.457   0.0393543   31       3737     
 8676.92 212     27689    -144.496   -144.457   0.0393049   28       3744     
 8681.43 212     27700    -144.496   -144.457   0.0393049   29       3747     
 8686.77 212     27750    -144.496   -144.457   0.0393049   29       3750     
 8692.62 213     27819    -144.496   -144.457   0.0392549   27       3753     
 8693.45 213     27850    -144.496   -144.457   0.0392549   34       3753     
 8716.5  214     27949    -144.496   -144.457   0.0392051   23       3767     
 8717.15 214     27950    -144.496   -144.457   0.0392051   22       3767     
 8718.09 214     28000    -144.496   -144.457   0.0392051   24       3767     
 8736.27 215     28079    -144.496   -144.457   0.0391069   22       3778     
 8737.03 215     28100    -144.496   -144.457   0.0391069   26       3778     
 8749.33 216     28209    -144.496   -144.457   0.0390249   20       3785     
 8749.98 216     28210    -144.496   -144.457   0.0390249   20       3785     
 8750.85 216     28250    -144.496   -144.457   0.0390249   25       3785     
 8761.07 217     28337    -144.496   -144.457   0.0389548   22       3791     
 8761.79 217     28350    -144.496   -144.457   0.0389548   22       3791     
 8776.21 217     28400    -144.496   -144.457   0.0389548   24       3800     
 8778.81 218     28467    -144.496   -144.457   0.0389199   23       3801     
 8779.57 218     28500    -144.496   -144.457   0.0389199   23       3801     
 8788.46 219     28595    -144.496   -144.457   0.0389048   29       3806     
 8789.13 219     28600    -144.496   -144.457   0.0389048   30       3806     
 8790.02 219     28650    -144.496   -144.457   0.0389048   32       3806     
 8803.36 220     28723    -144.496   -144.457   0.0388879   30       3814     
 8825.67 220     28750    -144.496   -144.457   0.0388879   29       3828     
 8857.59 221     28853    -144.496   -144.457   0.0388487   27       3846     
 8858.24 221     28854    -144.496   -144.457   0.0388487   25       3846     
 8869.47 221     28900    -144.496   -144.457   0.0388487   26       3854     
 8895.39 222     28981    -144.495   -144.457   0.0385215   25       3869     
 8906.79 222     29000    -144.495   -144.457   0.0385215   27       3876     
 8956.73 223     29111    -144.495   -144.457   0.0384944   33       3904     
 8957.4  223     29112    -144.495   -144.457   0.0384944   32       3904     
 8979.19 223     29150    -144.495   -144.457   0.0384944   26       3917     
 8998.8  224     29241    -144.495   -144.457   0.0384116   25       3927     
 9007.14 224     29250    -144.495   -144.457   0.0384116   27       3932     
 9045.13 224     29300    -144.495   -144.457   0.0384116   31       3952     
 9058.27 225     29373    -144.495   -144.457   0.0382745   25       3958     
 9078.72 225     29400    -144.495   -144.457   0.0382745   25       3970     
 9102.64 226     29503    -144.495   -144.457   0.0381527   25       3983     
 9103.31 226     29504    -144.495   -144.457   0.0381527   25       3983     
 9104.37 226     29550    -144.495   -144.457   0.0381527   25       3983     
 9133.57 227     29633    -144.495   -144.457   0.0381031   27       3999     
 9143.26 227     29650    -144.495   -144.457   0.0381031   28       4005     
 9160.05 228     29763    -144.495   -144.457   0.0380654   25       4014     
 9160.74 228     29764    -144.495   -144.457   0.0380654   24       4014     
 9161.64 228     29800    -144.495   -144.457   0.0380654   26       4014     
 9180.33 229     29893    -144.495   -144.457   0.0379962   24       4024     
 9181.06 229     29900    -144.495   -144.457   0.0379962   25       4024     
 9187.04 229     29950    -144.495   -144.457   0.0379962   28       4027     
 9200.78 230     30023    -144.495   -144.457   0.0379304   26       4034     
 9201.66 230     30050    -144.495   -144.457   0.0379304   25       4034     
 9218.09 231     30153    -144.494   -144.457   0.0377859   26       4043     
 9218.77 231     30154    -144.494   -144.457   0.0377859   26       4043     
 9232.42 231     30200    -144.494   -144.457   0.0377859   26       4051     
 9262.03 232     30283    -144.494   -144.457   0.0376587   21       4067     
 9262.95 232     30300    -144.494   -144.457   0.0376587   24       4067     
 9296.29 233     30413    -144.494   -144.457   0.0375395   26       4085     
 9296.99 233     30414    -144.494   -144.457   0.0375395   26       4085     
 9304.71 233     30450    -144.494   -144.457   0.0375395   25       4089     
 9344.57 234     30543    -144.494   -144.457   0.0374659   26       4110     
 9345.33 234     30550    -144.494   -144.457   0.0374659   28       4110     
 9368    234     30600    -144.494   -144.457   0.0374659   29       4122     
 9382.52 235     30673    -144.494   -144.457   0.0374028   28       4129     
 9383.45 235     30700    -144.494   -144.457   0.0374028   30       4129     
 9410.35 236     30803    -144.494   -144.457   0.0373761   30       4143     
 9411.07 236     30804    -144.494   -144.457   0.0373761   30       4143     
 9425.95 236     30850    -144.494   -144.457   0.0373761   34       4151     
 9449.32 237     30933    -144.494   -144.457   0.0373429   28       4163     
 9453.42 237     30950    -144.494   -144.457   0.0373429   31       4165     
 9482.84 238     31063    -144.494   -144.457   0.037196    24       4180     
 9483.56 238     31064    -144.494   -144.457   0.037196    24       4180     
 9484.75 238     31100    -144.494   -144.457   0.037196    24       4180     
 9516.22 239     31193    -144.494   -144.457   0.0371625   28       4196     
 9517.09 239     31200    -144.494   -144.457   0.0371625   29       4196     
 9534.98 239     31250    -144.494   -144.457   0.0371625   31       4205     
 9549.77 240     31323    -144.494   -144.457   0.0370158   29       4212     
 9555.83 240     31350    -144.494   -144.457   0.0370158   28       4215     
 9616.19 241     31453    -144.494   -144.457   0.036939    24       4245     
 9616.92 241     31454    -144.494   -144.457   0.036939    24       4245     
 9618.18 241     31500    -144.494   -144.457   0.036939    25       4245     
 9640.7  242     31583    -144.494   -144.457   0.0368823   27       4257     
 9641.59 242     31600    -144.494   -144.457   0.0368823   32       4257     
 9659.77 243     31715    -144.494   -144.457   0.0368024   24       4266     
 9660.5  243     31716    -144.494   -144.457   0.0368024   24       4266     
 9661.46 243     31750    -144.494   -144.457   0.0368024   29       4266     
 9679.38 244     31845    -144.493   -144.457   0.0367277   24       4275     
 9680.13 244     31850    -144.493   -144.457   0.0367277   25       4275     
 9700.39 244     31900    -144.493   -144.457   0.0367277   26       4286     
 9718.85 245     31975    -144.493   -144.457   0.0366543   29       4295     
 9719.74 245     32000    -144.493   -144.457   0.0366543   33       4295     
 9737.55 246     32105    -144.493   -144.457   0.0366122   30       4304     
 9738.29 246     32106    -144.493   -144.457   0.0366122   30       4304     
 9739.39 246     32150    -144.493   -144.457   0.0366122   32       4304     
 9755.2  247     32235    -144.493   -144.457   0.0365732   28       4312     
 9767.95 247     32250    -144.493   -144.457   0.0365732   29       4319     
 9822.68 248     32300    -144.493   -144.457   0.0365732   38       4347     
 9824.2  248     32365    -144.493   -144.457   0.0365571   39       4347     
 9825.24 248     32400    -144.493   -144.457   0.0365571   42       4347     
 9863.75 249     32495    -144.493   -144.457   0.0365293   34       4366     
 9864.58 249     32500    -144.493   -144.457   0.0365293   35       4366     
 9888.75 249     32550    -144.493   -144.457   0.0365293   36       4379     
 9908.19 250     32625    -144.493   -144.457   0.0364845   36       4388     
 9931.38 250     32650    -144.493   -144.457   0.0364845   32       4400     
 9962    251     32753    -144.493   -144.457   0.0364367   27       4414     
 9962.77 251     32754    -144.493   -144.457   0.0364367   26       4414     
 9963.87 251     32800    -144.493   -144.457   0.0364367   32       4414     
 9984.74 252     32883    -144.493   -144.457   0.0363772   31       4424     
 9996.61 252     32900    -144.493   -144.457   0.0363772   32       4430     
 10019.8 253     33013    -144.493   -144.457   0.0362879   32       4441     
-------------------------------------------------------------------------------

SARSOP finishing ...
  Preset timeout reached
  Timeout     : 10000.000000s
  Actual Time : 10019.800000s

-------------------------------------------------------------------------------
 Time   |#Trial |#Backup |LBound    |UBound    |Precision  |#Alphas |#Beliefs  
-------------------------------------------------------------------------------
 10019.8 253     33013    -144.493   -144.457   0.0362879   32       4441     
-------------------------------------------------------------------------------

Writing out policy ...
  output file : RAM4_small/3d64a8a64a.policyx

