
Loading the model ...
  input file   : /home/rstudio/RAM4_small/3d8cfbfa6.pomdpx
  loading time : 4.74s 

SARSOP initializing ...
  initialization time : 8383.62s

-------------------------------------------------------------------------------
 Time   |#Trial |#Backup |LBound    |UBound    |Precision  |#Alphas |#Beliefs  
-------------------------------------------------------------------------------
 8383.62 0       0        -297.027   -285.483   11.5436     101      1        
 8385    1       50       -294.369   -285.809   8.55977     14       20       
 8385.11 1       100      -291.967   -285.809   6.15862     6        20       
 8385.19 1       150      -291.967   -285.809   6.15862     15       21       
 8385.32 2       205      -290.739   -285.809   4.92974     3        22       
 8385.37 2       250      -290.739   -285.809   4.92974     18       22       
 8385.57 3       317      -289.799   -285.809   3.98973     10       25       
 8385.61 3       350      -289.799   -285.809   3.98973     14       25       
 8385.74 4       435      -289.158   -285.809   3.3493      14       25       
 8385.76 4       450      -289.158   -285.809   3.3493      18       25       
 8386.16 5       561      -288.734   -285.809   2.92512     16       30       
 8386.16 5       562      -288.734   -285.809   2.92512     17       30       
 8386.2  5       600      -288.734   -285.809   2.92512     23       30       
 8386.42 6       693      -288.453   -285.809   2.6446      9        32       
 8386.43 6       700      -288.453   -285.809   2.6446      16       32       
 8386.49 6       750      -288.453   -285.809   2.6446      14       32       
 8386.71 7       827      -288.272   -285.809   2.46347     24       35       
 8386.74 7       850      -288.272   -285.809   2.46347     20       35       
 8387.01 8       961      -288.074   -285.809   2.26525     27       38       
 8387.02 8       962      -288.074   -285.809   2.26525     28       38       
 8387.06 8       1000     -288.074   -285.809   2.26525     25       38       
 8387.26 9       1095     -287.903   -285.809   2.09369     28       39       
 8387.27 9       1100     -287.903   -285.809   2.09369     33       39       
 8387.33 9       1150     -287.903   -285.809   2.09369     15       39       
 8387.48 10      1229     -287.752   -285.809   1.94284     25       39       
 8387.52 10      1250     -287.752   -285.809   1.94284     24       39       
 8387.72 11      1363     -287.623   -285.809   1.81363     21       39       
 8387.72 11      1364     -287.623   -285.809   1.81363     22       39       
 8387.77 11      1400     -287.623   -285.809   1.81363     28       39       
 8388.17 12      1497     -287.506   -285.809   1.69699     21       44       
 8388.18 12      1500     -287.506   -285.809   1.69699     24       44       
 8388.24 12      1550     -287.506   -285.809   1.69699     24       44       
 8388.64 13      1631     -287.421   -285.809   1.61196     29       48       
 8388.67 13      1650     -287.421   -285.809   1.61196     24       48       
 8389.21 14      1767     -287.338   -285.809   1.52954     21       53       
 8389.22 14      1768     -287.338   -285.809   1.52954     22       53       
 8389.27 14      1800     -287.338   -285.809   1.52954     20       53       
 8389.84 15      1903     -287.262   -285.809   1.45312     26       58       
 8389.84 15      1904     -287.262   -285.809   1.45312     27       58       
 8389.9  15      1950     -287.262   -285.809   1.45312     13       58       
 8390.25 16      2039     -287.192   -285.809   1.38278     12       61       
 8390.27 16      2050     -287.192   -285.809   1.38278     10       61       
 8390.34 16      2100     -287.192   -285.809   1.38278     10       61       
 8390.91 17      2177     -287.113   -285.809   1.30431     10       66       
 8390.95 17      2200     -287.113   -285.809   1.30431     10       66       
 8391.53 18      2315     -287.059   -285.809   1.24963     12       71       
 8391.54 18      2316     -287.059   -285.809   1.24963     11       71       
 8391.6  18      2350     -287.059   -285.809   1.24963     10       71       
 8392    19      2453     -287       -285.809   1.19067     9        74       
 8392.01 19      2454     -287       -285.809   1.19067     10       74       
 8392.08 19      2500     -287       -285.809   1.19067     10       74       
 8392.48 20      2591     -286.951   -285.809   1.14202     11       77       
 8392.51 20      2600     -286.951   -285.809   1.14202     10       77       
 8392.58 20      2650     -286.951   -285.809   1.14202     11       77       
 8393.01 21      2731     -286.892   -285.809   1.08264     9        81       
 8393.05 21      2750     -286.892   -285.809   1.08264     8        81       
 8393.34 21      2800     -286.892   -285.809   1.08264     7        84       
 8393.49 22      2871     -286.849   -285.809   1.04029     9        84       
 8393.54 22      2900     -286.849   -285.809   1.04029     8        84       
 8393.99 23      3011     -286.816   -285.809   1.0068      7        87       
 8394    23      3012     -286.816   -285.809   1.0068      6        87       
 8394.06 23      3050     -286.816   -285.809   1.0068      5        87       
 8394.3  24      3149     -286.784   -285.809   0.975243    7        88       
 8394.32 24      3150     -286.784   -285.809   0.975243    7        88       
 8394.4  24      3200     -286.784   -285.809   0.975243    6        88       
 8395.17 25      3287     -286.753   -285.809   0.944397    7        94       
 8395.21 25      3300     -286.753   -285.809   0.944397    6        94       
 8395.28 25      3350     -286.753   -285.809   0.944397    7        94       
 8395.6  26      3425     -286.723   -285.809   0.914259    7        96       
 8395.65 26      3450     -286.723   -285.809   0.914259    7        96       
 8396.25 27      3563     -286.694   -285.809   0.885392    9        100      
 8396.27 27      3564     -286.694   -285.809   0.885392    9        100      
 8396.33 27      3600     -286.694   -285.809   0.885392    8        100      
 8397.09 28      3701     -286.665   -285.809   0.85633     8        105      
 8397.11 28      3702     -286.665   -285.809   0.85633     7        105      
 8397.19 28      3750     -286.665   -285.809   0.85633     5        105      
 8398.29 29      3839     -286.638   -285.809   0.829453    7        112      
 8398.32 29      3850     -286.638   -285.809   0.829453    7        112      
 8398.4  29      3900     -286.638   -285.809   0.829453    7        112      
 8399.14 30      3977     -286.613   -285.809   0.803691    9        117      
 8399.19 30      4000     -286.613   -285.809   0.803691    7        117      
 8399.6  31      4115     -286.589   -285.809   0.780212    8        119      
 8399.62 31      4116     -286.589   -285.809   0.780212    7        119      
 8399.69 31      4150     -286.589   -285.809   0.780212    5        119      
 8400.26 32      4253     -286.569   -285.809   0.75954     8        123      
 8400.38 32      4254     -286.569   -285.809   0.75954     9        124      
 8401.07 32      4300     -286.569   -285.809   0.75954     8        129      
 8402.57 33      4391     -286.542   -285.809   0.733091    8        136      
 8403.26 33      4400     -286.542   -285.809   0.733091    9        141      
 8403.34 33      4450     -286.542   -285.809   0.733091    9        141      
 8404.65 34      4529     -286.52    -285.809   0.710779    11       146      
 8404.7  34      4550     -286.52    -285.809   0.710779    8        146      
 8405.49 35      4667     -286.501   -285.809   0.691321    9        150      
 8405.52 35      4668     -286.501   -285.809   0.691321    8        150      
 8405.59 35      4700     -286.501   -285.809   0.691321    7        150      
 8406.31 36      4805     -286.477   -285.809   0.668117    7        154      
 8406.33 36      4806     -286.477   -285.809   0.668117    7        154      
 8406.42 36      4850     -286.477   -285.809   0.668117    6        154      
 8407.15 37      4943     -286.456   -285.809   0.646965    8        158      
 8407.2  37      4950     -286.456   -285.809   0.646965    8        158      
 8407.29 37      5000     -286.456   -285.809   0.646965    8        158      
 8407.84 38      5081     -286.44    -285.809   0.630874    8        161      
 8407.89 38      5100     -286.44    -285.809   0.630874    7        161      
 8408.37 39      5150     -286.44    -285.809   0.630874    8        164      
 8408.56 39      5219     -286.422   -285.809   0.612413    8        164      
 8408.62 39      5250     -286.422   -285.809   0.612413    8        164      
 8409.93 40      5357     -286.405   -285.809   0.596144    8        171      
 8409.97 40      5358     -286.405   -285.809   0.596144    8        171      
 8410.05 40      5400     -286.405   -285.809   0.596144    7        171      
 8411.26 41      5495     -286.39    -285.809   0.580474    7        178      
 8411.3  41      5500     -286.39    -285.809   0.580474    7        178      
 8411.4  41      5550     -286.39    -285.809   0.580474    7        178      
 8412.24 42      5633     -286.374   -285.809   0.564762    8        183      
 8412.3  42      5650     -286.374   -285.809   0.564762    6        183      
 8412.82 42      5700     -286.374   -285.809   0.564762    6        186      
 8413.19 43      5771     -286.359   -285.809   0.549846    8        187      
 8413.26 43      5800     -286.359   -285.809   0.549846    6        187      
 8413.79 44      5909     -286.345   -285.809   0.535631    8        190      
 8413.83 44      5910     -286.345   -285.809   0.535631    7        190      
 8413.92 44      5950     -286.345   -285.809   0.535631    6        190      
 8415.16 45      6047     -286.331   -285.809   0.521865    9        196      
 8415.2  45      6050     -286.331   -285.809   0.521865    7        196      
 8415.3  45      6100     -286.331   -285.809   0.521865    7        196      
 8416.55 46      6185     -286.318   -285.809   0.508257    8        202      
 8416.61 46      6200     -286.318   -285.809   0.508257    7        202      
 8417.17 46      6250     -286.318   -285.809   0.508257    8        205      
 8418.01 47      6323     -286.306   -285.809   0.496556    9        208      
 8418.09 47      6350     -286.306   -285.809   0.496556    9        208      
 8419.02 48      6461     -286.296   -285.809   0.486625    8        212      
 8419.06 48      6462     -286.296   -285.809   0.486625    8        212      
 8419.15 48      6500     -286.296   -285.809   0.486625    8        212      
 8419.94 49      6599     -286.285   -285.809   0.475399    8        216      
 8419.98 49      6600     -286.285   -285.809   0.475399    8        216      
 8420.08 49      6650     -286.285   -285.809   0.475399    8        216      
 8421.28 50      6737     -286.274   -285.809   0.46425     7        222      
 8421.34 50      6750     -286.274   -285.809   0.46425     7        222      
 8421.55 50      6800     -286.274   -285.809   0.46425     8        223      
 8422.7  51      6875     -286.262   -285.809   0.45224     9        228      
 8422.78 51      6900     -286.262   -285.809   0.45224     8        228      
 8425.72 52      7013     -286.253   -285.809   0.444119    9        240      
 8425.77 52      7014     -286.253   -285.809   0.444119    9        240      
 8425.86 52      7050     -286.253   -285.809   0.444119    9        240      
 8426.95 53      7151     -286.241   -285.809   0.431789    9        244      
 8427    53      7152     -286.241   -285.809   0.431789    9        244      
 8427.11 53      7200     -286.241   -285.809   0.431789    9        244      
 8430.04 54      7289     -286.232   -285.809   0.422625    8        255      
 8430.1  54      7300     -286.232   -285.809   0.422625    8        255      
 8430.21 54      7350     -286.232   -285.809   0.422625    9        255      
 8431.44 55      7427     -286.224   -285.809   0.414755    10       261      
 8431.53 55      7450     -286.224   -285.809   0.414755    10       261      
 8432.52 56      7565     -286.213   -285.809   0.403447    10       265      
 8432.77 56      7566     -286.213   -285.809   0.403447    10       266      
 8433.5  56      7600     -286.213   -285.809   0.403447    10       269      
 8434.94 57      7703     -286.205   -285.809   0.395112    8        274      
 8434.99 57      7704     -286.205   -285.809   0.395112    8        274      
 8435.11 57      7750     -286.205   -285.809   0.395112    9        274      
 8436.34 58      7841     -286.192   -285.809   0.38263     11       279      
 8436.41 58      7850     -286.192   -285.809   0.38263     10       279      
 8436.53 58      7900     -286.192   -285.809   0.38263     11       279      
 8438.46 59      7979     -286.185   -285.809   0.375612    10       287      
 8438.54 59      8000     -286.185   -285.809   0.375612    10       287      
 8440.28 60      8117     -286.174   -285.809   0.364701    11       293      
 8440.34 60      8118     -286.174   -285.809   0.364701    11       293      
 8440.44 60      8150     -286.174   -285.809   0.364701    10       293      
 8442.63 61      8255     -286.166   -285.809   0.356816    10       301      
 8442.69 61      8256     -286.166   -285.809   0.356816    10       301      
 8442.81 61      8300     -286.166   -285.809   0.356816    11       301      
 8445.85 62      8393     -286.158   -285.81    0.348815    12       311      
 8445.92 62      8400     -286.158   -285.81    0.348815    12       311      
 8446.06 62      8450     -286.158   -285.81    0.348815    12       311      
 8447.34 63      8531     -286.15    -285.81    0.340544    11       315      
 8447.43 63      8550     -286.15    -285.81    0.340544    10       315      
 8450.21 64      8600     -286.15    -285.81    0.340544    12       325      
 8450.47 64      8669     -286.141   -285.81    0.331315    12       325      
 8450.59 64      8700     -286.141   -285.81    0.331315    12       325      
 8453.26 65      8807     -286.134   -285.81    0.324412    11       333      
 8453.32 65      8808     -286.134   -285.81    0.324412    11       333      
 8453.45 65      8850     -286.134   -285.81    0.324412    11       333      
 8456.18 66      8943     -286.126   -285.81    0.316145    12       341      
 8456.26 66      8950     -286.126   -285.81    0.316145    11       341      
 8456.4  66      9000     -286.126   -285.81    0.316145    11       341      
 8459.74 67      9081     -286.118   -285.81    0.308968    12       351      
 8461.7  67      9100     -286.118   -285.81    0.308968    11       357      
 8464.04 68      9217     -286.11    -285.81    0.300724    12       362      
 8464.11 68      9218     -286.11    -285.81    0.300724    13       362      
 8464.24 68      9250     -286.11    -285.81    0.300724    13       362      
 8466.5  69      9355     -286.105   -285.81    0.295304    12       368      
 8466.57 69      9356     -286.105   -285.81    0.295304    13       368      
 8466.72 69      9400     -286.105   -285.81    0.295304    13       368      
 8469.3  70      9493     -286.098   -285.81    0.288476    11       375      
 8471.31 70      9500     -286.098   -285.81    0.288476    12       381      
 8472.69 70      9550     -286.098   -285.81    0.288476    13       384      
 8476.6  71      9631     -286.093   -285.81    0.283199    12       392      
 8476.71 71      9650     -286.093   -285.81    0.283199    11       392      
 8480.83 72      9700     -286.093   -285.81    0.283199    11       402      
 8481.1  72      9769     -286.085   -285.81    0.275589    10       402      
 8481.24 72      9800     -286.085   -285.81    0.275589    12       402      
 8485.44 73      9909     -286.081   -285.81    0.270832    12       412      
 8485.52 73      9910     -286.081   -285.81    0.270832    12       412      
 8485.67 73      9950     -286.081   -285.81    0.270832    12       412      
 8488.71 74      10047    -286.076   -285.81    0.26601     12       419      
 8488.8  74      10050    -286.076   -285.81    0.26601     12       419      
 8488.96 74      10100    -286.076   -285.81    0.26601     12       419      
 8490.34 75      10185    -286.071   -285.81    0.261485    10       422      
 8490.45 75      10200    -286.071   -285.81    0.261485    10       422      
 8491.62 75      10250    -286.071   -285.81    0.261485    12       426      
 8492.99 76      10323    -286.067   -285.81    0.256832    13       429      
 8493.12 76      10350    -286.067   -285.81    0.256832    12       429      
 8494.93 77      10461    -286.062   -285.81    0.251809    13       433      
 8495.02 77      10462    -286.062   -285.81    0.251809    13       433      
 8495.17 77      10500    -286.062   -285.81    0.251809    13       433      
 8498.15 78      10599    -286.056   -285.81    0.24647     12       440      
 8498.24 78      10600    -286.056   -285.81    0.24647     12       440      
 8498.41 78      10650    -286.056   -285.81    0.24647     12       440      
 8500.7  79      10737    -286.053   -285.81    0.243316    13       445      
 8500.81 79      10750    -286.053   -285.81    0.243316    12       445      
 8502.47 79      10800    -286.053   -285.81    0.243316    12       449      
 8504.98 80      10875    -286.048   -285.81    0.238204    12       454      
 8505.11 80      10900    -286.048   -285.81    0.238204    11       454      
 8507.94 81      11013    -286.045   -285.81    0.235668    10       460      
 8508.03 81      11014    -286.045   -285.81    0.235668    10       460      
 8508.18 81      11050    -286.045   -285.81    0.235668    10       460      
 8510.58 82      11151    -286.04    -285.81    0.230219    11       465      
 8510.67 82      11152    -286.04    -285.81    0.230219    11       465      
 8510.83 82      11200    -286.04    -285.81    0.230219    11       465      
 8513.89 83      11289    -286.037   -285.81    0.227433    12       472      
 8514.01 83      11300    -286.037   -285.81    0.227433    11       472      
 8514.18 83      11350    -286.037   -285.81    0.227433    11       472      
 8516.62 84      11427    -286.033   -285.81    0.223093    11       477      
 8516.76 84      11450    -286.033   -285.81    0.223093    11       477      
 8521.24 85      11565    -286.03    -285.81    0.220546    12       486      
 8521.34 85      11566    -286.03    -285.81    0.220546    12       486      
 8521.49 85      11600    -286.03    -285.81    0.220546    12       486      
 8525.11 86      11703    -286.025   -285.81    0.215095    13       493      
 8525.21 86      11704    -286.025   -285.81    0.215095    13       493      
 8525.38 86      11750    -286.025   -285.81    0.215095    13       493      
 8528.3  87      11841    -286.022   -285.81    0.21198     13       499      
 8528.42 87      11850    -286.022   -285.81    0.21198     12       499      
 8528.6  87      11900    -286.022   -285.81    0.21198     12       499      
 8531.29 88      11977    -286.018   -285.81    0.207966    13       505      
 8531.43 88      12000    -286.018   -285.81    0.207966    12       505      
 8535.27 89      12115    -286.015   -285.81    0.205201    15       513      
 8535.38 89      12116    -286.015   -285.81    0.205201    15       513      
 8535.53 89      12150    -286.015   -285.81    0.205201    13       513      
 8538.56 90      12251    -286.01    -285.81    0.200243    14       519      
 8538.66 90      12252    -286.01    -285.81    0.200243    14       519      
 8538.84 90      12300    -286.01    -285.81    0.200243    13       519      
 8542.92 91      12389    -286.007   -285.81    0.197556    14       527      
 8543.04 91      12400    -286.007   -285.81    0.197556    13       527      
 8543.23 91      12450    -286.007   -285.81    0.197556    14       527      
 8546.3  92      12525    -286.005   -285.81    0.194826    14       533      
 8546.46 92      12550    -286.005   -285.81    0.194826    14       533      
 8548.67 93      12663    -286.002   -285.81    0.192321    12       537      
 8549.25 93      12664    -286.002   -285.81    0.192321    12       538      
 8552.13 93      12700    -286.002   -285.81    0.192321    12       544      
 8553.66 94      12799    -285.999   -285.81    0.1891      11       546      
 8553.76 94      12800    -285.999   -285.81    0.1891      11       546      
 8553.96 94      12850    -285.999   -285.81    0.1891      11       546      
 8557.72 95      12935    -285.995   -285.81    0.184704    12       553      
 8557.86 95      12950    -285.995   -285.81    0.184704    12       553      
 8559.71 95      13000    -285.995   -285.81    0.184704    13       557      
 8561.58 96      13073    -285.992   -285.81    0.181816    15       560      
 8561.74 96      13100    -285.992   -285.81    0.181816    14       560      
 8565.08 97      13209    -285.988   -285.81    0.178441    13       566      
 8565.19 97      13210    -285.988   -285.81    0.178441    13       566      
 8565.37 97      13250    -285.988   -285.81    0.178441    12       566      
 8566.67 98      13345    -285.986   -285.81    0.176339    15       568      
 8566.8  98      13350    -285.986   -285.81    0.176339    14       568      
 8566.99 98      13400    -285.986   -285.81    0.176339    14       568      
 8570.98 99      13481    -285.983   -285.81    0.17283     14       575      
 8571.13 99      13500    -285.983   -285.81    0.17283     14       575      
 8577.92 100     13550    -285.983   -285.81    0.17283     13       587      
 8578.23 100     13619    -285.981   -285.81    0.170867    13       587      
 8578.4  100     13650    -285.981   -285.81    0.170867    14       587      
 8581.39 101     13755    -285.978   -285.81    0.168163    15       592      
 8581.51 101     13756    -285.978   -285.81    0.168163    15       592      
 8581.71 101     13800    -285.978   -285.81    0.168163    14       592      
 8583.14 102     13891    -285.977   -285.81    0.166598    14       594      
 8583.28 102     13900    -285.977   -285.81    0.166598    15       594      
 8583.48 102     13950    -285.977   -285.81    0.166598    15       594      
 8588.2  103     14027    -285.974   -285.81    0.164454    14       602      
 8588.36 103     14050    -285.974   -285.81    0.164454    13       602      
 8593.29 104     14163    -285.972   -285.81    0.162112    14       610      
 8593.41 104     14164    -285.972   -285.81    0.162112    13       610      
 8593.6  104     14200    -285.972   -285.81    0.162112    13       610      
 8597.45 105     14301    -285.97    -285.81    0.160102    13       616      
 8597.57 105     14302    -285.97    -285.81    0.160102    13       616      
 8597.77 105     14350    -285.97    -285.81    0.160102    12       616      
 8602.67 106     14437    -285.968   -285.81    0.157879    14       624      
 8602.82 106     14450    -285.968   -285.81    0.157879    13       624      
 8604.74 106     14500    -285.968   -285.81    0.157879    15       627      
 8607.49 107     14573    -285.965   -285.81    0.155317    15       631      
 8607.66 107     14600    -285.965   -285.81    0.155317    14       631      
 8614.14 108     14709    -285.963   -285.81    0.152793    14       641      
 8614.28 108     14710    -285.963   -285.81    0.152793    14       641      
 8614.47 108     14750    -285.963   -285.81    0.152793    13       641      
 8616.15 109     14845    -285.961   -285.81    0.150962    12       644      
 8616.29 109     14850    -285.961   -285.81    0.150962    13       644      
 8616.49 109     14900    -285.961   -285.81    0.150962    13       644      
 8622.82 110     14981    -285.959   -285.81    0.148826    14       654      
 8622.99 110     15000    -285.959   -285.81    0.148826    13       654      
 8627.06 111     15117    -285.958   -285.81    0.147528    14       660      
 8627.19 111     15118    -285.958   -285.81    0.147528    15       660      
 8627.38 111     15150    -285.958   -285.81    0.147528    14       660      
 8630.72 112     15253    -285.956   -285.81    0.146406    14       665      
 8631.44 112     15254    -285.956   -285.81    0.146406    14       666      
 8634.57 112     15300    -285.956   -285.81    0.146406    14       671      
 8640.71 113     15387    -285.953   -285.81    0.143069    16       679      
 8640.88 113     15400    -285.953   -285.81    0.143069    16       679      
 8641.1  113     15450    -285.953   -285.81    0.143069    17       679      
 8644.66 114     15525    -285.951   -285.81    0.140637    15       684      
 8644.84 114     15550    -285.951   -285.81    0.140637    15       684      
 8650.69 115     15663    -285.949   -285.81    0.138872    16       692      
 8650.83 115     15664    -285.949   -285.81    0.138872    16       692      
 8651.03 115     15700    -285.949   -285.81    0.138872    17       692      
 8658.92 116     15801    -285.948   -285.81    0.137472    14       703      
 8659.06 116     15802    -285.948   -285.81    0.137472    14       703      
 8659.29 116     15850    -285.948   -285.81    0.137472    15       703      
 8663.62 117     15937    -285.946   -285.81    0.136276    15       709      
 8663.79 117     15950    -285.946   -285.81    0.136276    14       709      
 8667.26 117     16000    -285.946   -285.81    0.136276    15       714      
 8670.67 118     16073    -285.945   -285.81    0.134595    15       718      
 8670.86 118     16100    -285.945   -285.81    0.134595    14       718      
 8677.24 119     16209    -285.944   -285.81    0.133453    16       727      
 8677.39 119     16210    -285.944   -285.81    0.133453    16       727      
 8677.61 119     16250    -285.944   -285.81    0.133453    16       727      
 8681.32 120     16343    -285.942   -285.81    0.131585    16       732      
 8681.48 120     16350    -285.942   -285.81    0.131585    14       732      
 8682.33 120     16400    -285.942   -285.81    0.131585    15       733      
 8689.85 121     16479    -285.939   -285.81    0.128557    15       743      
 8690.04 121     16500    -285.939   -285.81    0.128557    17       743      
 8698.34 122     16615    -285.938   -285.81    0.127391    15       754      
 8698.49 122     16616    -285.938   -285.81    0.127391    15       754      
 8698.71 122     16650    -285.938   -285.81    0.127391    16       754      
 8706.15 123     16751    -285.936   -285.81    0.125549    18       764      
 8706.3  123     16752    -285.936   -285.81    0.125549    18       764      
 8706.54 123     16800    -285.936   -285.81    0.125549    19       764      
 8711.44 124     16887    -285.934   -285.81    0.123915    13       771      
 8711.61 124     16900    -285.934   -285.81    0.123915    14       771      
 8712.43 124     16950    -285.934   -285.81    0.123915    14       772      
 8714.71 125     17021    -285.932   -285.81    0.122123    15       775      
 8714.91 125     17050    -285.932   -285.81    0.122123    16       775      
 8724.17 126     17155    -285.932   -285.81    0.121284    16       788      
 8724.32 126     17156    -285.932   -285.81    0.121284    16       788      
 8724.55 126     17200    -285.932   -285.81    0.121284    17       788      
 8733.02 127     17289    -285.93    -285.81    0.119254    17       799      
 8733.21 127     17300    -285.93    -285.81    0.119254    18       799      
 8737.73 127     17350    -285.93    -285.81    0.119254    16       805      
 8741.56 128     17425    -285.927   -285.81    0.116887    16       810      
 8741.76 128     17450    -285.927   -285.81    0.116887    16       810      
 8747.38 129     17561    -285.926   -285.81    0.115739    15       818      
 8747.54 129     17562    -285.926   -285.81    0.115739    16       818      
 8747.78 129     17600    -285.926   -285.81    0.115739    15       818      
 8756.66 130     17697    -285.925   -285.81    0.115069    17       830      
 8756.84 130     17700    -285.925   -285.81    0.115069    17       830      
 8757.1  130     17750    -285.925   -285.81    0.115069    17       830      
 8764.5  131     17831    -285.923   -285.81    0.112418    17       840      
 8764.71 131     17850    -285.923   -285.81    0.112418    18       840      
 8773.09 132     17967    -285.922   -285.81    0.111798    20       850      
 8773.26 132     17968    -285.922   -285.81    0.111798    20       850      
 8773.5  132     18000    -285.922   -285.81    0.111798    19       850      
 8780.53 133     18103    -285.921   -285.81    0.110375    15       858      
 8780.71 133     18104    -285.921   -285.81    0.110375    16       858      
 8780.97 133     18150    -285.921   -285.81    0.110375    17       858      
 8792.62 134     18239    -285.92    -285.81    0.109545    16       871      
 8792.82 134     18250    -285.92    -285.81    0.109545    17       871      
 8793.1  134     18300    -285.92    -285.81    0.109545    16       871      
 8797.22 135     18375    -285.919   -285.81    0.108612    20       876      
 8797.44 135     18400    -285.919   -285.81    0.108612    20       876      
 8806.45 136     18511    -285.918   -285.81    0.107899    17       886      
 8806.63 136     18512    -285.918   -285.81    0.107899    16       886      
 8806.89 136     18550    -285.918   -285.81    0.107899    17       886      
 8815.18 137     18645    -285.916   -285.81    0.105912    19       897      
 8815.37 137     18650    -285.916   -285.81    0.105912    19       897      
 8815.64 137     18700    -285.916   -285.81    0.105912    19       897      
 8822.91 138     18781    -285.915   -285.81    0.10491     17       905      
 8823.13 138     18800    -285.915   -285.81    0.10491     15       905      
 8831.16 139     18917    -285.914   -285.81    0.10391     18       914      
 8831.34 139     18918    -285.914   -285.81    0.10391     19       914      
 8831.59 139     18950    -285.914   -285.81    0.10391     20       914      
 8839.54 140     19053    -285.914   -285.81    0.10318     19       923      
 8839.72 140     19054    -285.914   -285.81    0.10318     19       923      
 8839.99 140     19100    -285.914   -285.81    0.10318     19       923      
 8846.7  141     19187    -285.913   -285.81    0.102722    20       931      
 8846.92 141     19200    -285.913   -285.81    0.102722    22       931      
 8848.82 141     19250    -285.913   -285.81    0.102722    22       933      
 8851.95 142     19321    -285.912   -285.81    0.101948    18       936      
 8852.2  142     19350    -285.912   -285.81    0.101948    19       936      
 8859.06 143     19455    -285.911   -285.81    0.101029    17       943      
 8859.25 143     19456    -285.911   -285.81    0.101029    17       943      
 8859.52 143     19500    -285.911   -285.81    0.101029    18       943      
 8867.75 144     19589    -285.911   -285.81    0.1006      19       952      
 8867.96 144     19600    -285.911   -285.81    0.1006      18       952      
 8873.54 144     19650    -285.911   -285.81    0.1006      18       958      
 8878.69 145     19723    -285.91    -285.81    0.0999034   21       963      
 8878.94 145     19750    -285.91    -285.81    0.0999034   19       963      
 8892.01 146     19857    -285.909   -285.81    0.0982903   21       976      
 8892.21 146     19858    -285.909   -285.81    0.0982903   21       976      
 8892.48 146     19900    -285.909   -285.81    0.0982903   20       976      
 8897.28 147     19991    -285.908   -285.81    0.097877    20       981      
 8897.5  147     20000    -285.908   -285.81    0.097877    21       981      
 8898.65 147     20050    -285.908   -285.81    0.097877    20       982      
 8905.39 148     20125    -285.907   -285.81    0.0965385   17       989      
 8905.63 148     20150    -285.907   -285.81    0.0965385   18       989      
 8914.38 149     20259    -285.906   -285.81    0.0959525   18       998      
 8914.58 149     20260    -285.906   -285.81    0.0959525   19       998      
 8914.86 149     20300    -285.906   -285.81    0.0959525   19       998      
 8918.92 150     20393    -285.906   -285.81    0.0955773   19       1002     
 8919.13 150     20400    -285.906   -285.81    0.0955773   19       1002     
 8919.44 150     20450    -285.906   -285.81    0.0955773   20       1002     
 8927.28 151     20527    -285.905   -285.81    0.0943783   19       1010     
 8927.53 151     20550    -285.905   -285.81    0.0943783   18       1010     
 8934.81 152     20661    -285.904   -285.81    0.0939995   19       1018     
 8935.01 152     20662    -285.904   -285.81    0.0939995   19       1018     
 8935.29 152     20700    -285.904   -285.81    0.0939995   20       1018     
 8943.48 153     20793    -285.904   -285.81    0.093124    20       1027     
 8943.7  153     20800    -285.904   -285.81    0.093124    20       1027     
 8944.02 153     20850    -285.904   -285.81    0.093124    19       1027     
 8949.93 154     20927    -285.903   -285.81    0.0922281   23       1033     
 8950.18 154     20950    -285.903   -285.81    0.0922281   23       1033     
 8962.87 155     21061    -285.902   -285.81    0.0918233   22       1046     
 8963.07 155     21062    -285.902   -285.81    0.0918233   22       1046     
 8963.35 155     21100    -285.902   -285.81    0.0918233   22       1046     
 8972.45 156     21195    -285.901   -285.81    0.0908375   19       1055     
 8972.67 156     21200    -285.901   -285.81    0.0908375   20       1055     
 8973.95 156     21250    -285.901   -285.81    0.0908375   20       1056     
 8987.16 157     21329    -285.901   -285.81    0.0902106   19       1068     
 8992.2  157     21350    -285.901   -285.81    0.0902106   19       1073     
 8999    158     21461    -285.9     -285.811   0.0890779   19       1079     
 8999.21 158     21462    -285.9     -285.811   0.0890779   19       1079     
 8999.51 158     21500    -285.9     -285.811   0.0890779   20       1079     
 9005.45 159     21595    -285.899   -285.811   0.0880614   18       1085     
 9005.69 159     21600    -285.899   -285.811   0.0880614   18       1085     
 9006.97 159     21650    -285.899   -285.811   0.0880614   18       1086     
 9016.27 160     21729    -285.898   -285.811   0.0873874   17       1095     
 9016.54 160     21750    -285.898   -285.811   0.0873874   18       1095     
 9029.16 161     21863    -285.898   -285.811   0.086975    19       1107     
 9030.41 161     21864    -285.898   -285.811   0.086975    20       1108     
 9034.54 161     21900    -285.898   -285.811   0.086975    21       1112     
 9042.67 162     21997    -285.895   -285.811   0.0841641   21       1120     
 9042.89 162     22000    -285.895   -285.811   0.0841641   21       1120     
 9043.22 162     22050    -285.895   -285.811   0.0841641   21       1120     
 9054.85 163     22137    -285.894   -285.811   0.083366    21       1131     
 9055.11 163     22150    -285.894   -285.811   0.083366    22       1131     
 9056.96 163     22200    -285.894   -285.811   0.083366    21       1133     
 9062.36 164     22275    -285.893   -285.811   0.0827437   21       1138     
 9062.64 164     22300    -285.893   -285.811   0.0827437   22       1138     
 9072.63 165     22413    -285.893   -285.811   0.0824832   22       1148     
 9072.86 165     22414    -285.893   -285.811   0.0824832   21       1148     
 9073.19 165     22450    -285.893   -285.811   0.0824832   21       1148     
 9082.46 166     22549    -285.893   -285.811   0.082013    22       1156     
 9082.7  166     22550    -285.893   -285.811   0.082013    23       1156     
 9083.04 166     22600    -285.893   -285.811   0.082013    24       1156     
 9094.46 167     22687    -285.892   -285.811   0.0814456   22       1166     
 9094.73 167     22700    -285.892   -285.811   0.0814456   21       1166     
 9096.54 167     22750    -285.892   -285.811   0.0814456   21       1168     
 9100.48 168     22823    -285.892   -285.811   0.0808686   21       1171     
 9100.78 168     22850    -285.892   -285.811   0.0808686   22       1171     
 9112.43 169     22957    -285.891   -285.811   0.0805965   21       1181     
 9112.67 169     22958    -285.891   -285.811   0.0805965   21       1181     
 9113    169     23000    -285.891   -285.811   0.0805965   21       1181     
 9119.72 170     23093    -285.891   -285.811   0.0801417   25       1187     
 9120    170     23100    -285.891   -285.811   0.0801417   26       1187     
 9120.36 170     23150    -285.891   -285.811   0.0801417   25       1187     
 9126.27 171     23227    -285.89    -285.811   0.0791969   23       1192     
 9126.57 171     23250    -285.89    -285.811   0.0791969   23       1192     
 9138.83 172     23363    -285.889   -285.811   0.0785594   25       1203     
 9139.08 172     23364    -285.889   -285.811   0.0785594   24       1203     
 9139.4  172     23400    -285.889   -285.811   0.0785594   24       1203     
 9151.63 173     23499    -285.889   -285.811   0.0780157   21       1213     
 9151.88 173     23500    -285.889   -285.811   0.0780157   21       1213     
 9152.25 173     23550    -285.889   -285.811   0.0780157   22       1213     
 9159.98 174     23635    -285.888   -285.811   0.0775745   21       1219     
 9160.26 174     23650    -285.888   -285.811   0.0775745   20       1219     
 9166.41 174     23700    -285.888   -285.811   0.0775745   23       1224     
 9168.19 175     23769    -285.888   -285.811   0.0772866   24       1225     
 9168.53 175     23800    -285.888   -285.811   0.0772866   25       1225     
 9175.42 176     23905    -285.887   -285.811   0.0767466   25       1231     
 9175.67 176     23906    -285.887   -285.811   0.0767466   26       1231     
 9176.04 176     23950    -285.887   -285.811   0.0767466   26       1231     
 9181.39 177     24039    -285.887   -285.811   0.0764089   22       1235     
 9181.68 177     24050    -285.887   -285.811   0.0764089   23       1235     
 9185.53 177     24100    -285.887   -285.811   0.0764089   24       1238     
 9192.2  178     24173    -285.887   -285.811   0.0758982   21       1243     
 9192.52 178     24200    -285.887   -285.811   0.0758982   21       1243     
 9202.34 179     24305    -285.886   -285.811   0.0754302   20       1251     
 9202.6  179     24306    -285.886   -285.811   0.0754302   20       1251     
 9202.95 179     24350    -285.886   -285.811   0.0754302   20       1251     
 9211.64 180     24437    -285.886   -285.811   0.0751004   24       1258     
 9211.93 180     24450    -285.886   -285.811   0.0751004   23       1258     
 9216.75 180     24500    -285.886   -285.811   0.0751004   23       1262     
 9219.83 181     24569    -285.885   -285.811   0.0747164   22       1264     
 9220.18 181     24600    -285.885   -285.811   0.0747164   22       1264     
 9230.38 182     24701    -285.885   -285.811   0.0742304   22       1272     
 9230.64 182     24702    -285.885   -285.811   0.0742304   22       1272     
 9231.02 182     24750    -285.885   -285.811   0.0742304   22       1272     
 9243.51 183     24833    -285.885   -285.811   0.0739967   26       1283     
 9243.81 183     24850    -285.885   -285.811   0.0739967   26       1283     
 9252.42 184     24965    -285.884   -285.811   0.0734047   26       1290     
 9252.69 184     24966    -285.884   -285.811   0.0734047   26       1290     
 9253.04 184     25000    -285.884   -285.811   0.0734047   26       1290     
 9270.53 185     25097    -285.884   -285.811   0.0728177   21       1303     
 9270.81 185     25100    -285.884   -285.811   0.0728177   20       1303     
 9271.2  185     25150    -285.884   -285.811   0.0728177   20       1303     
 9281.55 186     25229    -285.883   -285.811   0.0719359   22       1311     
 9281.89 186     25250    -285.883   -285.811   0.0719359   23       1311     
 9290.02 187     25361    -285.882   -285.811   0.0711592   20       1317     
 9290.28 187     25362    -285.882   -285.811   0.0711592   19       1317     
 9290.63 187     25400    -285.882   -285.811   0.0711592   19       1317     
 9301.19 188     25493    -285.882   -285.811   0.0708878   23       1325     
 9301.48 188     25500    -285.882   -285.811   0.0708878   24       1325     
 9301.87 188     25550    -285.882   -285.811   0.0708878   23       1325     
 9311.32 189     25625    -285.881   -285.811   0.0706165   23       1332     
 9311.65 189     25650    -285.881   -285.811   0.0706165   24       1332     
 9319.86 190     25757    -285.881   -285.811   0.0703103   22       1338     
 9320.13 190     25758    -285.881   -285.811   0.0703103   22       1338     
 9320.49 190     25800    -285.881   -285.811   0.0703103   22       1338     
 9327.46 191     25889    -285.881   -285.811   0.0701622   23       1344     
 9327.76 191     25900    -285.881   -285.811   0.0701622   23       1344     
 9329.36 191     25950    -285.881   -285.811   0.0701622   26       1345     
 9335.19 192     26021    -285.881   -285.811   0.069914    23       1349     
 9335.53 192     26050    -285.881   -285.811   0.069914    24       1349     
 9346.53 193     26153    -285.88    -285.811   0.0697045   24       1357     
 9346.8  193     26154    -285.88    -285.811   0.0697045   24       1357     
 9347.2  193     26200    -285.88    -285.811   0.0697045   24       1357     
 9352.52 194     26283    -285.88    -285.811   0.0693797   25       1361     
 9352.84 194     26300    -285.88    -285.811   0.0693797   25       1361     
 9363.75 195     26415    -285.88    -285.811   0.068953    25       1369     
 9364.02 195     26416    -285.88    -285.811   0.068953    25       1369     
 9364.38 195     26450    -285.88    -285.811   0.068953    25       1369     
 9372.47 196     26547    -285.879   -285.811   0.068471    25       1375     
 9372.76 196     26550    -285.879   -285.811   0.068471    23       1375     
 9373.15 196     26600    -285.879   -285.811   0.068471    25       1375     
 9376.76 197     26679    -285.879   -285.811   0.0679322   22       1378     
 9377.1  197     26700    -285.879   -285.811   0.0679322   23       1378     
 9387.47 198     26809    -285.878   -285.811   0.0676507   22       1386     
 9387.74 198     26810    -285.878   -285.811   0.0676507   23       1386     
 9388.11 198     26850    -285.878   -285.811   0.0676507   23       1386     
 9396.52 199     26939    -285.878   -285.811   0.0674033   24       1392     
 9401.31 199     26950    -285.878   -285.811   0.0674033   25       1396     
 9404.3  199     27000    -285.878   -285.811   0.0674033   26       1398     
 9408.67 200     27069    -285.878   -285.811   0.0669007   24       1401     
 9409.03 200     27100    -285.878   -285.811   0.0669007   24       1401     
 9418.34 201     27199    -285.877   -285.811   0.0666188   24       1408     
 9419.95 201     27200    -285.877   -285.811   0.0666188   24       1409     
 9423.6  201     27250    -285.877   -285.811   0.0666188   24       1412     
 9433.34 202     27329    -285.875   -285.811   0.064451    26       1419     
 9433.68 202     27350    -285.875   -285.811   0.064451    26       1419     
 9443.84 203     27465    -285.875   -285.811   0.0636827   24       1426     
 9444.13 203     27466    -285.875   -285.811   0.0636827   23       1426     
 9444.5  203     27500    -285.875   -285.811   0.0636827   23       1426     
 9452.23 204     27601    -285.874   -285.811   0.0634081   22       1431     
 9452.52 204     27602    -285.874   -285.811   0.0634081   22       1431     
 9452.95 204     27650    -285.874   -285.811   0.0634081   21       1431     
 9466.74 205     27737    -285.874   -285.811   0.0631528   22       1441     
 9467.06 205     27750    -285.874   -285.811   0.0631528   22       1441     
 9471.39 205     27800    -285.874   -285.811   0.0631528   22       1444     
 9477.36 206     27873    -285.874   -285.811   0.0629145   22       1448     
 9477.75 206     27900    -285.874   -285.811   0.0629145   24       1448     
 9492.17 207     28009    -285.873   -285.811   0.0623271   23       1458     
 9493.8  207     28010    -285.873   -285.811   0.0623271   23       1459     
 9500.51 207     28050    -285.873   -285.811   0.0623271   24       1464     
 9517.6  208     28147    -285.873   -285.811   0.0619442   26       1476     
 9522.16 208     28150    -285.873   -285.811   0.0619442   25       1479     
 9525.01 208     28200    -285.873   -285.811   0.0619442   25       1481     
 9537.84 209     28281    -285.872   -285.811   0.0613702   23       1489     
 9538.21 209     28300    -285.872   -285.811   0.0613702   23       1489     
 9550.42 210     28415    -285.872   -285.811   0.0611149   25       1497     
 9550.73 210     28416    -285.872   -285.811   0.0611149   25       1497     
 9551.13 210     28450    -285.872   -285.811   0.0611149   25       1497     
 9561.76 211     28549    -285.872   -285.811   0.060731    25       1504     
 9562.07 211     28550    -285.872   -285.811   0.060731    25       1504     
 9562.51 211     28600    -285.872   -285.811   0.060731    25       1504     
 9571.96 212     28683    -285.871   -285.811   0.0605245   25       1510     
 9572.31 212     28700    -285.871   -285.811   0.0605245   25       1510     
 9587.2  212     28750    -285.871   -285.811   0.0605245   24       1520     
 9587.82 213     28819    -285.871   -285.811   0.060256    24       1520     
 9588.22 213     28850    -285.871   -285.811   0.060256    25       1520     
 9600.13 214     28953    -285.871   -285.811   0.0600507   26       1528     
 9600.45 214     28954    -285.871   -285.811   0.0600507   26       1528     
 9600.9  214     29000    -285.871   -285.811   0.0600507   26       1528     
 9615.02 215     29087    -285.871   -285.811   0.0595888   25       1537     
 9615.39 215     29100    -285.871   -285.811   0.0595888   26       1537     
 9623.27 215     29150    -285.871   -285.811   0.0595888   26       1542     
 9628.46 216     29221    -285.87    -285.811   0.0592661   25       1545     
 9628.86 216     29250    -285.87    -285.811   0.0592661   25       1545     
 9638.68 217     29357    -285.87    -285.811   0.0589764   25       1551     
 9638.99 217     29358    -285.87    -285.811   0.0589764   25       1551     
 9639.43 217     29400    -285.87    -285.811   0.0589764   25       1551     
 9656.28 218     29489    -285.87    -285.811   0.0586417   25       1562     
 9656.65 218     29500    -285.87    -285.811   0.0586417   26       1562     
 9661.43 218     29550    -285.87    -285.811   0.0586417   25       1565     
 9667.93 219     29621    -285.869   -285.811   0.0584937   25       1569     
 9668.33 219     29650    -285.869   -285.811   0.0584937   25       1569     
 9681.88 220     29753    -285.869   -285.811   0.0583173   24       1577     
 9682.2  220     29754    -285.869   -285.811   0.0583173   23       1577     
 9682.66 220     29800    -285.869   -285.811   0.0583173   24       1577     
 9696.49 221     29885    -285.869   -285.811   0.0577999   24       1586     
 9696.87 221     29900    -285.869   -285.811   0.0577999   24       1586     
 9711.92 221     29950    -285.869   -285.811   0.0577999   26       1595     
 9712.57 222     30017    -285.869   -285.811   0.0576254   26       1595     
 9712.99 222     30050    -285.869   -285.811   0.0576254   26       1595     
 9726.85 223     30149    -285.868   -285.811   0.0574689   27       1604     
 9727.19 223     30150    -285.868   -285.811   0.0574689   27       1604     
 9727.66 223     30200    -285.868   -285.811   0.0574689   27       1604     
 9741.38 224     30281    -285.868   -285.811   0.057209    26       1612     
 9741.77 224     30300    -285.868   -285.811   0.057209    26       1612     
 9751.55 225     30415    -285.868   -285.811   0.0569923   26       1618     
 9751.89 225     30416    -285.868   -285.811   0.0569923   26       1618     
 9752.31 225     30450    -285.868   -285.811   0.0569923   26       1618     
 9757.78 226     30545    -285.868   -285.811   0.0567387   24       1621     
 9758.12 226     30550    -285.868   -285.811   0.0567387   24       1621     
 9758.6  226     30600    -285.868   -285.811   0.0567387   24       1621     
 9764.16 227     30675    -285.868   -285.811   0.0566013   25       1624     
 9764.56 227     30700    -285.868   -285.811   0.0566013   25       1624     
 9775.71 228     30805    -285.868   -285.811   0.0565106   26       1631     
 9776.08 228     30806    -285.868   -285.811   0.0565106   26       1631     
 9776.54 228     30850    -285.868   -285.811   0.0565106   26       1631     
 9786.45 229     30935    -285.867   -285.811   0.0560546   26       1637     
 9786.83 229     30950    -285.867   -285.811   0.0560546   26       1637     
 9798.31 229     31000    -285.867   -285.811   0.0560546   25       1645     
 9798.98 230     31067    -285.867   -285.811   0.0559171   26       1645     
 9799.41 230     31100    -285.867   -285.811   0.0559171   26       1645     
 9812.56 231     31197    -285.867   -285.811   0.0557328   27       1653     
 9812.91 231     31200    -285.867   -285.811   0.0557328   27       1653     
 9813.39 231     31250    -285.867   -285.811   0.0557328   26       1653     
 9825.46 232     31327    -285.866   -285.811   0.0553605   26       1660     
 9825.87 232     31350    -285.866   -285.811   0.0553605   26       1660     
 9841.96 233     31457    -285.866   -285.811   0.0552411   24       1670     
 9842.29 233     31458    -285.866   -285.811   0.0552411   24       1670     
 9842.75 233     31500    -285.866   -285.811   0.0552411   24       1670     
 9851.55 234     31587    -285.866   -285.811   0.054809    26       1675     
 9851.94 234     31600    -285.866   -285.811   0.054809    26       1675     
 9868.37 234     31650    -285.866   -285.811   0.054809    26       1685     
 9870.88 235     31717    -285.866   -285.811   0.0545552   24       1686     
 9871.32 235     31750    -285.866   -285.811   0.0545552   23       1686     
 9888.24 236     31845    -285.865   -285.811   0.0542152   24       1696     
 9888.6  236     31850    -285.865   -285.811   0.0542152   24       1696     
 9889.08 236     31900    -285.865   -285.811   0.0542152   24       1696     
 9902.67 237     31975    -285.865   -285.811   0.0539794   21       1704     
 9903.09 237     32000    -285.865   -285.811   0.0539794   21       1704     
 9914.57 238     32107    -285.865   -285.811   0.0536961   25       1711     
 9914.92 238     32108    -285.865   -285.811   0.0536961   25       1711     
 9915.37 238     32150    -285.865   -285.811   0.0536961   25       1711     
 9932.1  239     32235    -285.864   -285.811   0.0534882   25       1721     
 9932.49 239     32250    -285.864   -285.811   0.0534882   25       1721     
 9945.95 240     32363    -285.864   -285.811   0.053384    24       1729     
 9946.31 240     32364    -285.864   -285.811   0.053384    25       1729     
 9946.77 240     32400    -285.864   -285.811   0.053384    25       1729     
 9960.93 241     32491    -285.863   -285.811   0.0519019   24       1737     
 9961.31 241     32500    -285.863   -285.811   0.0519019   24       1737     
 9961.8  241     32550    -285.863   -285.811   0.0519019   25       1737     
 9972.06 242     32625    -285.863   -285.811   0.0517016   24       1743     
 9972.47 242     32650    -285.863   -285.811   0.0517016   24       1743     
 9984.07 243     32757    -285.863   -285.811   0.0515591   24       1750     
 9984.43 243     32758    -285.863   -285.811   0.0515591   24       1750     
 9984.9  243     32800    -285.863   -285.811   0.0515591   24       1750     
 9999.03 244     32889    -285.862   -285.811   0.0513506   24       1758     
 9999.42 244     32900    -285.862   -285.811   0.0513506   25       1758     
 10006.6 244     32950    -285.862   -285.811   0.0513506   25       1762     
-------------------------------------------------------------------------------

SARSOP finishing ...
  Preset timeout reached
  Timeout     : 10000.000000s
  Actual Time : 10006.610000s

-------------------------------------------------------------------------------
 Time   |#Trial |#Backup |LBound    |UBound    |Precision  |#Alphas |#Beliefs  
-------------------------------------------------------------------------------
 10006.6 244     32950    -285.862   -285.811   0.0513506   25       1762     
-------------------------------------------------------------------------------

Writing out policy ...
  output file : RAM4_small/3d8cfbfa6.policyx

