
Loading the model ...
  input file   : /home/rstudio/RAM4_small/3e14dbd602.pomdpx
  loading time : 4.50s 

SARSOP initializing ...
  initialization time : 4124.02s

-------------------------------------------------------------------------------
 Time   |#Trial |#Backup |LBound    |UBound    |Precision  |#Alphas |#Beliefs  
-------------------------------------------------------------------------------
 4124.02 0       0        -218.03    -212.881   5.14891     101      1        
 4125.77 1       65       -215.45    -213.032   2.41746     12       34       
 4127.56 2       125      -214.853   -213.032   1.82099     13       64       
 4128.49 2       150      -214.853   -213.032   1.82099     26       82       
 4129.69 3       200      -214.338   -213.032   1.30545     22       104      
 4130.94 4       251      -214.064   -213.032   1.032       18       119      
 4132.65 5       317      -213.832   -213.032   0.799252    28       152      
 4134.18 6       381      -213.645   -213.032   0.613005    26       177      
 4135.51 6       400      -213.645   -213.032   0.613005    30       194      
 4135.98 7       450      -213.529   -213.032   0.496667    28       198      
 4137.61 8       519      -213.447   -213.032   0.414859    44       214      
 4140.68 8       550      -213.447   -213.032   0.414859    37       244      
 4142.2  9       600      -213.382   -213.032   0.349433    37       261      
 4144.26 10      650      -213.328   -213.032   0.295857    25       277      
 4147.49 11      713      -213.287   -213.032   0.254869    34       307      
 4150.31 12      779      -213.241   -213.032   0.208212    37       340      
 4151.44 12      800      -213.241   -213.032   0.208212    34       354      
 4153.06 13      853      -213.21    -213.032   0.177967    23       369      
 4157.56 14      925      -213.186   -213.032   0.15387     26       401      
 4162.47 14      950      -213.186   -213.032   0.15387     23       426      
 4163.92 15      1001     -213.162   -213.032   0.129229    21       432      
 4173.04 16      1093     -213.15    -213.032   0.117922    30       474      
 4174.31 16      1100     -213.15    -213.032   0.117922    12       481      
 4178.91 17      1185     -213.138   -213.032   0.105601    16       502      
 4181.68 17      1200     -213.138   -213.032   0.105601    11       517      
 4184.7  18      1281     -213.13    -213.032   0.0971365   12       531      
 4187.71 18      1300     -213.13    -213.032   0.0971365   13       550      
 4192.9  19      1369     -213.123   -213.032   0.0908766   11       575      
 4196.85 19      1400     -213.123   -213.032   0.0908766   16       595      
 4199.22 20      1450     -213.116   -213.033   0.0833008   14       604      
 4203.7  21      1529     -213.108   -213.033   0.0752003   16       625      
 4208.32 21      1550     -213.108   -213.033   0.0752003   12       646      
 4210.89 22      1619     -213.102   -213.033   0.0693455   13       655      
 4215.76 22      1650     -213.102   -213.033   0.0693455   12       678      
 4219.56 23      1709     -213.096   -213.033   0.0634289   12       691      
 4227.34 23      1750     -213.096   -213.033   0.0634289   17       724      
 4229.64 24      1805     -213.092   -213.033   0.0591746   14       731      
 4238.37 24      1850     -213.092   -213.033   0.0591746   13       764      
 4239.7  25      1905     -213.089   -213.033   0.0562368   15       767      
 4245.4  25      1950     -213.089   -213.033   0.0562368   15       790      
 4247.69 26      2009     -213.086   -213.033   0.0536406   15       797      
 4253.59 26      2050     -213.086   -213.033   0.0536406   15       821      
 4257.12 27      2111     -213.084   -213.033   0.0512724   17       831      
 4263.33 27      2150     -213.084   -213.033   0.0512724   17       854      
 4266.52 28      2213     -213.081   -213.033   0.048721    17       864      
 4270.37 28      2250     -213.081   -213.033   0.048721    17       880      
 4272.74 29      2315     -213.079   -213.033   0.0462858   18       887      
 4279.07 29      2350     -213.079   -213.033   0.0462858   17       912      
 4284.82 30      2417     -213.076   -213.033   0.0436612   20       927      
 4295.27 30      2450     -213.076   -213.033   0.0436612   17       959      
 4304.59 31      2525     -213.074   -213.033   0.0417189   16       980      
 4309.88 31      2550     -213.074   -213.033   0.0417189   17       997      
 4317.48 32      2633     -213.073   -213.033   0.0405081   17       1014     
 4323.17 32      2650     -213.073   -213.033   0.0405081   17       1031     
 4338.81 33      2739     -213.071   -213.033   0.03812     21       1067     
 4342.06 33      2750     -213.071   -213.033   0.03812     21       1078     
 4360.39 34      2849     -213.069   -213.033   0.0363678   20       1121     
 4360.54 34      2850     -213.069   -213.033   0.0363678   21       1121     
 4366.52 34      2900     -213.069   -213.033   0.0363678   20       1139     
 4369.63 35      2965     -213.068   -213.033   0.0354274   19       1146     
 4373.56 35      3000     -213.068   -213.033   0.0354274   19       1158     
 4382.26 36      3083     -213.067   -213.033   0.0342501   19       1179     
 4385.17 36      3100     -213.067   -213.033   0.0342501   20       1188     
 4387    37      3201     -213.066   -213.033   0.0334236   22       1192     
 4387.16 37      3202     -213.066   -213.033   0.0334236   22       1192     
 4395.73 37      3250     -213.066   -213.033   0.0334236   22       1219     
 4399.42 38      3321     -213.065   -213.033   0.0324089   19       1228     
 4404.01 38      3350     -213.065   -213.033   0.0324089   20       1242     
 4414.59 39      3441     -213.064   -213.033   0.0318144   22       1268     
 4417.82 39      3450     -213.064   -213.033   0.0318144   22       1277     
 4434.33 40      3557     -213.064   -213.033   0.0314689   24       1316     
 4434.81 40      3558     -213.064   -213.033   0.0314689   23       1317     
 4452.53 40      3600     -213.064   -213.033   0.0314689   20       1357     
 4459.03 41      3673     -213.063   -213.033   0.0303825   25       1370     
 4464.84 41      3700     -213.063   -213.033   0.0303825   26       1386     
 4475.04 42      3793     -213.062   -213.033   0.0297314   20       1408     
 4476.6  42      3800     -213.062   -213.033   0.0297314   20       1412     
 4485.02 42      3850     -213.062   -213.033   0.0297314   17       1431     
 4485.9  43      3911     -213.062   -213.033   0.0291845   20       1432     
 4492.44 43      3950     -213.062   -213.033   0.0291845   20       1449     
 4501.22 44      4027     -213.061   -213.033   0.0286484   22       1468     
 4506.59 44      4050     -213.061   -213.033   0.0286484   19       1481     
 4510.08 45      4141     -213.06    -213.033   0.0277611   24       1488     
 4511.72 45      4150     -213.06    -213.033   0.0277611   27       1492     
 4523.75 46      4257     -213.06    -213.033   0.0271685   25       1520     
 4524.28 46      4258     -213.06    -213.033   0.0271685   24       1521     
 4528.47 46      4300     -213.06    -213.033   0.0271685   29       1531     
 4531.62 47      4373     -213.059   -213.033   0.0264852   24       1537     
 4535.92 47      4400     -213.059   -213.033   0.0264852   24       1548     
 4540.17 48      4491     -213.059   -213.033   0.0261908   25       1557     
 4543.06 48      4500     -213.059   -213.033   0.0261908   22       1564     
 4560.43 49      4607     -213.059   -213.033   0.0258022   24       1601     
 4560.64 49      4608     -213.059   -213.033   0.0258022   25       1601     
 4581.29 49      4650     -213.059   -213.033   0.0258022   30       1642     
 4589.88 50      4721     -213.058   -213.033   0.0252348   29       1655     
 4597.93 50      4750     -213.058   -213.033   0.0252348   28       1672     
 4608.16 51      4837     -213.057   -213.033   0.0247029   26       1690     
 4613.25 51      4850     -213.057   -213.033   0.0247029   25       1701     
 4619.88 52      4953     -213.056   -213.033   0.0237326   24       1712     
 4620.11 52      4954     -213.056   -213.033   0.0237326   23       1712     
 4639.19 52      5000     -213.056   -213.033   0.0237326   26       1753     
 4646.99 53      5075     -213.056   -213.033   0.0234211   26       1766     
 4654.03 53      5100     -213.056   -213.033   0.0234211   22       1781     
 4674.36 54      5197     -213.056   -213.033   0.0231021   27       1816     
 4674.6  54      5200     -213.056   -213.033   0.0231021   22       1816     
 4683.29 54      5250     -213.056   -213.033   0.0231021   23       1834     
 4687.63 55      5319     -213.055   -213.033   0.0226027   23       1841     
 4694.59 55      5350     -213.055   -213.033   0.0226027   24       1856     
 4700.85 56      5441     -213.055   -213.033   0.0223882   23       1867     
 4704.23 56      5450     -213.055   -213.033   0.0223882   25       1874     
 4713.58 56      5500     -213.055   -213.033   0.0223882   22       1893     
 4714.57 57      5563     -213.055   -213.033   0.022218    26       1894     
 4723.82 57      5600     -213.055   -213.033   0.022218    26       1913     
 4732.33 58      5681     -213.055   -213.033   0.0217503   26       1928     
 4738.35 58      5700     -213.055   -213.033   0.0217503   28       1940     
 4761.82 59      5803     -213.054   -213.033   0.0215376   29       1981     
 4762.08 59      5804     -213.054   -213.033   0.0215376   29       1981     
 4775.55 59      5850     -213.054   -213.033   0.0215376   29       2005     
 4784.38 60      5923     -213.054   -213.033   0.0213984   26       2018     
 4799.77 60      5950     -213.054   -213.033   0.0213984   25       2045     
 4813.63 61      6041     -213.054   -213.033   0.0208978   28       2065     
 4817.48 61      6050     -213.054   -213.033   0.0208978   30       2072     
 4827.69 61      6100     -213.054   -213.033   0.0208978   23       2089     
 4828.36 62      6161     -213.053   -213.033   0.0206944   27       2089     
 4828.84 62      6200     -213.053   -213.033   0.0206944   27       2089     
 4832.06 63      6283     -213.053   -213.033   0.0206036   25       2094     
 4840.98 63      6300     -213.053   -213.033   0.0206036   26       2111     
 4852.02 64      6405     -213.053   -213.033   0.0200533   28       2131     
 4852.3  64      6406     -213.053   -213.033   0.0200533   29       2131     
 4876.24 64      6450     -213.053   -213.033   0.0200533   30       2173     
 4888.28 65      6531     -213.053   -213.033   0.0199146   29       2190     
 4898.16 65      6550     -213.053   -213.033   0.0199146   25       2206     
 4912.98 66      6655     -213.052   -213.033   0.0196975   26       2227     
 4913.27 66      6656     -213.052   -213.033   0.0196975   26       2227     
 4917.98 66      6700     -213.052   -213.033   0.0196975   34       2235     
 4926.27 67      6779     -213.052   -213.033   0.0193846   31       2248     
 4931.73 67      6800     -213.052   -213.033   0.0193846   29       2257     
 4939.4  68      6903     -213.052   -213.033   0.0193022   30       2268     
 4940.16 68      6904     -213.052   -213.033   0.0193022   28       2269     
 4947.04 68      6950     -213.052   -213.033   0.0193022   28       2281     
 4952.86 69      7027     -213.052   -213.033   0.0188751   25       2290     
 4964.74 69      7050     -213.052   -213.033   0.0188751   25       2310     
 4992.5  70      7153     -213.052   -213.033   0.0187876   26       2349     
 4992.81 70      7154     -213.052   -213.033   0.0187876   25       2349     
 5015.3  70      7200     -213.052   -213.033   0.0187876   28       2383     
 5027.2  71      7279     -213.051   -213.033   0.0186472   28       2398     
 5037.52 71      7300     -213.051   -213.033   0.0186472   27       2414     
 5045.1  72      7403     -213.051   -213.033   0.0184592   23       2423     
 5045.42 72      7404     -213.051   -213.033   0.0184592   23       2423     
 5070.56 72      7450     -213.051   -213.033   0.0184592   29       2461     
 5082.86 73      7529     -213.051   -213.033   0.0183709   25       2476     
 5096.06 73      7550     -213.051   -213.033   0.0183709   26       2495     
 5115.85 74      7653     -213.051   -213.033   0.0183136   35       2521     
 5116.18 74      7654     -213.051   -213.033   0.0183136   36       2521     
 5122.68 74      7700     -213.051   -213.033   0.0183136   29       2531     
 5133.2  75      7777     -213.051   -213.033   0.0181993   29       2545     
 5145.76 75      7800     -213.051   -213.033   0.0181993   29       2564     
 5174.38 76      7899     -213.051   -213.033   0.0181393   30       2601     
 5174.72 76      7900     -213.051   -213.033   0.0181393   30       2601     
 5207.68 76      7950     -213.051   -213.033   0.0181393   38       2646     
 5217.22 77      8023     -213.051   -213.033   0.0180827   32       2656     
 5235.42 77      8050     -213.051   -213.033   0.0180827   29       2681     
 5256.84 78      8145     -213.051   -213.033   0.0178479   29       2707     
 5257.81 78      8150     -213.051   -213.033   0.0178479   29       2708     
 5290.91 78      8200     -213.051   -213.033   0.0178479   35       2752     
 5296.04 79      8267     -213.051   -213.033   0.0178101   28       2757     
 5318.29 79      8300     -213.051   -213.033   0.0178101   29       2787     
 5342.21 80      8389     -213.051   -213.033   0.0177428   31       2814     
 5348.36 80      8400     -213.051   -213.033   0.0177428   32       2822     
 5375.87 81      8450     -213.051   -213.033   0.0177428   37       2855     
 5377.58 81      8511     -213.05    -213.033   0.017612    29       2856     
 5410.17 81      8550     -213.05    -213.033   0.017612    32       2895     
 5430.47 82      8631     -213.05    -213.033   0.0171791   25       2915     
 5440.84 82      8650     -213.05    -213.033   0.0171791   26       2928     
 5464.08 83      8753     -213.05    -213.033   0.0170918   23       2954     
 5465.2  83      8754     -213.05    -213.033   0.0170918   24       2955     
 5504.94 83      8800     -213.05    -213.033   0.0170918   29       3001     
 5518.69 84      8875     -213.05    -213.033   0.0167523   28       3014     
 5535.69 84      8900     -213.05    -213.033   0.0167523   27       3035     
 5570.76 85      8999     -213.049   -213.033   0.0166313   30       3071     
 5571.17 85      9000     -213.049   -213.033   0.0166313   30       3071     
 5606.84 85      9050     -213.049   -213.033   0.0166313   34       3113     
 5615.2  86      9123     -213.049   -213.033   0.0164473   32       3121     
 5624.28 86      9150     -213.049   -213.033   0.0164473   39       3133     
 5656.16 87      9247     -213.049   -213.033   0.0161936   36       3167     
 5656.59 87      9250     -213.049   -213.033   0.0161936   34       3167     
 5689.43 87      9300     -213.049   -213.033   0.0161936   30       3205     
 5699.21 88      9373     -213.049   -213.033   0.016128    30       3214     
 5722.06 88      9400     -213.049   -213.033   0.016128    29       3240     
 5736.96 89      9497     -213.049   -213.033   0.0159746   32       3255     
 5737.41 89      9500     -213.049   -213.033   0.0159746   33       3255     
 5755.03 89      9550     -213.049   -213.033   0.0159746   34       3277     
 5763.27 90      9621     -213.049   -213.033   0.0159289   33       3285     
 5770.3  90      9650     -213.049   -213.033   0.0159289   35       3293     
 5780.05 91      9747     -213.049   -213.033   0.015891    36       3303     
 5782.95 91      9750     -213.049   -213.033   0.015891    34       3306     
 5792.7  91      9800     -213.049   -213.033   0.015891    34       3317     
 5800.73 92      9871     -213.049   -213.033   0.0157486   34       3325     
 5806.85 92      9900     -213.049   -213.033   0.0157486   35       3332     
 5814.69 93      9997     -213.049   -213.033   0.0157166   34       3340     
 5815.15 93      10000    -213.049   -213.033   0.0157166   34       3340     
 5832.97 93      10050    -213.049   -213.033   0.0157166   36       3361     
 5842.68 94      10123    -213.049   -213.033   0.015697    34       3371     
 5860.15 94      10150    -213.049   -213.033   0.015697    38       3392     
 5893.09 95      10249    -213.048   -213.033   0.0155871   36       3427     
 5893.54 95      10250    -213.048   -213.033   0.0155871   36       3427     
 5930.32 95      10300    -213.048   -213.033   0.0155871   38       3466     
 5942.57 96      10375    -213.048   -213.033   0.0155624   35       3477     
 5948.72 96      10400    -213.048   -213.033   0.0155624   39       3484     
 5963.25 97      10503    -213.048   -213.033   0.0154515   34       3499     
 5963.74 97      10504    -213.048   -213.033   0.0154515   33       3499     
 5985.86 97      10550    -213.048   -213.033   0.0154515   34       3523     
 6000.24 98      10629    -213.048   -213.033   0.0153953   35       3537     
 6014.13 98      10650    -213.048   -213.033   0.0153953   36       3553     
 6054.3  99      10753    -213.048   -213.033   0.0153552   41       3593     
 6054.81 99      10754    -213.048   -213.033   0.0153552   42       3593     
 6080.7  99      10800    -213.048   -213.033   0.0153552   43       3621     
 6093.98 100     10875    -213.048   -213.033   0.0153333   39       3633     
 6110.37 100     10900    -213.048   -213.033   0.0153333   44       3651     
 6131.28 101     10997    -213.048   -213.033   0.0152618   35       3671     
 6134.27 101     11000    -213.048   -213.033   0.0152618   37       3674     
 6178.88 101     11050    -213.048   -213.033   0.0152618   44       3720     
 6188.64 102     11121    -213.048   -213.033   0.0152175   39       3728     
 6203.85 102     11150    -213.048   -213.033   0.0152175   41       3744     
 6237.23 103     11243    -213.048   -213.033   0.0151899   35       3774     
 6239.48 103     11250    -213.048   -213.033   0.0151899   39       3776     
 6286.04 103     11300    -213.048   -213.033   0.0151899   44       3821     
 6290.85 104     11365    -213.048   -213.033   0.0151728   41       3824     
 6322.49 104     11400    -213.048   -213.033   0.0151728   40       3856     
 6352.4  105     11485    -213.048   -213.033   0.0148601   41       3880     
 6358.4  105     11500    -213.048   -213.033   0.0148601   42       3886     
 6383.35 106     11611    -213.048   -213.033   0.0148345   39       3910     
 6383.89 106     11612    -213.048   -213.033   0.0148345   38       3910     
 6391.44 106     11650    -213.048   -213.033   0.0148345   44       3918     
 6415.38 107     11737    -213.048   -213.033   0.0148159   44       3941     
 6423.53 107     11750    -213.048   -213.033   0.0148159   42       3949     
 6445.5  108     11861    -213.048   -213.033   0.0147854   36       3970     
 6446.02 108     11862    -213.048   -213.033   0.0147854   36       3970     
 6479.48 108     11900    -213.048   -213.033   0.0147854   38       4003     
 6503.88 109     11985    -213.048   -213.033   0.0147621   38       4025     
 6510.71 109     12000    -213.048   -213.033   0.0147621   40       4032     
 6538.17 110     12109    -213.048   -213.033   0.0147503   40       4058     
 6538.74 110     12110    -213.048   -213.033   0.0147503   40       4058     
 6549.58 110     12150    -213.048   -213.033   0.0147503   40       4069     
 6558.6  111     12233    -213.048   -213.033   0.0147266   36       4077     
 6573.63 111     12250    -213.048   -213.033   0.0147266   37       4092     
 6613.48 112     12355    -213.048   -213.033   0.0146444   36       4129     
 6614.05 112     12356    -213.048   -213.033   0.0146444   36       4129     
 6627.11 112     12400    -213.048   -213.033   0.0146444   37       4142     
 6640.63 113     12477    -213.048   -213.033   0.0146315   38       4154     
 6658.9  113     12500    -213.048   -213.033   0.0146315   42       4173     
 6668.41 114     12599    -213.048   -213.033   0.0145974   44       4181     
 6668.98 114     12600    -213.048   -213.033   0.0145974   44       4181     
 6675    114     12650    -213.048   -213.033   0.0145974   47       4187     
 6682.59 115     12721    -213.047   -213.033   0.0143495   41       4194     
 6702.71 115     12750    -213.047   -213.033   0.0143495   37       4214     
 6736.57 116     12845    -213.047   -213.033   0.0142918   37       4245     
 6737.19 116     12850    -213.047   -213.033   0.0142918   37       4245     
 6748.71 116     12900    -213.047   -213.033   0.0142918   35       4256     
 6756.38 117     12969    -213.047   -213.033   0.0142752   40       4262     
 6776.69 117     13000    -213.047   -213.033   0.0142752   41       4282     
 6798.87 118     13093    -213.047   -213.033   0.014262    38       4302     
 6806.27 118     13100    -213.047   -213.033   0.014262    40       4309     
 6823.41 118     13150    -213.047   -213.033   0.014262    44       4326     
 6828.93 119     13217    -213.047   -213.033   0.0141223   44       4330     
 6859.63 119     13250    -213.047   -213.033   0.0141223   36       4359     
 6883.88 120     13341    -213.047   -213.033   0.0141154   40       4380     
 6884.58 120     13350    -213.047   -213.033   0.0141154   40       4380     
 6915.39 120     13400    -213.047   -213.033   0.0141154   47       4410     
 6918.88 121     13465    -213.047   -213.033   0.0141116   45       4412     
 6921.42 121     13500    -213.047   -213.033   0.0141116   47       4414     
 6931.86 122     13589    -213.047   -213.033   0.0141093   49       4423     
 6932.53 122     13600    -213.047   -213.033   0.0141093   48       4423     
 6940.28 122     13650    -213.047   -213.033   0.0141093   55       4430     
 6942.41 123     13715    -213.047   -213.033   0.0140503   44       4431     
 6944.79 123     13750    -213.047   -213.033   0.0140503   47       4433     
 6951.99 124     13839    -213.047   -213.033   0.0140302   44       4439     
 6957.53 124     13850    -213.047   -213.033   0.0140302   41       4444     
 7008.83 124     13900    -213.047   -213.033   0.0140302   34       4492     
 7011.25 125     13965    -213.047   -213.033   0.013987    39       4493     
 7033.49 125     14000    -213.047   -213.033   0.013987    42       4514     
 7065.18 126     14091    -213.047   -213.033   0.0139669   42       4541     
 7072.98 126     14100    -213.047   -213.033   0.0139669   45       4548     
 7087.84 126     14150    -213.047   -213.033   0.0139669   36       4561     
 7091.18 127     14215    -213.047   -213.033   0.0139383   38       4563     
 7104.58 127     14250    -213.047   -213.033   0.0139383   40       4576     
 7115.31 128     14339    -213.047   -213.033   0.0137255   41       4585     
 7116.03 128     14350    -213.047   -213.033   0.0137255   36       4585     
 7134.1  128     14400    -213.047   -213.033   0.0137255   42       4602     
 7137.49 129     14467    -213.047   -213.033   0.0137144   47       4604     
 7168.46 129     14500    -213.047   -213.033   0.0137144   51       4632     
 7203.7  130     14593    -213.047   -213.033   0.0137058   46       4661     
 7211.03 130     14600    -213.047   -213.033   0.0137058   51       4667     
 7255.47 130     14650    -213.047   -213.033   0.0137058   56       4704     
 7263.53 131     14719    -213.047   -213.033   0.0136996   45       4709     
 7292.29 131     14750    -213.047   -213.033   0.0136996   48       4733     
 7317.64 132     14845    -213.047   -213.033   0.0136944   44       4752     
 7320.53 132     14850    -213.047   -213.033   0.0136944   46       4754     
 7347.55 132     14900    -213.047   -213.033   0.0136944   50       4776     
 7359.18 133     14973    -213.047   -213.033   0.0136641   46       4784     
 7375.89 133     15000    -213.047   -213.033   0.0136641   47       4798     
 7409.76 134     15099    -213.047   -213.033   0.0136528   40       4823     
 7410.41 134     15100    -213.047   -213.033   0.0136528   39       4823     
 7429.86 134     15150    -213.047   -213.033   0.0136528   40       4839     
 7439.56 135     15225    -213.047   -213.033   0.0136151   33       4846     
 7449.97 135     15250    -213.047   -213.033   0.0136151   33       4855     
 7459.59 136     15351    -213.046   -213.033   0.0135628   35       4862     
 7460.24 136     15352    -213.046   -213.033   0.0135628   35       4862     
 7461.29 136     15400    -213.046   -213.033   0.0135628   34       4862     
 7472.6  137     15477    -213.046   -213.033   0.0135488   35       4871     
 7496.9  137     15500    -213.046   -213.033   0.0135488   34       4892     
 7546.69 138     15603    -213.046   -213.033   0.0134576   36       4931     
 7547.36 138     15604    -213.046   -213.033   0.0134576   36       4931     
 7562.04 138     15650    -213.046   -213.033   0.0134576   36       4943     
 7571.73 139     15731    -213.046   -213.033   0.0134377   35       4950     
 7579.78 139     15750    -213.046   -213.033   0.0134377   37       4957     
 7598.91 140     15857    -213.046   -213.033   0.0134292   37       4972     
 7599.58 140     15858    -213.046   -213.033   0.0134292   38       4972     
 7604.54 140     15900    -213.046   -213.033   0.0134292   38       4976     
 7617.69 141     15983    -213.046   -213.033   0.0134023   36       4987     
 7631.48 141     16000    -213.046   -213.033   0.0134023   39       4999     
 7673.51 142     16109    -213.046   -213.033   0.0133938   42       5034     
 7674.19 142     16110    -213.046   -213.033   0.0133938   42       5034     
 7683.35 142     16150    -213.046   -213.033   0.0133938   43       5042     
 7697.77 143     16235    -213.046   -213.033   0.0133861   41       5053     
 7710.78 143     16250    -213.046   -213.033   0.0133861   44       5064     
 7721.28 144     16361    -213.046   -213.033   0.0133692   38       5072     
 7721.96 144     16362    -213.046   -213.033   0.0133692   38       5072     
 7763.59 144     16400    -213.046   -213.033   0.0133692   45       5106     
 7779.78 145     16485    -213.046   -213.033   0.01336     42       5118     
 7791.06 145     16500    -213.046   -213.033   0.01336     43       5127     
 7813.01 146     16609    -213.046   -213.033   0.0133509   36       5144     
 7813.69 146     16610    -213.046   -213.033   0.0133509   36       5144     
 7840.14 146     16650    -213.046   -213.033   0.0133509   38       5167     
 7866.31 147     16733    -213.046   -213.033   0.0133407   43       5187     
 7881.11 147     16750    -213.046   -213.033   0.0133407   49       5199     
 7903.12 148     16857    -213.046   -213.033   0.0133351   41       5215     
 7903.82 148     16858    -213.046   -213.033   0.0133351   41       5215     
 7937.28 148     16900    -213.046   -213.033   0.0133351   44       5242     
 7956.58 149     16981    -213.046   -213.033   0.013307    41       5256     
 7963.27 149     17000    -213.046   -213.033   0.013307    44       5261     
 8017.67 150     17105    -213.046   -213.033   0.0132988   38       5303     
 8018.37 150     17106    -213.046   -213.033   0.0132988   38       5303     
 8049.04 150     17150    -213.046   -213.033   0.0132988   43       5328     
 8071.28 151     17229    -213.046   -213.033   0.0132898   43       5344     
 8087.72 151     17250    -213.046   -213.033   0.0132898   44       5357     
 8110.02 152     17353    -213.046   -213.033   0.0132587   44       5374     
 8110.72 152     17354    -213.046   -213.033   0.0132587   44       5374     
 8127.07 152     17400    -213.046   -213.033   0.0132587   50       5387     
 8145.76 153     17477    -213.046   -213.033   0.0132481   38       5400     
 8154.82 153     17500    -213.046   -213.033   0.0132481   38       5407     
 8169.43 154     17599    -213.046   -213.033   0.0132399   46       5418     
 8170.14 154     17600    -213.046   -213.033   0.0132399   44       5418     
 8193.08 154     17650    -213.046   -213.033   0.0132399   48       5437     
 8205.93 155     17721    -213.046   -213.033   0.0132119   36       5446     
 8223.59 155     17750    -213.046   -213.033   0.0132119   40       5460     
 8235.04 156     17843    -213.046   -213.033   0.0132019   32       5468     
 8239.57 156     17850    -213.046   -213.033   0.0132019   32       5471     
 8268.77 156     17900    -213.046   -213.033   0.0132019   37       5493     
 8274.06 157     17965    -213.046   -213.033   0.0131704   38       5496     
 8275.15 157     18000    -213.046   -213.033   0.0131704   37       5496     
 8290.16 158     18087    -213.046   -213.033   0.0131609   41       5507     
 8304.69 158     18100    -213.046   -213.033   0.0131609   38       5518     
 8317.77 159     18209    -213.046   -213.033   0.0131111   42       5527     
 8318.51 159     18210    -213.046   -213.033   0.0131111   42       5527     
 8349.94 159     18250    -213.046   -213.033   0.0131111   42       5551     
 8377.19 160     18331    -213.046   -213.033   0.0131046   38       5570     
 8387.8  160     18350    -213.046   -213.033   0.0131046   37       5578     
 8401.14 161     18455    -213.046   -213.033   0.0130945   36       5587     
 8401.9  161     18456    -213.046   -213.033   0.0130945   36       5587     
 8413.12 161     18500    -213.046   -213.033   0.0130945   39       5596     
 8432.86 162     18577    -213.046   -213.033   0.0130884   36       5610     
 8450.06 162     18600    -213.046   -213.033   0.0130884   39       5624     
 8463.09 163     18701    -213.046   -213.033   0.0130254   44       5633     
 8463.85 163     18702    -213.046   -213.033   0.0130254   45       5633     
 8464.93 163     18750    -213.046   -213.033   0.0130254   44       5633     
 8475.19 164     18823    -213.046   -213.033   0.0130216   40       5640     
 8501.52 164     18850    -213.046   -213.033   0.0130216   42       5660     
 8546.58 165     18945    -213.046   -213.033   0.0130139   40       5692     
 8547.39 165     18950    -213.046   -213.033   0.0130139   42       5692     
 8570.65 165     19000    -213.046   -213.033   0.0130139   43       5709     
 8578.8  166     19067    -213.046   -213.033   0.0130049   43       5714     
 8618.17 166     19100    -213.046   -213.033   0.0130049   44       5742     
 8659.26 167     19189    -213.046   -213.033   0.0129979   39       5769     
 8665.06 167     19200    -213.046   -213.033   0.0129979   42       5773     
 8717.73 168     19309    -213.046   -213.033   0.0129925   41       5810     
 8719.82 168     19310    -213.046   -213.033   0.0129925   39       5811     
 8738.5  168     19350    -213.046   -213.033   0.0129925   37       5824     
 8762.94 169     19431    -213.046   -213.033   0.01282     38       5840     
 8775.84 169     19450    -213.046   -213.033   0.01282     44       5849     
 8809.81 170     19553    -213.046   -213.033   0.0128149   46       5872     
 8810.6  170     19554    -213.046   -213.033   0.0128149   46       5872     
 8844.02 170     19600    -213.046   -213.033   0.0128149   52       5896     
 8864.63 171     19675    -213.046   -213.033   0.0128087   41       5909     
 8892.21 171     19700    -213.046   -213.033   0.0128087   47       5928     
 8943.98 172     19799    -213.046   -213.033   0.0127855   40       5963     
 8944.78 172     19800    -213.046   -213.033   0.0127855   40       5963     
 9008.34 172     19850    -213.046   -213.033   0.0127855   49       6005     
 9025.99 173     19923    -213.046   -213.033   0.0127782   42       6015     
 9058.35 173     19950    -213.046   -213.033   0.0127782   50       6037     
 9110.76 174     20045    -213.046   -213.033   0.0127656   49       6070     
 9111.66 174     20050    -213.046   -213.033   0.0127656   50       6070     
 9154.95 174     20100    -213.046   -213.033   0.0127656   48       6099     
 9163.96 175     20167    -213.046   -213.033   0.0127629   51       6104     
 9180.49 175     20200    -213.046   -213.033   0.0127629   55       6115     
 9214    176     20291    -213.046   -213.033   0.0127603   48       6136     
 9215.03 176     20300    -213.046   -213.033   0.0127603   45       6136     
 9275.2  176     20350    -213.046   -213.033   0.0127603   51       6175     
 9278.63 177     20413    -213.046   -213.033   0.0127591   48       6176     
 9307.11 177     20450    -213.046   -213.033   0.0127591   51       6194     
 9339.85 178     20535    -213.046   -213.033   0.0127567   43       6213     
 9347.67 178     20550    -213.046   -213.033   0.0127567   49       6218     
 9384.53 179     20659    -213.046   -213.033   0.0127478   41       6240     
 9385.38 179     20660    -213.046   -213.033   0.0127478   42       6240     
 9386.86 179     20700    -213.046   -213.033   0.0127478   47       6240     
 9413.95 180     20781    -213.046   -213.033   0.0127441   40       6256     
 9433.45 180     20800    -213.046   -213.033   0.0127441   45       6269     
 9474.5  181     20903    -213.046   -213.033   0.0127405   43       6294     
 9475.41 181     20904    -213.046   -213.033   0.0127405   42       6294     
 9545.58 181     20950    -213.046   -213.033   0.0127405   52       6338     
 9570.17 182     21025    -213.046   -213.033   0.0126846   40       6351     
 9605.4  182     21050    -213.046   -213.033   0.0126846   42       6373     
 9666.12 183     21149    -213.046   -213.033   0.0126769   46       6409     
 9667.03 183     21150    -213.046   -213.033   0.0126769   47       6409     
 9690.6  183     21200    -213.046   -213.033   0.0126769   66       6424     
 9707.15 184     21271    -213.046   -213.033   0.0126694   45       6433     
 9727    184     21300    -213.046   -213.033   0.0126694   46       6446     
 9776.08 185     21393    -213.046   -213.033   0.0126584   40       6477     
 9777.1  185     21400    -213.046   -213.033   0.0126584   42       6477     
 9832.75 185     21450    -213.046   -213.033   0.0126584   47       6513     
 9839.42 186     21515    -213.046   -213.033   0.0126517   42       6516     
 9848.1  186     21550    -213.046   -213.033   0.0126517   45       6521     
 9873.77 187     21637    -213.046   -213.033   0.0126472   36       6536     
 9893.46 187     21650    -213.046   -213.033   0.0126472   40       6548     
 9966.55 188     21757    -213.046   -213.033   0.0126434   50       6592     
 9967.46 188     21758    -213.046   -213.033   0.0126434   51       6592     
 10024.9 188     21800    -213.046   -213.033   0.0126434   54       6628     
-------------------------------------------------------------------------------

SARSOP finishing ...
  Preset timeout reached
  Timeout     : 10000.000000s
  Actual Time : 10024.910000s

-------------------------------------------------------------------------------
 Time   |#Trial |#Backup |LBound    |UBound    |Precision  |#Alphas |#Beliefs  
-------------------------------------------------------------------------------
 10024.9 188     21800    -213.046   -213.033   0.0126434   54       6628     
-------------------------------------------------------------------------------

Writing out policy ...
  output file : RAM4_small/3e14dbd602.policyx

