
Loading the model ...
  input file   : /home/rstudio/RAM4_small/3e2d07a972.pomdpx
  loading time : 4.97s 

SARSOP initializing ...
  initialization time : 3276.32s

-------------------------------------------------------------------------------
 Time   |#Trial |#Backup |LBound    |UBound    |Precision  |#Alphas |#Beliefs  
-------------------------------------------------------------------------------
 3276.32 0       0        -7352.82   -7180.79   172.031     101      1        
 3276.79 0       50       -7352.83   -7350.76   2.07516     6        7        
 3281.12 1       153      -7351.44   -7350.76   0.675378    6        21       
 3281.41 1       154      -7351.44   -7350.76   0.675378    7        22       
 3283.46 1       200      -7351.44   -7350.76   0.675378    5        28       
 3303.79 2       293      -7350.97   -7350.77   0.20041     11       47       
 3309.75 2       300      -7350.97   -7350.77   0.20041     11       54       
 3392.25 3       403      -7350.84   -7350.78   0.0642773   17       100      
 3393.76 3       404      -7350.84   -7350.78   0.0642773   17       101      
 3478.28 4       485      -7350.81   -7350.79   0.023304    19       140      
 3497.29 4       500      -7350.81   -7350.79   0.023304    24       155      
 3560.96 5       565      -7350.8    -7350.79   0.00820466  19       180      
 3614.84 6       600      -7350.8    -7350.8    0.00166244  20       199      
 3637.2  7       635      -7350.8    -7350.8    -0.00193671 21       214      
-------------------------------------------------------------------------------

SARSOP finishing ...
  target precision reached
  target precision  : 0.000000
  precision reached : -0.001937 

-------------------------------------------------------------------------------
 Time   |#Trial |#Backup |LBound    |UBound    |Precision  |#Alphas |#Beliefs  
-------------------------------------------------------------------------------
 3637.2  7       635      -7350.8    -7350.8    -0.00193671 21       214      
-------------------------------------------------------------------------------

Writing out policy ...
  output file : RAM4_small/3e2d07a972.policyx

