
Loading the model ...
  input file   : /home/rstudio/RAM4_small/3e41323669.pomdpx
  loading time : 4.76s 

SARSOP initializing ...
  initialization time : 10491.42s

-------------------------------------------------------------------------------
 Time   |#Trial |#Backup |LBound    |UBound    |Precision  |#Alphas |#Beliefs  
-------------------------------------------------------------------------------
 10491.4 0       0        -2315.15   -223.953   2091.19     101      1        
-------------------------------------------------------------------------------

SARSOP finishing ...
  Preset timeout reached
  Timeout     : 10000.000000s
  Actual Time : 10491.480000s

-------------------------------------------------------------------------------
 Time   |#Trial |#Backup |LBound    |UBound    |Precision  |#Alphas |#Beliefs  
-------------------------------------------------------------------------------
 10491.5 0       1        -2312.31   -2296.3    16.0064     20       2        
-------------------------------------------------------------------------------

Writing out policy ...
  output file : RAM4_small/3e41323669.policyx

