
Loading the model ...
  input file   : /home/rstudio/RAM4_small/3e43102cc1.pomdpx
  loading time : 4.47s 

SARSOP initializing ...
  initialization time : 4403.37s

-------------------------------------------------------------------------------
 Time   |#Trial |#Backup |LBound    |UBound    |Precision  |#Alphas |#Beliefs  
-------------------------------------------------------------------------------
 4403.37 0       0        -176.308   -166.283   10.0249     101      1        
 4405.13 1       67       -170.106   -166.631   3.47469     5        35       
 4406.35 1       100      -170.106   -166.631   3.47469     10       53       
 4406.81 2       150      -169.313   -166.631   2.6818      17       69       
 4407.32 3       201      -168.5     -166.631   1.86859     22       76       
 4408.07 4       285      -167.994   -166.631   1.36247     22       90       
 4408.1  4       300      -167.994   -166.631   1.36247     28       90       
 4408.45 5       387      -167.719   -166.631   1.08712     36       94       
 4408.49 5       400      -167.719   -166.631   1.08712     18       94       
 4408.88 6       483      -167.516   -166.631   0.884808    36       100      
 4408.92 6       500      -167.516   -166.631   0.884808    23       100      
 4409.15 7       573      -167.357   -166.631   0.725333    45       102      
 4409.21 7       600      -167.357   -166.631   0.725333    35       102      
 4409.46 8       663      -167.261   -166.631   0.630067    57       105      
 4409.95 8       700      -167.261   -166.631   0.630067    37       113      
 4410.76 9       755      -167.167   -166.631   0.536055    54       121      
 4410.87 9       800      -167.167   -166.631   0.536055    28       122      
 4411.14 10      853      -167.104   -166.631   0.472976    30       125      
 4411.91 10      900      -167.104   -166.631   0.472976    21       138      
 4412.21 11      953      -167.047   -166.631   0.41593     24       140      
 4412.3  11      1000     -167.047   -166.631   0.41593     22       140      
 4412.74 12      1061     -167.017   -166.631   0.385185    22       146      
 4412.82 12      1100     -167.017   -166.631   0.385185    18       146      
 4412.99 13      1173     -166.991   -166.631   0.359978    18       147      
 4413.04 13      1200     -166.991   -166.631   0.359978    20       147      
 4413.3  14      1291     -166.969   -166.631   0.337313    19       149      
 4413.33 14      1300     -166.969   -166.631   0.337313    15       149      
 4413.55 15      1350     -166.969   -166.631   0.337313    13       152      
 4413.67 15      1409     -166.946   -166.631   0.314929    12       152      
 4413.74 15      1450     -166.946   -166.631   0.314929    13       152      
 4414.05 16      1531     -166.93    -166.631   0.299013    15       156      
 4414.11 16      1550     -166.93    -166.631   0.299013    11       156      
 4414.35 17      1653     -166.912   -166.631   0.280331    9        158      
 4414.38 17      1654     -166.912   -166.631   0.280331    9        158      
 4414.45 17      1700     -166.912   -166.631   0.280331    8        158      
 4414.77 18      1777     -166.898   -166.631   0.266418    8        162      
 4414.82 18      1800     -166.898   -166.631   0.266418    8        162      
 4415.11 19      1899     -166.887   -166.631   0.255207    11       165      
 4415.13 19      1900     -166.887   -166.631   0.255207    12       165      
 4415.22 19      1950     -166.887   -166.631   0.255207    9        165      
 4415.54 20      2025     -166.874   -166.631   0.242393    9        169      
 4417.06 20      2050     -166.874   -166.631   0.242393    9        187      
 4418.34 21      2145     -166.855   -166.631   0.223308    9        195      
 4418.38 21      2150     -166.855   -166.631   0.223308    8        195      
 4418.46 21      2200     -166.855   -166.631   0.223308    9        195      
 4418.79 22      2267     -166.848   -166.631   0.216754    9        198      
 4418.86 22      2300     -166.848   -166.631   0.216754    9        198      
 4419.21 23      2391     -166.837   -166.631   0.205768    8        201      
 4419.25 23      2400     -166.837   -166.631   0.205768    9        201      
 4419.33 23      2450     -166.837   -166.631   0.205768    8        201      
 4419.58 24      2517     -166.829   -166.631   0.197702    11       203      
 4419.65 24      2550     -166.829   -166.631   0.197702    10       203      
 4420.01 25      2641     -166.822   -166.631   0.190285    8        206      
 4420.64 25      2650     -166.822   -166.631   0.190285    7        214      
 4422.17 26      2755     -166.802   -166.631   0.170209    11       226      
 4422.27 26      2756     -166.802   -166.631   0.170209    10       227      
 4423.24 26      2800     -166.802   -166.631   0.170209    8        238      
 4424.1  27      2871     -166.787   -166.632   0.155523    8        244      
 4425.09 27      2900     -166.787   -166.632   0.155523    9        254      
 4425.66 28      2997     -166.779   -166.632   0.14783     8        257      
 4425.7  28      3000     -166.779   -166.632   0.14783     8        257      
 4425.8  28      3050     -166.779   -166.632   0.14783     8        257      
 4426.38 29      3127     -166.775   -166.632   0.143033    10       262      
 4426.46 29      3150     -166.775   -166.632   0.143033    11       262      
 4426.9  30      3255     -166.77    -166.632   0.138248    9        265      
 4426.94 30      3256     -166.77    -166.632   0.138248    10       265      
 4427.03 30      3300     -166.77    -166.632   0.138248    10       265      
 4427.44 31      3385     -166.766   -166.632   0.134447    11       268      
 4427.51 31      3400     -166.766   -166.632   0.134447    10       268      
 4428.05 32      3513     -166.763   -166.632   0.131043    13       272      
 4428.09 32      3514     -166.763   -166.632   0.131043    14       272      
 4429.46 32      3550     -166.763   -166.632   0.131043    12       285      
 4431.04 33      3639     -166.757   -166.632   0.125587    11       295      
 4432.52 33      3650     -166.757   -166.632   0.125587    10       306      
 4433.31 33      3700     -166.757   -166.632   0.125587    11       310      
 4433.5  34      3763     -166.752   -166.632   0.120747    12       310      
 4433.59 34      3800     -166.752   -166.632   0.120747    11       310      
 4434.29 35      3889     -166.749   -166.632   0.117096    13       315      
 4435.06 35      3900     -166.749   -166.632   0.117096    10       322      
 4439.47 36      4007     -166.743   -166.632   0.111175    15       346      
 4439.52 36      4008     -166.743   -166.632   0.111175    16       346      
 4443.31 36      4050     -166.743   -166.632   0.111175    14       367      
 4447.9  37      4127     -166.738   -166.632   0.106906    12       383      
 4448    37      4150     -166.738   -166.632   0.106906    12       383      
 4449.62 38      4245     -166.731   -166.632   0.0992058   14       392      
 4450.42 38      4250     -166.731   -166.632   0.0992058   12       397      
 4453.87 38      4300     -166.731   -166.632   0.0992058   12       415      
 4456.01 39      4373     -166.726   -166.632   0.0942339   13       423      
 4458.44 39      4400     -166.726   -166.632   0.0942339   10       435      
 4461.44 40      4501     -166.722   -166.632   0.0906111   14       446      
 4461.51 40      4502     -166.722   -166.632   0.0906111   14       446      
 4464.82 40      4550     -166.722   -166.632   0.0906111   11       463      
 4468.05 41      4627     -166.719   -166.632   0.0878049   12       476      
 4469.44 41      4650     -166.719   -166.632   0.0878049   13       485      
 4470.97 42      4753     -166.717   -166.632   0.0851499   14       492      
 4471.05 42      4754     -166.717   -166.632   0.0851499   14       492      
 4473.22 42      4800     -166.717   -166.632   0.0851499   15       504      
 4476.33 43      4879     -166.714   -166.632   0.0827226   16       516      
 4479.85 43      4900     -166.714   -166.632   0.0827226   14       533      
 4486.04 44      5003     -166.711   -166.632   0.0796602   15       554      
 4486.12 44      5004     -166.711   -166.632   0.0796602   14       554      
 4488.29 44      5050     -166.711   -166.632   0.0796602   13       565      
 4491.34 45      5125     -166.708   -166.632   0.0767724   16       578      
 4493.71 45      5150     -166.708   -166.632   0.0767724   14       590      
 4497.8  46      5247     -166.707   -166.632   0.0750516   17       605      
 4497.89 46      5250     -166.707   -166.632   0.0750516   17       605      
 4498.64 46      5300     -166.707   -166.632   0.0750516   15       608      
 4500.54 47      5369     -166.705   -166.632   0.0731212   18       615      
 4500.69 47      5400     -166.705   -166.632   0.0731212   19       615      
 4503.37 48      5491     -166.703   -166.632   0.0717133   17       627      
 4503.47 48      5500     -166.703   -166.632   0.0717133   15       627      
 4506    48      5550     -166.703   -166.632   0.0717133   17       638      
 4506.51 49      5613     -166.701   -166.632   0.0695255   17       639      
 4506.69 49      5650     -166.701   -166.632   0.0695255   16       639      
 4507.93 50      5735     -166.697   -166.632   0.0651279   15       644      
 4508.05 50      5750     -166.697   -166.632   0.0651279   11       644      
 4511.02 51      5800     -166.697   -166.632   0.0651279   11       657      
 4511.28 51      5865     -166.695   -166.632   0.063118    13       657      
 4511.46 51      5900     -166.695   -166.632   0.063118    12       657      
 4513.09 52      5997     -166.694   -166.632   0.0621927   12       664      
 4513.2  52      6000     -166.694   -166.632   0.0621927   14       664      
 4513.38 52      6050     -166.694   -166.632   0.0621927   13       664      
 4515.33 53      6127     -166.693   -166.632   0.0612262   16       672      
 4518.65 53      6150     -166.693   -166.632   0.0612262   15       686      
 4523.77 54      6255     -166.692   -166.632   0.0600461   14       703      
 4523.87 54      6256     -166.692   -166.632   0.0600461   14       703      
 4528.62 54      6300     -166.692   -166.632   0.0600461   15       720      
 4532.62 55      6381     -166.691   -166.632   0.0591959   16       731      
 4532.79 55      6400     -166.691   -166.632   0.0591959   17       731      
 4536.13 56      6509     -166.69    -166.632   0.0584319   18       742      
 4536.24 56      6510     -166.69    -166.632   0.0584319   19       742      
 4536.42 56      6550     -166.69    -166.632   0.0584319   18       742      
 4538.2  57      6637     -166.69    -166.632   0.057883    17       748      
 4538.33 57      6650     -166.69    -166.632   0.057883    17       748      
 4540.76 57      6700     -166.69    -166.632   0.057883    16       758      
 4541.05 58      6765     -166.689   -166.632   0.0572504   18       758      
 4541.22 58      6800     -166.689   -166.632   0.0572504   20       758      
 4542.61 59      6893     -166.688   -166.632   0.0563395   15       763      
 4542.73 59      6900     -166.688   -166.632   0.0563395   15       763      
 4543.35 59      6950     -166.688   -166.632   0.0563395   15       765      
 4545.3  60      7021     -166.687   -166.632   0.0556432   15       772      
 4548.97 60      7050     -166.687   -166.632   0.0556432   17       787      
 4551.34 61      7147     -166.687   -166.632   0.0550456   17       794      
 4551.46 61      7150     -166.687   -166.632   0.0550456   17       794      
 4551.67 61      7200     -166.687   -166.632   0.0550456   17       794      
 4554.08 62      7273     -166.686   -166.632   0.0544129   18       802      
 4554.25 62      7300     -166.686   -166.632   0.0544129   18       802      
 4555.82 63      7399     -166.686   -166.632   0.0538606   16       807      
 4555.94 63      7400     -166.686   -166.632   0.0538606   16       807      
 4556.16 63      7450     -166.686   -166.632   0.0538606   18       807      
 4557.4  64      7523     -166.685   -166.632   0.0534292   18       811      
 4561.72 64      7550     -166.685   -166.632   0.0534292   15       827      
 4567.66 65      7647     -166.685   -166.632   0.0530562   17       845      
 4567.78 65      7650     -166.685   -166.632   0.0530562   17       845      
 4570.17 65      7700     -166.685   -166.632   0.0530562   17       853      
 4572.95 66      7771     -166.684   -166.632   0.0524107   19       861      
 4576.23 66      7800     -166.684   -166.632   0.0524107   16       872      
 4581.6  67      7895     -166.684   -166.632   0.0518028   16       886      
 4581.73 67      7900     -166.684   -166.632   0.0518028   16       886      
 4581.96 67      7950     -166.684   -166.632   0.0518028   16       886      
 4583.59 68      8021     -166.683   -166.632   0.0512648   18       891      
 4585.14 68      8050     -166.683   -166.632   0.0512648   18       896      
 4587.43 69      8145     -166.682   -166.632   0.0503605   17       903      
 4587.56 69      8150     -166.682   -166.632   0.0503605   19       903      
 4590.23 69      8200     -166.682   -166.632   0.0503605   17       913      
 4591.61 70      8269     -166.682   -166.632   0.0498981   17       917      
 4596.44 70      8300     -166.682   -166.632   0.0498981   17       935      
 4600.72 71      8393     -166.681   -166.632   0.0494435   18       948      
 4602.86 71      8400     -166.681   -166.632   0.0494435   17       955      
 4606.02 71      8450     -166.681   -166.632   0.0494435   21       965      
 4607.43 72      8515     -166.68    -166.632   0.0483259   19       968      
 4609.97 72      8550     -166.68    -166.632   0.0483259   22       976      
 4616.84 73      8641     -166.68    -166.632   0.0480345   20       994      
 4618.29 73      8650     -166.68    -166.632   0.0480345   20       998      
 4623.06 73      8700     -166.68    -166.632   0.0480345   22       1012     
 4624.17 74      8765     -166.679   -166.632   0.0474831   21       1014     
 4624.4  74      8800     -166.679   -166.632   0.0474831   21       1014     
 4627.94 75      8887     -166.679   -166.632   0.0472268   23       1024     
 4628.12 75      8900     -166.679   -166.632   0.0472268   25       1024     
 4629.66 76      9011     -166.678   -166.632   0.0463647   18       1028     
 4629.81 76      9012     -166.678   -166.632   0.0463647   18       1028     
 4634.91 76      9050     -166.678   -166.632   0.0463647   16       1044     
 4638.96 77      9135     -166.678   -166.632   0.0458403   21       1054     
 4639.17 77      9150     -166.678   -166.632   0.0458403   21       1054     
 4643.79 78      9257     -166.677   -166.632   0.0454053   22       1067     
 4643.94 78      9258     -166.677   -166.632   0.0454053   22       1067     
 4647.34 78      9300     -166.677   -166.632   0.0454053   23       1077     
 4651.2  79      9379     -166.677   -166.632   0.0450235   24       1087     
 4652.9  79      9400     -166.677   -166.632   0.0450235   23       1092     
 4661.67 80      9501     -166.677   -166.632   0.0447303   21       1115     
 4661.83 80      9502     -166.677   -166.632   0.0447303   20       1115     
 4667.04 80      9550     -166.677   -166.632   0.0447303   22       1129     
 4671.49 81      9621     -166.676   -166.632   0.0443545   20       1139     
 4681.99 81      9650     -166.676   -166.632   0.0443545   22       1164     
 4692.43 82      9741     -166.676   -166.632   0.0439436   27       1185     
 4696.49 82      9750     -166.676   -166.632   0.0439436   22       1194     
 4701.33 82      9800     -166.676   -166.632   0.0439436   24       1204     
 4701.78 83      9861     -166.673   -166.632   0.0411426   24       1204     
 4708.86 83      9900     -166.673   -166.632   0.0411426   24       1221     
 4712.92 84      9993     -166.673   -166.632   0.0407912   19       1229     
 4713.13 84      10000    -166.673   -166.632   0.0407912   19       1229     
 4720.19 84      10050    -166.673   -166.632   0.0407912   18       1245     
 4723.76 85      10123    -166.672   -166.632   0.0404857   21       1252     
 4724.04 85      10150    -166.672   -166.632   0.0404857   20       1252     
 4728.35 86      10255    -166.672   -166.632   0.0400929   20       1262     
 4728.54 86      10256    -166.672   -166.632   0.0400929   19       1262     
 4731.56 86      10300    -166.672   -166.632   0.0400929   19       1269     
 4734.64 87      10385    -166.672   -166.632   0.0398401   17       1275     
 4736.94 87      10400    -166.672   -166.632   0.0398401   17       1281     
 4740.31 88      10450    -166.672   -166.632   0.0398401   18       1289     
 4740.73 88      10515    -166.671   -166.632   0.0395503   17       1289     
 4743.63 88      10550    -166.671   -166.632   0.0395503   19       1296     
 4749.89 89      10645    -166.671   -166.632   0.0392518   16       1310     
 4750.09 89      10650    -166.671   -166.632   0.0392518   16       1310     
 4750.4  89      10700    -166.671   -166.632   0.0392518   16       1310     
 4753.97 90      10775    -166.671   -166.632   0.0390506   19       1318     
 4764.84 90      10800    -166.671   -166.632   0.0390506   19       1343     
 4771.65 91      10905    -166.671   -166.632   0.0387427   17       1356     
 4771.86 91      10906    -166.671   -166.632   0.0387427   17       1356     
 4783.21 91      10950    -166.671   -166.632   0.0387427   17       1379     
 4791.72 92      11033    -166.67    -166.632   0.0385314   16       1394     
 4791.99 92      11050    -166.67    -166.632   0.0385314   18       1394     
 4796.59 93      11161    -166.67    -166.632   0.0383555   17       1403     
 4796.8  93      11162    -166.67    -166.632   0.0383555   17       1403     
 4797.15 93      11200    -166.67    -166.632   0.0383555   19       1403     
 4799.82 94      11289    -166.67    -166.632   0.0381678   18       1408     
 4801.77 94      11300    -166.67    -166.632   0.0381678   18       1412     
 4810.44 94      11350    -166.67    -166.632   0.0381678   20       1431     
 4811.46 95      11415    -166.67    -166.632   0.0379981   20       1432     
 4816.92 95      11450    -166.67    -166.632   0.0379981   20       1444     
 4822.38 96      11543    -166.67    -166.632   0.0378165   19       1454     
 4824.48 96      11550    -166.67    -166.632   0.0378165   18       1458     
 4827.67 96      11600    -166.67    -166.632   0.0378165   19       1464     
 4830.66 97      11669    -166.67    -166.632   0.0376456   19       1469     
 4830.99 97      11700    -166.67    -166.632   0.0376456   19       1469     
 4833.68 98      11795    -166.669   -166.632   0.0374785   17       1474     
 4833.91 98      11800    -166.669   -166.632   0.0374785   19       1474     
 4834.26 98      11850    -166.669   -166.632   0.0374785   19       1474     
 4836.88 99      11921    -166.669   -166.632   0.0373689   21       1479     
 4837.2  99      11950    -166.669   -166.632   0.0373689   22       1479     
 4842.7  100     12047    -166.669   -166.632   0.0372294   23       1490     
 4842.94 100     12050    -166.669   -166.632   0.0372294   23       1490     
 4843.3  100     12100    -166.669   -166.632   0.0372294   23       1490     
 4845.59 101     12173    -166.669   -166.632   0.0369029   19       1494     
 4845.93 101     12200    -166.669   -166.632   0.0369029   17       1494     
 4848.15 102     12299    -166.669   -166.632   0.036691    18       1498     
 4848.37 102     12300    -166.669   -166.632   0.036691    19       1498     
 4848.71 102     12350    -166.669   -166.632   0.036691    20       1498     
 4852.18 103     12425    -166.668   -166.632   0.0365076   18       1505     
 4852.47 103     12450    -166.668   -166.632   0.0365076   19       1505     
 4855.67 104     12551    -166.668   -166.632   0.0363314   21       1511     
 4855.9  104     12552    -166.668   -166.632   0.0363314   21       1511     
 4856.26 104     12600    -166.668   -166.632   0.0363314   21       1511     
 4858.12 105     12677    -166.668   -166.632   0.0361886   21       1514     
 4858.44 105     12700    -166.668   -166.632   0.0361886   22       1514     
 4861.88 106     12803    -166.668   -166.632   0.0360499   18       1520     
 4862.1  106     12804    -166.668   -166.632   0.0360499   19       1520     
 4871.42 106     12850    -166.668   -166.632   0.0360499   20       1539     
 4874.64 107     12927    -166.668   -166.632   0.0359203   19       1545     
 4874.95 107     12950    -166.668   -166.632   0.0359203   19       1545     
 4878.71 108     13051    -166.668   -166.632   0.0358065   24       1552     
 4878.94 108     13052    -166.668   -166.632   0.0358065   25       1552     
 4879.32 108     13100    -166.668   -166.632   0.0358065   24       1552     
 4883.24 109     13177    -166.668   -166.632   0.0356543   20       1559     
 4883.56 109     13200    -166.668   -166.632   0.0356543   21       1559     
 4887.42 110     13301    -166.667   -166.632   0.0355333   23       1566     
 4887.66 110     13302    -166.667   -166.632   0.0355333   24       1566     
 4892.38 110     13350    -166.667   -166.632   0.0355333   22       1575     
 4896.65 111     13425    -166.667   -166.632   0.0354355   22       1583     
 4897.01 111     13450    -166.667   -166.632   0.0354355   22       1583     
 4907.09 112     13549    -166.667   -166.632   0.035255    23       1603     
 4907.33 112     13550    -166.667   -166.632   0.035255    23       1603     
 4908.12 112     13600    -166.667   -166.632   0.035255    25       1604     
 4913.63 113     13673    -166.667   -166.632   0.0351094   25       1614     
 4913.97 113     13700    -166.667   -166.632   0.0351094   25       1614     
 4917.54 114     13795    -166.667   -166.632   0.0350224   26       1620     
 4917.8  114     13800    -166.667   -166.632   0.0350224   27       1620     
 4919.6  114     13850    -166.667   -166.632   0.0350224   26       1623     
 4923.24 115     13919    -166.667   -166.632   0.0348807   25       1629     
 4923.61 115     13950    -166.667   -166.632   0.0348807   23       1629     
 4928.88 116     14043    -166.667   -166.632   0.0347245   23       1638     
 4929.16 116     14050    -166.667   -166.632   0.0347245   24       1638     
 4934.15 116     14100    -166.667   -166.632   0.0347245   23       1647     
 4937.49 117     14167    -166.667   -166.632   0.0345941   21       1652     
 4944.54 117     14200    -166.667   -166.632   0.0345941   22       1664     
 4952.62 118     14291    -166.666   -166.632   0.0337939   24       1676     
 4952.91 118     14300    -166.666   -166.632   0.0337939   26       1676     
 4956.57 118     14350    -166.666   -166.632   0.0337939   25       1682     
 4958.77 119     14417    -166.666   -166.632   0.0337209   25       1685     
 4963.4  119     14450    -166.666   -166.632   0.0337209   26       1693     
 4969.23 120     14543    -166.666   -166.632   0.0336429   27       1702     
 4971.19 120     14550    -166.666   -166.632   0.0336429   29       1705     
 4976.24 120     14600    -166.666   -166.632   0.0336429   29       1714     
 4979.81 121     14669    -166.666   -166.632   0.0335455   22       1719     
 4983.95 121     14700    -166.666   -166.632   0.0335455   24       1726     
 4996.59 122     14795    -166.665   -166.632   0.0334615   23       1745     
 4998.37 122     14800    -166.665   -166.632   0.0334615   23       1748     
 5022.18 122     14850    -166.665   -166.632   0.0334615   27       1784     
 5027.45 123     14919    -166.665   -166.632   0.033344    27       1790     
 5036.19 123     14950    -166.665   -166.632   0.033344    30       1804     
 5050.69 124     15045    -166.665   -166.632   0.0331415   23       1824     
 5050.99 124     15050    -166.665   -166.632   0.0331415   25       1824     
 5051.96 124     15100    -166.665   -166.632   0.0331415   27       1825     
 5056.11 125     15169    -166.665   -166.632   0.0330861   28       1831     
 5056.53 125     15200    -166.665   -166.632   0.0330861   26       1831     
 5062.35 126     15293    -166.665   -166.632   0.0329596   22       1840     
 5062.65 126     15300    -166.665   -166.632   0.0329596   23       1840     
 5064.16 126     15350    -166.665   -166.632   0.0329596   24       1842     
 5067.68 127     15419    -166.665   -166.632   0.0328997   23       1847     
 5068.04 127     15450    -166.665   -166.632   0.0328997   24       1847     
 5071.97 128     15545    -166.665   -166.632   0.0327937   25       1853     
 5072.27 128     15550    -166.665   -166.632   0.0327937   26       1853     
 5075.48 128     15600    -166.665   -166.632   0.0327937   30       1858     
 5079.89 129     15669    -166.665   -166.632   0.0327255   26       1864     
 5090.95 129     15700    -166.665   -166.632   0.0327255   28       1882     
 5099.1  130     15791    -166.665   -166.632   0.0326251   27       1893     
 5099.47 130     15800    -166.665   -166.632   0.0326251   28       1893     
 5105.68 130     15850    -166.665   -166.632   0.0326251   30       1902     
 5107.76 131     15915    -166.665   -166.632   0.032505    28       1904     
 5108.21 131     15950    -166.665   -166.632   0.032505    26       1904     
 5114.22 132     16037    -166.664   -166.632   0.0324117   27       1913     
 5114.59 132     16050    -166.664   -166.632   0.0324117   27       1913     
 5119.12 133     16159    -166.664   -166.632   0.0323335   26       1920     
 5119.41 133     16160    -166.664   -166.632   0.0323335   26       1920     
 5123.32 133     16200    -166.664   -166.632   0.0323335   25       1926     
 5133.33 134     16281    -166.664   -166.632   0.0321866   22       1941     
 5133.69 134     16300    -166.664   -166.632   0.0321866   24       1941     
 5137.32 135     16401    -166.664   -166.632   0.0321039   25       1946     
 5137.62 135     16402    -166.664   -166.632   0.0321039   25       1946     
 5147.07 135     16450    -166.664   -166.632   0.0321039   27       1962     
 5154.45 136     16523    -166.664   -166.632   0.0320161   25       1973     
 5154.87 136     16550    -166.664   -166.632   0.0320161   26       1973     
 5164.9  137     16645    -166.664   -166.632   0.0318781   28       1989     
 5165.22 137     16650    -166.664   -166.632   0.0318781   25       1989     
 5166.28 137     16700    -166.664   -166.632   0.0318781   26       1990     
 5169.94 138     16767    -166.664   -166.632   0.0317803   27       1995     
 5170.34 138     16800    -166.664   -166.632   0.0317803   28       1995     
 5178.31 139     16887    -166.664   -166.632   0.0317516   26       2007     
 5178.67 139     16900    -166.664   -166.632   0.0317516   26       2007     
 5182.32 140     17007    -166.664   -166.632   0.0316934   24       2012     
 5182.62 140     17008    -166.664   -166.632   0.0316934   24       2012     
 5183.06 140     17050    -166.664   -166.632   0.0316934   26       2012     
 5187.38 141     17127    -166.664   -166.632   0.031638    28       2018     
 5193.82 141     17150    -166.664   -166.632   0.031638    30       2028     
 5198.36 142     17247    -166.663   -166.632   0.0308092   30       2034     
 5198.69 142     17250    -166.663   -166.632   0.0308092   31       2034     
 5205.94 142     17300    -166.663   -166.632   0.0308092   30       2045     
 5209.97 143     17373    -166.663   -166.632   0.0305961   30       2050     
 5210.4  143     17400    -166.663   -166.632   0.0305961   28       2050     
 5214.25 144     17499    -166.663   -166.632   0.0305224   28       2055     
 5214.56 144     17500    -166.663   -166.632   0.0305224   29       2055     
 5215.05 144     17550    -166.663   -166.632   0.0305224   33       2055     
 5218.85 145     17625    -166.663   -166.632   0.0304767   27       2060     
 5232.16 145     17650    -166.663   -166.632   0.0304767   26       2079     
 5259.8  146     17751    -166.663   -166.632   0.0303944   27       2116     
 5260.13 146     17752    -166.663   -166.632   0.0303944   28       2116     
 5260.7  146     17800    -166.663   -166.632   0.0303944   25       2116     
 5268.5  147     17877    -166.662   -166.632   0.0303104   25       2126     
 5268.95 147     17900    -166.662   -166.632   0.0303104   27       2126     
 5274.27 148     18001    -166.662   -166.632   0.0302607   24       2133     
 5274.59 148     18002    -166.662   -166.632   0.0302607   24       2133     
 5275.08 148     18050    -166.662   -166.632   0.0302607   26       2133     
 5283.11 149     18125    -166.662   -166.632   0.0302156   25       2144     
 5283.52 149     18150    -166.662   -166.632   0.0302156   28       2144     
 5288.32 150     18249    -166.662   -166.632   0.0301957   30       2150     
 5288.66 150     18250    -166.662   -166.632   0.0301957   30       2150     
 5289.17 150     18300    -166.662   -166.632   0.0301957   33       2150     
 5292.45 151     18373    -166.662   -166.632   0.0301631   26       2154     
 5292.87 151     18400    -166.662   -166.632   0.0301631   27       2154     
 5296.03 152     18497    -166.662   -166.632   0.0301096   31       2158     
 5296.37 152     18500    -166.662   -166.632   0.0301096   31       2158     
 5303.41 152     18550    -166.662   -166.632   0.0301096   27       2168     
 5309.47 153     18621    -166.662   -166.632   0.030046    29       2176     
 5309.88 153     18650    -166.662   -166.632   0.030046    30       2176     
 5313.82 154     18745    -166.662   -166.632   0.0300047   26       2181     
 5314.16 154     18750    -166.662   -166.632   0.0300047   27       2181     
 5316.57 154     18800    -166.662   -166.632   0.0300047   25       2184     
 5321.15 155     18869    -166.662   -166.632   0.0299685   25       2190     
 5321.59 155     18900    -166.662   -166.632   0.0299685   28       2190     
 5324.1  156     18991    -166.662   -166.632   0.0299474   24       2193     
 5325.13 156     19000    -166.662   -166.632   0.0299474   26       2194     
 5342.9  156     19050    -166.662   -166.632   0.0299474   28       2219     
 5345.21 157     19115    -166.662   -166.632   0.0298947   27       2221     
 5345.68 157     19150    -166.662   -166.632   0.0298947   28       2221     
 5351.16 158     19241    -166.662   -166.632   0.0295022   23       2228     
 5351.52 158     19250    -166.662   -166.632   0.0295022   26       2228     
 5354.56 158     19300    -166.662   -166.632   0.0295022   27       2232     
 5357.42 159     19367    -166.662   -166.632   0.0294729   26       2235     
 5366.75 159     19400    -166.662   -166.632   0.0294729   27       2248     
 5370.99 160     19491    -166.662   -166.632   0.0294326   25       2253     
 5375.56 160     19500    -166.662   -166.632   0.0294326   29       2259     
 5379.83 160     19550    -166.662   -166.632   0.0294326   29       2265     
 5381.92 161     19615    -166.662   -166.632   0.0294079   27       2267     
 5395.48 161     19650    -166.662   -166.632   0.0294079   27       2286     
 5409.19 162     19741    -166.662   -166.632   0.0293488   25       2303     
 5411.76 162     19750    -166.662   -166.632   0.0293488   24       2306     
 5437.59 162     19800    -166.662   -166.632   0.0293488   27       2337     
 5440.29 163     19865    -166.661   -166.632   0.0292833   23       2339     
 5440.82 163     19900    -166.661   -166.632   0.0292833   25       2339     
 5446.79 164     19989    -166.661   -166.632   0.0292249   26       2346     
 5454.95 164     20000    -166.661   -166.632   0.0292249   28       2357     
 5488.67 164     20050    -166.661   -166.632   0.0292249   27       2399     
 5489.69 165     20113    -166.661   -166.632   0.029119    27       2399     
 5490.27 165     20150    -166.661   -166.632   0.029119    27       2399     
 5497.6  166     20237    -166.661   -166.632   0.0290663   29       2407     
 5498.05 166     20250    -166.661   -166.632   0.0290663   31       2407     
 5503.29 167     20361    -166.661   -166.632   0.0290338   31       2413     
 5503.64 167     20362    -166.661   -166.632   0.0290338   30       2413     
 5504.17 167     20400    -166.661   -166.632   0.0290338   30       2413     
 5515.45 168     20483    -166.661   -166.632   0.028988    31       2427     
 5515.89 168     20500    -166.661   -166.632   0.028988    33       2427     
 5520.38 169     20605    -166.661   -166.632   0.028951    28       2432     
 5520.8  169     20606    -166.661   -166.632   0.028951    28       2432     
 5526.64 169     20650    -166.661   -166.632   0.028951    28       2439     
 5532.75 170     20727    -166.661   -166.632   0.0289323   28       2446     
 5533.23 170     20750    -166.661   -166.632   0.0289323   30       2446     
 5538.51 171     20849    -166.661   -166.632   0.0288954   28       2452     
 5538.88 171     20850    -166.661   -166.632   0.0288954   28       2452     
 5539.47 171     20900    -166.661   -166.632   0.0288954   28       2452     
 5546.22 172     20973    -166.661   -166.632   0.0288691   30       2460     
 5546.69 172     21000    -166.661   -166.632   0.0288691   34       2460     
 5551.11 173     21095    -166.661   -166.632   0.0288428   31       2465     
 5551.5  173     21100    -166.661   -166.632   0.0288428   31       2465     
 5552.78 173     21150    -166.661   -166.632   0.0288428   30       2466     
 5557.38 174     21217    -166.661   -166.632   0.0287852   29       2471     
 5557.88 174     21250    -166.661   -166.632   0.0287852   30       2471     
 5562.45 175     21339    -166.661   -166.632   0.0287323   26       2476     
 5562.93 175     21350    -166.661   -166.632   0.0287323   25       2476     
 5574.8  176     21400    -166.661   -166.632   0.0287323   27       2491     
 5575.57 176     21461    -166.661   -166.632   0.0287137   29       2491     
 5580.67 176     21500    -166.661   -166.632   0.0287137   33       2497     
 5594.88 177     21583    -166.661   -166.632   0.0286886   33       2513     
 5595.36 177     21600    -166.661   -166.632   0.0286886   35       2513     
 5603.33 178     21705    -166.661   -166.632   0.0286698   29       2522     
 5603.71 178     21706    -166.661   -166.632   0.0286698   30       2522     
 5604.29 178     21750    -166.661   -166.632   0.0286698   32       2522     
 5609.75 179     21829    -166.661   -166.632   0.0286219   25       2528     
 5610.24 179     21850    -166.661   -166.632   0.0286219   28       2528     
 5617.44 180     21951    -166.661   -166.632   0.0285686   26       2536     
 5617.82 180     21952    -166.661   -166.632   0.0285686   26       2536     
 5618.41 180     22000    -166.661   -166.632   0.0285686   26       2536     
 5623.04 181     22073    -166.661   -166.632   0.0285301   27       2541     
 5623.52 181     22100    -166.661   -166.632   0.0285301   29       2541     
 5629.13 182     22195    -166.661   -166.632   0.028513    28       2547     
 5629.54 182     22200    -166.661   -166.632   0.028513    31       2547     
 5630.15 182     22250    -166.661   -166.632   0.028513    33       2547     
 5634.1  183     22317    -166.661   -166.632   0.0285079   32       2551     
 5634.62 183     22350    -166.661   -166.632   0.0285079   35       2551     
 5639.52 184     22439    -166.661   -166.632   0.0284685   31       2556     
 5649.17 184     22450    -166.661   -166.632   0.0284685   24       2567     
 5663.36 185     22500    -166.661   -166.632   0.0284685   27       2583     
 5664.22 185     22561    -166.661   -166.632   0.0284312   28       2583     
 5673.92 185     22600    -166.661   -166.632   0.0284312   33       2594     
 5681.6  186     22683    -166.661   -166.632   0.0284092   26       2602     
 5682.08 186     22700    -166.661   -166.632   0.0284092   30       2602     
 5685.45 187     22803    -166.661   -166.632   0.0283982   25       2605     
 5685.86 187     22804    -166.661   -166.632   0.0283982   26       2605     
 5712.9  187     22850    -166.661   -166.632   0.0283982   31       2636     
 5725.8  188     22925    -166.661   -166.632   0.0283527   30       2649     
 5740.59 188     22950    -166.661   -166.632   0.0283527   29       2665     
 5751.38 189     23045    -166.661   -166.632   0.0282882   30       2675     
 5751.84 189     23050    -166.661   -166.632   0.0282882   30       2675     
 5758.3  189     23100    -166.661   -166.632   0.0282882   31       2682     
 5762.59 190     23165    -166.66    -166.632   0.0282542   31       2686     
 5763.13 190     23200    -166.66    -166.632   0.0282542   33       2686     
 5768.34 191     23285    -166.66    -166.632   0.0282444   33       2691     
 5779.32 191     23300    -166.66    -166.632   0.0282444   34       2703     
 5815.7  192     23405    -166.66    -166.632   0.0282314   34       2741     
 5816.14 192     23406    -166.66    -166.632   0.0282314   35       2741     
 5824.1  192     23450    -166.66    -166.632   0.0282314   38       2749     
 5831.07 193     23525    -166.66    -166.632   0.0282115   33       2756     
 5844.08 193     23550    -166.66    -166.632   0.0282115   35       2769     
 5852.68 194     23645    -166.66    -166.632   0.0281773   37       2777     
 5853.18 194     23650    -166.66    -166.632   0.0281773   36       2777     
 5859.45 194     23700    -166.66    -166.632   0.0281773   35       2783     
 5864.98 195     23767    -166.66    -166.632   0.0280983   28       2788     
 5865.64 195     23800    -166.66    -166.632   0.0280983   30       2788     
 5870.15 196     23887    -166.66    -166.632   0.0280626   26       2792     
 5870.66 196     23900    -166.66    -166.632   0.0280626   27       2792     
 5876.1  197     24007    -166.66    -166.632   0.0280275   28       2797     
 5876.53 197     24008    -166.66    -166.632   0.0280275   28       2797     
 5877.14 197     24050    -166.66    -166.632   0.0280275   31       2797     
 5881.48 198     24127    -166.66    -166.632   0.0280049   28       2801     
 5882.02 198     24150    -166.66    -166.632   0.0280049   30       2801     
 5888.73 199     24247    -166.66    -166.632   0.0279803   31       2808     
 5889.18 199     24250    -166.66    -166.632   0.0279803   31       2808     
 5889.88 199     24300    -166.66    -166.632   0.0279803   35       2808     
 5894.17 200     24367    -166.66    -166.632   0.0279437   34       2812     
 5897.17 200     24400    -166.66    -166.632   0.0279437   31       2815     
 5900.51 201     24485    -166.66    -166.632   0.0279274   31       2818     
 5901.14 201     24500    -166.66    -166.632   0.0279274   30       2818     
 5917.9  202     24603    -166.66    -166.632   0.0279063   32       2836     
 5918.35 202     24604    -166.66    -166.632   0.0279063   31       2836     
 5929.95 202     24650    -166.66    -166.632   0.0279063   35       2849     
 5934.5  203     24723    -166.66    -166.632   0.0278808   29       2853     
 5948.01 203     24750    -166.66    -166.632   0.0278808   30       2867     
 5968.66 204     24841    -166.66    -166.632   0.0278575   31       2888     
 5969.16 204     24850    -166.66    -166.632   0.0278575   33       2888     
 5971.63 205     24900    -166.66    -166.632   0.0278575   38       2890     
 5972.55 205     24959    -166.66    -166.632   0.0278475   36       2890     
 5973.2  205     25000    -166.66    -166.632   0.0278475   39       2890     
 5978.6  206     25079    -166.66    -166.632   0.0278288   37       2895     
 5979.15 206     25100    -166.66    -166.632   0.0278288   39       2895     
 5983.61 207     25197    -166.66    -166.632   0.0278194   36       2899     
 5984.09 207     25200    -166.66    -166.632   0.0278194   36       2899     
 5987.59 207     25250    -166.66    -166.632   0.0278194   35       2902     
 5991.65 208     25315    -166.66    -166.632   0.027795    41       2906     
 5992.29 208     25350    -166.66    -166.632   0.027795    43       2906     
 5996.86 209     25435    -166.66    -166.632   0.0277923   40       2910     
 5999.03 209     25450    -166.66    -166.632   0.0277923   41       2912     
 6009.31 210     25555    -166.66    -166.632   0.0277646   35       2922     
 6009.77 210     25556    -166.66    -166.632   0.0277646   35       2922     
 6019.04 210     25600    -166.66    -166.632   0.0277646   34       2931     
 6031.75 211     25673    -166.66    -166.632   0.0277385   34       2944     
 6038.98 211     25700    -166.66    -166.632   0.0277385   33       2951     
 6048.7  212     25791    -166.66    -166.632   0.0276861   30       2960     
 6051.01 212     25800    -166.66    -166.632   0.0276861   29       2962     
 6063.19 213     25850    -166.66    -166.632   0.0276861   33       2975     
 6064.11 213     25909    -166.66    -166.632   0.027666    37       2975     
 6073.59 213     25950    -166.66    -166.632   0.027666    41       2985     
 6082.8  214     26027    -166.66    -166.632   0.0276561   37       2994     
 6097.23 214     26050    -166.66    -166.632   0.0276561   37       3009     
 6113.42 215     26145    -166.659   -166.632   0.0266375   34       3024     
 6113.92 215     26150    -166.659   -166.632   0.0266375   33       3024     
 6124.62 215     26200    -166.659   -166.632   0.0266375   32       3035     
 6132.31 216     26271    -166.659   -166.632   0.0266101   33       3042     
 6136.57 216     26300    -166.659   -166.632   0.0266101   36       3046     
 6145.28 217     26395    -166.659   -166.632   0.0265837   36       3054     
 6145.79 217     26400    -166.659   -166.632   0.0265837   36       3054     
 6155.16 217     26450    -166.659   -166.632   0.0265837   35       3064     
 6162.81 218     26521    -166.659   -166.632   0.0265612   37       3071     
 6172.21 218     26550    -166.659   -166.632   0.0265612   37       3080     
 6178.9  219     26645    -166.659   -166.632   0.0265521   39       3086     
 6179.42 219     26650    -166.659   -166.632   0.0265521   38       3086     
 6192.64 219     26700    -166.659   -166.632   0.0265521   38       3099     
 6200.44 220     26771    -166.659   -166.632   0.0265295   40       3106     
 6201.11 220     26800    -166.659   -166.632   0.0265295   39       3106     
 6215.02 221     26895    -166.659   -166.632   0.026523    37       3119     
 6215.55 221     26900    -166.659   -166.632   0.026523    37       3119     
 6219.17 221     26950    -166.659   -166.632   0.026523    38       3122     
 6226.17 222     27019    -166.659   -166.632   0.0265015   40       3128     
 6226.82 222     27050    -166.659   -166.632   0.0265015   42       3128     
 6236.61 223     27143    -166.659   -166.632   0.026489    41       3137     
 6238.04 223     27150    -166.659   -166.632   0.026489    44       3138     
 6256.03 223     27200    -166.659   -166.632   0.026489    41       3155     
 6262.18 224     27269    -166.659   -166.632   0.0264591   34       3160     
 6268.54 224     27300    -166.659   -166.632   0.0264591   34       3166     
 6284.76 225     27393    -166.659   -166.632   0.0264445   37       3181     
 6285.33 225     27400    -166.659   -166.632   0.0264445   38       3181     
 6314.21 225     27450    -166.659   -166.632   0.0264445   38       3209     
 6319.89 226     27517    -166.659   -166.632   0.0264327   36       3213     
 6320.65 226     27550    -166.659   -166.632   0.0264327   39       3213     
 6335.47 227     27641    -166.659   -166.632   0.0264314   39       3226     
 6336.08 227     27650    -166.659   -166.632   0.0264314   41       3226     
 6348.1  227     27700    -166.659   -166.632   0.0264314   43       3237     
 6351.26 228     27765    -166.659   -166.632   0.0264279   42       3239     
 6359.67 228     27800    -166.659   -166.632   0.0264279   43       3246     
 6376.37 229     27889    -166.659   -166.632   0.0263405   44       3260     
 6377.02 229     27900    -166.659   -166.632   0.0263405   46       3260     
 6387.28 229     27950    -166.659   -166.632   0.0263405   46       3269     
 6389.25 230     28015    -166.659   -166.632   0.0262678   36       3270     
 6390.02 230     28050    -166.659   -166.632   0.0262678   39       3270     
 6400.41 231     28139    -166.659   -166.632   0.0262518   33       3279     
 6400.99 231     28150    -166.659   -166.632   0.0262518   35       3279     
 6410.7  231     28200    -166.659   -166.632   0.0262518   41       3288     
 6411.74 232     28263    -166.659   -166.632   0.0262297   40       3288     
 6417.28 232     28300    -166.659   -166.632   0.0262297   39       3293     
 6427.34 233     28387    -166.659   -166.632   0.0262087   35       3302     
 6427.93 233     28400    -166.659   -166.632   0.0262087   38       3302     
 6434.03 234     28511    -166.659   -166.632   0.0262066   36       3307     
 6434.55 234     28512    -166.659   -166.632   0.0262066   36       3307     
 6435.26 234     28550    -166.659   -166.632   0.0262066   38       3307     
 6442.42 235     28635    -166.659   -166.632   0.0261999   35       3313     
 6451.57 235     28650    -166.659   -166.632   0.0261999   35       3321     
 6492.26 236     28761    -166.659   -166.632   0.0261797   37       3357     
 6492.81 236     28762    -166.659   -166.632   0.0261797   37       3357     
 6502.83 236     28800    -166.659   -166.632   0.0261797   37       3366     
 6523    237     28885    -166.659   -166.632   0.0261588   39       3383     
 6535.23 237     28900    -166.659   -166.632   0.0261588   33       3394     
 6552.36 238     29009    -166.658   -166.632   0.0259502   43       3408     
 6552.94 238     29010    -166.658   -166.632   0.0259502   43       3408     
 6553.82 238     29050    -166.658   -166.632   0.0259502   40       3408     
 6568.1  239     29135    -166.658   -166.632   0.0259178   34       3420     
 6578.76 239     29150    -166.658   -166.632   0.0259178   35       3429     
 6592.33 240     29257    -166.658   -166.632   0.0259013   39       3440     
 6592.88 240     29258    -166.658   -166.632   0.0259013   39       3440     
 6593.65 240     29300    -166.658   -166.632   0.0259013   38       3440     
 6614.45 241     29381    -166.658   -166.632   0.0258892   30       3458     
 6615.1  241     29400    -166.658   -166.632   0.0258892   33       3458     
 6629.16 242     29503    -166.658   -166.632   0.025881    32       3470     
 6629.72 242     29504    -166.658   -166.632   0.025881    32       3470     
 6630.68 242     29550    -166.658   -166.632   0.025881    36       3470     
 6645.82 243     29627    -166.658   -166.632   0.0258633   36       3483     
 6646.5  243     29650    -166.658   -166.632   0.0258633   36       3483     
 6659.3  244     29749    -166.658   -166.632   0.0258536   37       3494     
 6659.87 244     29750    -166.658   -166.632   0.0258536   37       3494     
 6660.74 244     29800    -166.658   -166.632   0.0258536   35       3494     
 6672.59 245     29873    -166.658   -166.632   0.0258505   35       3504     
 6682.4  245     29900    -166.658   -166.632   0.0258505   33       3513     
 6712.37 246     29997    -166.658   -166.632   0.0258456   35       3539     
 6712.96 246     30000    -166.658   -166.632   0.0258456   36       3539     
 6725.85 246     30050    -166.658   -166.632   0.0258456   37       3550     
 6736.19 247     30121    -166.658   -166.632   0.0258402   38       3558     
 6736.93 247     30150    -166.658   -166.632   0.0258402   42       3558     
 6753.91 248     30243    -166.658   -166.632   0.0258323   34       3572     
 6754.58 248     30250    -166.658   -166.632   0.0258323   36       3572     
 6767.62 248     30300    -166.658   -166.632   0.0258323   33       3583     
 6772.31 249     30365    -166.658   -166.632   0.0258137   31       3586     
 6779.49 249     30400    -166.658   -166.632   0.0258137   34       3592     
 6793.78 250     30487    -166.658   -166.632   0.025807    34       3603     
 6799.16 250     30500    -166.658   -166.632   0.025807    35       3607     
 6823.28 251     30609    -166.658   -166.632   0.025805    40       3626     
 6823.88 251     30610    -166.658   -166.632   0.025805    40       3626     
 6824.74 251     30650    -166.658   -166.632   0.025805    43       3626     
 6836.34 252     30731    -166.658   -166.632   0.0258023   37       3635     
 6847.41 252     30750    -166.658   -166.632   0.0258023   40       3644     
 6868.9  253     30853    -166.658   -166.633   0.0256925   43       3661     
 6869.55 253     30854    -166.658   -166.633   0.0256925   43       3661     
 6870.51 253     30900    -166.658   -166.633   0.0256925   45       3661     
 6885.88 254     30977    -166.658   -166.633   0.0256859   36       3673     
 6886.62 254     31000    -166.658   -166.633   0.0256859   37       3673     
 6899.07 255     31101    -166.658   -166.633   0.025684    35       3682     
 6899.69 255     31102    -166.658   -166.633   0.025684    36       3682     
 6900.6  255     31150    -166.658   -166.633   0.025684    36       3682     
 6911.18 256     31225    -166.658   -166.633   0.0256762   33       3690     
 6912    256     31250    -166.658   -166.633   0.0256762   35       3690     
 6923.85 257     31347    -166.658   -166.633   0.0256675   37       3699     
 6924.5  257     31350    -166.658   -166.633   0.0256675   35       3699     
 6925.41 257     31400    -166.658   -166.633   0.0256675   36       3699     
 6935.17 258     31471    -166.658   -166.633   0.0256392   36       3706     
 6935.93 258     31500    -166.658   -166.633   0.0256392   36       3706     
 6945.75 259     31595    -166.658   -166.633   0.025632    31       3713     
 6946.39 259     31600    -166.658   -166.633   0.025632    32       3713     
 6954.49 259     31650    -166.658   -166.633   0.025632    30       3719     
 6961.61 260     31717    -166.658   -166.633   0.0256301   34       3724     
 6962.39 260     31750    -166.658   -166.633   0.0256301   36       3724     
 6973.01 261     31839    -166.658   -166.633   0.0256283   36       3732     
 6973.77 261     31850    -166.658   -166.633   0.0256283   34       3732     
 6986.11 262     31900    -166.658   -166.633   0.0256283   35       3742     
 6987.24 262     31961    -166.658   -166.633   0.0256259   31       3742     
 6995.39 262     32000    -166.658   -166.633   0.0256259   34       3749     
 7018.06 263     32083    -166.658   -166.633   0.0256167   33       3767     
 7018.87 263     32100    -166.658   -166.633   0.0256167   32       3767     
 7032.68 264     32205    -166.658   -166.633   0.0256034   42       3777     
 7033.35 264     32206    -166.658   -166.633   0.0256034   42       3777     
 7034.27 264     32250    -166.658   -166.633   0.0256034   42       3777     
 7043.9  265     32325    -166.658   -166.633   0.0256018   37       3784     
 7044.66 265     32350    -166.658   -166.633   0.0256018   39       3784     
 7054.33 266     32447    -166.658   -166.633   0.0256006   33       3791     
 7054.97 266     32450    -166.658   -166.633   0.0256006   35       3791     
 7055.88 266     32500    -166.658   -166.633   0.0256006   36       3791     
 7064.2  267     32569    -166.658   -166.633   0.0255964   34       3797     
 7064.97 267     32600    -166.658   -166.633   0.0255964   34       3797     
 7074.19 268     32689    -166.658   -166.633   0.0255952   37       3804     
 7074.89 268     32700    -166.658   -166.633   0.0255952   37       3804     
 7084.11 269     32750    -166.658   -166.633   0.0255952   40       3811     
 7085.27 269     32811    -166.658   -166.633   0.0255947   38       3811     
 7086.11 269     32850    -166.658   -166.633   0.0255947   41       3811     
 7096.51 270     32933    -166.658   -166.633   0.0255935   41       3819     
 7097.25 270     32950    -166.658   -166.633   0.0255935   42       3819     
 7108.93 271     33055    -166.658   -166.633   0.0255922   40       3828     
 7109.59 271     33056    -166.658   -166.633   0.0255922   40       3828     
 7110.45 271     33100    -166.658   -166.633   0.0255922   41       3828     
 7121.47 272     33177    -166.658   -166.633   0.0255915   41       3836     
 7122.25 272     33200    -166.658   -166.633   0.0255915   42       3836     
 7133.16 273     33297    -166.658   -166.633   0.025591    41       3844     
 7133.85 273     33300    -166.658   -166.633   0.025591    42       3844     
 7138.33 273     33350    -166.658   -166.633   0.025591    45       3847     
 7148.28 274     33419    -166.658   -166.633   0.0255889   39       3854     
 7149.11 274     33450    -166.658   -166.633   0.0255889   40       3854     
 7157.7  275     33539    -166.658   -166.633   0.0255862   37       3860     
 7158.44 275     33550    -166.658   -166.633   0.0255862   37       3860     
 7168    276     33600    -166.658   -166.633   0.0255862   37       3867     
 7169.14 276     33661    -166.658   -166.633   0.0255814   37       3867     
 7169.98 276     33700    -166.658   -166.633   0.0255814   38       3867     
 7176.47 277     33781    -166.658   -166.633   0.0255783   37       3871     
 7188.65 277     33800    -166.658   -166.633   0.0255783   37       3880     
 7234.75 278     33903    -166.658   -166.633   0.0255653   36       3914     
 7235.42 278     33904    -166.658   -166.633   0.0255653   36       3914     
 7248.95 278     33950    -166.658   -166.633   0.0255653   36       3924     
 7268.56 279     34025    -166.658   -166.633   0.0255393   37       3937     
 7288.5  279     34050    -166.658   -166.633   0.0255393   36       3952     
 7323.72 280     34145    -166.658   -166.633   0.0255338   40       3976     
 7324.45 280     34150    -166.658   -166.633   0.0255338   41       3976     
 7332.04 280     34200    -166.658   -166.633   0.0255338   38       3981     
 7338.64 281     34265    -166.658   -166.633   0.025529    39       3985     
 7339.84 281     34300    -166.658   -166.633   0.025529    38       3985     
 7357.31 282     34385    -166.658   -166.633   0.025528    39       3998     
 7358.08 282     34400    -166.658   -166.633   0.025528    43       3998     
 7369.87 283     34505    -166.658   -166.633   0.025527    36       4006     
 7370.53 283     34506    -166.658   -166.633   0.025527    37       4006     
 7371.42 283     34550    -166.658   -166.633   0.025527    38       4006     
 7380.28 284     34625    -166.658   -166.633   0.0255259   41       4012     
 7384.07 284     34650    -166.658   -166.633   0.0255259   45       4015     
 7398.16 285     34747    -166.658   -166.633   0.0255256   54       4025     
 7398.89 285     34750    -166.658   -166.633   0.0255256   55       4025     
 7408.42 285     34800    -166.658   -166.633   0.0255256   56       4032     
 7419.14 286     34869    -166.658   -166.633   0.0255252   57       4039     
 7427.34 286     34900    -166.658   -166.633   0.0255252   60       4045     
 7439.28 287     34989    -166.658   -166.633   0.0255248   47       4053     
 7440.04 287     35000    -166.658   -166.633   0.0255248   49       4053     
 7447.78 288     35109    -166.658   -166.633   0.0255218   39       4058     
 7448.45 288     35110    -166.658   -166.633   0.0255218   40       4058     
 7449.32 288     35150    -166.658   -166.633   0.0255218   40       4058     
 7454.43 289     35229    -166.658   -166.633   0.0255191   41       4061     
 7462.36 289     35250    -166.658   -166.633   0.0255191   42       4067     
 7475.81 290     35351    -166.658   -166.633   0.0255084   39       4076     
 7476.6  290     35352    -166.658   -166.633   0.0255084   40       4076     
 7477.83 290     35400    -166.658   -166.633   0.0255084   41       4076     
 7486.55 291     35471    -166.658   -166.633   0.0254692   37       4082     
 7487.42 291     35500    -166.658   -166.633   0.0254692   37       4082     
 7494.14 292     35591    -166.658   -166.633   0.0254665   35       4086     
 7494.88 292     35600    -166.658   -166.633   0.0254665   35       4086     
 7506.35 292     35650    -166.658   -166.633   0.0254665   38       4094     
 7508.86 293     35713    -166.658   -166.633   0.0254631   36       4095     
 7527.71 293     35750    -166.658   -166.633   0.0254631   34       4109     
 7543.92 294     35835    -166.658   -166.633   0.0254621   38       4120     
 7544.74 294     35850    -166.658   -166.633   0.0254621   40       4120     
 7552.57 295     35955    -166.658   -166.633   0.0254427   36       4125     
 7553.2  295     35956    -166.658   -166.633   0.0254427   37       4125     
 7554.06 295     36000    -166.658   -166.633   0.0254427   40       4125     
 7569.26 296     36075    -166.658   -166.633   0.0254296   35       4136     
 7577.63 296     36100    -166.658   -166.633   0.0254296   39       4142     
 7609.64 297     36195    -166.658   -166.633   0.0254089   38       4165     
 7610.31 297     36200    -166.658   -166.633   0.0254089   39       4165     
 7621.35 297     36250    -166.658   -166.633   0.0254089   36       4173     
 7629.25 298     36317    -166.658   -166.633   0.0253954   37       4178     
 7630.09 298     36350    -166.658   -166.633   0.0253954   35       4178     
 7643.1  299     36439    -166.658   -166.633   0.0253858   35       4187     
 7643.81 299     36450    -166.658   -166.633   0.0253858   35       4187     
 7652.74 300     36559    -166.658   -166.633   0.0253772   35       4193     
 7653.39 300     36560    -166.658   -166.633   0.0253772   35       4193     
 7654.25 300     36600    -166.658   -166.633   0.0253772   37       4193     
 7661.74 301     36679    -166.658   -166.633   0.0253698   30       4198     
 7662.51 301     36700    -166.658   -166.633   0.0253698   32       4198     
 7670.09 302     36797    -166.658   -166.633   0.0253646   32       4203     
 7670.79 302     36800    -166.658   -166.633   0.0253646   33       4203     
 7671.89 302     36850    -166.658   -166.633   0.0253646   34       4203     
 7680.72 303     36917    -166.658   -166.633   0.0253477   30       4209     
 7681.55 303     36950    -166.658   -166.633   0.0253477   32       4209     
 7687.74 304     37035    -166.658   -166.633   0.0253393   33       4213     
 7688.47 304     37050    -166.658   -166.633   0.0253393   33       4213     
 7694.63 305     37155    -166.658   -166.633   0.0253347   30       4217     
 7695.28 305     37156    -166.658   -166.633   0.0253347   31       4217     
 7696.15 305     37200    -166.658   -166.633   0.0253347   31       4217     
 7702.35 306     37275    -166.658   -166.633   0.0253327   36       4221     
 7703.14 306     37300    -166.658   -166.633   0.0253327   39       4221     
 7712.14 307     37395    -166.658   -166.633   0.0253312   35       4227     
 7712.95 307     37400    -166.658   -166.633   0.0253312   36       4227     
 7715.18 307     37450    -166.658   -166.633   0.0253312   36       4228     
 7721.65 308     37515    -166.658   -166.633   0.0253303   38       4232     
 7735.36 308     37550    -166.658   -166.633   0.0253303   37       4242     
 7742.06 309     37635    -166.658   -166.633   0.0253282   40       4246     
 7742.84 309     37650    -166.658   -166.633   0.0253282   42       4246     
 7750.83 310     37755    -166.658   -166.633   0.0253277   41       4251     
 7751.52 310     37756    -166.658   -166.633   0.0253277   41       4251     
 7752.43 310     37800    -166.658   -166.633   0.0253277   41       4251     
 7759.31 311     37875    -166.658   -166.633   0.0253267   38       4255     
 7774.62 311     37900    -166.658   -166.633   0.0253267   37       4266     
 7784.33 312     37995    -166.658   -166.633   0.0253231   33       4272     
 7785.04 312     38000    -166.658   -166.633   0.0253231   33       4272     
 7787.48 312     38050    -166.658   -166.633   0.0253231   33       4273     
 7792.6  313     38113    -166.658   -166.633   0.0253185   34       4276     
 7793.48 313     38150    -166.658   -166.633   0.0253185   34       4276     
 7805.18 314     38233    -166.658   -166.633   0.0253168   34       4284     
 7805.96 314     38250    -166.658   -166.633   0.0253168   35       4284     
 7815.23 315     38351    -166.658   -166.633   0.0253149   36       4290     
 7815.92 315     38352    -166.658   -166.633   0.0253149   37       4290     
 7816.87 315     38400    -166.658   -166.633   0.0253149   37       4290     
 7827.43 316     38471    -166.658   -166.633   0.0253108   33       4297     
 7828.42 316     38500    -166.658   -166.633   0.0253108   34       4297     
 7835.08 317     38593    -166.658   -166.633   0.0252344   30       4301     
 7835.82 317     38600    -166.658   -166.633   0.0252344   31       4301     
 7842.94 317     38650    -166.658   -166.633   0.0252344   34       4306     
 7846.91 318     38713    -166.658   -166.633   0.0252223   39       4308     
 7847.8  318     38750    -166.658   -166.633   0.0252223   44       4308     
 7854.19 319     38833    -166.658   -166.633   0.0252209   34       4312     
 7854.97 319     38850    -166.658   -166.633   0.0252209   36       4312     
 7862.72 320     38953    -166.658   -166.633   0.0252148   37       4317     
 7863.4  320     38954    -166.658   -166.633   0.0252148   37       4317     
 7914.7  320     39000    -166.658   -166.633   0.0252148   39       4355     
 7932.75 321     39073    -166.658   -166.633   0.0252111   40       4367     
 7941.1  321     39100    -166.658   -166.633   0.0252111   42       4373     
 7979.64 322     39191    -166.658   -166.633   0.0252106   44       4400     
 7982.93 322     39200    -166.658   -166.633   0.0252106   45       4402     
 8005.54 322     39250    -166.658   -166.633   0.0252106   46       4419     
 8006.96 323     39311    -166.658   -166.633   0.0252075   38       4419     
 8015.17 323     39350    -166.658   -166.633   0.0252075   41       4425     
 8041.39 324     39431    -166.658   -166.633   0.0252019   32       4443     
 8048.89 324     39450    -166.658   -166.633   0.0252019   33       4448     
 8068.94 325     39551    -166.658   -166.633   0.0251985   34       4461     
 8069.65 325     39552    -166.658   -166.633   0.0251985   34       4461     
 8089.06 325     39600    -166.658   -166.633   0.0251985   38       4475     
 8102.32 326     39671    -166.658   -166.633   0.0251832   48       4483     
 8103.34 326     39700    -166.658   -166.633   0.0251832   53       4483     
 8120.47 327     39791    -166.658   -166.633   0.0251813   57       4494     
 8121.3  327     39800    -166.658   -166.633   0.0251813   59       4494     
 8137.69 327     39850    -166.658   -166.633   0.0251813   62       4505     
 8139.17 328     39911    -166.658   -166.633   0.0251692   41       4505     
 8140.14 328     39950    -166.658   -166.633   0.0251692   42       4505     
 8156.08 329     40029    -166.658   -166.633   0.0251525   31       4515     
 8156.9  329     40050    -166.658   -166.633   0.0251525   33       4515     
 8168.06 330     40149    -166.658   -166.633   0.0251429   34       4522     
 8168.79 330     40150    -166.658   -166.633   0.0251429   34       4522     
 8171.1  330     40200    -166.658   -166.633   0.0251429   37       4523     
 8182.19 331     40267    -166.658   -166.633   0.0251373   31       4530     
 8183.23 331     40300    -166.658   -166.633   0.0251373   33       4530     
 8195.41 332     40387    -166.658   -166.633   0.025128    29       4538     
 8196.34 332     40400    -166.658   -166.633   0.025128    30       4538     
 8210.54 333     40505    -166.658   -166.633   0.0251048   29       4547     
 8211.26 333     40506    -166.658   -166.633   0.0251048   30       4547     
 8212.24 333     40550    -166.658   -166.633   0.0251048   32       4547     
 8218.97 334     40623    -166.658   -166.633   0.0250966   31       4551     
 8219.89 334     40650    -166.658   -166.633   0.0250966   32       4551     
 8231.53 335     40743    -166.658   -166.633   0.0250863   34       4558     
 8232.31 335     40750    -166.658   -166.633   0.0250863   35       4558     
 8240.13 335     40800    -166.658   -166.633   0.0250863   34       4563     
 8242.92 336     40861    -166.658   -166.633   0.0250798   29       4564     
 8243.9  336     40900    -166.658   -166.633   0.0250798   30       4564     
 8253.7  337     40981    -166.658   -166.633   0.0250741   27       4570     
 8254.53 337     41000    -166.658   -166.633   0.0250741   29       4570     
 8262.8  338     41099    -166.658   -166.633   0.0250704   31       4575     
 8263.6  338     41100    -166.658   -166.633   0.0250704   32       4575     
 8264.61 338     41150    -166.658   -166.633   0.0250704   33       4575     
 8275.48 339     41219    -166.658   -166.633   0.0250668   31       4582     
 8276.38 339     41250    -166.658   -166.633   0.0250668   33       4582     
 8286.22 340     41339    -166.658   -166.633   0.0250653   38       4588     
 8287.09 340     41350    -166.658   -166.633   0.0250653   40       4588     
 8298.2  341     41457    -166.658   -166.633   0.0250439   34       4595     
 8298.99 341     41458    -166.658   -166.633   0.0250439   35       4595     
 8299.96 341     41500    -166.658   -166.633   0.0250439   37       4595     
 8311.38 342     41575    -166.658   -166.633   0.0250367   29       4602     
 8312.25 342     41600    -166.658   -166.633   0.0250367   30       4602     
 8322.27 343     41693    -166.658   -166.633   0.0250293   29       4608     
 8323.03 343     41700    -166.658   -166.633   0.0250293   31       4608     
 8329.52 343     41750    -166.658   -166.633   0.0250293   32       4612     
 8333.84 344     41813    -166.658   -166.633   0.0250039   28       4614     
 8334.78 344     41850    -166.658   -166.633   0.0250039   29       4614     
 8343.1  345     41931    -166.658   -166.633   0.0250002   29       4619     
 8343.91 345     41950    -166.658   -166.633   0.0250002   30       4619     
 8352.03 346     42049    -166.658   -166.633   0.0249978   34       4624     
 8352.74 346     42050    -166.658   -166.633   0.0249978   35       4624     
 8353.75 346     42100    -166.658   -166.633   0.0249978   36       4624     
 8365.77 347     42169    -166.658   -166.633   0.0249937   32       4632     
 8366.74 347     42200    -166.658   -166.633   0.0249937   33       4632     
 8374.89 348     42287    -166.658   -166.633   0.0249923   36       4637     
 8375.69 348     42300    -166.658   -166.633   0.0249923   38       4637     
 8384.35 349     42407    -166.658   -166.633   0.0249897   35       4642     
 8385.13 349     42408    -166.658   -166.633   0.0249897   35       4642     
 8386.16 349     42450    -166.658   -166.633   0.0249897   36       4642     
 8394.33 350     42525    -166.658   -166.633   0.0249841   36       4647     
 8395.36 350     42550    -166.658   -166.633   0.0249841   35       4647     
 8406.28 351     42643    -166.658   -166.633   0.0249639   31       4654     
 8407.15 351     42650    -166.658   -166.633   0.0249639   32       4654     
 8412.46 351     42700    -166.658   -166.633   0.0249639   31       4657     
 8415.34 352     42761    -166.658   -166.633   0.0249586   28       4658     
 8434.52 352     42800    -166.658   -166.633   0.0249586   30       4671     
 8445.73 353     42877    -166.658   -166.633   0.0249556   33       4678     
 8446.92 353     42900    -166.658   -166.633   0.0249556   36       4678     
 8456.77 354     42993    -166.658   -166.633   0.0249517   38       4684     
 8457.57 354     43000    -166.658   -166.633   0.0249517   39       4684     
 8465.51 354     43050    -166.658   -166.633   0.0249517   38       4689     
 8469.61 355     43113    -166.658   -166.633   0.0249475   34       4691     
 8470.55 355     43150    -166.658   -166.633   0.0249475   35       4691     
 8478.65 356     43229    -166.658   -166.633   0.0249453   37       4696     
 8479.52 356     43250    -166.658   -166.633   0.0249453   39       4696     
 8488.02 357     43347    -166.658   -166.633   0.0249434   42       4701     
 8488.8  357     43350    -166.658   -166.633   0.0249434   43       4701     
 8538.96 357     43400    -166.658   -166.633   0.0249434   35       4736     
 8547.93 358     43465    -166.658   -166.633   0.0249323   35       4741     
 8549.26 358     43500    -166.658   -166.633   0.0249323   39       4741     
 8561.76 359     43581    -166.657   -166.633   0.0248118   40       4749     
 8562.73 359     43600    -166.657   -166.633   0.0248118   42       4749     
 8574.13 360     43699    -166.657   -166.633   0.0248065   40       4756     
 8574.91 360     43700    -166.657   -166.633   0.0248065   40       4756     
 8578.47 360     43750    -166.657   -166.633   0.0248065   41       4758     
 8589.82 361     43817    -166.657   -166.633   0.0248055   43       4765     
 8590.79 361     43850    -166.657   -166.633   0.0248055   44       4765     
 8604.6  362     43937    -166.657   -166.633   0.0247915   33       4774     
 8605.51 362     43950    -166.657   -166.633   0.0247915   36       4774     
 8616.92 363     44055    -166.657   -166.633   0.0247853   35       4781     
 8617.73 363     44056    -166.657   -166.633   0.0247853   36       4781     
 8618.74 363     44100    -166.657   -166.633   0.0247853   37       4781     
 8627.05 364     44173    -166.657   -166.633   0.0247818   36       4786     
 8627.98 364     44200    -166.657   -166.633   0.0247818   36       4786     
 8637.42 365     44289    -166.657   -166.633   0.0247799   36       4792     
 8638.26 365     44300    -166.657   -166.633   0.0247799   36       4792     
 8648.5  366     44409    -166.657   -166.633   0.024778    38       4798     
 8649.28 366     44410    -166.657   -166.633   0.024778    38       4798     
 8650.3  366     44450    -166.657   -166.633   0.024778    38       4798     
 8660.31 367     44529    -166.657   -166.633   0.0247764   44       4804     
 8661.23 367     44550    -166.657   -166.633   0.0247764   46       4804     
 8671.03 368     44647    -166.657   -166.633   0.0247751   42       4810     
 8671.83 368     44650    -166.657   -166.633   0.0247751   41       4810     
 8672.93 368     44700    -166.657   -166.633   0.0247751   42       4810     
 8680.18 369     44765    -166.657   -166.633   0.0247738   42       4814     
 8681.28 369     44800    -166.657   -166.633   0.0247738   43       4814     
 8688.51 370     44883    -166.657   -166.633   0.0247705   35       4818     
 8691.96 370     44900    -166.657   -166.633   0.0247705   33       4820     
 8717.08 371     44999    -166.657   -166.633   0.0247686   38       4836     
 8717.85 371     45000    -166.657   -166.633   0.0247686   39       4836     
 8718.95 371     45050    -166.657   -166.633   0.0247686   42       4836     
 8726.96 372     45119    -166.657   -166.633   0.0247162   37       4841     
 8728.12 372     45150    -166.657   -166.633   0.0247162   39       4841     
 8748.05 373     45239    -166.657   -166.633   0.0246847   36       4854     
 8748.95 373     45250    -166.657   -166.633   0.0246847   37       4854     
 8754.5  374     45355    -166.657   -166.633   0.0246664   36       4857     
 8755.27 374     45356    -166.657   -166.633   0.0246664   36       4857     
 8756.29 374     45400    -166.657   -166.633   0.0246664   38       4857     
 8764.45 375     45473    -166.657   -166.633   0.0246545   36       4862     
 8765.37 375     45500    -166.657   -166.633   0.0246545   38       4862     
 8775.56 376     45591    -166.657   -166.633   0.0246336   30       4868     
 8776.45 376     45600    -166.657   -166.633   0.0246336   30       4868     
 8808.76 377     45650    -166.657   -166.633   0.0246336   30       4891     
 8810.16 377     45709    -166.657   -166.633   0.0246224   29       4891     
 8811.21 377     45750    -166.657   -166.633   0.0246224   30       4891     
 8821.04 378     45825    -166.657   -166.633   0.0246147   33       4897     
 8821.97 378     45850    -166.657   -166.633   0.0246147   35       4897     
 8830.71 379     45943    -166.657   -166.633   0.0246079   34       4902     
 8831.53 379     45950    -166.657   -166.633   0.0246079   35       4902     
 8838.37 379     46000    -166.657   -166.633   0.0246079   37       4906     
 8839.77 380     46059    -166.657   -166.633   0.024603    35       4906     
 8841.4  380     46100    -166.657   -166.633   0.024603    37       4906     
 8859.02 381     46175    -166.657   -166.633   0.0245909   32       4917     
 8859.99 381     46200    -166.657   -166.633   0.0245909   33       4917     
 8871.71 382     46295    -166.657   -166.633   0.0245592   29       4924     
 8872.52 382     46300    -166.657   -166.633   0.0245592   30       4924     
 8873.67 382     46350    -166.657   -166.633   0.0245592   28       4924     
 8881.3  383     46415    -166.657   -166.633   0.0245505   35       4928     
 8882.41 383     46450    -166.657   -166.633   0.0245505   33       4928     
 8897.37 384     46531    -166.657   -166.633   0.0245391   31       4937     
 8898.38 384     46550    -166.657   -166.633   0.0245391   33       4937     
 8906.52 385     46647    -166.657   -166.633   0.0245377   33       4942     
 8907.31 385     46650    -166.657   -166.633   0.0245377   34       4942     
 8910.85 385     46700    -166.657   -166.633   0.0245377   34       4944     
 8920.6  386     46767    -166.657   -166.633   0.0245333   36       4950     
 8921.58 386     46800    -166.657   -166.633   0.0245333   40       4950     
 8930.26 387     46883    -166.657   -166.633   0.0245329   34       4955     
 8931.14 387     46900    -166.657   -166.633   0.0245329   37       4955     
 8939.77 388     46999    -166.657   -166.633   0.0245303   37       4960     
 8940.57 388     47000    -166.657   -166.633   0.0245303   37       4960     
 8980.62 388     47050    -166.657   -166.633   0.0245303   34       4989     
 8992.67 389     47115    -166.657   -166.633   0.0245284   34       4996     
 9009.02 389     47150    -166.657   -166.633   0.0245284   38       5007     
 9025.9  390     47231    -166.656   -166.633   0.0235296   48       5017     
 9026.86 390     47250    -166.656   -166.633   0.0235296   47       5017     
 9040.39 391     47355    -166.656   -166.633   0.0235187   38       5025     
 9041.16 391     47356    -166.656   -166.633   0.0235187   39       5025     
 9042.2  391     47400    -166.656   -166.633   0.0235187   41       5025     
 9053.99 392     47481    -166.656   -166.633   0.0235078   42       5032     
 9055    392     47500    -166.656   -166.633   0.0235078   44       5032     
 9068.34 393     47607    -166.656   -166.633   0.0234919   42       5040     
 9069.1  393     47608    -166.656   -166.633   0.0234919   42       5040     
 9070.12 393     47650    -166.656   -166.633   0.0234919   41       5040     
 9081.78 394     47733    -166.656   -166.633   0.0234854   42       5047     
 9082.66 394     47750    -166.656   -166.633   0.0234854   42       5047     
 9093.1  395     47859    -166.656   -166.633   0.0234799   41       5053     
 9093.88 395     47860    -166.656   -166.633   0.0234799   41       5053     
 9130.36 395     47900    -166.656   -166.633   0.0234799   38       5076     
 9154.89 396     47985    -166.656   -166.633   0.023477    43       5091     
 9155.83 396     48000    -166.656   -166.633   0.023477    44       5091     
 9163.63 397     48111    -166.656   -166.633   0.0234727   39       5095     
 9164.43 397     48112    -166.656   -166.633   0.0234727   38       5095     
 9165.44 397     48150    -166.656   -166.633   0.0234727   39       5095     
 9172.96 398     48235    -166.656   -166.633   0.023469    35       5099     
 9173.85 398     48250    -166.656   -166.633   0.023469    36       5099     
 9184.71 399     48361    -166.656   -166.633   0.0234676   42       5105     
 9185.49 399     48362    -166.656   -166.633   0.0234676   43       5105     
 9186.51 399     48400    -166.656   -166.633   0.0234676   44       5105     
 9198.27 400     48487    -166.656   -166.633   0.0234575   36       5112     
 9199.14 400     48500    -166.656   -166.633   0.0234575   36       5112     
 9205.13 401     48611    -166.656   -166.633   0.0234562   39       5115     
 9205.93 401     48612    -166.656   -166.633   0.0234562   40       5115     
 9206.96 401     48650    -166.656   -166.633   0.0234562   40       5115     
 9213.14 402     48737    -166.656   -166.633   0.0234527   38       5118     
 9214.03 402     48750    -166.656   -166.633   0.0234527   39       5118     
 9220.21 403     48861    -166.656   -166.633   0.0234513   43       5121     
 9221.01 403     48862    -166.656   -166.633   0.0234513   43       5121     
 9222.04 403     48900    -166.656   -166.633   0.0234513   43       5121     
 9226.56 404     48985    -166.656   -166.633   0.0234507   43       5123     
 9227.46 404     49000    -166.656   -166.633   0.0234507   44       5123     
 9236.66 405     49109    -166.656   -166.633   0.0234501   42       5128     
 9237.47 405     49110    -166.656   -166.633   0.0234501   41       5128     
 9238.51 405     49150    -166.656   -166.633   0.0234501   41       5128     
 9247.39 406     49237    -166.656   -166.633   0.0234389   37       5133     
 9248.24 406     49250    -166.656   -166.633   0.0234389   37       5133     
 9255.13 407     49300    -166.656   -166.633   0.0234389   36       5137     
 9256.47 407     49363    -166.656   -166.633   0.0234375   40       5137     
 9257.48 407     49400    -166.656   -166.633   0.0234375   39       5137     
 9262.97 408     49487    -166.656   -166.633   0.0234335   39       5140     
 9263.96 408     49500    -166.656   -166.633   0.0234335   40       5140     
 9272.35 409     49550    -166.656   -166.633   0.0234335   33       5145     
 9273.71 409     49613    -166.656   -166.633   0.0234196   33       5145     
 9274.72 409     49650    -166.656   -166.633   0.0234196   34       5145     
 9281.95 410     49737    -166.656   -166.633   0.0234095   31       5149     
 9283.97 410     49750    -166.656   -166.633   0.0234095   32       5150     
 9292.9  411     49861    -166.656   -166.633   0.023408    34       5155     
 9293.73 411     49862    -166.656   -166.633   0.023408    35       5155     
 9294.71 411     49900    -166.656   -166.633   0.023408    35       5155     
 9302.24 412     49987    -166.656   -166.633   0.0234058   37       5159     
 9303.2  412     50000    -166.656   -166.633   0.0234058   39       5159     
 9310.57 413     50111    -166.656   -166.633   0.0234048   41       5163     
 9311.35 413     50112    -166.656   -166.633   0.0234048   41       5163     
 9312.36 413     50150    -166.656   -166.633   0.0234048   42       5163     
 9321.06 414     50239    -166.656   -166.633   0.0233485   38       5168     
 9321.92 414     50250    -166.656   -166.633   0.0233485   40       5168     
 9327.48 414     50300    -166.656   -166.633   0.0233485   42       5171     
 9330.37 415     50365    -166.656   -166.633   0.0233447   39       5172     
 9331.73 415     50400    -166.656   -166.633   0.0233447   37       5172     
 9358.47 416     50491    -166.656   -166.633   0.023336    34       5189     
 9359.33 416     50500    -166.656   -166.633   0.023336    36       5189     
 9363.2  416     50550    -166.656   -166.633   0.023336    39       5191     
 9369.37 417     50617    -166.656   -166.633   0.0233317   38       5194     
 9370.36 417     50650    -166.656   -166.633   0.0233317   42       5194     
 9377.96 418     50743    -166.656   -166.633   0.0233287   38       5198     
 9378.82 418     50750    -166.656   -166.633   0.0233287   42       5198     
 9379.95 418     50800    -166.656   -166.633   0.0233287   45       5198     
 9385.93 419     50869    -166.656   -166.633   0.0233253   38       5201     
 9386.94 419     50900    -166.656   -166.633   0.0233253   44       5201     
 9394.32 420     50995    -166.656   -166.633   0.0233217   38       5205     
 9395.16 420     51000    -166.656   -166.633   0.0233217   41       5205     
 9396.28 420     51050    -166.656   -166.633   0.0233217   45       5205     
 9399.17 421     51119    -166.656   -166.633   0.0233202   42       5206     
 9400.33 421     51150    -166.656   -166.633   0.0233202   45       5206     
 9407.91 422     51245    -166.656   -166.633   0.0233088   45       5210     
 9408.73 422     51250    -166.656   -166.633   0.0233088   46       5210     
 9409.87 422     51300    -166.656   -166.633   0.0233088   47       5210     
 9417.67 423     51371    -166.656   -166.633   0.0233039   39       5214     
 9418.7  423     51400    -166.656   -166.633   0.0233039   45       5214     
 9424.73 424     51495    -166.656   -166.633   0.023302    43       5217     
 9425.57 424     51500    -166.656   -166.633   0.023302    45       5217     
 9426.7  424     51550    -166.656   -166.633   0.023302    48       5217     
 9432.64 425     51619    -166.656   -166.633   0.0233006   37       5220     
 9433.65 425     51650    -166.656   -166.633   0.0233006   41       5220     
 9438.2  426     51743    -166.656   -166.633   0.0232985   39       5222     
 9439.05 426     51750    -166.656   -166.633   0.0232985   42       5222     
 9440.19 426     51800    -166.656   -166.633   0.0232985   44       5222     
 9444.57 427     51867    -166.656   -166.633   0.023296    39       5224     
 9445.59 427     51900    -166.656   -166.633   0.023296    43       5224     
 9451.64 428     51991    -166.656   -166.633   0.0232948   41       5227     
 9452.51 428     52000    -166.656   -166.633   0.0232948   42       5227     
 9453.65 428     52050    -166.656   -166.633   0.0232948   43       5227     
 9459.36 429     52117    -166.656   -166.633   0.0232861   38       5230     
 9460.39 429     52150    -166.656   -166.633   0.0232861   40       5230     
 9469.38 430     52243    -166.656   -166.633   0.0232837   40       5235     
 9470.23 430     52250    -166.656   -166.633   0.0232837   41       5235     
 9471.36 430     52300    -166.656   -166.633   0.0232837   41       5235     
 9477.37 431     52367    -166.656   -166.633   0.0232825   41       5238     
 9478.4  431     52400    -166.656   -166.633   0.0232825   41       5238     
 9484.39 432     52491    -166.656   -166.633   0.0232813   45       5241     
 9485.28 432     52500    -166.656   -166.633   0.0232813   45       5241     
 9486.41 432     52550    -166.656   -166.633   0.0232813   45       5241     
 9490.76 433     52615    -166.656   -166.633   0.0232806   48       5243     
 9491.8  433     52650    -166.656   -166.633   0.0232806   49       5243     
 9499.39 434     52741    -166.656   -166.633   0.0232777   50       5247     
 9500.28 434     52750    -166.656   -166.633   0.0232777   51       5247     
 9502.83 434     52800    -166.656   -166.633   0.0232777   49       5248     
 9507.47 435     52865    -166.656   -166.633   0.023277    49       5250     
 9508.53 435     52900    -166.656   -166.633   0.023277    51       5250     
 9514.79 436     52991    -166.656   -166.633   0.0232753   52       5253     
 9515.69 436     53000    -166.656   -166.633   0.0232753   53       5253     
 9526.12 436     53050    -166.656   -166.633   0.0232753   56       5260     
 9532.21 437     53117    -166.656   -166.633   0.0232667   49       5263     
 9538.7  437     53150    -166.656   -166.633   0.0232667   49       5267     
 9548.62 438     53243    -166.656   -166.633   0.0232496   45       5273     
 9549.5  438     53250    -166.656   -166.633   0.0232496   45       5273     
 9566.81 438     53300    -166.656   -166.633   0.0232496   48       5284     
 9574.6  439     53367    -166.656   -166.633   0.023243    49       5288     
 9593.13 439     53400    -166.656   -166.633   0.023243    48       5300     
 9613.66 440     53493    -166.656   -166.633   0.0232404   48       5312     
 9614.52 440     53500    -166.656   -166.633   0.0232404   49       5312     
 9618.76 440     53550    -166.656   -166.633   0.0232404   49       5314     
 9628.22 441     53619    -166.656   -166.633   0.023239    47       5319     
 9629.27 441     53650    -166.656   -166.633   0.023239    50       5319     
 9635.63 442     53745    -166.656   -166.633   0.0232376   57       5322     
 9636.63 442     53750    -166.656   -166.633   0.0232376   58       5322     
 9638.9  442     53800    -166.656   -166.633   0.0232376   59       5323     
 9644.98 443     53869    -166.656   -166.633   0.0232352   48       5326     
 9646.12 443     53900    -166.656   -166.633   0.0232352   52       5326     
 9653.85 444     53993    -166.656   -166.633   0.0232267   46       5330     
 9654.73 444     54000    -166.656   -166.633   0.0232267   49       5330     
 9655.9  444     54050    -166.656   -166.633   0.0232267   50       5330     
 9662.03 445     54117    -166.656   -166.633   0.0232253   46       5333     
 9663.09 445     54150    -166.656   -166.633   0.0232253   50       5333     
 9672.4  446     54243    -166.656   -166.633   0.0232238   41       5338     
 9673.25 446     54250    -166.656   -166.633   0.0232238   42       5338     
 9674.4  446     54300    -166.656   -166.633   0.0232238   41       5338     
 9683.21 447     54369    -166.656   -166.633   0.0232213   36       5343     
 9684.23 447     54400    -166.656   -166.633   0.0232213   38       5343     
 9689.03 448     54493    -166.656   -166.633   0.0232197   37       5345     
 9689.9  448     54500    -166.656   -166.633   0.0232197   38       5345     
 9698.63 448     54550    -166.656   -166.633   0.0232197   38       5350     
 9707.83 449     54619    -166.656   -166.633   0.0232175   36       5355     
 9708.88 449     54650    -166.656   -166.633   0.0232175   38       5355     
 9716.36 450     54743    -166.656   -166.633   0.0232125   37       5359     
 9717.23 450     54750    -166.656   -166.633   0.0232125   40       5359     
 9721.14 450     54800    -166.656   -166.633   0.0232125   39       5361     
 9730.49 451     54869    -166.656   -166.633   0.0232042   38       5366     
 9731.52 451     54900    -166.656   -166.633   0.0232042   39       5366     
 9740.96 452     54997    -166.656   -166.633   0.0231957   40       5371     
 9741.83 452     55000    -166.656   -166.633   0.0231957   41       5371     
 9779.34 452     55050    -166.656   -166.633   0.0231957   37       5394     
 9794.06 453     55123    -166.656   -166.633   0.0231707   39       5402     
 9795.14 453     55150    -166.656   -166.633   0.0231707   39       5402     
 9806.32 454     55247    -166.656   -166.633   0.0231584   40       5408     
 9807.16 454     55250    -166.656   -166.633   0.0231584   41       5408     
 9809.87 454     55300    -166.656   -166.633   0.0231584   39       5409     
 9825.39 455     55373    -166.656   -166.633   0.0231469   35       5418     
 9826.44 455     55400    -166.656   -166.633   0.0231469   37       5418     
 9837.49 456     55497    -166.656   -166.633   0.0231412   38       5424     
 9838.36 456     55500    -166.656   -166.633   0.0231412   39       5424     
 9839.53 456     55550    -166.656   -166.633   0.0231412   39       5424     
 9850.46 457     55621    -166.656   -166.633   0.0231365   40       5430     
 9851.59 457     55650    -166.656   -166.633   0.0231365   41       5430     
 9857.89 458     55743    -166.656   -166.633   0.0231325   40       5433     
 9858.76 458     55750    -166.656   -166.633   0.0231325   40       5433     
 9862.86 458     55800    -166.656   -166.633   0.0231325   42       5435     
 9870.66 459     55867    -166.656   -166.633   0.0231285   44       5439     
 9871.83 459     55900    -166.656   -166.633   0.0231285   46       5439     
 9881.26 460     55991    -166.656   -166.633   0.0231273   46       5444     
 9882.17 460     56000    -166.656   -166.633   0.0231273   46       5444     
 9887.92 460     56050    -166.656   -166.633   0.0231273   48       5447     
 9892.75 461     56115    -166.656   -166.633   0.0231268   44       5449     
 9893.81 461     56150    -166.656   -166.633   0.0231268   46       5449     
 9903.2  462     56237    -166.656   -166.633   0.0231261   42       5454     
 9904.11 462     56250    -166.656   -166.633   0.0231261   43       5454     
 9912.28 463     56361    -166.656   -166.633   0.0231243   43       5458     
 9913.1  463     56362    -166.656   -166.633   0.0231243   43       5458     
 9914.17 463     56400    -166.656   -166.633   0.0231243   43       5458     
 9923.51 464     56485    -166.656   -166.633   0.0231235   40       5463     
 9924.43 464     56500    -166.656   -166.633   0.0231235   42       5463     
 9934.05 465     56609    -166.656   -166.633   0.0231231   43       5468     
 9934.89 465     56610    -166.656   -166.633   0.0231231   44       5468     
 9936.26 465     56650    -166.656   -166.633   0.0231231   46       5468     
 9949.02 466     56735    -166.656   -166.633   0.0231189   44       5475     
 9963.79 466     56750    -166.656   -166.633   0.0231189   46       5484     
 9991.53 467     56859    -166.656   -166.633   0.0231035   49       5500     
 9992.43 467     56860    -166.656   -166.633   0.0231035   49       5500     
 9993.63 467     56900    -166.656   -166.633   0.0231035   56       5500     
 10001.7 468     56981    -166.656   -166.633   0.023102    46       5504     
-------------------------------------------------------------------------------

SARSOP finishing ...
  Preset timeout reached
  Timeout     : 10000.000000s
  Actual Time : 10001.730000s

-------------------------------------------------------------------------------
 Time   |#Trial |#Backup |LBound    |UBound    |Precision  |#Alphas |#Beliefs  
-------------------------------------------------------------------------------
 10001.7 468     56981    -166.656   -166.633   0.023102    46       5504     
-------------------------------------------------------------------------------

Writing out policy ...
  output file : RAM4_small/3e43102cc1.policyx

