
Loading the model ...
  input file   : /home/rstudio/RAM4_small/3e4ea096db.pomdpx
  loading time : 4.51s 

SARSOP initializing ...
  initialization time : 4418.45s

-------------------------------------------------------------------------------
 Time   |#Trial |#Backup |LBound    |UBound    |Precision  |#Alphas |#Beliefs  
-------------------------------------------------------------------------------
 4418.45 0       0        -147.912   -130.097   17.8151     101      1        
 4419.93 1       50       -133.932   -130.524   3.4074      23       34       
 4421.25 2       125      -133.026   -130.524   2.50203     26       45       
 4421.29 2       150      -133.026   -130.524   2.50203     34       45       
 4421.71 3       221      -132.548   -130.524   2.02374     43       50       
 4421.76 3       250      -132.548   -130.524   2.02374     37       50       
 4422    4       319      -132.189   -130.524   1.66477     49       53       
 4422.05 4       350      -132.189   -130.524   1.66477     43       53       
 4422.2  5       417      -131.891   -130.524   1.36683     52       53       
 4422.25 5       450      -131.891   -130.524   1.36683     49       53       
 4422.76 6       515      -131.652   -130.524   1.12787     30       60       
 4422.81 6       550      -131.652   -130.524   1.12787     41       60       
 4423.03 7       617      -131.49    -130.524   0.965496    37       62       
 4423.08 7       650      -131.49    -130.524   0.965496    43       62       
 4423.25 8       723      -131.349   -130.524   0.825105    84       62       
 4423.31 8       750      -131.349   -130.524   0.825105    62       62       
 4423.65 9       829      -131.234   -130.524   0.709584    67       65       
 4423.69 9       850      -131.234   -130.524   0.709584    51       65       
 4423.98 10      937      -131.141   -130.524   0.61709     92       67       
 4424.02 10      950      -131.141   -130.524   0.61709     64       67       
 4424.34 11      1047     -131.073   -130.524   0.54898     102      69       
 4424.36 11      1050     -131.073   -130.524   0.54898     105      69       
 4424.48 11      1100     -131.073   -130.524   0.54898     60       70       
 4424.9  12      1163     -131.019   -130.524   0.494475    80       74       
 4424.97 12      1200     -131.019   -130.524   0.494475    29       74       
 4425.41 13      1285     -130.981   -130.524   0.456256    41       79       
 4425.74 13      1300     -130.981   -130.524   0.456256    32       84       
 4427.61 14      1407     -130.94    -130.524   0.415998    46       98       
 4427.63 14      1408     -130.94    -130.524   0.415998    41       98       
 4427.71 14      1450     -130.94    -130.524   0.415998    30       98       
 4428.29 15      1531     -130.917   -130.524   0.392815    33       103      
 4428.34 15      1550     -130.917   -130.524   0.392815    32       103      
 4428.7  16      1659     -130.897   -130.524   0.372589    25       106      
 4428.72 16      1660     -130.897   -130.524   0.372589    24       106      
 4428.79 16      1700     -130.897   -130.524   0.372589    28       106      
 4429.11 17      1789     -130.876   -130.524   0.35139     23       109      
 4429.82 17      1800     -130.876   -130.524   0.35139     20       118      
 4432.45 17      1850     -130.876   -130.524   0.35139     16       134      
 4432.91 18      1915     -130.852   -130.524   0.327226    12       135      
 4432.98 18      1950     -130.852   -130.524   0.327226    12       135      
 4433.41 19      2041     -130.837   -130.524   0.312774    9        139      
 4433.45 19      2050     -130.837   -130.524   0.312774    10       139      
 4433.52 19      2100     -130.837   -130.524   0.312774    9        139      
 4433.77 20      2169     -130.823   -130.524   0.298802    8        141      
 4435.17 20      2200     -130.823   -130.524   0.298802    10       155      
 4436.62 21      2295     -130.806   -130.524   0.281986    10       161      
 4436.65 21      2300     -130.806   -130.524   0.281986    11       161      
 4436.74 21      2350     -130.806   -130.524   0.281986    15       161      
 4437.16 22      2423     -130.793   -130.524   0.268683    6        164      
 4438.43 22      2450     -130.793   -130.524   0.268683    9        177      
 4439.49 23      2545     -130.771   -130.524   0.246403    9        182      
 4439.52 23      2550     -130.771   -130.524   0.246403    9        182      
 4439.62 23      2600     -130.771   -130.524   0.246403    8        182      
 4440.06 24      2669     -130.757   -130.524   0.232803    8        186      
 4440.89 24      2700     -130.757   -130.524   0.232803    7        195      
 4441.92 25      2795     -130.747   -130.524   0.222265    7        201      
 4441.96 25      2800     -130.747   -130.524   0.222265    7        201      
 4442.71 25      2850     -130.747   -130.524   0.222265    12       209      
 4443.32 26      2917     -130.73    -130.524   0.205649    11       213      
 4446.37 26      2950     -130.73    -130.524   0.205649    15       233      
 4448.34 27      3041     -130.716   -130.524   0.1917      7        239      
 4449.15 27      3050     -130.716   -130.524   0.1917      8        244      
 4450.76 27      3100     -130.716   -130.524   0.1917      11       251      
 4451.57 28      3165     -130.702   -130.524   0.177427    13       254      
 4453.62 28      3200     -130.702   -130.524   0.177427    11       266      
 4454.28 29      3293     -130.697   -130.524   0.172718    12       268      
 4454.33 29      3300     -130.697   -130.524   0.172718    12       268      
 4454.44 29      3350     -130.697   -130.524   0.172718    12       268      
 4455.22 30      3423     -130.693   -130.524   0.168475    10       273      
 4457.07 30      3450     -130.693   -130.524   0.168475    11       286      
 4457.87 31      3553     -130.687   -130.525   0.162314    9        289      
 4457.92 31      3554     -130.687   -130.525   0.162314    10       289      
 4458.64 31      3600     -130.687   -130.525   0.162314    12       295      
 4459.73 32      3683     -130.681   -130.525   0.156364    10       301      
 4460.99 32      3700     -130.681   -130.525   0.156364    13       311      
 4462.23 33      3811     -130.674   -130.525   0.149613    13       317      
 4462.4  33      3812     -130.674   -130.525   0.149613    12       318      
 4464.39 33      3850     -130.674   -130.525   0.149613    14       330      
 4465.29 34      3939     -130.666   -130.525   0.141813    14       334      
 4466.55 34      3950     -130.666   -130.525   0.141813    10       341      
 4467.51 34      4000     -130.666   -130.525   0.141813    14       346      
 4468.12 35      4067     -130.66    -130.525   0.135208    14       348      
 4468.23 35      4100     -130.66    -130.525   0.135208    14       348      
 4470.71 36      4197     -130.655   -130.525   0.130348    11       363      
 4470.77 36      4200     -130.655   -130.525   0.130348    13       363      
 4470.89 36      4250     -130.655   -130.525   0.130348    13       363      
 4471.53 37      4329     -130.651   -130.525   0.126738    11       367      
 4471.61 37      4350     -130.651   -130.525   0.126738    12       367      
 4474.55 38      4461     -130.648   -130.525   0.12349     14       383      
 4474.61 38      4462     -130.648   -130.525   0.12349     14       383      
 4474.72 38      4500     -130.648   -130.525   0.12349     14       383      
 4475.22 39      4593     -130.646   -130.525   0.121048    11       385      
 4475.29 39      4600     -130.646   -130.525   0.121048    12       385      
 4475.43 39      4650     -130.646   -130.525   0.121048    13       385      
 4476.1  40      4721     -130.643   -130.525   0.118149    16       389      
 4476.21 40      4750     -130.643   -130.525   0.118149    15       389      
 4479.25 41      4849     -130.64    -130.525   0.115716    15       406      
 4479.46 41      4850     -130.64    -130.525   0.115716    12       407      
 4481.35 41      4900     -130.64    -130.525   0.115716    13       417      
 4483.26 42      4977     -130.638   -130.525   0.11343     13       424      
 4486.16 42      5000     -130.638   -130.525   0.11343     12       438      
 4487.86 43      5109     -130.633   -130.525   0.108303    13       443      
 4487.94 43      5110     -130.633   -130.525   0.108303    12       443      
 4489.66 43      5150     -130.633   -130.525   0.108303    11       451      
 4491.73 44      5243     -130.63    -130.525   0.105541    13       458      
 4491.81 44      5250     -130.63    -130.525   0.105541    15       458      
 4493.38 44      5300     -130.63    -130.525   0.105541    15       465      
 4495.39 45      5377     -130.628   -130.525   0.103489    13       472      
 4495.51 45      5400     -130.628   -130.525   0.103489    13       472      
 4499.11 46      5509     -130.626   -130.525   0.101729    15       487      
 4499.19 46      5510     -130.626   -130.525   0.101729    15       487      
 4503.41 46      5550     -130.626   -130.525   0.101729    14       505      
 4505.22 47      5639     -130.624   -130.525   0.0990199   13       510      
 4505.33 47      5650     -130.624   -130.525   0.0990199   13       510      
 4506.25 47      5700     -130.624   -130.525   0.0990199   14       514      
 4507.19 48      5769     -130.623   -130.525   0.09786     14       517      
 4507.32 48      5800     -130.623   -130.525   0.09786     16       517      
 4509.14 49      5899     -130.622   -130.525   0.0968497   15       525      
 4509.23 49      5900     -130.622   -130.525   0.0968497   16       525      
 4516.32 49      5950     -130.622   -130.525   0.0968497   15       552      
 4521.71 50      6029     -130.619   -130.525   0.0946024   15       565      
 4521.85 50      6050     -130.619   -130.525   0.0946024   17       565      
 4523.86 51      6159     -130.617   -130.525   0.0923711   13       572      
 4523.95 51      6160     -130.617   -130.525   0.0923711   14       572      
 4524.11 51      6200     -130.617   -130.525   0.0923711   16       572      
 4525.27 52      6289     -130.616   -130.525   0.0912851   16       576      
 4527.62 52      6300     -130.616   -130.525   0.0912851   16       586      
 4532.24 52      6350     -130.616   -130.525   0.0912851   16       602      
 4533.62 53      6419     -130.613   -130.525   0.0882694   16       605      
 4533.78 53      6450     -130.613   -130.525   0.0882694   14       605      
 4537.92 54      6551     -130.611   -130.525   0.0866122   12       617      
 4538.02 54      6552     -130.611   -130.525   0.0866122   13       617      
 4538.22 54      6600     -130.611   -130.525   0.0866122   13       617      
 4542.75 55      6683     -130.61    -130.525   0.085261    13       632      
 4548.57 55      6700     -130.61    -130.525   0.085261    13       649      
 4557.76 56      6815     -130.609   -130.525   0.0838936   14       669      
 4557.88 56      6816     -130.609   -130.525   0.0838936   14       669      
 4558.07 56      6850     -130.609   -130.525   0.0838936   14       669      
 4560.77 57      6947     -130.607   -130.525   0.0821985   13       676      
 4561.14 57      6950     -130.607   -130.525   0.0821985   13       677      
 4569.23 57      7000     -130.607   -130.525   0.0821985   12       702      
 4574    58      7077     -130.605   -130.525   0.0805705   12       713      
 4574.19 58      7100     -130.605   -130.525   0.0805705   13       713      
 4575.49 59      7207     -130.604   -130.525   0.079478    13       717      
 4575.61 59      7208     -130.604   -130.525   0.079478    14       717      
 4575.83 59      7250     -130.604   -130.525   0.079478    16       717      
 4577.11 60      7339     -130.603   -130.525   0.0783737   17       721      
 4578.91 60      7350     -130.603   -130.525   0.0783737   17       727      
 4586.79 60      7400     -130.603   -130.525   0.0783737   16       750      
 4588.47 61      7469     -130.602   -130.525   0.0772886   23       753      
 4591.24 61      7500     -130.602   -130.525   0.0772886   25       761      
 4592.76 62      7599     -130.602   -130.525   0.0766705   19       764      
 4592.89 62      7600     -130.602   -130.525   0.0766705   19       764      
 4593.14 62      7650     -130.602   -130.525   0.0766705   18       764      
 4596.38 63      7729     -130.601   -130.525   0.0759534   22       775      
 4599.51 63      7750     -130.601   -130.525   0.0759534   17       785      
 4601.36 64      7857     -130.599   -130.525   0.0736959   16       790      
 4601.49 64      7858     -130.599   -130.525   0.0736959   13       790      
 4601.7  64      7900     -130.599   -130.525   0.0736959   13       790      
 4608.22 65      7991     -130.597   -130.525   0.0724103   16       807      
 4608.4  65      8000     -130.597   -130.525   0.0724103   18       807      
 4608.65 65      8050     -130.597   -130.525   0.0724103   18       807      
 4610.51 66      8125     -130.597   -130.525   0.0718683   20       812      
 4610.72 66      8150     -130.597   -130.525   0.0718683   19       812      
 4613.67 67      8257     -130.596   -130.525   0.0712551   16       821      
 4613.81 67      8258     -130.596   -130.525   0.0712551   17       821      
 4616.94 67      8300     -130.596   -130.525   0.0712551   17       830      
 4619.85 68      8391     -130.595   -130.525   0.0705421   17       837      
 4622.26 68      8400     -130.595   -130.525   0.0705421   16       844      
 4629.42 68      8450     -130.595   -130.525   0.0705421   15       862      
 4632.06 69      8521     -130.594   -130.525   0.0694387   16       867      
 4635.27 69      8550     -130.594   -130.525   0.0694387   16       876      
 4639.77 70      8651     -130.593   -130.525   0.0683932   13       886      
 4640.23 70      8652     -130.593   -130.525   0.0683932   12       887      
 4643.9  70      8700     -130.593   -130.525   0.0683932   12       896      
 4646.83 71      8781     -130.592   -130.525   0.0671821   18       902      
 4651.09 71      8800     -130.592   -130.525   0.0671821   17       913      
 4656.22 72      8913     -130.592   -130.525   0.0664854   16       924      
 4656.38 72      8914     -130.592   -130.525   0.0664854   16       924      
 4658.48 72      8950     -130.592   -130.525   0.0664854   17       930      
 4661.7  73      9045     -130.591   -130.525   0.0657694   19       937      
 4661.87 73      9050     -130.591   -130.525   0.0657694   19       937      
 4664.49 73      9100     -130.591   -130.525   0.0657694   19       943      
 4668.62 74      9175     -130.59    -130.525   0.0651317   19       952      
 4677.95 74      9200     -130.59    -130.525   0.0651317   21       974      
 4684.79 75      9305     -130.59    -130.525   0.0645602   18       987      
 4684.96 75      9306     -130.59    -130.525   0.0645602   18       987      
 4685.24 75      9350     -130.59    -130.525   0.0645602   19       987      
 4686.9  76      9435     -130.589   -130.525   0.0642763   18       990      
 4687.14 76      9450     -130.589   -130.525   0.0642763   19       990      
 4693.81 77      9500     -130.589   -130.525   0.0642763   19       1005     
 4694.24 77      9565     -130.589   -130.525   0.0639018   18       1005     
 4697.06 77      9600     -130.589   -130.525   0.0639018   18       1012     
 4701.16 78      9695     -130.589   -130.525   0.0636529   20       1021     
 4701.35 78      9700     -130.589   -130.525   0.0636529   21       1021     
 4706.26 78      9750     -130.589   -130.525   0.0636529   23       1033     
 4710.84 79      9825     -130.588   -130.525   0.0628376   17       1042     
 4714.99 79      9850     -130.588   -130.525   0.0628376   17       1051     
 4718.55 80      9955     -130.587   -130.525   0.0622713   20       1057     
 4718.75 80      9956     -130.587   -130.525   0.0622713   21       1057     
 4732.32 80      10000    -130.587   -130.525   0.0622713   18       1084     
 4737.41 81      10085    -130.586   -130.525   0.0609728   19       1092     
 4743.44 81      10100    -130.586   -130.525   0.0609728   21       1104     
 4746.12 81      10150    -130.586   -130.525   0.0609728   22       1109     
 4746.62 82      10217    -130.586   -130.525   0.0605946   21       1109     
 4758.96 82      10250    -130.586   -130.525   0.0605946   20       1134     
 4765.47 83      10347    -130.585   -130.525   0.0599361   18       1144     
 4765.68 83      10350    -130.585   -130.525   0.0599361   19       1144     
 4772.61 83      10400    -130.585   -130.525   0.0599361   17       1157     
 4779.27 84      10475    -130.585   -130.525   0.0596284   21       1167     
 4779.57 84      10500    -130.585   -130.525   0.0596284   21       1167     
 4783.06 85      10605    -130.584   -130.525   0.0593864   23       1173     
 4783.28 85      10606    -130.584   -130.525   0.0593864   23       1173     
 4786.61 85      10650    -130.584   -130.525   0.0593864   22       1180     
 4789.61 86      10733    -130.584   -130.525   0.0592182   25       1185     
 4792.19 86      10750    -130.584   -130.525   0.0592182   24       1190     
 4796.25 87      10863    -130.584   -130.525   0.0587934   25       1197     
 4796.46 87      10864    -130.584   -130.525   0.0587934   26       1197     
 4796.79 87      10900    -130.584   -130.525   0.0587934   26       1197     
 4801.16 88      10993    -130.584   -130.525   0.0584926   18       1205     
 4801.4  88      11000    -130.584   -130.525   0.0584926   17       1205     
 4811.77 88      11050    -130.584   -130.525   0.0584926   17       1225     
 4814.57 89      11123    -130.583   -130.525   0.0578852   19       1229     
 4814.88 89      11150    -130.583   -130.525   0.0578852   18       1229     
 4818.27 90      11251    -130.581   -130.525   0.0562794   20       1235     
 4818.48 90      11252    -130.581   -130.525   0.0562794   16       1235     
 4818.83 90      11300    -130.581   -130.525   0.0562794   17       1235     
 4821.57 91      11383    -130.581   -130.525   0.0558944   19       1240     
 4821.82 91      11400    -130.581   -130.525   0.0558944   21       1240     
 4823.82 92      11450    -130.581   -130.525   0.0558944   17       1244     
 4824.26 92      11517    -130.581   -130.525   0.0556574   15       1244     
 4824.54 92      11550    -130.581   -130.525   0.0556574   16       1244     
 4828.66 93      11649    -130.58    -130.525   0.0553021   16       1252     
 4828.87 93      11650    -130.58    -130.525   0.0553021   16       1252     
 4829.18 93      11700    -130.58    -130.525   0.0553021   15       1252     
 4831.85 94      11783    -130.58    -130.525   0.0548794   19       1257     
 4836    94      11800    -130.58    -130.525   0.0548794   17       1265     
 4848.38 95      11915    -130.58    -130.525   0.0544716   14       1286     
 4848.6  95      11916    -130.58    -130.525   0.0544716   15       1286     
 4848.91 95      11950    -130.58    -130.525   0.0544716   16       1286     
 4851.37 96      12047    -130.579   -130.525   0.0542513   17       1290     
 4851.59 96      12050    -130.579   -130.525   0.0542513   18       1290     
 4851.95 96      12100    -130.579   -130.525   0.0542513   18       1290     
 4855.1  97      12179    -130.579   -130.525   0.0540474   19       1296     
 4859.43 97      12200    -130.579   -130.525   0.0540474   21       1304     
 4862.71 98      12311    -130.579   -130.525   0.0537478   15       1309     
 4862.94 98      12312    -130.579   -130.525   0.0537478   16       1309     
 4863.27 98      12350    -130.579   -130.525   0.0537478   17       1309     
 4875.5  99      12441    -130.579   -130.525   0.0534579   19       1330     
 4875.76 99      12450    -130.579   -130.525   0.0534579   20       1330     
 4876.12 99      12500    -130.579   -130.525   0.0534579   22       1330     
 4879.74 100     12573    -130.578   -130.525   0.0531851   20       1336     
 4880.08 100     12600    -130.578   -130.525   0.0531851   21       1336     
 4882.02 101     12703    -130.578   -130.525   0.0528697   18       1339     
 4882.26 101     12704    -130.578   -130.525   0.0528697   19       1339     
 4882.6  101     12750    -130.578   -130.525   0.0528697   19       1339     
 4888.77 102     12835    -130.578   -130.525   0.0527292   18       1350     
 4893.92 102     12850    -130.578   -130.525   0.0527292   18       1359     
 4898.51 102     12900    -130.578   -130.525   0.0527292   19       1367     
 4899.08 103     12967    -130.578   -130.525   0.0525803   18       1367     
 4899.41 103     13000    -130.578   -130.525   0.0525803   19       1367     
 4907.06 104     13097    -130.578   -130.525   0.0524322   23       1380     
 4907.31 104     13100    -130.578   -130.525   0.0524322   22       1380     
 4907.68 104     13150    -130.578   -130.525   0.0524322   23       1380     
 4910.3  105     13227    -130.577   -130.525   0.0523053   20       1384     
 4914.92 105     13250    -130.577   -130.525   0.0523053   18       1392     
 4921.99 106     13357    -130.577   -130.525   0.0518106   19       1404     
 4922.22 106     13358    -130.577   -130.525   0.0518106   19       1404     
 4928.5  106     13400    -130.577   -130.525   0.0518106   18       1415     
 4931.45 107     13487    -130.577   -130.525   0.051645    17       1419     
 4935.42 107     13500    -130.577   -130.525   0.051645    17       1425     
 4951.17 107     13550    -130.577   -130.525   0.051645    17       1448     
 4952.49 108     13617    -130.576   -130.525   0.0511927   15       1449     
 4952.84 108     13650    -130.576   -130.525   0.0511927   15       1449     
 4959.02 109     13747    -130.576   -130.525   0.0508948   16       1459     
 4959.29 109     13750    -130.576   -130.525   0.0508948   16       1459     
 4964.47 109     13800    -130.576   -130.525   0.0508948   15       1467     
 4969.83 110     13877    -130.576   -130.525   0.0506482   18       1475     
 4973.2  110     13900    -130.576   -130.525   0.0506482   17       1481     
 4977.31 111     14007    -130.575   -130.525   0.0496147   18       1487     
 4977.58 111     14008    -130.575   -130.525   0.0496147   15       1487     
 4977.97 111     14050    -130.575   -130.525   0.0496147   16       1487     
 4982.59 112     14139    -130.574   -130.525   0.0492977   17       1494     
 4986.78 112     14150    -130.574   -130.525   0.0492977   15       1501     
 5002.61 112     14200    -130.574   -130.525   0.0492977   17       1525     
 5006.2  113     14271    -130.574   -130.525   0.0490156   17       1529     
 5013.46 113     14300    -130.574   -130.525   0.0490156   18       1540     
 5019.6  114     14403    -130.574   -130.525   0.0487804   18       1548     
 5019.88 114     14404    -130.574   -130.525   0.0487804   19       1548     
 5026.47 114     14450    -130.574   -130.525   0.0487804   17       1557     
 5030.92 115     14535    -130.574   -130.525   0.0485915   20       1563     
 5036.83 115     14550    -130.574   -130.525   0.0485915   18       1571     
 5052.23 115     14600    -130.574   -130.525   0.0485915   20       1594     
 5052.92 116     14667    -130.574   -130.525   0.048306    19       1594     
 5053.34 116     14700    -130.574   -130.525   0.048306    18       1594     
 5059.88 117     14799    -130.573   -130.525   0.0478907   18       1604     
 5060.16 117     14800    -130.573   -130.525   0.0478907   18       1604     
 5060.56 117     14850    -130.573   -130.525   0.0478907   19       1604     
 5064.1  118     14929    -130.573   -130.525   0.0476988   19       1609     
 5069.47 118     14950    -130.573   -130.525   0.0476988   21       1617     
 5073.24 119     15059    -130.573   -130.525   0.0474861   18       1622     
 5073.55 119     15060    -130.573   -130.525   0.0474861   18       1622     
 5095.09 119     15100    -130.573   -130.525   0.0474861   17       1652     
 5099.82 120     15189    -130.572   -130.525   0.0471427   19       1657     
 5100.2  120     15200    -130.572   -130.525   0.0471427   20       1657     
 5106.38 120     15250    -130.572   -130.525   0.0471427   21       1666     
 5109.74 121     15321    -130.572   -130.525   0.0467442   20       1670     
 5110.12 121     15350    -130.572   -130.525   0.0467442   19       1670     
 5114.17 122     15451    -130.572   -130.525   0.0466204   20       1675     
 5114.47 122     15452    -130.572   -130.525   0.0466204   20       1675     
 5115.02 122     15500    -130.572   -130.525   0.0466204   19       1675     
 5124.64 123     15581    -130.572   -130.525   0.0464778   19       1689     
 5127.01 123     15600    -130.572   -130.525   0.0464778   21       1692     
 5132.27 124     15711    -130.572   -130.525   0.046324    25       1699     
 5132.57 124     15712    -130.572   -130.525   0.046324    26       1699     
 5137.7  124     15750    -130.572   -130.525   0.046324    26       1706     
 5147.23 125     15841    -130.571   -130.525   0.0461835   20       1718     
 5147.59 125     15850    -130.571   -130.525   0.0461835   21       1718     
 5150    125     15900    -130.571   -130.525   0.0461835   23       1721     
 5153.9  126     15971    -130.571   -130.525   0.0460896   28       1726     
 5154.31 126     16000    -130.571   -130.525   0.0460896   28       1726     
 5161.8  127     16101    -130.571   -130.525   0.0457826   19       1736     
 5162.11 127     16102    -130.571   -130.525   0.0457826   20       1736     
 5165.79 127     16150    -130.571   -130.525   0.0457826   20       1741     
 5170.67 128     16231    -130.571   -130.525   0.0456482   23       1747     
 5180.4  128     16250    -130.571   -130.525   0.0456482   20       1760     
 5187.13 129     16359    -130.571   -130.525   0.0453478   21       1768     
 5187.45 129     16360    -130.571   -130.525   0.0453478   21       1768     
 5207.08 129     16400    -130.571   -130.525   0.0453478   20       1792     
 5226.68 130     16489    -130.57    -130.525   0.0451318   18       1813     
 5227.07 130     16500    -130.57    -130.525   0.0451318   19       1813     
 5230.28 130     16550    -130.57    -130.525   0.0451318   26       1817     
 5233.26 131     16619    -130.57    -130.525   0.0450223   22       1820     
 5240.17 131     16650    -130.57    -130.525   0.0450223   24       1829     
 5254.67 132     16749    -130.57    -130.525   0.0449202   21       1846     
 5255.02 132     16750    -130.57    -130.525   0.0449202   22       1846     
 5255.62 132     16800    -130.57    -130.525   0.0449202   21       1846     
 5263.92 133     16877    -130.57    -130.525   0.0448886   29       1856     
 5264.35 133     16900    -130.57    -130.525   0.0448886   26       1856     
 5270.88 134     17005    -130.57    -130.525   0.044715    25       1864     
 5271.94 134     17006    -130.57    -130.525   0.044715    21       1865     
 5290.08 134     17050    -130.57    -130.525   0.044715    24       1886     
 5303.15 135     17133    -130.57    -130.525   0.0443102   22       1900     
 5303.59 135     17150    -130.57    -130.525   0.0443102   25       1900     
 5314.99 136     17261    -130.57    -130.525   0.044203    22       1913     
 5315.33 136     17262    -130.57    -130.525   0.044203    22       1913     
 5315.82 136     17300    -130.57    -130.525   0.044203    21       1913     
 5328.53 137     17391    -130.569   -130.525   0.0440433   20       1928     
 5328.92 137     17400    -130.569   -130.525   0.0440433   19       1928     
 5334.1  137     17450    -130.569   -130.525   0.0440433   20       1934     
 5338.24 138     17519    -130.569   -130.525   0.0439503   20       1938     
 5338.68 138     17550    -130.569   -130.525   0.0439503   20       1938     
 5344.58 139     17647    -130.569   -130.525   0.0438686   25       1945     
 5345.72 139     17650    -130.569   -130.525   0.0438686   23       1946     
 5353.65 139     17700    -130.569   -130.525   0.0438686   19       1955     
 5362.58 140     17777    -130.568   -130.525   0.0430308   18       1964     
 5375.41 140     17800    -130.568   -130.525   0.0430308   17       1979     
 5387.61 141     17907    -130.568   -130.525   0.042914    20       1993     
 5387.96 141     17908    -130.568   -130.525   0.042914    20       1993     
 5388.48 141     17950    -130.568   -130.525   0.042914    23       1993     
 5397.78 142     18037    -130.568   -130.525   0.0428519   23       2003     
 5398.17 142     18050    -130.568   -130.525   0.0428519   25       2003     
 5402.84 142     18100    -130.568   -130.525   0.0428519   20       2008     
 5405.15 143     18169    -130.568   -130.525   0.0424922   23       2010     
 5405.66 143     18200    -130.568   -130.525   0.0424922   24       2010     
 5410.3  144     18301    -130.568   -130.525   0.0423026   22       2015     
 5410.64 144     18302    -130.568   -130.525   0.0423026   22       2015     
 5419.42 144     18350    -130.568   -130.525   0.0423026   19       2025     
 5426.3  145     18431    -130.568   -130.525   0.0421687   19       2033     
 5433.44 145     18450    -130.568   -130.525   0.0421687   21       2042     
 5442.7  146     18563    -130.568   -130.525   0.0420612   22       2052     
 5443.06 146     18564    -130.568   -130.525   0.0420612   22       2052     
 5443.55 146     18600    -130.568   -130.525   0.0420612   22       2052     
 5448.16 147     18693    -130.567   -130.525   0.0419593   19       2057     
 5448.53 147     18700    -130.567   -130.525   0.0419593   19       2057     
 5449.03 147     18750    -130.567   -130.525   0.0419593   19       2057     
 5454.27 148     18823    -130.567   -130.525   0.0419171   24       2063     
 5454.7  148     18850    -130.567   -130.525   0.0419171   24       2063     
 5459.2  149     18955    -130.567   -130.525   0.0417433   20       2068     
 5459.54 149     18956    -130.567   -130.525   0.0417433   20       2068     
 5460.03 149     19000    -130.567   -130.525   0.0417433   20       2068     
 5464.42 150     19085    -130.567   -130.525   0.041672    19       2073     
 5470.31 150     19100    -130.567   -130.525   0.041672    22       2080     
 5484.01 151     19150    -130.567   -130.525   0.041672    25       2096     
 5484.75 151     19215    -130.567   -130.525   0.0415912   20       2096     
 5486.38 151     19250    -130.567   -130.525   0.0415912   20       2098     
 5496.69 152     19345    -130.567   -130.525   0.0415012   20       2110     
 5497.08 152     19350    -130.567   -130.525   0.0415012   21       2110     
 5512.23 152     19400    -130.567   -130.525   0.0415012   22       2127     
 5520.49 153     19473    -130.567   -130.525   0.0413589   23       2135     
 5532.72 153     19500    -130.567   -130.525   0.0413589   21       2149     
 5540.39 154     19603    -130.567   -130.525   0.0412624   20       2156     
 5540.79 154     19604    -130.567   -130.525   0.0412624   20       2156     
 5545.44 154     19650    -130.567   -130.525   0.0412624   20       2161     
 5552.25 155     19733    -130.566   -130.525   0.0409682   20       2168     
 5552.73 155     19750    -130.566   -130.525   0.0409682   21       2168     
 5558.62 156     19861    -130.566   -130.525   0.0408753   23       2174     
 5558.99 156     19862    -130.566   -130.525   0.0408753   23       2174     
 5559.5  156     19900    -130.566   -130.525   0.0408753   22       2174     
 5565.01 157     19991    -130.566   -130.525   0.0408089   23       2180     
 5565.41 157     20000    -130.566   -130.525   0.0408089   24       2180     
 5576.07 157     20050    -130.566   -130.525   0.0408089   23       2192     
 5580.24 158     20119    -130.566   -130.525   0.0407732   25       2196     
 5580.76 158     20150    -130.566   -130.525   0.0407732   26       2196     
 5586.56 159     20247    -130.566   -130.525   0.0407185   29       2202     
 5586.95 159     20250    -130.566   -130.525   0.0407185   30       2202     
 5598.66 159     20300    -130.566   -130.525   0.0407185   29       2215     
 5608.62 160     20375    -130.566   -130.525   0.0406649   24       2225     
 5609.18 160     20400    -130.566   -130.525   0.0406649   25       2225     
 5619.39 161     20505    -130.566   -130.525   0.040563    18       2236     
 5619.78 161     20506    -130.566   -130.525   0.040563    18       2236     
 5623.85 161     20550    -130.566   -130.525   0.040563    19       2240     
 5630.59 162     20633    -130.566   -130.525   0.0405111   25       2247     
 5642.1  162     20650    -130.566   -130.525   0.0405111   25       2259     
 5659.83 163     20761    -130.566   -130.525   0.0402213   20       2276     
 5660.23 163     20762    -130.566   -130.525   0.0402213   20       2276     
 5660.8  163     20800    -130.566   -130.525   0.0402213   20       2276     
 5668.14 164     20891    -130.566   -130.525   0.0400594   24       2283     
 5675.42 164     20900    -130.566   -130.525   0.0400594   26       2290     
 5688.24 164     20950    -130.566   -130.525   0.0400594   26       2303     
 5693.07 165     21019    -130.565   -130.525   0.0400038   25       2307     
 5693.64 165     21050    -130.565   -130.525   0.0400038   26       2307     
 5700.92 166     21149    -130.565   -130.525   0.0399209   25       2314     
 5701.34 166     21150    -130.565   -130.525   0.0399209   25       2314     
 5701.99 166     21200    -130.565   -130.525   0.0399209   25       2314     
 5708.98 167     21277    -130.565   -130.525   0.0398793   25       2321     
 5710.91 167     21300    -130.565   -130.525   0.0398793   23       2323     
 5718.37 168     21407    -130.565   -130.525   0.0398505   28       2330     
 5718.81 168     21408    -130.565   -130.525   0.0398505   28       2330     
 5719.52 168     21450    -130.565   -130.525   0.0398505   28       2330     
 5729.48 169     21535    -130.565   -130.525   0.0398286   28       2340     
 5738.61 169     21550    -130.565   -130.525   0.0398286   29       2349     
 5749.51 170     21663    -130.565   -130.525   0.0397951   25       2359     
 5749.97 170     21664    -130.565   -130.525   0.0397951   26       2359     
 5750.62 170     21700    -130.565   -130.525   0.0397951   26       2359     
 5757.2  171     21791    -130.565   -130.525   0.0397653   25       2365     
 5757.67 171     21800    -130.565   -130.525   0.0397653   25       2365     
 5758.3  171     21850    -130.565   -130.525   0.0397653   26       2365     
 5762.76 172     21919    -130.565   -130.525   0.0396952   26       2369     
 5763.36 172     21950    -130.565   -130.525   0.0396952   28       2369     
 5774.11 173     22047    -130.565   -130.525   0.039642    30       2379     
 5774.57 173     22050    -130.565   -130.525   0.039642    27       2379     
 5781.74 173     22100    -130.565   -130.525   0.039642    28       2386     
 5789.97 174     22175    -130.565   -130.525   0.0395729   29       2394     
 5801.66 174     22200    -130.565   -130.525   0.0395729   28       2406     
 5813.08 175     22303    -130.565   -130.526   0.0395212   28       2417     
 5813.5  175     22304    -130.565   -130.526   0.0395212   28       2417     
 5814.19 175     22350    -130.565   -130.526   0.0395212   28       2417     
 5828.1  176     22431    -130.565   -130.526   0.0394289   20       2431     
 5832.45 176     22450    -130.565   -130.526   0.0394289   20       2435     
 5848.8  177     22559    -130.565   -130.526   0.0393973   25       2451     
 5850.08 177     22560    -130.565   -130.526   0.0393973   23       2452     
 5865.58 177     22600    -130.565   -130.526   0.0393973   23       2467     
 5878.38 178     22687    -130.564   -130.526   0.03855     27       2478     
 5878.87 178     22700    -130.564   -130.526   0.03855     26       2478     
 5897.45 178     22750    -130.564   -130.526   0.03855     20       2497     
 5899.3  179     22817    -130.564   -130.526   0.0384549   20       2498     
 5915.08 179     22850    -130.564   -130.526   0.0384549   23       2513     
 5928.57 180     22947    -130.564   -130.526   0.0383541   24       2525     
 5929.02 180     22950    -130.564   -130.526   0.0383541   26       2525     
 5929.68 180     23000    -130.564   -130.526   0.0383541   26       2525     
 5936.51 181     23079    -130.564   -130.526   0.0382354   26       2531     
 5937.03 181     23100    -130.564   -130.526   0.0382354   27       2531     
 5942.71 182     23211    -130.564   -130.526   0.0381632   25       2536     
 5943.13 182     23212    -130.564   -130.526   0.0381632   25       2536     
 5943.72 182     23250    -130.564   -130.526   0.0381632   26       2536     
 5948.25 183     23341    -130.564   -130.526   0.0381294   23       2540     
 5948.71 183     23350    -130.564   -130.526   0.0381294   24       2540     
 5949.33 183     23400    -130.564   -130.526   0.0381294   24       2540     
 5952.99 184     23471    -130.564   -130.526   0.038106    26       2543     
 5953.54 184     23500    -130.564   -130.526   0.038106    26       2543     
 5957.16 185     23601    -130.564   -130.526   0.0380909   27       2546     
 5957.59 185     23602    -130.564   -130.526   0.0380909   27       2546     
 5958.21 185     23650    -130.564   -130.526   0.0380909   26       2546     
 5961.66 186     23731    -130.564   -130.526   0.0380744   27       2549     
 5962.17 186     23750    -130.564   -130.526   0.0380744   27       2549     
 5965.63 187     23861    -130.564   -130.526   0.037954    27       2552     
 5966.1  187     23862    -130.564   -130.526   0.037954    27       2552     
 5974.17 187     23900    -130.564   -130.526   0.037954    24       2560     
 5980    188     23991    -130.563   -130.526   0.0378337   24       2565     
 5983.21 188     24000    -130.563   -130.526   0.0378337   23       2568     
 6004.84 188     24050    -130.563   -130.526   0.0378337   26       2589     
 6011.31 189     24121    -130.563   -130.526   0.0377159   24       2594     
 6018.85 189     24150    -130.563   -130.526   0.0377159   25       2601     
 6032.41 190     24253    -130.563   -130.526   0.0376566   30       2613     
 6032.86 190     24254    -130.563   -130.526   0.0376566   31       2613     
 6047.53 190     24300    -130.563   -130.526   0.0376566   30       2626     
 6060.45 191     24383    -130.563   -130.526   0.0375881   25       2637     
 6061.08 191     24400    -130.563   -130.526   0.0375881   25       2637     
 6068.25 192     24513    -130.563   -130.526   0.0375463   26       2643     
 6068.7  192     24514    -130.563   -130.526   0.0375463   26       2643     
 6069.4  192     24550    -130.563   -130.526   0.0375463   27       2643     
 6079.52 193     24643    -130.563   -130.526   0.0375091   28       2652     
 6080    193     24650    -130.563   -130.526   0.0375091   28       2652     
 6080.65 193     24700    -130.563   -130.526   0.0375091   28       2652     
 6088.54 194     24773    -130.563   -130.526   0.0374871   28       2659     
 6089.09 194     24800    -130.563   -130.526   0.0374871   28       2659     
 6096    195     24905    -130.563   -130.526   0.037391    26       2665     
 6096.46 195     24906    -130.563   -130.526   0.037391    26       2665     
 6097.09 195     24950    -130.563   -130.526   0.037391    27       2665     
 6101.77 196     25035    -130.563   -130.526   0.0373558   26       2669     
 6102.36 196     25050    -130.563   -130.526   0.0373558   25       2669     
 6117.7  197     25163    -130.563   -130.526   0.0373193   26       2683     
 6118.17 197     25164    -130.563   -130.526   0.0373193   26       2683     
 6118.8  197     25200    -130.563   -130.526   0.0373193   26       2683     
 6128.97 198     25291    -130.563   -130.526   0.0372968   25       2692     
 6129.51 198     25300    -130.563   -130.526   0.0372968   26       2692     
 6131.29 198     25350    -130.563   -130.526   0.0372968   27       2693     
 6136.59 199     25419    -130.563   -130.526   0.0372816   28       2697     
 6140.26 199     25450    -130.563   -130.526   0.0372816   29       2700     
 6154.28 200     25549    -130.563   -130.526   0.037232    36       2712     
 6154.79 200     25550    -130.563   -130.526   0.037232    37       2712     
 6212.03 200     25600    -130.563   -130.526   0.037232    29       2757     
 6231.27 201     25679    -130.563   -130.526   0.0371627   27       2770     
 6231.94 201     25700    -130.563   -130.526   0.0371627   29       2770     
 6244.52 202     25807    -130.563   -130.526   0.0371259   35       2780     
 6245.03 202     25808    -130.563   -130.526   0.0371259   35       2780     
 6245.77 202     25850    -130.563   -130.526   0.0371259   32       2780     
 6258.32 203     25935    -130.563   -130.526   0.0370813   30       2790     
 6259.03 203     25950    -130.563   -130.526   0.0370813   26       2790     
 6270.32 204     26063    -130.563   -130.526   0.0370513   29       2799     
 6270.84 204     26064    -130.563   -130.526   0.0370513   29       2799     
 6279.87 204     26100    -130.563   -130.526   0.0370513   29       2806     
 6294.18 205     26193    -130.563   -130.526   0.0370369   34       2817     
 6294.75 205     26200    -130.563   -130.526   0.0370369   36       2817     
 6295.55 205     26250    -130.563   -130.526   0.0370369   36       2817     
 6301.25 206     26321    -130.563   -130.526   0.0370298   44       2821     
 6317.99 206     26350    -130.563   -130.526   0.0370298   40       2834     
 6326.59 207     26449    -130.563   -130.526   0.0368851   41       2840     
 6327.13 207     26450    -130.563   -130.526   0.0368851   40       2840     
 6328.04 207     26500    -130.563   -130.526   0.0368851   40       2840     
 6337.48 208     26579    -130.563   -130.526   0.0368522   39       2847     
 6346.63 208     26600    -130.563   -130.526   0.0368522   44       2854     
 6362.45 209     26707    -130.563   -130.526   0.036838    33       2866     
 6363    209     26708    -130.563   -130.526   0.036838    33       2866     
 6363.87 209     26750    -130.563   -130.526   0.036838    32       2866     
 6377.72 210     26837    -130.563   -130.526   0.0368222   29       2876     
 6380.84 210     26850    -130.563   -130.526   0.0368222   29       2878     
 6396.15 210     26900    -130.563   -130.526   0.0368222   33       2890     
 6398.4  211     26967    -130.562   -130.526   0.0367877   30       2891     
 6404.86 211     27000    -130.562   -130.526   0.0367877   31       2896     
 6413.2  212     27095    -130.562   -130.526   0.0367622   30       2902     
 6413.78 212     27100    -130.562   -130.526   0.0367622   30       2902     
 6422.86 212     27150    -130.562   -130.526   0.0367622   30       2909     
 6433.44 213     27223    -130.562   -130.526   0.0367366   32       2917     
 6437.84 213     27250    -130.562   -130.526   0.0367366   32       2920     
 6447.1  214     27351    -130.562   -130.526   0.0367147   31       2927     
 6447.66 214     27352    -130.562   -130.526   0.0367147   31       2927     
 6452.05 214     27400    -130.562   -130.526   0.0367147   31       2930     
 6461.51 215     27481    -130.562   -130.526   0.036677    34       2937     
 6465.75 215     27500    -130.562   -130.526   0.036677    33       2940     
 6483.4  216     27611    -130.562   -130.526   0.0366314   27       2953     
 6483.95 216     27612    -130.562   -130.526   0.0366314   26       2953     
 6492.34 216     27650    -130.562   -130.526   0.0366314   27       2959     
 6500.05 217     27737    -130.562   -130.526   0.0365552   29       2964     
 6500.72 217     27750    -130.562   -130.526   0.0365552   30       2964     
 6512.9  217     27800    -130.562   -130.526   0.0365552   31       2973     
 6514    218     27865    -130.562   -130.526   0.0365318   33       2973     
 6514.72 218     27900    -130.562   -130.526   0.0365318   33       2973     
 6523.4  219     27993    -130.562   -130.526   0.0365117   30       2979     
 6523.98 219     28000    -130.562   -130.526   0.0365117   30       2979     
 6526.01 219     28050    -130.562   -130.526   0.0365117   30       2980     
 6534.94 220     28121    -130.562   -130.526   0.0364959   30       2986     
 6535.77 220     28150    -130.562   -130.526   0.0364959   29       2986     
 6550.05 221     28247    -130.562   -130.526   0.0364853   31       2997     
 6550.62 221     28250    -130.562   -130.526   0.0364853   31       2997     
 6551.51 221     28300    -130.562   -130.526   0.0364853   31       2997     
 6562.56 222     28373    -130.562   -130.526   0.0364753   32       3005     
 6563.27 222     28400    -130.562   -130.526   0.0364753   32       3005     
 6571.73 223     28499    -130.562   -130.526   0.0364703   35       3011     
 6572.31 223     28500    -130.562   -130.526   0.0364703   36       3011     
 6580.83 223     28550    -130.562   -130.526   0.0364703   37       3017     
 6591.05 224     28627    -130.562   -130.526   0.0364523   28       3024     
 6600.03 224     28650    -130.562   -130.526   0.0364523   28       3031     
 6609.84 225     28753    -130.562   -130.526   0.036446    30       3038     
 6610.42 225     28754    -130.562   -130.526   0.036446    30       3038     
 6611.25 225     28800    -130.562   -130.526   0.036446    30       3038     
 6627.52 226     28881    -130.562   -130.526   0.0364342   30       3050     
 6628.25 226     28900    -130.562   -130.526   0.0364342   30       3050     
 6642.37 227     29009    -130.562   -130.526   0.0364225   35       3061     
 6642.95 227     29010    -130.562   -130.526   0.0364225   35       3061     
 6643.72 227     29050    -130.562   -130.526   0.0364225   35       3061     
 6652.25 228     29135    -130.562   -130.526   0.0364143   32       3067     
 6653.04 228     29150    -130.562   -130.526   0.0364143   33       3067     
 6665.79 229     29261    -130.562   -130.526   0.0364121   39       3076     
 6666.39 229     29262    -130.562   -130.526   0.0364121   39       3076     
 6670.82 229     29300    -130.562   -130.526   0.0364121   39       3080     
 6685.45 230     29389    -130.562   -130.526   0.0364091   34       3090     
 6686.14 230     29400    -130.562   -130.526   0.0364091   35       3090     
 6696.2  230     29450    -130.562   -130.526   0.0364091   33       3097     
 6698.72 231     29515    -130.562   -130.526   0.0363978   33       3098     
 6702.94 231     29550    -130.562   -130.526   0.0363978   33       3101     
 6718.41 232     29643    -130.562   -130.526   0.0363314   30       3112     
 6719.05 232     29650    -130.562   -130.526   0.0363314   30       3112     
 6726.63 232     29700    -130.562   -130.526   0.0363314   32       3118     
 6736.21 233     29771    -130.562   -130.526   0.0362894   30       3124     
 6737.12 233     29800    -130.562   -130.526   0.0362894   31       3124     
 6747.6  234     29897    -130.562   -130.526   0.0361992   30       3131     
 6748.2  234     29900    -130.562   -130.526   0.0361992   31       3131     
 6749.12 234     29950    -130.562   -130.526   0.0361992   31       3131     
 6759.64 235     30025    -130.562   -130.526   0.0361765   33       3138     
 6760.35 235     30050    -130.562   -130.526   0.0361765   32       3138     
 6767.92 236     30153    -130.562   -130.526   0.0361504   30       3143     
 6768.51 236     30154    -130.562   -130.526   0.0361504   30       3143     
 6769.34 236     30200    -130.562   -130.526   0.0361504   30       3143     
 6778.14 237     30281    -130.562   -130.526   0.0361381   29       3149     
 6778.92 237     30300    -130.562   -130.526   0.0361381   29       3149     
 6786.4  238     30407    -130.562   -130.526   0.036132    29       3154     
 6787    238     30408    -130.562   -130.526   0.036132    29       3154     
 6810.35 238     30450    -130.562   -130.526   0.036132    29       3171     
 6818.39 239     30533    -130.562   -130.526   0.036127    32       3176     
 6823.16 239     30550    -130.562   -130.526   0.036127    32       3179     
 6833.9  240     30663    -130.562   -130.526   0.035931    24       3186     
 6834.47 240     30664    -130.562   -130.526   0.035931    24       3186     
 6849.22 240     30700    -130.562   -130.526   0.035931    24       3197     
 6859.99 241     30791    -130.562   -130.526   0.0358723   23       3204     
 6860.64 241     30800    -130.562   -130.526   0.0358723   22       3204     
 6866.36 241     30850    -130.562   -130.526   0.0358723   21       3208     
 6872.7  242     30919    -130.562   -130.526   0.0358278   22       3212     
 6873.49 242     30950    -130.562   -130.526   0.0358278   22       3212     
 6886.97 243     31045    -130.562   -130.526   0.0357984   23       3222     
 6887.56 243     31050    -130.562   -130.526   0.0357984   23       3222     
 6889.65 243     31100    -130.562   -130.526   0.0357984   23       3223     
 6900.67 244     31173    -130.562   -130.526   0.0357841   31       3231     
 6901.39 244     31200    -130.562   -130.526   0.0357841   27       3231     
 6912.49 245     31299    -130.562   -130.526   0.0357783   32       3239     
 6913.09 245     31300    -130.562   -130.526   0.0357783   32       3239     
 6913.93 245     31350    -130.562   -130.526   0.0357783   32       3239     
 6923.68 246     31427    -130.561   -130.526   0.0357679   29       3246     
 6924.51 246     31450    -130.561   -130.526   0.0357679   31       3246     
 6932.31 247     31553    -130.561   -130.526   0.0356638   26       3251     
 6932.89 247     31554    -130.561   -130.526   0.0356638   27       3251     
 6933.72 247     31600    -130.561   -130.526   0.0356638   27       3251     
 6943.56 248     31679    -130.561   -130.526   0.0356372   29       3258     
 6944.24 248     31700    -130.561   -130.526   0.0356372   29       3258     
 6951.72 249     31807    -130.561   -130.526   0.0355894   22       3263     
 6952.3  249     31808    -130.561   -130.526   0.0355894   22       3263     
 6953.06 249     31850    -130.561   -130.526   0.0355894   22       3263     
 6959.08 250     31935    -130.561   -130.526   0.0355623   23       3267     
 6959.72 250     31950    -130.561   -130.526   0.0355623   23       3267     
 6967.43 251     32061    -130.561   -130.526   0.035548    22       3272     
 6968.01 251     32062    -130.561   -130.526   0.035548    22       3272     
 7009.49 251     32100    -130.561   -130.526   0.035548    22       3302     
 7034.75 252     32189    -130.561   -130.526   0.0354854   26       3318     
 7035.43 252     32200    -130.561   -130.526   0.0354854   26       3318     
 7048.25 252     32250    -130.561   -130.526   0.0354854   29       3327     
 7052.03 253     32317    -130.561   -130.526   0.0354416   26       3329     
 7052.79 253     32350    -130.561   -130.526   0.0354416   26       3329     
 7064.85 254     32443    -130.561   -130.526   0.0354202   25       3337     
 7065.48 254     32450    -130.561   -130.526   0.0354202   25       3337     
 7071.47 254     32500    -130.561   -130.526   0.0354202   26       3341     
 7080.86 255     32571    -130.561   -130.526   0.0354036   30       3347     
 7097.56 255     32600    -130.561   -130.526   0.0354036   29       3360     
 7114.13 256     32699    -130.561   -130.526   0.035381    31       3371     
 7114.77 256     32700    -130.561   -130.526   0.035381    29       3371     
 7115.92 256     32750    -130.561   -130.526   0.035381    29       3371     
 7130.73 257     32825    -130.561   -130.526   0.0353133   28       3381     
 7131.52 257     32850    -130.561   -130.526   0.0353133   28       3381     
 7145.48 258     32951    -130.561   -130.526   0.0352984   31       3390     
 7146.14 258     32952    -130.561   -130.526   0.0352984   32       3390     
 7147.2  258     33000    -130.561   -130.526   0.0352984   32       3390     
 7159.59 259     33079    -130.561   -130.526   0.034805    33       3398     
 7173.04 259     33100    -130.561   -130.526   0.034805    32       3407     
 7185.46 260     33207    -130.561   -130.526   0.0347515   37       3415     
 7186.07 260     33208    -130.561   -130.526   0.0347515   35       3415     
 7187.03 260     33250    -130.561   -130.526   0.0347515   36       3415     
 7199.9  261     33337    -130.561   -130.526   0.0347342   32       3424     
 7200.57 261     33350    -130.561   -130.526   0.0347342   33       3424     
 7211.79 261     33400    -130.561   -130.526   0.0347342   36       3432     
 7214.33 262     33467    -130.561   -130.526   0.0347265   42       3433     
 7215.14 262     33500    -130.561   -130.526   0.0347265   39       3433     
 7225.33 263     33597    -130.56    -130.526   0.0347002   35       3440     
 7225.94 263     33600    -130.56    -130.526   0.0347002   37       3440     
 7226.84 263     33650    -130.56    -130.526   0.0347002   37       3440     
 7238.01 264     33727    -130.56    -130.526   0.0346703   30       3448     
 7238.72 264     33750    -130.56    -130.526   0.0346703   28       3448     
 7252.73 265     33857    -130.56    -130.526   0.034644    28       3458     
 7253.33 265     33858    -130.56    -130.526   0.034644    28       3458     
 7254.12 265     33900    -130.56    -130.526   0.034644    28       3458     
 7265.49 266     33985    -130.56    -130.526   0.0346298   38       3466     
 7266.18 266     34000    -130.56    -130.526   0.0346298   37       3466     
 7279.26 267     34113    -130.56    -130.526   0.0346124   29       3475     
 7279.87 267     34114    -130.56    -130.526   0.0346124   29       3475     
 7280.65 267     34150    -130.56    -130.526   0.0346124   29       3475     
 7289.38 268     34241    -130.56    -130.526   0.0345986   30       3481     
 7290.03 268     34250    -130.56    -130.526   0.0345986   30       3481     
 7293.3  268     34300    -130.56    -130.526   0.0345986   29       3483     
 7301.29 269     34371    -130.56    -130.526   0.0345789   30       3488     
 7302.09 269     34400    -130.56    -130.526   0.0345789   30       3488     
 7308.43 270     34499    -130.56    -130.526   0.0345109   34       3492     
 7309.07 270     34500    -130.56    -130.526   0.0345109   34       3492     
 7310.03 270     34550    -130.56    -130.526   0.0345109   33       3492     
 7321.92 271     34629    -130.56    -130.526   0.0344658   31       3500     
 7322.69 271     34650    -130.56    -130.526   0.0344658   32       3500     
 7332    272     34757    -130.56    -130.526   0.0344417   30       3506     
 7332.64 272     34758    -130.56    -130.526   0.0344417   30       3506     
 7333.48 272     34800    -130.56    -130.526   0.0344417   30       3506     
 7343.81 273     34885    -130.56    -130.526   0.0344191   35       3513     
 7344.54 273     34900    -130.56    -130.526   0.0344191   34       3513     
 7351.58 274     35013    -130.56    -130.526   0.0343885   28       3517     
 7352.22 274     35014    -130.56    -130.526   0.0343885   28       3517     
 7369.02 274     35050    -130.56    -130.526   0.0343885   27       3528     
 7377.97 275     35141    -130.56    -130.526   0.03437     30       3533     
 7378.69 275     35150    -130.56    -130.526   0.03437     30       3533     
 7379.68 275     35200    -130.56    -130.526   0.03437     33       3533     
 7385.91 276     35269    -130.56    -130.526   0.0343547   34       3537     
 7386.7  276     35300    -130.56    -130.526   0.0343547   34       3537     
 7393.07 277     35395    -130.56    -130.526   0.0343448   35       3541     
 7393.73 277     35400    -130.56    -130.526   0.0343448   35       3541     
 7394.65 277     35450    -130.56    -130.526   0.0343448   35       3541     
 7400.99 278     35523    -130.56    -130.526   0.0343225   36       3545     
 7401.79 278     35550    -130.56    -130.526   0.0343225   36       3545     
 7410.19 279     35651    -130.56    -130.526   0.0343169   38       3550     
 7410.87 279     35652    -130.56    -130.526   0.0343169   38       3550     
 7411.83 279     35700    -130.56    -130.526   0.0343169   38       3550     
 7418.23 280     35779    -130.56    -130.526   0.034309    39       3554     
 7424.3  280     35800    -130.56    -130.526   0.034309    41       3558     
 7429.68 281     35905    -130.56    -130.526   0.0343045   36       3561     
 7430.41 281     35906    -130.56    -130.526   0.0343045   35       3561     
 7441.23 281     35950    -130.56    -130.526   0.0343045   37       3568     
 7450.11 282     36031    -130.56    -130.526   0.0342069   42       3574     
 7460.24 282     36050    -130.56    -130.526   0.0342069   44       3581     
 7481.82 283     36161    -130.56    -130.526   0.0341394   35       3595     
 7482.49 283     36162    -130.56    -130.526   0.0341394   35       3595     
 7496.3  283     36200    -130.56    -130.526   0.0341394   36       3604     
 7522.22 284     36289    -130.56    -130.526   0.0341076   32       3621     
 7522.97 284     36300    -130.56    -130.526   0.0341076   34       3621     
 7530.39 284     36350    -130.56    -130.526   0.0341076   35       3626     
 7535.8  285     36419    -130.56    -130.526   0.0340886   31       3629     
 7536.62 285     36450    -130.56    -130.526   0.0340886   31       3629     
 7548.14 286     36549    -130.56    -130.526   0.034077    31       3636     
 7548.79 286     36550    -130.56    -130.526   0.034077    31       3636     
 7567.23 286     36600    -130.56    -130.526   0.034077    35       3648     
 7585.85 287     36677    -130.56    -130.526   0.0340724   46       3660     
 7586.71 287     36700    -130.56    -130.526   0.0340724   46       3660     
 7595.06 288     36805    -130.56    -130.526   0.0340597   31       3665     
 7595.73 288     36806    -130.56    -130.526   0.0340597   31       3665     
 7596.6  288     36850    -130.56    -130.526   0.0340597   31       3665     
 7607.76 289     36933    -130.56    -130.526   0.0340351   30       3672     
 7609.85 289     36950    -130.56    -130.526   0.0340351   30       3673     
 7644.92 290     37059    -130.56    -130.526   0.0340143   37       3697     
 7645.6  290     37060    -130.56    -130.526   0.0340143   37       3697     
 7646.62 290     37100    -130.56    -130.526   0.0340143   37       3697     
 7674.8  291     37187    -130.56    -130.526   0.0340052   37       3715     
 7686.05 291     37200    -130.56    -130.526   0.0340052   38       3722     
 7704.6  291     37250    -130.56    -130.526   0.0340052   43       3734     
 7706.13 292     37315    -130.56    -130.526   0.0339898   39       3734     
 7721.53 292     37350    -130.56    -130.526   0.0339898   40       3744     
 7733.15 293     37441    -130.56    -130.526   0.0339857   42       3751     
 7733.98 293     37450    -130.56    -130.526   0.0339857   42       3751     
 7740.87 293     37500    -130.56    -130.526   0.0339857   43       3755     
 7748.11 294     37569    -130.56    -130.526   0.0339778   35       3759     
 7759.11 294     37600    -130.56    -130.526   0.0339778   36       3766     
 7773.51 295     37697    -130.56    -130.526   0.0339586   38       3775     
 7774.29 295     37700    -130.56    -130.526   0.0339586   39       3775     
 7804.55 295     37750    -130.56    -130.526   0.0339586   32       3794     
 7820.03 296     37823    -130.56    -130.526   0.0339399   32       3803     
 7820.99 296     37850    -130.56    -130.526   0.0339399   31       3803     
 7837.98 297     37951    -130.56    -130.526   0.0339254   39       3814     
 7838.68 297     37952    -130.56    -130.526   0.0339254   39       3814     
 7839.73 297     38000    -130.56    -130.526   0.0339254   39       3814     
 7849.02 298     38077    -130.56    -130.526   0.0339219   41       3820     
 7849.84 298     38100    -130.56    -130.526   0.0339219   43       3820     
 7856.84 299     38205    -130.56    -130.526   0.0339193   42       3824     
 7857.55 299     38206    -130.56    -130.526   0.0339193   42       3824     
 7858.49 299     38250    -130.56    -130.526   0.0339193   43       3824     
 7867.2  300     38335    -130.56    -130.526   0.0338687   28       3829     
 7868    300     38350    -130.56    -130.526   0.0338687   27       3829     
 7873.83 301     38463    -130.56    -130.526   0.0338616   35       3832     
 7874.57 301     38464    -130.56    -130.526   0.0338616   35       3832     
 7875.48 301     38500    -130.56    -130.526   0.0338616   33       3832     
 7881.26 302     38591    -130.56    -130.526   0.0338447   34       3835     
 7885.11 302     38600    -130.56    -130.526   0.0338447   36       3837     
 7894.51 302     38650    -130.56    -130.526   0.0338447   37       3843     
 7900.4  303     38717    -130.56    -130.526   0.0338132   41       3846     
 7903.71 303     38750    -130.56    -130.526   0.0338132   41       3848     
 7913.76 304     38845    -130.56    -130.526   0.0337519   37       3854     
 7914.51 304     38850    -130.56    -130.526   0.0337519   39       3854     
 7922.96 304     38900    -130.56    -130.526   0.0337519   37       3859     
 7936.14 305     38973    -130.56    -130.526   0.0337058   31       3867     
 7942.58 305     39000    -130.56    -130.526   0.0337058   30       3871     
 7956.48 306     39101    -130.56    -130.526   0.0336539   27       3880     
 7957.2  306     39102    -130.56    -130.526   0.0336539   27       3880     
 7960.81 306     39150    -130.56    -130.526   0.0336539   27       3882     
 7971.42 307     39227    -130.559   -130.526   0.033633    29       3889     
 7972.25 307     39250    -130.559   -130.526   0.033633    29       3889     
 7980.46 308     39353    -130.559   -130.526   0.0336139   30       3894     
 7981.15 308     39354    -130.559   -130.526   0.0336139   30       3894     
 7982.19 308     39400    -130.559   -130.526   0.0336139   30       3894     
 7990.25 309     39481    -130.559   -130.526   0.0335972   26       3899     
 7991.01 309     39500    -130.559   -130.526   0.0335972   26       3899     
 8000.65 310     39609    -130.559   -130.526   0.0335812   29       3905     
 8001.33 310     39610    -130.559   -130.526   0.0335812   29       3905     
 8002.2  310     39650    -130.559   -130.526   0.0335812   29       3905     
 8013.01 311     39737    -130.559   -130.526   0.0335669   36       3912     
 8013.82 311     39750    -130.559   -130.526   0.0335669   34       3912     
 8024.84 311     39800    -130.559   -130.526   0.0335669   37       3919     
 8026.23 312     39865    -130.559   -130.526   0.0335561   39       3919     
 8027.12 312     39900    -130.559   -130.526   0.0335561   39       3919     
 8036.37 313     39991    -130.559   -130.526   0.033547    32       3925     
 8037.1  313     40000    -130.559   -130.526   0.033547    33       3925     
 8054.58 313     40050    -130.559   -130.526   0.033547    34       3937     
 8060.35 314     40117    -130.559   -130.526   0.0335339   35       3940     
 8061.26 314     40150    -130.559   -130.526   0.0335339   33       3940     
 8071    315     40245    -130.559   -130.526   0.0335129   31       3946     
 8073.25 315     40250    -130.559   -130.526   0.0335129   30       3947     
 8084.27 315     40300    -130.559   -130.526   0.0335129   30       3954     
 8089.9  316     40371    -130.559   -130.526   0.0334714   33       3957     
 8090.78 316     40400    -130.559   -130.526   0.0334714   36       3957     
 8095.05 317     40497    -130.559   -130.526   0.033459    33       3959     
 8095.77 317     40500    -130.559   -130.526   0.033459    33       3959     
 8096.75 317     40550    -130.559   -130.526   0.033459    33       3959     
 8103.93 318     40625    -130.559   -130.526   0.0334518   33       3963     
 8104.81 318     40650    -130.559   -130.526   0.0334518   32       3963     
 8110.44 319     40751    -130.559   -130.526   0.0334427   34       3966     
 8111.17 319     40752    -130.559   -130.526   0.0334427   34       3966     
 8112.17 319     40800    -130.559   -130.526   0.0334427   33       3966     
 8119.03 320     40879    -130.559   -130.526   0.0334344   35       3970     
 8119.88 320     40900    -130.559   -130.526   0.0334344   37       3970     
 8128.6  321     41007    -130.559   -130.526   0.0333843   34       3975     
 8129.3  321     41008    -130.559   -130.526   0.0333843   35       3975     
 8142.81 321     41050    -130.559   -130.526   0.0333843   33       3984     
 8152.25 322     41135    -130.559   -130.526   0.0333642   32       3990     
 8153.06 322     41150    -130.559   -130.526   0.0333642   32       3990     
 8159.95 323     41261    -130.559   -130.526   0.0333552   28       3994     
 8160.64 323     41262    -130.559   -130.526   0.0333552   28       3994     
 8161.52 323     41300    -130.559   -130.526   0.0333552   28       3994     
 8168.34 324     41387    -130.559   -130.526   0.0333504   33       3998     
 8169.09 324     41400    -130.559   -130.526   0.0333504   33       3998     
 8173.86 325     41450    -130.559   -130.526   0.0333504   34       4001     
 8175.02 325     41513    -130.559   -130.526   0.0333456   36       4001     
 8189.74 325     41550    -130.559   -130.526   0.0333456   35       4011     
 8197.26 326     41639    -130.559   -130.526   0.0333386   33       4016     
 8198.06 326     41650    -130.559   -130.526   0.0333386   32       4016     
 8209.86 326     41700    -130.559   -130.526   0.0333386   34       4024     
 8213.71 327     41767    -130.559   -130.526   0.0333207   34       4026     
 8221.66 327     41800    -130.559   -130.526   0.0333207   32       4031     
 8231.67 328     41891    -130.559   -130.526   0.0333165   35       4038     
 8242.82 328     41900    -130.559   -130.526   0.0333165   35       4045     
 8257.83 328     41950    -130.559   -130.526   0.0333165   34       4055     
 8265.01 329     42019    -130.559   -130.526   0.0332469   36       4059     
 8265.92 329     42050    -130.559   -130.526   0.0332469   37       4059     
 8276.96 330     42145    -130.559   -130.526   0.0332276   34       4066     
 8277.69 330     42150    -130.559   -130.526   0.0332276   34       4066     
 8278.91 330     42200    -130.559   -130.526   0.0332276   34       4066     
 8289.83 331     42271    -130.559   -130.526   0.0332185   36       4073     
 8290.72 331     42300    -130.559   -130.526   0.0332185   36       4073     
 8299.42 332     42397    -130.559   -130.526   0.0332074   36       4078     
 8300.18 332     42400    -130.559   -130.526   0.0332074   37       4078     
 8316.93 332     42450    -130.559   -130.526   0.0332074   39       4088     
 8322.66 333     42521    -130.559   -130.526   0.0332026   34       4091     
 8323.56 333     42550    -130.559   -130.526   0.0332026   34       4091     
 8329.51 334     42645    -130.559   -130.526   0.0331971   35       4094     
 8330.27 334     42650    -130.559   -130.526   0.0331971   35       4094     
 8357.43 334     42700    -130.559   -130.526   0.0331971   33       4113     
 8367.49 335     42769    -130.559   -130.526   0.0331945   36       4119     
 8368.39 335     42800    -130.559   -130.526   0.0331945   35       4119     
 8373.85 336     42893    -130.559   -130.526   0.0331929   41       4122     
 8374.63 336     42900    -130.559   -130.526   0.0331929   41       4122     
 8375.65 336     42950    -130.559   -130.526   0.0331929   41       4122     
 8381.03 337     43017    -130.559   -130.526   0.0331915   46       4125     
 8382.11 337     43050    -130.559   -130.526   0.0331915   46       4125     
 8393.24 338     43143    -130.559   -130.526   0.0331872   45       4132     
 8394.04 338     43150    -130.559   -130.526   0.0331872   46       4132     
 8395.13 338     43200    -130.559   -130.526   0.0331872   43       4132     
 8403.58 339     43271    -130.559   -130.526   0.0331829   39       4137     
 8404.64 339     43300    -130.559   -130.526   0.0331829   38       4137     
 8411.97 340     43397    -130.559   -130.526   0.0331359   45       4141     
 8412.73 340     43400    -130.559   -130.526   0.0331359   45       4141     
 8440.64 340     43450    -130.559   -130.526   0.0331359   39       4159     
 8455.64 341     43523    -130.559   -130.526   0.0331291   42       4168     
 8456.7  341     43550    -130.559   -130.526   0.0331291   43       4168     
 8465.83 342     43647    -130.559   -130.526   0.0331258   43       4173     
 8466.6  342     43650    -130.559   -130.526   0.0331258   43       4173     
 8467.82 342     43700    -130.559   -130.526   0.0331258   43       4173     
 8477.98 343     43771    -130.559   -130.526   0.0331242   43       4179     
 8485.9  343     43800    -130.559   -130.526   0.0331242   43       4184     
 8494.56 344     43895    -130.559   -130.526   0.0331236   47       4189     
 8495.36 344     43900    -130.559   -130.526   0.0331236   47       4189     
 8496.47 344     43950    -130.559   -130.526   0.0331236   47       4189     
 8503.41 345     44019    -130.559   -130.526   0.033122    44       4193     
 8504.34 345     44050    -130.559   -130.526   0.033122    46       4193     
 8513.09 346     44147    -130.559   -130.526   0.03312     42       4198     
 8513.86 346     44150    -130.559   -130.526   0.03312     40       4198     
 8514.92 346     44200    -130.559   -130.526   0.03312     40       4198     
 8526.02 347     44273    -130.559   -130.526   0.0331171   36       4205     
 8526.9  347     44300    -130.559   -130.526   0.0331171   38       4205     
 8534.3  348     44399    -130.559   -130.526   0.0331151   39       4209     
 8535.05 348     44400    -130.559   -130.526   0.0331151   39       4209     
 8536.05 348     44450    -130.559   -130.526   0.0331151   39       4209     
 8541.75 349     44525    -130.559   -130.526   0.0331114   43       4212     
 8542.65 349     44550    -130.559   -130.526   0.0331114   43       4212     
 8549.98 350     44649    -130.559   -130.526   0.0331102   45       4216     
 8550.84 350     44650    -130.559   -130.526   0.0331102   45       4216     
 8561.71 350     44700    -130.559   -130.526   0.0331102   44       4223     
 8570.43 351     44773    -130.559   -130.526   0.033106    40       4228     
 8579.88 351     44800    -130.559   -130.526   0.033106    44       4234     
 8596.84 352     44899    -130.559   -130.526   0.0331016   36       4244     
 8597.59 352     44900    -130.559   -130.526   0.0331016   37       4244     
 8598.68 352     44950    -130.559   -130.526   0.0331016   37       4244     
 8607.19 353     45027    -130.559   -130.526   0.033068    36       4249     
 8608.06 353     45050    -130.559   -130.526   0.033068    36       4249     
 8615.24 354     45151    -130.559   -130.526   0.0330563   39       4253     
 8615.99 354     45152    -130.559   -130.526   0.0330563   39       4253     
 8616.99 354     45200    -130.559   -130.526   0.0330563   36       4253     
 8623    355     45277    -130.559   -130.526   0.0330485   34       4256     
 8623.92 355     45300    -130.559   -130.526   0.0330485   35       4256     
 8632.39 356     45403    -130.559   -130.526   0.0330439   40       4261     
 8633.14 356     45404    -130.559   -130.526   0.0330439   40       4261     
 8648.85 356     45450    -130.559   -130.526   0.0330439   38       4271     
 8659.27 357     45527    -130.559   -130.526   0.0330008   39       4277     
 8660.18 357     45550    -130.559   -130.526   0.0330008   41       4277     
 8672.09 358     45653    -130.559   -130.526   0.0329767   33       4284     
 8672.81 358     45654    -130.559   -130.526   0.0329767   33       4284     
 8673.78 358     45700    -130.559   -130.526   0.0329767   35       4284     
 8685.31 359     45779    -130.559   -130.526   0.0329617   39       4291     
 8686.15 359     45800    -130.559   -130.526   0.0329617   37       4291     
 8695.94 360     45905    -130.559   -130.526   0.0329492   36       4297     
 8696.68 360     45906    -130.559   -130.526   0.0329492   36       4297     
 8697.65 360     45950    -130.559   -130.526   0.0329492   34       4297     
 8704.76 361     46029    -130.559   -130.526   0.0329434   42       4301     
 8705.62 361     46050    -130.559   -130.526   0.0329434   41       4301     
 8714.3  362     46155    -130.559   -130.526   0.0329405   44       4306     
 8715.05 362     46156    -130.559   -130.526   0.0329405   44       4306     
 8716.05 362     46200    -130.559   -130.526   0.0329405   43       4306     
 8723.02 363     46279    -130.559   -130.526   0.0329383   43       4310     
 8723.89 363     46300    -130.559   -130.526   0.0329383   42       4310     
 8732.77 364     46405    -130.559   -130.526   0.0329331   44       4315     
 8733.52 364     46406    -130.559   -130.526   0.0329331   44       4315     
 8734.52 364     46450    -130.559   -130.526   0.0329331   45       4315     
 8741.54 365     46531    -130.559   -130.526   0.0329282   47       4319     
 8749.67 365     46550    -130.559   -130.526   0.0329282   47       4324     
 8778.6  366     46657    -130.559   -130.526   0.032925    46       4342     
 8779.36 366     46658    -130.559   -130.526   0.032925    46       4342     
 8780.35 366     46700    -130.559   -130.526   0.032925    46       4342     
 8789.01 367     46783    -130.559   -130.526   0.0329197   52       4347     
 8789.89 367     46800    -130.559   -130.526   0.0329197   51       4347     
 8797.21 368     46909    -130.559   -130.526   0.0329143   45       4351     
 8797.96 368     46910    -130.559   -130.526   0.0329143   45       4351     
 8798.93 368     46950    -130.559   -130.526   0.0329143   44       4351     
 8809.09 369     47035    -130.559   -130.526   0.0329122   42       4357     
 8810    369     47050    -130.559   -130.526   0.0329122   42       4357     
 8819.64 370     47161    -130.559   -130.526   0.0329053   37       4363     
 8820.38 370     47162    -130.559   -130.526   0.0329053   37       4363     
 8821.3  370     47200    -130.559   -130.526   0.0329053   36       4363     
 8828.02 371     47287    -130.559   -130.526   0.0328996   34       4367     
 8828.85 371     47300    -130.559   -130.526   0.0328996   35       4367     
 8871.54 372     47411    -130.559   -130.526   0.032894    46       4396     
 8872.32 372     47412    -130.559   -130.526   0.032894    46       4396     
 8877.4  372     47450    -130.559   -130.526   0.032894    43       4399     
 8892.03 373     47535    -130.559   -130.526   0.0328896   43       4408     
 8896.03 373     47550    -130.559   -130.526   0.0328896   41       4410     
 8911.95 374     47659    -130.559   -130.526   0.0328442   43       4420     
 8912.71 374     47660    -130.559   -130.526   0.0328442   43       4420     
 8913.71 374     47700    -130.559   -130.526   0.0328442   43       4420     
 8921.05 375     47785    -130.559   -130.526   0.0328413   47       4424     
 8921.9  375     47800    -130.559   -130.526   0.0328413   47       4424     
 8928.01 376     47909    -130.559   -130.526   0.0328403   44       4427     
 8928.88 376     47910    -130.559   -130.526   0.0328403   45       4427     
 8930.16 376     47950    -130.559   -130.526   0.0328403   46       4427     
 8940.76 377     48035    -130.559   -130.526   0.0328387   49       4433     
 8941.72 377     48050    -130.559   -130.526   0.0328387   48       4433     
 8952.3  378     48159    -130.559   -130.526   0.0328358   54       4439     
 8953.1  378     48160    -130.559   -130.526   0.0328358   54       4439     
 8954.18 378     48200    -130.559   -130.526   0.0328358   53       4439     
 8960.24 379     48285    -130.559   -130.526   0.0328352   57       4442     
 8961.14 379     48300    -130.559   -130.526   0.0328352   57       4442     
 8967.13 380     48409    -130.559   -130.526   0.0328315   49       4445     
 8967.91 380     48410    -130.559   -130.526   0.0328315   49       4445     
 8968.92 380     48450    -130.559   -130.526   0.0328315   48       4445     
 8976.03 381     48533    -130.559   -130.526   0.0328184   44       4449     
 8976.91 381     48550    -130.559   -130.526   0.0328184   46       4449     
 8985.98 382     48657    -130.559   -130.526   0.0328098   37       4454     
 8986.73 382     48658    -130.559   -130.526   0.0328098   38       4454     
 8987.76 382     48700    -130.559   -130.526   0.0328098   39       4454     
 8997.73 383     48783    -130.559   -130.526   0.0327579   36       4460     
 9003.69 383     48800    -130.559   -130.526   0.0327579   36       4464     
 9024.58 384     48909    -130.559   -130.526   0.032745    33       4477     
 9025.32 384     48910    -130.559   -130.526   0.032745    33       4477     
 9037.95 384     48950    -130.559   -130.526   0.032745    32       4485     
 9051.93 385     49035    -130.559   -130.526   0.0327289   33       4494     
 9063.48 385     49050    -130.559   -130.526   0.0327289   35       4501     
 9077.21 386     49159    -130.559   -130.526   0.0327219   37       4509     
 9077.96 386     49160    -130.559   -130.526   0.0327219   37       4509     
 9078.93 386     49200    -130.559   -130.526   0.0327219   36       4509     
 9086.29 387     49283    -130.559   -130.526   0.0327164   38       4513     
 9087.13 387     49300    -130.559   -130.526   0.0327164   38       4513     
 9094.43 388     49407    -130.559   -130.526   0.0327151   43       4517     
 9095.21 388     49408    -130.559   -130.526   0.0327151   43       4517     
 9096.3  388     49450    -130.559   -130.526   0.0327151   42       4517     
 9108.82 389     49533    -130.559   -130.526   0.032708    46       4525     
 9109.72 389     49550    -130.559   -130.526   0.032708    47       4525     
 9116.96 390     49657    -130.559   -130.526   0.0327051   41       4529     
 9117.72 390     49658    -130.559   -130.526   0.0327051   42       4529     
 9118.68 390     49700    -130.559   -130.526   0.0327051   43       4529     
 9125.67 391     49781    -130.559   -130.526   0.0326987   39       4533     
 9131.42 391     49800    -130.559   -130.526   0.0326987   33       4537     
 9141.7  392     49905    -130.559   -130.526   0.0326933   36       4543     
 9142.47 392     49906    -130.559   -130.526   0.0326933   36       4543     
 9143.49 392     49950    -130.559   -130.526   0.0326933   36       4543     
 9149.24 393     50029    -130.559   -130.526   0.0326859   34       4546     
 9150.24 393     50050    -130.559   -130.526   0.0326859   33       4546     
 9157.63 394     50153    -130.559   -130.526   0.0326773   35       4550     
 9158.39 394     50154    -130.559   -130.526   0.0326773   36       4550     
 9174.18 394     50200    -130.559   -130.526   0.0326773   36       4560     
 9195.53 395     50279    -130.559   -130.526   0.0326514   32       4573     
 9196.54 395     50300    -130.559   -130.526   0.0326514   32       4573     
 9206.52 396     50403    -130.559   -130.526   0.0326429   30       4579     
 9207.26 396     50404    -130.559   -130.526   0.0326429   30       4579     
 9208.39 396     50450    -130.559   -130.526   0.0326429   30       4579     
 9217.15 397     50527    -130.559   -130.526   0.0326355   33       4584     
 9218.12 397     50550    -130.559   -130.526   0.0326355   33       4584     
 9224.12 398     50653    -130.559   -130.526   0.0326322   37       4587     
 9224.92 398     50654    -130.559   -130.526   0.0326322   37       4587     
 9233.36 398     50700    -130.559   -130.526   0.0326322   36       4593     
 9243.6  399     50777    -130.558   -130.526   0.0323793   36       4599     
 9256.38 399     50800    -130.558   -130.526   0.0323793   40       4607     
 9271.12 400     50903    -130.558   -130.526   0.0323697   40       4616     
 9271.87 400     50904    -130.558   -130.526   0.0323697   40       4616     
 9281.16 400     50950    -130.558   -130.526   0.0323697   43       4623     
 9290.64 401     51027    -130.558   -130.526   0.0323654   39       4629     
 9306.07 401     51050    -130.558   -130.526   0.0323654   41       4639     
 9314.79 402     51153    -130.558   -130.526   0.0323347   48       4644     
 9315.56 402     51154    -130.558   -130.526   0.0323347   48       4644     
 9316.84 402     51200    -130.558   -130.526   0.0323347   48       4644     
 9328.27 403     51277    -130.558   -130.526   0.0323331   43       4651     
 9329.28 403     51300    -130.558   -130.526   0.0323331   43       4651     
 9339.22 404     51401    -130.558   -130.526   0.0323311   41       4657     
 9341.27 404     51402    -130.558   -130.526   0.0323311   33       4658     
 9359.21 404     51450    -130.558   -130.526   0.0323311   35       4669     
 9369.34 405     51527    -130.558   -130.526   0.0321008   37       4675     
 9370.28 405     51550    -130.558   -130.526   0.0321008   35       4675     
 9383.85 406     51655    -130.558   -130.526   0.0320976   44       4683     
 9384.62 406     51656    -130.558   -130.526   0.0320976   44       4683     
 9393.75 406     51700    -130.558   -130.526   0.0320976   44       4689     
 9405.59 407     51781    -130.558   -130.526   0.0320953   35       4696     
 9406.59 407     51800    -130.558   -130.526   0.0320953   36       4696     
 9414.14 408     51907    -130.558   -130.526   0.0320941   34       4700     
 9414.9  408     51908    -130.558   -130.526   0.0320941   34       4700     
 9439.02 408     51950    -130.558   -130.526   0.0320941   35       4716     
 9452.25 409     52035    -130.558   -130.526   0.0320758   36       4724     
 9453.25 409     52050    -130.558   -130.526   0.0320758   36       4724     
 9463.14 410     52161    -130.558   -130.526   0.0320737   38       4730     
 9463.91 410     52162    -130.558   -130.526   0.0320737   38       4730     
 9464.87 410     52200    -130.558   -130.526   0.0320737   38       4730     
 9474.71 411     52287    -130.558   -130.526   0.0320695   36       4736     
 9475.55 411     52300    -130.558   -130.526   0.0320695   36       4736     
 9486.74 412     52350    -130.558   -130.526   0.0320695   33       4743     
 9488.01 412     52413    -130.558   -130.526   0.0320674   34       4743     
 9488.97 412     52450    -130.558   -130.526   0.0320674   34       4743     
 9497.56 413     52541    -130.558   -130.526   0.0320642   44       4748     
 9498.39 413     52550    -130.558   -130.526   0.0320642   44       4748     
 9502.13 413     52600    -130.558   -130.526   0.0320642   44       4750     
 9509.19 414     52669    -130.558   -130.526   0.0320628   44       4754     
 9511.22 414     52700    -130.558   -130.526   0.0320628   45       4755     
 9527.46 415     52793    -130.558   -130.526   0.0320622   50       4765     
 9528.29 415     52800    -130.558   -130.526   0.0320622   49       4765     
 9568.52 415     52850    -130.558   -130.526   0.0320622   41       4792     
 9578.26 416     52919    -130.558   -130.526   0.0320594   37       4797     
 9599.31 416     52950    -130.558   -130.526   0.0320594   37       4811     
 9613.09 417     53043    -130.558   -130.526   0.032047    37       4819     
 9613.96 417     53050    -130.558   -130.526   0.032047    38       4819     
 9619.46 417     53100    -130.558   -130.526   0.032047    38       4822     
 9628.57 418     53169    -130.558   -130.526   0.0320458   43       4827     
 9629.77 418     53200    -130.558   -130.526   0.0320458   43       4827     
 9641.67 419     53297    -130.558   -130.526   0.0320308   41       4834     
 9642.47 419     53300    -130.558   -130.526   0.0320308   41       4834     
 9643.66 419     53350    -130.558   -130.526   0.0320308   41       4834     
 9655.3  420     53423    -130.558   -130.526   0.0320243   40       4841     
 9661.13 420     53450    -130.558   -130.526   0.0320243   40       4845     
 9671.88 421     53549    -130.558   -130.526   0.0320213   37       4851     
 9672.68 421     53550    -130.558   -130.526   0.0320213   37       4851     
 9673.98 421     53600    -130.558   -130.526   0.0320213   37       4851     
 9687.34 422     53675    -130.558   -130.526   0.0320201   38       4859     
 9688.52 422     53700    -130.558   -130.526   0.0320201   38       4859     
 9701.74 423     53805    -130.558   -130.526   0.0318369   43       4867     
 9702.52 423     53806    -130.558   -130.526   0.0318369   43       4867     
 9703.64 423     53850    -130.558   -130.526   0.0318369   44       4867     
 9712.41 424     53931    -130.558   -130.526   0.0318271   42       4872     
 9713.31 424     53950    -130.558   -130.526   0.0318271   40       4872     
 9722.44 425     54059    -130.558   -130.526   0.0318187   41       4877     
 9723.22 425     54060    -130.558   -130.526   0.0318187   41       4877     
 9724.24 425     54100    -130.558   -130.526   0.0318187   38       4877     
 9731.52 426     54185    -130.558   -130.526   0.0318139   31       4881     
 9732.45 426     54200    -130.558   -130.526   0.0318139   32       4881     
 9745.96 427     54313    -130.558   -130.526   0.0318087   38       4889     
 9746.73 427     54314    -130.558   -130.526   0.0318087   38       4889     
 9748.85 427     54350    -130.558   -130.526   0.0318087   38       4890     
 9758.84 428     54439    -130.558   -130.526   0.0318065   40       4896     
 9759.8  428     54450    -130.558   -130.526   0.0318065   40       4896     
 9766.4  428     54500    -130.558   -130.526   0.0318065   40       4900     
 9770.76 429     54567    -130.558   -130.526   0.0318047   43       4902     
 9771.81 429     54600    -130.558   -130.526   0.0318047   44       4902     
 9776.2  430     54693    -130.558   -130.526   0.0318005   43       4904     
 9777.01 430     54700    -130.558   -130.526   0.0318005   43       4904     
 9778.03 430     54750    -130.558   -130.526   0.0318005   43       4904     
 9784.44 431     54821    -130.558   -130.526   0.0317296   39       4908     
 9799.03 431     54850    -130.558   -130.526   0.0317296   42       4918     
 9830.96 432     54951    -130.558   -130.526   0.0316976   38       4938     
 9831.7  432     54952    -130.558   -130.526   0.0316976   38       4938     
 9832.88 432     55000    -130.558   -130.526   0.0316976   38       4938     
 9843.75 433     55079    -130.558   -130.526   0.0316821   38       4945     
 9844.73 433     55100    -130.558   -130.526   0.0316821   38       4945     
 9854.25 434     55205    -130.558   -130.526   0.03167     33       4951     
 9855.01 434     55206    -130.558   -130.526   0.03167     33       4951     
 9856.08 434     55250    -130.558   -130.526   0.03167     33       4951     
 9866.97 435     55333    -130.558   -130.526   0.0316597   32       4958     
 9877.9  435     55350    -130.558   -130.526   0.0316597   31       4965     
 9888.26 436     55463    -130.558   -130.526   0.0316084   33       4971     
 9889.12 436     55464    -130.558   -130.526   0.0316084   33       4971     
 9890.41 436     55500    -130.558   -130.526   0.0316084   34       4971     
 9913.9  437     55591    -130.558   -130.526   0.0315943   26       4987     
 9924.4  437     55600    -130.558   -130.526   0.0315943   26       4994     
 9942.77 437     55650    -130.558   -130.526   0.0315943   34       5007     
 9950.17 438     55719    -130.558   -130.526   0.0315849   29       5011     
 9976.96 438     55750    -130.558   -130.526   0.0315849   28       5029     
 9998.09 439     55847    -130.558   -130.526   0.0315711   24       5042     
 9998.87 439     55850    -130.558   -130.526   0.0315711   24       5042     
 10006.2 439     55900    -130.558   -130.526   0.0315711   24       5047     
-------------------------------------------------------------------------------

SARSOP finishing ...
  Preset timeout reached
  Timeout     : 10000.000000s
  Actual Time : 10006.230000s

-------------------------------------------------------------------------------
 Time   |#Trial |#Backup |LBound    |UBound    |Precision  |#Alphas |#Beliefs  
-------------------------------------------------------------------------------
 10006.2 439     55900    -130.558   -130.526   0.0315711   24       5047     
-------------------------------------------------------------------------------

Writing out policy ...
  output file : RAM4_small/3e4ea096db.policyx

