
Loading the model ...
  input file   : /home/rstudio/RAM4_small/3e4f38045b.pomdpx
  loading time : 5.00s 

SARSOP initializing ...
  initialization time : 11920.42s

-------------------------------------------------------------------------------
 Time   |#Trial |#Backup |LBound    |UBound    |Precision  |#Alphas |#Beliefs  
-------------------------------------------------------------------------------
 11920.4 0       0        -5119.83   -1110.41   4009.41     101      1        
-------------------------------------------------------------------------------

SARSOP finishing ...
  Preset timeout reached
  Timeout     : 10000.000000s
  Actual Time : 11920.520000s

-------------------------------------------------------------------------------
 Time   |#Trial |#Backup |LBound    |UBound    |Precision  |#Alphas |#Beliefs  
-------------------------------------------------------------------------------
 11920.5 0       1        -5119.29   -3934.2    1185.09     29       2        
-------------------------------------------------------------------------------

Writing out policy ...
  output file : RAM4_small/3e4f38045b.policyx

