
Loading the model ...
  input file   : /home/rstudio/RAM4_small/3e57963970.pomdpx
  loading time : 4.82s 

SARSOP initializing ...
  initialization time : 7003.18s

-------------------------------------------------------------------------------
 Time   |#Trial |#Backup |LBound    |UBound    |Precision  |#Alphas |#Beliefs  
-------------------------------------------------------------------------------
 7003.18 0       0        -210.089   -192.026   18.0634     101      1        
 7004.13 1       69       -198.841   -192.517   6.32386     18       22       
 7004.41 1       100      -198.841   -192.517   6.32386     32       29       
 7005.1  2       163      -197.243   -192.517   4.72576     28       39       
 7005.53 2       200      -197.243   -192.517   4.72576     33       48       
 7005.85 3       259      -196.202   -192.517   3.68452     30       51       
 7005.91 3       300      -196.202   -192.517   3.68452     32       51       
 7006.12 4       359      -195.545   -192.517   3.0274      27       54       
 7006.17 4       400      -195.545   -192.517   3.0274      26       54       
 7006.4  5       467      -195.101   -192.517   2.58348     24       57       
 7006.45 5       500      -195.101   -192.517   2.58348     28       57       
 7006.67 6       579      -194.74    -192.517   2.22236     29       59       
 7006.7  6       600      -194.74    -192.517   2.22236     34       59       
 7007.01 7       695      -194.435   -192.517   1.91817     25       62       
 7007.03 7       700      -194.435   -192.517   1.91817     30       62       
 7007.11 7       750      -194.435   -192.517   1.91817     40       62       
 7007.25 8       811      -194.203   -192.517   1.68602     46       62       
 7007.31 8       850      -194.203   -192.517   1.68602     34       62       
 7007.56 9       929      -194.024   -192.517   1.50701     43       65       
 7007.6  9       950      -194.024   -192.517   1.50701     32       65       
 7007.85 10      1049     -193.881   -192.517   1.36392     53       67       
 7007.86 10      1050     -193.881   -192.517   1.36392     54       67       
 7007.93 10      1100     -193.881   -192.517   1.36392     43       67       
 7008.29 11      1171     -193.766   -192.517   1.24885     35       72       
 7008.34 11      1200     -193.766   -192.517   1.24885     35       72       
 7008.65 12      1295     -193.666   -192.517   1.14906     27       75       
 7008.67 12      1300     -193.666   -192.517   1.14906     32       75       
 7008.73 12      1350     -193.666   -192.517   1.14906     29       75       
 7009.03 13      1421     -193.576   -192.517   1.05867     37       78       
 7009.08 13      1450     -193.576   -192.517   1.05867     39       78       
 7009.37 14      1549     -193.502   -192.517   0.984838    24       80       
 7009.39 14      1550     -193.502   -192.517   0.984838    21       80       
 7009.46 14      1600     -193.502   -192.517   0.984838    21       80       
 7009.7  15      1677     -193.436   -192.517   0.918477    21       82       
 7009.74 15      1700     -193.436   -192.517   0.918477    18       82       
 7010.07 16      1807     -193.371   -192.517   0.854201    14       85       
 7010.09 16      1808     -193.371   -192.517   0.854201    14       85       
 7010.15 16      1850     -193.371   -192.517   0.854201    13       85       
 7010.47 17      1937     -193.317   -192.517   0.799838    17       88       
 7010.5  17      1950     -193.317   -192.517   0.799838    15       88       
 7010.65 17      2000     -193.317   -192.517   0.799838    16       90       
 7010.84 18      2067     -193.269   -192.517   0.752168    15       91       
 7010.9  18      2100     -193.269   -192.517   0.752168    14       91       
 7011.24 19      2199     -193.225   -192.517   0.707782    12       94       
 7011.25 19      2200     -193.225   -192.517   0.707782    12       94       
 7011.33 19      2250     -193.225   -192.517   0.707782    10       94       
 7011.64 20      2331     -193.188   -192.517   0.670794    10       97       
 7011.88 20      2350     -193.188   -192.517   0.670794    9        101      
 7012.39 21      2463     -193.151   -192.517   0.633949    9        104      
 7012.41 21      2464     -193.151   -192.517   0.633949    9        104      
 7012.47 21      2500     -193.151   -192.517   0.633949    6        104      
 7012.68 22      2595     -193.12    -192.517   0.603121    6        105      
 7012.71 22      2600     -193.12    -192.517   0.603121    6        105      
 7012.78 22      2650     -193.12    -192.517   0.603121    7        105      
 7012.99 23      2729     -193.088   -192.517   0.570966    8        106      
 7013.03 23      2750     -193.088   -192.517   0.570966    6        106      
 7013.58 24      2863     -193.06    -192.517   0.542513    8        111      
 7013.65 24      2864     -193.06    -192.517   0.542513    7        112      
 7014    24      2900     -193.06    -192.517   0.542513    7        116      
 7014.74 25      2997     -193.032   -192.517   0.514647    7        120      
 7014.77 25      3000     -193.032   -192.517   0.514647    6        120      
 7014.85 25      3050     -193.032   -192.517   0.514647    8        120      
 7015.33 26      3131     -193.005   -192.517   0.487286    8        124      
 7015.38 26      3150     -193.005   -192.517   0.487286    7        124      
 7015.8  27      3265     -192.982   -192.517   0.464377    9        127      
 7015.83 27      3266     -192.982   -192.517   0.464377    9        127      
 7015.89 27      3300     -192.982   -192.517   0.464377    7        127      
 7016.29 28      3399     -192.964   -192.517   0.447003    6        130      
 7016.32 28      3400     -192.964   -192.517   0.447003    6        130      
 7016.4  28      3450     -192.964   -192.517   0.447003    7        130      
 7016.78 29      3535     -192.945   -192.517   0.428222    9        133      
 7016.82 29      3550     -192.945   -192.517   0.428222    6        133      
 7017.32 29      3600     -192.945   -192.517   0.428222    6        138      
 7017.74 30      3671     -192.927   -192.517   0.409314    8        140      
 7017.8  30      3700     -192.927   -192.517   0.409314    7        140      
 7018.08 31      3807     -192.91    -192.517   0.39241     8        141      
 7018.11 31      3808     -192.91    -192.517   0.39241     8        141      
 7018.18 31      3850     -192.91    -192.517   0.39241     7        141      
 7018.84 32      3943     -192.895   -192.517   0.377754    7        147      
 7019.25 32      3950     -192.895   -192.517   0.377754    6        152      
 7019.72 32      4000     -192.895   -192.517   0.377754    7        155      
 7020.68 33      4079     -192.88    -192.517   0.363008    9        159      
 7021.37 33      4100     -192.88    -192.517   0.363008    8        165      
 7022.33 34      4213     -192.863   -192.517   0.346018    9        168      
 7022.36 34      4214     -192.863   -192.517   0.346018    9        168      
 7022.44 34      4250     -192.863   -192.517   0.346018    9        168      
 7022.95 35      4349     -192.85    -192.517   0.333018    9        171      
 7022.98 35      4350     -192.85    -192.517   0.333018    9        171      
 7023.43 35      4400     -192.85    -192.517   0.333018    9        175      
 7025.43 36      4485     -192.838   -192.517   0.321202    9        184      
 7025.49 36      4500     -192.838   -192.517   0.321202    8        184      
 7025.67 36      4550     -192.838   -192.517   0.321202    8        185      
 7026.12 37      4621     -192.827   -192.517   0.310041    10       187      
 7026.2  37      4650     -192.827   -192.517   0.310041    10       187      
 7027.32 38      4759     -192.817   -192.517   0.300228    10       194      
 7027.35 38      4760     -192.817   -192.517   0.300228    10       194      
 7028.76 38      4800     -192.817   -192.517   0.300228    11       203      
 7031.19 39      4895     -192.809   -192.517   0.291358    10       211      
 7031.24 39      4900     -192.809   -192.517   0.291358    10       211      
 7031.34 39      4950     -192.809   -192.517   0.291358    10       211      
 7032.59 40      5033     -192.799   -192.517   0.281651    7        217      
 7032.66 40      5050     -192.799   -192.517   0.281651    7        217      
 7032.99 40      5100     -192.799   -192.517   0.281651    7        219      
 7033.34 41      5171     -192.791   -192.517   0.273468    9        220      
 7033.42 41      5200     -192.791   -192.517   0.273468    10       220      
 7034.03 42      5307     -192.783   -192.517   0.265696    7        223      
 7034.07 42      5308     -192.783   -192.517   0.265696    7        223      
 7035.63 42      5350     -192.783   -192.517   0.265696    8        234      
 7036.93 43      5443     -192.775   -192.517   0.257999    10       238      
 7036.98 43      5450     -192.775   -192.517   0.257999    10       238      
 7037.09 43      5500     -192.775   -192.517   0.257999    9        238      
 7038.15 44      5581     -192.768   -192.517   0.250291    7        244      
 7038.22 44      5600     -192.768   -192.517   0.250291    7        244      
 7038.95 45      5650     -192.768   -192.517   0.250291    8        248      
 7039.13 45      5719     -192.76    -192.517   0.24319     9        248      
 7039.21 45      5750     -192.76    -192.517   0.24319     9        248      
 7040.31 46      5857     -192.753   -192.517   0.235643    9        254      
 7040.36 46      5858     -192.753   -192.517   0.235643    9        254      
 7040.54 46      5900     -192.753   -192.517   0.235643    8        255      
 7042.4  47      5995     -192.746   -192.517   0.228964    11       264      
 7042.46 47      6000     -192.746   -192.517   0.228964    10       264      
 7042.57 47      6050     -192.746   -192.517   0.228964    11       264      
 7043.62 48      6131     -192.741   -192.517   0.223232    8        269      
 7044.08 48      6150     -192.741   -192.517   0.223232    8        272      
 7045.06 49      6200     -192.741   -192.517   0.223232    13       277      
 7045.3  49      6269     -192.734   -192.517   0.216319    11       277      
 7046.43 49      6300     -192.734   -192.517   0.216319    11       283      
 7047.99 50      6407     -192.727   -192.517   0.210045    8        289      
 7048.05 50      6408     -192.727   -192.517   0.210045    9        289      
 7048.15 50      6450     -192.727   -192.517   0.210045    9        289      
 7049.01 51      6545     -192.722   -192.517   0.204215    10       293      
 7049.35 51      6550     -192.722   -192.517   0.204215    10       295      
 7049.69 51      6600     -192.722   -192.517   0.204215    10       297      
 7050.7  52      6683     -192.716   -192.517   0.198554    8        302      
 7050.78 52      6700     -192.716   -192.517   0.198554    9        302      
 7051.3  52      6750     -192.716   -192.517   0.198554    9        305      
 7051.66 53      6821     -192.712   -192.517   0.194222    9        306      
 7052.6  53      6850     -192.712   -192.517   0.194222    10       312      
 7053.56 54      6957     -192.706   -192.517   0.189119    10       315      
 7053.62 54      6958     -192.706   -192.517   0.189119    10       315      
 7053.74 54      7000     -192.706   -192.517   0.189119    9        315      
 7054.96 55      7095     -192.702   -192.517   0.184928    9        320      
 7055.03 55      7100     -192.702   -192.517   0.184928    9        320      
 7055.16 55      7150     -192.702   -192.517   0.184928    10       320      
 7055.9  56      7233     -192.698   -192.517   0.180587    9        323      
 7055.99 56      7250     -192.698   -192.517   0.180587    10       323      
 7056.66 56      7300     -192.698   -192.517   0.180587    9        326      
 7057.06 57      7371     -192.693   -192.517   0.176042    9        327      
 7057.16 57      7400     -192.693   -192.517   0.176042    10       327      
 7059.81 58      7509     -192.689   -192.517   0.171971    12       337      
 7059.87 58      7510     -192.689   -192.517   0.171971    11       337      
 7060.69 58      7550     -192.689   -192.517   0.171971    10       342      
 7064.36 59      7647     -192.685   -192.517   0.168046    14       354      
 7064.43 59      7650     -192.685   -192.517   0.168046    12       354      
 7064.57 59      7700     -192.685   -192.517   0.168046    14       354      
 7066.08 60      7785     -192.682   -192.517   0.164418    9        359      
 7066.17 60      7800     -192.682   -192.517   0.164418    9        359      
 7068.93 60      7850     -192.682   -192.517   0.164418    10       369      
 7070.35 61      7923     -192.678   -192.517   0.160221    11       373      
 7072.27 61      7950     -192.678   -192.517   0.160221    12       380      
 7072.89 62      8061     -192.675   -192.517   0.157397    9        381      
 7072.97 62      8062     -192.675   -192.517   0.157397    9        381      
 7073.09 62      8100     -192.675   -192.517   0.157397    9        381      
 7074.66 63      8199     -192.671   -192.517   0.153165    8        386      
 7074.74 63      8200     -192.671   -192.517   0.153165    9        386      
 7075.4  63      8250     -192.671   -192.517   0.153165    11       389      
 7078.53 64      8337     -192.667   -192.517   0.149851    12       399      
 7078.63 64      8350     -192.667   -192.517   0.149851    12       399      
 7078.79 64      8400     -192.667   -192.517   0.149851    12       399      
 7079.57 65      8473     -192.664   -192.517   0.14696     10       401      
 7079.69 65      8500     -192.664   -192.517   0.14696     11       401      
 7081.16 66      8611     -192.662   -192.517   0.144637    8        406      
 7081.24 66      8612     -192.662   -192.517   0.144637    8        406      
 7081.37 66      8650     -192.662   -192.517   0.144637    8        406      
 7083.6  67      8749     -192.659   -192.517   0.141622    12       413      
 7083.68 67      8750     -192.659   -192.517   0.141622    12       413      
 7083.83 67      8800     -192.659   -192.517   0.141622    12       413      
 7085.48 68      8887     -192.656   -192.517   0.138645    12       418      
 7085.59 68      8900     -192.656   -192.517   0.138645    12       418      
 7086.4  68      8950     -192.656   -192.517   0.138645    12       421      
 7087.82 69      9025     -192.654   -192.517   0.136544    11       425      
 7087.94 69      9050     -192.654   -192.517   0.136544    10       425      
 7090.07 70      9163     -192.651   -192.517   0.134012    9        431      
 7090.16 70      9164     -192.651   -192.517   0.134012    9        431      
 7090.29 70      9200     -192.651   -192.517   0.134012    10       431      
 7092.45 71      9301     -192.648   -192.517   0.130723    12       437      
 7092.53 71      9302     -192.648   -192.517   0.130723    13       437      
 7092.68 71      9350     -192.648   -192.517   0.130723    12       437      
 7094.03 72      9439     -192.646   -192.517   0.12865     11       441      
 7094.14 72      9450     -192.646   -192.517   0.12865     11       441      
 7096.4  72      9500     -192.646   -192.517   0.12865     14       448      
 7099.04 73      9575     -192.644   -192.517   0.126205    13       454      
 7100.27 73      9600     -192.644   -192.517   0.126205    11       458      
 7104.99 74      9711     -192.641   -192.517   0.123735    12       472      
 7105.08 74      9712     -192.641   -192.517   0.123735    12       472      
 7105.23 74      9750     -192.641   -192.517   0.123735    12       472      
 7106.5  75      9849     -192.639   -192.517   0.121542    12       475      
 7106.59 75      9850     -192.639   -192.517   0.121542    11       475      
 7106.77 75      9900     -192.639   -192.517   0.121542    12       475      
 7108.96 76      9989     -192.637   -192.517   0.11915     14       481      
 7109.08 76      10000    -192.637   -192.517   0.11915     13       481      
 7109.25 76      10050    -192.637   -192.517   0.11915     15       481      
 7111.19 77      10125    -192.634   -192.517   0.116873    14       486      
 7111.32 77      10150    -192.634   -192.517   0.116873    13       486      
 7113.34 78      10263    -192.632   -192.517   0.11422     9        491      
 7113.43 78      10264    -192.632   -192.517   0.11422     9        491      
 7113.58 78      10300    -192.632   -192.517   0.11422     10       491      
 7115.55 79      10401    -192.63    -192.517   0.112502    11       496      
 7115.64 79      10402    -192.63    -192.517   0.112502    11       496      
 7115.82 79      10450    -192.63    -192.517   0.112502    11       496      
 7117.73 80      10539    -192.628   -192.517   0.110147    10       501      
 7120.15 80      10550    -192.628   -192.517   0.110147    10       508      
 7120.33 80      10600    -192.628   -192.517   0.110147    11       508      
 7121.85 81      10675    -192.625   -192.517   0.107798    11       511      
 7121.99 81      10700    -192.625   -192.517   0.107798    11       511      
 7123.97 82      10813    -192.624   -192.517   0.106403    13       516      
 7124.06 82      10814    -192.624   -192.517   0.106403    14       516      
 7124.22 82      10850    -192.624   -192.517   0.106403    14       516      
 7129.22 83      10951    -192.622   -192.517   0.104838    12       529      
 7129.31 83      10952    -192.622   -192.517   0.104838    13       529      
 7131.47 83      11000    -192.622   -192.517   0.104838    13       535      
 7135.56 84      11087    -192.621   -192.517   0.103378    13       544      
 7137.97 84      11100    -192.621   -192.517   0.103378    13       550      
 7138.16 84      11150    -192.621   -192.517   0.103378    13       550      
 7140.09 85      11225    -192.619   -192.517   0.101752    13       554      
 7140.24 85      11250    -192.619   -192.517   0.101752    14       554      
 7141.8  86      11363    -192.617   -192.517   0.0996755   10       558      
 7141.91 86      11364    -192.617   -192.517   0.0996755   11       558      
 7142.07 86      11400    -192.617   -192.517   0.0996755   12       558      
 7144.23 87      11501    -192.616   -192.517   0.0980534   12       563      
 7144.34 87      11502    -192.616   -192.517   0.0980534   11       563      
 7144.52 87      11550    -192.616   -192.517   0.0980534   11       563      
 7146.72 88      11637    -192.614   -192.517   0.0962347   12       568      
 7146.85 88      11650    -192.614   -192.517   0.0962347   14       568      
 7147.39 88      11700    -192.614   -192.517   0.0962347   13       569      
 7149.19 89      11773    -192.612   -192.517   0.094589    10       573      
 7149.34 89      11800    -192.612   -192.517   0.094589    11       573      
 7150.67 90      11909    -192.61    -192.517   0.0929904   12       576      
 7150.77 90      11910    -192.61    -192.517   0.0929904   13       576      
 7150.95 90      11950    -192.61    -192.517   0.0929904   15       576      
 7152.6  91      12047    -192.609   -192.517   0.0917465   12       580      
 7152.71 91      12050    -192.609   -192.517   0.0917465   11       580      
 7152.9  91      12100    -192.609   -192.517   0.0917465   13       580      
 7155.58 92      12185    -192.608   -192.517   0.0903343   12       587      
 7155.72 92      12200    -192.608   -192.517   0.0903343   13       587      
 7157.14 92      12250    -192.608   -192.517   0.0903343   15       591      
 7158.48 93      12321    -192.607   -192.517   0.0894423   15       594      
 7161.26 93      12350    -192.607   -192.517   0.0894423   14       601      
 7163.49 94      12457    -192.605   -192.518   0.087845    14       605      
 7163.6  94      12458    -192.605   -192.518   0.087845    15       605      
 7163.78 94      12500    -192.605   -192.518   0.087845    14       605      
 7165.61 95      12593    -192.603   -192.518   0.0859139   11       609      
 7165.73 95      12600    -192.603   -192.518   0.0859139   12       609      
 7165.92 95      12650    -192.603   -192.518   0.0859139   12       609      
 7166.99 96      12731    -192.603   -192.518   0.0849863   12       611      
 7167.14 96      12750    -192.603   -192.518   0.0849863   13       611      
 7169.02 97      12867    -192.601   -192.518   0.0839226   11       615      
 7169.14 97      12868    -192.601   -192.518   0.0839226   11       615      
 7169.31 97      12900    -192.601   -192.518   0.0839226   11       615      
 7171.63 98      13003    -192.6     -192.518   0.0829465   12       620      
 7171.74 98      13004    -192.6     -192.518   0.0829465   12       620      
 7171.93 98      13050    -192.6     -192.518   0.0829465   12       620      
 7173.01 99      13139    -192.599   -192.518   0.0817547   14       622      
 7173.15 99      13150    -192.599   -192.518   0.0817547   15       622      
 7173.34 99      13200    -192.599   -192.518   0.0817547   15       622      
 7175.95 100     13275    -192.599   -192.518   0.08124     16       628      
 7179.32 100     13300    -192.599   -192.518   0.08124     16       636      
 7181.26 101     13411    -192.598   -192.518   0.0800119   13       639      
 7181.38 101     13412    -192.598   -192.518   0.0800119   14       639      
 7181.56 101     13450    -192.598   -192.518   0.0800119   14       639      
 7184.07 102     13547    -192.597   -192.518   0.0791792   13       644      
 7184.19 102     13550    -192.597   -192.518   0.0791792   12       644      
 7184.39 102     13600    -192.597   -192.518   0.0791792   12       644      
 7187.31 103     13683    -192.595   -192.518   0.0775963   14       650      
 7187.46 103     13700    -192.595   -192.518   0.0775963   14       650      
 7188.94 103     13750    -192.595   -192.518   0.0775963   14       653      
 7189.24 104     13819    -192.595   -192.518   0.0769259   14       653      
 7189.41 104     13850    -192.595   -192.518   0.0769259   15       653      
 7190.58 105     13955    -192.594   -192.518   0.0760836   14       655      
 7190.7  105     13956    -192.594   -192.518   0.0760836   15       655      
 7190.91 105     14000    -192.594   -192.518   0.0760836   16       655      
 7193.34 106     14091    -192.593   -192.518   0.0751727   14       660      
 7193.48 106     14100    -192.593   -192.518   0.0751727   12       660      
 7193.69 106     14150    -192.593   -192.518   0.0751727   14       660      
 7196.01 107     14227    -192.592   -192.518   0.0740505   11       665      
 7196.17 107     14250    -192.592   -192.518   0.0740505   11       665      
 7199.19 108     14363    -192.591   -192.518   0.0731278   13       671      
 7199.31 108     14364    -192.591   -192.518   0.0731278   13       671      
 7199.5  108     14400    -192.591   -192.518   0.0731278   13       671      
 7202.6  109     14499    -192.59    -192.518   0.0721017   13       677      
 7202.73 109     14500    -192.59    -192.518   0.0721017   13       677      
 7202.94 109     14550    -192.59    -192.518   0.0721017   13       677      
 7204.95 110     14635    -192.589   -192.518   0.0713868   16       681      
 7205.1  110     14650    -192.589   -192.518   0.0713868   14       681      
 7205.74 110     14700    -192.589   -192.518   0.0713868   14       682      
 7206.93 111     14771    -192.588   -192.518   0.0706579   14       684      
 7210.72 111     14800    -192.588   -192.518   0.0706579   13       692      
 7215.12 112     14907    -192.587   -192.518   0.069789    15       699      
 7215.24 112     14908    -192.587   -192.518   0.069789    15       699      
 7215.45 112     14950    -192.587   -192.518   0.069789    14       699      
 7219.32 113     15043    -192.587   -192.518   0.0690191   13       706      
 7219.47 113     15050    -192.587   -192.518   0.0690191   14       706      
 7219.68 113     15100    -192.587   -192.518   0.0690191   14       706      
 7221.96 114     15179    -192.586   -192.518   0.0684832   13       710      
 7222.15 114     15200    -192.586   -192.518   0.0684832   11       710      
 7226.81 115     15315    -192.585   -192.518   0.0674734   11       718      
 7226.94 115     15316    -192.585   -192.518   0.0674734   11       718      
 7229.09 115     15350    -192.585   -192.518   0.0674734   12       722      
 7236.2  116     15451    -192.584   -192.518   0.0666424   13       733      
 7236.36 116     15452    -192.584   -192.518   0.0666424   13       733      
 7236.58 116     15500    -192.584   -192.518   0.0666424   13       733      
 7240.19 117     15587    -192.583   -192.518   0.0658273   16       740      
 7240.36 117     15600    -192.583   -192.518   0.0658273   17       740      
 7240.59 117     15650    -192.583   -192.518   0.0658273   18       740      
 7242.97 118     15723    -192.583   -192.518   0.064939    13       744      
 7243.17 118     15750    -192.583   -192.518   0.064939    15       744      
 7246.69 119     15859    -192.582   -192.518   0.0640528   14       750      
 7246.83 119     15860    -192.582   -192.518   0.0640528   14       750      
 7247.05 119     15900    -192.582   -192.518   0.0640528   15       750      
 7250.12 120     15995    -192.581   -192.518   0.0633573   15       755      
 7250.26 120     16000    -192.581   -192.518   0.0633573   13       755      
 7250.49 120     16050    -192.581   -192.518   0.0633573   14       755      
 7256.14 121     16131    -192.58    -192.518   0.0625036   16       765      
 7256.32 121     16150    -192.58    -192.518   0.0625036   16       765      
 7259.93 122     16267    -192.58    -192.518   0.0619613   20       771      
 7260.07 122     16268    -192.58    -192.518   0.0619613   20       771      
 7260.28 122     16300    -192.58    -192.518   0.0619613   17       771      
 7267.4  123     16401    -192.579   -192.518   0.0610128   18       784      
 7267.54 123     16402    -192.579   -192.518   0.0610128   18       784      
 7269.59 123     16450    -192.579   -192.518   0.0610128   16       788      
 7275.03 124     16537    -192.578   -192.518   0.0604523   15       797      
 7275.21 124     16550    -192.578   -192.518   0.0604523   15       797      
 7275.44 124     16600    -192.578   -192.518   0.0604523   16       797      
 7277.79 125     16673    -192.577   -192.518   0.0598448   15       801      
 7277.99 125     16700    -192.577   -192.518   0.0598448   16       801      
 7281.54 126     16809    -192.577   -192.518   0.0593347   14       807      
 7281.68 126     16810    -192.577   -192.518   0.0593347   14       807      
 7284.96 126     16850    -192.577   -192.518   0.0593347   14       813      
 7289.63 127     16943    -192.576   -192.518   0.0588431   16       820      
 7289.81 127     16950    -192.576   -192.518   0.0588431   17       820      
 7290.07 127     17000    -192.576   -192.518   0.0588431   17       820      
 7292.83 128     17077    -192.576   -192.518   0.0583664   16       824      
 7293.04 128     17100    -192.576   -192.518   0.0583664   13       824      
 7296.6  129     17211    -192.576   -192.518   0.0578717   14       830      
 7296.76 129     17212    -192.576   -192.518   0.0578717   14       830      
 7296.99 129     17250    -192.576   -192.518   0.0578717   14       830      
 7299.85 130     17345    -192.575   -192.518   0.057617    16       834      
 7300.02 130     17350    -192.575   -192.518   0.057617    16       834      
 7300.26 130     17400    -192.575   -192.518   0.057617    16       834      
 7304.22 131     17481    -192.574   -192.518   0.0568411   15       840      
 7304.43 131     17500    -192.574   -192.518   0.0568411   17       840      
 7307.83 132     17617    -192.574   -192.518   0.0563273   14       845      
 7307.99 132     17618    -192.574   -192.518   0.0563273   13       845      
 7308.21 132     17650    -192.574   -192.518   0.0563273   13       845      
 7310.99 133     17751    -192.573   -192.518   0.0553425   15       849      
 7311.15 133     17752    -192.573   -192.518   0.0553425   15       849      
 7311.4  133     17800    -192.573   -192.518   0.0553425   15       849      
 7316.01 134     17889    -192.573   -192.518   0.0548548   15       856      
 7316.2  134     17900    -192.573   -192.518   0.0548548   17       856      
 7317.6  134     17950    -192.573   -192.518   0.0548548   17       858      
 7321.93 135     18025    -192.572   -192.518   0.0545227   18       864      
 7324.35 135     18050    -192.572   -192.518   0.0545227   17       868      
 7332.88 136     18161    -192.572   -192.518   0.0540925   16       880      
 7333.05 136     18162    -192.572   -192.518   0.0540925   15       880      
 7333.3  136     18200    -192.572   -192.518   0.0540925   16       880      
 7335.11 137     18297    -192.571   -192.518   0.0535399   18       882      
 7335.28 137     18300    -192.571   -192.518   0.0535399   16       882      
 7335.54 137     18350    -192.571   -192.518   0.0535399   16       882      
 7338.96 138     18433    -192.571   -192.518   0.053099    15       887      
 7339.17 138     18450    -192.571   -192.518   0.053099    17       887      
 7350.18 139     18500    -192.571   -192.518   0.053099    19       903      
 7350.58 139     18567    -192.57    -192.518   0.0526742   17       903      
 7350.82 139     18600    -192.57    -192.518   0.0526742   16       903      
 7355.08 140     18701    -192.57    -192.518   0.0522785   18       909      
 7355.25 140     18702    -192.57    -192.518   0.0522785   19       909      
 7356.61 140     18750    -192.57    -192.518   0.0522785   19       911      
 7363.01 141     18835    -192.57    -192.518   0.0519669   19       920      
 7363.22 141     18850    -192.57    -192.518   0.0519669   18       920      
 7368.37 141     18900    -192.57    -192.518   0.0519669   20       927      
 7369.6  142     18969    -192.569   -192.518   0.051402    16       928      
 7369.84 142     19000    -192.569   -192.518   0.051402    16       928      
 7377.69 143     19105    -192.569   -192.518   0.0510505   15       939      
 7377.87 143     19106    -192.569   -192.518   0.0510505   15       939      
 7378.13 143     19150    -192.569   -192.518   0.0510505   14       939      
 7382.74 144     19239    -192.568   -192.518   0.0506119   15       945      
 7382.94 144     19250    -192.568   -192.518   0.0506119   15       945      
 7383.22 144     19300    -192.568   -192.518   0.0506119   16       945      
 7385.51 145     19373    -192.568   -192.518   0.0503368   15       948      
 7385.74 145     19400    -192.568   -192.518   0.0503368   15       948      
 7391.76 146     19507    -192.567   -192.518   0.0496481   15       956      
 7391.94 146     19508    -192.567   -192.518   0.0496481   15       956      
 7392.21 146     19550    -192.567   -192.518   0.0496481   15       956      
 7398.5  147     19641    -192.567   -192.518   0.049461    18       964      
 7398.7  147     19650    -192.567   -192.518   0.049461    19       964      
 7398.97 147     19700    -192.567   -192.518   0.049461    19       964      
 7404.1  148     19777    -192.567   -192.518   0.0491407   16       971      
 7404.33 148     19800    -192.567   -192.518   0.0491407   16       971      
 7408.37 149     19911    -192.566   -192.518   0.0487465   19       976      
 7409.25 149     19912    -192.566   -192.518   0.0487465   19       977      
 7413.52 149     19950    -192.566   -192.518   0.0487465   19       983      
 7419.26 150     20045    -192.565   -192.518   0.0475138   18       990      
 7420.14 150     20050    -192.565   -192.518   0.0475138   17       991      
 7422.49 150     20100    -192.565   -192.518   0.0475138   17       994      
 7429.93 151     20181    -192.565   -192.518   0.0472737   18       1003     
 7430.18 151     20200    -192.565   -192.518   0.0472737   18       1003     
 7433.25 152     20317    -192.565   -192.518   0.0468158   17       1007     
 7433.44 152     20318    -192.565   -192.518   0.0468158   18       1007     
 7433.7  152     20350    -192.565   -192.518   0.0468158   18       1007     
 7437.78 153     20455    -192.564   -192.518   0.0465842   19       1012     
 7437.98 153     20456    -192.564   -192.518   0.0465842   19       1012     
 7438.26 153     20500    -192.564   -192.518   0.0465842   20       1012     
 7443.3  154     20591    -192.564   -192.518   0.0463397   20       1018     
 7444.76 154     20600    -192.564   -192.518   0.0463397   23       1020     
 7447.35 154     20650    -192.564   -192.518   0.0463397   23       1023     
 7453.07 155     20727    -192.564   -192.518   0.0460534   17       1030     
 7453.32 155     20750    -192.564   -192.518   0.0460534   16       1030     
 7456.97 156     20863    -192.563   -192.518   0.0455957   17       1034     
 7457.16 156     20864    -192.563   -192.518   0.0455957   16       1034     
 7457.44 156     20900    -192.563   -192.518   0.0455957   17       1034     
 7462.44 157     20999    -192.563   -192.518   0.0454137   18       1040     
 7462.64 157     21000    -192.563   -192.518   0.0454137   18       1040     
 7462.95 157     21050    -192.563   -192.518   0.0454137   18       1040     
 7470.65 158     21135    -192.563   -192.518   0.045122    16       1049     
 7470.88 158     21150    -192.563   -192.518   0.045122    17       1049     
 7475.1  158     21200    -192.563   -192.518   0.045122    17       1054     
 7476.93 159     21271    -192.563   -192.518   0.0448172   18       1056     
 7477.2  159     21300    -192.563   -192.518   0.0448172   18       1056     
 7483.51 160     21407    -192.562   -192.518   0.0444942   15       1063     
 7483.72 160     21408    -192.562   -192.518   0.0444942   15       1063     
 7484.01 160     21450    -192.562   -192.518   0.0444942   15       1063     
 7489.24 161     21541    -192.562   -192.518   0.0442042   19       1069     
 7492.34 161     21550    -192.562   -192.518   0.0442042   18       1073     
 7496.71 161     21600    -192.562   -192.518   0.0442042   20       1078     
 7501.45 162     21675    -192.562   -192.518   0.0439634   19       1084     
 7506.88 162     21700    -192.562   -192.518   0.0439634   19       1091     
 7516.06 163     21809    -192.561   -192.518   0.043576    16       1101     
 7516.27 163     21810    -192.561   -192.518   0.043576    16       1101     
 7516.56 163     21850    -192.561   -192.518   0.043576    16       1101     
 7521.71 164     21943    -192.561   -192.518   0.0434354   17       1107     
 7523.53 164     21950    -192.561   -192.518   0.0434354   17       1109     
 7525.39 164     22000    -192.561   -192.518   0.0434354   17       1112     
 7531.68 165     22077    -192.561   -192.518   0.0430008   17       1119     
 7532.51 165     22100    -192.561   -192.518   0.0430008   17       1120     
 7541.71 166     22211    -192.561   -192.518   0.0428209   16       1131     
 7541.93 166     22212    -192.561   -192.518   0.0428209   16       1131     
 7542.23 166     22250    -192.561   -192.518   0.0428209   16       1131     
 7549.28 167     22345    -192.56    -192.518   0.0425291   18       1140     
 7552.63 167     22350    -192.56    -192.518   0.0425291   18       1144     
 7553.39 167     22400    -192.56    -192.518   0.0425291   18       1145     
 7557.14 168     22479    -192.56    -192.518   0.0422664   17       1149     
 7564.54 168     22500    -192.56    -192.518   0.0422664   16       1158     
 7574.79 169     22613    -192.56    -192.518   0.0418152   17       1169     
 7575.01 169     22614    -192.56    -192.518   0.0418152   17       1169     
 7575.32 169     22650    -192.56    -192.518   0.0418152   17       1169     
 7583.48 170     22747    -192.559   -192.518   0.0415561   17       1178     
 7583.71 170     22750    -192.559   -192.518   0.0415561   17       1178     
 7584.05 170     22800    -192.559   -192.518   0.0415561   17       1178     
 7591.27 171     22881    -192.559   -192.518   0.0412101   16       1185     
 7591.55 171     22900    -192.559   -192.518   0.0412101   17       1185     
 7599.93 172     23015    -192.559   -192.518   0.041008    16       1194     
 7600.17 172     23016    -192.559   -192.518   0.041008    16       1194     
 7600.49 172     23050    -192.559   -192.518   0.041008    16       1194     
 7609.96 173     23147    -192.559   -192.518   0.0407886   17       1204     
 7610.21 173     23150    -192.559   -192.518   0.0407886   17       1204     
 7610.55 173     23200    -192.559   -192.518   0.0407886   17       1204     
 7614.87 174     23279    -192.558   -192.518   0.0406284   18       1208     
 7615.16 174     23300    -192.558   -192.518   0.0406284   18       1208     
 7624.89 175     23411    -192.558   -192.518   0.0403539   16       1219     
 7625.13 175     23412    -192.558   -192.518   0.0403539   17       1219     
 7625.47 175     23450    -192.558   -192.518   0.0403539   18       1219     
 7630.36 176     23543    -192.558   -192.518   0.0399753   19       1224     
 7634.41 176     23550    -192.558   -192.518   0.0399753   18       1229     
 7638.56 176     23600    -192.558   -192.518   0.0399753   19       1233     
 7647.21 177     23675    -192.557   -192.518   0.039669    18       1241     
 7653.55 177     23700    -192.557   -192.518   0.039669    20       1248     
 7664.27 178     23807    -192.557   -192.518   0.0388474   18       1258     
 7664.51 178     23808    -192.557   -192.518   0.0388474   18       1258     
 7664.86 178     23850    -192.557   -192.518   0.0388474   18       1258     
 7668.26 179     23943    -192.556   -192.518   0.038601    17       1261     
 7668.53 179     23950    -192.556   -192.518   0.038601    19       1261     
 7668.88 179     24000    -192.556   -192.518   0.038601    19       1261     
 7676.94 180     24077    -192.556   -192.518   0.0384425   19       1269     
 7677.24 180     24100    -192.556   -192.518   0.0384425   20       1269     
 7681.65 181     24211    -192.556   -192.518   0.038248    18       1273     
 7681.9  181     24212    -192.556   -192.518   0.038248    18       1273     
 7682.27 181     24250    -192.556   -192.518   0.038248    19       1273     
 7690.52 182     24345    -192.556   -192.518   0.0381009   18       1281     
 7693.54 182     24350    -192.556   -192.518   0.0381009   19       1284     
 7695.07 182     24400    -192.556   -192.518   0.0381009   19       1286     
 7704.7  183     24479    -192.556   -192.518   0.0379259   19       1295     
 7707.14 183     24500    -192.556   -192.518   0.0379259   19       1298     
 7717.94 184     24613    -192.555   -192.518   0.0375995   19       1309     
 7718.19 184     24614    -192.555   -192.518   0.0375995   19       1309     
 7718.52 184     24650    -192.555   -192.518   0.0375995   19       1309     
 7722.74 185     24747    -192.555   -192.518   0.0374252   20       1313     
 7723    185     24750    -192.555   -192.518   0.0374252   20       1313     
 7723.36 185     24800    -192.555   -192.518   0.0374252   20       1313     
 7731.14 186     24881    -192.555   -192.518   0.0371486   19       1320     
 7731.44 186     24900    -192.555   -192.518   0.0371486   20       1320     
 7737.86 187     25013    -192.555   -192.518   0.0369393   19       1326     
 7738.11 187     25014    -192.555   -192.518   0.0369393   19       1326     
 7738.45 187     25050    -192.555   -192.518   0.0369393   19       1326     
 7749.14 188     25145    -192.555   -192.518   0.0367587   20       1336     
 7749.43 188     25150    -192.555   -192.518   0.0367587   21       1336     
 7749.81 188     25200    -192.555   -192.518   0.0367587   24       1336     
 7760.98 189     25277    -192.554   -192.518   0.0365054   21       1346     
 7764.44 189     25300    -192.554   -192.518   0.0365054   21       1350     
 7775.55 190     25409    -192.554   -192.518   0.0363923   21       1360     
 7775.82 190     25410    -192.554   -192.518   0.0363923   21       1360     
 7776.18 190     25450    -192.554   -192.518   0.0363923   21       1360     
 7780.73 191     25541    -192.554   -192.518   0.0361874   22       1364     
 7781.03 191     25550    -192.554   -192.518   0.0361874   22       1364     
 7786.52 191     25600    -192.554   -192.518   0.0361874   21       1369     
 7793.48 192     25673    -192.554   -192.518   0.0360259   20       1375     
 7793.8  192     25700    -192.554   -192.518   0.0360259   20       1375     
 7797.26 193     25805    -192.554   -192.518   0.0357314   18       1378     
 7797.52 193     25806    -192.554   -192.518   0.0357314   18       1378     
 7798.39 193     25850    -192.554   -192.518   0.0357314   17       1379     
 7802.99 194     25937    -192.553   -192.518   0.0355955   18       1383     
 7812.16 194     25950    -192.553   -192.518   0.0355955   18       1393     
 7816.83 194     26000    -192.553   -192.518   0.0355955   19       1397     
 7819.43 195     26069    -192.552   -192.518   0.034544    20       1399     
 7819.78 195     26100    -192.552   -192.518   0.034544    21       1399     
 7827.44 196     26205    -192.552   -192.518   0.0343975   20       1406     
 7827.71 196     26206    -192.552   -192.518   0.0343975   21       1406     
 7833.03 196     26250    -192.552   -192.518   0.0343975   21       1411     
 7839.27 197     26341    -192.552   -192.518   0.034221    19       1416     
 7840.38 197     26350    -192.552   -192.518   0.034221    20       1417     
 7848.17 197     26400    -192.552   -192.518   0.034221    22       1424     
 7854.22 198     26477    -192.552   -192.518   0.0341376   20       1429     
 7854.56 198     26500    -192.552   -192.518   0.0341376   20       1429     
 7861.65 199     26613    -192.552   -192.518   0.0340252   20       1435     
 7861.93 199     26614    -192.552   -192.518   0.0340252   20       1435     
 7862.3  199     26650    -192.552   -192.518   0.0340252   20       1435     
 7868.56 200     26749    -192.552   -192.518   0.0337981   20       1440     
 7868.83 200     26750    -192.552   -192.518   0.0337981   20       1440     
 7869.22 200     26800    -192.552   -192.518   0.0337981   20       1440     
 7877.37 201     26885    -192.552   -192.518   0.0336858   19       1447     
 7877.68 201     26900    -192.552   -192.518   0.0336858   20       1447     
 7882.53 201     26950    -192.552   -192.518   0.0336858   21       1451     
 7885.56 202     27021    -192.551   -192.518   0.0335413   20       1453     
 7885.92 202     27050    -192.551   -192.518   0.0335413   20       1453     
 7894.35 203     27157    -192.551   -192.518   0.0333669   19       1460     
 7894.64 203     27158    -192.551   -192.518   0.0333669   19       1460     
 7895.05 203     27200    -192.551   -192.518   0.0333669   18       1460     
 7904.92 204     27293    -192.551   -192.518   0.0332479   20       1468     
 7905.21 204     27300    -192.551   -192.518   0.0332479   21       1468     
 7905.61 204     27350    -192.551   -192.518   0.0332479   21       1468     
 7908.27 205     27429    -192.551   -192.518   0.0331042   21       1470     
 7908.61 205     27450    -192.551   -192.518   0.0331042   21       1470     
 7917.42 206     27563    -192.551   -192.518   0.0330044   18       1477     
 7917.69 206     27564    -192.551   -192.518   0.0330044   19       1477     
 7924.71 206     27600    -192.551   -192.518   0.0330044   20       1483     
 7927.49 207     27697    -192.551   -192.518   0.0328202   21       1485     
 7927.78 207     27700    -192.551   -192.518   0.0328202   21       1485     
 7928.18 207     27750    -192.551   -192.518   0.0328202   23       1485     
 7934.87 208     27831    -192.551   -192.518   0.032622    21       1490     
 7935.2  208     27850    -192.551   -192.518   0.032622    20       1490     
 7953.23 209     27967    -192.55    -192.518   0.0325134   18       1505     
 7953.51 209     27968    -192.55    -192.518   0.0325134   18       1505     
 7957.02 209     28000    -192.55    -192.518   0.0325134   18       1508     
 7968.97 210     28101    -192.55    -192.518   0.0323654   19       1517     
 7969.26 210     28102    -192.55    -192.518   0.0323654   19       1517     
 7969.67 210     28150    -192.55    -192.518   0.0323654   21       1517     
 7987.6  211     28235    -192.55    -192.518   0.0322312   21       1531     
 7987.94 211     28250    -192.55    -192.518   0.0322312   21       1531     
 7992.17 211     28300    -192.55    -192.518   0.0322312   22       1534     
 7994.1  212     28369    -192.55    -192.518   0.0320544   20       1535     
 7994.49 212     28400    -192.55    -192.518   0.0320544   21       1535     
 8007.07 213     28503    -192.55    -192.518   0.0319298   19       1545     
 8007.37 213     28504    -192.55    -192.518   0.0319298   20       1545     
 8010.33 213     28550    -192.55    -192.518   0.0319298   20       1548     
 8015.88 214     28637    -192.549   -192.518   0.031582    22       1552     
 8016.23 214     28650    -192.549   -192.518   0.031582    21       1552     
 8021.36 214     28700    -192.549   -192.518   0.031582    20       1556     
 8025.62 215     28771    -192.549   -192.518   0.0314648   21       1559     
 8026    215     28800    -192.549   -192.518   0.0314648   21       1559     
 8034.14 216     28905    -192.549   -192.518   0.0313898   22       1565     
 8034.46 216     28906    -192.549   -192.518   0.0313898   22       1565     
 8034.88 216     28950    -192.549   -192.518   0.0313898   22       1565     
 8040.22 217     29039    -192.549   -192.518   0.0312934   21       1569     
 8040.58 217     29050    -192.549   -192.518   0.0312934   23       1569     
 8045.45 217     29100    -192.549   -192.518   0.0312934   22       1573     
 8052.1  218     29173    -192.549   -192.518   0.0311503   20       1578     
 8052.48 218     29200    -192.549   -192.518   0.0311503   20       1578     
 8059.38 219     29307    -192.549   -192.518   0.0310154   21       1583     
 8059.69 219     29308    -192.549   -192.518   0.0310154   22       1583     
 8060.12 219     29350    -192.549   -192.518   0.0310154   20       1583     
 8065.5  220     29439    -192.549   -192.518   0.0308035   21       1587     
 8066.82 220     29450    -192.549   -192.518   0.0308035   21       1588     
 8073.52 220     29500    -192.549   -192.518   0.0308035   25       1593     
 8079.63 221     29571    -192.549   -192.518   0.0306829   24       1597     
 8080.03 221     29600    -192.549   -192.518   0.0306829   23       1597     
 8092.95 222     29703    -192.549   -192.518   0.0305885   24       1607     
 8093.28 222     29704    -192.549   -192.518   0.0305885   25       1607     
 8093.73 222     29750    -192.549   -192.518   0.0305885   26       1607     
 8104.5  223     29835    -192.548   -192.518   0.0305138   21       1615     
 8104.86 223     29850    -192.548   -192.518   0.0305138   21       1615     
 8109.2  223     29900    -192.548   -192.518   0.0305138   21       1618     
 8109.8  224     29967    -192.548   -192.518   0.0304326   22       1618     
 8110.2  224     30000    -192.548   -192.518   0.0304326   22       1618     
 8117.11 225     30099    -192.548   -192.518   0.030312    20       1623     
 8117.43 225     30100    -192.548   -192.518   0.030312    19       1623     
 8123.21 225     30150    -192.548   -192.518   0.030312    20       1628     
 8131.57 226     30231    -192.548   -192.518   0.0297951   20       1634     
 8131.96 226     30250    -192.548   -192.518   0.0297951   20       1634     
 8138.69 227     30365    -192.548   -192.518   0.0297109   22       1639     
 8139    227     30366    -192.548   -192.518   0.0297109   23       1639     
 8142.74 227     30400    -192.548   -192.518   0.0297109   23       1642     
 8152.03 228     30499    -192.548   -192.518   0.0295875   21       1649     
 8152.39 228     30500    -192.548   -192.518   0.0295875   21       1649     
 8152.91 228     30550    -192.548   -192.518   0.0295875   21       1649     
 8162.16 229     30633    -192.547   -192.518   0.0294862   22       1656     
 8162.55 229     30650    -192.547   -192.518   0.0294862   23       1656     
 8173.42 230     30700    -192.547   -192.518   0.0294862   22       1664     
 8174.02 230     30767    -192.547   -192.518   0.0293873   21       1664     
 8174.44 230     30800    -192.547   -192.518   0.0293873   21       1664     
 8185.97 231     30901    -192.547   -192.518   0.0293084   22       1672     
 8186.31 231     30902    -192.547   -192.518   0.0293084   22       1672     
 8186.79 231     30950    -192.547   -192.518   0.0293084   23       1672     
 8197.49 232     31035    -192.547   -192.518   0.0292518   22       1680     
 8197.89 232     31050    -192.547   -192.518   0.0292518   21       1680     
 8209.54 232     31100    -192.547   -192.518   0.0292518   23       1689     
 8211.43 233     31169    -192.547   -192.518   0.0292022   23       1690     
 8211.89 233     31200    -192.547   -192.518   0.0292022   23       1690     
 8220.75 234     31303    -192.547   -192.518   0.0290764   21       1696     
 8221.09 234     31304    -192.547   -192.518   0.0290764   21       1696     
 8221.57 234     31350    -192.547   -192.518   0.0290764   21       1696     
 8234.29 235     31437    -192.547   -192.518   0.0289936   22       1705     
 8234.66 235     31450    -192.547   -192.518   0.0289936   22       1705     
 8241.68 235     31500    -192.547   -192.518   0.0289936   25       1710     
 8245.8  236     31571    -192.547   -192.518   0.0289233   23       1713     
 8246.21 236     31600    -192.547   -192.518   0.0289233   23       1713     
 8255.31 237     31703    -192.547   -192.518   0.02884     22       1719     
 8255.65 237     31704    -192.547   -192.518   0.02884     23       1719     
 8256.12 237     31750    -192.547   -192.518   0.02884     23       1719     
 8264.71 238     31835    -192.547   -192.518   0.0287228   25       1725     
 8265.09 238     31850    -192.547   -192.518   0.0287228   25       1725     
 8273.78 238     31900    -192.547   -192.518   0.0287228   25       1731     
 8275.92 239     31969    -192.547   -192.518   0.0286414   25       1732     
 8281.51 239     32000    -192.547   -192.518   0.0286414   26       1736     
 8298.97 240     32101    -192.546   -192.518   0.0284544   24       1749     
 8299.32 240     32102    -192.546   -192.518   0.0284544   24       1749     
 8299.82 240     32150    -192.546   -192.518   0.0284544   23       1749     
 8312.93 241     32235    -192.546   -192.518   0.0283427   23       1758     
 8313.34 241     32250    -192.546   -192.518   0.0283427   25       1758     
 8329.96 241     32300    -192.546   -192.518   0.0283427   23       1770     
 8330.64 242     32367    -192.546   -192.518   0.0282555   23       1770     
 8333.21 242     32400    -192.546   -192.518   0.0282555   23       1772     
 8342.23 243     32499    -192.546   -192.518   0.0281585   23       1778     
 8342.59 243     32500    -192.546   -192.518   0.0281585   23       1778     
 8343.1  243     32550    -192.546   -192.518   0.0281585   23       1778     
 8350.84 244     32631    -192.546   -192.518   0.0280826   22       1784     
 8351.26 244     32650    -192.546   -192.518   0.0280826   22       1784     
 8363.47 245     32763    -192.546   -192.518   0.0279164   25       1792     
 8363.83 245     32764    -192.546   -192.518   0.0279164   25       1792     
 8364.33 245     32800    -192.546   -192.518   0.0279164   26       1792     
 8380.27 246     32895    -192.546   -192.518   0.0278264   23       1803     
 8380.65 246     32900    -192.546   -192.518   0.0278264   23       1803     
 8381.16 246     32950    -192.546   -192.518   0.0278264   23       1803     
 8392.99 247     33027    -192.546   -192.518   0.0277436   22       1811     
 8393.42 247     33050    -192.546   -192.518   0.0277436   22       1811     
 8409.01 248     33159    -192.546   -192.518   0.0276115   23       1821     
 8409.36 248     33160    -192.546   -192.518   0.0276115   23       1821     
 8409.83 248     33200    -192.546   -192.518   0.0276115   23       1821     
 8420.3  249     33291    -192.545   -192.518   0.0274984   23       1828     
 8420.69 249     33300    -192.545   -192.518   0.0274984   22       1828     
 8421.18 249     33350    -192.545   -192.518   0.0274984   22       1828     
 8428.59 250     33421    -192.545   -192.518   0.0274182   22       1833     
 8429.03 250     33450    -192.545   -192.518   0.0274182   22       1833     
 8437.21 251     33551    -192.545   -192.518   0.0273276   24       1838     
 8437.58 251     33552    -192.545   -192.518   0.0273276   24       1838     
 8438.08 251     33600    -192.545   -192.518   0.0273276   24       1838     
 8451.55 252     33681    -192.545   -192.518   0.0270542   23       1847     
 8451.99 252     33700    -192.545   -192.518   0.0270542   24       1847     
 8460.68 253     33813    -192.545   -192.518   0.0269836   24       1853     
 8461.03 253     33814    -192.545   -192.518   0.0269836   24       1853     
 8461.48 253     33850    -192.545   -192.518   0.0269836   23       1853     
 8471.84 254     33945    -192.545   -192.518   0.0268766   26       1860     
 8472.25 254     33950    -192.545   -192.518   0.0268766   25       1860     
 8472.78 254     34000    -192.545   -192.518   0.0268766   25       1860     
 8482.41 255     34075    -192.545   -192.518   0.026706    23       1866     
 8482.85 255     34100    -192.545   -192.518   0.026706    23       1866     
 8496.61 256     34207    -192.545   -192.518   0.0266413   24       1875     
 8496.97 256     34208    -192.545   -192.518   0.0266413   24       1875     
 8497.46 256     34250    -192.545   -192.518   0.0266413   24       1875     
 8508.34 257     34337    -192.545   -192.518   0.0265834   26       1882     
 8508.76 257     34350    -192.545   -192.518   0.0265834   26       1882     
 8520.17 257     34400    -192.545   -192.518   0.0265834   26       1890     
 8523.97 258     34469    -192.544   -192.518   0.0264781   22       1892     
 8524.43 258     34500    -192.544   -192.518   0.0264781   23       1892     
 8534.71 259     34599    -192.544   -192.518   0.0264252   23       1899     
 8535.07 259     34600    -192.544   -192.518   0.0264252   23       1899     
 8535.59 259     34650    -192.544   -192.518   0.0264252   23       1899     
 8542.18 260     34729    -192.544   -192.518   0.0263548   24       1903     
 8543.51 260     34750    -192.544   -192.518   0.0263548   23       1904     
 8555.56 261     34859    -192.544   -192.518   0.0261662   24       1912     
 8555.92 261     34860    -192.544   -192.518   0.0261662   24       1912     
 8556.41 261     34900    -192.544   -192.518   0.0261662   24       1912     
 8570.49 262     34989    -192.544   -192.518   0.0261339   25       1921     
 8573.13 262     35000    -192.544   -192.518   0.0261339   25       1923     
 8577.79 262     35050    -192.544   -192.518   0.0261339   25       1926     
 8584.59 263     35121    -192.544   -192.518   0.0260756   26       1930     
 8585.08 263     35150    -192.544   -192.518   0.0260756   27       1930     
 8601.08 264     35251    -192.544   -192.518   0.0260173   29       1940     
 8601.46 264     35252    -192.544   -192.518   0.0260173   29       1940     
 8601.98 264     35300    -192.544   -192.518   0.0260173   29       1940     
 8613.03 265     35383    -192.544   -192.518   0.0259363   25       1947     
 8617.66 265     35400    -192.544   -192.518   0.0259363   24       1950     
 8634.53 266     35513    -192.544   -192.518   0.0258644   26       1960     
 8634.91 266     35514    -192.544   -192.518   0.0258644   27       1960     
 8635.41 266     35550    -192.544   -192.518   0.0258644   26       1960     
 8643.56 267     35643    -192.544   -192.518   0.025824    26       1965     
 8644.01 267     35650    -192.544   -192.518   0.025824    26       1965     
 8644.58 267     35700    -192.544   -192.518   0.025824    26       1965     
 8656.31 268     35773    -192.544   -192.518   0.0257883   26       1972     
 8656.82 268     35800    -192.544   -192.518   0.0257883   26       1972     
 8663.58 269     35903    -192.544   -192.518   0.0257237   24       1976     
 8663.95 269     35904    -192.544   -192.518   0.0257237   23       1976     
 8664.49 269     35950    -192.544   -192.518   0.0257237   24       1976     
 8677.21 270     36033    -192.544   -192.518   0.0255438   22       1984     
 8677.65 270     36050    -192.544   -192.518   0.0255438   22       1984     
 8690.51 271     36163    -192.543   -192.518   0.0254826   26       1992     
 8690.89 271     36164    -192.543   -192.518   0.0254826   26       1992     
 8691.37 271     36200    -192.543   -192.518   0.0254826   25       1992     
 8700.87 272     36293    -192.543   -192.518   0.0254427   25       1998     
 8701.31 272     36300    -192.543   -192.518   0.0254427   25       1998     
 8701.9  272     36350    -192.543   -192.518   0.0254427   25       1998     
 8713.94 273     36423    -192.543   -192.518   0.0253314   23       2005     
 8714.46 273     36450    -192.543   -192.518   0.0253314   23       2005     
 8733.07 274     36553    -192.543   -192.518   0.0252731   22       2016     
 8733.46 274     36554    -192.543   -192.518   0.0252731   22       2016     
 8733.98 274     36600    -192.543   -192.518   0.0252731   22       2016     
 8746.81 275     36683    -192.543   -192.518   0.02521     23       2024     
 8747.26 275     36700    -192.543   -192.518   0.02521     22       2024     
 8755.37 276     36813    -192.543   -192.518   0.0250924   21       2029     
 8755.75 276     36814    -192.543   -192.518   0.0250924   21       2029     
 8756.26 276     36850    -192.543   -192.518   0.0250924   21       2029     
 8774.86 277     36943    -192.543   -192.518   0.0249926   22       2040     
 8778.02 277     36950    -192.543   -192.518   0.0249926   21       2042     
 8778.56 277     37000    -192.543   -192.518   0.0249926   22       2042     
 8790.4  278     37073    -192.543   -192.518   0.024785    24       2049     
 8790.88 278     37100    -192.543   -192.518   0.024785    24       2049     
 8812.42 279     37203    -192.543   -192.518   0.0247316   28       2062     
 8812.83 279     37204    -192.543   -192.518   0.0247316   28       2062     
 8813.37 279     37250    -192.543   -192.518   0.0247316   29       2062     
 8822.24 280     37333    -192.543   -192.518   0.0246898   27       2067     
 8822.68 280     37350    -192.543   -192.518   0.0246898   27       2067     
 8834.83 281     37463    -192.543   -192.518   0.0246567   26       2074     
 8835.23 281     37464    -192.543   -192.518   0.0246567   26       2074     
 8835.75 281     37500    -192.543   -192.518   0.0246567   26       2074     
 8853.4  282     37593    -192.543   -192.518   0.0246211   27       2084     
 8853.88 282     37600    -192.543   -192.518   0.0246211   27       2084     
 8854.51 282     37650    -192.543   -192.518   0.0246211   27       2084     
 8864.63 283     37723    -192.543   -192.518   0.0245849   26       2090     
 8870.99 283     37750    -192.543   -192.518   0.0245849   26       2094     
 8884.58 284     37853    -192.543   -192.518   0.0245533   28       2102     
 8884.98 284     37854    -192.543   -192.518   0.0245533   28       2102     
 8885.57 284     37900    -192.543   -192.518   0.0245533   27       2102     
 8891.55 285     37983    -192.543   -192.518   0.0245079   26       2105     
 8892.07 285     38000    -192.543   -192.518   0.0245079   27       2105     
 8902.59 286     38113    -192.542   -192.518   0.0244376   25       2111     
 8903.04 286     38114    -192.542   -192.518   0.0244376   25       2111     
 8903.61 286     38150    -192.542   -192.518   0.0244376   26       2111     
 8913.08 287     38243    -192.542   -192.518   0.0243973   27       2116     
 8920.57 287     38250    -192.542   -192.518   0.0243973   26       2121     
 8929.21 287     38300    -192.542   -192.518   0.0243973   28       2126     
 8940.23 288     38371    -192.542   -192.518   0.0242787   30       2132     
 8940.8  288     38400    -192.542   -192.518   0.0242787   29       2132     
 8956.59 289     38501    -192.542   -192.518   0.0242396   25       2141     
 8957.02 289     38502    -192.542   -192.518   0.0242396   25       2141     
 8957.61 289     38550    -192.542   -192.518   0.0242396   25       2141     
 8967.28 290     38631    -192.542   -192.518   0.0240895   24       2146     
 8967.77 290     38650    -192.542   -192.518   0.0240895   23       2146     
 8994.78 291     38761    -192.542   -192.518   0.0240235   26       2161     
 8995.2  291     38762    -192.542   -192.518   0.0240235   26       2161     
 8995.77 291     38800    -192.542   -192.518   0.0240235   25       2161     
 9018.7  292     38891    -192.542   -192.518   0.0239645   26       2174     
 9024.03 292     38900    -192.542   -192.518   0.0239645   28       2177     
 9035.42 292     38950    -192.542   -192.518   0.0239645   28       2183     
 9044.8  293     39021    -192.542   -192.518   0.0238809   27       2188     
 9045.36 293     39050    -192.542   -192.518   0.0238809   27       2188     
 9056.96 294     39151    -192.542   -192.518   0.0238123   28       2194     
 9057.39 294     39152    -192.542   -192.518   0.0238123   28       2194     
 9058    294     39200    -192.542   -192.518   0.0238123   26       2194     
 9074.29 295     39279    -192.542   -192.518   0.0237631   29       2203     
 9074.8  295     39300    -192.542   -192.518   0.0237631   29       2203     
 9083.76 296     39409    -192.542   -192.518   0.0237285   25       2208     
 9084.24 296     39410    -192.542   -192.518   0.0237285   24       2208     
 9084.85 296     39450    -192.542   -192.518   0.0237285   24       2208     
 9102.74 297     39537    -192.542   -192.518   0.0235574   29       2218     
 9103.23 297     39550    -192.542   -192.518   0.0235574   30       2218     
 9121.88 297     39600    -192.542   -192.518   0.0235574   28       2228     
 9124.6  298     39667    -192.542   -192.518   0.023514    27       2229     
 9134.96 298     39700    -192.542   -192.518   0.023514    29       2235     
 9153.3  299     39797    -192.542   -192.518   0.0234721   28       2245     
 9153.77 299     39800    -192.542   -192.518   0.0234721   28       2245     
 9154.41 299     39850    -192.542   -192.518   0.0234721   28       2245     
 9173.39 300     39927    -192.541   -192.518   0.0234348   30       2255     
 9173.91 300     39950    -192.541   -192.518   0.0234348   29       2255     
 9189.98 301     40055    -192.541   -192.518   0.0233988   26       2264     
 9190.5  301     40056    -192.541   -192.518   0.0233988   26       2264     
 9191.14 301     40100    -192.541   -192.518   0.0233988   26       2264     
 9206.49 302     40183    -192.541   -192.518   0.0233785   25       2272     
 9207.02 302     40200    -192.541   -192.518   0.0233785   25       2272     
 9223.04 303     40311    -192.541   -192.518   0.0233195   25       2280     
 9223.52 303     40312    -192.541   -192.518   0.0233195   25       2280     
 9224.11 303     40350    -192.541   -192.518   0.0233195   25       2280     
 9238.82 304     40439    -192.541   -192.518   0.023292    24       2288     
 9239.36 304     40450    -192.541   -192.518   0.023292    24       2288     
 9254.76 304     40500    -192.541   -192.518   0.023292    28       2296     
 9259.57 305     40567    -192.541   -192.518   0.023261    27       2298     
 9260.21 305     40600    -192.541   -192.518   0.023261    25       2298     
 9282.18 306     40695    -192.541   -192.518   0.0231565   28       2309     
 9282.69 306     40700    -192.541   -192.518   0.0231565   28       2309     
 9283.36 306     40750    -192.541   -192.518   0.0231565   28       2309     
 9296.71 307     40823    -192.541   -192.518   0.0230075   23       2316     
 9297.27 307     40850    -192.541   -192.518   0.0230075   23       2316     
 9309.02 308     40953    -192.541   -192.518   0.0229532   25       2322     
 9309.5  308     40954    -192.541   -192.518   0.0229532   25       2322     
 9310.13 308     41000    -192.541   -192.518   0.0229532   25       2322     
 9321.07 309     41081    -192.541   -192.518   0.0229076   22       2328     
 9321.61 309     41100    -192.541   -192.518   0.0229076   22       2328     
 9334.84 310     41209    -192.541   -192.518   0.0228572   24       2335     
 9335.28 310     41210    -192.541   -192.518   0.0228572   24       2335     
 9335.84 310     41250    -192.541   -192.518   0.0228572   24       2335     
 9352.41 311     41337    -192.541   -192.518   0.022826    25       2344     
 9352.91 311     41350    -192.541   -192.518   0.022826    24       2344     
 9362.08 311     41400    -192.541   -192.518   0.022826    21       2349     
 9362.88 312     41465    -192.541   -192.518   0.0227827   22       2349     
 9363.48 312     41500    -192.541   -192.518   0.0227827   22       2349     
 9380.39 313     41593    -192.541   -192.518   0.0227088   23       2358     
 9380.93 313     41600    -192.541   -192.518   0.0227088   23       2358     
 9385.46 313     41650    -192.541   -192.518   0.0227088   24       2360     
 9397.91 314     41721    -192.541   -192.518   0.0226816   23       2366     
 9398.49 314     41750    -192.541   -192.518   0.0226816   23       2366     
 9414.15 315     41849    -192.541   -192.518   0.0225721   26       2374     
 9414.65 315     41850    -192.541   -192.518   0.0225721   27       2374     
 9424.06 315     41900    -192.541   -192.518   0.0225721   28       2379     
 9435.32 316     41977    -192.541   -192.518   0.0225182   26       2385     
 9438.54 316     42000    -192.541   -192.518   0.0225182   26       2387     
 9448.52 317     42105    -192.541   -192.518   0.0224898   25       2392     
 9449.02 317     42106    -192.541   -192.518   0.0224898   25       2392     
 9449.69 317     42150    -192.541   -192.518   0.0224898   26       2392     
 9471.35 318     42233    -192.541   -192.518   0.0224551   27       2403     
 9471.92 318     42250    -192.541   -192.518   0.0224551   27       2403     
 9481.95 319     42361    -192.541   -192.518   0.022436    27       2408     
 9482.42 319     42362    -192.541   -192.518   0.022436    28       2408     
 9483.03 319     42400    -192.541   -192.518   0.022436    28       2408     
 9501.26 320     42489    -192.54    -192.518   0.0224184   27       2417     
 9501.81 320     42500    -192.54    -192.518   0.0224184   27       2417     
 9510.32 320     42550    -192.54    -192.518   0.0224184   29       2421     
 9514.89 321     42617    -192.54    -192.518   0.0224064   28       2423     
 9515.51 321     42650    -192.54    -192.518   0.0224064   28       2423     
 9526.44 322     42745    -192.54    -192.518   0.0223694   26       2428     
 9526.96 322     42750    -192.54    -192.518   0.0223694   26       2428     
 9527.65 322     42800    -192.54    -192.518   0.0223694   26       2428     
 9541.38 323     42875    -192.54    -192.518   0.0223412   26       2435     
 9541.97 323     42900    -192.54    -192.518   0.0223412   26       2435     
 9554.53 324     43003    -192.54    -192.518   0.0223075   28       2441     
 9555.05 324     43004    -192.54    -192.518   0.0223075   28       2441     
 9555.73 324     43050    -192.54    -192.518   0.0223075   28       2441     
 9564.06 325     43131    -192.54    -192.518   0.0222621   24       2445     
 9564.65 325     43150    -192.54    -192.518   0.0222621   23       2445     
 9578.47 326     43259    -192.54    -192.518   0.0221326   27       2452     
 9578.98 326     43260    -192.54    -192.518   0.0221326   27       2452     
 9579.62 326     43300    -192.54    -192.518   0.0221326   28       2452     
 9587.89 327     43387    -192.54    -192.518   0.0220994   26       2456     
 9593.55 327     43400    -192.54    -192.518   0.0220994   26       2459     
 9625.81 327     43450    -192.54    -192.518   0.0220994   26       2475     
 9626.74 328     43515    -192.54    -192.518   0.0220408   28       2475     
 9627.42 328     43550    -192.54    -192.518   0.0220408   29       2475     
 9643.04 329     43643    -192.54    -192.518   0.0220233   31       2483     
 9643.6  329     43650    -192.54    -192.518   0.0220233   30       2483     
 9644.3  329     43700    -192.54    -192.518   0.0220233   30       2483     
 9656.36 330     43771    -192.54    -192.518   0.0219993   27       2489     
 9656.99 330     43800    -192.54    -192.518   0.0219993   26       2489     
 9677.88 331     43899    -192.54    -192.518   0.0219532   30       2499     
 9678.41 331     43900    -192.54    -192.518   0.0219532   29       2499     
 9679.17 331     43950    -192.54    -192.518   0.0219532   27       2499     
 9698.9  332     44027    -192.54    -192.518   0.0218246   28       2508     
 9699.56 332     44050    -192.54    -192.518   0.0218246   29       2508     
 9712.63 333     44155    -192.54    -192.518   0.0217852   23       2514     
 9713.16 333     44156    -192.54    -192.518   0.0217852   23       2514     
 9713.87 333     44200    -192.54    -192.518   0.0217852   24       2514     
 9739.78 334     44283    -192.54    -192.518   0.0217442   27       2526     
 9748.15 334     44300    -192.54    -192.518   0.0217442   28       2530     
 9764.29 335     44409    -192.539   -192.518   0.0211152   24       2537     
 9764.81 335     44410    -192.539   -192.518   0.0211152   24       2537     
 9765.49 335     44450    -192.539   -192.518   0.0211152   24       2537     
 9776.58 336     44541    -192.539   -192.518   0.0210912   28       2542     
 9777.17 336     44550    -192.539   -192.518   0.0210912   29       2542     
 9777.86 336     44600    -192.539   -192.518   0.0210912   29       2542     
 9788.6  337     44673    -192.539   -192.518   0.0210506   27       2547     
 9789.22 337     44700    -192.539   -192.518   0.0210506   28       2547     
 9798.23 338     44805    -192.539   -192.518   0.0210321   27       2551     
 9798.76 338     44806    -192.539   -192.518   0.0210321   26       2551     
 9799.44 338     44850    -192.539   -192.518   0.0210321   26       2551     
 9808.56 339     44937    -192.539   -192.518   0.0210089   25       2555     
 9809.1  339     44950    -192.539   -192.518   0.0210089   25       2555     
 9815.69 339     45000    -192.539   -192.518   0.0210089   27       2558     
 9820.54 340     45069    -192.539   -192.518   0.0209982   23       2560     
 9821.14 340     45100    -192.539   -192.518   0.0209982   23       2560     
 9831.81 341     45201    -192.539   -192.518   0.0209792   25       2565     
 9832.31 341     45202    -192.539   -192.518   0.0209792   25       2565     
 9832.97 341     45250    -192.539   -192.518   0.0209792   25       2565     
 9845.55 342     45333    -192.539   -192.518   0.0209493   26       2571     
 9846.15 342     45350    -192.539   -192.518   0.0209493   26       2571     
 9877.93 343     45465    -192.539   -192.518   0.02092     28       2586     
 9878.46 343     45466    -192.539   -192.518   0.02092     29       2586     
 9890.97 343     45500    -192.539   -192.518   0.02092     30       2592     
 9900.49 344     45597    -192.539   -192.518   0.0208754   27       2596     
 9901.04 344     45600    -192.539   -192.518   0.0208754   26       2596     
 9901.79 344     45650    -192.539   -192.518   0.0208754   26       2596     
 9915.8  345     45729    -192.539   -192.518   0.0208056   27       2602     
 9916.42 345     45750    -192.539   -192.518   0.0208056   27       2602     
 9929.2  346     45861    -192.539   -192.518   0.0207785   26       2608     
 9929.74 346     45862    -192.539   -192.518   0.0207785   26       2608     
 9930.41 346     45900    -192.539   -192.518   0.0207785   26       2608     
 9945.73 347     45993    -192.539   -192.518   0.0207501   27       2615     
 9946.32 347     46000    -192.539   -192.518   0.0207501   27       2615     
 9947.03 347     46050    -192.539   -192.518   0.0207501   27       2615     
 9963.11 348     46125    -192.539   -192.518   0.0206732   27       2622     
 9963.74 348     46150    -192.539   -192.518   0.0206732   28       2622     
 9977.13 349     46257    -192.539   -192.518   0.0206493   28       2628     
 9977.64 349     46258    -192.539   -192.518   0.0206493   28       2628     
 9978.37 349     46300    -192.539   -192.518   0.0206493   28       2628     
 9999.67 350     46389    -192.539   -192.518   0.0206241   29       2638     
 10000.3 350     46400    -192.539   -192.518   0.0206241   29       2638     
-------------------------------------------------------------------------------

SARSOP finishing ...
  Preset timeout reached
  Timeout     : 10000.000000s
  Actual Time : 10000.280000s

-------------------------------------------------------------------------------
 Time   |#Trial |#Backup |LBound    |UBound    |Precision  |#Alphas |#Beliefs  
-------------------------------------------------------------------------------
 10000.3 350     46400    -192.539   -192.518   0.0206241   29       2638     
-------------------------------------------------------------------------------

Writing out policy ...
  output file : RAM4_small/3e57963970.policyx

