
Loading the model ...
  input file   : /home/rstudio/RAM4_small/3e57d59ee5.pomdpx
  loading time : 4.61s 

SARSOP initializing ...
  initialization time : 1393.49s

-------------------------------------------------------------------------------
 Time   |#Trial |#Backup |LBound    |UBound    |Precision  |#Alphas |#Beliefs  
-------------------------------------------------------------------------------
 1393.49 0       0        -9590.2    -8808.1    782.092     101      1        
 1393.82 0       50       -9589.18   -9505.11   84.0675     65       6        
 1393.97 0       100      -9589.18   -9505.11   84.0675     60       6        
 1394.13 0       150      -9589.18   -9505.11   84.0675     66       6        
 1395.28 1       319      -9546.9    -9505.14   41.7606     60       11       
 1395.28 1       320      -9546.9    -9505.14   41.7606     61       11       
 1395.29 1       321      -9546.9    -9505.14   41.7606     62       11       
 1395.33 1       350      -9546.9    -9505.14   41.7606     69       11       
 1395.4  1       400      -9546.9    -9505.14   41.7606     64       11       
 1400.44 2       579      -9518.2    -9505.26   12.9356     13       35       
 1400.67 2       580      -9518.2    -9505.26   12.9356     11       36       
 1400.95 2       581      -9518.2    -9505.26   12.9356     11       37       
 1401.8  2       600      -9518.2    -9505.26   12.9356     9        41       
 1401.86 2       650      -9518.2    -9505.26   12.9356     9        41       
 1405.9  2       700      -9518.2    -9505.26   12.9356     11       54       
 1412.6  3       857      -9510.51   -9505.34   5.16443     10       65       
 1412.62 3       858      -9510.51   -9505.34   5.16443     9        65       
 1413.09 3       859      -9510.51   -9505.34   5.16443     9        66       
 1414.04 3       900      -9510.51   -9505.34   5.16443     9        68       
 1415.05 3       950      -9510.51   -9505.34   5.16443     10       70       
 1421.53 3       1000     -9510.51   -9505.34   5.16443     12       82       
 1429.17 4       1179     -9508.61   -9505.38   3.23784     15       91       
 1429.77 4       1180     -9508.61   -9505.38   3.23784     15       92       
 1430.39 4       1181     -9508.61   -9505.38   3.23784     15       93       
 1430.45 4       1200     -9508.61   -9505.38   3.23784     15       93       
 1435.06 4       1250     -9508.61   -9505.38   3.23784     13       101      
 1436.43 4       1300     -9508.61   -9505.38   3.23784     14       103      
 1454.03 5       1505     -9507.36   -9505.39   1.97662     14       124      
 1454.81 5       1506     -9507.36   -9505.39   1.97662     14       125      
 1455.3  5       1507     -9507.36   -9505.39   1.97662     14       126      
 1455.33 5       1508     -9507.36   -9505.39   1.97662     14       126      
 1457.27 5       1550     -9507.36   -9505.39   1.97662     15       129      
 1463.94 5       1600     -9507.36   -9505.39   1.97662     14       138      
 1480.66 5       1650     -9507.36   -9505.39   1.97662     17       155      
 1482.35 6       1797     -9506.46   -9505.4    1.05803     17       156      
 1483.24 6       1798     -9506.46   -9505.4    1.05803     17       157      
 1485.05 6       1800     -9506.46   -9505.4    1.05803     17       159      
 1486.01 6       1850     -9506.46   -9505.4    1.05803     17       160      
 1489.4  6       1900     -9506.46   -9505.4    1.05803     17       164      
 1505.41 6       1950     -9506.46   -9505.4    1.05803     19       179      
 1513.67 7       2115     -9506.13   -9505.42   0.7121      20       184      
 1514.5  7       2116     -9506.13   -9505.42   0.7121      20       185      
 1514.54 7       2117     -9506.13   -9505.42   0.7121      20       185      
 1518.13 7       2150     -9506.13   -9505.42   0.7121      19       189      
 1527.65 7       2200     -9506.13   -9505.42   0.7121      19       199      
 1551.34 7       2250     -9506.13   -9505.42   0.7121      23       221      
 1561.92 8       2401     -9505.85   -9505.43   0.416023    25       226      
 1563.07 8       2402     -9505.85   -9505.43   0.416023    25       227      
 1564.48 8       2403     -9505.85   -9505.43   0.416023    25       228      
 1579.44 8       2450     -9505.85   -9505.43   0.416023    25       240      
 1607.31 8       2500     -9505.85   -9505.43   0.416023    25       261      
 1664.76 9       2691     -9505.73   -9505.45   0.28168     27       291      
 1666.42 9       2692     -9505.73   -9505.45   0.28168     27       292      
 1666.51 9       2693     -9505.73   -9505.45   0.28168     28       292      
 1666.59 9       2700     -9505.73   -9505.45   0.28168     28       292      
 1666.77 9       2750     -9505.73   -9505.45   0.28168     28       292      
 1668.17 9       2800     -9505.73   -9505.45   0.28168     28       293      
 1715.25 10      2983     -9505.68   -9505.46   0.220243    27       315      
 1716.65 10      2984     -9505.68   -9505.46   0.220243    27       316      
 1716.73 10      2985     -9505.68   -9505.46   0.220243    27       316      
 1736.28 10      3000     -9505.68   -9505.46   0.220243    27       328      
 1741.11 10      3050     -9505.68   -9505.46   0.220243    27       331      
 1781.69 10      3100     -9505.68   -9505.46   0.220243    27       354      
 1799.86 11      3237     -9505.61   -9505.48   0.136319    30       360      
 1801.25 11      3238     -9505.61   -9505.48   0.136319    30       361      
 1815.29 11      3250     -9505.61   -9505.48   0.136319    31       370      
 1891.24 11      3300     -9505.61   -9505.48   0.136319    31       411      
 1920.34 11      3350     -9505.61   -9505.48   0.136319    30       423      
 1946.6  12      3489     -9505.58   -9505.49   0.0939976   33       431      
 1948.24 12      3490     -9505.58   -9505.49   0.0939976   33       432      
 1967.27 12      3500     -9505.58   -9505.49   0.0939976   33       441      
 2033.52 12      3550     -9505.58   -9505.49   0.0939976   34       470      
 2077.92 12      3600     -9505.58   -9505.49   0.0939976   32       488      
 2110    13      3737     -9505.56   -9505.5    0.0579741   34       497      
 2111.73 13      3738     -9505.56   -9505.5    0.0579741   34       498      
 2131.27 13      3750     -9505.56   -9505.5    0.0579741   35       507      
 2251.09 13      3800     -9505.56   -9505.5    0.0579741   36       554      
 2394.99 13      3850     -9505.56   -9505.5    0.0579741   36       601      
 2408.71 14      3973     -9505.54   -9505.51   0.032667    38       605      
 2412.52 14      3974     -9505.54   -9505.51   0.032667    38       606      
 2484.32 14      4000     -9505.54   -9505.51   0.032667    37       630      
 2630.75 14      4050     -9505.54   -9505.51   0.032667    37       676      
 2719.27 15      4179     -9505.53   -9505.51   0.0187812   39       700      
 2724.16 15      4180     -9505.53   -9505.51   0.0187812   39       701      
 2787.53 15      4200     -9505.53   -9505.51   0.0187812   40       720      
 2950.43 15      4250     -9505.53   -9505.51   0.0187812   39       768      
 2986.97 16      4339     -9505.53   -9505.51   0.0133015   39       777      
 3026.38 16      4350     -9505.53   -9505.51   0.0133015   41       788      
 3202.56 17      4453     -9505.53   -9505.51   0.0104695   41       833      
 3205.04 17      4454     -9505.53   -9505.51   0.0104695   41       834      
 3293.8  20      4500     -9505.52   -9505.52   0.00867706  42       854      
 3377.63 30      4550     -9505.52   -9505.52   0.00592554  44       872      
 3448.5  43      4601     -9505.52   -9505.52   0.0056127   44       887      
 3535.64 58      4651     -9505.52   -9505.52   0.00381864  42       902      
 3617.43 70      4700     -9505.52   -9505.52   0.00351439  43       917      
 3703.47 84      4751     -9505.52   -9505.52   0.00267925  43       932      
 3803.92 96      4800     -9505.52   -9505.52   0.00217237  44       949      
 3890.04 109     4851     -9505.52   -9505.52   0.000993498 46       963      
 3981.64 122     4900     -9505.52   -9505.52   0.00016279  46       978      
 4020.71 129     4925     -9505.52   -9505.52   -8.3821e-05 50       984      
-------------------------------------------------------------------------------

SARSOP finishing ...
  target precision reached
  target precision  : 0.000000
  precision reached : -0.000084 

-------------------------------------------------------------------------------
 Time   |#Trial |#Backup |LBound    |UBound    |Precision  |#Alphas |#Beliefs  
-------------------------------------------------------------------------------
 4020.71 129     4925     -9505.52   -9505.52   -8.3821e-05 48       984      
-------------------------------------------------------------------------------

Writing out policy ...
  output file : RAM4_small/3e57d59ee5.policyx

