
Loading the model ...
  input file   : /home/rstudio/RAM4_small/3e5e6d6521.pomdpx
  loading time : 4.68s 

SARSOP initializing ...
  initialization time : 7993.93s

-------------------------------------------------------------------------------
 Time   |#Trial |#Backup |LBound    |UBound    |Precision  |#Alphas |#Beliefs  
-------------------------------------------------------------------------------
 7993.93 0       0        -317.845   -308.291   9.5539      101      1        
 7994.69 1       50       -316.347   -308.566   7.78137     13       20       
 7994.84 1       100      -314.196   -308.566   5.63042     7        20       
 7994.97 1       150      -314.196   -308.566   5.63042     14       23       
 7995.11 2       205      -313.05    -308.566   4.48448     5        24       
 7995.39 2       250      -313.05    -308.566   4.48448     32       30       
 7995.8  3       319      -312.143   -308.566   3.57729     7        35       
 7995.84 3       350      -312.143   -308.566   3.57729     23       35       
 7996.29 4       441      -311.597   -308.566   3.03098     13       42       
 7996.31 4       450      -311.597   -308.566   3.03098     22       42       
 7996.37 4       500      -311.597   -308.566   3.03098     16       42       
 7996.6  5       571      -311.241   -308.566   2.67564     13       45       
 7996.64 5       600      -311.241   -308.566   2.67564     23       45       
 7996.92 6       703      -310.982   -308.566   2.41648     11       48       
 7996.93 6       704      -310.982   -308.566   2.41648     12       48       
 7996.98 6       750      -310.982   -308.566   2.41648     20       48       
 7997.24 7       837      -310.772   -308.566   2.20633     19       51       
 7997.27 7       850      -310.772   -308.566   2.20633     20       51       
 7997.33 7       900      -310.772   -308.566   2.20633     24       51       
 7997.51 8       969      -310.602   -308.566   2.0363      18       52       
 7997.55 8       1000     -310.602   -308.566   2.0363      17       52       
 7997.99 9       1101     -310.447   -308.566   1.88152     14       58       
 7998    9       1102     -310.447   -308.566   1.88152     15       58       
 7998.06 9       1150     -310.447   -308.566   1.88152     24       58       
 7998.38 10      1237     -310.329   -308.566   1.76326     16       62       
 7998.4  10      1250     -310.329   -308.566   1.76326     17       62       
 7998.47 10      1300     -310.329   -308.566   1.76326     19       62       
 7998.79 11      1373     -310.232   -308.566   1.66666     16       66       
 7998.84 11      1400     -310.232   -308.566   1.66666     24       66       
 7999.13 12      1507     -310.13    -308.566   1.56473     28       69       
 7999.15 12      1508     -310.13    -308.566   1.56473     29       69       
 7999.21 12      1550     -310.13    -308.566   1.56473     48       69       
 7999.63 13      1643     -310.065   -308.566   1.49953     30       73       
 7999.66 13      1650     -310.065   -308.566   1.49953     37       73       
 7999.73 13      1700     -310.065   -308.566   1.49953     9        73       
 8000.58 14      1779     -310.004   -308.566   1.43779     15       81       
 8000.62 14      1800     -310.004   -308.566   1.43779     15       81       
 8000.86 15      1915     -309.942   -308.566   1.37612     14       82       
 8000.87 15      1916     -309.942   -308.566   1.37612     14       82       
 8000.93 15      1950     -309.942   -308.566   1.37612     11       82       
 8001.26 16      2051     -309.898   -308.566   1.33192     11       85       
 8001.28 16      2052     -309.898   -308.566   1.33192     11       85       
 8001.34 16      2100     -309.898   -308.566   1.33192     11       85       
 8001.63 17      2187     -309.834   -308.566   1.26865     13       87       
 8001.66 17      2200     -309.834   -308.566   1.26865     12       87       
 8001.77 17      2250     -309.834   -308.566   1.26865     13       88       
 8002.25 18      2323     -309.776   -308.566   1.21069     10       92       
 8002.3  18      2350     -309.776   -308.566   1.21069     8        92       
 8003.08 19      2461     -309.726   -308.566   1.16021     7        99       
 8003.1  19      2462     -309.726   -308.566   1.16021     7        99       
 8003.16 19      2500     -309.726   -308.566   1.16021     5        99       
 8005.56 20      2597     -309.673   -308.566   1.10698     7        114      
 8005.58 20      2600     -309.673   -308.566   1.10698     6        114      
 8005.66 20      2650     -309.673   -308.566   1.10698     6        114      
 8006.03 21      2735     -309.628   -308.566   1.06245     5        116      
 8006.07 21      2750     -309.628   -308.566   1.06245     6        116      
 8006.52 21      2800     -309.628   -308.566   1.06245     8        120      
 8006.94 22      2871     -309.6     -308.566   1.03451     9        122      
 8006.99 22      2900     -309.6     -308.566   1.03451     6        122      
 8008.14 23      3007     -309.567   -308.566   1.00148     7        130      
 8008.17 23      3008     -309.567   -308.566   1.00148     7        130      
 8008.24 23      3050     -309.567   -308.566   1.00148     5        130      
 8009.28 24      3143     -309.524   -308.566   0.957935    6        138      
 8009.31 24      3150     -309.524   -308.566   0.957935    6        138      
 8009.54 24      3200     -309.524   -308.566   0.957935    7        140      
 8011.1  25      3279     -309.475   -308.566   0.908781    7        150      
 8011.16 25      3300     -309.475   -308.566   0.908781    7        150      
 8012.32 26      3417     -309.446   -308.566   0.88017     7        157      
 8012.48 26      3418     -309.446   -308.566   0.88017     8        158      
 8013.25 26      3450     -309.446   -308.566   0.88017     9        163      
 8014.64 27      3555     -309.429   -308.566   0.862679    12       168      
 8014.67 27      3556     -309.429   -308.566   0.862679    12       168      
 8014.77 27      3600     -309.429   -308.566   0.862679    8        168      
 8016.38 28      3693     -309.397   -308.566   0.830774    8        176      
 8016.42 28      3700     -309.397   -308.566   0.830774    6        176      
 8016.51 28      3750     -309.397   -308.566   0.830774    6        176      
 8017.06 29      3831     -309.37    -308.566   0.804435    8        179      
 8017.11 29      3850     -309.37    -308.566   0.804435    6        179      
 8018.3  30      3900     -309.37    -308.566   0.804435    9        186      
 8018.49 30      3969     -309.344   -308.566   0.777877    9        186      
 8018.56 30      4000     -309.344   -308.566   0.777877    7        186      
 8019.28 31      4107     -309.318   -308.566   0.751749    9        190      
 8019.32 31      4108     -309.318   -308.566   0.751749    9        190      
 8019.41 31      4150     -309.318   -308.566   0.751749    7        190      
 8020.38 32      4245     -309.292   -308.566   0.726532    9        195      
 8020.43 32      4250     -309.292   -308.566   0.726532    8        195      
 8020.52 32      4300     -309.292   -308.566   0.726532    8        195      
 8020.84 33      4381     -309.277   -308.566   0.711552    11       196      
 8020.9  33      4400     -309.277   -308.566   0.711552    10       196      
 8022.86 34      4517     -309.254   -308.566   0.687781    8        205      
 8022.9  34      4518     -309.254   -308.566   0.687781    8        205      
 8022.98 34      4550     -309.254   -308.566   0.687781    7        205      
 8024.34 35      4653     -309.232   -308.566   0.665639    8        212      
 8024.38 35      4654     -309.232   -308.566   0.665639    8        212      
 8024.48 35      4700     -309.232   -308.566   0.665639    7        212      
 8026.62 36      4791     -309.209   -308.566   0.643382    9        222      
 8027.5  36      4800     -309.209   -308.566   0.643382    8        227      
 8027.61 36      4850     -309.209   -308.566   0.643382    8        227      
 8029.12 37      4927     -309.194   -308.566   0.627806    9        232      
 8029.19 37      4950     -309.194   -308.566   0.627806    8        232      
 8030.25 38      5063     -309.173   -308.566   0.607323    8        237      
 8030.3  38      5064     -309.173   -308.566   0.607323    8        237      
 8030.38 38      5100     -309.173   -308.566   0.607323    8        237      
 8031.87 39      5199     -309.157   -308.566   0.591141    10       244      
 8031.92 39      5200     -309.157   -308.566   0.591141    10       244      
 8032.03 39      5250     -309.157   -308.566   0.591141    9        244      
 8034.16 40      5335     -309.137   -308.566   0.570831    9        253      
 8034.23 40      5350     -309.137   -308.566   0.570831    9        253      
 8035.64 40      5400     -309.137   -308.566   0.570831    10       261      
 8036.32 41      5471     -309.121   -308.566   0.555417    11       263      
 8036.41 41      5500     -309.121   -308.566   0.555417    9        263      
 8037.41 42      5607     -309.107   -308.566   0.540966    8        269      
 8037.47 42      5608     -309.107   -308.566   0.540966    8        269      
 8037.57 42      5650     -309.107   -308.566   0.540966    8        269      
 8037.81 43      5743     -309.093   -308.566   0.526573    8        269      
 8037.87 43      5750     -309.093   -308.566   0.526573    8        269      
 8037.99 43      5800     -309.093   -308.566   0.526573    8        269      
 8038.52 44      5879     -309.077   -308.566   0.510748    9        271      
 8038.6  44      5900     -309.077   -308.566   0.510748    8        271      
 8040.61 45      6017     -309.064   -308.566   0.497772    8        279      
 8040.66 45      6018     -309.064   -308.566   0.497772    8        279      
 8040.76 45      6050     -309.064   -308.566   0.497772    8        279      
 8041.59 46      6153     -309.052   -308.566   0.485773    9        282      
 8041.88 46      6154     -309.052   -308.566   0.485773    9        283      
 8043.08 46      6200     -309.052   -308.566   0.485773    9        288      
 8044.19 47      6289     -309.04    -308.566   0.473548    9        291      
 8044.27 47      6300     -309.04    -308.566   0.473548    9        291      
 8044.39 47      6350     -309.04    -308.566   0.473548    9        291      
 8045.78 48      6425     -309.028   -308.566   0.462394    10       296      
 8045.88 48      6450     -309.028   -308.566   0.462394    9        296      
 8047.97 49      6563     -309.015   -308.566   0.449171    9        304      
 8048.03 49      6564     -309.015   -308.566   0.449171    9        304      
 8048.14 49      6600     -309.015   -308.566   0.449171    8        304      
 8049.77 50      6699     -309.006   -308.566   0.440221    10       310      
 8049.83 50      6700     -309.006   -308.566   0.440221    9        310      
 8050.86 50      6750     -309.006   -308.566   0.440221    9        315      
 8053.27 51      6835     -308.993   -308.566   0.42687     11       322      
 8053.36 51      6850     -308.993   -308.566   0.42687     10       322      
 8054.35 51      6900     -308.993   -308.566   0.42687     10       326      
 8055.13 52      6971     -308.984   -308.566   0.41833     10       328      
 8055.24 52      7000     -308.984   -308.566   0.41833     10       328      
 8057.13 53      7107     -308.972   -308.566   0.405971    11       334      
 8057.2  53      7108     -308.972   -308.566   0.405971    11       334      
 8057.32 53      7150     -308.972   -308.566   0.405971    10       334      
 8058.67 54      7243     -308.965   -308.566   0.398419    10       338      
 8058.76 54      7250     -308.965   -308.566   0.398419    10       338      
 8058.9  54      7300     -308.965   -308.566   0.398419    10       338      
 8060.43 55      7379     -308.957   -308.566   0.390462    10       343      
 8060.52 55      7400     -308.957   -308.566   0.390462    10       343      
 8062.41 56      7515     -308.947   -308.566   0.380807    10       349      
 8062.47 56      7516     -308.947   -308.566   0.380807    10       349      
 8062.6  56      7550     -308.947   -308.566   0.380807    10       349      
 8064.43 57      7651     -308.938   -308.566   0.371824    10       354      
 8064.5  57      7652     -308.938   -308.566   0.371824    10       354      
 8064.64 57      7700     -308.938   -308.566   0.371824    10       354      
 8066.49 58      7787     -308.928   -308.566   0.362026    10       360      
 8066.58 58      7800     -308.928   -308.566   0.362026    10       360      
 8068.89 58      7850     -308.928   -308.566   0.362026    11       368      
 8070.64 59      7923     -308.921   -308.566   0.355216    11       372      
 8070.75 59      7950     -308.921   -308.566   0.355216    10       372      
 8073.73 60      8059     -308.911   -308.566   0.345008    11       380      
 8073.8  60      8060     -308.911   -308.566   0.345008    11       380      
 8073.94 60      8100     -308.911   -308.566   0.345008    11       380      
 8075.41 61      8195     -308.902   -308.566   0.336098    10       384      
 8075.49 61      8200     -308.902   -308.566   0.336098    10       384      
 8075.64 61      8250     -308.902   -308.566   0.336098    10       384      
 8078.14 62      8331     -308.891   -308.566   0.324939    12       391      
 8078.25 62      8350     -308.891   -308.566   0.324939    11       391      
 8080.25 63      8467     -308.883   -308.566   0.31698     9        396      
 8080.33 63      8468     -308.883   -308.566   0.31698     10       396      
 8080.46 63      8500     -308.883   -308.566   0.31698     10       396      
 8082.85 64      8603     -308.876   -308.566   0.309728    10       402      
 8082.94 64      8604     -308.876   -308.566   0.309728    10       402      
 8085.89 64      8650     -308.876   -308.566   0.309728    10       410      
 8089.11 65      8739     -308.867   -308.566   0.300524    10       417      
 8093.61 65      8750     -308.867   -308.566   0.300524    10       428      
 8096.16 65      8800     -308.867   -308.566   0.300524    11       433      
 8099.26 66      8875     -308.858   -308.566   0.29133     13       438      
 8100.54 66      8900     -308.858   -308.566   0.29133     11       442      
 8103.35 67      9011     -308.85    -308.566   0.284151    11       448      
 8103.44 67      9012     -308.85    -308.566   0.284151    12       448      
 8103.59 67      9050     -308.85    -308.566   0.284151    12       448      
 8111.41 68      9149     -308.846   -308.566   0.27927     12       465      
 8111.5  68      9150     -308.846   -308.566   0.27927     12       465      
 8111.68 68      9200     -308.846   -308.566   0.27927     12       465      
 8114.95 69      9285     -308.841   -308.566   0.274657    14       472      
 8117.07 69      9300     -308.841   -308.566   0.274657    14       477      
 8122.01 69      9350     -308.841   -308.566   0.274657    17       486      
 8123.5  70      9421     -308.833   -308.566   0.266521    14       488      
 8123.66 70      9450     -308.833   -308.566   0.266521    11       488      
 8124.4  71      9557     -308.827   -308.566   0.260462    10       489      
 8124.5  71      9558     -308.827   -308.566   0.260462    10       489      
 8126.9  71      9600     -308.827   -308.566   0.260462    10       495      
 8132.22 72      9695     -308.823   -308.567   0.256847    14       505      
 8134.35 72      9700     -308.823   -308.567   0.256847    13       510      
 8135.16 72      9750     -308.823   -308.567   0.256847    12       512      
 8141.49 73      9831     -308.817   -308.567   0.250248    12       524      
 8145.13 73      9850     -308.817   -308.567   0.250248    12       532      
 8159.52 74      9967     -308.814   -308.567   0.247312    12       555      
 8159.63 74      9968     -308.814   -308.567   0.247312    12       555      
 8159.8  74      10000    -308.814   -308.567   0.247312    11       555      
 8164.87 75      10103    -308.808   -308.567   0.240956    13       564      
 8164.98 75      10104    -308.808   -308.567   0.240956    14       564      
 8165.18 75      10150    -308.808   -308.567   0.240956    12       564      
 8169.35 76      10239    -308.803   -308.567   0.236736    13       571      
 8169.49 76      10250    -308.803   -308.567   0.236736    14       571      
 8169.69 76      10300    -308.803   -308.567   0.236736    14       571      
 8172.48 77      10375    -308.8     -308.567   0.23334     16       576      
 8175.16 77      10400    -308.8     -308.567   0.23334     15       581      
 8176.71 78      10509    -308.794   -308.567   0.227156    15       583      
 8176.82 78      10510    -308.794   -308.567   0.227156    13       583      
 8177    78      10550    -308.794   -308.567   0.227156    10       583      
 8180.4  79      10645    -308.79    -308.567   0.223335    12       589      
 8180.52 79      10650    -308.79    -308.567   0.223335    13       589      
 8180.72 79      10700    -308.79    -308.567   0.223335    12       589      
 8184.05 80      10783    -308.786   -308.567   0.219472    13       595      
 8184.2  80      10800    -308.786   -308.567   0.219472    13       595      
 8186.83 80      10850    -308.786   -308.567   0.219472    13       600      
 8187.63 81      10921    -308.783   -308.567   0.215704    12       601      
 8187.8  81      10950    -308.783   -308.567   0.215704    12       601      
 8189.99 82      11057    -308.779   -308.567   0.211985    12       605      
 8190.12 82      11058    -308.779   -308.567   0.211985    12       605      
 8190.31 82      11100    -308.779   -308.567   0.211985    11       605      
 8194.1  83      11193    -308.775   -308.567   0.207929    15       612      
 8197.88 83      11200    -308.775   -308.567   0.207929    14       619      
 8198.11 83      11250    -308.775   -308.567   0.207929    13       619      
 8200.95 84      11327    -308.772   -308.567   0.205321    15       623      
 8203.32 84      11350    -308.772   -308.567   0.205321    14       628      
 8206.99 85      11461    -308.769   -308.567   0.201747    13       634      
 8207.12 85      11462    -308.769   -308.567   0.201747    13       634      
 8208.92 85      11500    -308.769   -308.567   0.201747    13       638      
 8213.38 86      11595    -308.766   -308.567   0.199365    14       646      
 8213.52 86      11600    -308.766   -308.567   0.199365    14       646      
 8217.43 86      11650    -308.766   -308.567   0.199365    16       653      
 8225.75 87      11729    -308.763   -308.567   0.195754    14       665      
 8229.39 87      11750    -308.763   -308.567   0.195754    13       671      
 8232.48 88      11863    -308.757   -308.567   0.190536    16       675      
 8232.61 88      11864    -308.757   -308.567   0.190536    15       675      
 8232.8  88      11900    -308.757   -308.567   0.190536    14       675      
 8234.72 89      11999    -308.755   -308.567   0.187689    13       678      
 8234.85 89      12000    -308.755   -308.567   0.187689    14       678      
 8236.15 89      12050    -308.755   -308.567   0.187689    14       681      
 8239.28 90      12137    -308.752   -308.567   0.185046    14       686      
 8239.44 90      12150    -308.752   -308.567   0.185046    13       686      
 8239.67 90      12200    -308.752   -308.567   0.185046    13       686      
 8241.7  91      12275    -308.749   -308.567   0.182012    13       689      
 8241.88 91      12300    -308.749   -308.567   0.182012    14       689      
 8245.73 92      12413    -308.747   -308.567   0.179789    14       695      
 8245.87 92      12414    -308.747   -308.567   0.179789    14       695      
 8246.07 92      12450    -308.747   -308.567   0.179789    14       695      
 8252.04 93      12549    -308.745   -308.567   0.177932    14       704      
 8252.18 93      12550    -308.745   -308.567   0.177932    15       704      
 8252.41 93      12600    -308.745   -308.567   0.177932    15       704      
 8257.94 94      12685    -308.742   -308.567   0.174595    14       712      
 8258.11 94      12700    -308.742   -308.567   0.174595    13       712      
 8260.63 94      12750    -308.742   -308.567   0.174595    15       716      
 8262.24 95      12821    -308.739   -308.567   0.172455    14       718      
 8269.68 95      12850    -308.739   -308.567   0.172455    13       730      
 8277.92 96      12957    -308.737   -308.567   0.16988     15       740      
 8278.06 96      12958    -308.737   -308.567   0.16988     16       740      
 8278.28 96      13000    -308.737   -308.567   0.16988     16       740      
 8281.08 97      13091    -308.734   -308.567   0.166579    14       744      
 8283.38 97      13100    -308.734   -308.567   0.166579    15       748      
 8283.61 97      13150    -308.734   -308.567   0.166579    15       748      
 8288.78 98      13227    -308.733   -308.567   0.165501    19       755      
 8288.98 98      13250    -308.733   -308.567   0.165501    17       755      
 8295.6  99      13363    -308.73    -308.567   0.162797    14       764      
 8295.75 99      13364    -308.73    -308.567   0.162797    15       764      
 8295.96 99      13400    -308.73    -308.567   0.162797    15       764      
 8299.85 100     13501    -308.727   -308.567   0.160274    15       769      
 8300    100     13502    -308.727   -308.567   0.160274    15       769      
 8300.25 100     13550    -308.727   -308.567   0.160274    15       769      
 8308.06 101     13637    -308.725   -308.567   0.157557    16       779      
 8310.48 101     13650    -308.725   -308.567   0.157557    16       783      
 8310.73 101     13700    -308.725   -308.567   0.157557    16       783      
 8314    102     13773    -308.723   -308.567   0.156058    16       787      
 8314.21 102     13800    -308.723   -308.567   0.156058    14       787      
 8318.86 103     13909    -308.722   -308.567   0.154477    16       793      
 8319.02 103     13910    -308.722   -308.567   0.154477    17       793      
 8319.24 103     13950    -308.722   -308.567   0.154477    17       793      
 8328.85 104     14045    -308.72    -308.567   0.152865    15       806      
 8329.03 104     14050    -308.72    -308.567   0.152865    15       806      
 8329.29 104     14100    -308.72    -308.567   0.152865    15       806      
 8334.52 105     14179    -308.718   -308.567   0.151417    15       813      
 8334.72 105     14200    -308.718   -308.567   0.151417    14       813      
 8338.7  106     14313    -308.716   -308.567   0.149371    15       818      
 8338.88 106     14314    -308.716   -308.567   0.149371    15       818      
 8339.14 106     14350    -308.716   -308.567   0.149371    15       818      
 8343.37 107     14447    -308.713   -308.567   0.146269    16       823      
 8344.27 107     14450    -308.713   -308.567   0.146269    16       824      
 8348.27 107     14500    -308.713   -308.567   0.146269    16       829      
 8360.15 108     14583    -308.712   -308.567   0.144901    17       843      
 8362.15 108     14600    -308.712   -308.567   0.144901    16       846      
 8372.74 108     14650    -308.712   -308.567   0.144901    19       859      
 8373.18 109     14719    -308.709   -308.567   0.141589    14       859      
 8376.69 109     14750    -308.709   -308.567   0.141589    14       864      
 8388.76 110     14855    -308.707   -308.567   0.140078    14       877      
 8388.93 110     14856    -308.707   -308.567   0.140078    14       877      
 8391.47 110     14900    -308.707   -308.567   0.140078    14       880      
 8401.57 111     14991    -308.705   -308.567   0.137782    12       890      
 8401.77 111     15000    -308.705   -308.567   0.137782    12       890      
 8408.55 111     15050    -308.705   -308.567   0.137782    13       898      
 8417.07 112     15127    -308.704   -308.567   0.136681    14       906      
 8417.31 112     15150    -308.704   -308.567   0.136681    15       906      
 8428.95 113     15261    -308.702   -308.567   0.135126    14       918      
 8429.13 113     15262    -308.702   -308.567   0.135126    15       918      
 8432.93 113     15300    -308.702   -308.567   0.135126    15       923      
 8441.25 114     15395    -308.701   -308.567   0.134075    15       932      
 8445.79 114     15400    -308.701   -308.567   0.134075    15       937      
 8446.62 114     15450    -308.701   -308.567   0.134075    16       938      
 8453.01 115     15529    -308.698   -308.567   0.131363    16       945      
 8453.24 115     15550    -308.698   -308.567   0.131363    15       945      
 8463.07 116     15663    -308.697   -308.567   0.130214    18       955      
 8463.27 116     15664    -308.697   -308.567   0.130214    19       955      
 8468.49 116     15700    -308.697   -308.567   0.130214    18       961      
 8482.02 117     15797    -308.696   -308.567   0.128625    16       973      
 8482.22 117     15800    -308.696   -308.567   0.128625    16       973      
 8486.63 117     15850    -308.696   -308.567   0.128625    16       979      
 8493.94 118     15933    -308.694   -308.567   0.126905    15       986      
 8494.17 118     15950    -308.694   -308.567   0.126905    14       986      
 8498.16 119     16000    -308.694   -308.567   0.126905    16       990      
 8498.56 119     16067    -308.693   -308.567   0.126239    16       990      
 8498.82 119     16100    -308.693   -308.567   0.126239    16       990      
 8504.22 120     16201    -308.692   -308.567   0.125365    16       996      
 8504.42 120     16202    -308.692   -308.567   0.125365    17       996      
 8504.71 120     16250    -308.692   -308.567   0.125365    17       996      
 8517.2  121     16335    -308.691   -308.567   0.123489    18       1009     
 8522.73 121     16350    -308.691   -308.567   0.123489    16       1015     
 8530.44 121     16400    -308.691   -308.567   0.123489    17       1022     
 8532.82 122     16471    -308.687   -308.567   0.120189    17       1024     
 8533.08 122     16500    -308.687   -308.567   0.120189    17       1024     
 8543.73 123     16607    -308.686   -308.567   0.119054    19       1034     
 8543.93 123     16608    -308.686   -308.567   0.119054    18       1034     
 8544.22 123     16650    -308.686   -308.567   0.119054    17       1034     
 8556.08 124     16741    -308.684   -308.567   0.116869    16       1047     
 8559.68 124     16750    -308.684   -308.567   0.116869    16       1051     
 8562.92 124     16800    -308.684   -308.567   0.116869    17       1054     
 8571.4  125     16877    -308.683   -308.567   0.115623    17       1062     
 8571.66 125     16900    -308.683   -308.567   0.115623    18       1062     
 8584.77 126     17013    -308.682   -308.567   0.114757    17       1074     
 8584.99 126     17014    -308.682   -308.567   0.114757    17       1074     
 8586.89 126     17050    -308.682   -308.567   0.114757    16       1076     
 8605.63 127     17147    -308.68    -308.567   0.112414    15       1092     
 8605.87 127     17150    -308.68    -308.567   0.112414    16       1092     
 8606.19 127     17200    -308.68    -308.567   0.112414    16       1092     
 8613.69 128     17283    -308.678   -308.567   0.111257    17       1099     
 8613.95 128     17300    -308.678   -308.567   0.111257    17       1099     
 8622.48 129     17350    -308.678   -308.567   0.111257    20       1107     
 8622.93 129     17417    -308.677   -308.567   0.109967    19       1107     
 8623.21 129     17450    -308.677   -308.567   0.109967    17       1107     
 8630.41 130     17551    -308.675   -308.567   0.108042    18       1114     
 8630.63 130     17552    -308.675   -308.567   0.108042    19       1114     
 8630.96 130     17600    -308.675   -308.567   0.108042    19       1114     
 8646.92 131     17685    -308.675   -308.567   0.107492    19       1129     
 8647.21 131     17700    -308.675   -308.567   0.107492    19       1129     
 8657.45 131     17750    -308.675   -308.567   0.107492    21       1139     
 8659.16 132     17819    -308.674   -308.567   0.106249    18       1140     
 8659.45 132     17850    -308.674   -308.567   0.106249    19       1140     
 8668.79 133     17953    -308.673   -308.567   0.105584    18       1148     
 8669.03 133     17954    -308.673   -308.567   0.105584    18       1148     
 8670.37 133     18000    -308.673   -308.567   0.105584    19       1149     
 8679.58 134     18085    -308.672   -308.567   0.104947    19       1157     
 8679.89 134     18100    -308.672   -308.567   0.104947    17       1157     
 8685.48 134     18150    -308.672   -308.567   0.104947    17       1162     
 8685.96 135     18217    -308.67    -308.567   0.102803    18       1162     
 8686.26 135     18250    -308.67    -308.567   0.102803    17       1162     
 8691.14 136     18351    -308.669   -308.567   0.101362    18       1166     
 8691.38 136     18352    -308.669   -308.567   0.101362    18       1166     
 8691.7  136     18400    -308.669   -308.567   0.101362    17       1166     
 8697.42 137     18487    -308.668   -308.567   0.100561    17       1171     
 8697.68 137     18500    -308.668   -308.567   0.100561    17       1171     
 8702.32 137     18550    -308.668   -308.567   0.100561    17       1175     
 8705.85 138     18621    -308.667   -308.567   0.099647    17       1178     
 8706.14 138     18650    -308.667   -308.567   0.099647    18       1178     
 8714.24 139     18755    -308.666   -308.567   0.0988524   16       1185     
 8714.48 139     18756    -308.666   -308.567   0.0988524   16       1185     
 8714.79 139     18800    -308.666   -308.567   0.0988524   16       1185     
 8722.62 140     18889    -308.666   -308.567   0.0982369   15       1192     
 8727.93 140     18900    -308.666   -308.567   0.0982369   15       1197     
 8728.28 140     18950    -308.666   -308.567   0.0982369   17       1197     
 8734.12 141     19023    -308.664   -308.567   0.0964753   14       1202     
 8740.42 141     19050    -308.664   -308.567   0.0964753   16       1208     
 8750.48 142     19157    -308.663   -308.567   0.0954472   18       1216     
 8750.72 142     19158    -308.663   -308.567   0.0954472   19       1216     
 8751.05 142     19200    -308.663   -308.567   0.0954472   17       1216     
 8755.95 143     19293    -308.662   -308.567   0.0942715   16       1220     
 8759.39 143     19300    -308.662   -308.567   0.0942715   19       1223     
 8776.07 143     19350    -308.662   -308.567   0.0942715   18       1237     
 8790.24 144     19429    -308.661   -308.567   0.093598    18       1247     
 8790.54 144     19450    -308.661   -308.567   0.093598    18       1247     
 8803.66 145     19563    -308.66    -308.567   0.0930142   19       1258     
 8803.91 145     19564    -308.66    -308.567   0.0930142   20       1258     
 8804.24 145     19600    -308.66    -308.567   0.0930142   20       1258     
 8818.45 146     19697    -308.66    -308.567   0.0924546   19       1270     
 8818.71 146     19700    -308.66    -308.567   0.0924546   19       1270     
 8819.08 146     19750    -308.66    -308.567   0.0924546   19       1270     
 8824.14 147     19829    -308.659   -308.567   0.0919467   18       1274     
 8824.45 147     19850    -308.659   -308.567   0.0919467   18       1274     
 8837.63 148     19961    -308.658   -308.567   0.0911133   19       1285     
 8837.89 148     19962    -308.658   -308.567   0.0911133   19       1285     
 8838.24 148     20000    -308.658   -308.567   0.0911133   19       1285     
 8847.85 149     20093    -308.658   -308.567   0.0906154   20       1293     
 8848.14 149     20100    -308.658   -308.567   0.0906154   20       1293     
 8860.39 149     20150    -308.658   -308.567   0.0906154   21       1303     
 8871.54 150     20225    -308.657   -308.567   0.0898449   22       1311     
 8871.89 150     20250    -308.657   -308.567   0.0898449   21       1311     
 8879.79 151     20357    -308.656   -308.567   0.0882895   20       1317     
 8880.05 151     20358    -308.656   -308.567   0.0882895   19       1317     
 8882.43 151     20400    -308.656   -308.567   0.0882895   19       1319     
 8900.38 152     20489    -308.655   -308.567   0.0876448   19       1333     
 8900.68 152     20500    -308.655   -308.567   0.0876448   19       1333     
 8911.63 152     20550    -308.655   -308.567   0.0876448   21       1341     
 8919.51 153     20623    -308.655   -308.567   0.0871659   20       1346     
 8919.84 153     20650    -308.655   -308.567   0.0871659   19       1346     
 8931.96 154     20755    -308.654   -308.567   0.086349    20       1356     
 8933.52 154     20756    -308.654   -308.567   0.086349    21       1357     
 8939.89 154     20800    -308.654   -308.567   0.086349    21       1362     
 8948.96 155     20887    -308.652   -308.568   0.0846985   22       1368     
 8949.26 155     20900    -308.652   -308.568   0.0846985   22       1368     
 8956.07 155     20950    -308.652   -308.568   0.0846985   21       1373     
 8960.48 156     21021    -308.652   -308.568   0.0841985   21       1376     
 8967.74 156     21050    -308.652   -308.568   0.0841985   20       1382     
 8977.79 157     21153    -308.651   -308.568   0.0833634   19       1389     
 8978.06 157     21154    -308.651   -308.568   0.0833634   20       1389     
 8978.43 157     21200    -308.651   -308.568   0.0833634   20       1389     
 8984.87 158     21287    -308.651   -308.568   0.0829924   21       1394     
 8993.37 158     21300    -308.651   -308.568   0.0829924   20       1401     
 9011.89 158     21350    -308.651   -308.568   0.0829924   22       1414     
 9015.48 159     21419    -308.65    -308.568   0.0824105   21       1416     
 9015.82 159     21450    -308.65    -308.568   0.0824105   18       1416     
 9022.57 160     21553    -308.649   -308.568   0.0816321   17       1421     
 9022.85 160     21554    -308.649   -308.568   0.0816321   18       1421     
 9031.34 160     21600    -308.649   -308.568   0.0816321   19       1428     
 9057.24 161     21687    -308.649   -308.568   0.081315    20       1445     
 9057.57 161     21700    -308.649   -308.568   0.081315    20       1445     
 9077.55 161     21750    -308.649   -308.568   0.081315    21       1459     
 9080.91 162     21819    -308.648   -308.568   0.0807022   19       1461     
 9081.28 162     21850    -308.648   -308.568   0.0807022   20       1461     
 9093.81 163     21951    -308.648   -308.568   0.0804211   22       1469     
 9094.1  163     21952    -308.648   -308.568   0.0804211   22       1469     
 9094.49 163     22000    -308.648   -308.568   0.0804211   20       1469     
 9108.94 164     22083    -308.648   -308.568   0.0800476   20       1479     
 9114.06 164     22100    -308.648   -308.568   0.0800476   19       1483     
 9132.69 165     22215    -308.645   -308.568   0.0773951   20       1496     
 9132.98 165     22216    -308.645   -308.568   0.0773951   20       1496     
 9133.34 165     22250    -308.645   -308.568   0.0773951   20       1496     
 9140.93 166     22351    -308.645   -308.568   0.0769573   19       1501     
 9141.22 166     22352    -308.645   -308.568   0.0769573   19       1501     
 9141.61 166     22400    -308.645   -308.568   0.0769573   19       1501     
 9155.03 167     22487    -308.644   -308.568   0.0763565   21       1511     
 9155.37 167     22500    -308.644   -308.568   0.0763565   21       1511     
 9162.71 167     22550    -308.644   -308.568   0.0763565   21       1516     
 9167.17 168     22621    -308.643   -308.568   0.0752886   21       1519     
 9172.57 168     22650    -308.643   -308.568   0.0752886   21       1523     
 9188.06 169     22757    -308.643   -308.568   0.0748629   20       1533     
 9188.36 169     22758    -308.643   -308.568   0.0748629   20       1533     
 9188.76 169     22800    -308.643   -308.568   0.0748629   20       1533     
 9200.64 170     22893    -308.642   -308.568   0.0743994   19       1541     
 9200.98 170     22900    -308.642   -308.568   0.0743994   19       1541     
 9201.41 170     22950    -308.642   -308.568   0.0743994   20       1541     
 9215.65 171     23029    -308.641   -308.568   0.0737148   19       1551     
 9219.27 171     23050    -308.641   -308.568   0.0737148   20       1554     
 9227.24 172     23165    -308.641   -308.568   0.0733838   20       1559     
 9227.54 172     23166    -308.641   -308.568   0.0733838   20       1559     
 9232.96 172     23200    -308.641   -308.568   0.0733838   21       1563     
 9252.63 173     23299    -308.64    -308.568   0.0726982   22       1577     
 9252.94 173     23300    -308.64    -308.568   0.0726982   22       1577     
 9257.79 173     23350    -308.64    -308.568   0.0726982   21       1581     
 9274.53 174     23433    -308.64    -308.568   0.0724201   21       1592     
 9285.34 174     23450    -308.64    -308.568   0.0724201   22       1600     
 9293.24 175     23500    -308.64    -308.568   0.0724201   22       1605     
 9293.82 175     23567    -308.64    -308.568   0.0718892   21       1605     
 9294.21 175     23600    -308.64    -308.568   0.0718892   21       1605     
 9304.94 176     23701    -308.639   -308.568   0.0715398   22       1612     
 9305.26 176     23702    -308.639   -308.568   0.0715398   23       1612     
 9305.7  176     23750    -308.639   -308.568   0.0715398   24       1612     
 9328.37 177     23833    -308.639   -308.568   0.0712548   22       1627     
 9332.67 177     23850    -308.639   -308.568   0.0712548   22       1630     
 9349.64 178     23965    -308.639   -308.568   0.0710069   22       1641     
 9349.96 178     23966    -308.639   -308.568   0.0710069   23       1641     
 9350.36 178     24000    -308.639   -308.568   0.0710069   23       1641     
 9362.87 179     24097    -308.638   -308.568   0.07001     22       1649     
 9363.19 179     24100    -308.638   -308.568   0.07001     22       1649     
 9363.63 179     24150    -308.638   -308.568   0.07001     22       1649     
 9376.7  180     24229    -308.637   -308.568   0.0697274   22       1657     
 9377.09 180     24250    -308.637   -308.568   0.0697274   22       1657     
 9393.04 181     24361    -308.637   -308.568   0.0692688   19       1667     
 9394.84 181     24362    -308.637   -308.568   0.0692688   19       1668     
 9399.23 181     24400    -308.637   -308.568   0.0692688   19       1671     
 9407.41 182     24493    -308.636   -308.568   0.0684411   21       1676     
 9407.75 182     24500    -308.636   -308.568   0.0684411   21       1676     
 9415.66 182     24550    -308.636   -308.568   0.0684411   21       1681     
 9429.14 183     24625    -308.636   -308.568   0.0679615   21       1689     
 9429.54 183     24650    -308.636   -308.568   0.0679615   21       1689     
 9440.76 184     24757    -308.635   -308.568   0.0676351   21       1696     
 9441.12 184     24758    -308.635   -308.568   0.0676351   21       1696     
 9441.58 184     24800    -308.635   -308.568   0.0676351   21       1696     
 9462.45 185     24887    -308.635   -308.568   0.0671674   21       1709     
 9462.82 185     24900    -308.635   -308.568   0.0671674   22       1709     
 9470.69 185     24950    -308.635   -308.568   0.0671674   22       1714     
 9473.98 186     25019    -308.635   -308.568   0.0668311   22       1716     
 9479.77 186     25050    -308.635   -308.568   0.0668311   22       1720     
 9506.41 187     25149    -308.634   -308.568   0.0662559   23       1736     
 9506.74 187     25150    -308.634   -308.568   0.0662559   23       1736     
 9509.88 187     25200    -308.634   -308.568   0.0662559   23       1738     
 9523.95 188     25279    -308.634   -308.568   0.065794    23       1746     
 9524.35 188     25300    -308.634   -308.568   0.065794    24       1746     
 9548.08 189     25411    -308.633   -308.568   0.0654713   24       1760     
 9548.43 189     25412    -308.633   -308.568   0.0654713   25       1760     
 9548.88 189     25450    -308.633   -308.568   0.0654713   25       1760     
 9571.76 190     25539    -308.632   -308.568   0.0643926   25       1773     
 9572.16 190     25550    -308.632   -308.568   0.0643926   25       1773     
 9582.58 190     25600    -308.632   -308.568   0.0643926   23       1779     
 9588.28 191     25669    -308.632   -308.568   0.0642107   24       1782     
 9608.77 191     25700    -308.632   -308.568   0.0642107   24       1794     
 9636.83 192     25799    -308.631   -308.568   0.0628712   25       1809     
 9637.19 192     25800    -308.631   -308.568   0.0628712   25       1809     
 9642.19 192     25850    -308.631   -308.568   0.0628712   25       1812     
 9659.96 193     25931    -308.63    -308.568   0.062642    24       1822     
 9660.38 193     25950    -308.63    -308.568   0.062642    21       1822     
 9674.61 194     26063    -308.63    -308.568   0.0625079   22       1830     
 9674.97 194     26064    -308.63    -308.568   0.0625079   23       1830     
 9675.43 194     26100    -308.63    -308.568   0.0625079   23       1830     
 9692.31 195     26195    -308.63    -308.568   0.0624124   23       1839     
 9695.89 195     26200    -308.63    -308.568   0.0624124   24       1841     
 9701.83 195     26250    -308.63    -308.568   0.0624124   24       1845     
 9716.05 196     26327    -308.63    -308.568   0.0619358   21       1853     
 9716.49 196     26350    -308.63    -308.568   0.0619358   21       1853     
 9727.02 197     26461    -308.629   -308.568   0.0617229   20       1859     
 9727.39 197     26462    -308.629   -308.568   0.0617229   20       1859     
 9727.87 197     26500    -308.629   -308.568   0.0617229   20       1859     
 9740.39 198     26593    -308.629   -308.568   0.0615384   21       1866     
 9740.79 198     26600    -308.629   -308.568   0.0615384   21       1866     
 9746.85 198     26650    -308.629   -308.568   0.0615384   21       1870     
 9761.34 199     26725    -308.628   -308.568   0.0603376   23       1878     
 9769.21 199     26750    -308.628   -308.568   0.0603376   23       1883     
 9784.5  200     26859    -308.628   -308.568   0.0598428   22       1891     
 9784.87 200     26860    -308.628   -308.568   0.0598428   23       1891     
 9785.35 200     26900    -308.628   -308.568   0.0598428   23       1891     
 9798.14 201     26995    -308.627   -308.568   0.0595553   24       1898     
 9798.52 201     27000    -308.627   -308.568   0.0595553   24       1898     
 9799.03 201     27050    -308.627   -308.568   0.0595553   24       1898     
 9810.35 202     27129    -308.627   -308.568   0.0593298   24       1904     
 9810.82 202     27150    -308.627   -308.568   0.0593298   25       1904     
 9826.97 203     27263    -308.627   -308.568   0.0590722   23       1913     
 9827.35 203     27264    -308.627   -308.568   0.0590722   23       1913     
 9827.82 203     27300    -308.627   -308.568   0.0590722   23       1913     
 9837.75 204     27397    -308.627   -308.568   0.0589018   24       1918     
 9838.13 204     27400    -308.627   -308.568   0.0589018   24       1918     
 9838.63 204     27450    -308.627   -308.568   0.0589018   24       1918     
 9849.19 205     27531    -308.627   -308.568   0.0587073   26       1924     
 9854.03 205     27550    -308.627   -308.568   0.0587073   27       1927     
 9871.73 206     27665    -308.626   -308.568   0.0583447   27       1936     
 9872.11 206     27666    -308.626   -308.568   0.0583447   27       1936     
 9872.59 206     27700    -308.626   -308.568   0.0583447   27       1936     
 9884.57 207     27797    -308.626   -308.568   0.0581666   26       1943     
 9884.96 207     27800    -308.626   -308.568   0.0581666   25       1943     
 9885.49 207     27850    -308.626   -308.568   0.0581666   25       1943     
 9898.01 208     27933    -308.626   -308.568   0.057821    26       1950     
 9908.16 208     27950    -308.626   -308.568   0.057821    26       1956     
 9917.65 209     28065    -308.625   -308.568   0.0574288   29       1961     
 9918.04 209     28066    -308.625   -308.568   0.0574288   29       1961     
 9918.52 209     28100    -308.625   -308.568   0.0574288   28       1961     
 9926.06 210     28197    -308.625   -308.568   0.0573105   27       1965     
 9926.45 210     28200    -308.625   -308.568   0.0573105   27       1965     
 9926.98 210     28250    -308.625   -308.568   0.0573105   27       1965     
 9942.54 211     28329    -308.625   -308.568   0.0570869   27       1973     
 9942.99 211     28350    -308.625   -308.568   0.0570869   26       1973     
 9952.14 212     28463    -308.625   -308.568   0.0568437   25       1978     
 9952.54 212     28464    -308.625   -308.568   0.0568437   25       1978     
 9961.72 212     28500    -308.625   -308.568   0.0568437   25       1983     
 9980.16 213     28593    -308.624   -308.568   0.0561243   25       1992     
 9983.86 213     28600    -308.624   -308.568   0.0561243   27       1994     
 9984.41 213     28650    -308.624   -308.568   0.0561243   27       1994     
 9990.6  214     28727    -308.624   -308.568   0.0558126   24       1997     
 9991.06 214     28750    -308.624   -308.568   0.0558126   23       1997     
 10002.3 215     28857    -308.623   -308.568   0.055583    23       2003     
-------------------------------------------------------------------------------

SARSOP finishing ...
  Preset timeout reached
  Timeout     : 10000.000000s
  Actual Time : 10002.290000s

-------------------------------------------------------------------------------
 Time   |#Trial |#Backup |LBound    |UBound    |Precision  |#Alphas |#Beliefs  
-------------------------------------------------------------------------------
 10002.3 215     28857    -308.623   -308.568   0.055583    23       2003     
-------------------------------------------------------------------------------

Writing out policy ...
  output file : RAM4_small/3e5e6d6521.policyx

