
Loading the model ...
  input file   : /home/rstudio/RAM4_small/3e60f06811.pomdpx
  loading time : 4.54s 

SARSOP initializing ...
  initialization time : 6315.08s

-------------------------------------------------------------------------------
 Time   |#Trial |#Backup |LBound    |UBound    |Precision  |#Alphas |#Beliefs  
-------------------------------------------------------------------------------
 6315.08 0       0        -2624.33   -148.59    2475.74     101      1        
 6318.01 1       91       -2612.47   -2607.45   5.02116     60       29       
 6318.66 1       100      -2612.47   -2607.45   5.02116     69       38       
 6319.18 1       150      -2612.47   -2607.45   5.02116     50       45       
 6320.14 2       235      -2611.45   -2607.45   4.00299     63       51       
 6320.74 2       250      -2611.45   -2607.45   4.00299     47       62       
 6321.42 3       363      -2610      -2607.45   2.55401     73       66       
 6321.43 3       364      -2610      -2607.45   2.55401     74       66       
 6321.88 3       400      -2610      -2607.45   2.55401     63       73       
 6322.18 3       450      -2610      -2607.45   2.55401     80       76       
 6322.86 4       543      -2609.71   -2607.45   2.25899     53       79       
 6323.41 4       550      -2609.71   -2607.45   2.25899     35       85       
 6323.54 4       600      -2609.71   -2607.45   2.25899     36       85       
 6324.41 5       725      -2609.61   -2607.45   2.16015     41       88       
 6324.44 5       726      -2609.61   -2607.45   2.16015     39       88       
 6324.58 5       750      -2609.61   -2607.45   2.16015     37       89       
 6324.7  5       800      -2609.61   -2607.45   2.16015     35       89       
 6325.4  6       903      -2609.44   -2607.45   1.99551     33       92       
 6325.43 6       904      -2609.44   -2607.45   1.99551     33       92       
 6325.56 6       950      -2609.44   -2607.45   1.99551     29       92       
 6326.45 7       1075     -2609.3    -2607.45   1.84826     29       96       
 6326.47 7       1076     -2609.3    -2607.45   1.84826     29       96       
 6326.55 7       1100     -2609.3    -2607.45   1.84826     24       96       
 6326.66 7       1150     -2609.3    -2607.45   1.84826     21       96       
 6327.34 8       1243     -2609.21   -2607.45   1.7605      18       99       
 6327.84 8       1250     -2609.21   -2607.45   1.7605      17       103      
 6327.94 8       1300     -2609.21   -2607.45   1.7605      15       103      
 6328.98 9       1405     -2609.12   -2607.45   1.66938     13       108      
 6329.11 9       1406     -2609.12   -2607.45   1.66938     9        109      
 6330.22 9       1450     -2609.12   -2607.45   1.66938     7        117      
 6330.58 10      1559     -2608.82   -2607.45   1.37546     7        118      
 6330.61 10      1560     -2608.82   -2607.45   1.37546     8        118      
 6330.79 10      1600     -2608.82   -2607.45   1.37546     9        120      
 6331.76 11      1735     -2608.73   -2607.45   1.28637     10       126      
 6331.79 11      1736     -2608.73   -2607.45   1.28637     10       126      
 6331.84 11      1750     -2608.73   -2607.45   1.28637     10       126      
 6331.94 11      1800     -2608.73   -2607.45   1.28637     11       126      
 6332.39 12      1909     -2608.68   -2607.45   1.23283     13       128      
 6332.42 12      1910     -2608.68   -2607.45   1.23283     12       128      
 6332.52 12      1950     -2608.68   -2607.45   1.23283     11       128      
 6333.12 13      2079     -2608.63   -2607.45   1.18569     13       131      
 6333.15 13      2080     -2608.63   -2607.45   1.18569     13       131      
 6333.22 13      2100     -2608.63   -2607.45   1.18569     14       131      
 6333.31 13      2150     -2608.63   -2607.45   1.18569     14       131      
 6333.9  14      2245     -2608.59   -2607.45   1.14412     14       134      
 6333.94 14      2250     -2608.59   -2607.45   1.14412     13       134      
 6334.04 14      2300     -2608.59   -2607.45   1.14412     14       134      
 6334.74 15      2407     -2608.55   -2607.45   1.10689     14       137      
 6334.77 15      2408     -2608.55   -2607.45   1.10689     14       137      
 6334.88 15      2450     -2608.55   -2607.45   1.10689     13       137      
 6335.44 16      2565     -2608.52   -2607.45   1.07097     13       139      
 6335.47 16      2566     -2608.52   -2607.45   1.07097     14       139      
 6335.68 16      2600     -2608.52   -2607.45   1.07097     14       141      
 6336.44 17      2719     -2608.49   -2607.45   1.03847     15       144      
 6336.5  17      2720     -2608.49   -2607.45   1.03847     10       145      
 6337.2  17      2750     -2608.49   -2607.45   1.03847     11       153      
 6338.02 18      2865     -2608.22   -2607.45   0.773724    12       157      
 6338.05 18      2866     -2608.22   -2607.45   0.773724    10       157      
 6338.14 18      2900     -2608.22   -2607.45   0.773724    13       157      
 6338.23 18      2950     -2608.22   -2607.45   0.773724    13       157      
 6338.69 19      3057     -2608.18   -2607.45   0.736262    12       159      
 6338.73 19      3058     -2608.18   -2607.45   0.736262    12       159      
 6339.13 19      3100     -2608.18   -2607.45   0.736262    11       163      
 6339.31 19      3150     -2608.18   -2607.45   0.736262    11       164      
 6339.79 20      3249     -2608.15   -2607.45   0.706758    14       166      
 6339.82 20      3250     -2608.15   -2607.45   0.706758    14       166      
 6339.94 20      3300     -2608.15   -2607.45   0.706758    13       166      
 6340.45 21      3437     -2608.13   -2607.45   0.682103    15       168      
 6340.49 21      3438     -2608.13   -2607.45   0.682103    15       168      
 6340.55 21      3450     -2608.13   -2607.45   0.682103    14       168      
 6340.65 21      3500     -2608.13   -2607.45   0.682103    14       168      
 6341.02 22      3621     -2608.11   -2607.45   0.663553    16       169      
 6341.06 22      3622     -2608.11   -2607.45   0.663553    16       169      
 6341.15 22      3650     -2608.11   -2607.45   0.663553    16       169      
 6341.27 22      3700     -2608.11   -2607.45   0.663553    17       169      
 6341.86 23      3803     -2608.09   -2607.45   0.64358     14       172      
 6341.9  23      3804     -2608.09   -2607.45   0.64358     14       172      
 6342.02 23      3850     -2608.09   -2607.45   0.64358     15       172      
 6342.97 24      3983     -2608.07   -2607.45   0.62729     14       177      
 6343.01 24      3984     -2608.07   -2607.45   0.62729     15       177      
 6343.08 24      4000     -2608.07   -2607.45   0.62729     16       177      
 6343.21 24      4050     -2608.07   -2607.45   0.62729     18       177      
 6343.92 25      4159     -2608.06   -2607.45   0.613485    14       180      
 6343.96 25      4160     -2608.06   -2607.45   0.613485    14       180      
 6344.07 25      4200     -2608.06   -2607.45   0.613485    15       180      
 6345.01 26      4333     -2608.05   -2607.45   0.601062    17       184      
 6345.05 26      4334     -2608.05   -2607.45   0.601062    18       184      
 6345.13 26      4350     -2608.05   -2607.45   0.601062    16       184      
 6345.24 26      4400     -2608.05   -2607.45   0.601062    16       184      
 6346.36 27      4503     -2608.04   -2607.45   0.587621    16       189      
 6346.4  27      4504     -2608.04   -2607.45   0.587621    16       189      
 6346.54 27      4550     -2608.04   -2607.45   0.587621    16       189      
 6347.46 28      4671     -2607.99   -2607.45   0.545417    10       192      
 6347.5  28      4672     -2607.99   -2607.45   0.545417    11       192      
 6347.58 28      4700     -2607.99   -2607.45   0.545417    11       192      
 6347.85 28      4750     -2607.99   -2607.45   0.545417    12       193      
 6349.27 29      4843     -2607.98   -2607.45   0.530672    12       199      
 6349.33 29      4850     -2607.98   -2607.45   0.530672    13       199      
 6349.46 29      4900     -2607.98   -2607.45   0.530672    13       199      
 6351.6  30      5013     -2607.97   -2607.45   0.517609    12       209      
 6351.65 30      5014     -2607.97   -2607.45   0.517609    13       209      
 6351.76 30      5050     -2607.97   -2607.45   0.517609    14       209      
 6352.75 31      5179     -2607.95   -2607.45   0.50708     14       212      
 6352.8  31      5180     -2607.95   -2607.45   0.50708     14       212      
 6352.89 31      5200     -2607.95   -2607.45   0.50708     13       212      
 6353.02 31      5250     -2607.95   -2607.45   0.50708     14       212      
 6353.88 32      5343     -2607.94   -2607.45   0.496799    14       215      
 6354.98 32      5350     -2607.94   -2607.45   0.496799    10       222      
 6355.11 32      5400     -2607.94   -2607.45   0.496799    10       222      
 6356.25 33      5501     -2607.86   -2607.45   0.416268    9        226      
 6356.29 33      5502     -2607.86   -2607.45   0.416268    8        226      
 6356.4  33      5550     -2607.86   -2607.45   0.416268    9        226      
 6357.29 34      5683     -2607.85   -2607.45   0.400233    10       230      
 6357.34 34      5684     -2607.85   -2607.45   0.400233    11       230      
 6357.41 34      5700     -2607.85   -2607.45   0.400233    11       230      
 6357.51 34      5750     -2607.85   -2607.45   0.400233    11       230      
 6358.4  35      5865     -2607.84   -2607.45   0.391356    11       234      
 6358.45 35      5866     -2607.84   -2607.45   0.391356    12       234      
 6358.54 35      5900     -2607.84   -2607.45   0.391356    14       234      
 6358.81 35      5950     -2607.84   -2607.45   0.391356    12       235      
 6359.82 36      6045     -2607.83   -2607.45   0.382844    13       239      
 6359.88 36      6050     -2607.83   -2607.45   0.382844    14       239      
 6360    36      6100     -2607.83   -2607.45   0.382844    14       239      
 6361.79 37      6223     -2607.82   -2607.45   0.375386    12       247      
 6361.84 37      6224     -2607.82   -2607.45   0.375386    13       247      
 6361.92 37      6250     -2607.82   -2607.45   0.375386    14       247      
 6362.04 37      6300     -2607.82   -2607.45   0.375386    15       247      
 6363.21 38      6397     -2607.82   -2607.45   0.369275    13       251      
 6363.27 38      6400     -2607.82   -2607.45   0.369275    13       251      
 6363.39 38      6450     -2607.82   -2607.45   0.369275    13       251      
 6364.21 39      6569     -2607.81   -2607.45   0.364705    16       254      
 6364.26 39      6570     -2607.81   -2607.45   0.364705    17       254      
 6364.37 39      6600     -2607.81   -2607.45   0.364705    17       254      
 6364.58 39      6650     -2607.81   -2607.45   0.364705    16       255      
 6365.77 40      6741     -2607.8    -2607.45   0.353965    12       259      
 6365.84 40      6750     -2607.8    -2607.45   0.353965    11       259      
 6365.96 40      6800     -2607.8    -2607.45   0.353965    14       259      
 6367.42 41      6911     -2607.8    -2607.45   0.347598    13       264      
 6367.48 41      6912     -2607.8    -2607.45   0.347598    14       264      
 6367.59 41      6950     -2607.8    -2607.45   0.347598    14       264      
 6369.11 42      7079     -2607.78   -2607.45   0.33575     11       269      
 6369.16 42      7080     -2607.78   -2607.45   0.33575     11       269      
 6369.26 42      7100     -2607.78   -2607.45   0.33575     12       269      
 6369.38 42      7150     -2607.78   -2607.45   0.33575     12       269      
 6371.75 43      7247     -2607.78   -2607.45   0.328367    13       277      
 6371.81 43      7250     -2607.78   -2607.45   0.328367    13       277      
 6371.95 43      7300     -2607.78   -2607.45   0.328367    13       277      
 6373.46 44      7411     -2607.77   -2607.45   0.323094    12       282      
 6373.52 44      7412     -2607.77   -2607.45   0.323094    13       282      
 6373.66 44      7450     -2607.77   -2607.45   0.323094    15       282      
 6375.75 45      7573     -2607.77   -2607.45   0.318786    16       288      
 6375.81 45      7574     -2607.77   -2607.45   0.318786    17       288      
 6375.92 45      7600     -2607.77   -2607.45   0.318786    16       288      
 6377.31 45      7650     -2607.77   -2607.45   0.318786    16       294      
 6377.94 46      7733     -2607.76   -2607.45   0.309466    10       296      
 6378.04 46      7750     -2607.76   -2607.45   0.309466    11       296      
 6378.16 46      7800     -2607.76   -2607.45   0.309466    11       296      
 6380    47      7893     -2607.75   -2607.45   0.303898    15       301      
 6380.08 47      7900     -2607.75   -2607.45   0.303898    14       301      
 6380.24 47      7950     -2607.75   -2607.45   0.303898    15       301      
 6382.57 48      8051     -2607.75   -2607.45   0.298016    13       307      
 6382.69 48      8052     -2607.75   -2607.45   0.298016    11       308      
 6384.11 48      8100     -2607.75   -2607.45   0.298016    10       317      
 6386.46 49      8205     -2607.68   -2607.45   0.233168    10       327      
 6386.52 49      8206     -2607.68   -2607.45   0.233168    11       327      
 6386.66 49      8250     -2607.68   -2607.45   0.233168    10       327      
 6387.46 49      8300     -2607.68   -2607.45   0.233168    13       331      
 6388.13 50      8401     -2607.67   -2607.45   0.224689    12       333      
 6388.2  50      8402     -2607.67   -2607.45   0.224689    12       333      
 6388.59 50      8450     -2607.67   -2607.45   0.224689    13       335      
 6390.18 51      8595     -2607.67   -2607.45   0.220958    14       341      
 6390.24 51      8596     -2607.67   -2607.45   0.220958    15       341      
 6390.54 51      8600     -2607.67   -2607.45   0.220958    16       342      
 6391.74 51      8650     -2607.67   -2607.45   0.220958    15       347      
 6394.02 52      8787     -2607.66   -2607.45   0.216887    16       354      
 6394.1  52      8788     -2607.66   -2607.45   0.216887    17       354      
 6394.2  52      8800     -2607.66   -2607.45   0.216887    17       354      
 6394.35 52      8850     -2607.66   -2607.45   0.216887    17       354      
 6397.24 53      8979     -2607.66   -2607.45   0.211683    13       363      
 6397.31 53      8980     -2607.66   -2607.45   0.211683    14       363      
 6397.43 53      9000     -2607.66   -2607.45   0.211683    15       363      
 6397.58 53      9050     -2607.66   -2607.45   0.211683    15       363      
 6399    54      9169     -2607.65   -2607.45   0.207317    15       367      
 6399.07 54      9170     -2607.65   -2607.45   0.207317    16       367      
 6399.2  54      9200     -2607.65   -2607.45   0.207317    16       367      
 6399.36 54      9250     -2607.65   -2607.45   0.207317    16       367      
 6401.46 55      9357     -2607.65   -2607.45   0.203652    18       373      
 6401.54 55      9358     -2607.65   -2607.45   0.203652    19       373      
 6401.69 55      9400     -2607.65   -2607.45   0.203652    19       373      
 6404.49 56      9450     -2607.65   -2607.45   0.203652    17       381      
 6404.85 56      9543     -2607.65   -2607.45   0.20092     21       381      
 6404.95 56      9550     -2607.65   -2607.45   0.20092     21       381      
 6405.12 56      9600     -2607.65   -2607.45   0.20092     21       381      
 6408.65 57      9727     -2607.65   -2607.45   0.197502    15       390      
 6408.76 57      9728     -2607.65   -2607.45   0.197502    16       390      
 6408.91 57      9750     -2607.65   -2607.45   0.197502    17       390      
 6409.08 57      9800     -2607.65   -2607.45   0.197502    17       390      
 6410.7  58      9909     -2607.64   -2607.45   0.194382    15       394      
 6410.79 58      9910     -2607.64   -2607.45   0.194382    16       394      
 6410.95 58      9950     -2607.64   -2607.45   0.194382    17       394      
 6413.15 59      10000    -2607.64   -2607.45   0.194382    17       400      
 6413.53 59      10091    -2607.64   -2607.45   0.191194    18       400      
 6413.64 59      10100    -2607.64   -2607.45   0.191194    17       400      
 6413.8  59      10150    -2607.64   -2607.45   0.191194    17       400      
 6417.07 60      10271    -2607.64   -2607.45   0.188199    19       408      
 6417.53 60      10272    -2607.64   -2607.45   0.188199    20       409      
 6419.87 60      10300    -2607.64   -2607.45   0.188199    21       416      
 6420.19 60      10350    -2607.64   -2607.45   0.188199    21       417      
 6423.5  61      10449    -2607.63   -2607.45   0.185787    21       424      
 6423.6  61      10450    -2607.63   -2607.45   0.185787    21       424      
 6423.8  61      10500    -2607.63   -2607.45   0.185787    20       424      
 6428.01 62      10625    -2607.63   -2607.45   0.182496    19       433      
 6428.12 62      10626    -2607.63   -2607.45   0.182496    20       433      
 6428.28 62      10650    -2607.63   -2607.45   0.182496    21       433      
 6428.48 62      10700    -2607.63   -2607.45   0.182496    23       433      
 6430.62 63      10799    -2607.63   -2607.45   0.180901    20       437      
 6430.72 63      10800    -2607.63   -2607.45   0.180901    20       437      
 6430.93 63      10850    -2607.63   -2607.45   0.180901    20       437      
 6433.96 64      10973    -2607.62   -2607.45   0.17718     16       443      
 6434.07 64      10974    -2607.62   -2607.45   0.17718     17       443      
 6434.23 64      11000    -2607.62   -2607.45   0.17718     16       443      
 6434.41 64      11050    -2607.62   -2607.45   0.17718     16       443      
 6437.99 65      11145    -2607.62   -2607.45   0.174832    15       450      
 6438.11 65      11150    -2607.62   -2607.45   0.174832    16       450      
 6438.3  65      11200    -2607.62   -2607.45   0.174832    16       450      
 6441.51 66      11317    -2607.62   -2607.45   0.172778    15       456      
 6441.62 66      11318    -2607.62   -2607.45   0.172778    16       456      
 6441.82 66      11350    -2607.62   -2607.45   0.172778    17       456      
 6445.29 66      11400    -2607.62   -2607.45   0.172778    18       463      
 6446.12 67      11487    -2607.62   -2607.45   0.167679    14       464      
 6448.06 67      11500    -2607.62   -2607.45   0.167679    14       469      
 6448.24 67      11550    -2607.62   -2607.45   0.167679    14       469      
 6451.76 68      11657    -2607.61   -2607.45   0.16525     14       475      
 6451.88 68      11658    -2607.61   -2607.45   0.16525     15       475      
 6452.08 68      11700    -2607.61   -2607.45   0.16525     15       475      
 6456.52 69      11827    -2607.61   -2607.45   0.163251    17       483      
 6456.64 69      11828    -2607.61   -2607.45   0.163251    17       483      
 6456.82 69      11850    -2607.61   -2607.45   0.163251    17       483      
 6457.01 69      11900    -2607.61   -2607.45   0.163251    17       483      
 6459.84 70      11997    -2607.6    -2607.45   0.15704     14       488      
 6459.96 70      12000    -2607.6    -2607.45   0.15704     15       488      
 6460.17 70      12050    -2607.6    -2607.45   0.15704     15       488      
 6463.6  71      12167    -2607.6    -2607.45   0.15512     15       493      
 6463.72 71      12168    -2607.6    -2607.45   0.15512     16       493      
 6463.9  71      12200    -2607.6    -2607.45   0.15512     16       493      
 6467.78 71      12250    -2607.6    -2607.45   0.15512     16       499      
 6468.19 72      12335    -2607.6    -2607.45   0.152514    14       499      
 6468.36 72      12350    -2607.6    -2607.45   0.152514    15       499      
 6468.59 72      12400    -2607.6    -2607.45   0.152514    15       499      
 6471.63 73      12501    -2607.6    -2607.45   0.150531    17       503      
 6471.76 73      12502    -2607.6    -2607.45   0.150531    15       503      
 6471.99 73      12550    -2607.6    -2607.45   0.150531    16       503      
 6476.42 74      12663    -2607.58   -2607.45   0.131042    11       510      
 6476.53 74      12664    -2607.58   -2607.45   0.131042    11       510      
 6476.7  74      12700    -2607.58   -2607.45   0.131042    11       510      
 6477.68 74      12750    -2607.58   -2607.45   0.131042    11       512      
 6480.57 75      12849    -2607.58   -2607.45   0.128066    13       517      
 6480.68 75      12850    -2607.58   -2607.45   0.128066    14       517      
 6480.89 75      12900    -2607.58   -2607.45   0.128066    14       517      
 6484.38 76      13035    -2607.57   -2607.45   0.126772    15       523      
 6484.49 76      13036    -2607.57   -2607.45   0.126772    15       523      
 6484.63 76      13050    -2607.57   -2607.45   0.126772    15       523      
 6484.83 76      13100    -2607.57   -2607.45   0.126772    15       523      
 6489.2  77      13219    -2607.57   -2607.45   0.124684    13       533      
 6489.31 77      13220    -2607.57   -2607.45   0.124684    14       533      
 6489.47 77      13250    -2607.57   -2607.45   0.124684    15       533      
 6489.66 77      13300    -2607.57   -2607.45   0.124684    14       533      
 6494.98 78      13403    -2607.57   -2607.45   0.123224    17       542      
 6495.09 78      13404    -2607.57   -2607.45   0.123224    17       542      
 6495.31 78      13450    -2607.57   -2607.45   0.123224    16       542      
 6498.13 79      13583    -2607.57   -2607.45   0.121786    15       546      
 6498.26 79      13584    -2607.57   -2607.45   0.121786    16       546      
 6498.44 79      13600    -2607.57   -2607.45   0.121786    17       546      
 6498.67 79      13650    -2607.57   -2607.45   0.121786    17       546      
 6501.46 80      13763    -2607.57   -2607.45   0.120582    17       550      
 6501.58 80      13764    -2607.57   -2607.45   0.120582    17       550      
 6501.79 80      13800    -2607.57   -2607.45   0.120582    15       550      
 6506.91 80      13850    -2607.57   -2607.45   0.120582    17       558      
 6508    81      13941    -2607.57   -2607.45   0.119256    16       559      
 6508.16 81      13950    -2607.57   -2607.45   0.119256    19       559      
 6508.37 81      14000    -2607.57   -2607.45   0.119256    19       559      
 6513.6  82      14119    -2607.57   -2607.45   0.118656    19       566      
 6513.73 82      14120    -2607.57   -2607.45   0.118656    19       566      
 6518.38 82      14150    -2607.57   -2607.45   0.118656    18       573      
 6527.42 82      14200    -2607.57   -2607.45   0.118656    20       586      
 6531.94 83      14297    -2607.57   -2607.45   0.117536    18       591      
 6532.1  83      14300    -2607.57   -2607.45   0.117536    16       591      
 6532.36 83      14350    -2607.57   -2607.45   0.117536    16       591      
 6537.98 84      14473    -2607.56   -2607.45   0.116559    20       597      
 6538.95 84      14474    -2607.56   -2607.45   0.116559    20       598      
 6543.15 84      14500    -2607.56   -2607.45   0.116559    19       603      
 6543.38 84      14550    -2607.56   -2607.45   0.116559    19       603      
 6548.54 85      14649    -2607.56   -2607.45   0.11521     15       609      
 6548.68 85      14650    -2607.56   -2607.45   0.11521     15       609      
 6553.55 85      14700    -2607.56   -2607.45   0.11521     16       616      
 6558.74 86      14823    -2607.56   -2607.45   0.114448    18       622      
 6558.89 86      14824    -2607.56   -2607.45   0.114448    18       622      
 6559.1  86      14850    -2607.56   -2607.45   0.114448    17       622      
 6559.35 86      14900    -2607.56   -2607.45   0.114448    16       622      
 6560.59 87      14995    -2607.56   -2607.45   0.112685    14       623      
 6560.75 87      15000    -2607.56   -2607.45   0.112685    15       623      
 6560.99 87      15050    -2607.56   -2607.45   0.112685    14       623      
 6564.85 88      15167    -2607.56   -2607.45   0.111838    16       627      
 6564.99 88      15168    -2607.56   -2607.45   0.111838    16       627      
 6565.21 88      15200    -2607.56   -2607.45   0.111838    15       627      
 6569.83 88      15250    -2607.56   -2607.45   0.111838    15       632      
 6571.09 89      15337    -2607.56   -2607.45   0.110849    16       633      
 6571.28 89      15350    -2607.56   -2607.45   0.110849    16       633      
 6571.52 89      15400    -2607.56   -2607.45   0.110849    16       633      
 6577.58 90      15507    -2607.56   -2607.45   0.110391    19       639      
 6577.74 90      15508    -2607.56   -2607.45   0.110391    20       639      
 6577.98 90      15550    -2607.56   -2607.45   0.110391    20       639      
 6583.98 91      15677    -2607.56   -2607.45   0.109212    13       645      
 6584.13 91      15678    -2607.56   -2607.45   0.109212    13       645      
 6584.33 91      15700    -2607.56   -2607.45   0.109212    13       645      
 6584.58 91      15750    -2607.56   -2607.45   0.109212    14       645      
 6590.61 92      15845    -2607.56   -2607.45   0.108365    14       651      
 6590.78 92      15850    -2607.56   -2607.45   0.108365    14       651      
 6591.02 92      15900    -2607.56   -2607.45   0.108365    14       651      
 6598.06 93      16011    -2607.56   -2607.45   0.107487    17       658      
 6598.22 93      16012    -2607.56   -2607.45   0.107487    17       658      
 6598.46 93      16050    -2607.56   -2607.45   0.107487    18       658      
 6600.75 94      16177    -2607.55   -2607.45   0.107065    15       660      
 6600.91 94      16178    -2607.55   -2607.45   0.107065    15       660      
 6601.11 94      16200    -2607.55   -2607.45   0.107065    15       660      
 6601.35 94      16250    -2607.55   -2607.45   0.107065    15       660      
 6605.2  95      16343    -2607.55   -2607.45   0.105344    17       664      
 6605.39 95      16350    -2607.55   -2607.45   0.105344    15       664      
 6605.64 95      16400    -2607.55   -2607.45   0.105344    15       664      
 6612.29 96      16509    -2607.55   -2607.45   0.104421    17       671      
 6612.45 96      16510    -2607.55   -2607.45   0.104421    17       671      
 6612.7  96      16550    -2607.55   -2607.45   0.104421    17       671      
 6618.82 97      16675    -2607.55   -2607.45   0.102736    15       678      
 6618.99 97      16676    -2607.55   -2607.45   0.102736    15       678      
 6619.22 97      16700    -2607.55   -2607.45   0.102736    15       678      
 6621.51 97      16750    -2607.55   -2607.45   0.102736    15       680      
 6626.76 98      16837    -2607.55   -2607.45   0.101824    14       685      
 6626.98 98      16850    -2607.55   -2607.45   0.101824    14       685      
 6627.24 98      16900    -2607.55   -2607.45   0.101824    14       685      
 6627.82 99      16997    -2607.55   -2607.45   0.100793    16       685      
 6628    99      17000    -2607.55   -2607.45   0.100793    16       685      
 6628.27 99      17050    -2607.55   -2607.45   0.100793    16       685      
 6636.64 100     17157    -2607.55   -2607.45   0.1004      18       693      
 6636.8  100     17158    -2607.55   -2607.45   0.1004      18       693      
 6637.07 100     17200    -2607.55   -2607.45   0.1004      19       693      
 6641.43 101     17317    -2607.55   -2607.45   0.0995317   16       697      
 6641.6  101     17318    -2607.55   -2607.45   0.0995317   16       697      
 6641.84 101     17350    -2607.55   -2607.45   0.0995317   16       697      
 6649.47 102     17475    -2607.55   -2607.45   0.0988709   17       704      
 6649.65 102     17476    -2607.55   -2607.45   0.0988709   17       704      
 6652.15 102     17500    -2607.55   -2607.45   0.0988709   18       707      
 6659.49 102     17550    -2607.55   -2607.45   0.0988709   21       713      
 6662.75 103     17631    -2607.55   -2607.45   0.0982906   22       715      
 6662.99 103     17650    -2607.55   -2607.45   0.0982906   20       715      
 6673.59 103     17700    -2607.55   -2607.45   0.0982906   21       724      
 6681.57 104     17787    -2607.55   -2607.45   0.0979605   21       731      
 6681.81 104     17800    -2607.55   -2607.45   0.0979605   21       731      
 6682.09 104     17850    -2607.55   -2607.45   0.0979605   21       731      
 6688.19 105     17943    -2607.55   -2607.45   0.097414    19       736      
 6688.4  105     17950    -2607.55   -2607.45   0.097414    18       736      
 6693.02 105     18000    -2607.55   -2607.45   0.097414    19       741      
 6705.18 106     18097    -2607.54   -2607.45   0.0969472   20       751      
 6705.34 106     18100    -2607.54   -2607.45   0.0969472   16       751      
 6708.21 106     18150    -2607.54   -2607.45   0.0969472   15       756      
 6714.5  107     18249    -2607.53   -2607.45   0.0772753   16       765      
 6714.65 107     18250    -2607.53   -2607.45   0.0772753   15       765      
 6714.91 107     18300    -2607.53   -2607.45   0.0772753   14       765      
 6718.61 108     18447    -2607.52   -2607.45   0.0760139   17       771      
 6718.76 108     18448    -2607.52   -2607.45   0.0760139   17       771      
 6718.91 108     18450    -2607.52   -2607.45   0.0760139   17       771      
 6719.2  108     18500    -2607.52   -2607.45   0.0760139   19       771      
 6724    109     18643    -2607.52   -2607.45   0.0751938   20       778      
 6724.15 109     18644    -2607.52   -2607.45   0.0751938   20       778      
 6724.33 109     18650    -2607.52   -2607.45   0.0751938   19       778      
 6724.59 109     18700    -2607.52   -2607.45   0.0751938   19       778      
 6730.74 110     18837    -2607.52   -2607.45   0.0743601   19       787      
 6730.89 110     18838    -2607.52   -2607.45   0.0743601   19       787      
 6731.08 110     18850    -2607.52   -2607.45   0.0743601   20       787      
 6731.35 110     18900    -2607.52   -2607.45   0.0743601   20       787      
 6734.21 111     19031    -2607.52   -2607.45   0.0738043   19       791      
 6734.39 111     19032    -2607.52   -2607.45   0.0738043   19       791      
 6739.79 111     19050    -2607.52   -2607.45   0.0738043   19       800      
 6743.79 111     19100    -2607.52   -2607.45   0.0738043   22       807      
 6751.28 112     19223    -2607.52   -2607.45   0.0730219   19       817      
 6751.45 112     19224    -2607.52   -2607.45   0.0730219   19       817      
 6754.84 112     19250    -2607.52   -2607.45   0.0730219   19       822      
 6759.71 112     19300    -2607.52   -2607.45   0.0730219   19       829      
 6763.86 113     19415    -2607.52   -2607.45   0.0724106   20       834      
 6764.04 113     19416    -2607.52   -2607.45   0.0724106   20       834      
 6765.36 113     19450    -2607.52   -2607.45   0.0724106   19       836      
 6769.91 113     19500    -2607.52   -2607.45   0.0724106   19       842      
 6777.15 114     19605    -2607.52   -2607.45   0.0717276   20       851      
 6777.33 114     19606    -2607.52   -2607.45   0.0717276   20       851      
 6777.61 114     19650    -2607.52   -2607.45   0.0717276   20       851      
 6780.09 115     19700    -2607.52   -2607.45   0.0717276   21       854      
 6780.65 115     19795    -2607.52   -2607.45   0.0709171   18       854      
 6780.84 115     19800    -2607.52   -2607.45   0.0709171   18       854      
 6781.13 115     19850    -2607.52   -2607.45   0.0709171   18       854      
 6787.81 116     19985    -2607.52   -2607.45   0.0703007   17       862      
 6787.99 116     19986    -2607.52   -2607.45   0.0703007   17       862      
 6788.22 116     20000    -2607.52   -2607.45   0.0703007   18       862      
 6788.49 116     20050    -2607.52   -2607.45   0.0703007   18       862      
 6792.05 117     20173    -2607.52   -2607.45   0.0697388   20       866      
 6792.24 117     20174    -2607.52   -2607.45   0.0697388   20       866      
 6792.48 117     20200    -2607.52   -2607.45   0.0697388   19       866      
 6792.76 117     20250    -2607.52   -2607.45   0.0697388   19       866      
 6797.51 118     20363    -2607.52   -2607.45   0.0688682   19       872      
 6798.41 118     20364    -2607.52   -2607.45   0.0688682   19       873      
 6802.67 118     20400    -2607.52   -2607.45   0.0688682   19       879      
 6803.74 118     20450    -2607.52   -2607.45   0.0688682   19       880      
 6809.66 119     20553    -2607.52   -2607.45   0.0682554   20       887      
 6809.85 119     20554    -2607.52   -2607.45   0.0682554   20       887      
 6810.16 119     20600    -2607.52   -2607.45   0.0682554   19       887      
 6816.3  120     20739    -2607.52   -2607.45   0.0675201   19       894      
 6816.49 120     20740    -2607.52   -2607.45   0.0675201   19       894      
 6816.72 120     20750    -2607.52   -2607.45   0.0675201   20       894      
 6817.05 120     20800    -2607.52   -2607.45   0.0675201   20       894      
 6819.4  121     20925    -2607.51   -2607.45   0.0670835   20       896      
 6819.6  121     20926    -2607.51   -2607.45   0.0670835   20       896      
 6821.42 121     20950    -2607.51   -2607.45   0.0670835   20       899      
 6821.72 121     21000    -2607.51   -2607.45   0.0670835   20       899      
 6829.84 122     21109    -2607.51   -2607.45   0.0665973   23       908      
 6830.04 122     21110    -2607.51   -2607.45   0.0665973   23       908      
 6830.34 122     21150    -2607.51   -2607.45   0.0665973   22       908      
 6837.16 122     21200    -2607.51   -2607.45   0.0665973   22       916      
 6837.8  123     21293    -2607.51   -2607.45   0.0661129   19       916      
 6839.7  123     21300    -2607.51   -2607.45   0.0661129   20       918      
 6845.67 123     21350    -2607.51   -2607.45   0.0661129   20       925      
 6858.18 124     21477    -2607.51   -2607.45   0.0655414   19       938      
 6858.39 124     21478    -2607.51   -2607.45   0.0655414   19       938      
 6858.67 124     21500    -2607.51   -2607.45   0.0655414   19       938      
 6858.99 124     21550    -2607.51   -2607.45   0.0655414   19       938      
 6864.08 125     21659    -2607.51   -2607.45   0.0652108   21       943      
 6864.3  125     21660    -2607.51   -2607.45   0.0652108   21       943      
 6864.61 125     21700    -2607.51   -2607.45   0.0652108   21       943      
 6871.34 126     21750    -2607.51   -2607.45   0.0652108   24       950      
 6871.94 126     21841    -2607.51   -2607.45   0.0648241   23       950      
 6872.2  126     21850    -2607.51   -2607.45   0.0648241   22       950      
 6872.53 126     21900    -2607.51   -2607.45   0.0648241   22       950      
 6884.35 127     22021    -2607.51   -2607.45   0.0645629   23       963      
 6884.58 127     22022    -2607.51   -2607.45   0.0645629   23       963      
 6884.88 127     22050    -2607.51   -2607.45   0.0645629   23       963      
 6885.22 127     22100    -2607.51   -2607.45   0.0645629   23       963      
 6895.49 128     22201    -2607.51   -2607.45   0.0640119   21       973      
 6895.73 128     22202    -2607.51   -2607.45   0.0640119   21       973      
 6896.08 128     22250    -2607.51   -2607.45   0.0640119   21       973      
 6903.74 129     22381    -2607.51   -2607.45   0.0637403   23       980      
 6903.97 129     22382    -2607.51   -2607.45   0.0637403   23       980      
 6904.26 129     22400    -2607.51   -2607.45   0.0637403   23       980      
 6904.62 129     22450    -2607.51   -2607.45   0.0637403   23       980      
 6910.54 130     22559    -2607.51   -2607.45   0.0633466   24       985      
 6910.78 130     22560    -2607.51   -2607.45   0.0633466   24       985      
 6911.13 130     22600    -2607.51   -2607.45   0.0633466   23       985      
 6919.29 131     22737    -2607.51   -2607.45   0.0631421   25       992      
 6919.54 131     22738    -2607.51   -2607.45   0.0631421   25       992      
 6919.82 131     22750    -2607.51   -2607.45   0.0631421   23       992      
 6920.18 131     22800    -2607.51   -2607.45   0.0631421   23       992      
 6927.57 132     22915    -2607.51   -2607.45   0.0629158   24       998      
 6927.82 132     22916    -2607.51   -2607.45   0.0629158   24       998      
 6928.15 132     22950    -2607.51   -2607.45   0.0629158   24       998      
 6932.96 132     23000    -2607.51   -2607.45   0.0629158   25       1002     
 6936.82 133     23093    -2607.51   -2607.45   0.0623262   20       1005     
 6937.08 133     23100    -2607.51   -2607.45   0.0623262   20       1005     
 6937.43 133     23150    -2607.51   -2607.45   0.0623262   20       1005     
 6948.52 134     23269    -2607.51   -2607.45   0.0619948   20       1015     
 6948.77 134     23270    -2607.51   -2607.45   0.0619948   19       1015     
 6949.1  134     23300    -2607.51   -2607.45   0.0619948   19       1015     
 6949.46 134     23350    -2607.51   -2607.45   0.0619948   19       1015     
 6955.46 135     23445    -2607.51   -2607.45   0.0617914   20       1020     
 6955.73 135     23450    -2607.51   -2607.45   0.0617914   20       1020     
 6956.09 135     23500    -2607.51   -2607.45   0.0617914   20       1020     
 6962.19 136     23621    -2607.51   -2607.45   0.0614889   22       1025     
 6962.44 136     23622    -2607.51   -2607.45   0.0614889   22       1025     
 6962.76 136     23650    -2607.51   -2607.45   0.0614889   22       1025     
 6963.12 136     23700    -2607.51   -2607.45   0.0614889   22       1025     
 6972.89 137     23799    -2607.51   -2607.45   0.061024    23       1033     
 6973.15 137     23800    -2607.51   -2607.45   0.061024    23       1033     
 6973.54 137     23850    -2607.51   -2607.45   0.061024    23       1033     
 6985.36 138     23973    -2607.51   -2607.45   0.060557    21       1043     
 6985.62 138     23974    -2607.51   -2607.45   0.060557    21       1043     
 6985.96 138     24000    -2607.51   -2607.45   0.060557    21       1043     
 6986.32 138     24050    -2607.51   -2607.45   0.060557    21       1043     
 6995.38 139     24147    -2607.51   -2607.45   0.0603018   24       1050     
 6995.67 139     24150    -2607.51   -2607.45   0.0603018   23       1050     
 6996.04 139     24200    -2607.51   -2607.45   0.0603018   23       1050     
 7009.11 140     24319    -2607.51   -2607.45   0.0600128   23       1060     
 7009.38 140     24320    -2607.51   -2607.45   0.0600128   23       1060     
 7009.74 140     24350    -2607.51   -2607.45   0.0600128   23       1060     
 7010.14 140     24400    -2607.51   -2607.45   0.0600128   25       1060     
 7015.49 141     24491    -2607.51   -2607.45   0.0598323   24       1064     
 7015.79 141     24500    -2607.51   -2607.45   0.0598323   24       1064     
 7016.16 141     24550    -2607.51   -2607.45   0.0598323   24       1064     
 7025.95 142     24663    -2607.51   -2607.45   0.0595617   24       1071     
 7026.22 142     24664    -2607.51   -2607.45   0.0595617   24       1071     
 7035.82 142     24700    -2607.51   -2607.45   0.0595617   25       1079     
 7050.41 143     24835    -2607.51   -2607.45   0.0590476   21       1090     
 7050.69 143     24836    -2607.51   -2607.45   0.0590476   21       1090     
 7055.95 143     24850    -2607.51   -2607.45   0.0590476   22       1096     
 7062.95 143     24900    -2607.51   -2607.45   0.0590476   23       1102     
 7071.92 144     25005    -2607.51   -2607.45   0.0586731   23       1108     
 7072.2  144     25006    -2607.51   -2607.45   0.0586731   22       1108     
 7072.62 144     25050    -2607.51   -2607.45   0.0586731   22       1108     
 7079.62 145     25175    -2607.51   -2607.45   0.0584528   23       1113     
 7079.91 145     25176    -2607.51   -2607.45   0.0584528   23       1113     
 7080.26 145     25200    -2607.51   -2607.45   0.0584528   21       1113     
 7080.66 145     25250    -2607.51   -2607.45   0.0584528   21       1113     
 7088.68 146     25345    -2607.51   -2607.45   0.058275    21       1118     
 7089.02 146     25350    -2607.51   -2607.45   0.058275    23       1118     
 7090.12 146     25400    -2607.51   -2607.45   0.058275    22       1119     
 7114.02 147     25515    -2607.51   -2607.45   0.0580457   23       1135     
 7114.32 147     25516    -2607.51   -2607.45   0.0580457   23       1135     
 7120.48 147     25550    -2607.51   -2607.45   0.0580457   23       1141     
 7142.77 148     25683    -2607.51   -2607.45   0.0577122   24       1155     
 7143.08 148     25684    -2607.51   -2607.45   0.0577122   24       1155     
 7143.44 148     25700    -2607.51   -2607.45   0.0577122   23       1155     
 7143.89 148     25750    -2607.51   -2607.45   0.0577122   23       1155     
 7153.57 149     25851    -2607.51   -2607.45   0.0575502   25       1161     
 7153.93 149     25852    -2607.51   -2607.45   0.0575502   25       1161     
 7154.41 149     25900    -2607.51   -2607.45   0.0575502   25       1161     
 7167.9  150     26019    -2607.51   -2607.45   0.0573233   26       1170     
 7168.22 150     26020    -2607.51   -2607.45   0.0573233   26       1170     
 7168.63 150     26050    -2607.51   -2607.45   0.0573233   27       1170     
 7176.52 150     26100    -2607.51   -2607.45   0.0573233   26       1175     
 7179.86 151     26187    -2607.51   -2607.45   0.0571684   26       1177     
 7180.26 151     26200    -2607.51   -2607.45   0.0571684   26       1177     
 7189.72 151     26250    -2607.51   -2607.45   0.0571684   26       1184     
 7204.7  152     26353    -2607.5    -2607.45   0.0569942   27       1193     
 7205.02 152     26354    -2607.5    -2607.45   0.0569942   26       1193     
 7205.48 152     26400    -2607.5    -2607.45   0.0569942   26       1193     
 7220.72 153     26519    -2607.5    -2607.45   0.0568715   27       1201     
 7221.06 153     26520    -2607.5    -2607.45   0.0568715   27       1201     
 7221.5  153     26550    -2607.5    -2607.45   0.0568715   26       1201     
 7231.51 153     26600    -2607.5    -2607.45   0.0568715   28       1206     
 7234.05 154     26685    -2607.5    -2607.45   0.0567534   26       1207     
 7234.46 154     26700    -2607.5    -2607.45   0.0567534   28       1207     
 7234.94 154     26750    -2607.5    -2607.45   0.0567534   28       1207     
 7248.33 155     26855    -2607.5    -2607.45   0.0544978   24       1214     
 7248.63 155     26856    -2607.5    -2607.45   0.0544978   24       1214     
 7252.95 155     26900    -2607.5    -2607.45   0.0544978   23       1218     
 7279.64 156     27027    -2607.5    -2607.45   0.0541421   24       1233     
 7279.95 156     27028    -2607.5    -2607.45   0.0541421   24       1233     
 7283.77 156     27050    -2607.5    -2607.45   0.0541421   26       1236     
 7284.27 156     27100    -2607.5    -2607.45   0.0541421   25       1236     
 7295.53 157     27199    -2607.5    -2607.45   0.0538864   23       1242     
 7295.84 157     27200    -2607.5    -2607.45   0.0538864   23       1242     
 7296.31 157     27250    -2607.5    -2607.45   0.0538864   22       1242     
 7314.74 158     27369    -2607.5    -2607.45   0.0536143   22       1251     
 7315.07 158     27370    -2607.5    -2607.45   0.0536143   22       1251     
 7315.5  158     27400    -2607.5    -2607.45   0.0536143   22       1251     
 7322.88 158     27450    -2607.5    -2607.45   0.0536143   23       1255     
 7330.16 159     27541    -2607.5    -2607.45   0.053339    21       1259     
 7330.52 159     27550    -2607.5    -2607.45   0.053339    20       1259     
 7330.96 159     27600    -2607.5    -2607.45   0.053339    20       1259     
 7346.82 160     27711    -2607.5    -2607.45   0.0530329   23       1268     
 7347.17 160     27712    -2607.5    -2607.45   0.0530329   23       1268     
 7347.62 160     27750    -2607.5    -2607.45   0.0530329   23       1268     
 7360.49 161     27879    -2607.5    -2607.45   0.0528624   23       1276     
 7360.83 161     27880    -2607.5    -2607.45   0.0528624   23       1276     
 7361.24 161     27900    -2607.5    -2607.45   0.0528624   23       1276     
 7361.71 161     27950    -2607.5    -2607.45   0.0528624   23       1276     
 7377.85 162     28047    -2607.5    -2607.45   0.0526366   22       1285     
 7378.23 162     28050    -2607.5    -2607.45   0.0526366   22       1285     
 7382.54 162     28100    -2607.5    -2607.45   0.0526366   22       1288     
 7396.84 163     28215    -2607.5    -2607.45   0.0523933   22       1296     
 7397.19 163     28216    -2607.5    -2607.45   0.0523933   22       1296     
 7409.62 163     28250    -2607.5    -2607.45   0.0523933   22       1303     
 7443.47 164     28381    -2607.5    -2607.45   0.0521263   26       1320     
 7443.83 164     28382    -2607.5    -2607.45   0.0521263   26       1320     
 7444.32 164     28400    -2607.5    -2607.45   0.0521263   25       1320     
 7444.83 164     28450    -2607.5    -2607.45   0.0521263   25       1320     
 7457.93 165     28547    -2607.5    -2607.45   0.0519856   26       1325     
 7458.31 165     28550    -2607.5    -2607.45   0.0519856   25       1325     
 7458.81 165     28600    -2607.5    -2607.45   0.0519856   25       1325     
 7475.81 166     28713    -2607.5    -2607.45   0.0517953   25       1332     
 7476.17 166     28714    -2607.5    -2607.45   0.0517953   25       1332     
 7476.72 166     28750    -2607.5    -2607.45   0.0517953   25       1332     
 7502.91 167     28877    -2607.5    -2607.45   0.0516447   24       1345     
 7503.3  167     28878    -2607.5    -2607.45   0.0516447   24       1345     
 7510.33 167     28900    -2607.5    -2607.45   0.0516447   24       1349     
 7510.87 167     28950    -2607.5    -2607.45   0.0516447   24       1349     
 7520.98 168     29041    -2607.5    -2607.45   0.0515039   25       1354     
 7521.42 168     29050    -2607.5    -2607.45   0.0515039   24       1354     
 7521.92 168     29100    -2607.5    -2607.45   0.0515039   24       1354     
 7541.9  169     29207    -2607.5    -2607.45   0.0512434   23       1363     
 7542.28 169     29208    -2607.5    -2607.45   0.0512434   23       1363     
 7551.22 169     29250    -2607.5    -2607.45   0.0512434   24       1368     
 7581.54 170     29371    -2607.5    -2607.45   0.0509996   25       1383     
 7581.92 170     29372    -2607.5    -2607.45   0.0509996   24       1383     
 7582.47 170     29400    -2607.5    -2607.45   0.0509996   24       1383     
 7593.74 170     29450    -2607.5    -2607.45   0.0509996   22       1388     
 7598.55 171     29533    -2607.5    -2607.45   0.0508378   24       1390     
 7614.45 171     29550    -2607.5    -2607.45   0.0508378   24       1398     
 7626.97 171     29600    -2607.5    -2607.45   0.0508378   24       1405     
 7649.79 172     29695    -2607.5    -2607.45   0.0504087   25       1416     
 7657.19 172     29700    -2607.5    -2607.45   0.0504087   23       1421     
 7659.58 172     29750    -2607.5    -2607.45   0.0504087   23       1423     
 7670.69 173     29857    -2607.49   -2607.45   0.0443272   17       1430     
 7670.98 173     29858    -2607.49   -2607.45   0.0443272   17       1430     
 7671.39 173     29900    -2607.49   -2607.45   0.0443272   17       1430     
 7682.6  174     29950    -2607.49   -2607.45   0.0443272   17       1439     
 7683.3  174     30043    -2607.49   -2607.45   0.0440899   18       1439     
 7683.64 174     30050    -2607.49   -2607.45   0.0440899   18       1439     
 7684.06 174     30100    -2607.49   -2607.45   0.0440899   18       1439     
 7695.86 175     30229    -2607.49   -2607.45   0.0438203   19       1447     
 7696.17 175     30230    -2607.49   -2607.45   0.0438203   20       1447     
 7696.59 175     30250    -2607.49   -2607.45   0.0438203   20       1447     
 7697.07 175     30300    -2607.49   -2607.45   0.0438203   20       1447     
 7710.49 176     30415    -2607.49   -2607.45   0.0436528   20       1455     
 7710.79 176     30416    -2607.49   -2607.45   0.0436528   20       1455     
 7711.22 176     30450    -2607.49   -2607.45   0.0436528   20       1455     
 7717.13 176     30500    -2607.49   -2607.45   0.0436528   21       1459     
 7726.18 177     30599    -2607.49   -2607.45   0.0435342   21       1464     
 7726.5  177     30600    -2607.49   -2607.45   0.0435342   21       1464     
 7726.96 177     30650    -2607.49   -2607.45   0.0435342   20       1464     
 7736.66 178     30783    -2607.49   -2607.45   0.0434405   21       1469     
 7736.98 178     30784    -2607.49   -2607.45   0.0434405   21       1469     
 7737.34 178     30800    -2607.49   -2607.45   0.0434405   21       1469     
 7737.8  178     30850    -2607.49   -2607.45   0.0434405   21       1469     
 7754.73 179     30967    -2607.49   -2607.45   0.0433841   22       1478     
 7756.94 179     30968    -2607.49   -2607.45   0.0433841   22       1479     
 7767.26 179     31000    -2607.49   -2607.45   0.0433841   22       1485     
 7767.73 179     31050    -2607.49   -2607.45   0.0433841   22       1485     
 7781.02 180     31151    -2607.49   -2607.45   0.0430932   21       1492     
 7781.34 180     31152    -2607.49   -2607.45   0.0430932   21       1492     
 7786.46 180     31200    -2607.49   -2607.45   0.0430932   23       1495     
 7809.55 181     31335    -2607.49   -2607.45   0.0429062   24       1507     
 7809.89 181     31336    -2607.49   -2607.45   0.0429062   23       1507     
 7810.29 181     31350    -2607.49   -2607.45   0.0429062   20       1507     
 7810.75 181     31400    -2607.49   -2607.45   0.0429062   20       1507     
 7825.06 182     31519    -2607.49   -2607.45   0.0427863   20       1514     
 7825.4  182     31520    -2607.49   -2607.45   0.0427863   20       1514     
 7825.82 182     31550    -2607.49   -2607.45   0.0427863   20       1514     
 7826.28 182     31600    -2607.49   -2607.45   0.0427863   20       1514     
 7844.89 183     31703    -2607.49   -2607.45   0.0426386   22       1523     
 7845.24 183     31704    -2607.49   -2607.45   0.0426386   23       1523     
 7845.74 183     31750    -2607.49   -2607.45   0.0426386   23       1523     
 7858.96 184     31885    -2607.49   -2607.45   0.0425184   24       1529     
 7859.32 184     31886    -2607.49   -2607.45   0.0425184   24       1529     
 7859.72 184     31900    -2607.49   -2607.45   0.0425184   24       1529     
 7860.2  184     31950    -2607.49   -2607.45   0.0425184   24       1529     
 7881.41 185     32067    -2607.49   -2607.45   0.0423859   20       1539     
 7881.76 185     32068    -2607.49   -2607.45   0.0423859   20       1539     
 7882.21 185     32100    -2607.49   -2607.45   0.0423859   20       1539     
 7886.89 185     32150    -2607.49   -2607.45   0.0423859   20       1541     
 7902.68 186     32249    -2607.49   -2607.45   0.0422745   21       1548     
 7903.04 186     32250    -2607.49   -2607.45   0.0422745   20       1548     
 7922.05 186     32300    -2607.49   -2607.45   0.0422745   20       1558     
 7947.04 187     32431    -2607.49   -2607.45   0.0420496   20       1567     
 7947.41 187     32432    -2607.49   -2607.45   0.0420496   20       1567     
 7947.83 187     32450    -2607.49   -2607.45   0.0420496   20       1567     
 7948.33 187     32500    -2607.49   -2607.45   0.0420496   20       1567     
 7966.96 188     32613    -2607.49   -2607.45   0.0418067   22       1575     
 7967.32 188     32614    -2607.49   -2607.45   0.0418067   22       1575     
 7967.77 188     32650    -2607.49   -2607.45   0.0418067   22       1575     
 7974.74 188     32700    -2607.49   -2607.45   0.0418067   23       1578     
 7981.73 189     32795    -2607.49   -2607.45   0.041708    23       1581     
 7982.13 189     32800    -2607.49   -2607.45   0.041708    24       1581     
 7982.64 189     32850    -2607.49   -2607.45   0.041708    24       1581     
 8006.73 190     32975    -2607.49   -2607.45   0.041631    23       1591     
 8007.12 190     32976    -2607.49   -2607.45   0.041631    23       1591     
 8007.58 190     33000    -2607.49   -2607.45   0.041631    24       1591     
 8008.09 190     33050    -2607.49   -2607.45   0.041631    24       1591     
 8030.92 191     33155    -2607.49   -2607.45   0.0414207   20       1600     
 8031.3  191     33156    -2607.49   -2607.45   0.0414207   20       1600     
 8031.83 191     33200    -2607.49   -2607.45   0.0414207   22       1600     
 8057.85 192     33335    -2607.49   -2607.45   0.0413096   20       1611     
 8058.24 192     33336    -2607.49   -2607.45   0.0413096   20       1611     
 8058.66 192     33350    -2607.49   -2607.45   0.0413096   20       1611     
 8059.17 192     33400    -2607.49   -2607.45   0.0413096   20       1611     
 8077.06 193     33515    -2607.49   -2607.45   0.0412014   19       1618     
 8077.44 193     33516    -2607.49   -2607.45   0.0412014   19       1618     
 8077.93 193     33550    -2607.49   -2607.45   0.0412014   19       1618     
 8081.02 193     33600    -2607.49   -2607.45   0.0412014   20       1619     
 8092.44 194     33695    -2607.49   -2607.45   0.0408887   19       1623     
 8092.86 194     33700    -2607.49   -2607.45   0.0408887   20       1623     
 8093.38 194     33750    -2607.49   -2607.45   0.0408887   20       1623     
 8111.04 195     33875    -2607.49   -2607.45   0.0408136   19       1630     
 8111.42 195     33876    -2607.49   -2607.45   0.0408136   19       1630     
 8111.87 195     33900    -2607.49   -2607.45   0.0408136   20       1630     
 8112.36 195     33950    -2607.49   -2607.45   0.0408136   20       1630     
 8129.94 196     34055    -2607.49   -2607.45   0.0407061   20       1636     
 8130.32 196     34056    -2607.49   -2607.45   0.0407061   20       1636     
 8130.86 196     34100    -2607.49   -2607.45   0.0407061   21       1636     
 8190.29 197     34233    -2607.49   -2607.45   0.0406127   22       1656     
 8190.69 197     34234    -2607.49   -2607.45   0.0406127   22       1656     
 8191.13 197     34250    -2607.49   -2607.45   0.0406127   22       1656     
 8191.64 197     34300    -2607.49   -2607.45   0.0406127   22       1656     
 8202.11 198     34411    -2607.49   -2607.45   0.0405343   22       1660     
 8202.52 198     34412    -2607.49   -2607.45   0.0405343   22       1660     
 8203.03 198     34450    -2607.49   -2607.45   0.0405343   23       1660     
 8235.13 199     34500    -2607.49   -2607.45   0.0405343   25       1672     
 8235.99 199     34589    -2607.49   -2607.45   0.040446    23       1672     
 8236.47 199     34600    -2607.49   -2607.45   0.040446    22       1672     
 8237.01 199     34650    -2607.49   -2607.45   0.040446    22       1672     
 8275.27 200     34767    -2607.49   -2607.45   0.0403768   24       1686     
 8275.68 200     34768    -2607.49   -2607.45   0.0403768   24       1686     
 8276.21 200     34800    -2607.49   -2607.45   0.0403768   24       1686     
 8282.65 200     34850    -2607.49   -2607.45   0.0403768   24       1688     
 8300.06 201     34945    -2607.49   -2607.45   0.0402883   22       1693     
 8300.5  201     34950    -2607.49   -2607.45   0.0402883   22       1693     
 8301.07 201     35000    -2607.49   -2607.45   0.0402883   22       1693     
 8330.93 202     35123    -2607.49   -2607.45   0.0400005   21       1700     
 8331.34 202     35124    -2607.49   -2607.45   0.0400005   21       1700     
 8331.86 202     35150    -2607.49   -2607.45   0.0400005   22       1700     
 8332.41 202     35200    -2607.49   -2607.45   0.0400005   22       1700     
 8352.42 203     35301    -2607.49   -2607.45   0.0398773   23       1707     
 8352.85 203     35302    -2607.49   -2607.45   0.0398773   23       1707     
 8353.41 203     35350    -2607.49   -2607.45   0.0398773   22       1707     
 8388.72 204     35477    -2607.49   -2607.45   0.0397371   23       1719     
 8389.15 204     35478    -2607.49   -2607.45   0.0397371   23       1719     
 8412.93 204     35500    -2607.49   -2607.45   0.0397371   24       1727     
 8413.53 204     35550    -2607.49   -2607.45   0.0397371   24       1727     
 8449.66 205     35653    -2607.49   -2607.45   0.0396001   24       1736     
 8450.12 205     35654    -2607.49   -2607.45   0.0396001   24       1736     
 8450.71 205     35700    -2607.49   -2607.45   0.0396001   23       1736     
 8480.44 206     35829    -2607.49   -2607.45   0.0394654   24       1744     
 8480.86 206     35830    -2607.49   -2607.45   0.0394654   24       1744     
 8488.99 206     35850    -2607.49   -2607.45   0.0394654   25       1747     
 8506.98 206     35900    -2607.49   -2607.45   0.0394654   25       1753     
 8565.9  207     36003    -2607.49   -2607.45   0.0393952   26       1767     
 8566.35 207     36004    -2607.49   -2607.45   0.0393952   26       1767     
 8566.97 207     36050    -2607.49   -2607.45   0.0393952   26       1767     
 8589.98 208     36177    -2607.49   -2607.45   0.039303    23       1774     
 8590.43 208     36178    -2607.49   -2607.45   0.039303    23       1774     
 8590.98 208     36200    -2607.49   -2607.45   0.039303    24       1774     
 8591.56 208     36250    -2607.49   -2607.45   0.039303    24       1774     
 8611.19 209     36351    -2607.49   -2607.45   0.0392694   27       1779     
 8611.63 209     36352    -2607.49   -2607.45   0.0392694   26       1779     
 8612.25 209     36400    -2607.49   -2607.45   0.0392694   26       1779     
 8637.11 210     36525    -2607.49   -2607.45   0.0391804   23       1786     
 8637.56 210     36526    -2607.49   -2607.45   0.0391804   23       1786     
 8638.09 210     36550    -2607.49   -2607.45   0.0391804   23       1786     
 8672.86 210     36600    -2607.49   -2607.45   0.0391804   24       1795     
 8708.34 211     36699    -2607.49   -2607.45   0.0391201   21       1804     
 8708.8  211     36700    -2607.49   -2607.45   0.0391201   21       1804     
 8709.41 211     36750    -2607.49   -2607.45   0.0391201   21       1804     
 8726.89 212     36873    -2607.49   -2607.45   0.0390267   21       1808     
 8727.34 212     36874    -2607.49   -2607.45   0.0390267   21       1808     
 8727.88 212     36900    -2607.49   -2607.45   0.0390267   21       1808     
 8728.48 212     36950    -2607.49   -2607.45   0.0390267   21       1808     
 8754.85 213     37047    -2607.49   -2607.45   0.0389811   25       1814     
 8755.35 213     37050    -2607.49   -2607.45   0.0389811   25       1814     
 8756    213     37100    -2607.49   -2607.45   0.0389811   25       1814     
 8777.27 214     37221    -2607.49   -2607.45   0.0387974   23       1819     
 8777.8  214     37222    -2607.49   -2607.45   0.0387974   23       1819     
 8778.52 214     37250    -2607.49   -2607.45   0.0387974   25       1819     
 8849.5  214     37300    -2607.49   -2607.45   0.0387974   25       1838     
 8878.6  215     37395    -2607.49   -2607.45   0.0387196   25       1845     
 8879.14 215     37400    -2607.49   -2607.45   0.0387196   24       1845     
 8879.78 215     37450    -2607.49   -2607.45   0.0387196   24       1845     
 8916.85 216     37567    -2607.49   -2607.45   0.0386291   24       1853     
 8917.33 216     37568    -2607.49   -2607.45   0.0386291   24       1853     
 8917.93 216     37600    -2607.49   -2607.45   0.0386291   24       1853     
 8934.65 216     37650    -2607.49   -2607.45   0.0386291   24       1857     
 8942.75 217     37739    -2607.49   -2607.45   0.0385686   26       1859     
 8943.29 217     37750    -2607.49   -2607.45   0.0385686   26       1859     
 8943.89 217     37800    -2607.49   -2607.45   0.0385686   26       1859     
 8962.99 218     37911    -2607.49   -2607.45   0.0384315   24       1864     
 8963.48 218     37912    -2607.49   -2607.45   0.0384315   24       1864     
 8964.11 218     37950    -2607.49   -2607.45   0.0384315   24       1864     
 8993.12 219     38083    -2607.49   -2607.45   0.0383272   21       1872     
 8993.58 219     38084    -2607.49   -2607.45   0.0383272   20       1872     
 8994.11 219     38100    -2607.49   -2607.45   0.0383272   21       1872     
 8994.71 219     38150    -2607.49   -2607.45   0.0383272   21       1872     
 9022.5  220     38255    -2607.49   -2607.45   0.0382406   24       1880     
 9022.98 220     38256    -2607.49   -2607.45   0.0382406   24       1880     
 9023.58 220     38300    -2607.49   -2607.45   0.0382406   24       1880     
 9047.03 221     38427    -2607.49   -2607.45   0.0379199   23       1886     
 9047.51 221     38428    -2607.49   -2607.45   0.0379199   23       1886     
 9048.05 221     38450    -2607.49   -2607.45   0.0379199   23       1886     
 9048.74 221     38500    -2607.49   -2607.45   0.0379199   23       1886     
 9081.22 222     38599    -2607.49   -2607.45   0.0378491   23       1894     
 9081.71 222     38600    -2607.49   -2607.45   0.0378491   23       1894     
 9082.36 222     38650    -2607.49   -2607.45   0.0378491   23       1894     
 9115.33 223     38771    -2607.49   -2607.45   0.0377875   25       1901     
 9115.82 223     38772    -2607.49   -2607.45   0.0377875   25       1901     
 9141.42 223     38800    -2607.49   -2607.45   0.0377875   24       1907     
 9155.48 223     38850    -2607.49   -2607.45   0.0377875   23       1912     
 9176.02 224     38941    -2607.49   -2607.45   0.0377156   24       1917     
 9176.59 224     38950    -2607.49   -2607.45   0.0377156   23       1917     
 9177.23 224     39000    -2607.49   -2607.45   0.0377156   23       1917     
 9212.97 225     39111    -2607.49   -2607.45   0.0376447   25       1924     
 9213.48 225     39112    -2607.49   -2607.45   0.0376447   25       1924     
 9214.14 225     39150    -2607.49   -2607.45   0.0376447   24       1924     
 9222.61 226     39281    -2607.49   -2607.45   0.0375311   23       1926     
 9223.1  226     39282    -2607.49   -2607.45   0.0375311   23       1926     
 9223.68 226     39300    -2607.49   -2607.45   0.0375311   23       1926     
 9224.32 226     39350    -2607.49   -2607.45   0.0375311   23       1926     
 9267.11 227     39451    -2607.49   -2607.45   0.0374538   25       1934     
 9267.62 227     39452    -2607.49   -2607.45   0.0374538   25       1934     
 9291.21 227     39500    -2607.49   -2607.45   0.0374538   24       1941     
 9343.36 228     39621    -2607.49   -2607.45   0.0373862   26       1955     
 9343.86 228     39622    -2607.49   -2607.45   0.0373862   26       1955     
 9398.49 228     39650    -2607.49   -2607.45   0.0373862   28       1969     
 9474.22 228     39700    -2607.49   -2607.45   0.0373862   28       1986     
 9501.77 229     39791    -2607.49   -2607.45   0.0372987   25       1991     
 9502.48 229     39800    -2607.49   -2607.45   0.0372987   26       1991     
 9503.23 229     39850    -2607.49   -2607.45   0.0372987   26       1991     
 9542.44 230     39959    -2607.49   -2607.45   0.0372484   24       1999     
 9542.96 230     39960    -2607.49   -2607.45   0.0372484   24       1999     
 9543.64 230     40000    -2607.49   -2607.45   0.0372484   24       1999     
 9588.14 231     40127    -2607.49   -2607.45   0.0372038   26       2007     
 9588.68 231     40128    -2607.49   -2607.45   0.0372038   26       2007     
 9589.37 231     40150    -2607.49   -2607.45   0.0372038   25       2007     
 9590.09 231     40200    -2607.49   -2607.45   0.0372038   25       2007     
 9628.84 232     40297    -2607.49   -2607.45   0.0371504   26       2015     
 9629.42 232     40300    -2607.49   -2607.45   0.0371504   26       2015     
 9630.2  232     40350    -2607.49   -2607.45   0.0371504   26       2015     
 9690.15 233     40465    -2607.49   -2607.45   0.0371084   27       2027     
 9690.71 233     40466    -2607.49   -2607.45   0.0371084   27       2027     
 9691.38 233     40500    -2607.49   -2607.45   0.0371084   25       2027     
 9755.56 234     40633    -2607.49   -2607.45   0.0370958   30       2038     
 9756.19 234     40634    -2607.49   -2607.45   0.0370958   31       2038     
 9756.91 234     40650    -2607.49   -2607.45   0.0370958   29       2038     
 9757.72 234     40700    -2607.49   -2607.45   0.0370958   30       2038     
 9794.23 235     40801    -2607.49   -2607.45   0.0370759   30       2045     
 9794.8  235     40802    -2607.49   -2607.45   0.0370759   30       2045     
 9795.7  235     40850    -2607.49   -2607.45   0.0370759   31       2045     
 9857.2  236     40969    -2607.49   -2607.45   0.0370247   33       2055     
 9857.82 236     40970    -2607.49   -2607.45   0.0370247   32       2055     
 9858.6  236     41000    -2607.49   -2607.45   0.0370247   28       2055     
 9894.3  236     41050    -2607.49   -2607.45   0.0370247   28       2060     
 9905.16 237     41137    -2607.49   -2607.45   0.0369636   25       2062     
 9905.79 237     41150    -2607.49   -2607.45   0.0369636   25       2062     
 9906.52 237     41200    -2607.49   -2607.45   0.0369636   25       2062     
 9941.59 238     41305    -2607.49   -2607.45   0.0368294   23       2068     
 9942.15 238     41306    -2607.49   -2607.45   0.0368294   23       2068     
 9942.9  238     41350    -2607.49   -2607.45   0.0368294   23       2068     
 9981.93 239     41471    -2607.49   -2607.45   0.036798    24       2074     
 9982.51 239     41472    -2607.49   -2607.45   0.036798    24       2074     
 9983.2  239     41500    -2607.49   -2607.45   0.036798    24       2074     
 9990.9  239     41550    -2607.49   -2607.45   0.036798    25       2075     
 10013.1 240     41637    -2607.48   -2607.45   0.0367614   25       2078     
-------------------------------------------------------------------------------

SARSOP finishing ...
  Preset timeout reached
  Timeout     : 10000.000000s
  Actual Time : 10013.060000s

-------------------------------------------------------------------------------
 Time   |#Trial |#Backup |LBound    |UBound    |Precision  |#Alphas |#Beliefs  
-------------------------------------------------------------------------------
 10013.1 240     41637    -2607.48   -2607.45   0.0367614   25       2078     
-------------------------------------------------------------------------------

Writing out policy ...
  output file : RAM4_small/3e60f06811.policyx

