
Loading the model ...
  input file   : /home/rstudio/RAM4_large/3918269019.pomdpx
  loading time : 4.68s 

SARSOP initializing ...
  initialization time : 4164.35s

-------------------------------------------------------------------------------
 Time   |#Trial |#Backup |LBound    |UBound    |Precision  |#Alphas |#Beliefs  
-------------------------------------------------------------------------------
 4164.35 0       0        -191.268   -185.286   5.98187     101      1        
 4166.48 0       50       -189.257   -185.468   3.78925     14       51       
 4168.18 1       123      -187.716   -185.469   2.2471      63       63       
 4175.15 1       150      -187.716   -185.469   2.2471      80       90       
 4181.98 2       207      -187.338   -185.479   1.85924     80       104      
 4187.37 2       250      -187.338   -185.479   1.85924     44       127      
 4193.42 3       327      -187.172   -185.479   1.69344     81       144      
 4205.62 3       350      -187.172   -185.479   1.69344     83       167      
 4226.4  4       429      -186.903   -185.485   1.41851     34       195      
 4244    4       450      -186.903   -185.485   1.41851     33       216      
 4272.69 5       529      -186.638   -185.489   1.1486      27       245      
 4292.15 5       550      -186.638   -185.489   1.1486      41       266      
 4326.81 6       623      -186.541   -185.491   1.05048     64       292      
 4372.59 6       650      -186.541   -185.491   1.05048     44       319      
 4399.76 7       705      -186.461   -185.493   0.96751     42       332      
 4427.98 7       750      -186.461   -185.493   0.96751     37       371      
 4440.89 8       821      -186.377   -185.493   0.883711    69       384      
 4480.21 8       850      -186.377   -185.493   0.883711    63       413      
 4513.93 9       923      -186.287   -185.495   0.791635    28       435      
 4560.67 9       950      -186.287   -185.495   0.791635    29       462      
 4600.64 10      1017     -186.251   -185.496   0.75487     33       482      
 4672.08 10      1050     -186.251   -185.496   0.75487     27       515      
 4707.85 11      1111     -186.181   -185.498   0.683799    25       529      
 4810.71 11      1150     -186.181   -185.498   0.683799    25       568      
 4837.74 12      1207     -186.156   -185.499   0.657507    30       577      
 4981.26 12      1250     -186.156   -185.499   0.657507    22       620      
 5008.34 13      1309     -186.102   -185.5     0.601524    29       628      
 5114.22 13      1350     -186.102   -185.5     0.601524    24       669      
 5134    14      1403     -186.089   -185.501   0.588248    29       675      
 5286.34 15      1493     -186.073   -185.502   0.571379    33       720      
 5311.38 15      1500     -186.073   -185.502   0.571379    36       727      
 5474.52 16      1593     -186.034   -185.503   0.53104     33       770      
 5496.1  16      1600     -186.034   -185.503   0.53104     29       777      
 5637.95 17      1693     -186.018   -185.504   0.513832    29       820      
 5664.14 17      1700     -186.018   -185.504   0.513832    32       827      
 5840.12 18      1793     -186.001   -185.505   0.496024    29       870      
 5866.23 18      1800     -186.001   -185.505   0.496024    34       877      
 6019.48 19      1883     -185.988   -185.506   0.481767    35       915      
 6093.31 19      1900     -185.988   -185.506   0.481767    36       932      
 6233.22 20      1975     -185.975   -185.508   0.467322    44       961      
 6367.19 20      2000     -185.975   -185.508   0.467322    41       986      
 6522.51 21      2079     -185.967   -185.508   0.458635    42       1013     
 6645.68 21      2100     -185.967   -185.508   0.458635    33       1034     
 6826.37 22      2173     -185.964   -185.509   0.454921    40       1060     
 7047.39 22      2200     -185.964   -185.509   0.454921    35       1087     
 7248.18 23      2267     -185.957   -185.51    0.447509    39       1107     
 7620.41 23      2300     -185.957   -185.51    0.447509    42       1140     
 7806.76 24      2363     -185.954   -185.51    0.4434      42       1155     
 8289.38 24      2400     -185.954   -185.51    0.4434      36       1192     
 8403.08 25      2455     -185.947   -185.513   0.434025    37       1200     
 9016.57 25      2500     -185.947   -185.513   0.434025    42       1245     
 9053.52 26      2550     -185.944   -185.513   0.430413    51       1248     
 9650.28 27      2641     -185.939   -185.514   0.424575    41       1292     
 9768.78 27      2650     -185.939   -185.514   0.424575    46       1301     
 10405.8 28      2749     -185.921   -185.514   0.406869    38       1345     
-------------------------------------------------------------------------------

SARSOP finishing ...
  Preset timeout reached
  Timeout     : 10000.000000s
  Actual Time : 10405.810000s

-------------------------------------------------------------------------------
 Time   |#Trial |#Backup |LBound    |UBound    |Precision  |#Alphas |#Beliefs  
-------------------------------------------------------------------------------
 10405.8 28      2749     -185.921   -185.514   0.406869    38       1345     
-------------------------------------------------------------------------------

Writing out policy ...
  output file : RAM4_large/3918269019.policyx

