
Loading the model ...
  input file   : /home/rstudio/RAM4_large/3928dc28c3.pomdpx
  loading time : 4.84s 

SARSOP initializing ...
  initialization time : 3813.08s

-------------------------------------------------------------------------------
 Time   |#Trial |#Backup |LBound    |UBound    |Precision  |#Alphas |#Beliefs  
-------------------------------------------------------------------------------
 3813.08 0       0        -180.414   -173.186   7.22737     101      1        
 3816.64 1       83       -176.719   -173.361   3.3587      43       43       
 3821.24 1       100      -176.719   -173.361   3.3587      60       60       
 3836.34 2       181      -175.922   -173.37    2.5523      57       91       
 3841.85 2       200      -175.922   -173.37    2.5523      32       110      
 3859.66 3       309      -175.718   -173.37    2.34827     66       155      
 3860.43 3       310      -175.718   -173.37    2.34827     66       156      
 3889.85 3       350      -175.718   -173.37    2.34827     70       196      
 3897.26 4       407      -175.231   -173.375   1.85616     67       203      
 3913.28 4       450      -175.231   -173.375   1.85616     33       234      
 3927.85 5       535      -175.05    -173.375   1.67492     64       255      
 3941.98 5       550      -175.05    -173.375   1.67492     73       270      
 3981.49 6       635      -174.83    -173.377   1.45286     70       305      
 4001.42 6       650      -174.83    -173.377   1.45286     70       320      
 4053.12 7       733      -174.547   -173.378   1.16879     28       354      
 4076.81 7       750      -174.547   -173.378   1.16879     27       371      
 4134.51 8       831      -174.488   -173.382   1.10681     27       403      
 4174.87 8       850      -174.488   -173.382   1.10681     25       422      
 4239.51 9       923      -174.388   -173.383   1.00496     19       448      
 4241.86 9       950      -174.388   -173.383   1.00496     25       450      
 4267.96 10      1039     -174.312   -173.383   0.929207    57       470      
 4289.3  10      1050     -174.312   -173.383   0.929207    61       481      
 4381.26 11      1143     -174.274   -173.384   0.889675    65       522      
 4398.65 11      1150     -174.274   -173.384   0.889675    65       529      
 4500.72 12      1235     -174.224   -173.385   0.838917    62       568      
 4545.54 12      1250     -174.224   -173.385   0.838917    63       583      
 4661.69 13      1335     -174.111   -173.386   0.724487    31       618      
 4702.27 13      1350     -174.111   -173.386   0.724487    24       633      
 4800.59 14      1431     -174.084   -173.387   0.69736     33       666      
 4870.29 14      1450     -174.084   -173.387   0.69736     34       685      
 4985.06 15      1531     -174.012   -173.388   0.624401    35       716      
 5043.56 15      1550     -174.012   -173.388   0.624401    27       735      
 5136.04 16      1623     -173.976   -173.389   0.586872    34       762      
 5251.4  16      1650     -173.976   -173.389   0.586872    30       789      
 5327.8  17      1711     -173.963   -173.39    0.573617    40       806      
 5560.13 17      1750     -173.963   -173.39    0.573617    33       845      
 5609.96 18      1800     -173.944   -173.393   0.551671    39       851      
 5912.3  19      1887     -173.925   -173.394   0.531606    37       894      
 6007.56 19      1900     -173.925   -173.394   0.531606    37       907      
 6298.37 20      1991     -173.879   -173.394   0.484736    35       946      
 6339.13 20      2000     -173.879   -173.394   0.484736    33       955      
 6520.09 21      2083     -173.871   -173.395   0.476156    34       992      
 6619.89 21      2100     -173.871   -173.395   0.476156    39       1009     
 6823.51 22      2173     -173.86    -173.395   0.46419     45       1037     
 7027.57 22      2200     -173.86    -173.395   0.46419     32       1064     
 7183.63 23      2259     -173.842   -173.396   0.445909    43       1080     
 7639.64 23      2300     -173.842   -173.396   0.445909    40       1121     
 7689.29 24      2351     -173.832   -173.399   0.433512    41       1126     
 8112.59 25      2439     -173.824   -173.399   0.425284    28       1169     
 8267.28 25      2450     -173.824   -173.399   0.425284    35       1180     
 8784.91 26      2545     -173.799   -173.399   0.400074    34       1221     
 8820.64 26      2550     -173.799   -173.399   0.400074    36       1226     
 9182.86 27      2639     -173.795   -173.399   0.395636    45       1268     
 9285.66 27      2650     -173.795   -173.399   0.395636    39       1279     
 9541.44 28      2729     -173.786   -173.4     0.385503    39       1312     
 9727.36 28      2750     -173.786   -173.4     0.385503    44       1333     
 10004.3 29      2823     -173.783   -173.4     0.382457    42       1359     
-------------------------------------------------------------------------------

SARSOP finishing ...
  Preset timeout reached
  Timeout     : 10000.000000s
  Actual Time : 10004.310000s

-------------------------------------------------------------------------------
 Time   |#Trial |#Backup |LBound    |UBound    |Precision  |#Alphas |#Beliefs  
-------------------------------------------------------------------------------
 10004.3 29      2823     -173.783   -173.4     0.382457    42       1359     
-------------------------------------------------------------------------------

Writing out policy ...
  output file : RAM4_large/3928dc28c3.policyx

