
Loading the model ...
  input file   : /home/rstudio/RAM4_large/392b02c3b6.pomdpx
  loading time : 4.82s 

SARSOP initializing ...
  initialization time : 4126.09s

-------------------------------------------------------------------------------
 Time   |#Trial |#Backup |LBound    |UBound    |Precision  |#Alphas |#Beliefs  
-------------------------------------------------------------------------------
 4126.09 0       0        -171.582   -161.814   9.76822     101      1        
 4129.67 1       75       -165.992   -162.051   3.94174     39       39       
 4138.09 1       100      -165.992   -162.051   3.94174     45       64       
 4153.8  2       173      -165.4     -162.064   3.33674     57       88       
 4178.33 2       200      -165.4     -162.064   3.33674     45       115      
 4197.84 3       263      -164.502   -162.069   2.43223     23       132      
 4218.3  3       300      -164.502   -162.069   2.43223     28       169      
 4235.1  4       377      -164.328   -162.07    2.25829     54       189      
 4258.48 4       400      -164.328   -162.07    2.25829     70       212      
 4298.26 5       481      -163.971   -162.072   1.89915     66       241      
 4327.55 5       500      -163.971   -162.072   1.89915     75       260      
 4384.16 6       581      -163.754   -162.078   1.67602     70       290      
 4394.91 6       600      -163.754   -162.078   1.67602     43       303      
 4434.9  7       691      -163.582   -162.078   1.50425     59       338      
 4449.93 7       700      -163.582   -162.078   1.50425     64       347      
 4535.36 8       799      -163.472   -162.082   1.39061     58       392      
 4537.78 8       800      -163.472   -162.082   1.39061     58       393      
 4656.95 8       850      -163.472   -162.082   1.39061     56       443      
 4664.01 9       905      -163.383   -162.083   1.29953     58       445      
 4793.14 9       950      -163.383   -162.083   1.29953     64       490      
 4814.19 10      1007     -163.324   -162.085   1.23894     62       496      
 4963.06 10      1050     -163.324   -162.085   1.23894     59       539      
 4999.75 11      1113     -163.186   -162.087   1.09936     28       549      
 5135.82 11      1150     -163.186   -162.087   1.09936     22       586      
 5205.64 12      1219     -163.147   -162.089   1.05828     21       602      
 5337.25 12      1250     -163.147   -162.089   1.05828     24       633      
 5429.36 13      1321     -163.098   -162.089   1.00886     25       652      
 5480.03 13      1350     -163.098   -162.089   1.00886     28       678      
 5533.83 14      1445     -163.035   -162.089   0.945601    59       699      
 5551.2  14      1450     -163.035   -162.089   0.945601    63       704      
 5740.17 14      1500     -163.035   -162.089   0.945601    61       754      
 5747.2  15      1557     -163.014   -162.091   0.923022    64       755      
 5941.05 15      1600     -163.014   -162.091   0.923022    62       798      
 5998.63 16      1665     -162.996   -162.092   0.903873    65       809      
 6178.77 16      1700     -162.996   -162.092   0.903873    60       844      
 6285.89 17      1773     -162.95    -162.092   0.857445    71       863      
 6487.44 17      1800     -162.95    -162.092   0.857445    64       890      
 6698.67 18      1879     -162.924   -162.094   0.829885    61       916      
 6843.82 18      1900     -162.924   -162.094   0.829885    62       937      
 7063.26 19      1981     -162.901   -162.095   0.805891    64       966      
 7228.46 19      2000     -162.901   -162.095   0.805891    65       985      
 7499.43 20      2081     -162.885   -162.096   0.789907    74       1016     
 7740.28 20      2100     -162.885   -162.096   0.789907    67       1035     
 8098.86 21      2183     -162.866   -162.097   0.769265    59       1066     
 8271.93 21      2200     -162.866   -162.097   0.769265    60       1083     
 8576.1  22      2277     -162.85    -162.097   0.753327    65       1113     
 8812.9  22      2300     -162.85    -162.097   0.753327    67       1136     
 9114.24 23      2377     -162.823   -162.099   0.72405     61       1162     
 9177.82 23      2400     -162.823   -162.099   0.72405     36       1181     
 9295.02 24      2485     -162.767   -162.099   0.6681      69       1211     
 9399.81 24      2500     -162.767   -162.099   0.6681      70       1226     
 9688.45 25      2599     -162.752   -162.1     0.651298    65       1267     
 9695.82 25      2600     -162.752   -162.1     0.651298    63       1268     
 10127.1 25      2650     -162.752   -162.1     0.651298    74       1318     
-------------------------------------------------------------------------------

SARSOP finishing ...
  Preset timeout reached
  Timeout     : 10000.000000s
  Actual Time : 10127.090000s

-------------------------------------------------------------------------------
 Time   |#Trial |#Backup |LBound    |UBound    |Precision  |#Alphas |#Beliefs  
-------------------------------------------------------------------------------
 10127.1 25      2650     -162.752   -162.1     0.651298    74       1318     
-------------------------------------------------------------------------------

Writing out policy ...
  output file : RAM4_large/392b02c3b6.policyx

