
Loading the model ...
  input file   : /home/rstudio/RAM4_large/392dea60e5.pomdpx
  loading time : 4.63s 

SARSOP initializing ...
  initialization time : 4700.30s

-------------------------------------------------------------------------------
 Time   |#Trial |#Backup |LBound    |UBound    |Precision  |#Alphas |#Beliefs  
-------------------------------------------------------------------------------
 4700.3  0       0        -241.33    -234.957   6.3726      101      1        
 4718.62 1       65       -237.981   -235.114   2.86629     25       34       
 4737.55 1       100      -237.981   -235.114   2.86629     49       69       
 4761.35 2       177      -237.441   -235.121   2.32021     34       90       
 4779.11 2       200      -237.441   -235.121   2.32021     35       113      
 4824.05 3       289      -237.144   -235.126   2.01784     39       146      
 4828.51 3       300      -237.144   -235.126   2.01784     45       157      
 4853.16 4       401      -236.961   -235.126   1.83481     57       202      
 4854.46 4       402      -236.961   -235.126   1.83481     58       203      
 4915.19 4       450      -236.961   -235.126   1.83481     58       251      
 4921.86 5       505      -236.739   -235.127   1.61182     75       254      
 5000.74 5       550      -236.739   -235.127   1.61182     49       299      
 5012.49 6       609      -236.426   -235.129   1.29749     27       306      
 5085.1  6       650      -236.426   -235.129   1.29749     26       347      
 5116.06 7       719      -236.23    -235.13    1.10043     24       361      
 5175.92 7       750      -236.23    -235.13    1.10043     29       392      
 5239.44 8       833      -236.185   -235.131   1.0533      23       418      
 5284.04 8       850      -236.185   -235.131   1.0533      20       435      
 5392.98 9       943      -236.053   -235.134   0.918766    27       473      
 5410.01 9       950      -236.053   -235.134   0.918766    32       480      
 5548.41 10      1049     -235.999   -235.135   0.864414    25       526      
 5552.87 10      1050     -235.999   -235.135   0.864414    26       527      
 5768.51 10      1100     -235.999   -235.135   0.864414    23       577      
 5781.93 11      1155     -235.98    -235.136   0.84407     33       579      
 6177.19 11      1200     -235.98    -235.136   0.84407     23       624      
 6293.18 12      1269     -235.91    -235.137   0.773456    28       636      
 6421.04 12      1300     -235.91    -235.137   0.773456    24       667      
 6535.93 13      1377     -235.875   -235.138   0.736686    29       690      
 6670.92 13      1400     -235.875   -235.138   0.736686    26       713      
 6897.14 14      1485     -235.856   -235.139   0.717492    26       744      
 7024.83 14      1500     -235.856   -235.139   0.717492    31       759      
 7420.43 15      1591     -235.84    -235.14    0.699888    35       797      
 7527.27 15      1600     -235.84    -235.14    0.699888    37       806      
 8099.79 16      1697     -235.831   -235.141   0.689908    28       850      
 8146.22 16      1700     -235.831   -235.141   0.689908    31       853      
 8914.91 16      1750     -235.831   -235.141   0.689908    29       903      
 8952.27 17      1811     -235.785   -235.143   0.642228    38       907      
 9263.74 17      1850     -235.785   -235.143   0.642228    28       946      
 9397.26 18      1921     -235.777   -235.144   0.633481    28       962      
 9715.24 18      1950     -235.777   -235.144   0.633481    33       991      
 10046.2 19      2031     -235.762   -235.145   0.616887    33       1017     
-------------------------------------------------------------------------------

SARSOP finishing ...
  Preset timeout reached
  Timeout     : 10000.000000s
  Actual Time : 10046.250000s

-------------------------------------------------------------------------------
 Time   |#Trial |#Backup |LBound    |UBound    |Precision  |#Alphas |#Beliefs  
-------------------------------------------------------------------------------
 10046.2 19      2031     -235.762   -235.145   0.616887    33       1017     
-------------------------------------------------------------------------------

Writing out policy ...
  output file : RAM4_large/392dea60e5.policyx

