
Loading the model ...
  input file   : /home/rstudio/RAM4_large/392e95f6a0.pomdpx
  loading time : 5.02s 

SARSOP initializing ...
  initialization time : 11834.21s

-------------------------------------------------------------------------------
 Time   |#Trial |#Backup |LBound    |UBound    |Precision  |#Alphas |#Beliefs  
-------------------------------------------------------------------------------
 11834.2 0       0        -1411.79   -843.977   567.817     101      1        
-------------------------------------------------------------------------------

SARSOP finishing ...
  Preset timeout reached
  Timeout     : 10000.000000s
  Actual Time : 11834.550000s

-------------------------------------------------------------------------------
 Time   |#Trial |#Backup |LBound    |UBound    |Precision  |#Alphas |#Beliefs  
-------------------------------------------------------------------------------
 11834.5 0       1        -1411.76   -1411.39   0.36626     3        2        
-------------------------------------------------------------------------------

Writing out policy ...
  output file : RAM4_large/392e95f6a0.policyx

