
Loading the model ...
  input file   : /home/rstudio/RAM4_large/393dbf3ef9.pomdpx
  loading time : 4.63s 

SARSOP initializing ...
  initialization time : 2827.09s

-------------------------------------------------------------------------------
 Time   |#Trial |#Backup |LBound    |UBound    |Precision  |#Alphas |#Beliefs  
-------------------------------------------------------------------------------
 2827.09 0       0        -176.661   -173.668   2.99322     101      1        
 2834.36 1       63       -174.895   -173.745   1.15031     49       33       
 2839.03 2       129      -174.755   -173.745   1.00991     78       66       
 2844.69 2       150      -174.755   -173.745   1.00991     38       87       
 2854.21 3       200      -174.496   -173.748   0.747754    47       112      
 2862.09 4       251      -174.401   -173.75    0.65136     62       127      
 2882.96 5       323      -174.316   -173.75    0.565853    46       163      
 2899.85 5       350      -174.316   -173.75    0.565853    39       190      
 2909.23 6       400      -174.236   -173.752   0.483918    64       204      
 2926.4  7       465      -174.197   -173.753   0.443759    59       233      
 2943.97 8       521      -174.17    -173.753   0.416638    62       261      
 2966.48 8       550      -174.17    -173.753   0.416638    65       290      
 2984.84 9       600      -174.115   -173.754   0.360681    57       310      
 3000.37 10      650      -174.082   -173.754   0.327062    62       327      
 3029.6  11      713      -174.055   -173.755   0.300275    60       357      
 3062.68 12      775      -174.026   -173.755   0.270775    47       388      
 3090.23 12      800      -174.026   -173.755   0.270775    50       413      
 3111.23 13      850      -174.001   -173.756   0.245312    37       431      
 3139.29 14      909      -173.988   -173.756   0.232157    40       455      
 3179.11 15      967      -173.974   -173.756   0.218057    40       484      
 3216.28 16      1021     -173.964   -173.757   0.207111    28       510      
 3254.73 17      1075     -173.957   -173.757   0.200136    43       537      
 3296.34 18      1123     -173.945   -173.757   0.187585    38       561      
 3345.36 19      1175     -173.937   -173.758   0.178746    37       587      
 3387.38 20      1215     -173.927   -173.758   0.168955    39       607      
 3444.77 21      1271     -173.918   -173.759   0.159046    38       635      
 3494.35 22      1325     -173.912   -173.759   0.152826    45       662      
 3544.49 23      1369     -173.91    -173.759   0.150913    41       684      
 3607.29 24      1423     -173.905   -173.76    0.145288    40       711      
 3652.4  25      1471     -173.896   -173.76    0.136167    44       735      
 3701.17 26      1517     -173.895   -173.761   0.134681    39       758      
 3764.98 27      1571     -173.891   -173.761   0.130414    45       785      
 3815.55 28      1611     -173.889   -173.761   0.127994    48       805      
 3881.15 29      1663     -173.885   -173.761   0.123817    55       831      
 3926.05 30      1701     -173.883   -173.762   0.121869    43       850      
 3996.17 31      1751     -173.881   -173.762   0.119114    43       875      
 4088.64 32      1800     -173.877   -173.762   0.115176    45       905      
 4188.16 33      1850     -173.876   -173.763   0.113116    50       935      
 4252.4  34      1900     -173.871   -173.763   0.108078    51       959      
 4326.77 35      1950     -173.87    -173.763   0.106727    46       983      
 4416.2  36      2000     -173.869   -173.763   0.105753    42       1011     
 4487.88 38      2067     -173.866   -173.764   0.10265     56       1032     
 4564.37 39      2117     -173.865   -173.764   0.101635    60       1057     
 4631.11 40      2157     -173.864   -173.764   0.100316    63       1077     
 4706.03 41      2203     -173.863   -173.764   0.0985653   55       1100     
 4834.07 42      2250     -173.86    -173.765   0.0956335   47       1129     
 4911.24 43      2300     -173.858   -173.765   0.0935684   56       1152     
 5010.01 44      2350     -173.858   -173.765   0.0928954   56       1181     
 5091.51 46      2413     -173.856   -173.765   0.0913567   65       1203     
 5170.72 47      2463     -173.854   -173.765   0.0890568   62       1228     
 5233.09 48      2505     -173.853   -173.765   0.087756    61       1248     
 5322.17 49      2559     -173.853   -173.766   0.087146    59       1275     
 5404.68 50      2601     -173.852   -173.766   0.0863453   62       1295     
 5509.08 51      2650     -173.851   -173.766   0.0854022   77       1319     
 5674.3  52      2700     -173.851   -173.766   0.0849478   87       1346     
 5846.77 53      2750     -173.85    -173.766   0.0844824   75       1373     
 6059.87 54      2800     -173.85    -173.766   0.0839245   81       1402     
 6208.19 55      2850     -173.849   -173.766   0.0824408   79       1424     
 6362.34 57      2921     -173.848   -173.766   0.0814346   76       1450     
 6528.24 58      2973     -173.846   -173.767   0.079045    67       1475     
 6696.83 59      3021     -173.845   -173.767   0.0784355   79       1499     
 6876.55 60      3067     -173.845   -173.767   0.0778482   70       1521     
 7053.87 61      3113     -173.844   -173.767   0.0775683   71       1543     
 7265.19 62      3169     -173.844   -173.767   0.0769482   68       1570     
 7433.15 63      3213     -173.844   -173.767   0.0766693   85       1592     
 7590.57 64      3259     -173.843   -173.767   0.0762786   83       1614     
 7773.12 65      3305     -173.843   -173.767   0.0759658   83       1637     
 7959.21 66      3357     -173.843   -173.767   0.0751587   78       1662     
 8132.63 67      3403     -173.842   -173.767   0.0749053   79       1684     
 8356.77 68      3450     -173.842   -173.767   0.0746374   83       1709     
 8631.82 69      3500     -173.842   -173.767   0.0743979   77       1737     
 8974.8  70      3550     -173.842   -173.768   0.0740335   81       1766     
 9109.48 71      3600     -173.84    -173.768   0.0726242   96       1788     
 9248.6  72      3650     -173.84    -173.768   0.0722239   102      1813     
 9402.08 74      3721     -173.84    -173.768   0.0718793   87       1837     
 9584.21 75      3775     -173.84    -173.768   0.0716822   88       1863     
 9734.47 76      3821     -173.839   -173.768   0.0712692   87       1885     
 9908.64 77      3863     -173.839   -173.768   0.0710422   90       1905     
 10091.8 78      3907     -173.838   -173.768   0.0704746   99       1927     
-------------------------------------------------------------------------------

SARSOP finishing ...
  Preset timeout reached
  Timeout     : 10000.000000s
  Actual Time : 10091.780000s

-------------------------------------------------------------------------------
 Time   |#Trial |#Backup |LBound    |UBound    |Precision  |#Alphas |#Beliefs  
-------------------------------------------------------------------------------
 10091.8 78      3907     -173.838   -173.768   0.0704746   99       1927     
-------------------------------------------------------------------------------

Writing out policy ...
  output file : RAM4_large/393dbf3ef9.policyx

