
Loading the model ...
  input file   : /home/rstudio/RAM4_large/394776105f.pomdpx
  loading time : 4.70s 

SARSOP initializing ...
  initialization time : 3828.67s

-------------------------------------------------------------------------------
 Time   |#Trial |#Backup |LBound    |UBound    |Precision  |#Alphas |#Beliefs  
-------------------------------------------------------------------------------
 3828.67 0       0        -154.736   -144.137   10.5984     101      1        
 3832.19 1       75       -147.445   -144.388   3.05692     37       39       
 3840.72 1       100      -147.445   -144.388   3.05692     55       64       
 3852.46 2       167      -146.93    -144.403   2.52721     53       84       
 3861.19 2       200      -146.93    -144.403   2.52721     35       111      
 3873.58 3       281      -146.632   -144.403   2.22814     61       135      
 3886.68 3       300      -146.632   -144.403   2.22814     72       154      
 3918.18 4       383      -146.351   -144.411   1.93984     66       186      
 3937.29 4       400      -146.351   -144.411   1.93984     75       203      
 3984.52 5       481      -146.221   -144.414   1.8068      90       235      
 4015.81 5       500      -146.221   -144.414   1.8068      80       254      
 4070.62 6       575      -146.08    -144.415   1.66507     87       281      
 4070.94 6       600      -146.08    -144.415   1.66507     46       281      
 4097.69 7       691      -145.886   -144.415   1.47034     67       305      
 4111.32 7       700      -145.886   -144.415   1.47034     61       314      
 4196    8       801      -145.762   -144.417   1.34464     58       360      
 4198.05 8       802      -145.762   -144.417   1.34464     54       361      
 4303.79 9       897      -145.682   -144.419   1.26338     61       408      
 4311.58 9       900      -145.682   -144.419   1.26338     64       411      
 4456.48 10      997      -145.598   -144.424   1.17425     58       458      
 4465.37 10      1000     -145.598   -144.424   1.17425     60       461      
 4655.86 11      1097     -145.544   -144.426   1.11837     60       507      
 4656.14 11      1100     -145.544   -144.426   1.11837     23       507      
 4716.29 11      1150     -145.544   -144.426   1.11837     26       544      
 4732.14 12      1217     -145.454   -144.426   1.02804     57       551      
 4859    12      1250     -145.454   -144.426   1.02804     60       584      
 4954.64 13      1329     -145.407   -144.426   0.980955    64       607      
 5051.53 13      1350     -145.407   -144.426   0.980955    68       628      
 5195.33 14      1435     -145.371   -144.428   0.942902    56       660      
 5263.87 14      1450     -145.371   -144.428   0.942902    63       675      
 5441.03 15      1533     -145.33    -144.43    0.900029    64       709      
 5536.76 15      1550     -145.33    -144.43    0.900029    64       726      
 5750.17 16      1633     -145.305   -144.43    0.874598    67       759      
 5883.3  16      1650     -145.305   -144.43    0.874598    64       776      
 6170.9  17      1737     -145.264   -144.432   0.831747    56       810      
 6283.08 17      1750     -145.264   -144.432   0.831747    61       823      
 6689.06 18      1835     -145.235   -144.432   0.802297    58       858      
 6742.94 18      1850     -145.235   -144.432   0.802297    33       873      
 6826.55 19      1951     -145.181   -144.433   0.748066    59       893      
 6833.2  19      1952     -145.181   -144.433   0.748066    59       894      
 7173.92 19      2000     -145.181   -144.433   0.748066    60       942      
 7237.36 20      2067     -145.158   -144.434   0.723782    54       950      
 7507.73 20      2100     -145.158   -144.434   0.723782    63       983      
 7664.49 21      2171     -145.145   -144.434   0.710464    66       1002     
 7981.95 21      2200     -145.145   -144.434   0.710464    73       1031     
 8209.83 22      2277     -145.126   -144.435   0.690585    73       1055     
 8454.37 22      2300     -145.126   -144.435   0.690585    74       1078     
 8762.32 23      2379     -145.112   -144.436   0.675598    65       1105     
 8965.35 23      2400     -145.112   -144.436   0.675598    72       1126     
 9314.5  24      2489     -145.095   -144.436   0.658935    67       1160     
 9440.6  24      2500     -145.095   -144.436   0.658935    67       1171     
 9912.76 25      2595     -145.085   -144.437   0.647954    64       1212     
 9971.39 25      2600     -145.085   -144.437   0.647954    69       1217     
 10557.9 26      2695     -145.075   -144.437   0.638401    65       1261     
-------------------------------------------------------------------------------

SARSOP finishing ...
  Preset timeout reached
  Timeout     : 10000.000000s
  Actual Time : 10557.880000s

-------------------------------------------------------------------------------
 Time   |#Trial |#Backup |LBound    |UBound    |Precision  |#Alphas |#Beliefs  
-------------------------------------------------------------------------------
 10557.9 26      2695     -145.075   -144.437   0.638401    65       1261     
-------------------------------------------------------------------------------

Writing out policy ...
  output file : RAM4_large/394776105f.policyx

