
Loading the model ...
  input file   : /home/rstudio/RAM4_large/394b401add.pomdpx
  loading time : 4.50s 

SARSOP initializing ...
  initialization time : 2298.25s

-------------------------------------------------------------------------------
 Time   |#Trial |#Backup |LBound    |UBound    |Precision  |#Alphas |#Beliefs  
-------------------------------------------------------------------------------
 2298.25 0       0        -131.115   -128.01    3.10496     101      1        
 2299.29 1       83       -129.816   -128.082   1.73374     58       42       
 2299.32 1       100      -129.816   -128.082   1.73374     75       42       
 2303.6  1       150      -129.816   -128.082   1.73374     125      90       
 2306.62 2       235      -129.39    -128.082   1.30796     78       99       
 2309.26 3       263      -129.181   -128.083   1.09849     80       113      
 2312.85 4       300      -128.953   -128.086   0.866661    107      127      
 2317.65 4       350      -128.953   -128.086   0.866661    155      153      
 2325.37 5       455      -128.881   -128.086   0.795567    116      177      
 2325.8  5       456      -128.881   -128.086   0.795567    115      178      
 2339.81 6       500      -128.881   -128.086   0.795567    53       221      
 2343.41 6       550      -128.752   -128.088   0.663464    79       227      
 2355.36 7       615      -128.644   -128.089   0.555288    42       256      
 2367.58 7       650      -128.644   -128.089   0.555288    50       291      
 2373.76 8       700      -128.611   -128.089   0.521998    63       302      
 2393.48 10      765      -128.523   -128.091   0.431741    62       330      
 2401.44 10      800      -128.523   -128.091   0.431741    84       357      
 2418.17 11      893      -128.509   -128.091   0.418169    94       386      
 2423.48 11      900      -128.509   -128.091   0.418169    82       393      
 2441.83 12      973      -128.437   -128.092   0.345529    46       426      
 2463.93 13      1025     -128.422   -128.092   0.32978     51       452      
 2485.78 13      1050     -128.422   -128.092   0.32978     28       477      
 2495.32 14      1101     -128.385   -128.093   0.292501    37       490      
 2529.01 15      1169     -128.362   -128.093   0.2684      23       523      
 2555.66 16      1229     -128.347   -128.093   0.253437    33       553      
 2579.34 16      1250     -128.347   -128.093   0.253437    27       574      
 2608.88 17      1300     -128.318   -128.094   0.224678    30       598      
 2639.05 18      1350     -128.303   -128.094   0.209294    28       621      
 2673.89 19      1400     -128.287   -128.094   0.192499    29       645      
 2711.7  20      1450     -128.277   -128.095   0.182096    25       669      
 2755.56 21      1500     -128.267   -128.096   0.171095    30       695      
 2797.99 23      1565     -128.245   -128.096   0.148515    38       721      
 2846.29 24      1623     -128.238   -128.096   0.141765    51       750      
 2881.34 25      1657     -128.235   -128.097   0.137682    47       767      
 2926.07 26      1705     -128.228   -128.097   0.131109    32       791      
 2987.57 27      1750     -128.226   -128.098   0.128014    37       819      
 3027.83 28      1800     -128.222   -128.098   0.123373    36       844      
 3075.12 30      1857     -128.216   -128.099   0.116975    46       866      
 3139.5  31      1900     -128.211   -128.099   0.111824    54       894      
 3211.04 33      1973     -128.202   -128.099   0.102352    56       924      
 3265.55 34      2013     -128.2     -128.1     0.100629    63       944      
 3328    35      2050     -128.199   -128.1     0.0992904   67       964      
 3406.24 36      2100     -128.196   -128.1     0.0961951   49       991      
 3493.38 38      2150     -128.195   -128.1     0.0947914   53       1023     
 3548.4  39      2205     -128.193   -128.101   0.0920422   45       1040     
 3638.2  41      2261     -128.189   -128.101   0.0878367   55       1068     
 3717.65 42      2311     -128.187   -128.101   0.0858521   56       1093     
 3802.85 43      2350     -128.185   -128.102   0.0836598   54       1116     
 3897.29 45      2415     -128.183   -128.102   0.0809542   53       1144     
 3965.58 46      2450     -128.182   -128.102   0.0801501   56       1162     
 4060.91 47      2500     -128.18    -128.102   0.0779518   58       1188     
 4164.37 49      2563     -128.179   -128.102   0.0764266   73       1217     
 4249.82 50      2600     -128.178   -128.102   0.0759275   72       1237     
 4367.46 52      2661     -128.175   -128.103   0.0721842   74       1266     
 4476.94 53      2700     -128.174   -128.103   0.0711844   72       1287     
 4626.26 54      2750     -128.174   -128.103   0.070718    83       1319     
 4712.18 55      2800     -128.173   -128.103   0.0695606   73       1342     
 4787.33 57      2871     -128.172   -128.103   0.0681492   70       1367     
 4857.76 58      2905     -128.171   -128.103   0.0677049   75       1384     
 4965.59 59      2950     -128.171   -128.104   0.0669418   79       1410     
 5080.62 61      3009     -128.17    -128.104   0.06602     73       1434     
 5197.03 62      3057     -128.169   -128.104   0.0649231   70       1457     
 5318.32 63      3100     -128.168   -128.104   0.064524    79       1481     
 5492.46 65      3163     -128.168   -128.104   0.0635539   69       1508     
 5621.51 66      3200     -128.167   -128.104   0.0631308   80       1526     
 5827.21 68      3250     -128.167   -128.104   0.062755    83       1558     
 5940.95 69      3303     -128.166   -128.104   0.061844    95       1575     
 6116.69 70      3353     -128.166   -128.104   0.0614623   110      1600     
 6329.7  71      3400     -128.164   -128.105   0.0597559   93       1629     
 6522.67 73      3463     -128.164   -128.105   0.0590722   88       1652     
 6687.88 74      3501     -128.164   -128.105   0.058876    101      1671     
 7001.86 75      3550     -128.163   -128.105   0.0583685   105      1700     
 7287.04 77      3615     -128.163   -128.105   0.0578352   99       1725     
 7495.46 78      3653     -128.163   -128.105   0.0576199   93       1743     
 7861.74 79      3700     -128.162   -128.105   0.0574599   110      1770     
 8250.8  81      3767     -128.162   -128.105   0.0567569   110      1798     
 8465.71 82      3805     -128.161   -128.105   0.0562049   108      1816     
 8812.1  83      3850     -128.161   -128.105   0.0560797   118      1841     
 9096.26 84      3900     -128.161   -128.105   0.055497    113      1862     
 9443.77 85      3950     -128.16    -128.105   0.0552844   108      1891     
 9778.42 87      4017     -128.16    -128.105   0.054971    98       1918     
 10047.3 88      4057     -128.16    -128.105   0.0546352   106      1937     
-------------------------------------------------------------------------------

SARSOP finishing ...
  Preset timeout reached
  Timeout     : 10000.000000s
  Actual Time : 10047.290000s

-------------------------------------------------------------------------------
 Time   |#Trial |#Backup |LBound    |UBound    |Precision  |#Alphas |#Beliefs  
-------------------------------------------------------------------------------
 10047.3 88      4057     -128.16    -128.105   0.0546352   106      1937     
-------------------------------------------------------------------------------

Writing out policy ...
  output file : RAM4_large/394b401add.policyx

