
Loading the model ...
  input file   : /home/rstudio/RAM4_large/394fc24221.pomdpx
  loading time : 4.84s 

SARSOP initializing ...
  initialization time : 13515.95s

-------------------------------------------------------------------------------
 Time   |#Trial |#Backup |LBound    |UBound    |Precision  |#Alphas |#Beliefs  
-------------------------------------------------------------------------------
 13516   0       0        -7772.95   -316.574   7456.38     101      1        
-------------------------------------------------------------------------------

SARSOP finishing ...
  Preset timeout reached
  Timeout     : 10000.000000s
  Actual Time : 13516.300000s

-------------------------------------------------------------------------------
 Time   |#Trial |#Backup |LBound    |UBound    |Precision  |#Alphas |#Beliefs  
-------------------------------------------------------------------------------
 13516.3 0       1        -7702.01   -4472.35   3229.65     42       2        
-------------------------------------------------------------------------------

Writing out policy ...
  output file : RAM4_large/394fc24221.policyx

