
Loading the model ...
  input file   : /home/rstudio/RAM4_large/3952cefaee.pomdpx
  loading time : 4.78s 

SARSOP initializing ...
  initialization time : 3437.89s

-------------------------------------------------------------------------------
 Time   |#Trial |#Backup |LBound    |UBound    |Precision  |#Alphas |#Beliefs  
-------------------------------------------------------------------------------
 3437.89 0       0        -181.386   -176.97    4.4156      101      1        
 3440.97 1       97       -179.561   -177.116   2.4459      51       50       
 3441.76 1       100      -179.561   -177.116   2.4459      54       53       
 3453.54 2       183      -179.015   -177.124   1.89142     65       93       
 3462.1  2       200      -179.015   -177.124   1.89142     62       110      
 3480.51 3       273      -178.671   -177.129   1.54196     37       138      
 3496.61 3       300      -178.671   -177.129   1.54196     48       165      
 3508.63 4       361      -178.397   -177.132   1.26587     37       182      
 3537.29 4       400      -178.397   -177.132   1.26587     53       221      
 3546.21 5       459      -178.158   -177.133   1.02554     45       231      
 3580.99 5       500      -178.158   -177.133   1.02554     47       272      
 3586.47 6       553      -178.025   -177.136   0.889201    71       278      
 3631.76 7       643      -177.939   -177.137   0.801257    69       323      
 3639.57 7       650      -177.939   -177.137   0.801257    61       330      
 3683.98 8       731      -177.838   -177.138   0.699904    56       367      
 3708.07 8       750      -177.838   -177.138   0.699904    36       386      
 3745.41 9       821      -177.787   -177.139   0.647334    35       412      
 3784.67 9       850      -177.787   -177.139   0.647334    35       441      
 3803.8  10      905      -177.738   -177.14    0.59804     32       454      
 3864.4  11      977      -177.684   -177.141   0.542349    29       490      
 3910.52 11      1000     -177.684   -177.141   0.542349    39       513      
 3956.01 12      1067     -177.643   -177.142   0.501469    37       535      
 4016.9  12      1100     -177.643   -177.142   0.501469    34       568      
 4037.37 13      1150     -177.628   -177.143   0.485296    44       577      
 4134.12 14      1223     -177.619   -177.144   0.474932    33       613      
 4216.95 14      1250     -177.619   -177.144   0.474932    29       640      
 4280.83 15      1300     -177.599   -177.145   0.454526    38       657      
 4396.91 16      1379     -177.565   -177.145   0.419459    34       691      
 4441.61 16      1400     -177.565   -177.145   0.419459    30       712      
 4481.61 17      1453     -177.556   -177.147   0.409188    39       728      
 4592.4  18      1541     -177.538   -177.147   0.390655    40       772      
 4614.02 18      1550     -177.538   -177.147   0.390655    38       781      
 4679.55 19      1611     -177.523   -177.148   0.375236    43       807      
 4790.85 19      1650     -177.523   -177.148   0.375236    31       846      
 4811.23 20      1700     -177.501   -177.149   0.352069    39       853      
 4934.22 21      1783     -177.494   -177.149   0.344665    42       893      
 4985.25 21      1800     -177.494   -177.149   0.344665    40       910      
 5045.51 22      1857     -177.489   -177.15    0.338911    41       930      
 5198.92 23      1941     -177.472   -177.151   0.321632    41       972      
 5220.37 23      1950     -177.472   -177.151   0.321632    41       981      
 5303.92 24      2025     -177.465   -177.151   0.31405     43       1014     
 5374.07 24      2050     -177.465   -177.151   0.31405     37       1039     
 5412.61 25      2100     -177.456   -177.153   0.302984    45       1052     
 5540.01 26      2185     -177.452   -177.153   0.298665    46       1094     
 5592.12 26      2200     -177.452   -177.153   0.298665    52       1109     
 5677.81 27      2261     -177.449   -177.153   0.295922    66       1132     
 5830.44 27      2300     -177.449   -177.153   0.295922    40       1171     
 5854.36 28      2350     -177.44    -177.154   0.285754    45       1177     
 6028.18 29      2435     -177.436   -177.154   0.281779    32       1218     
 6096.01 29      2450     -177.436   -177.154   0.281779    44       1233     
 6221.17 30      2511     -177.433   -177.155   0.278949    40       1255     
 6443.26 31      2587     -177.432   -177.155   0.27735     49       1293     
 6546.82 31      2600     -177.432   -177.155   0.27735     51       1306     
 6749.2  32      2673     -177.423   -177.155   0.267936    49       1336     
 6866.5  32      2700     -177.423   -177.155   0.267936    46       1363     
 6916.77 33      2750     -177.419   -177.156   0.263328    52       1374     
 7136.27 34      2827     -177.417   -177.156   0.261453    50       1411     
 7289.18 34      2850     -177.417   -177.156   0.261453    50       1434     
 7398.82 35      2901     -177.416   -177.156   0.26007     58       1448     
 7717.31 36      2989     -177.408   -177.157   0.250303    50       1491     
 7776.65 36      3000     -177.408   -177.157   0.250303    54       1502     
 7970.66 37      3079     -177.406   -177.158   0.248125    47       1535     
 8092.01 37      3100     -177.406   -177.158   0.248125    50       1556     
 8213.44 38      3159     -177.404   -177.158   0.246146    39       1574     
 8521.61 38      3200     -177.404   -177.158   0.246146    51       1615     
 8561.96 39      3250     -177.402   -177.158   0.244568    56       1620     
 8901.12 40      3325     -177.399   -177.158   0.240991    46       1656     
 9162.51 40      3350     -177.399   -177.158   0.240991    63       1681     
 9362.92 41      3415     -177.397   -177.159   0.238214    60       1701     
 9733.58 41      3450     -177.397   -177.159   0.238214    54       1736     
 9842.44 42      3500     -177.395   -177.159   0.235558    63       1746     
 10276.1 43      3575     -177.394   -177.159   0.234889    57       1779     
-------------------------------------------------------------------------------

SARSOP finishing ...
  Preset timeout reached
  Timeout     : 10000.000000s
  Actual Time : 10276.060000s

-------------------------------------------------------------------------------
 Time   |#Trial |#Backup |LBound    |UBound    |Precision  |#Alphas |#Beliefs  
-------------------------------------------------------------------------------
 10276.1 43      3575     -177.394   -177.159   0.234889    57       1779     
-------------------------------------------------------------------------------

Writing out policy ...
  output file : RAM4_large/3952cefaee.policyx

