
Loading the model ...
  input file   : /home/rstudio/RAM4_large/396e7adc7a.pomdpx
  loading time : 4.47s 

SARSOP initializing ...
  initialization time : 2247.62s

-------------------------------------------------------------------------------
 Time   |#Trial |#Backup |LBound    |UBound    |Precision  |#Alphas |#Beliefs  
-------------------------------------------------------------------------------
 2247.62 0       0        -152.399   -150.07    2.32827     101      1        
 2261.12 1       67       -151.801   -150.123   1.67788     30       35       
 2278.26 1       100      -151.801   -150.123   1.67788     41       68       
 2281.52 2       150      -151.29    -150.125   1.16529     58       76       
 2296.33 3       235      -151.093   -150.125   0.9673      52       118      
 2303.09 3       250      -151.093   -150.125   0.9673      51       133      
 2309.46 4       300      -150.856   -150.127   0.729191    42       150      
 2324.91 5       383      -150.787   -150.127   0.659911    73       191      
 2336.66 5       400      -150.787   -150.127   0.659911    37       208      
 2345.35 6       450      -150.647   -150.128   0.519585    52       225      
 2358.31 7       507      -150.604   -150.128   0.476042    60       252      
 2375.56 8       551      -150.57    -150.129   0.441125    57       274      
 2397.09 9       607      -150.492   -150.13    0.362343    52       302      
 2418.97 10      657      -150.466   -150.13    0.336238    69       326      
 2441.34 11      723      -150.438   -150.13    0.308238    72       359      
 2467.61 11      750      -150.438   -150.13    0.308238    61       386      
 2482.76 12      800      -150.406   -150.131   0.275769    45       400      
 2505.52 13      855      -150.372   -150.131   0.241053    35       424      
 2537.74 14      929      -150.363   -150.131   0.231656    43       461      
 2565.17 14      950      -150.363   -150.131   0.231656    27       482      
 2597.97 16      1017     -150.333   -150.132   0.20111     43       505      
 2633.97 17      1071     -150.311   -150.132   0.178968    41       532      
 2663.98 18      1111     -150.304   -150.132   0.171972    39       551      
 2695.81 19      1159     -150.295   -150.132   0.162747    31       575      
 2737.08 20      1211     -150.28    -150.132   0.147568    38       601      
 2780.75 21      1263     -150.272   -150.132   0.13935     40       627      
 2826.87 22      1313     -150.266   -150.133   0.133721    38       652      
 2871.37 23      1361     -150.261   -150.133   0.12839     37       676      
 2911.92 24      1407     -150.253   -150.133   0.120073    27       698      
 2955.95 25      1453     -150.251   -150.133   0.118135    42       721      
 3022.98 26      1500     -150.248   -150.134   0.113812    34       748      
 3097.77 28      1550     -150.242   -150.134   0.107929    32       779      
 3156.62 29      1607     -150.234   -150.135   0.0995272   40       798      
 3263.28 30      1650     -150.23    -150.135   0.0954907   38       826      
 3354.03 32      1721     -150.224   -150.136   0.0888496   34       854      
 3403.96 33      1765     -150.223   -150.136   0.0877539   48       876      
 3460.87 34      1803     -150.221   -150.136   0.0848427   57       895      
 3573.31 35      1850     -150.22    -150.136   0.0838482   50       928      
 3655.63 37      1913     -150.214   -150.136   0.0773512   54       950      
 3741.38 38      1951     -150.213   -150.137   0.0761496   54       969      
 3867.27 39      2000     -150.211   -150.137   0.0740158   47       995      
 3984.81 41      2059     -150.209   -150.137   0.0719474   51       1023     
 4099.33 42      2100     -150.208   -150.137   0.0707264   53       1046     
 4203.89 44      2150     -150.206   -150.138   0.0682213   55       1068     
 4375.64 46      2200     -150.205   -150.138   0.0678018   74       1103     
 4451.55 47      2251     -150.203   -150.138   0.0647261   72       1118     
 4618.58 49      2317     -150.201   -150.138   0.0628576   75       1150     
 4741.61 50      2350     -150.2     -150.138   0.0619173   66       1169     
 4936.28 52      2409     -150.198   -150.139   0.0593996   45       1195     
 5144.89 53      2450     -150.197   -150.139   0.0588217   55       1221     
 5310.87 55      2505     -150.197   -150.139   0.0578934   68       1242     
 5571.71 56      2550     -150.196   -150.139   0.0568675   66       1273     
 5704.42 58      2600     -150.195   -150.139   0.0554508   59       1289     
 5902.08 60      2650     -150.194   -150.139   0.0549314   69       1319     
 6132.95 61      2713     -150.193   -150.139   0.0533177   65       1344     
 6237.73 62      2750     -150.192   -150.14    0.052097    73       1365     
 6355.82 64      2809     -150.191   -150.14    0.0510766   75       1390     
 6490.41 65      2850     -150.191   -150.14    0.0508086   77       1413     
 6639.54 67      2903     -150.19    -150.14    0.0499945   67       1435     
 6841.55 68      2950     -150.19    -150.14    0.0496174   86       1466     
 6942.51 70      3001     -150.189   -150.14    0.0489767   76       1481     
 7193.32 72      3061     -150.188   -150.14    0.0484173   80       1509     
 7389.94 73      3100     -150.188   -150.14    0.0480637   80       1530     
 7598.54 75      3155     -150.187   -150.14    0.0470608   87       1555     
 7838.23 77      3213     -150.187   -150.14    0.0467079   90       1582     
 8059.43 78      3259     -150.186   -150.14    0.0456171   86       1604     
 8177.49 79      3300     -150.186   -150.14    0.0453256   101      1628     
 8289.45 81      3350     -150.185   -150.14    0.0448536   88       1648     
 8448.32 83      3409     -150.185   -150.141   0.0445297   93       1675     
 8564.71 84      3450     -150.185   -150.141   0.0443239   95       1696     
 8710.34 86      3503     -150.184   -150.141   0.0437472   86       1720     
 8899.76 88      3550     -150.184   -150.141   0.0435889   85       1750     
 9019.02 89      3600     -150.184   -150.141   0.043078    101      1768     
 9235.38 91      3659     -150.184   -150.141   0.0426814   94       1794     
 9474.53 92      3700     -150.183   -150.141   0.0425754   90       1820     
 9713.76 94      3750     -150.183   -150.141   0.042232    94       1841     
 9931.81 96      3801     -150.183   -150.141   0.0417045   103      1861     
 10143.2 97      3850     -150.182   -150.141   0.0411134   109      1887     
-------------------------------------------------------------------------------

SARSOP finishing ...
  Preset timeout reached
  Timeout     : 10000.000000s
  Actual Time : 10143.240000s

-------------------------------------------------------------------------------
 Time   |#Trial |#Backup |LBound    |UBound    |Precision  |#Alphas |#Beliefs  
-------------------------------------------------------------------------------
 10143.2 97      3850     -150.182   -150.141   0.0411134   109      1887     
-------------------------------------------------------------------------------

Writing out policy ...
  output file : RAM4_large/396e7adc7a.policyx

