
Loading the model ...
  input file   : /home/rstudio/RAM4_large/39711d77ba.pomdpx
  loading time : 5.15s 

SARSOP initializing ...
  initialization time : 6155.93s

-------------------------------------------------------------------------------
 Time   |#Trial |#Backup |LBound    |UBound    |Precision  |#Alphas |#Beliefs  
-------------------------------------------------------------------------------
 6155.93 0       0        -6097.24   -5591.73   505.509     101      1        
 6284.37 0       50       -6097.16   -6092.63   4.53039     16       51       
 6330.74 1       111      -6094.93   -6092.75   2.17624     11       57       
 6402.24 1       150      -6094.93   -6092.75   2.17624     11       77       
 6527.15 2       235      -6093.96   -6092.77   1.1881      12       100      
 6556.06 2       250      -6093.96   -6092.77   1.1881      11       106      
 6708.81 2       300      -6093.96   -6092.77   1.1881      13       129      
 6776.79 3       381      -6093.64   -6092.8    0.840856    15       137      
 6828.53 3       400      -6093.64   -6092.8    0.840856    13       145      
 7185.17 3       450      -6093.64   -6092.8    0.840856    14       186      
 7251.84 4       533      -6093.49   -6092.83   0.661151    15       192      
 7344.04 4       550      -6093.49   -6092.83   0.661151    12       202      
 7555.07 4       600      -6093.49   -6092.83   0.661151    12       221      
 7727.17 5       699      -6093.43   -6092.84   0.581194    11       234      
 7738.13 5       700      -6093.43   -6092.84   0.581194    11       235      
 7862.56 5       750      -6093.43   -6092.84   0.581194    10       246      
 8391.5  6       877      -6093.41   -6092.85   0.554098    13       281      
 8407.02 6       878      -6093.41   -6092.85   0.554098    13       282      
 8609.6  6       900      -6093.41   -6092.85   0.554098    15       296      
 9160.97 6       950      -6093.41   -6092.85   0.554098    16       322      
 9537.64 7       1057     -6093.38   -6092.86   0.51668     15       337      
 9553.51 7       1058     -6093.38   -6092.86   0.51668     14       338      
 9830.02 7       1100     -6093.38   -6092.86   0.51668     12       353      
 10815.2 8       1231     -6093.35   -6092.86   0.489548    14       392      
-------------------------------------------------------------------------------

SARSOP finishing ...
  Preset timeout reached
  Timeout     : 10000.000000s
  Actual Time : 10815.150000s

-------------------------------------------------------------------------------
 Time   |#Trial |#Backup |LBound    |UBound    |Precision  |#Alphas |#Beliefs  
-------------------------------------------------------------------------------
 10815.2 8       1231     -6093.35   -6092.86   0.489548    14       392      
-------------------------------------------------------------------------------

Writing out policy ...
  output file : RAM4_large/39711d77ba.policyx

