
Loading the model ...
  input file   : /home/rstudio/RAM4_large/39762b8412.pomdpx
  loading time : 4.73s 

SARSOP initializing ...
  initialization time : 5303.54s

-------------------------------------------------------------------------------
 Time   |#Trial |#Backup |LBound    |UBound    |Precision  |#Alphas |#Beliefs  
-------------------------------------------------------------------------------
 5303.54 0       0        -5490.64   -104.38    5386.26     101      1        
 5411.92 0       50       -5488.45   -5474.07   14.3753     88       51       
 5429.06 1       107      -5482.13   -5474.14   7.98622     68       55       
 5754.69 1       150      -5482.13   -5474.14   7.98622     72       95       
 5926.52 1       200      -5482.13   -5474.14   7.98622     62       109      
 5993.35 2       303      -5478.98   -5474.18   4.80181     74       114      
 6003.33 2       304      -5478.98   -5474.18   4.80181     72       115      
 6448.48 2       350      -5478.98   -5474.18   4.80181     75       139      
 6824.32 2       400      -5478.98   -5474.18   4.80181     72       156      
 7856.47 3       581      -5478.76   -5474.19   4.56998     79       196      
 7873.67 3       582      -5478.76   -5474.19   4.56998     70       197      
 7892.42 3       583      -5478.76   -5474.19   4.56998     64       198      
 8369.12 3       600      -5478.76   -5474.19   4.56998     28       214      
 8917.06 3       650      -5478.76   -5474.19   4.56998     26       230      
 9218.07 3       700      -5478.76   -5474.19   4.56998     19       239      
 9979.35 4       859      -5478.55   -5474.19   4.36364     21       259      
 10018   4       860      -5478.55   -5474.19   4.36364     20       260      
-------------------------------------------------------------------------------

SARSOP finishing ...
  Preset timeout reached
  Timeout     : 10000.000000s
  Actual Time : 10017.990000s

-------------------------------------------------------------------------------
 Time   |#Trial |#Backup |LBound    |UBound    |Precision  |#Alphas |#Beliefs  
-------------------------------------------------------------------------------
 10018   4       860      -5478.55   -5474.19   4.36364     20       260      
-------------------------------------------------------------------------------

Writing out policy ...
  output file : RAM4_large/39762b8412.policyx

