
Loading the model ...
  input file   : /home/rstudio/RAM4_large/3976e2bb6f.pomdpx
  loading time : 5.01s 

SARSOP initializing ...
  initialization time : 14483.16s

-------------------------------------------------------------------------------
 Time   |#Trial |#Backup |LBound    |UBound    |Precision  |#Alphas |#Beliefs  
-------------------------------------------------------------------------------
 14483.2 0       0        -2526.62   -296.561   2230.06     101      1        
-------------------------------------------------------------------------------

SARSOP finishing ...
  Preset timeout reached
  Timeout     : 10000.000000s
  Actual Time : 14484.030000s

-------------------------------------------------------------------------------
 Time   |#Trial |#Backup |LBound    |UBound    |Precision  |#Alphas |#Beliefs  
-------------------------------------------------------------------------------
 14484   0       1        -2526.27   -2483.29   42.9753     21       2        
-------------------------------------------------------------------------------

Writing out policy ...
  output file : RAM4_large/3976e2bb6f.policyx

