
Loading the model ...
  input file   : /home/rstudio/RAM4_large/3a24467bdd.pomdpx
  loading time : 5.14s 

SARSOP initializing ...
  initialization time : 12843.31s

-------------------------------------------------------------------------------
 Time   |#Trial |#Backup |LBound    |UBound    |Precision  |#Alphas |#Beliefs  
-------------------------------------------------------------------------------
 12843.3 0       0        -8499.68   -1346.72   7152.96     101      1        
-------------------------------------------------------------------------------

SARSOP finishing ...
  Preset timeout reached
  Timeout     : 10000.000000s
  Actual Time : 12843.680000s

-------------------------------------------------------------------------------
 Time   |#Trial |#Backup |LBound    |UBound    |Precision  |#Alphas |#Beliefs  
-------------------------------------------------------------------------------
 12843.7 0       1        -8468.84   -5216.99   3251.86     43       2        
-------------------------------------------------------------------------------

Writing out policy ...
  output file : RAM4_large/3a24467bdd.policyx

