
Loading the model ...
  input file   : /home/rstudio/RAM4_large/3a44145e77.pomdpx
  loading time : 4.91s 

SARSOP initializing ...
  initialization time : 12603.77s

-------------------------------------------------------------------------------
 Time   |#Trial |#Backup |LBound    |UBound    |Precision  |#Alphas |#Beliefs  
-------------------------------------------------------------------------------
 12603.8 0       0        -3830.16   -241.824   3588.34     101      1        
-------------------------------------------------------------------------------

SARSOP finishing ...
  Preset timeout reached
  Timeout     : 10000.000000s
  Actual Time : 12604.300000s

-------------------------------------------------------------------------------
 Time   |#Trial |#Backup |LBound    |UBound    |Precision  |#Alphas |#Beliefs  
-------------------------------------------------------------------------------
 12604.3 0       1        -3827.75   -3647.6    180.147     34       2        
-------------------------------------------------------------------------------

Writing out policy ...
  output file : RAM4_large/3a44145e77.policyx

