
Loading the model ...
  input file   : /home/rstudio/RAM4_large/3a5b3959e9.pomdpx
  loading time : 4.93s 

SARSOP initializing ...
  initialization time : 4967.12s

-------------------------------------------------------------------------------
 Time   |#Trial |#Backup |LBound    |UBound    |Precision  |#Alphas |#Beliefs  
-------------------------------------------------------------------------------
 4967.12 0       0        -5217.12   -5213.82   3.3022      101      1        
 4980.67 1       50       -5216.89   -5216.74   0.147742    4        28       
 5007.8  3       109      -5216.78   -5216.75   0.029699    1        56       
 5050.11 5       157      -5216.75   -5216.76   -0.00338262 1        79       
 5050.11 5       157      -5216.75   -5216.76   -0.00338262 1        79       
-------------------------------------------------------------------------------

SARSOP finishing ...
  target precision reached
  target precision  : 0.000000
  precision reached : -0.003383 

-------------------------------------------------------------------------------
 Time   |#Trial |#Backup |LBound    |UBound    |Precision  |#Alphas |#Beliefs  
-------------------------------------------------------------------------------
 5050.11 5       157      -5216.75   -5216.76   -0.00338262 1        79       
-------------------------------------------------------------------------------

Writing out policy ...
  output file : RAM4_large/3a5b3959e9.policyx

