
Loading the model ...
  input file   : /home/rstudio/RAM4_large/3a6e7adc7a.pomdpx
  loading time : 4.84s 

SARSOP initializing ...
  initialization time : 16397.70s

-------------------------------------------------------------------------------
 Time   |#Trial |#Backup |LBound    |UBound    |Precision  |#Alphas |#Beliefs  
-------------------------------------------------------------------------------
 16397.7 0       0        -7384.25   -285.068   7099.18     101      1        
-------------------------------------------------------------------------------

SARSOP finishing ...
  Preset timeout reached
  Timeout     : 10000.000000s
  Actual Time : 16397.960000s

-------------------------------------------------------------------------------
 Time   |#Trial |#Backup |LBound    |UBound    |Precision  |#Alphas |#Beliefs  
-------------------------------------------------------------------------------
 16398   0       1        -7291.2    -3502.57   3788.63     32       2        
-------------------------------------------------------------------------------

Writing out policy ...
  output file : RAM4_large/3a6e7adc7a.policyx

