
Loading the model ...
  input file   : /home/rstudio/RAM4_large/3a711d77ba.pomdpx
  loading time : 5.45s 

SARSOP initializing ...
  initialization time : 4119.40s

-------------------------------------------------------------------------------
 Time   |#Trial |#Backup |LBound    |UBound    |Precision  |#Alphas |#Beliefs  
-------------------------------------------------------------------------------
 4119.4  0       0        -6599.24   -6587.36   11.8814     101      1        
 4142.87 1       50       -6599.01   -6598.9    0.10963     10       31       
 4223.76 3       129      -6598.9    -6598.91   -0.00435083 1        65       
 4223.76 3       129      -6598.9    -6598.91   -0.00435083 1        65       
-------------------------------------------------------------------------------

SARSOP finishing ...
  target precision reached
  target precision  : 0.000000
  precision reached : -0.004351 

-------------------------------------------------------------------------------
 Time   |#Trial |#Backup |LBound    |UBound    |Precision  |#Alphas |#Beliefs  
-------------------------------------------------------------------------------
 4223.76 3       129      -6598.9    -6598.91   -0.00435083 1        65       
-------------------------------------------------------------------------------

Writing out policy ...
  output file : RAM4_large/3a711d77ba.policyx

