
Loading the model ...
  input file   : /home/rstudio/RAM4_large/3a729b1cbd.pomdpx
  loading time : 4.97s 

SARSOP initializing ...
  initialization time : 11224.02s

-------------------------------------------------------------------------------
 Time   |#Trial |#Backup |LBound    |UBound    |Precision  |#Alphas |#Beliefs  
-------------------------------------------------------------------------------
 11224   0       0        -4246.05   -258.227   3987.82     101      1        
-------------------------------------------------------------------------------

SARSOP finishing ...
  Preset timeout reached
  Timeout     : 10000.000000s
  Actual Time : 11224.290000s

-------------------------------------------------------------------------------
 Time   |#Trial |#Backup |LBound    |UBound    |Precision  |#Alphas |#Beliefs  
-------------------------------------------------------------------------------
 11224.3 0       1        -4245.45   -4095.41   150.049     38       2        
-------------------------------------------------------------------------------

Writing out policy ...
  output file : RAM4_large/3a729b1cbd.policyx

