
Loading the model ...
  input file   : /home/rstudio/RAM4_large/3a762b8412.pomdpx
  loading time : 5.30s 

SARSOP initializing ...
  initialization time : 13124.48s

-------------------------------------------------------------------------------
 Time   |#Trial |#Backup |LBound    |UBound    |Precision  |#Alphas |#Beliefs  
-------------------------------------------------------------------------------
 13124.5 0       0        -3917.5    -1569.09   2348.41     101      1        
-------------------------------------------------------------------------------

SARSOP finishing ...
  Preset timeout reached
  Timeout     : 10000.000000s
  Actual Time : 13124.850000s

-------------------------------------------------------------------------------
 Time   |#Trial |#Backup |LBound    |UBound    |Precision  |#Alphas |#Beliefs  
-------------------------------------------------------------------------------
 13124.9 0       1        -3917.15   -3603.23   313.927     21       2        
-------------------------------------------------------------------------------

Writing out policy ...
  output file : RAM4_large/3a762b8412.policyx

