
Loading the model ...
  input file   : /home/rstudio/RAM4_large/3b2dea60e5.pomdpx
  loading time : 4.82s 

SARSOP initializing ...
  initialization time : 5952.28s

-------------------------------------------------------------------------------
 Time   |#Trial |#Backup |LBound    |UBound    |Precision  |#Alphas |#Beliefs  
-------------------------------------------------------------------------------
 5952.28 0       0        -221.349   -209.977   11.3722     101      1        
 5967.11 1       61       -215.236   -210.291   4.94465     16       32       
 6000.07 1       100      -215.236   -210.291   4.94465     24       71       
 6030.11 2       175      -214.621   -210.303   4.31787     19       89       
 6074.82 2       200      -214.621   -210.303   4.31787     20       114      
 6142.98 3       281      -213.933   -210.31    3.62294     24       142      
 6158.29 3       300      -213.933   -210.31    3.62294     22       161      
 6204.45 4       391      -213.359   -210.311   3.04849     31       197      
 6219.29 4       400      -213.359   -210.311   3.04849     35       206      
 6322.63 4       450      -213.359   -210.311   3.04849     36       256      
 6329.7  5       513      -213.086   -210.314   2.77181     37       258      
 6429.11 5       550      -213.086   -210.314   2.77181     45       295      
 6491.2  6       625      -212.817   -210.318   2.49848     36       314      
 6575.88 6       650      -212.817   -210.318   2.49848     40       339      
 6703.39 7       739      -212.674   -210.321   2.35247     25       371      
 6750.07 7       750      -212.674   -210.321   2.35247     28       382      
 7023.94 8       851      -212.573   -210.324   2.24931     22       427      
 7031.32 8       852      -212.573   -210.324   2.24931     22       428      
 7420.26 8       900      -212.573   -210.324   2.24931     39       476      
 7507.88 9       967      -212.502   -210.326   2.17575     16       485      
 7793.65 9       1000     -212.502   -210.326   2.17575     19       518      
 8067.03 10      1085     -212.442   -210.328   2.11397     17       544      
 8203.53 10      1100     -212.442   -210.328   2.11397     16       559      
 8683.96 11      1203     -212.369   -210.33    2.03835     16       603      
 8692.16 11      1204     -212.369   -210.33    2.03835     17       604      
 9097.19 11      1250     -212.369   -210.33    2.03835     16       650      
 9198.57 12      1315     -212.256   -210.331   1.92509     12       658      
 9260.37 12      1350     -212.256   -210.331   1.92509     23       677      
 9355.75 13      1431     -212.085   -210.332   1.75263     29       693      
 9483.32 13      1450     -212.085   -210.332   1.75263     29       712      
 9839.93 14      1557     -212.043   -210.332   1.71029     34       756      
 9848.53 14      1558     -212.043   -210.332   1.71029     35       757      
 10227.1 14      1600     -212.043   -210.332   1.71029     39       799      
-------------------------------------------------------------------------------

SARSOP finishing ...
  Preset timeout reached
  Timeout     : 10000.000000s
  Actual Time : 10227.120000s

-------------------------------------------------------------------------------
 Time   |#Trial |#Backup |LBound    |UBound    |Precision  |#Alphas |#Beliefs  
-------------------------------------------------------------------------------
 10227.1 14      1600     -212.043   -210.332   1.71029     39       799      
-------------------------------------------------------------------------------

Writing out policy ...
  output file : RAM4_large/3b2dea60e5.policyx

