
Loading the model ...
  input file   : /home/rstudio/RAM4_large/3b2e95f6a0.pomdpx
  loading time : 4.55s 

SARSOP initializing ...
  initialization time : 3102.96s

-------------------------------------------------------------------------------
 Time   |#Trial |#Backup |LBound    |UBound    |Precision  |#Alphas |#Beliefs  
-------------------------------------------------------------------------------
 3102.96 0       0        -144.128   -137.775   6.35318     101      1        
 3105.76 1       87       -140.693   -137.942   2.75105     43       45       
 3108.86 1       100      -140.693   -137.942   2.75105     56       58       
 3114.55 2       153      -140.141   -137.949   2.19261     49       77       
 3123.79 2       200      -140.141   -137.949   2.19261     47       116      
 3127.44 3       261      -139.852   -137.949   1.90349     74       123      
 3147.61 3       300      -139.852   -137.949   1.90349     88       162      
 3154.73 4       359      -139.496   -137.956   1.54056     31       171      
 3171.78 4       400      -139.496   -137.956   1.54056     45       212      
 3187.89 5       487      -139.41    -137.956   1.45409     63       235      
 3197.62 5       500      -139.41    -137.956   1.45409     73       248      
 3224.17 6       575      -139.235   -137.958   1.27724     69       278      
 3237.72 6       600      -139.235   -137.958   1.27724     94       300      
 3263.54 7       717      -139.156   -137.958   1.19868     67       327      
 3264.59 7       718      -139.156   -137.958   1.19868     68       328      
 3297.21 7       750      -139.156   -137.958   1.19868     74       360      
 3303.01 8       800      -139.042   -137.962   1.07978     68       364      
 3306.75 8       850      -139.042   -137.962   1.07978     73       368      
 3323.67 9       939      -138.965   -137.962   1.00341     61       384      
 3336.87 9       950      -138.965   -137.962   1.00341     64       395      
 3379.86 10      1025     -138.902   -137.963   0.939379    68       427      
 3416.72 10      1050     -138.902   -137.963   0.939379    56       452      
 3444.98 11      1113     -138.748   -137.964   0.783445    31       471      
 3503.17 11      1150     -138.748   -137.964   0.783445    30       508      
 3520.39 12      1200     -138.701   -137.966   0.735606    35       517      
 3596.31 13      1279     -138.605   -137.967   0.637856    28       554      
 3640.53 13      1300     -138.605   -137.967   0.637856    27       575      
 3681.73 14      1357     -138.571   -137.968   0.603559    28       593      
 3767.26 15      1425     -138.547   -137.969   0.577689    24       626      
 3767.69 15      1450     -138.547   -137.969   0.577689    28       626      
 3801.74 16      1551     -138.515   -137.969   0.545619    57       645      
 3804.1  16      1552     -138.515   -137.969   0.545619    57       646      
 3890.29 17      1623     -138.476   -137.97    0.506265    66       681      
 3960.53 17      1650     -138.476   -137.97    0.506265    67       708      
 4000.97 18      1709     -138.43    -137.971   0.459245    43       724      
 4100.33 19      1785     -138.416   -137.971   0.444623    45       762      
 4141.49 19      1800     -138.416   -137.971   0.444623    44       777      
 4212.7  20      1861     -138.398   -137.973   0.424405    40       800      
 4328.41 21      1937     -138.359   -137.974   0.38514     31       838      
 4362.66 21      1950     -138.359   -137.974   0.38514     34       851      
 4436.75 22      2013     -138.349   -137.975   0.374491    38       876      
 4555.98 22      2050     -138.349   -137.975   0.374491    48       913      
 4602.1  23      2100     -138.341   -137.975   0.365516    40       925      
 4688.89 24      2159     -138.329   -137.976   0.353176    40       949      
 4831.88 25      2225     -138.318   -137.977   0.341485    39       982      
 4940.82 25      2250     -138.318   -137.977   0.341485    37       1007     
 5034.54 26      2313     -138.288   -137.977   0.310813    40       1026     
 5146.83 27      2381     -138.281   -137.978   0.302627    39       1059     
 5219.06 27      2400     -138.281   -137.978   0.302627    45       1078     
 5292.17 28      2455     -138.277   -137.978   0.298738    38       1095     
 5449.9  29      2525     -138.271   -137.978   0.293062    47       1130     
 5571.49 29      2550     -138.271   -137.978   0.293062    42       1155     
 5652.99 30      2600     -138.261   -137.98    0.280652    44       1172     
 5789.9  31      2659     -138.256   -137.981   0.275335    48       1197     
 5947.01 32      2727     -138.249   -137.981   0.267303    41       1231     
 6054.61 32      2750     -138.249   -137.981   0.267303    48       1254     
 6115.64 33      2800     -138.246   -137.982   0.264401    46       1267     
 6321.77 34      2883     -138.231   -137.982   0.249029    42       1307     
 6382.33 34      2900     -138.231   -137.982   0.249029    51       1324     
 6467.94 35      2953     -138.229   -137.982   0.247478    47       1341     
 6632.72 36      3021     -138.227   -137.982   0.245247    56       1375     
 6786.82 36      3050     -138.227   -137.982   0.245247    52       1404     
 6843.42 37      3100     -138.223   -137.983   0.240739    50       1414     
 7044.79 38      3175     -138.221   -137.983   0.23829     48       1451     
 7204.89 38      3200     -138.221   -137.983   0.23829     63       1476     
 7320.18 39      3250     -138.217   -137.983   0.233289    60       1490     
 7563.04 40      3315     -138.216   -137.984   0.232051    64       1520     
 7846.68 40      3350     -138.216   -137.984   0.232051    53       1555     
 7977.31 41      3400     -138.214   -137.984   0.229956    57       1567     
 8192.85 42      3453     -138.212   -137.984   0.228243    58       1587     
 8624.33 43      3525     -138.211   -137.984   0.226747    62       1623     
 8955.85 43      3550     -138.211   -137.984   0.226747    59       1648     
 9143.1  44      3615     -138.198   -137.985   0.212875    60       1667     
 9383.49 44      3650     -138.198   -137.985   0.212875    55       1702     
 9472.05 45      3700     -138.197   -137.985   0.211744    67       1715     
 9658.23 46      3767     -138.196   -137.986   0.210048    56       1742     
 9891.16 46      3800     -138.196   -137.986   0.210048    62       1775     
 9970.49 47      3850     -138.195   -137.986   0.2091      61       1786     
 10196.9 48      3915     -138.192   -137.986   0.205423    66       1815     
-------------------------------------------------------------------------------

SARSOP finishing ...
  Preset timeout reached
  Timeout     : 10000.000000s
  Actual Time : 10196.860000s

-------------------------------------------------------------------------------
 Time   |#Trial |#Backup |LBound    |UBound    |Precision  |#Alphas |#Beliefs  
-------------------------------------------------------------------------------
 10196.9 48      3915     -138.192   -137.986   0.205423    66       1815     
-------------------------------------------------------------------------------

Writing out policy ...
  output file : RAM4_large/3b2e95f6a0.policyx

