
Loading the model ...
  input file   : /home/rstudio/RAM4_large/3b3c6e4c90.pomdpx
  loading time : 5.15s 

SARSOP initializing ...
  initialization time : 5726.20s

-------------------------------------------------------------------------------
 Time   |#Trial |#Backup |LBound    |UBound    |Precision  |#Alphas |#Beliefs  
-------------------------------------------------------------------------------
 5726.2  0       0        -4551.22   -4532.17   19.0452     101      1        
 5737.57 1       51       -4551      -4550.85   0.152439    1        27       
 5766.5  2       100      -4550.92   -4550.85   0.0648743   1        55       
 5807.91 4       150      -4550.87   -4550.86   0.0167869   1        81       
 5825.26 5       177      -4550.86   -4550.86   -0.00204659 1        89       
-------------------------------------------------------------------------------

SARSOP finishing ...
  target precision reached
  target precision  : 0.000000
  precision reached : -0.002047 

-------------------------------------------------------------------------------
 Time   |#Trial |#Backup |LBound    |UBound    |Precision  |#Alphas |#Beliefs  
-------------------------------------------------------------------------------
 5825.26 5       177      -4550.86   -4550.86   -0.00204659 1        89       
-------------------------------------------------------------------------------

Writing out policy ...
  output file : RAM4_large/3b3c6e4c90.policyx

