
Loading the model ...
  input file   : /home/rstudio/RAM4_large/3b4776105f.pomdpx
  loading time : 4.48s 

SARSOP initializing ...
  initialization time : 2225.58s

-------------------------------------------------------------------------------
 Time   |#Trial |#Backup |LBound    |UBound    |Precision  |#Alphas |#Beliefs  
-------------------------------------------------------------------------------
 2225.58 0       0        -121.711   -118.09    3.62175     101      1        
 2226.99 1       73       -120.099   -118.171   1.92773     30       38       
 2230.68 1       100      -120.099   -118.171   1.92773     43       65       
 2233.81 2       150      -119.545   -118.175   1.36939     55       83       
 2242.11 3       229      -119.255   -118.178   1.07755     44       115      
 2244.67 3       250      -119.255   -118.178   1.07755     57       136      
 2252.79 4       351      -119.206   -118.178   1.02824     82       176      
 2253.34 4       352      -119.206   -118.178   1.02824     83       177      
 2270.44 5       441      -119.06    -118.18    0.880583    61       221      
 2275.01 5       450      -119.06    -118.18    0.880583    40       230      
 2288.92 6       517      -118.884   -118.181   0.703485    53       259      
 2307.47 6       550      -118.884   -118.181   0.703485    43       292      
 2312.12 7       600      -118.772   -118.181   0.590495    63       301      
 2338.9  8       683      -118.707   -118.182   0.52528     57       342      
 2353.21 8       700      -118.707   -118.182   0.52528     55       359      
 2366.89 9       757      -118.65    -118.183   0.467645    57       379      
 2389.33 10      800      -118.597   -118.183   0.413343    57       403      
 2404.77 11      850      -118.571   -118.183   0.387922    51       418      
 2426.4  11      900      -118.571   -118.183   0.387922    60       460      
 2429.56 12      967      -118.563   -118.183   0.379224    79       462      
 2449.93 13      1003     -118.551   -118.184   0.367404    78       479      
 2474.25 13      1050     -118.551   -118.184   0.367404    84       526      
 2491.4  14      1131     -118.537   -118.184   0.352684    72       543      
 2513.17 14      1150     -118.537   -118.184   0.352684    58       562      
 2534.85 15      1200     -118.5     -118.184   0.315176    47       582      
 2566.36 16      1261     -118.483   -118.185   0.298072    52       608      
 2598    17      1307     -118.446   -118.185   0.260796    34       631      
 2649.06 18      1377     -118.431   -118.185   0.245334    42       666      
 2686.36 18      1400     -118.431   -118.185   0.245334    34       689      
 2719.02 19      1450     -118.414   -118.186   0.228062    32       708      
 2759.26 20      1500     -118.405   -118.187   0.218693    37       730      
 2823.44 21      1550     -118.397   -118.187   0.209509    30       764      
 2863.67 22      1600     -118.376   -118.188   0.188322    39       786      
 2923.17 23      1650     -118.37    -118.188   0.182855    36       816      
 2967.9  25      1700     -118.362   -118.188   0.174582    39       836      
 3012.57 26      1751     -118.35    -118.189   0.160965    39       853      
 3081.02 27      1813     -118.343   -118.19    0.153638    50       884      
 3126.59 28      1850     -118.336   -118.19    0.146534    48       903      
 3210.56 29      1900     -118.335   -118.19    0.144258    53       935      
 3292.32 30      1950     -118.332   -118.19    0.142007    42       968      
 3335.3  31      2000     -118.326   -118.191   0.135678    44       984      
 3410.3  33      2073     -118.321   -118.191   0.129963    52       1013     
 3461.89 34      2107     -118.319   -118.191   0.127646    45       1030     
 3542.9  35      2159     -118.314   -118.191   0.122338    44       1056     
 3629.77 36      2200     -118.31    -118.192   0.117856    51       1080     
 3723.91 38      2263     -118.304   -118.192   0.111577    59       1108     
 3801.96 39      2301     -118.303   -118.193   0.110389    62       1127     
 3932.85 40      2350     -118.302   -118.193   0.109195    51       1158     
 4048.99 42      2427     -118.298   -118.193   0.105206    49       1188     
 4105.78 43      2463     -118.297   -118.193   0.104228    49       1205     
 4202.12 44      2519     -118.295   -118.193   0.102016    46       1233     
 4255.93 45      2555     -118.294   -118.194   0.100646    59       1251     
 4373.73 46      2600     -118.294   -118.194   0.100007    65       1278     
 4535.68 48      2650     -118.292   -118.194   0.0976006   71       1310     
 4622.22 49      2713     -118.289   -118.194   0.0946523   77       1328     
 4745.99 50      2765     -118.288   -118.194   0.0936931   71       1354     
 4838.5  51      2801     -118.287   -118.194   0.0930338   65       1372     
 5029.28 52      2850     -118.285   -118.195   0.0907647   62       1403     
 5232.33 53      2900     -118.284   -118.195   0.0886823   70       1433     
 5342.85 54      2950     -118.282   -118.195   0.0874375   73       1454     
 5483.82 56      3013     -118.281   -118.195   0.0855527   72       1475     
 5583.02 57      3053     -118.28    -118.195   0.0849974   79       1495     
 5740.35 58      3100     -118.28    -118.195   0.0844529   88       1521     
 5956.86 59      3150     -118.279   -118.196   0.0839754   95       1551     
 6135.02 61      3213     -118.278   -118.196   0.082642    91       1572     
 6345.2  62      3271     -118.278   -118.196   0.0818397   90       1600     
 6507.62 63      3309     -118.277   -118.196   0.0814303   84       1618     
 6711.32 64      3350     -118.277   -118.196   0.0810932   91       1639     
 7020.3  65      3400     -118.277   -118.196   0.0807179   96       1669     
 7295.26 67      3463     -118.276   -118.196   0.0802472   86       1692     
 7493.3  68      3500     -118.276   -118.196   0.0800162   86       1710     
 7756.04 69      3555     -118.275   -118.196   0.078779    85       1736     
 7991.28 70      3600     -118.275   -118.196   0.0783674   84       1761     
 8299.24 71      3650     -118.274   -118.196   0.0780279   87       1791     
 8564.59 73      3713     -118.272   -118.197   0.0755814   86       1813     
 8840.36 74      3759     -118.272   -118.197   0.0750378   97       1836     
 9127.42 75      3805     -118.271   -118.197   0.0741541   96       1858     
 9412.41 76      3851     -118.271   -118.197   0.0739409   106      1880     
 9787.2  77      3900     -118.271   -118.197   0.073621    115      1906     
 10188.8 78      3950     -118.27    -118.197   0.0734077   107      1933     
-------------------------------------------------------------------------------

SARSOP finishing ...
  Preset timeout reached
  Timeout     : 10000.000000s
  Actual Time : 10188.800000s

-------------------------------------------------------------------------------
 Time   |#Trial |#Backup |LBound    |UBound    |Precision  |#Alphas |#Beliefs  
-------------------------------------------------------------------------------
 10188.8 78      3950     -118.27    -118.197   0.0734077   107      1933     
-------------------------------------------------------------------------------

Writing out policy ...
  output file : RAM4_large/3b4776105f.policyx

