
Loading the model ...
  input file   : /home/rstudio/RAM4_large/3b4fc24221.pomdpx
  loading time : 4.93s 

SARSOP initializing ...
  initialization time : 10534.92s

-------------------------------------------------------------------------------
 Time   |#Trial |#Backup |LBound    |UBound    |Precision  |#Alphas |#Beliefs  
-------------------------------------------------------------------------------
 10534.9 0       0        -348.885   -343.635   5.25002     101      1        
-------------------------------------------------------------------------------

SARSOP finishing ...
  Preset timeout reached
  Timeout     : 10000.000000s
  Actual Time : 10535.320000s

-------------------------------------------------------------------------------
 Time   |#Trial |#Backup |LBound    |UBound    |Precision  |#Alphas |#Beliefs  
-------------------------------------------------------------------------------
 10535.3 0       1        -348.886   -343.953   4.93318     1        2        
-------------------------------------------------------------------------------

Writing out policy ...
  output file : RAM4_large/3b4fc24221.policyx

