
Loading the model ...
  input file   : /home/rstudio/RAM4_large/3b52cefaee.pomdpx
  loading time : 5.11s 

SARSOP initializing ...
  initialization time : 9058.07s

-------------------------------------------------------------------------------
 Time   |#Trial |#Backup |LBound    |UBound    |Precision  |#Alphas |#Beliefs  
-------------------------------------------------------------------------------
 9058.07 0       0        -387.016   -382.85    4.16647     101      1        
 9193.32 0       50       -387.017   -383.031   3.98592     13       51       
 9256.3  1       117      -386.409   -383.042   3.36692     14       60       
 9427.51 1       150      -386.409   -383.042   3.36692     17       93       
 9603.35 2       229      -386.012   -383.048   2.96419     16       116      
 9747.37 2       250      -386.012   -383.048   2.96419     27       137      
 10110.7 3       343      -385.842   -383.05    2.79203     23       173      
-------------------------------------------------------------------------------

SARSOP finishing ...
  Preset timeout reached
  Timeout     : 10000.000000s
  Actual Time : 10110.700000s

-------------------------------------------------------------------------------
 Time   |#Trial |#Backup |LBound    |UBound    |Precision  |#Alphas |#Beliefs  
-------------------------------------------------------------------------------
 10110.7 3       343      -385.842   -383.05    2.79203     23       173      
-------------------------------------------------------------------------------

Writing out policy ...
  output file : RAM4_large/3b52cefaee.policyx

