
Loading the model ...
  input file   : /home/rstudio/RAM4_large/3b61a9587f.pomdpx
  loading time : 5.05s 

SARSOP initializing ...
  initialization time : 3737.23s

-------------------------------------------------------------------------------
 Time   |#Trial |#Backup |LBound    |UBound    |Precision  |#Alphas |#Beliefs  
-------------------------------------------------------------------------------
 3737.23 0       0        -9171.45   -6748.98   2422.47     101      1        
 3758.77 0       50       -9170.67   -8542.5    628.171     69       29       
 3759.4  0       100      -9170.67   -8542.5    628.171     70       29       
 3806.68 1       279      -8988.26   -8545.73   442.531     16       50       
 3806.7  1       280      -8988.26   -8545.73   442.531     15       50       
 3806.72 1       281      -8988.26   -8545.73   442.531     15       50       
 3806.82 1       300      -8988.26   -8545.73   442.531     13       50       
 3815.74 1       350      -8988.26   -8545.73   442.531     12       54       
 3815.92 1       400      -8988.26   -8545.73   442.531     12       54       
 3859.97 2       579      -8909      -8546.35   362.646     9        67       
 3860    2       580      -8909      -8546.35   362.646     9        67       
 3860.02 2       581      -8909      -8546.35   362.646     9        67       
 3860.12 2       600      -8909      -8546.35   362.646     8        67       
 3872    2       650      -8909      -8546.35   362.646     11       71       
 3872.17 2       700      -8909      -8546.35   362.646     11       71       
 3978.67 3       877      -8836.05   -8546.88   289.171     10       95       
 3978.71 3       878      -8836.05   -8546.88   289.171     10       95       
 3978.75 3       879      -8836.05   -8546.88   289.171     11       95       
 4016.78 3       900      -8836.05   -8546.88   289.171     11       105      
 4032.86 3       950      -8836.05   -8546.88   289.171     12       108      
 4048.89 3       1000     -8836.05   -8546.88   289.171     15       111      
 4196.6  4       1179     -8785.87   -8547.18   238.685     15       132      
 4196.65 4       1180     -8785.87   -8547.18   238.685     14       132      
 4202.95 4       1181     -8785.87   -8547.18   238.685     14       133      
 4250.24 4       1200     -8785.87   -8547.18   238.685     14       142      
 4288.26 4       1250     -8785.87   -8547.18   238.685     15       147      
 4288.5  4       1300     -8785.87   -8547.18   238.685     15       147      
 4465.46 5       1481     -8745.55   -8547.46   198.09      10       166      
 4465.52 5       1482     -8745.55   -8547.46   198.09      10       166      
 4465.58 5       1483     -8745.55   -8547.46   198.09      10       166      
 4465.73 5       1500     -8745.55   -8547.46   198.09      10       166      
 4523.57 5       1550     -8745.55   -8547.46   198.09      12       174      
 4523.81 5       1600     -8745.55   -8547.46   198.09      12       174      
 4752.76 6       1783     -8716.12   -8547.73   168.387     13       194      
 4752.83 6       1784     -8716.12   -8547.73   168.387     13       194      
 4752.9  6       1785     -8716.12   -8547.73   168.387     13       194      
 4753.05 6       1800     -8716.12   -8547.73   168.387     14       194      
 4813.98 6       1850     -8716.12   -8547.73   168.387     15       199      
 4822.28 6       1900     -8716.12   -8547.73   168.387     14       200      
 5079.3  7       2087     -8690.21   -8548      142.209     12       217      
 5079.38 7       2088     -8690.21   -8548      142.209     12       217      
 5079.46 7       2089     -8690.21   -8548      142.209     12       217      
 5079.6  7       2100     -8690.21   -8548      142.209     12       217      
 5079.93 7       2150     -8690.21   -8548      142.209     12       217      
 5141.05 7       2200     -8690.21   -8548      142.209     15       222      
 5461.89 8       2391     -8672.88   -8548.21   124.664     14       240      
 5472.57 8       2392     -8672.88   -8548.21   124.664     15       241      
 5488.82 8       2393     -8672.88   -8548.21   124.664     15       242      
 5574.57 8       2400     -8672.88   -8548.21   124.664     16       249      
 5603.56 8       2450     -8672.88   -8548.21   124.664     15       251      
 5651.57 8       2500     -8672.88   -8548.21   124.664     15       254      
 5999.19 9       2697     -8658.99   -8548.45   110.539     12       270      
 5999.29 9       2698     -8658.99   -8548.45   110.539     12       270      
 5999.39 9       2699     -8658.99   -8548.45   110.539     13       270      
 5999.49 9       2700     -8658.99   -8548.45   110.539     13       270      
 6033.58 9       2750     -8658.99   -8548.45   110.539     14       272      
 6047.13 9       2800     -8658.99   -8548.45   110.539     16       273      
 6590.05 10      2999     -8644.66   -8548.7    95.9511     16       297      
 6603.5  10      3000     -8644.66   -8548.7    95.9511     15       298      
 6624    10      3001     -8644.66   -8548.7    95.9511     15       299      
 6637.76 10      3002     -8644.66   -8548.7    95.9511     16       300      
 6813.22 10      3050     -8644.66   -8548.7    95.9511     16       311      
 6849.6  10      3100     -8644.66   -8548.7    95.9511     19       313      
 7333.18 10      3150     -8644.66   -8548.7    95.9511     15       333      
 7335.99 11      3303     -8634.24   -8548.96   85.2814     16       333      
 7336.12 11      3304     -8634.24   -8548.96   85.2814     16       333      
 7336.24 11      3305     -8634.24   -8548.96   85.2814     16       333      
 7502.99 11      3350     -8634.24   -8548.96   85.2814     19       343      
 7503.38 11      3400     -8634.24   -8548.96   85.2814     19       343      
 7949.22 11      3450     -8634.24   -8548.96   85.2814     16       361      
 8092.55 12      3609     -8626.83   -8549.2    77.6386     16       365      
 8092.68 12      3610     -8626.83   -8549.2    77.6386     17       365      
 8092.81 12      3611     -8626.83   -8549.2    77.6386     18       365      
 8355.42 12      3650     -8626.83   -8549.2    77.6386     20       379      
 8355.9  12      3700     -8626.83   -8549.2    77.6386     21       379      
 8749.49 12      3750     -8626.83   -8549.2    77.6386     16       395      
 9063.13 13      3913     -8620.06   -8549.4    70.6644     15       405      
 9063.27 13      3914     -8620.06   -8549.4    70.6644     15       405      
 9063.42 13      3915     -8620.06   -8549.4    70.6644     16       405      
 9063.76 13      3950     -8620.06   -8549.4    70.6644     16       405      
 9130.99 13      4000     -8620.06   -8549.4    70.6644     16       408      
 9335.94 13      4050     -8620.06   -8549.4    70.6644     15       417      
 9725.83 14      4217     -8615.04   -8549.53   65.5112     16       431      
 9725.99 14      4218     -8615.04   -8549.53   65.5112     16       431      
 9747.29 14      4219     -8615.04   -8549.53   65.5112     16       432      
 9886.46 14      4250     -8615.04   -8549.53   65.5112     17       441      
 9983.06 14      4300     -8615.04   -8549.53   65.5112     18       446      
 10116.2 14      4350     -8615.04   -8549.53   65.5112     17       453      
-------------------------------------------------------------------------------

SARSOP finishing ...
  Preset timeout reached
  Timeout     : 10000.000000s
  Actual Time : 10116.190000s

-------------------------------------------------------------------------------
 Time   |#Trial |#Backup |LBound    |UBound    |Precision  |#Alphas |#Beliefs  
-------------------------------------------------------------------------------
 10116.2 14      4350     -8615.04   -8549.53   65.5112     17       453      
-------------------------------------------------------------------------------

Writing out policy ...
  output file : RAM4_large/3b61a9587f.policyx

