
Loading the model ...
  input file   : /home/rstudio/RAM4_large/3b6e2d0cc6.pomdpx
  loading time : 4.92s 

SARSOP initializing ...
  initialization time : 8125.54s

-------------------------------------------------------------------------------
 Time   |#Trial |#Backup |LBound    |UBound    |Precision  |#Alphas |#Beliefs  
-------------------------------------------------------------------------------
 8125.54 0       0        -264.924   -194.863   70.061      101      1        
 8148.65 1       50       -257.366   -247.224   10.142      30       38       
 8182.87 2       111      -254.331   -247.228   7.10343     49       57       
 8262.67 2       150      -254.331   -247.228   7.10343     57       96       
 8349    3       239      -253.832   -247.23    6.60215     86       121      
 8387.26 3       250      -253.832   -247.23    6.60215     41       132      
 8607.68 4       351      -252.888   -247.234   5.65392     68       176      
 8609.52 4       352      -252.888   -247.234   5.65392     59       177      
 8822.83 4       400      -252.888   -247.234   5.65392     50       225      
 8886.22 5       471      -252.23    -247.236   4.99375     62       236      
 9039.57 5       500      -252.23    -247.236   4.99375     38       265      
 9289.62 6       599      -251.885   -247.239   4.64642     33       300      
 9295.73 6       600      -251.885   -247.239   4.64642     29       301      
 9748.37 6       650      -251.885   -247.239   4.64642     22       351      
 9845.82 7       719      -251.493   -247.242   4.25137     20       360      
 10167.2 7       750      -251.493   -247.242   4.25137     14       391      
-------------------------------------------------------------------------------

SARSOP finishing ...
  Preset timeout reached
  Timeout     : 10000.000000s
  Actual Time : 10167.240000s

-------------------------------------------------------------------------------
 Time   |#Trial |#Backup |LBound    |UBound    |Precision  |#Alphas |#Beliefs  
-------------------------------------------------------------------------------
 10167.2 7       750      -251.493   -247.242   4.25137     14       391      
-------------------------------------------------------------------------------

Writing out policy ...
  output file : RAM4_large/3b6e2d0cc6.policyx

