
Loading the model ...
  input file   : /home/rstudio/RAM4_large/3b762b8412.pomdpx
  loading time : 4.45s 

SARSOP initializing ...
  initialization time : 1767.07s

-------------------------------------------------------------------------------
 Time   |#Trial |#Backup |LBound    |UBound    |Precision  |#Alphas |#Beliefs  
-------------------------------------------------------------------------------
 1767.07 0       0        -99.0099   -96.8288   2.1811      101      1        
 1783.77 1       81       -98.3916   -96.8682   1.52338     62       41       
 1794.09 1       100      -98.3916   -96.8682   1.52338     78       60       
 1816.6  2       175      -98.1917   -96.8683   1.32347     135      87       
 1838.44 2       200      -98.1917   -96.8683   1.32347     153      112      
 1859.91 3       253      -98.0273   -96.8684   1.15892     159      126      
 1920.37 4       321      -97.9014   -96.8696   1.03183     121      159      
 1961.32 5       373      -97.7503   -96.8697   0.880607    134      185      
 2025.75 5       400      -97.7503   -96.8697   0.880607    124      212      
 2060.22 6       450      -97.6053   -96.8714   0.733801    126      227      
 2156.32 7       500      -97.5631   -96.8715   0.691595    150      258      
 2222.02 8       563      -97.4521   -96.8717   0.580418    110      278      
 2287.01 9       627      -97.4237   -96.8717   0.551994    104      310      
 2372.74 9       650      -97.4237   -96.8717   0.551994    55       333      
 2432.6  10      701      -97.3395   -96.8729   0.466632    47       346      
 2553.17 11      767      -97.3149   -96.8729   0.441987    53       379      
 2717.19 12      825      -97.2623   -96.8738   0.388423    39       407      
 2786.71 12      850      -97.2623   -96.8738   0.388423    38       432      
 2902.39 13      900      -97.2479   -96.8739   0.374064    33       453      
 3050.32 14      950      -97.222    -96.8746   0.347394    33       479      
 3139.64 16      1007     -97.1862   -96.8749   0.311318    36       497      
 3365.16 17      1063     -97.1577   -96.8752   0.28251     37       524      
 3530.01 18      1123     -97.1524   -96.8752   0.277189    45       554      
 3698.7  19      1173     -97.1331   -96.8758   0.257247    35       578      
 3867.55 19      1200     -97.1331   -96.8758   0.257247    38       605      
 4048.52 20      1250     -97.1245   -96.8759   0.248645    46       627      
 4250.35 21      1300     -97.1089   -96.8761   0.232815    51       651      
 4404.6  22      1350     -97.0939   -96.8763   0.217602    47       671      
 4586.95 23      1400     -97.0894   -96.8764   0.21307     65       692      
 4826.27 24      1453     -97.0829   -96.8765   0.206404    55       716      
 5081.84 25      1515     -97.0815   -96.8766   0.204845    74       747      
 5383.35 26      1569     -97.0763   -96.8769   0.199467    77       774      
 5696.43 27      1625     -97.0699   -96.8775   0.192464    77       801      
 5929.7  27      1650     -97.0699   -96.8775   0.192464    78       826      
 6131.8  28      1700     -97.0672   -96.8775   0.189722    96       847      
 6355.53 29      1750     -97.0588   -96.8777   0.181091    94       871      
 6606.46 31      1813     -97.0554   -96.8779   0.177461    93       894      
 6982.18 32      1877     -97.0511   -96.8785   0.172605    97       925      
 7183.99 32      1900     -97.0511   -96.8785   0.172605    102      948      
 7471.02 33      1950     -97.0506   -96.8786   0.172096    113      971      
 7667.11 34      2000     -97.0484   -96.8788   0.169601    111      990      
 7979.65 36      2059     -97.0438   -96.8792   0.164574    97       1014     
 8300.07 37      2100     -97.0421   -96.8792   0.162863    105      1041     
 8576.87 39      2150     -97.039    -96.8801   0.158919    103      1060     
 9266.52 40      2200     -97.039    -96.8801   0.158919    113      1109     
 9270.56 40      2253     -97.0355   -96.8801   0.155318    107      1109     
 9522.05 41      2307     -97.0346   -96.8801   0.154419    115      1136     
 9789.79 42      2350     -97.0319   -96.8803   0.151596    115      1164     
 10099.5 43      2400     -97.0318   -96.8804   0.151413    117      1192     
-------------------------------------------------------------------------------

SARSOP finishing ...
  Preset timeout reached
  Timeout     : 10000.000000s
  Actual Time : 10099.480000s

-------------------------------------------------------------------------------
 Time   |#Trial |#Backup |LBound    |UBound    |Precision  |#Alphas |#Beliefs  
-------------------------------------------------------------------------------
 10099.5 43      2400     -97.0318   -96.8804   0.151413    117      1192     
-------------------------------------------------------------------------------

Writing out policy ...
  output file : RAM4_large/3b762b8412.policyx

