
Loading the model ...
  input file   : /home/rstudio/RAM4_large/3b76e2bb6f.pomdpx
  loading time : 5.08s 

SARSOP initializing ...
  initialization time : 12499.27s

-------------------------------------------------------------------------------
 Time   |#Trial |#Backup |LBound    |UBound    |Precision  |#Alphas |#Beliefs  
-------------------------------------------------------------------------------
 12499.3 0       0        -8547.73   -1436.55   7111.18     101      1        
-------------------------------------------------------------------------------

SARSOP finishing ...
  Preset timeout reached
  Timeout     : 10000.000000s
  Actual Time : 12499.520000s

-------------------------------------------------------------------------------
 Time   |#Trial |#Backup |LBound    |UBound    |Precision  |#Alphas |#Beliefs  
-------------------------------------------------------------------------------
 12499.5 0       1        -8519.88   -5320.12   3199.76     44       2        
-------------------------------------------------------------------------------

Writing out policy ...
  output file : RAM4_large/3b76e2bb6f.policyx

