
Loading the model ...
  input file   : /home/rstudio/RAM4_large/3b7636ac8e.pomdpx
  loading time : 4.79s 

SARSOP initializing ...
  initialization time : 7690.96s

-------------------------------------------------------------------------------
 Time   |#Trial |#Backup |LBound    |UBound    |Precision  |#Alphas |#Beliefs  
-------------------------------------------------------------------------------
 7690.96 0       0        -640.246   -180.666   459.58      101      1        
 7722.02 1       50       -632.24    -621.442   10.7979     39       42       
 7739.64 2       100      -628.496   -621.447   7.04867     62       53       
 7867.62 2       150      -628.496   -621.447   7.04867     89       103      
 7914.69 3       225      -627.776   -621.449   6.32773     99       114      
 8045.11 3       250      -627.776   -621.449   6.32773     70       139      
 8299.61 4       347      -627.121   -621.452   5.66916     119      175      
 8322.82 4       350      -627.121   -621.452   5.66916     110      178      
 8750.01 4       400      -627.121   -621.452   5.66916     89       228      
 8841.27 5       469      -626.798   -621.453   5.34413     83       236      
 9126.92 5       500      -626.798   -621.453   5.34413     41       267      
 9420.77 6       587      -626.357   -621.457   4.90091     40       295      
 9542.59 6       600      -626.357   -621.457   4.90091     35       308      
 10020.4 7       709      -626.148   -621.458   4.68957     19       356      
-------------------------------------------------------------------------------

SARSOP finishing ...
  Preset timeout reached
  Timeout     : 10000.000000s
  Actual Time : 10020.360000s

-------------------------------------------------------------------------------
 Time   |#Trial |#Backup |LBound    |UBound    |Precision  |#Alphas |#Beliefs  
-------------------------------------------------------------------------------
 10020.4 7       709      -626.148   -621.458   4.68957     19       356      
-------------------------------------------------------------------------------

Writing out policy ...
  output file : RAM4_large/3b7636ac8e.policyx

