
Loading the model ...
  input file   : /home/rstudio/RAM4_large/3c18269019.pomdpx
  loading time : 4.50s 

SARSOP initializing ...
  initialization time : 2800.53s

-------------------------------------------------------------------------------
 Time   |#Trial |#Backup |LBound    |UBound    |Precision  |#Alphas |#Beliefs  
-------------------------------------------------------------------------------
 2800.53 0       0        -128.586   -119.093   9.49291     101      1        
 2803.65 1       83       -122.448   -119.334   3.11414     43       43       
 2804.8  2       100      -121.561   -119.351   2.21001     48       51       
 2811.98 3       177      -120.989   -119.351   1.63815     52       85       
 2818.98 3       200      -120.989   -119.351   1.63815     71       108      
 2834.64 4       279      -120.799   -119.358   1.44116     78       136      
 2847.43 4       300      -120.799   -119.358   1.44116     76       157      
 2867.09 5       369      -120.621   -119.363   1.25744     70       180      
 2877.3  5       400      -120.621   -119.363   1.25744     42       203      
 2885.9  6       495      -120.508   -119.363   1.14461     71       218      
 2888.27 6       500      -120.508   -119.363   1.14461     75       223      
 2931.34 7       550      -120.508   -119.363   1.14461     89       272      
 2933.51 7       605      -120.447   -119.365   1.08114     99       273      
 2984.85 7       650      -120.447   -119.365   1.08114     86       318      
 2989.85 8       701      -120.366   -119.366   0.999614    79       321      
 3053    9       791      -120.309   -119.368   0.940601    76       365      
 3053.93 9       800      -120.309   -119.368   0.940601    38       366      
 3077.28 9       850      -120.309   -119.368   0.940601    44       392      
 3088.57 10      927      -120.257   -119.368   0.888798    59       401      
 3119.93 10      950      -120.257   -119.368   0.888798    61       424      
 3164.31 11      1027     -120.195   -119.37    0.825041    57       451      
 3201.3  11      1050     -120.195   -119.37    0.825041    51       474      
 3242.14 12      1113     -120.153   -119.371   0.781314    51       493      
 3242.67 12      1150     -120.153   -119.371   0.781314    27       493      
 3250.8  13      1237     -120.112   -119.371   0.740886    57       498      
 3272.44 13      1250     -120.112   -119.371   0.740886    63       511      
 3352.15 14      1331     -120.083   -119.372   0.711025    60       545      
 3398.57 14      1350     -120.083   -119.372   0.711025    64       564      
 3469.4  15      1417     -120.051   -119.374   0.676749    70       588      
 3570.55 15      1450     -120.051   -119.374   0.676749    81       621      
 3625.72 16      1511     -120.034   -119.376   0.657976    65       635      
 3788.59 16      1550     -120.034   -119.376   0.657976    83       674      
 3833.51 17      1609     -120.021   -119.376   0.644688    66       684      
 4032.64 17      1650     -120.021   -119.376   0.644688    66       725      
 4061.91 18      1700     -120.003   -119.378   0.625391    70       730      
 4330.19 19      1785     -119.989   -119.378   0.610754    63       771      
 4330.68 19      1800     -119.989   -119.378   0.610754    33       771      
 4370.16 19      1850     -119.989   -119.378   0.610754    40       788      
 4393.19 20      1929     -119.965   -119.378   0.587189    60       795      
 4486.59 20      1950     -119.965   -119.378   0.587189    65       816      
 4627.01 21      2023     -119.945   -119.381   0.563984    60       842      
 4750.04 21      2050     -119.945   -119.381   0.563984    65       869      
 4844.47 22      2111     -119.922   -119.382   0.539972    64       885      
 5041.19 22      2150     -119.922   -119.382   0.539972    66       924      
 5053.14 23      2200     -119.91    -119.382   0.527714    30       926      
 5097.57 23      2250     -119.91    -119.382   0.527714    46       943      
 5135.99 24      2333     -119.896   -119.382   0.513318    48       954      
 5212.67 24      2350     -119.896   -119.382   0.513318    63       971      
 5378.79 25      2425     -119.889   -119.382   0.506532    58       1000     
 5531.26 25      2450     -119.889   -119.382   0.506532    68       1025     
 5653.59 26      2511     -119.879   -119.383   0.496234    54       1043     
 5909.03 26      2550     -119.879   -119.383   0.496234    57       1082     
 5947.65 27      2600     -119.867   -119.384   0.482768    60       1089     
 6320.64 28      2691     -119.86    -119.384   0.475501    50       1131     
 6370.82 28      2700     -119.86    -119.384   0.475501    55       1140     
 6686.32 29      2785     -119.854   -119.384   0.469168    51       1177     
 6687.12 29      2800     -119.854   -119.384   0.469168    58       1177     
 6688.96 29      2850     -119.854   -119.384   0.469168    47       1177     
 6707.18 30      2927     -119.844   -119.384   0.459861    63       1181     
 6872.08 30      2950     -119.844   -119.384   0.459861    72       1204     
 7017.92 31      3011     -119.84    -119.385   0.455002    69       1223     
 7274.26 31      3050     -119.84    -119.385   0.455002    66       1262     
 7316.45 32      3101     -119.83    -119.386   0.444053    69       1267     
 7631.82 33      3189     -119.825   -119.386   0.439622    73       1311     
 7719.59 33      3200     -119.825   -119.386   0.439622    76       1322     
 8007.79 34      3277     -119.816   -119.388   0.428705    70       1354     
 8207.04 34      3300     -119.816   -119.388   0.428705    82       1377     
 8433.36 35      3369     -119.809   -119.388   0.421222    66       1399     
 8476.69 35      3400     -119.809   -119.388   0.421222    44       1409     
 8531.38 36      3513     -119.792   -119.388   0.404394    61       1419     
 8534.87 36      3514     -119.792   -119.388   0.404394    61       1420     
 8800.9  36      3550     -119.792   -119.388   0.404394    76       1456     
 8895.67 37      3611     -119.788   -119.388   0.400481    58       1467     
 9226.04 37      3650     -119.788   -119.388   0.400481    67       1506     
 9298.22 38      3705     -119.788   -119.388   0.399531    60       1513     
 9758.48 38      3750     -119.788   -119.388   0.399531    66       1558     
 9780.84 39      3800     -119.782   -119.388   0.393852    68       1560     
 10329.2 40      3895     -119.78    -119.388   0.39146     66       1606     
-------------------------------------------------------------------------------

SARSOP finishing ...
  Preset timeout reached
  Timeout     : 10000.000000s
  Actual Time : 10329.160000s

-------------------------------------------------------------------------------
 Time   |#Trial |#Backup |LBound    |UBound    |Precision  |#Alphas |#Beliefs  
-------------------------------------------------------------------------------
 10329.2 40      3895     -119.78    -119.388   0.39146     66       1606     
-------------------------------------------------------------------------------

Writing out policy ...
  output file : RAM4_large/3c18269019.policyx

