
Loading the model ...
  input file   : /home/rstudio/RAM4_large/3c2b02c3b6.pomdpx
  loading time : 5.06s 

SARSOP initializing ...
  initialization time : 5521.38s

-------------------------------------------------------------------------------
 Time   |#Trial |#Backup |LBound    |UBound    |Precision  |#Alphas |#Beliefs  
-------------------------------------------------------------------------------
 5521.38 0       0        -209.312   -198.773   10.5384     101      1        
 5533.2  1       53       -203.258   -199.058   4.19929     14       28       
 5568.79 1       100      -203.258   -199.058   4.19929     21       75       
 5579.32 2       161      -202.766   -199.07    3.69572     21       82       
 5645.72 2       200      -202.766   -199.07    3.69572     15       121      
 5676.86 3       269      -201.936   -199.079   2.85719     29       136      
 5714.34 3       300      -201.936   -199.079   2.85719     28       167      
 5758.99 4       379      -201.697   -199.081   2.61554     28       191      
 5803.35 4       400      -201.697   -199.081   2.61554     31       212      
 5897.03 5       491      -201.215   -199.084   2.1315      28       247      
 5913.34 5       500      -201.215   -199.084   2.1315      31       256      
 6042.26 6       550      -201.215   -199.084   2.1315      32       305      
 6047.56 6       609      -201.063   -199.086   1.97606     33       306      
 6193.89 6       650      -201.063   -199.086   1.97606     19       347      
 6248.57 7       715      -200.913   -199.088   1.82451     19       359      
 6428.79 7       750      -200.913   -199.088   1.82451     24       394      
 6533.08 8       819      -200.783   -199.09    1.69233     15       411      
 6583.97 8       850      -200.783   -199.09    1.69233     14       442      
 6637.95 9       925      -200.588   -199.091   1.4972      36       464      
 6725.74 9       950      -200.588   -199.091   1.4972      41       489      
 6868.09 10      1045     -200.51    -199.092   1.41764     40       524      
 6891.15 10      1050     -200.51    -199.092   1.41764     44       529      
 7136.69 10      1100     -200.51    -199.092   1.41764     42       579      
 7159    11      1163     -200.475   -199.094   1.38083     50       583      
 7350.85 11      1200     -200.475   -199.094   1.38083     40       620      
 7473.06 12      1279     -200.424   -199.095   1.32831     42       641      
 7608.83 12      1300     -200.424   -199.095   1.32831     49       662      
 7896.03 13      1395     -200.405   -199.097   1.30778     58       699      
 7940.47 13      1400     -200.405   -199.097   1.30778     53       704      
 8415.7  13      1450     -200.405   -199.097   1.30778     42       754      
 8440.74 14      1511     -200.376   -199.098   1.27764     41       756      
 8868.11 14      1550     -200.376   -199.098   1.27764     42       795      
 9072.56 15      1625     -200.348   -199.098   1.25001     38       812      
 9379.62 15      1650     -200.348   -199.098   1.25001     43       837      
 9802.06 16      1741     -200.31    -199.098   1.21124     33       870      
 9904.51 16      1750     -200.31    -199.098   1.21124     34       879      
 10473.9 17      1857     -200.291   -199.1     1.19084     38       928      
-------------------------------------------------------------------------------

SARSOP finishing ...
  Preset timeout reached
  Timeout     : 10000.000000s
  Actual Time : 10473.850000s

-------------------------------------------------------------------------------
 Time   |#Trial |#Backup |LBound    |UBound    |Precision  |#Alphas |#Beliefs  
-------------------------------------------------------------------------------
 10473.9 17      1857     -200.291   -199.1     1.19084     38       928      
-------------------------------------------------------------------------------

Writing out policy ...
  output file : RAM4_large/3c2b02c3b6.policyx

