
Loading the model ...
  input file   : /home/rstudio/RAM4_large/3c44145e77.pomdpx
  loading time : 5.01s 

SARSOP initializing ...
  initialization time : 10189.23s

-------------------------------------------------------------------------------
 Time   |#Trial |#Backup |LBound    |UBound    |Precision  |#Alphas |#Beliefs  
-------------------------------------------------------------------------------
 10189.2 0       0        -813.274   -280.884   532.391     101      1        
-------------------------------------------------------------------------------

SARSOP finishing ...
  Preset timeout reached
  Timeout     : 10000.000000s
  Actual Time : 10189.480000s

-------------------------------------------------------------------------------
 Time   |#Trial |#Backup |LBound    |UBound    |Precision  |#Alphas |#Beliefs  
-------------------------------------------------------------------------------
 10189.5 0       1        -813.095   -806.769   6.32574     4        2        
-------------------------------------------------------------------------------

Writing out policy ...
  output file : RAM4_large/3c44145e77.policyx

