
Loading the model ...
  input file   : /home/rstudio/RAM4_large/3c45e3d5c8.pomdpx
  loading time : 5.08s 

SARSOP initializing ...
  initialization time : 11900.05s

-------------------------------------------------------------------------------
 Time   |#Trial |#Backup |LBound    |UBound    |Precision  |#Alphas |#Beliefs  
-------------------------------------------------------------------------------
 11900   0       0        -1863.58   -272.892   1590.69     101      1        
-------------------------------------------------------------------------------

SARSOP finishing ...
  Preset timeout reached
  Timeout     : 10000.000000s
  Actual Time : 11900.640000s

-------------------------------------------------------------------------------
 Time   |#Trial |#Backup |LBound    |UBound    |Precision  |#Alphas |#Beliefs  
-------------------------------------------------------------------------------
 11900.6 0       1        -1863.14   -1855.26   7.8807      15       2        
-------------------------------------------------------------------------------

Writing out policy ...
  output file : RAM4_large/3c45e3d5c8.policyx

