
Loading the model ...
  input file   : /home/rstudio/RAM4_large/3c4776105f.pomdpx
  loading time : 4.90s 

SARSOP initializing ...
  initialization time : 6231.43s

-------------------------------------------------------------------------------
 Time   |#Trial |#Backup |LBound    |UBound    |Precision  |#Alphas |#Beliefs  
-------------------------------------------------------------------------------
 6231.43 0       0        -184.728   -167.61    17.1181     101      1        
 6249.74 2       79       -172.972   -168.057   4.91532     27       41       
 6266.67 2       100      -172.972   -168.057   4.91532     24       62       
 6319.42 3       191      -172.347   -168.063   4.28388     24       97       
 6336.3  3       200      -172.347   -168.063   4.28388     22       106      
 6442.76 4       291      -171.661   -168.065   3.59624     28       147      
 6468.93 4       300      -171.661   -168.065   3.59624     27       156      
 6663.02 5       403      -171.368   -168.07    3.2978      40       203      
 6666.29 5       404      -171.368   -168.07    3.2978      39       204      
 6850.58 5       450      -171.368   -168.07    3.2978      34       250      
 6881.01 6       511      -171.052   -168.074   2.97853     29       256      
 7005.29 6       550      -171.052   -168.074   2.97853     17       295      
 7085.38 7       625      -170.677   -168.075   2.60251     30       313      
 7184.11 7       650      -170.677   -168.075   2.60251     27       338      
 7354.32 8       749      -170.511   -168.077   2.43365     25       375      
 7359.49 8       750      -170.511   -168.077   2.43365     26       376      
 7642.98 8       800      -170.511   -168.077   2.43365     27       426      
 7716.43 9       873      -170.421   -168.08    2.34117     23       437      
 7902.33 9       900      -170.421   -168.08    2.34117     19       464      
 8181.81 10      997      -170.327   -168.082   2.24511     23       499      
 8204.1  10      1000     -170.327   -168.082   2.24511     24       502      
 8641.51 10      1050     -170.327   -168.082   2.24511     17       552      
 8728.89 11      1121     -170.266   -168.084   2.18193     18       561      
 9001.39 11      1150     -170.266   -168.084   2.18193     17       590      
 9355.61 12      1243     -170.197   -168.085   2.11187     21       622      
 9422.16 12      1250     -170.197   -168.085   2.11187     17       629      
 9993.7  12      1300     -170.197   -168.085   2.11187     16       679      
 10057   13      1367     -170.146   -168.088   2.05784     20       684      
-------------------------------------------------------------------------------

SARSOP finishing ...
  Preset timeout reached
  Timeout     : 10000.000000s
  Actual Time : 10056.970000s

-------------------------------------------------------------------------------
 Time   |#Trial |#Backup |LBound    |UBound    |Precision  |#Alphas |#Beliefs  
-------------------------------------------------------------------------------
 10057   13      1367     -170.146   -168.088   2.05784     20       684      
-------------------------------------------------------------------------------

Writing out policy ...
  output file : RAM4_large/3c4776105f.policyx

