
Loading the model ...
  input file   : /home/rstudio/RAM4_large/3c61a9587f.pomdpx
  loading time : 5.05s 

SARSOP initializing ...
  initialization time : 12458.26s

-------------------------------------------------------------------------------
 Time   |#Trial |#Backup |LBound    |UBound    |Precision  |#Alphas |#Beliefs  
-------------------------------------------------------------------------------
 12458.3 0       0        -6906.35   -1595.06   5311.28     101      1        
-------------------------------------------------------------------------------

SARSOP finishing ...
  Preset timeout reached
  Timeout     : 10000.000000s
  Actual Time : 12458.580000s

-------------------------------------------------------------------------------
 Time   |#Trial |#Backup |LBound    |UBound    |Precision  |#Alphas |#Beliefs  
-------------------------------------------------------------------------------
 12458.6 0       1        -6905.73   -4880.29   2025.44     37       2        
-------------------------------------------------------------------------------

Writing out policy ...
  output file : RAM4_large/3c61a9587f.policyx

