
Loading the model ...
  input file   : /home/rstudio/RAM4_large/3c631cdfe.pomdpx
  loading time : 5.09s 

SARSOP initializing ...
  initialization time : 14423.27s

-------------------------------------------------------------------------------
 Time   |#Trial |#Backup |LBound    |UBound    |Precision  |#Alphas |#Beliefs  
-------------------------------------------------------------------------------
 14423.3 0       0        -7359.08   -646.887   6712.19     101      1        
-------------------------------------------------------------------------------

SARSOP finishing ...
  Preset timeout reached
  Timeout     : 10000.000000s
  Actual Time : 14423.710000s

-------------------------------------------------------------------------------
 Time   |#Trial |#Backup |LBound    |UBound    |Precision  |#Alphas |#Beliefs  
-------------------------------------------------------------------------------
 14423.7 0       1        -7314.74   -4172.23   3142.51     36       2        
-------------------------------------------------------------------------------

Writing out policy ...
  output file : RAM4_large/3c631cdfe.policyx

