
Loading the model ...
  input file   : /home/rstudio/RAM4_large/3c6efed0ce.pomdpx
  loading time : 4.27s 

SARSOP initializing ...
  initialization time : 3292.51s

-------------------------------------------------------------------------------
 Time   |#Trial |#Backup |LBound    |UBound    |Precision  |#Alphas |#Beliefs  
-------------------------------------------------------------------------------
 3292.51 0       0        -204.361   -201.091   3.26999     101      1        
 3300.33 1       57       -202.536   -201.17    1.36531     41       30       
 3309.62 2       133      -202.205   -201.173   1.03142     47       68       
 3316.73 2       150      -202.205   -201.173   1.03142     45       85       
 3329.74 3       203      -202.072   -201.175   0.897262    52       103      
 3340.24 3       250      -202.072   -201.175   0.897262    80       150      
 3353.01 4       347      -201.984   -201.175   0.808989    92       175      
 3355.31 4       350      -201.984   -201.175   0.808989    93       178      
 3382.59 5       437      -201.876   -201.177   0.699093    74       220      
 3391.38 5       450      -201.876   -201.177   0.699093    43       233      
 3411.46 6       517      -201.821   -201.178   0.643477    72       260      
 3441.42 6       550      -201.821   -201.178   0.643477    36       293      
 3453.64 7       600      -201.707   -201.178   0.529112    43       305      
 3491.82 8       671      -201.639   -201.179   0.460741    53       337      
 3531.3  8       700      -201.639   -201.179   0.460741    40       366      
 3547.68 9       757      -201.595   -201.179   0.41587     42       380      
 3603.37 10      837      -201.561   -201.181   0.380677    40       420      
 3623.31 10      850      -201.561   -201.181   0.380677    38       433      
 3660.4  11      913      -201.538   -201.181   0.357127    27       457      
 3709.1  12      979      -201.517   -201.181   0.33514     36       490      
 3745.67 12      1000     -201.517   -201.181   0.33514     30       511      
 3800.43 13      1050     -201.484   -201.182   0.302569    28       537      
 3823.12 14      1101     -201.454   -201.182   0.272161    28       551      
 3893.01 15      1171     -201.437   -201.183   0.253988    31       586      
 3963.71 15      1200     -201.437   -201.183   0.253988    30       615      
 4019.11 16      1250     -201.421   -201.183   0.23844     32       635      
 4091.28 17      1300     -201.406   -201.183   0.222742    36       659      
 4143.66 18      1363     -201.392   -201.184   0.207783    45       682      
 4218.9  19      1423     -201.388   -201.184   0.203719    48       712      
 4292.99 19      1450     -201.388   -201.184   0.203719    39       739      
 4330.1  20      1500     -201.379   -201.185   0.194943    36       752      
 4414.08 21      1563     -201.372   -201.185   0.187113    39       782      
 4505.45 22      1627     -201.365   -201.185   0.179972    35       814      
 4574.37 22      1650     -201.365   -201.185   0.179972    30       837      
 4657.21 23      1700     -201.355   -201.186   0.169048    31       861      
 4708.18 24      1750     -201.35    -201.186   0.163739    37       877      
 4816.07 25      1813     -201.345   -201.187   0.15829     42       907      
 4924.9  26      1865     -201.343   -201.187   0.155551    37       933      
 5071.22 27      1927     -201.338   -201.187   0.150585    36       964      
 5164.86 27      1950     -201.338   -201.187   0.150585    33       987      
 5295.85 28      2000     -201.336   -201.188   0.148378    38       1012     
 5379.54 29      2050     -201.332   -201.188   0.144172    43       1032     
 5468.12 30      2100     -201.327   -201.188   0.138906    43       1052     
 5580.84 31      2150     -201.325   -201.188   0.136461    50       1076     
 5717.27 32      2201     -201.32    -201.189   0.131536    52       1100     
 5911.81 33      2257     -201.319   -201.189   0.129902    49       1128     
 6192.33 34      2327     -201.316   -201.19    0.126902    52       1163     
 6303.25 34      2350     -201.316   -201.19    0.126902    45       1186     
 6453.81 35      2400     -201.315   -201.19    0.124825    54       1209     
 6603.77 36      2450     -201.314   -201.19    0.124058    51       1230     
 6751.86 37      2500     -201.312   -201.19    0.122142    54       1253     
 6919.01 38      2550     -201.311   -201.19    0.12048     54       1277     
 7076.12 39      2613     -201.307   -201.191   0.116423    51       1305     
 7216.78 40      2671     -201.305   -201.191   0.113686    55       1334     
 7383.63 40      2700     -201.305   -201.191   0.113686    58       1363     
 7512.76 41      2750     -201.304   -201.191   0.112358    55       1383     
 7667.65 42      2800     -201.303   -201.192   0.111434    56       1403     
 7905.9  43      2865     -201.301   -201.192   0.10933     56       1431     
 8090.66 44      2929     -201.3     -201.192   0.108068    55       1462     
 8221.75 44      2950     -201.3     -201.192   0.108068    61       1483     
 8417.63 45      3000     -201.299   -201.192   0.107237    63       1503     
 8686.38 46      3061     -201.298   -201.192   0.105856    54       1527     
 8981.36 47      3121     -201.298   -201.192   0.105187    59       1556     
 9362.76 47      3150     -201.298   -201.192   0.105187    68       1585     
 9652.09 48      3200     -201.297   -201.192   0.104571    60       1604     
 9931.66 49      3250     -201.296   -201.192   0.103838    69       1624     
 10236.9 50      3301     -201.296   -201.193   0.102944    69       1644     
-------------------------------------------------------------------------------

SARSOP finishing ...
  Preset timeout reached
  Timeout     : 10000.000000s
  Actual Time : 10236.850000s

-------------------------------------------------------------------------------
 Time   |#Trial |#Backup |LBound    |UBound    |Precision  |#Alphas |#Beliefs  
-------------------------------------------------------------------------------
 10236.9 50      3301     -201.296   -201.193   0.102944    69       1644     
-------------------------------------------------------------------------------

Writing out policy ...
  output file : RAM4_large/3c6efed0ce.policyx

