
Loading the model ...
  input file   : /home/rstudio/RAM4_large/3c711d77ba.pomdpx
  loading time : 5.14s 

SARSOP initializing ...
  initialization time : 4248.70s

-------------------------------------------------------------------------------
 Time   |#Trial |#Backup |LBound    |UBound    |Precision  |#Alphas |#Beliefs  
-------------------------------------------------------------------------------
 4248.7  0       0        -6449.46   -6350.84   98.6199     101      1        
 4268.6  1       55       -6449.19   -6449.09   0.105564    1        29       
 4326.32 2       100      -6449.15   -6449.09   0.05866     2        60       
 4433.69 3       173      -6449.12   -6449.1    0.0177181   5        88       
 4570.78 3       200      -6449.12   -6449.1    0.0177181   6        115      
 4712.44 4       269      -6449.11   -6449.1    0.00429505  7        136      
 4951.88 4       300      -6449.11   -6449.1    0.00429505  9        167      
 5156.44 5       375      -6449.11   -6449.11   -0.00297217 9        188      
 5156.44 5       375      -6449.11   -6449.11   -0.00297217 9        188      
-------------------------------------------------------------------------------

SARSOP finishing ...
  target precision reached
  target precision  : 0.000000
  precision reached : -0.002972 

-------------------------------------------------------------------------------
 Time   |#Trial |#Backup |LBound    |UBound    |Precision  |#Alphas |#Beliefs  
-------------------------------------------------------------------------------
 5156.44 5       375      -6449.11   -6449.11   -0.00297217 9        188      
-------------------------------------------------------------------------------

Writing out policy ...
  output file : RAM4_large/3c711d77ba.policyx

