
Loading the model ...
  input file   : /home/rstudio/RAM4_large/3c729b1cbd.pomdpx
  loading time : 4.77s 

SARSOP initializing ...
  initialization time : 4810.13s

-------------------------------------------------------------------------------
 Time   |#Trial |#Backup |LBound    |UBound    |Precision  |#Alphas |#Beliefs  
-------------------------------------------------------------------------------
 4810.13 0       0        -225.159   -218.943   6.21643     101      1        
 4830.51 1       75       -222.661   -219.197   3.46431     19       39       
 4842.88 1       100      -222.661   -219.197   3.46431     28       64       
 4870    2       183      -221.934   -219.209   2.72461     27       93       
 4880.53 2       200      -221.934   -219.209   2.72461     28       110      
 4916.67 3       279      -221.581   -219.216   2.36445     30       141      
 4924.66 3       300      -221.581   -219.216   2.36445     34       162      
 4944.49 4       395      -221.301   -219.217   2.08407     60       199      
 4949.15 4       400      -221.301   -219.217   2.08407     64       204      
 5003.91 4       450      -221.301   -219.217   2.08407     49       254      
 5006.56 5       507      -221.038   -219.22    1.81855     53       255      
 5072.21 5       550      -221.038   -219.22    1.81855     58       298      
 5096.09 6       621      -220.815   -219.221   1.59371     34       312      
 5141.61 6       650      -220.815   -219.221   1.59371     35       341      
 5207.92 7       739      -220.702   -219.224   1.47804     27       371      
 5230.59 7       750      -220.702   -219.224   1.47804     24       382      
 5344.68 8       847      -220.641   -219.226   1.41479     23       425      
 5353.31 8       850      -220.641   -219.226   1.41479     26       428      
 5527.06 8       900      -220.641   -219.226   1.41479     19       478      
 5543.71 9       963      -220.525   -219.228   1.29665     21       483      
 5643.5  9       1000     -220.525   -219.228   1.29665     25       520      
 5714.69 10      1079     -220.477   -219.23    1.24723     22       541      
 5790.01 10      1100     -220.477   -219.23    1.24723     19       562      
 5938.62 11      1189     -220.446   -219.232   1.21388     21       596      
 5992.68 11      1200     -220.446   -219.232   1.21388     25       607      
 6297.1  12      1309     -220.388   -219.233   1.15531     37       656      
 6300.26 12      1310     -220.388   -219.233   1.15531     36       657      
 6435.12 12      1350     -220.388   -219.233   1.15531     18       697      
 6512.11 13      1425     -220.364   -219.235   1.12939     25       714      
 6628.16 13      1450     -220.364   -219.235   1.12939     23       739      
 6805.06 14      1539     -220.338   -219.238   1.10005     20       770      
 6860.25 14      1550     -220.338   -219.238   1.10005     25       781      
 7083.5  15      1651     -220.327   -219.239   1.08837     38       826      
 7088.91 15      1652     -220.327   -219.239   1.08837     38       827      
 7346.02 15      1700     -220.327   -219.239   1.08837     25       875      
 7382.73 16      1763     -220.314   -219.241   1.07363     26       881      
 7598.98 16      1800     -220.314   -219.241   1.07363     27       918      
 7735.14 17      1885     -220.262   -219.241   1.02046     33       941      
 7799.54 17      1900     -220.262   -219.241   1.02046     34       956      
 8007.25 18      2001     -220.255   -219.241   1.01349     31       999      
 8012.94 18      2002     -220.255   -219.241   1.01349     32       1000     
 8267.31 18      2050     -220.255   -219.241   1.01349     32       1048     
 8314.58 19      2115     -220.241   -219.242   0.998998    37       1055     
 8523.88 19      2150     -220.241   -219.242   0.998998    37       1090     
 8681.57 20      2233     -220.236   -219.242   0.993618    44       1114     
 8799.49 20      2250     -220.236   -219.242   0.993618    43       1131     
 9107.78 21      2349     -220.228   -219.244   0.983451    36       1171     
 9115.75 21      2350     -220.228   -219.244   0.983451    37       1172     
 9543.65 21      2400     -220.228   -219.244   0.983451    38       1222     
 9594.97 22      2463     -220.225   -219.244   0.980866    40       1227     
 9959.01 22      2500     -220.225   -219.244   0.980866    38       1264     
 10224.7 23      2579     -220.223   -219.245   0.977896    49       1285     
-------------------------------------------------------------------------------

SARSOP finishing ...
  Preset timeout reached
  Timeout     : 10000.000000s
  Actual Time : 10224.690000s

-------------------------------------------------------------------------------
 Time   |#Trial |#Backup |LBound    |UBound    |Precision  |#Alphas |#Beliefs  
-------------------------------------------------------------------------------
 10224.7 23      2579     -220.223   -219.245   0.977896    49       1285     
-------------------------------------------------------------------------------

Writing out policy ...
  output file : RAM4_large/3c729b1cbd.policyx

