
Loading the model ...
  input file   : /home/rstudio/RAM4_large/3d24467bdd.pomdpx
  loading time : 5.07s 

SARSOP initializing ...
  initialization time : 11093.06s

-------------------------------------------------------------------------------
 Time   |#Trial |#Backup |LBound    |UBound    |Precision  |#Alphas |#Beliefs  
-------------------------------------------------------------------------------
 11093.1 0       0        -472.97    -422.363   50.6072     101      1        
-------------------------------------------------------------------------------

SARSOP finishing ...
  Preset timeout reached
  Timeout     : 10000.000000s
  Actual Time : 11093.440000s

-------------------------------------------------------------------------------
 Time   |#Trial |#Backup |LBound    |UBound    |Precision  |#Alphas |#Beliefs  
-------------------------------------------------------------------------------
 11093.4 0       1        -472.971   -472.941   0.0306723   1        2        
-------------------------------------------------------------------------------

Writing out policy ...
  output file : RAM4_large/3d24467bdd.policyx

