
Loading the model ...
  input file   : /home/rstudio/RAM4_large/3d2b02c3b6.pomdpx
  loading time : 4.93s 

SARSOP initializing ...
  initialization time : 3905.76s

-------------------------------------------------------------------------------
 Time   |#Trial |#Backup |LBound    |UBound    |Precision  |#Alphas |#Beliefs  
-------------------------------------------------------------------------------
 3905.76 0       0        -513.996   -513.822   0.173748    101      1        
 3925.37 6       59       -513.881   -513.846   0.0346801   54       30       
 3999.81 8       100      -513.88    -513.847   0.0331281   75       57       
 4091.31 9       150      -513.876   -513.847   0.0285943   115      77       
 4269.26 10      200      -513.875   -513.847   0.0281427   151      104      
 4536.12 12      265      -513.875   -513.848   0.0269623   190      132      
 4784.36 13      305      -513.874   -513.848   0.026213    161      152      
 5124.78 14      351      -513.874   -513.848   0.0258465   142      174      
 5596.77 15      400      -513.874   -513.848   0.0255806   78       200      
 6091.78 16      450      -513.873   -513.849   0.0249197   86       226      
 6727.27 17      500      -513.873   -513.849   0.0248669   107      254      
 7344.19 18      550      -513.873   -513.849   0.0246013   147      281      
 8025.36 19      600      -513.873   -513.849   0.0245695   127      306      
 8591.68 21      669      -513.873   -513.849   0.0244798   95       328      
 9248.4  22      715      -513.873   -513.849   0.0244549   101      351      
 9838.97 23      753      -513.873   -513.849   0.0241737   117      369      
 10943.8 24      800      -513.873   -513.849   0.0240998   92       397      
-------------------------------------------------------------------------------

SARSOP finishing ...
  Preset timeout reached
  Timeout     : 10000.000000s
  Actual Time : 10943.750000s

-------------------------------------------------------------------------------
 Time   |#Trial |#Backup |LBound    |UBound    |Precision  |#Alphas |#Beliefs  
-------------------------------------------------------------------------------
 10943.8 24      800      -513.873   -513.849   0.0240998   92       397      
-------------------------------------------------------------------------------

Writing out policy ...
  output file : RAM4_large/3d2b02c3b6.policyx

