
Loading the model ...
  input file   : /home/rstudio/RAM4_large/3d45cc0970.pomdpx
  loading time : 5.09s 

SARSOP initializing ...
  initialization time : 11822.83s

-------------------------------------------------------------------------------
 Time   |#Trial |#Backup |LBound    |UBound    |Precision  |#Alphas |#Beliefs  
-------------------------------------------------------------------------------
 11822.8 0       0        -8174.37   -1623.36   6551.01     101      1        
-------------------------------------------------------------------------------

SARSOP finishing ...
  Preset timeout reached
  Timeout     : 10000.000000s
  Actual Time : 11823.080000s

-------------------------------------------------------------------------------
 Time   |#Trial |#Backup |LBound    |UBound    |Precision  |#Alphas |#Beliefs  
-------------------------------------------------------------------------------
 11823.1 0       1        -8151.9    -5299.68   2852.22     42       2        
-------------------------------------------------------------------------------

Writing out policy ...
  output file : RAM4_large/3d45cc0970.policyx

