
Loading the model ...
  input file   : /home/rstudio/RAM4_large/3d4776105f.pomdpx
  loading time : 4.80s 

SARSOP initializing ...
  initialization time : 4368.48s

-------------------------------------------------------------------------------
 Time   |#Trial |#Backup |LBound    |UBound    |Precision  |#Alphas |#Beliefs  
-------------------------------------------------------------------------------
 4368.48 0       0        -209.372   -204.275   5.09759     101      1        
 4379.36 1       65       -207.128   -204.428   2.70001     34       34       
 4392.64 1       100      -207.128   -204.428   2.70001     31       69       
 4402.27 2       163      -206.495   -204.434   2.06127     23       83       
 4427.19 2       200      -206.495   -204.434   2.06127     36       120      
 4438.4  3       263      -206.052   -204.438   1.61389     24       133      
 4467.73 3       300      -206.052   -204.438   1.61389     53       170      
 4482.12 4       363      -205.782   -204.44    1.34241     39       183      
 4518.91 4       400      -205.782   -204.44    1.34241     47       220      
 4535.42 5       463      -205.574   -204.441   1.13346     30       233      
 4579.09 5       500      -205.574   -204.441   1.13346     57       270      
 4606.61 6       571      -205.45    -204.442   1.00763     68       287      
 4645.4  6       600      -205.45    -204.442   1.00763     33       316      
 4674.15 7       661      -205.364   -204.443   0.920233    28       332      
 4769.41 7       700      -205.364   -204.443   0.920233    31       371      
 4791.97 8       759      -205.242   -204.444   0.797065    35       381      
 4862.94 8       800      -205.242   -204.444   0.797065    27       422      
 4880.1  9       859      -205.149   -204.447   0.702017    19       431      
 4958.86 9       900      -205.149   -204.447   0.702017    28       472      
 4971.61 10      951      -205.105   -204.448   0.657227    29       477      
 5125.71 10      1000     -205.105   -204.448   0.657227    25       526      
 5137.38 11      1057     -205.063   -204.45    0.612358    33       530      
 5238.55 11      1100     -205.063   -204.45    0.612358    28       573      
 5253.03 12      1151     -205.048   -204.452   0.595816    37       577      
 5435.58 12      1200     -205.048   -204.452   0.595816    25       626      
 5441.96 13      1253     -205.018   -204.453   0.565112    38       628      
 5585.07 14      1343     -204.986   -204.454   0.532207    25       673      
 5613.05 14      1350     -204.986   -204.454   0.532207    30       680      
 5788.17 15      1431     -204.972   -204.454   0.517764    26       717      
 5904.93 15      1450     -204.972   -204.454   0.517764    27       736      
 6075.11 16      1513     -204.958   -204.455   0.502965    26       758      
 6421.76 16      1550     -204.958   -204.455   0.502965    26       795      
 6519.3  17      1611     -204.923   -204.456   0.466841    33       807      
 6653.17 17      1650     -204.923   -204.456   0.466841    30       846      
 6678.43 18      1701     -204.907   -204.457   0.449962    40       852      
 6895.9  18      1750     -204.907   -204.457   0.449962    24       901      
 6904.37 19      1803     -204.885   -204.458   0.426876    27       903      
 7127.49 20      1895     -204.879   -204.459   0.420468    29       949      
 7152.5  20      1900     -204.879   -204.459   0.420468    33       954      
 7370.12 21      1985     -204.874   -204.459   0.414341    39       994      
 7451.34 21      2000     -204.874   -204.459   0.414341    42       1009     
 7629.12 22      2075     -204.864   -204.46    0.403526    36       1039     
 7817.96 22      2100     -204.864   -204.46    0.403526    43       1064     
 8032.46 23      2181     -204.848   -204.461   0.387427    36       1092     
 8124.72 23      2200     -204.848   -204.461   0.387427    35       1111     
 8285.62 24      2279     -204.845   -204.461   0.383711    35       1141     
 8409.3  24      2300     -204.845   -204.461   0.383711    41       1162     
 8569.7  25      2371     -204.842   -204.461   0.381149    52       1187     
 8804.33 25      2400     -204.842   -204.461   0.381149    32       1216     
 8942.18 26      2463     -204.836   -204.462   0.374389    38       1232     
 9298.44 26      2500     -204.836   -204.462   0.374389    50       1269     
 9445.19 27      2569     -204.825   -204.462   0.363134    32       1284     
 9655.85 27      2600     -204.825   -204.462   0.363134    31       1315     
 9809.7  28      2667     -204.823   -204.462   0.361125    35       1333     
 10186.7 28      2700     -204.823   -204.462   0.361125    36       1366     
-------------------------------------------------------------------------------

SARSOP finishing ...
  Preset timeout reached
  Timeout     : 10000.000000s
  Actual Time : 10186.690000s

-------------------------------------------------------------------------------
 Time   |#Trial |#Backup |LBound    |UBound    |Precision  |#Alphas |#Beliefs  
-------------------------------------------------------------------------------
 10186.7 28      2700     -204.823   -204.462   0.361125    36       1366     
-------------------------------------------------------------------------------

Writing out policy ...
  output file : RAM4_large/3d4776105f.policyx

