
Loading the model ...
  input file   : /home/rstudio/RAM4_large/3d4b401add.pomdpx
  loading time : 4.84s 

SARSOP initializing ...
  initialization time : 5191.78s

-------------------------------------------------------------------------------
 Time   |#Trial |#Backup |LBound    |UBound    |Precision  |#Alphas |#Beliefs  
-------------------------------------------------------------------------------
 5191.78 0       0        -198.509   -187.775   10.734      101      1        
 5201.81 1       53       -192.429   -188.051   4.3776      17       28       
 5232.82 1       100      -192.429   -188.051   4.3776      19       75       
 5241.72 2       161      -191.751   -188.063   3.68811     30       82       
 5294.78 2       200      -191.751   -188.063   3.68811     24       121      
 5312.53 3       257      -191.236   -188.071   3.16544     31       130      
 5339.29 3       300      -191.236   -188.071   3.16544     29       173      
 5350.4  4       361      -190.77    -188.071   2.6985      40       182      
 5401.74 4       400      -190.77    -188.071   2.6985      47       221      
 5428.16 5       469      -190.454   -188.074   2.38051     42       236      
 5487.38 5       500      -190.454   -188.074   2.38051     62       267      
 5542.48 6       581      -190.019   -188.077   1.94195     27       292      
 5583.68 6       600      -190.019   -188.077   1.94195     31       311      
 5701.76 7       699      -189.902   -188.079   1.82274     28       351      
 5705.07 7       700      -189.902   -188.079   1.82274     25       352      
 5894.42 7       750      -189.902   -188.079   1.82274     21       402      
 5916.62 8       811      -189.703   -188.082   1.62156     19       407      
 6056.11 8       850      -189.703   -188.082   1.62156     20       446      
 6122.6  9       921      -189.613   -188.084   1.52919     17       461      
 6164.04 9       950      -189.613   -188.084   1.52919     21       487      
 6201.72 10      1033     -189.478   -188.084   1.39398     44       503      
 6258.98 10      1050     -189.478   -188.084   1.39398     44       520      
 6419.4  11      1151     -189.407   -188.085   1.32115     54       562      
 6423.63 11      1152     -189.407   -188.085   1.32115     55       563      
 6657.36 11      1200     -189.407   -188.085   1.32115     53       611      
 6707.91 12      1267     -189.381   -188.088   1.29344     53       620      
 6913.7  12      1300     -189.381   -188.088   1.29344     49       653      
 7082.46 13      1381     -189.325   -188.088   1.23646     51       677      
 7238.94 13      1400     -189.325   -188.088   1.23646     49       696      
 7567.74 14      1497     -189.28    -188.09    1.19023     56       735      
 7591.06 14      1500     -189.28    -188.09    1.19023     55       738      
 8086.12 14      1550     -189.28    -188.09    1.19023     50       788      
 8119.54 15      1611     -189.25    -188.091   1.15955     54       792      
 8563.84 15      1650     -189.25    -188.091   1.15955     48       831      
 8789.64 16      1723     -189.224   -188.093   1.13172     45       848      
 9188.53 16      1750     -189.224   -188.093   1.13172     41       875      
 9638.32 17      1833     -189.198   -188.093   1.10463     42       902      
 9914.12 17      1850     -189.198   -188.093   1.10463     44       919      
 10597.8 18      1947     -189.172   -188.094   1.07815     34       958      
-------------------------------------------------------------------------------

SARSOP finishing ...
  Preset timeout reached
  Timeout     : 10000.000000s
  Actual Time : 10597.790000s

-------------------------------------------------------------------------------
 Time   |#Trial |#Backup |LBound    |UBound    |Precision  |#Alphas |#Beliefs  
-------------------------------------------------------------------------------
 10597.8 18      1947     -189.172   -188.094   1.07815     34       958      
-------------------------------------------------------------------------------

Writing out policy ...
  output file : RAM4_large/3d4b401add.policyx

