
Loading the model ...
  input file   : /home/rstudio/RAM4_large/3d4fc24221.pomdpx
  loading time : 4.88s 

SARSOP initializing ...
  initialization time : 4759.78s

-------------------------------------------------------------------------------
 Time   |#Trial |#Backup |LBound    |UBound    |Precision  |#Alphas |#Beliefs  
-------------------------------------------------------------------------------
 4759.78 0       0        -282.905   -278.792   4.11261     101      1        
 4787.37 1       77       -281.042   -278.901   2.14092     24       40       
 4797.28 1       100      -281.042   -278.901   2.14092     32       63       
 4817.36 2       173      -280.484   -278.906   1.57816     21       88       
 4841.06 2       200      -280.484   -278.906   1.57816     40       115      
 4878.2  3       269      -280.295   -278.909   1.38622     29       136      
 4887.85 3       300      -280.295   -278.909   1.38622     37       167      
 4903.71 4       389      -280.119   -278.91    1.20918     71       196      
 4914.67 4       400      -280.119   -278.91    1.20918     73       207      
 4971    5       499      -280.048   -278.913   1.13505     91       251      
 4972.92 5       500      -280.048   -278.913   1.13505     84       252      
 5061.57 6       597      -279.951   -278.914   1.03734     79       300      
 5068.98 6       600      -279.951   -278.914   1.03734     77       303      
 5185.94 6       650      -279.951   -278.914   1.03734     66       353      
 5196.62 7       713      -279.825   -278.914   0.910337    33       358      
 5273.12 7       750      -279.825   -278.914   0.910337    23       395      
 5322.05 8       819      -279.779   -278.915   0.863648    24       411      
 5434.61 8       850      -279.779   -278.915   0.863648    27       442      
 5509.51 9       913      -279.721   -278.916   0.804563    29       458      
 5774.46 9       950      -279.721   -278.916   0.804563    19       495      
 5847.23 10      1009     -279.683   -278.917   0.766021    18       506      
 6160.84 10      1050     -279.683   -278.917   0.766021    23       547      
 6274.44 11      1123     -279.593   -278.918   0.675163    25       563      
 6354.37 11      1150     -279.593   -278.918   0.675163    25       590      
 6447.93 12      1227     -279.561   -278.919   0.642408    27       615      
 6559.63 12      1250     -279.561   -278.919   0.642408    27       638      
 6764.36 13      1333     -279.549   -278.919   0.629665    35       668      
 6912.65 13      1350     -279.549   -278.919   0.629665    31       685      
 7385.66 14      1449     -279.509   -278.921   0.588077    24       726      
 7390.98 14      1450     -279.509   -278.921   0.588077    25       727      
 7716.11 14      1500     -279.509   -278.921   0.588077    27       777      
 7745.29 15      1559     -279.493   -278.921   0.571628    29       781      
 8105.9  15      1600     -279.493   -278.921   0.571628    35       822      
 8263.29 16      1673     -279.487   -278.922   0.564802    30       838      
 8588.01 16      1700     -279.487   -278.922   0.564802    27       865      
 9022.46 17      1783     -279.48    -278.924   0.556467    31       893      
 9298.1  17      1800     -279.48    -278.924   0.556467    31       910      
 10057.9 18      1893     -279.474   -278.924   0.550533    37       948      
-------------------------------------------------------------------------------

SARSOP finishing ...
  Preset timeout reached
  Timeout     : 10000.000000s
  Actual Time : 10057.890000s

-------------------------------------------------------------------------------
 Time   |#Trial |#Backup |LBound    |UBound    |Precision  |#Alphas |#Beliefs  
-------------------------------------------------------------------------------
 10057.9 18      1893     -279.474   -278.924   0.550533    37       948      
-------------------------------------------------------------------------------

Writing out policy ...
  output file : RAM4_large/3d4fc24221.policyx

