
Loading the model ...
  input file   : /home/rstudio/RAM4_large/3d52cefaee.pomdpx
  loading time : 5.04s 

SARSOP initializing ...
  initialization time : 8157.82s

-------------------------------------------------------------------------------
 Time   |#Trial |#Backup |LBound    |UBound    |Precision  |#Alphas |#Beliefs  
-------------------------------------------------------------------------------
 8157.82 0       0        -453.646   -452.767   0.87959     101      1        
 8388.11 1       97       -453.498   -452.864   0.63443     43       50       
 8422.48 1       100      -453.498   -452.864   0.63443     44       53       
 8839.47 1       150      -453.498   -452.864   0.63443     26       103      
 8896.97 2       219      -453.463   -452.867   0.595595    25       111      
 9072.1  2       250      -453.463   -452.867   0.595595    20       142      
 9274.89 3       339      -453.436   -452.868   0.567904    16       171      
 9360.2  3       350      -453.436   -452.868   0.567904    19       182      
 9597.39 4       400      -453.436   -452.868   0.567904    14       212      
 9605.69 4       461      -453.419   -452.871   0.548113    18       213      
 9789.6  4       500      -453.419   -452.871   0.548113    20       252      
 9930.47 5       583      -453.412   -452.872   0.539205    23       274      
 10044   5       600      -453.412   -452.872   0.539205    24       291      
-------------------------------------------------------------------------------

SARSOP finishing ...
  Preset timeout reached
  Timeout     : 10000.000000s
  Actual Time : 10044.010000s

-------------------------------------------------------------------------------
 Time   |#Trial |#Backup |LBound    |UBound    |Precision  |#Alphas |#Beliefs  
-------------------------------------------------------------------------------
 10044   5       600      -453.412   -452.872   0.539205    24       291      
-------------------------------------------------------------------------------

Writing out policy ...
  output file : RAM4_large/3d52cefaee.policyx

