
Loading the model ...
  input file   : /home/rstudio/RAM4_large/3d5b3959e9.pomdpx
  loading time : 4.89s 

SARSOP initializing ...
  initialization time : 5953.31s

-------------------------------------------------------------------------------
 Time   |#Trial |#Backup |LBound    |UBound    |Precision  |#Alphas |#Beliefs  
-------------------------------------------------------------------------------
 5953.31 0       0        -208.282   -196.17    12.1118     101      1        
 5965.71 1       50       -200.952   -196.488   4.46427     27       35       
 6011.33 2       147      -200.443   -196.499   3.94448     30       75       
 6015.29 2       150      -200.443   -196.499   3.94448     32       78       
 6108.72 2       200      -200.443   -196.499   3.94448     15       128      
 6112.05 3       255      -199.937   -196.502   3.43552     20       129      
 6230.96 3       300      -199.937   -196.502   3.43552     26       174      
 6251.26 4       357      -199.53    -196.508   3.02181     22       180      
 6299.03 4       400      -199.53    -196.508   3.02181     17       223      
 6318.83 5       463      -199.033   -196.509   2.524       34       233      
 6393.77 5       500      -199.033   -196.509   2.524       41       270      
 6448.43 6       581      -198.852   -196.512   2.34005     56       292      
 6497.26 6       600      -198.852   -196.512   2.34005     51       311      
 6606.08 7       689      -198.62    -196.515   2.10506     40       346      
 6645.94 7       700      -198.62    -196.515   2.10506     42       357      
 6855.42 8       801      -198.518   -196.518   2.00078     30       402      
 6860.02 8       802      -198.518   -196.518   2.00078     31       403      
 7180.76 8       850      -198.518   -196.518   2.00078     39       451      
 7243.33 9       915      -198.426   -196.52    1.90633     28       459      
 7528.33 9       950      -198.426   -196.52    1.90633     23       494      
 7713.06 10      1027     -198.339   -196.523   1.81623     16       515      
 7916.25 10      1050     -198.339   -196.523   1.81623     17       538      
 8220.84 11      1137     -198.263   -196.524   1.73896     14       570      
 8339.45 11      1150     -198.263   -196.524   1.73896     17       583      
 8853.62 12      1249     -198.201   -196.526   1.67462     15       625      
 8853.9  12      1250     -198.201   -196.526   1.67462     15       625      
 8968.53 12      1300     -198.201   -196.526   1.67462     20       653      
 9010.02 13      1363     -198.054   -196.527   1.52719     32       659      
 9271.87 13      1400     -198.054   -196.527   1.52719     37       696      
 9492.73 14      1491     -198.025   -196.528   1.49738     44       723      
 9577.04 14      1500     -198.025   -196.528   1.49738     41       732      
 10051.1 14      1550     -198.025   -196.528   1.49738     38       782      
-------------------------------------------------------------------------------

SARSOP finishing ...
  Preset timeout reached
  Timeout     : 10000.000000s
  Actual Time : 10051.140000s

-------------------------------------------------------------------------------
 Time   |#Trial |#Backup |LBound    |UBound    |Precision  |#Alphas |#Beliefs  
-------------------------------------------------------------------------------
 10051.1 14      1550     -198.025   -196.528   1.49738     38       782      
-------------------------------------------------------------------------------

Writing out policy ...
  output file : RAM4_large/3d5b3959e9.policyx

