
Loading the model ...
  input file   : /home/rstudio/RAM4_large/3d631cdfe.pomdpx
  loading time : 4.80s 

SARSOP initializing ...
  initialization time : 8169.36s

-------------------------------------------------------------------------------
 Time   |#Trial |#Backup |LBound    |UBound    |Precision  |#Alphas |#Beliefs  
-------------------------------------------------------------------------------
 8169.36 0       0        -306.978   -298.754   8.2247      101      1        
 8233.92 1       97       -304.707   -299.046   5.66102     15       50       
 8239.59 1       100      -304.707   -299.046   5.66102     17       53       
 8363.71 2       197      -304.046   -299.055   4.9906      16       100      
 8371.66 2       200      -304.046   -299.055   4.9906      19       103      
 8550.02 2       250      -304.046   -299.055   4.9906      12       153      
 8553.46 3       305      -303.016   -299.059   3.95698     17       154      
 8696.11 3       350      -303.016   -299.059   3.95698     17       199      
 8773.57 4       427      -302.698   -299.064   3.63383     21       215      
 8867.54 4       450      -302.698   -299.064   3.63383     28       238      
 9079.28 5       549      -302.45    -299.067   3.38238     26       276      
 9084.95 5       550      -302.45    -299.067   3.38238     25       277      
 9434.18 5       600      -302.45    -299.067   3.38238     20       327      
 9509.38 6       667      -302.204   -299.07    3.13403     21       335      
 9743.63 6       700      -302.204   -299.07    3.13403     16       368      
 10017.6 7       787      -302.076   -299.073   3.0026      16       395      
-------------------------------------------------------------------------------

SARSOP finishing ...
  Preset timeout reached
  Timeout     : 10000.000000s
  Actual Time : 10017.570000s

-------------------------------------------------------------------------------
 Time   |#Trial |#Backup |LBound    |UBound    |Precision  |#Alphas |#Beliefs  
-------------------------------------------------------------------------------
 10017.6 7       787      -302.076   -299.073   3.0026      16       395      
-------------------------------------------------------------------------------

Writing out policy ...
  output file : RAM4_large/3d631cdfe.policyx

