
Loading the model ...
  input file   : /home/rstudio/RAM4_large/3d729b1cbd.pomdpx
  loading time : 4.98s 

SARSOP initializing ...
  initialization time : 9977.19s

-------------------------------------------------------------------------------
 Time   |#Trial |#Backup |LBound    |UBound    |Precision  |#Alphas |#Beliefs  
-------------------------------------------------------------------------------
 9977.19 0       0        -424.705   -424.393   0.311791    101      1        
 10031.2 0       50       -424.706   -424.603   0.102798    16       51       
-------------------------------------------------------------------------------

SARSOP finishing ...
  Preset timeout reached
  Timeout     : 10000.000000s
  Actual Time : 10031.190000s

-------------------------------------------------------------------------------
 Time   |#Trial |#Backup |LBound    |UBound    |Precision  |#Alphas |#Beliefs  
-------------------------------------------------------------------------------
 10031.2 0       50       -424.706   -424.603   0.102798    15       51       
-------------------------------------------------------------------------------

Writing out policy ...
  output file : RAM4_large/3d729b1cbd.policyx

