
Loading the model ...
  input file   : /home/rstudio/RAM4_large/3d762b8412.pomdpx
  loading time : 5.26s 

SARSOP initializing ...
  initialization time : 9229.16s

-------------------------------------------------------------------------------
 Time   |#Trial |#Backup |LBound    |UBound    |Precision  |#Alphas |#Beliefs  
-------------------------------------------------------------------------------
 9229.16 0       0        -1472.48   -1471.2    1.28219     101      1        
 9244.68 1       69       -1472.41   -1472.34   0.0675549   1        36       
 9290.39 1       100      -1472.41   -1472.34   0.0675549   1        67       
 9321.97 2       150      -1472.37   -1472.34   0.0275487   1        81       
 9377.29 3       203      -1472.35   -1472.34   0.0108058   1        103      
 9463.07 4       250      -1472.35   -1472.34   0.00389971  1        129      
 9495.29 6       281      -1472.34   -1472.34   -0.000525131 3        141      
-------------------------------------------------------------------------------

SARSOP finishing ...
  target precision reached
  target precision  : 0.000000
  precision reached : -0.000525 

-------------------------------------------------------------------------------
 Time   |#Trial |#Backup |LBound    |UBound    |Precision  |#Alphas |#Beliefs  
-------------------------------------------------------------------------------
 9495.29 6       281      -1472.34   -1472.34   -0.000525131 1        141      
-------------------------------------------------------------------------------

Writing out policy ...
  output file : RAM4_large/3d762b8412.policyx

