
Loading the model ...
  input file   : /home/rstudio/RAM4_large/3e24467bdd.pomdpx
  loading time : 4.85s 

SARSOP initializing ...
  initialization time : 6882.06s

-------------------------------------------------------------------------------
 Time   |#Trial |#Backup |LBound    |UBound    |Precision  |#Alphas |#Beliefs  
-------------------------------------------------------------------------------
 6882.06 0       0        -375.8     -373.178   2.6216      101      1        
 7001.03 0       50       -375.8     -373.307   2.49342     16       51       
 7005.99 1       101      -375.296   -373.317   1.97925     22       52       
 7281.26 1       150      -375.296   -373.317   1.97925     39       101      
 7314.04 2       205      -375.071   -373.322   1.74897     31       104      
 7575.4  2       250      -375.071   -373.322   1.74897     40       149      
 7591.04 3       301      -374.882   -373.322   1.56014     17       152      
 7808.25 4       397      -374.676   -373.324   1.35279     32       200      
 7812.07 4       400      -374.676   -373.324   1.35279     29       203      
 7896    4       450      -374.676   -373.324   1.35279     32       253      
 7899.51 5       505      -374.497   -373.325   1.17225     45       254      
 8004.1  5       550      -374.497   -373.325   1.17225     50       299      
 8066.71 6       635      -374.463   -373.328   1.13558     53       319      
 8115.52 6       650      -374.463   -373.328   1.13558     48       334      
 8306.14 7       761      -374.412   -373.329   1.08254     39       382      
 8311.11 7       762      -374.412   -373.329   1.08254     39       383      
 8490.06 7       800      -374.412   -373.329   1.08254     38       421      
 8622.91 8       887      -374.397   -373.331   1.06611     44       445      
 8701.35 8       900      -374.397   -373.331   1.06611     38       458      
 9028.16 9       1011     -374.368   -373.332   1.03602     34       507      
 9035.71 9       1012     -374.368   -373.332   1.03602     34       508      
 9367.98 9       1050     -374.368   -373.332   1.03602     40       546      
 9604.37 10      1133     -374.343   -373.333   1.01024     42       568      
 9780.45 10      1150     -374.343   -373.333   1.01024     35       585      
 10325.7 11      1257     -374.327   -373.336   0.991565    35       630      
-------------------------------------------------------------------------------

SARSOP finishing ...
  Preset timeout reached
  Timeout     : 10000.000000s
  Actual Time : 10325.710000s

-------------------------------------------------------------------------------
 Time   |#Trial |#Backup |LBound    |UBound    |Precision  |#Alphas |#Beliefs  
-------------------------------------------------------------------------------
 10325.7 11      1257     -374.327   -373.336   0.991565    35       630      
-------------------------------------------------------------------------------

Writing out policy ...
  output file : RAM4_large/3e24467bdd.policyx

