
Loading the model ...
  input file   : /home/rstudio/RAM4_large/3e2e95f6a0.pomdpx
  loading time : 4.59s 

SARSOP initializing ...
  initialization time : 3070.46s

-------------------------------------------------------------------------------
 Time   |#Trial |#Backup |LBound    |UBound    |Precision  |#Alphas |#Beliefs  
-------------------------------------------------------------------------------
 3070.46 0       0        -156.866   -151.439   5.42634     101      1        
 3072.33 0       50       -154.85    -151.586   3.26419     13       51       
 3074.18 1       125      -153.462   -151.586   1.87563     61       64       
 3079.98 1       150      -153.462   -151.586   1.87563     61       89       
 3085.84 2       200      -153.006   -151.594   1.41213     53       109      
 3097.34 3       261      -152.783   -151.6     1.18272     53       131      
 3105.94 3       300      -152.783   -151.6     1.18272     55       167      
 3119.54 4       397      -152.707   -151.6     1.10681     85       196      
 3121.45 4       400      -152.707   -151.6     1.10681     86       199      
 3148.08 5       483      -152.549   -151.601   0.948084    54       239      
 3161.78 5       500      -152.549   -151.601   0.948084    46       256      
 3181.61 6       559      -152.465   -151.603   0.861627    56       276      
 3197.42 6       600      -152.465   -151.603   0.861627    69       310      
 3207.05 7       691      -152.422   -151.603   0.818973    96       323      
 3214.95 7       700      -152.422   -151.603   0.818973    75       332      
 3245.48 8       769      -152.343   -151.604   0.738998    88       362      
 3282.77 8       800      -152.343   -151.604   0.738998    77       393      
 3297.35 9       857      -152.264   -151.607   0.657046    31       406      
 3344.02 10      937      -152.202   -151.608   0.593768    27       446      
 3360.49 10      950      -152.202   -151.608   0.593768    33       459      
 3393.83 11      1007     -152.147   -151.609   0.537621    27       481      
 3468.85 12      1050     -152.147   -151.609   0.537621    25       523      
 3481.3  12      1100     -152.087   -151.61    0.476563    33       531      
 3523.53 13      1161     -152.07    -151.611   0.458948    27       558      
 3580.44 14      1223     -152.042   -151.612   0.430022    36       589      
 3632.38 14      1250     -152.042   -151.612   0.430022    30       616      
 3651.71 15      1301     -152.002   -151.612   0.390115    35       628      
 3724.11 16      1383     -151.976   -151.613   0.362894    38       669      
 3757.38 16      1400     -151.976   -151.613   0.362894    37       686      
 3813.58 17      1467     -151.969   -151.614   0.355267    41       711      
 3888.47 17      1500     -151.969   -151.614   0.355267    37       744      
 3929.34 18      1550     -151.954   -151.615   0.339467    34       760      
 3982.05 19      1600     -151.949   -151.615   0.333552    44       779      
 4083.43 20      1673     -151.928   -151.616   0.311835    42       814      
 4142.63 20      1700     -151.928   -151.616   0.311835    40       841      
 4184.28 21      1750     -151.923   -151.617   0.306318    39       857      
 4268.87 22      1821     -151.905   -151.618   0.287446    37       888      
 4336.76 22      1850     -151.905   -151.618   0.287446    41       917      
 4376.39 23      1900     -151.894   -151.619   0.274924    41       932      
 4457.03 24      1965     -151.888   -151.619   0.269088    37       960      
 4563.06 25      2031     -151.884   -151.62    0.263941    44       993      
 4630.2  25      2050     -151.884   -151.62    0.263941    44       1012     
 4694.31 26      2107     -151.873   -151.62    0.252933    41       1031     
 4794.03 27      2173     -151.867   -151.621   0.246078    37       1064     
 4884.39 27      2200     -151.867   -151.621   0.246078    44       1091     
 4928.79 28      2251     -151.858   -151.621   0.236453    44       1103     
 5036.71 29      2315     -151.851   -151.622   0.229703    46       1135     
 5147.21 29      2350     -151.851   -151.622   0.229703    42       1170     
 5186.32 30      2400     -151.849   -151.622   0.226507    47       1182     
 5283.64 31      2459     -151.846   -151.622   0.223508    44       1206     
 5421.91 32      2523     -151.844   -151.622   0.221702    46       1238     
 5546.65 32      2550     -151.844   -151.622   0.221702    45       1265     
 5602.68 33      2605     -151.835   -151.623   0.21145     50       1279     
 5735.27 34      2675     -151.83    -151.624   0.205276    42       1313     
 5844.67 34      2700     -151.83    -151.624   0.205276    61       1338     
 5906.03 35      2759     -151.826   -151.625   0.200987    54       1354     
 6079.87 36      2835     -151.823   -151.625   0.198913    52       1391     
 6154.86 36      2850     -151.823   -151.625   0.198913    62       1406     
 6275    37      2911     -151.823   -151.625   0.198048    56       1429     
 6526.45 37      2950     -151.823   -151.625   0.198048    71       1468     
 6571.99 38      3000     -151.818   -151.625   0.192944    73       1476     
 6786.1  39      3067     -151.817   -151.625   0.191908    76       1506     
 7025.32 39      3100     -151.817   -151.625   0.191908    67       1539     
 7135.63 40      3150     -151.815   -151.626   0.18912     70       1553     
 7301.11 41      3209     -151.813   -151.626   0.187163    61       1576     
 7566.69 42      3279     -151.813   -151.626   0.186332    65       1610     
 7734.02 42      3300     -151.813   -151.626   0.186332    76       1631     
 7876.11 43      3355     -151.811   -151.626   0.184647    67       1647     
 8174.08 44      3423     -151.81    -151.626   0.184026    66       1680     
 8417.18 44      3450     -151.81    -151.626   0.184026    65       1707     
 8543.38 45      3500     -151.81    -151.626   0.183495    65       1720     
 8903.72 46      3581     -151.808   -151.626   0.181242    70       1757     
 9023.19 46      3600     -151.808   -151.626   0.181242    75       1776     
 9133.59 47      3650     -151.807   -151.627   0.180774    78       1792     
 9440.79 48      3719     -151.805   -151.627   0.178383    83       1825     
 9765.71 48      3750     -151.805   -151.627   0.178383    83       1856     
 9912.22 49      3800     -151.805   -151.627   0.177991    69       1868     
 10208.2 50      3861     -151.804   -151.627   0.176864    79       1895     
-------------------------------------------------------------------------------

SARSOP finishing ...
  Preset timeout reached
  Timeout     : 10000.000000s
  Actual Time : 10208.230000s

-------------------------------------------------------------------------------
 Time   |#Trial |#Backup |LBound    |UBound    |Precision  |#Alphas |#Beliefs  
-------------------------------------------------------------------------------
 10208.2 50      3861     -151.804   -151.627   0.176864    79       1895     
-------------------------------------------------------------------------------

Writing out policy ...
  output file : RAM4_large/3e2e95f6a0.policyx

