
Loading the model ...
  input file   : /home/rstudio/RAM4_large/3e3c6e4c90.pomdpx
  loading time : 5.16s 

SARSOP initializing ...
  initialization time : 13397.71s

-------------------------------------------------------------------------------
 Time   |#Trial |#Backup |LBound    |UBound    |Precision  |#Alphas |#Beliefs  
-------------------------------------------------------------------------------
 13397.7 0       0        -8171.86   -1107.03   7064.83     101      1        
-------------------------------------------------------------------------------

SARSOP finishing ...
  Preset timeout reached
  Timeout     : 10000.000000s
  Actual Time : 13398.110000s

-------------------------------------------------------------------------------
 Time   |#Trial |#Backup |LBound    |UBound    |Precision  |#Alphas |#Beliefs  
-------------------------------------------------------------------------------
 13398.1 0       1        -8137.95   -4898.81   3239.14     41       2        
-------------------------------------------------------------------------------

Writing out policy ...
  output file : RAM4_large/3e3c6e4c90.policyx

