
Loading the model ...
  input file   : /home/rstudio/RAM4_large/3e45e3d5c8.pomdpx
  loading time : 5.40s 

SARSOP initializing ...
  initialization time : 10386.88s

-------------------------------------------------------------------------------
 Time   |#Trial |#Backup |LBound    |UBound    |Precision  |#Alphas |#Beliefs  
-------------------------------------------------------------------------------
 10386.9 0       0        -1748.81   -402.449   1346.36     101      1        
-------------------------------------------------------------------------------

SARSOP finishing ...
  Preset timeout reached
  Timeout     : 10000.000000s
  Actual Time : 10387.710000s

-------------------------------------------------------------------------------
 Time   |#Trial |#Backup |LBound    |UBound    |Precision  |#Alphas |#Beliefs  
-------------------------------------------------------------------------------
 10387.7 0       1        -1748.61   -1748.55   0.0649515   12       2        
-------------------------------------------------------------------------------

Writing out policy ...
  output file : RAM4_large/3e45e3d5c8.policyx

