
Loading the model ...
  input file   : /home/rstudio/RAM4_large/3e45cc0970.pomdpx
  loading time : 4.98s 

SARSOP initializing ...
  initialization time : 13038.28s

-------------------------------------------------------------------------------
 Time   |#Trial |#Backup |LBound    |UBound    |Precision  |#Alphas |#Beliefs  
-------------------------------------------------------------------------------
 13038.3 0       0        -6014.28   -485.028   5529.26     101      1        
-------------------------------------------------------------------------------

SARSOP finishing ...
  Preset timeout reached
  Timeout     : 10000.000000s
  Actual Time : 13038.530000s

-------------------------------------------------------------------------------
 Time   |#Trial |#Backup |LBound    |UBound    |Precision  |#Alphas |#Beliefs  
-------------------------------------------------------------------------------
 13038.5 0       1        -5996.13   -4352.31   1643.81     39       2        
-------------------------------------------------------------------------------

Writing out policy ...
  output file : RAM4_large/3e45cc0970.policyx

