
Loading the model ...
  input file   : /home/rstudio/RAM4_large/3e4fc24221.pomdpx
  loading time : 4.87s 

SARSOP initializing ...
  initialization time : 6569.35s

-------------------------------------------------------------------------------
 Time   |#Trial |#Backup |LBound    |UBound    |Precision  |#Alphas |#Beliefs  
-------------------------------------------------------------------------------
 6569.35 0       0        -329.006   -326.184   2.82205     101      1        
 6653.56 0       50       -329.007   -326.379   2.6281      15       51       
 6660.32 1       103      -328.562   -326.394   2.16812     20       53       
 6801.26 1       150      -328.562   -326.394   2.16812     19       100      
 6817.17 2       205      -328.305   -326.4     1.90465     24       104      
 7022.43 2       250      -328.305   -326.4     1.90465     39       149      
 7060.51 3       307      -328.173   -326.403   1.77057     22       155      
 7401.08 3       350      -328.173   -326.403   1.77057     37       198      
 7487.48 4       407      -328.059   -326.405   1.65409     33       205      
 7978.48 4       450      -328.059   -326.405   1.65409     19       248      
 8046.11 5       503      -327.947   -326.407   1.53928     19       253      
 8112.26 5       550      -327.947   -326.407   1.53928     21       300      
 8119.11 6       603      -327.713   -326.408   1.30497     39       303      
 8222.65 6       650      -327.713   -326.408   1.30497     48       350      
 8270.89 7       729      -327.683   -326.41    1.27312     43       366      
 8337.28 7       750      -327.683   -326.41    1.27312     41       387      
 8485.65 8       851      -327.638   -326.412   1.22656     42       427      
 8490.11 8       852      -327.638   -326.412   1.22656     42       428      
 8703.53 8       900      -327.638   -326.412   1.22656     37       476      
 8773.98 9       973      -327.609   -326.413   1.1958      37       488      
 8928.42 9       1000     -327.609   -326.413   1.1958      38       515      
 9137.51 10      1095     -327.579   -326.415   1.16336     38       549      
 9173.36 10      1100     -327.579   -326.415   1.16336     41       554      
 9612.81 10      1150     -327.579   -326.415   1.16336     38       604      
 9703.71 11      1225     -327.529   -326.419   1.10945     20       614      
 9848.9  11      1250     -327.529   -326.419   1.10945     20       639      
 10026.1 12      1353     -327.522   -326.42    1.10156     22       661      
-------------------------------------------------------------------------------

SARSOP finishing ...
  Preset timeout reached
  Timeout     : 10000.000000s
  Actual Time : 10026.150000s

-------------------------------------------------------------------------------
 Time   |#Trial |#Backup |LBound    |UBound    |Precision  |#Alphas |#Beliefs  
-------------------------------------------------------------------------------
 10026.1 12      1353     -327.522   -326.42    1.10156     22       661      
-------------------------------------------------------------------------------

Writing out policy ...
  output file : RAM4_large/3e4fc24221.policyx

