
Loading the model ...
  input file   : /home/rstudio/RAM4_large/3e52cefaee.pomdpx
  loading time : 5.11s 

SARSOP initializing ...
  initialization time : 8838.79s

-------------------------------------------------------------------------------
 Time   |#Trial |#Backup |LBound    |UBound    |Precision  |#Alphas |#Beliefs  
-------------------------------------------------------------------------------
 8838.79 0       0        -1168.65   -196.607   972.041     101      1        
 8856.69 1       55       -1161.53   -1150.67   10.8584     34       29       
 8949.98 1       100      -1161.53   -1150.67   10.8584     48       74       
 8968.13 2       155      -1158.14   -1150.68   7.45847     68       79       
 9214.43 2       200      -1158.14   -1150.68   7.45847     55       124      
 9507.08 3       305      -1157.67   -1150.68   6.98305     64       154      
 9515.5  3       306      -1157.67   -1150.68   6.98305     54       155      
 9999.89 3       350      -1157.67   -1150.68   6.98305     48       199      
 10377.6 4       445      -1157      -1150.69   6.31094     52       224      
-------------------------------------------------------------------------------

SARSOP finishing ...
  Preset timeout reached
  Timeout     : 10000.000000s
  Actual Time : 10377.550000s

-------------------------------------------------------------------------------
 Time   |#Trial |#Backup |LBound    |UBound    |Precision  |#Alphas |#Beliefs  
-------------------------------------------------------------------------------
 10377.6 4       445      -1157      -1150.69   6.31094     52       224      
-------------------------------------------------------------------------------

Writing out policy ...
  output file : RAM4_large/3e52cefaee.policyx

