
Loading the model ...
  input file   : /home/rstudio/RAM4_large/3e61a9587f.pomdpx
  loading time : 5.17s 

SARSOP initializing ...
  initialization time : 12790.24s

-------------------------------------------------------------------------------
 Time   |#Trial |#Backup |LBound    |UBound    |Precision  |#Alphas |#Beliefs  
-------------------------------------------------------------------------------
 12790.2 0       0        -8056.31   -1278.47   6777.85     101      1        
-------------------------------------------------------------------------------

SARSOP finishing ...
  Preset timeout reached
  Timeout     : 10000.000000s
  Actual Time : 12790.490000s

-------------------------------------------------------------------------------
 Time   |#Trial |#Backup |LBound    |UBound    |Precision  |#Alphas |#Beliefs  
-------------------------------------------------------------------------------
 12790.5 0       1        -8028.62   -4999.51   3029.11     41       2        
-------------------------------------------------------------------------------

Writing out policy ...
  output file : RAM4_large/3e61a9587f.policyx

