
Loading the model ...
  input file   : /home/rstudio/RAM4_large/3e631cdfe.pomdpx
  loading time : 4.87s 

SARSOP initializing ...
  initialization time : 5575.53s

-------------------------------------------------------------------------------
 Time   |#Trial |#Backup |LBound    |UBound    |Precision  |#Alphas |#Beliefs  
-------------------------------------------------------------------------------
 5575.53 0       0        -179.271   -162.786   16.4846     101      1        
 5587.42 2       50       -168.408   -163.234   5.17413     34       38       
 5620.25 3       143      -167.749   -163.241   4.50839     42       73       
 5629.21 3       150      -167.749   -163.241   4.50839     38       80       
 5711.81 4       243      -166.994   -163.243   3.7503      28       123      
 5725.05 4       250      -166.994   -163.243   3.7503      27       130      
 5851.3  5       349      -166.472   -163.246   3.22595     27       175      
 5852.62 5       350      -166.472   -163.246   3.22595     24       176      
 5977.48 5       400      -166.472   -163.246   3.22595     29       226      
 5988.48 6       457      -165.98    -163.247   2.73244     42       229      
 6121.99 6       500      -165.98    -163.247   2.73244     31       272      
 6187.93 7       579      -165.821   -163.252   2.56961     42       290      
 6272.22 7       600      -165.821   -163.252   2.56961     32       311      
 6478.21 8       699      -165.672   -163.254   2.41818     36       350      
 6483.78 8       700      -165.672   -163.254   2.41818     37       351      
 6809.35 8       750      -165.672   -163.254   2.41818     20       401      
 6901.14 9       823      -165.553   -163.259   2.29431     23       412      
 7127.86 9       850      -165.553   -163.259   2.29431     19       439      
 7481.33 10      941      -165.441   -163.262   2.17916     25       471      
 7574.73 10      950      -165.441   -163.262   2.17916     16       480      
 8262.81 10      1000     -165.441   -163.262   2.17916     15       530      
 8291.41 11      1063     -165.356   -163.264   2.09265     17       532      
 8793.14 11      1100     -165.356   -163.264   2.09265     19       569      
 9165.57 12      1187     -165.3     -163.265   2.03507     17       594      
 9314.28 12      1200     -165.3     -163.265   2.03507     13       607      
 10053.6 13      1309     -165.231   -163.265   1.96596     15       655      
-------------------------------------------------------------------------------

SARSOP finishing ...
  Preset timeout reached
  Timeout     : 10000.000000s
  Actual Time : 10053.640000s

-------------------------------------------------------------------------------
 Time   |#Trial |#Backup |LBound    |UBound    |Precision  |#Alphas |#Beliefs  
-------------------------------------------------------------------------------
 10053.6 13      1309     -165.231   -163.265   1.96596     15       655      
-------------------------------------------------------------------------------

Writing out policy ...
  output file : RAM4_large/3e631cdfe.policyx

