
Loading the model ...
  input file   : /home/rstudio/RAM4_large/3e762b8412.pomdpx
  loading time : 5.07s 

SARSOP initializing ...
  initialization time : 14898.04s

-------------------------------------------------------------------------------
 Time   |#Trial |#Backup |LBound    |UBound    |Precision  |#Alphas |#Beliefs  
-------------------------------------------------------------------------------
 14898   0       0        -7888.9    -478.567   7410.34     101      1        
-------------------------------------------------------------------------------

SARSOP finishing ...
  Preset timeout reached
  Timeout     : 10000.000000s
  Actual Time : 14898.420000s

-------------------------------------------------------------------------------
 Time   |#Trial |#Backup |LBound    |UBound    |Precision  |#Alphas |#Beliefs  
-------------------------------------------------------------------------------
 14898.4 0       1        -7830.93   -4126.61   3704.32     37       2        
-------------------------------------------------------------------------------

Writing out policy ...
  output file : RAM4_large/3e762b8412.policyx

