
Loading the model ...
  input file   : /home/rstudio/RAM4_large/3e7d3ac14e.pomdpx
  loading time : 5.27s 

SARSOP initializing ...
  initialization time : 10983.33s

-------------------------------------------------------------------------------
 Time   |#Trial |#Backup |LBound    |UBound    |Precision  |#Alphas |#Beliefs  
-------------------------------------------------------------------------------
 10983.3 0       0        -1263.75   -1175.31   88.4415     101      1        
-------------------------------------------------------------------------------

SARSOP finishing ...
  Preset timeout reached
  Timeout     : 10000.000000s
  Actual Time : 10983.570000s

-------------------------------------------------------------------------------
 Time   |#Trial |#Backup |LBound    |UBound    |Precision  |#Alphas |#Beliefs  
-------------------------------------------------------------------------------
 10983.6 0       1        -1263.75   -1263.58   0.172072    1        2        
-------------------------------------------------------------------------------

Writing out policy ...
  output file : RAM4_large/3e7d3ac14e.policyx

