
Loading the model ...
  input file   : /home/rstudio/RAM4_large/3f18269019.pomdpx
  loading time : 5.06s 

SARSOP initializing ...
  initialization time : 4017.99s

-------------------------------------------------------------------------------
 Time   |#Trial |#Backup |LBound    |UBound    |Precision  |#Alphas |#Beliefs  
-------------------------------------------------------------------------------
 4017.99 0       0        -5349.08   -5348.66   0.418738    101      1        
 4028.89 1       50       -5348.82   -5348.68   0.136816    2        27       
 4060.35 2       100      -5348.74   -5348.69   0.0530907   1        58       
 4096.32 4       150      -5348.69   -5348.69   0.00537458  1        78       
 4104.69 5       163      -5348.69   -5348.69   -0.000168178 1        82       
-------------------------------------------------------------------------------

SARSOP finishing ...
  target precision reached
  target precision  : 0.000000
  precision reached : -0.000168 

-------------------------------------------------------------------------------
 Time   |#Trial |#Backup |LBound    |UBound    |Precision  |#Alphas |#Beliefs  
-------------------------------------------------------------------------------
 4104.69 5       163      -5348.69   -5348.69   -0.000168178 1        82       
-------------------------------------------------------------------------------

Writing out policy ...
  output file : RAM4_large/3f18269019.policyx

