
Loading the model ...
  input file   : /home/rstudio/RAM4_large/3f24467bdd.pomdpx
  loading time : 4.82s 

SARSOP initializing ...
  initialization time : 4468.08s

-------------------------------------------------------------------------------
 Time   |#Trial |#Backup |LBound    |UBound    |Precision  |#Alphas |#Beliefs  
-------------------------------------------------------------------------------
 4468.08 0       0        -181.892   -172.389   9.50287     101      1        
 4472.93 1       85       -176.26    -172.628   3.63151     45       44       
 4477.78 1       100      -176.26    -172.628   3.63151     60       59       
 4497.51 2       181      -175.691   -172.641   3.04967     55       92       
 4513.71 2       200      -175.691   -172.641   3.04967     56       111      
 4543.93 3       277      -174.916   -172.647   2.26941     22       140      
 4564.4  3       300      -174.916   -172.647   2.26941     23       163      
 4595.16 4       373      -174.626   -172.649   1.97671     25       187      
 4606.09 4       400      -174.626   -172.649   1.97671     27       205      
 4630.61 5       487      -174.4     -172.649   1.75084     57       235      
 4646.67 5       500      -174.4     -172.649   1.75084     64       248      
 4713.46 6       599      -174.261   -172.656   1.60505     75       291      
 4715.48 6       600      -174.261   -172.656   1.60505     74       292      
 4815.29 6       650      -174.261   -172.656   1.60505     84       342      
 4822.73 7       705      -174.172   -172.658   1.51434     68       344      
 4945.47 7       750      -174.172   -172.658   1.51434     65       389      
 4966.58 8       809      -174.07    -172.659   1.41051     58       396      
 5140.96 8       850      -174.07    -172.659   1.41051     55       437      
 5163.5  9       903      -173.986   -172.661   1.32423     50       442      
 5203.52 9       950      -173.986   -172.661   1.32423     23       469      
 5219.48 10      1023     -173.841   -172.662   1.17976     53       476      
 5309.07 10      1050     -173.841   -172.662   1.17976     56       503      
 5414.71 11      1133     -173.767   -172.663   1.10394     56       531      
 5486.48 11      1150     -173.767   -172.663   1.10394     62       548      
 5633.34 12      1239     -173.715   -172.667   1.04773     62       584      
 5676.3  12      1250     -173.715   -172.667   1.04773     59       595      
 5890.72 13      1353     -173.627   -172.669   0.957789    25       641      
 5894.63 13      1354     -173.627   -172.669   0.957789    26       642      
 6143.15 13      1400     -173.627   -172.669   0.957789    23       688      
 6202.01 14      1465     -173.594   -172.67    0.924402    32       697      
 6482.97 14      1500     -173.594   -172.67    0.924402    30       732      
 6647.89 15      1573     -173.565   -172.671   0.894554    32       751      
 6928.88 15      1600     -173.565   -172.671   0.894554    35       778      
 7257.47 16      1681     -173.534   -172.672   0.861871    39       805      
 7485.77 16      1700     -173.534   -172.672   0.861871    24       824      
 7934.39 17      1785     -173.516   -172.673   0.843423    24       857      
 8128.57 17      1800     -173.516   -172.673   0.843423    23       872      
 8685.48 18      1885     -173.491   -172.673   0.81803     25       907      
 8916.45 18      1900     -173.491   -172.673   0.81803     29       922      
 9376.2  19      1987     -173.473   -172.676   0.797187    25       957      
 9411.09 19      2000     -173.473   -172.676   0.797187    34       970      
 9531.28 20      2107     -173.426   -172.676   0.750442    64       1002     
 9536.96 20      2108     -173.426   -172.676   0.750442    64       1003     
 9801.58 20      2150     -173.426   -172.676   0.750442    70       1045     
 9898.24 21      2219     -173.412   -172.678   0.734168    61       1057     
 10129.5 21      2250     -173.412   -172.678   0.734168    63       1088     
-------------------------------------------------------------------------------

SARSOP finishing ...
  Preset timeout reached
  Timeout     : 10000.000000s
  Actual Time : 10129.550000s

-------------------------------------------------------------------------------
 Time   |#Trial |#Backup |LBound    |UBound    |Precision  |#Alphas |#Beliefs  
-------------------------------------------------------------------------------
 10129.5 21      2250     -173.412   -172.678   0.734168    63       1088     
-------------------------------------------------------------------------------

Writing out policy ...
  output file : RAM4_large/3f24467bdd.policyx

