
Loading the model ...
  input file   : /home/rstudio/RAM4_large/3f28dc28c3.pomdpx
  loading time : 4.84s 

SARSOP initializing ...
  initialization time : 7099.44s

-------------------------------------------------------------------------------
 Time   |#Trial |#Backup |LBound    |UBound    |Precision  |#Alphas |#Beliefs  
-------------------------------------------------------------------------------
 7099.44 0       0        -267.558   -257.67    9.88805     101      1        
 7141.7  1       87       -263.075   -257.925   5.14907     12       45       
 7153.35 1       100      -263.075   -257.925   5.14907     17       58       
 7254.78 2       201      -262.375   -257.936   4.43886     21       102      
 7256.57 2       202      -262.375   -257.936   4.43886     22       103      
 7377.95 2       250      -262.375   -257.936   4.43886     37       151      
 7402.45 3       313      -261.929   -257.944   3.98504     23       158      
 7523.03 3       350      -261.929   -257.944   3.98504     34       195      
 7603.08 4       423      -261.62    -257.947   3.67313     22       213      
 7636.38 4       450      -261.62    -257.947   3.67313     25       240      
 7706.66 5       531      -261.072   -257.947   3.125       39       267      
 7758.57 5       550      -261.072   -257.947   3.125       37       286      
 7886.49 6       647      -260.72    -257.95    2.77023     34       325      
 7897.67 6       650      -260.72    -257.95    2.77023     33       328      
 8110.26 6       700      -260.72    -257.95    2.77023     41       378      
 8148.41 7       767      -260.583   -257.953   2.63049     34       385      
 8329.58 7       800      -260.583   -257.953   2.63049     32       418      
 8505.18 8       885      -260.451   -257.955   2.49606     30       444      
 8616.15 8       900      -260.451   -257.955   2.49606     31       459      
 9038.04 9       1003     -260.312   -257.957   2.35571     26       503      
 9048.17 9       1004     -260.312   -257.957   2.35571     27       504      
 9559.87 9       1050     -260.312   -257.957   2.35571     21       550      
 9707.41 10      1119     -260.225   -257.959   2.26657     22       561      
 10053.2 10      1150     -260.225   -257.959   2.26657     19       592      
-------------------------------------------------------------------------------

SARSOP finishing ...
  Preset timeout reached
  Timeout     : 10000.000000s
  Actual Time : 10053.170000s

-------------------------------------------------------------------------------
 Time   |#Trial |#Backup |LBound    |UBound    |Precision  |#Alphas |#Beliefs  
-------------------------------------------------------------------------------
 10053.2 10      1150     -260.225   -257.959   2.26657     19       592      
-------------------------------------------------------------------------------

Writing out policy ...
  output file : RAM4_large/3f28dc28c3.policyx

