
Loading the model ...
  input file   : /home/rstudio/RAM4_large/3f2b02c3b6.pomdpx
  loading time : 5.06s 

SARSOP initializing ...
  initialization time : 6519.70s

-------------------------------------------------------------------------------
 Time   |#Trial |#Backup |LBound    |UBound    |Precision  |#Alphas |#Beliefs  
-------------------------------------------------------------------------------
 6519.7  0       0        -383.418   -380.46    2.9583      101      1        
 6624.9  1       50       -383.419   -380.57    2.84878     12       50       
 6633.95 1       100      -382.8     -380.578   2.22169     18       52       
 6839.64 2       150      -382.8     -380.578   2.22169     31       101      
 6846.36 2       201      -382.554   -380.579   1.97483     12       102      
 7143.3  3       295      -382.3     -380.58    1.71912     34       149      
 7152.55 3       300      -382.3     -380.58    1.71912     28       154      
 7205.66 4       397      -382.008   -380.582   1.42587     43       200      
 7210.99 4       400      -382.008   -380.582   1.42587     45       203      
 7327.57 4       450      -382.008   -380.582   1.42587     43       253      
 7350.95 5       515      -381.869   -380.586   1.2828      34       259      
 7499.28 5       550      -381.869   -380.586   1.2828      36       294      
 7652.71 6       631      -381.809   -380.589   1.22061     36       317      
 7803.64 6       650      -381.809   -380.589   1.22061     39       336      
 8141.5  7       741      -381.719   -380.59    1.12897     36       372      
 8239.74 7       750      -381.719   -380.59    1.12897     36       381      
 8866.02 8       800      -381.719   -380.59    1.12897     35       430      
 8886.33 8       859      -381.676   -380.591   1.08555     32       431      
 9503.37 8       900      -381.676   -380.591   1.08555     33       472      
 9792.12 9       973      -381.648   -380.592   1.05544     40       488      
 10297.8 9       1000     -381.648   -380.592   1.05544     34       515      
-------------------------------------------------------------------------------

SARSOP finishing ...
  Preset timeout reached
  Timeout     : 10000.000000s
  Actual Time : 10297.830000s

-------------------------------------------------------------------------------
 Time   |#Trial |#Backup |LBound    |UBound    |Precision  |#Alphas |#Beliefs  
-------------------------------------------------------------------------------
 10297.8 9       1000     -381.648   -380.592   1.05544     34       515      
-------------------------------------------------------------------------------

Writing out policy ...
  output file : RAM4_large/3f2b02c3b6.policyx

