
Loading the model ...
  input file   : /home/rstudio/RAM4_large/3f2dea60e5.pomdpx
  loading time : 4.55s 

SARSOP initializing ...
  initialization time : 2833.29s

-------------------------------------------------------------------------------
 Time   |#Trial |#Backup |LBound    |UBound    |Precision  |#Alphas |#Beliefs  
-------------------------------------------------------------------------------
 2833.29 0       0        -163.161   -158.285   4.87576     101      1        
 2835.16 1       65       -161.373   -158.412   2.96102     30       34       
 2841.75 1       100      -161.373   -158.412   2.96102     31       69       
 2843.85 2       150      -160.611   -158.419   2.19237     34       78       
 2853.76 2       200      -160.611   -158.419   2.19237     65       128      
 2858.72 3       277      -160.488   -158.419   2.06905     77       139      
 2868.92 3       300      -160.488   -158.419   2.06905     83       162      
 2882.07 4       371      -160.04    -158.423   1.61754     31       185      
 2890.07 4       400      -160.04    -158.423   1.61754     46       211      
 2907.51 5       503      -159.968   -158.423   1.54588     72       248      
 2908.35 5       504      -159.968   -158.423   1.54588     73       249      
 2941.25 5       550      -159.968   -158.423   1.54588     59       295      
 2943.58 6       601      -159.695   -158.425   1.26986     28       297      
 2987.61 7       687      -159.468   -158.427   1.0404      35       340      
 3000    7       700      -159.468   -158.427   1.0404      29       353      
 3031.86 8       771      -159.259   -158.429   0.830724    26       382      
 3065.59 8       800      -159.259   -158.429   0.830724    25       411      
 3085.58 9       863      -159.164   -158.43    0.733627    30       428      
 3132.92 10      935      -159.093   -158.431   0.661814    29       464      
 3156.15 10      950      -159.093   -158.431   0.661814    28       479      
 3196.08 11      1019     -159.017   -158.432   0.585       32       506      
 3246.07 11      1050     -159.017   -158.432   0.585       28       537      
 3261.93 12      1101     -158.966   -158.433   0.532903    29       547      
 3320.47 13      1167     -158.911   -158.434   0.477386    34       580      
 3391.25 13      1200     -158.911   -158.434   0.477386    28       613      
 3409.34 14      1251     -158.872   -158.434   0.437767    31       622      
 3487.71 15      1321     -158.86    -158.435   0.425149    37       657      
 3561.27 15      1350     -158.86    -158.435   0.425149    31       686      
 3598.78 16      1400     -158.827   -158.436   0.390641    28       701      
 3668.78 17      1463     -158.787   -158.437   0.350502    31       728      
 3766.21 18      1531     -158.777   -158.437   0.339853    32       762      
 3840.28 18      1550     -158.777   -158.437   0.339853    28       781      
 3909.2  19      1607     -158.755   -158.438   0.317499    35       800      
 4021.29 20      1681     -158.735   -158.438   0.297285    29       837      
 4083.34 20      1700     -158.735   -158.438   0.297285    29       856      
 4159.23 21      1750     -158.719   -158.439   0.28041     37       875      
 4286.23 22      1811     -158.713   -158.44    0.273114    33       902      
 4497.28 23      1881     -158.7     -158.441   0.25995     36       937      
 4587.55 23      1900     -158.7     -158.441   0.25995     35       956      
 4666.25 24      1953     -158.69    -158.441   0.249608    38       973      
 4807.93 25      2011     -158.683   -158.441   0.241466    45       1002     
 4988.26 26      2075     -158.68    -158.442   0.238718    41       1034     
 5137.33 26      2100     -158.68    -158.442   0.238718    42       1059     
 5292.41 27      2150     -158.673   -158.442   0.231276    44       1081     
 5392.36 28      2201     -158.663   -158.442   0.220689    41       1097     
 5554.04 29      2261     -158.66    -158.443   0.21727     40       1127     
 5719.89 30      2319     -158.655   -158.444   0.211109    35       1155     
 5930.07 31      2350     -158.655   -158.444   0.211109    39       1185     
 6120.11 31      2400     -158.652   -158.444   0.20877     43       1205     
 6256.81 32      2455     -158.64    -158.445   0.194768    51       1223     
 6454.16 33      2533     -158.636   -158.445   0.190837    51       1262     
 6544.14 33      2550     -158.636   -158.445   0.190837    53       1279     
 6637.13 34      2600     -158.634   -158.445   0.188528    53       1296     
 6813.89 35      2659     -158.632   -158.445   0.186514    59       1324     
 7016.45 36      2723     -158.628   -158.446   0.18214     51       1356     
 7199.94 36      2750     -158.628   -158.446   0.18214     53       1383     
 7349.46 37      2800     -158.627   -158.446   0.180277    56       1402     
 7475.23 38      2850     -158.624   -158.447   0.177786    53       1421     
 7720.98 39      2921     -158.62    -158.447   0.173425    50       1453     
 7935.15 39      2950     -158.62    -158.447   0.173425    55       1482     
 8085.26 40      3000     -158.619   -158.447   0.172083    54       1501     
 8255.1  41      3061     -158.615   -158.447   0.167642    57       1522     
 8473.9  42      3125     -158.613   -158.447   0.166221    55       1553     
 8668    42      3150     -158.613   -158.447   0.166221    56       1578     
 8805.83 43      3200     -158.613   -158.447   0.165442    56       1594     
 8997.97 44      3251     -158.612   -158.447   0.16453     53       1614     
 9302.65 45      3311     -158.611   -158.447   0.163643    57       1644     
 9685.26 46      3371     -158.608   -158.448   0.160487    54       1673     
 10131.7 46      3400     -158.608   -158.448   0.160487    57       1702     
-------------------------------------------------------------------------------

SARSOP finishing ...
  Preset timeout reached
  Timeout     : 10000.000000s
  Actual Time : 10131.720000s

-------------------------------------------------------------------------------
 Time   |#Trial |#Backup |LBound    |UBound    |Precision  |#Alphas |#Beliefs  
-------------------------------------------------------------------------------
 10131.7 46      3400     -158.608   -158.448   0.160487    57       1702     
-------------------------------------------------------------------------------

Writing out policy ...
  output file : RAM4_large/3f2dea60e5.policyx

