
Loading the model ...
  input file   : /home/rstudio/RAM4_large/3f3dbf3ef9.pomdpx
  loading time : 5.23s 

SARSOP initializing ...
  initialization time : 12969.19s

-------------------------------------------------------------------------------
 Time   |#Trial |#Backup |LBound    |UBound    |Precision  |#Alphas |#Beliefs  
-------------------------------------------------------------------------------
 12969.2 0       0        -1813.48   -290.273   1523.21     101      1        
-------------------------------------------------------------------------------

SARSOP finishing ...
  Preset timeout reached
  Timeout     : 10000.000000s
  Actual Time : 12969.540000s

-------------------------------------------------------------------------------
 Time   |#Trial |#Backup |LBound    |UBound    |Precision  |#Alphas |#Beliefs  
-------------------------------------------------------------------------------
 12969.5 0       1        -1813.24   -1805      8.24265     14       2        
-------------------------------------------------------------------------------

Writing out policy ...
  output file : RAM4_large/3f3dbf3ef9.policyx

