
Loading the model ...
  input file   : /home/rstudio/RAM4_large/3f44145e77.pomdpx
  loading time : 5.08s 

SARSOP initializing ...
  initialization time : 12902.14s

-------------------------------------------------------------------------------
 Time   |#Trial |#Backup |LBound    |UBound    |Precision  |#Alphas |#Beliefs  
-------------------------------------------------------------------------------
 12902.1 0       0        -2223.02   -223.451   1999.57     101      1        
-------------------------------------------------------------------------------

SARSOP finishing ...
  Preset timeout reached
  Timeout     : 10000.000000s
  Actual Time : 12902.410000s

-------------------------------------------------------------------------------
 Time   |#Trial |#Backup |LBound    |UBound    |Precision  |#Alphas |#Beliefs  
-------------------------------------------------------------------------------
 12902.4 0       1        -2221.39   -2195.67   25.7269     19       2        
-------------------------------------------------------------------------------

Writing out policy ...
  output file : RAM4_large/3f44145e77.policyx

