
Loading the model ...
  input file   : /home/rstudio/RAM4_large/3f45cc0970.pomdpx
  loading time : 5.33s 

SARSOP initializing ...
  initialization time : 14571.14s

-------------------------------------------------------------------------------
 Time   |#Trial |#Backup |LBound    |UBound    |Precision  |#Alphas |#Beliefs  
-------------------------------------------------------------------------------
 14571.1 0       0        -2415.3    -683.377   1731.92     101      1        
-------------------------------------------------------------------------------

SARSOP finishing ...
  Preset timeout reached
  Timeout     : 10000.000000s
  Actual Time : 14572.140000s

-------------------------------------------------------------------------------
 Time   |#Trial |#Backup |LBound    |UBound    |Precision  |#Alphas |#Beliefs  
-------------------------------------------------------------------------------
 14572.1 0       1        -2415.05   -2332.1    82.9415     15       2        
-------------------------------------------------------------------------------

Writing out policy ...
  output file : RAM4_large/3f45cc0970.policyx

