
Loading the model ...
  input file   : /home/rstudio/RAM4_large/3f4b401add.pomdpx
  loading time : 4.92s 

SARSOP initializing ...
  initialization time : 6405.66s

-------------------------------------------------------------------------------
 Time   |#Trial |#Backup |LBound    |UBound    |Precision  |#Alphas |#Beliefs  
-------------------------------------------------------------------------------
 6405.66 0       0        -640.092   -640.064   0.0272832   101      1        
 6412.33 1       69       -640.079   -640.069   0.0104345   1        36       
 6429.51 1       100      -640.079   -640.069   0.0104345   1        67       
 6439.2  2       155      -640.072   -640.069   0.00338229  1        79       
 6490.37 2       200      -640.072   -640.069   0.00338229  1        124      
 6501.81 3       259      -640.069   -640.069   9.59073e-05 1        131      
 6570.47 3       300      -640.069   -640.069   9.59073e-05 1        172      
 6605.89 4       379      -640.068   -640.069   -0.00114685 1        190      
 6605.89 4       379      -640.068   -640.069   -0.00114685 1        190      
-------------------------------------------------------------------------------

SARSOP finishing ...
  target precision reached
  target precision  : 0.000000
  precision reached : -0.001147 

-------------------------------------------------------------------------------
 Time   |#Trial |#Backup |LBound    |UBound    |Precision  |#Alphas |#Beliefs  
-------------------------------------------------------------------------------
 6605.89 4       379      -640.068   -640.069   -0.00114685 1        190      
-------------------------------------------------------------------------------

Writing out policy ...
  output file : RAM4_large/3f4b401add.policyx

