
Loading the model ...
  input file   : /home/rstudio/RAM4_large/3f52cefaee.pomdpx
  loading time : 5.12s 

SARSOP initializing ...
  initialization time : 8280.20s

-------------------------------------------------------------------------------
 Time   |#Trial |#Backup |LBound    |UBound    |Precision  |#Alphas |#Beliefs  
-------------------------------------------------------------------------------
 8280.2  0       0        -975.395   -975.157   0.237792    101      1        
 8294.89 1       73       -975.356   -975.322   0.0341961   1        38       
 8323.94 1       100      -975.356   -975.322   0.0341961   1        65       
 8347.95 2       150      -975.338   -975.323   0.0151196   1        79       
 8390.95 3       209      -975.33    -975.323   0.0067163   1        106      
 8446.31 4       257      -975.326   -975.323   0.00307441  1        130      
 8508.98 5       301      -975.325   -975.324   0.00103107  1        152      
 8547.36 8       327      -975.324   -975.324   -0.000374372 3        164      
-------------------------------------------------------------------------------

SARSOP finishing ...
  target precision reached
  target precision  : 0.000000
  precision reached : -0.000374 

-------------------------------------------------------------------------------
 Time   |#Trial |#Backup |LBound    |UBound    |Precision  |#Alphas |#Beliefs  
-------------------------------------------------------------------------------
 8547.36 8       327      -975.324   -975.324   -0.000374372 1        164      
-------------------------------------------------------------------------------

Writing out policy ...
  output file : RAM4_large/3f52cefaee.policyx

