
Loading the model ...
  input file   : /home/rstudio/RAM4_large/3f5b3959e9.pomdpx
  loading time : 4.93s 

SARSOP initializing ...
  initialization time : 11604.91s

-------------------------------------------------------------------------------
 Time   |#Trial |#Backup |LBound    |UBound    |Precision  |#Alphas |#Beliefs  
-------------------------------------------------------------------------------
 11604.9 0       0        -2590.36   -234.809   2355.56     101      1        
-------------------------------------------------------------------------------

SARSOP finishing ...
  Preset timeout reached
  Timeout     : 10000.000000s
  Actual Time : 11605.460000s

-------------------------------------------------------------------------------
 Time   |#Trial |#Backup |LBound    |UBound    |Precision  |#Alphas |#Beliefs  
-------------------------------------------------------------------------------
 11605.5 0       1        -2589.43   -2578.93   10.5001     23       2        
-------------------------------------------------------------------------------

Writing out policy ...
  output file : RAM4_large/3f5b3959e9.policyx

