
Loading the model ...
  input file   : /home/rstudio/RAM4_large/3f6e7adc7a.pomdpx
  loading time : 4.54s 

SARSOP initializing ...
  initialization time : 2500.69s

-------------------------------------------------------------------------------
 Time   |#Trial |#Backup |LBound    |UBound    |Precision  |#Alphas |#Beliefs  
-------------------------------------------------------------------------------
 2500.69 0       0        -141.321   -137.48    3.84048     101      1        
 2502.34 1       73       -139.605   -137.565   2.04092     35       38       
 2506.96 1       100      -139.605   -137.565   2.04092     62       65       
 2510.24 2       151      -139.017   -137.568   1.44813     44       76       
 2517.14 2       200      -139.017   -137.568   1.44813     83       125      
 2522.88 3       277      -138.953   -137.568   1.38485     74       139      
 2530.78 3       300      -138.953   -137.568   1.38485     90       162      
 2535.7  4       350      -138.745   -137.571   1.17462     92       172      
 2547.67 4       400      -138.745   -137.571   1.17462     137      208      
 2560.45 5       497      -138.604   -137.571   1.03377     72       229      
 2562.43 5       500      -138.604   -137.571   1.03377     73       232      
 2586.92 6       589      -138.451   -137.573   0.878856    54       275      
 2594.3  6       600      -138.451   -137.573   0.878856    35       286      
 2613.85 7       665      -138.275   -137.573   0.701904    61       313      
 2635.3  8       719      -138.2     -137.574   0.626546    53       339      
 2642.12 8       750      -138.2     -137.574   0.626546    62       355      
 2663.23 9       857      -138.174   -137.574   0.600284    60       392      
 2663.88 9       858      -138.174   -137.574   0.600284    58       393      
 2685.65 9       900      -138.174   -137.574   0.600284    77       435      
 2706.91 10      991      -138.145   -137.574   0.571232    74       459      
 2717.01 10      1000     -138.145   -137.574   0.571232    65       468      
 2749.14 11      1075     -138.082   -137.574   0.50781     28       501      
 2778.37 11      1100     -138.082   -137.574   0.50781     29       526      
 2795.5  12      1150     -138.023   -137.575   0.447371    29       542      
 2823.39 13      1205     -137.941   -137.576   0.365447    25       566      
 2868.89 14      1277     -137.906   -137.576   0.329598    29       602      
 2900.2  15      1319     -137.889   -137.577   0.311381    36       623      
 2943.25 16      1377     -137.858   -137.578   0.279848    39       652      
 2978.65 16      1400     -137.858   -137.578   0.279848    41       675      
 3009.71 17      1450     -137.829   -137.578   0.25113     33       693      
 3062.15 18      1500     -137.82    -137.579   0.240966    30       721      
 3125.93 19      1550     -137.811   -137.579   0.231602    33       754      
 3161.4  20      1600     -137.785   -137.58    0.204834    39       771      
 3198.87 21      1650     -137.774   -137.58    0.194328    36       789      
 3256.32 22      1707     -137.758   -137.58    0.177816    36       817      
 3314.9  23      1750     -137.754   -137.581   0.172998    43       839      
 3380.05 24      1800     -137.746   -137.581   0.16517     35       864      
 3440.68 25      1851     -137.739   -137.581   0.157934    38       889      
 3529.34 26      1900     -137.734   -137.582   0.152198    35       921      
 3600.86 27      1950     -137.726   -137.582   0.144124    35       945      
 3674.58 29      2007     -137.721   -137.583   0.138225    36       967      
 3750.04 30      2057     -137.711   -137.583   0.128078    40       992      
 3831.21 31      2100     -137.71    -137.584   0.126196    49       1015     
 3951.17 32      2150     -137.705   -137.584   0.121444    56       1047     
 4039.2  33      2200     -137.702   -137.584   0.117351    47       1070     
 4150.94 35      2265     -137.699   -137.585   0.114362    42       1096     
 4239.02 36      2300     -137.698   -137.585   0.112896    45       1115     
 4355.14 37      2350     -137.693   -137.586   0.106995    46       1138     
 4480.46 38      2400     -137.691   -137.586   0.10508     58       1169     
 4628.3  40      2475     -137.688   -137.586   0.102226    47       1199     
 4696.4  41      2509     -137.687   -137.586   0.100732    52       1216     
 4827.13 42      2550     -137.686   -137.586   0.099773    55       1240     
 4967.7  44      2613     -137.681   -137.587   0.0941035   54       1267     
 5117.66 45      2665     -137.678   -137.587   0.0910118   55       1293     
 5266.03 46      2719     -137.677   -137.587   0.0895727   49       1319     
 5364.56 47      2759     -137.676   -137.587   0.0886796   55       1339     
 5481.93 48      2800     -137.675   -137.588   0.0879129   61       1360     
 5709.88 49      2850     -137.675   -137.588   0.0871676   62       1391     
 5876.83 51      2909     -137.673   -137.588   0.0848926   58       1412     
 6089.49 52      2950     -137.673   -137.588   0.0844902   61       1435     
 6352.49 54      3017     -137.671   -137.588   0.0830506   69       1464     
 6595.94 55      3071     -137.669   -137.588   0.0810705   68       1490     
 6729.1  56      3111     -137.669   -137.588   0.0805832   63       1509     
 6851.48 57      3150     -137.669   -137.588   0.0802154   69       1528     
 7043.98 58      3200     -137.668   -137.588   0.0799091   79       1560     
 7228.99 60      3261     -137.667   -137.589   0.0783201   85       1583     
 7355.01 61      3300     -137.667   -137.589   0.0773449   95       1602     
 7588.64 62      3350     -137.666   -137.589   0.0768673   89       1632     
 7827.45 64      3417     -137.664   -137.59    0.074798    81       1659     
 7974.2  65      3459     -137.664   -137.59    0.0740119   84       1679     
 8149.09 66      3501     -137.663   -137.59    0.0736983   86       1699     
 8399.7  67      3550     -137.663   -137.59    0.0734424   92       1726     
 8717.42 68      3600     -137.663   -137.59    0.07305     89       1755     
 8951.77 70      3665     -137.662   -137.59    0.0721975   85       1778     
 9295.35 71      3700     -137.662   -137.59    0.0721975   82       1812     
 9384.24 71      3750     -137.661   -137.59    0.0708754   84       1827     
 9576.45 73      3821     -137.66    -137.59    0.0701423   94       1853     
 9798.96 74      3865     -137.66    -137.59    0.0699085   104      1874     
 10049.6 75      3907     -137.66    -137.59    0.0695991   106      1895     
-------------------------------------------------------------------------------

SARSOP finishing ...
  Preset timeout reached
  Timeout     : 10000.000000s
  Actual Time : 10049.570000s

-------------------------------------------------------------------------------
 Time   |#Trial |#Backup |LBound    |UBound    |Precision  |#Alphas |#Beliefs  
-------------------------------------------------------------------------------
 10049.6 75      3907     -137.66    -137.59    0.0695991   106      1895     
-------------------------------------------------------------------------------

Writing out policy ...
  output file : RAM4_large/3f6e7adc7a.policyx

