
Loading the model ...
  input file   : /home/rstudio/RAM4_large/3f6efed0ce.pomdpx
  loading time : 5.09s 

SARSOP initializing ...
  initialization time : 9312.35s

-------------------------------------------------------------------------------
 Time   |#Trial |#Backup |LBound    |UBound    |Precision  |#Alphas |#Beliefs  
-------------------------------------------------------------------------------
 9312.35 0       0        -297.027   -286.565   10.4618     101      1        
 9377.96 1       91       -293.759   -286.902   6.85682     10       47       
 9395.13 1       100      -293.759   -286.902   6.85682     12       56       
 9517.63 2       195      -292.933   -286.908   6.02445     12       99       
 9522.25 2       200      -292.933   -286.908   6.02445     11       104      
 9628.62 3       299      -291.658   -286.909   4.7492      29       151      
 9631.15 3       300      -291.658   -286.909   4.7492      24       152      
 9787.62 3       350      -291.658   -286.909   4.7492      23       202      
 9843.47 4       427      -291.299   -286.912   4.38717     30       215      
 9954.9  4       450      -291.299   -286.912   4.38717     32       238      
 10224.6 5       555      -290.984   -286.916   4.06834     26       279      
-------------------------------------------------------------------------------

SARSOP finishing ...
  Preset timeout reached
  Timeout     : 10000.000000s
  Actual Time : 10224.580000s

-------------------------------------------------------------------------------
 Time   |#Trial |#Backup |LBound    |UBound    |Precision  |#Alphas |#Beliefs  
-------------------------------------------------------------------------------
 10224.6 5       555      -290.984   -286.916   4.06834     26       279      
-------------------------------------------------------------------------------

Writing out policy ...
  output file : RAM4_large/3f6efed0ce.policyx

