
Loading the model ...
  input file   : /home/rstudio/RAM4_large/3f729b1cbd.pomdpx
  loading time : 4.55s 

SARSOP initializing ...
  initialization time : 10670.69s

-------------------------------------------------------------------------------
 Time   |#Trial |#Backup |LBound    |UBound    |Precision  |#Alphas |#Beliefs  
-------------------------------------------------------------------------------
 10670.7 0       0        -7834.51   -617.873   7216.63     101      1        
-------------------------------------------------------------------------------

SARSOP finishing ...
  Preset timeout reached
  Timeout     : 10000.000000s
  Actual Time : 10671.020000s

-------------------------------------------------------------------------------
 Time   |#Trial |#Backup |LBound    |UBound    |Precision  |#Alphas |#Beliefs  
-------------------------------------------------------------------------------
 10671   0       1        -7793.64   -5201.04   2592.6      48       2        
-------------------------------------------------------------------------------

Writing out policy ...
  output file : RAM4_large/3f729b1cbd.policyx

