
Loading the model ...
  input file   : /home/rstudio/RAM4_large/3f762b8412.pomdpx
  loading time : 4.98s 

SARSOP initializing ...
  initialization time : 8072.04s

-------------------------------------------------------------------------------
 Time   |#Trial |#Backup |LBound    |UBound    |Precision  |#Alphas |#Beliefs  
-------------------------------------------------------------------------------
 8072.04 0       0        -397.229   -394.676   2.55333     101      1        
 8216.47 0       50       -397.23    -394.812   2.41799     11       51       
 8243.78 1       109      -396.822   -394.822   1.99972     17       56       
 8438.62 1       150      -396.822   -394.822   1.99972     44       97       
 8545.24 2       229      -396.695   -394.827   1.86877     30       112      
 8662.5  2       250      -396.695   -394.827   1.86877     25       133      
 8806.76 3       349      -396.6     -394.828   1.77177     26       151      
 8815.98 3       350      -396.6     -394.828   1.77177     26       152      
 9412.3  3       400      -396.6     -394.828   1.77177     18       202      
 9515.8  4       465      -396.521   -394.83    1.69075     12       209      
 9993.97 4       500      -396.521   -394.83    1.69075     10       244      
 10331.6 5       575      -396.405   -394.831   1.57401     13       264      
-------------------------------------------------------------------------------

SARSOP finishing ...
  Preset timeout reached
  Timeout     : 10000.000000s
  Actual Time : 10331.590000s

-------------------------------------------------------------------------------
 Time   |#Trial |#Backup |LBound    |UBound    |Precision  |#Alphas |#Beliefs  
-------------------------------------------------------------------------------
 10331.6 5       575      -396.405   -394.831   1.57401     13       264      
-------------------------------------------------------------------------------

Writing out policy ...
  output file : RAM4_large/3f762b8412.policyx

