
Loading the model ...
  input file   : /home/rstudio/RAM4_large/3f7d3ac14e.pomdpx
  loading time : 5.15s 

SARSOP initializing ...
  initialization time : 6369.52s

-------------------------------------------------------------------------------
 Time   |#Trial |#Backup |LBound    |UBound    |Precision  |#Alphas |#Beliefs  
-------------------------------------------------------------------------------
 6369.52 0       0        -7786.93   -5372.06   2414.88     101      1        
 6372.33 0       50       -7786.32   -7357.18   429.14      45       8        
 6372.62 0       100      -7786.32   -7357.18   429.14      40       8        
 6407.08 1       269      -7680.81   -7358.42   322.39      16       32       
 6407.1  1       270      -7680.81   -7358.42   322.39      15       32       
 6408.77 1       271      -7680.81   -7358.42   322.39      15       33       
 6415.27 1       300      -7680.81   -7358.42   322.39      10       37       
 6415.47 1       350      -7680.81   -7358.42   322.39      8        37       
 6445.23 2       527      -7633.4    -7358.59   274.812     7        50       
 6447.43 2       528      -7633.4    -7358.59   274.812     7        51       
 6449.87 2       529      -7633.4    -7358.59   274.812     7        52       
 6454.41 2       550      -7633.4    -7358.59   274.812     8        54       
 6454.59 2       600      -7633.4    -7358.59   274.812     8        54       
 6479.55 2       650      -7633.4    -7358.59   274.812     9        63       
 6499.8  3       785      -7588.51   -7358.71   229.806     6        68       
 6499.83 3       786      -7588.51   -7358.71   229.806     6        68       
 6499.93 3       800      -7588.51   -7358.71   229.806     6        68       
 6500.15 3       850      -7588.51   -7358.71   229.806     6        68       
 6500.37 3       900      -7588.51   -7358.71   229.806     6        68       
 6543.02 4       1041     -7555.87   -7358.82   197.047     7        78       
 6543.06 4       1042     -7555.87   -7358.82   197.047     7        78       
 6560.96 4       1050     -7555.87   -7358.82   197.047     7        83       
 6561.2  4       1100     -7555.87   -7358.82   197.047     7        83       
 6567.48 4       1150     -7555.87   -7358.82   197.047     7        85       
 6624.64 5       1297     -7528.91   -7358.96   169.945     6        97       
 6628.8  5       1298     -7528.91   -7358.96   169.945     6        98       
 6637.17 5       1300     -7528.91   -7358.96   169.945     6        100      
 6639.84 5       1350     -7528.91   -7358.96   169.945     6        101      
 6640.04 5       1400     -7528.91   -7358.96   169.945     6        101      
 6715.23 6       1553     -7506.93   -7359.05   147.875     8        114      
 6720.68 6       1554     -7506.93   -7359.05   147.875     7        115      
 6726.35 6       1555     -7506.93   -7359.05   147.875     8        116      
 6735.35 6       1600     -7506.93   -7359.05   147.875     9        118      
 6735.66 6       1650     -7506.93   -7359.05   147.875     9        118      
 6839.54 7       1809     -7488.01   -7359.14   128.872     6        133      
 6839.61 7       1810     -7488.01   -7359.14   128.872     6        133      
 6846.02 7       1811     -7488.01   -7359.14   128.872     6        134      
 6863.72 7       1850     -7488.01   -7359.14   128.872     6        137      
 6882.36 7       1900     -7488.01   -7359.14   128.872     6        140      
 7048.9  8       2067     -7473.16   -7359.27   113.893     8        161      
 7048.97 8       2068     -7473.16   -7359.27   113.893     8        161      
 7049.06 8       2069     -7473.16   -7359.27   113.893     8        161      
 7049.29 8       2100     -7473.16   -7359.27   113.893     8        161      
 7049.6  8       2150     -7473.16   -7359.27   113.893     8        161      
 7252.36 9       2325     -7459.03   -7359.35   99.6856     7        185      
 7252.44 9       2326     -7459.03   -7359.35   99.6856     7        185      
 7252.52 9       2327     -7459.03   -7359.35   99.6856     7        185      
 7273.76 9       2350     -7459.03   -7359.35   99.6856     7        188      
 7274.05 9       2400     -7459.03   -7359.35   99.6856     7        188      
 7375.8  9       2450     -7459.03   -7359.35   99.6856     9        199      
 7404.1  10      2581     -7448.35   -7359.39   88.9603     7        201      
 7404.2  10      2582     -7448.35   -7359.39   88.9603     7        201      
 7404.38 10      2600     -7448.35   -7359.39   88.9603     7        201      
 7404.67 10      2650     -7448.35   -7359.39   88.9603     7        201      
 7512.88 10      2700     -7448.35   -7359.39   88.9603     9        212      
 7587.47 11      2839     -7438.41   -7359.44   78.9703     8        220      
 7587.57 11      2840     -7438.41   -7359.44   78.9703     8        220      
 7587.73 11      2850     -7438.41   -7359.44   78.9703     8        220      
 7588.05 11      2900     -7438.41   -7359.44   78.9703     8        220      
 7588.39 11      2950     -7438.41   -7359.44   78.9703     8        220      
 7725.67 12      3097     -7430.47   -7359.48   70.9893     8        233      
 7725.78 12      3098     -7430.47   -7359.48   70.9893     8        233      
 7738.92 12      3100     -7430.47   -7359.48   70.9893     8        234      
 7789.9  12      3150     -7430.47   -7359.48   70.9893     8        238      
 7790.29 12      3200     -7430.47   -7359.48   70.9893     8        238      
 8124.34 13      3351     -7423.74   -7359.54   64.1958     10       259      
 8140.24 13      3352     -7423.74   -7359.54   64.1958     11       260      
 8156.77 13      3353     -7423.74   -7359.54   64.1958     9        261      
 8189.26 13      3400     -7423.74   -7359.54   64.1958     10       263      
 8189.65 13      3450     -7423.74   -7359.54   64.1958     10       263      
 8451.12 14      3609     -7418.43   -7359.59   58.8452     10       276      
 8451.26 14      3610     -7418.43   -7359.59   58.8452     10       276      
 8469.64 14      3611     -7418.43   -7359.59   58.8452     10       277      
 8504.14 14      3650     -7418.43   -7359.59   58.8452     10       279      
 8516.93 14      3700     -7418.43   -7359.59   58.8452     10       280      
 8990.35 15      3867     -7413.4    -7359.63   53.7661     9        305      
 8990.5  15      3868     -7413.4    -7359.63   53.7661     9        305      
 8990.64 15      3869     -7413.4    -7359.63   53.7661     9        305      
 8990.97 15      3900     -7413.4    -7359.63   53.7661     9        305      
 8991.37 15      3950     -7413.4    -7359.63   53.7661     9        305      
 9417.94 16      4125     -7409.89   -7359.66   50.2349     10       325      
 9418.09 16      4126     -7409.89   -7359.66   50.2349     10       325      
 9418.25 16      4127     -7409.89   -7359.66   50.2349     10       325      
 9418.53 16      4150     -7409.89   -7359.66   50.2349     10       325      
 9418.92 16      4200     -7409.89   -7359.66   50.2349     10       325      
 9774.38 16      4250     -7409.89   -7359.66   50.2349     11       343      
 9829.89 17      4383     -7406.11   -7359.69   46.4224     11       345      
 9830.05 17      4384     -7406.11   -7359.69   46.4224     10       345      
 9848.92 17      4400     -7406.11   -7359.69   46.4224     10       346      
 9849.32 17      4450     -7406.11   -7359.69   46.4224     10       346      
 10210   17      4500     -7406.11   -7359.69   46.4224     12       367      
-------------------------------------------------------------------------------

SARSOP finishing ...
  Preset timeout reached
  Timeout     : 10000.000000s
  Actual Time : 10210.000000s

-------------------------------------------------------------------------------
 Time   |#Trial |#Backup |LBound    |UBound    |Precision  |#Alphas |#Beliefs  
-------------------------------------------------------------------------------
 10210   17      4500     -7406.11   -7359.69   46.4224     12       367      
-------------------------------------------------------------------------------

Writing out policy ...
  output file : RAM4_large/3f7d3ac14e.policyx

