
Loading the model ...
  input file   : /home/rstudio/RAM4_large/4028dc28c3.pomdpx
  loading time : 4.95s 

SARSOP initializing ...
  initialization time : 4662.21s

-------------------------------------------------------------------------------
 Time   |#Trial |#Backup |LBound    |UBound    |Precision  |#Alphas |#Beliefs  
-------------------------------------------------------------------------------
 4662.21 0       0        -176.308   -166.306   10.0019     101      1        
 4671.14 1       50       -170.505   -166.675   3.82976     29       37       
 4693.75 2       137      -169.782   -166.689   3.09292     27       70       
 4697.47 2       150      -169.782   -166.689   3.09292     31       83       
 4717.8  3       253      -169.503   -166.69    2.81318     54       128      
 4718.56 3       254      -169.503   -166.69    2.81318     54       129      
 4754.49 3       300      -169.503   -166.69    2.81318     55       175      
 4763.36 4       361      -169.222   -166.694   2.5277      64       182      
 4811.68 4       400      -169.222   -166.694   2.5277      65       221      
 4827.34 5       459      -168.858   -166.699   2.15953     46       231      
 4899.31 5       500      -168.858   -166.699   2.15953     55       272      
 4928.57 6       573      -168.535   -166.702   1.83287     43       288      
 4970.63 6       600      -168.535   -166.702   1.83287     43       315      
 5032.4  7       689      -168.41    -166.705   1.70433     28       346      
 5057.03 7       700      -168.41    -166.705   1.70433     25       357      
 5202.75 8       809      -168.237   -166.708   1.52868     22       406      
 5205.22 8       810      -168.237   -166.708   1.52868     23       407      
 5322.75 8       850      -168.237   -166.708   1.52868     20       447      
 5389.97 9       923      -168.154   -166.709   1.44426     19       463      
 5494.18 9       950      -168.154   -166.709   1.44426     24       490      
 5680.39 10      1043     -168.108   -166.711   1.39755     21       523      
 5715.6  10      1050     -168.108   -166.711   1.39755     26       530      
 6072.11 11      1100     -168.108   -166.711   1.39755     20       579      
 6081.26 11      1157     -168.059   -166.712   1.34759     21       580      
 6417.11 11      1200     -168.059   -166.712   1.34759     21       623      
 6520.14 12      1267     -168.017   -166.713   1.30421     21       635      
 6837.78 12      1300     -168.017   -166.713   1.30421     19       668      
 7073.53 13      1379     -167.959   -166.714   1.24537     21       691      
 7266.02 13      1400     -167.959   -166.714   1.24537     23       712      
 7589.85 14      1487     -167.925   -166.716   1.20934     21       744      
 7594.45 14      1500     -167.925   -166.716   1.20934     27       746      
 7741.06 15      1599     -167.852   -166.716   1.13587     54       789      
 7747.99 15      1600     -167.852   -166.716   1.13587     55       790      
 8065.85 15      1650     -167.852   -166.716   1.13587     50       840      
 8122.94 16      1719     -167.829   -166.717   1.11178     50       849      
 8311.15 16      1750     -167.829   -166.717   1.11178     55       880      
 8507.33 17      1839     -167.817   -166.72    1.097       61       909      
 8577.44 17      1850     -167.817   -166.72    1.097       64       920      
 8987.42 17      1900     -167.817   -166.72    1.097       56       970      
 8991.8  18      1963     -167.796   -166.72    1.07606     55       970      
 9365.25 18      2000     -167.796   -166.72    1.07606     54       1007     
 9564.55 19      2083     -167.78    -166.72    1.05962     52       1029     
 9714.99 19      2100     -167.78    -166.72    1.05962     58       1046     
 10132.6 20      2203     -167.768   -166.721   1.04777     56       1088     
-------------------------------------------------------------------------------

SARSOP finishing ...
  Preset timeout reached
  Timeout     : 10000.000000s
  Actual Time : 10132.610000s

-------------------------------------------------------------------------------
 Time   |#Trial |#Backup |LBound    |UBound    |Precision  |#Alphas |#Beliefs  
-------------------------------------------------------------------------------
 10132.6 20      2203     -167.768   -166.721   1.04777     56       1088     
-------------------------------------------------------------------------------

Writing out policy ...
  output file : RAM4_large/4028dc28c3.policyx

