
Loading the model ...
  input file   : /home/rstudio/RAM4_large/403c6e4c90.pomdpx
  loading time : 4.74s 

SARSOP initializing ...
  initialization time : 3646.67s

-------------------------------------------------------------------------------
 Time   |#Trial |#Backup |LBound    |UBound    |Precision  |#Alphas |#Beliefs  
-------------------------------------------------------------------------------
 3646.67 0       0        -224.417   -220.63    3.78763     101      1        
 3653.94 1       53       -222.54    -220.721   1.81956     35       28       
 3664.94 2       123      -222.166   -220.724   1.44156     65       63       
 3668.69 2       150      -222.166   -220.724   1.44156     64       90       
 3681.58 3       267      -222.044   -220.724   1.31915     96       135      
 3682.25 3       268      -222.044   -220.724   1.31915     97       136      
 3700.1  3       300      -222.044   -220.724   1.31915     99       168      
 3712.21 4       365      -221.793   -220.727   1.06581     40       184      
 3746.37 4       400      -221.793   -220.727   1.06581     52       219      
 3758.69 5       461      -221.64    -220.727   0.91238     66       232      
 3796.93 5       500      -221.64    -220.727   0.91238     52       271      
 3805.44 6       553      -221.478   -220.728   0.749696    52       278      
 3859.26 6       600      -221.478   -220.728   0.749696    38       325      
 3863.14 7       650      -221.385   -220.729   0.656215    43       327      
 3927.38 8       743      -221.321   -220.73    0.59128     32       373      
 3938.13 8       750      -221.321   -220.73    0.59128     31       380      
 3997.29 9       829      -221.25    -220.73    0.519451    28       416      
 4033.79 9       850      -221.25    -220.73    0.519451    26       437      
 4082.44 10      921      -221.208   -220.731   0.476938    34       462      
 4138.14 10      950      -221.208   -220.731   0.476938    27       491      
 4171.13 11      1011     -221.176   -220.733   0.443169    27       507      
 4249.37 11      1050     -221.176   -220.733   0.443169    21       546      
 4268.65 12      1100     -221.134   -220.733   0.400339    23       555      
 4332.6  13      1163     -221.099   -220.734   0.364979    26       583      
 4428.24 13      1200     -221.099   -220.734   0.364979    22       620      
 4448.04 14      1255     -221.069   -220.734   0.335242    31       629      
 4552.34 15      1335     -221.06    -220.735   0.325546    41       669      
 4603.3  15      1350     -221.06    -220.735   0.325546    31       684      
 4681.71 16      1405     -221.049   -220.735   0.313784    32       704      
 4872.38 17      1489     -221.018   -220.736   0.282262    32       746      
 4904.4  17      1500     -221.018   -220.736   0.282262    33       757      
 4995.63 18      1575     -221.003   -220.737   0.265665    24       789      
 5076.48 18      1600     -221.003   -220.737   0.265665    27       814      
 5123.95 19      1651     -220.997   -220.738   0.258774    27       827      
 5305.78 20      1721     -220.989   -220.738   0.250623    34       862      
 5504.48 20      1750     -220.989   -220.738   0.250623    30       891      
 5634.31 21      1800     -220.985   -220.739   0.246529    34       906      
 5911.76 22      1879     -220.969   -220.739   0.230415    44       941      
 5995.09 22      1900     -220.969   -220.739   0.230415    31       962      
 6060.7  23      1953     -220.958   -220.739   0.218743    45       978      
 6253.21 24      2043     -220.953   -220.74    0.212907    39       1023     
 6284.17 24      2050     -220.953   -220.74    0.212907    41       1030     
 6435.15 25      2121     -220.95    -220.74    0.209745    37       1062     
 6591.13 25      2150     -220.95    -220.74    0.209745    38       1091     
 6667.85 26      2200     -220.948   -220.741   0.206829    44       1104     
 6884.49 27      2269     -220.943   -220.741   0.201851    49       1136     
 7132.14 27      2300     -220.943   -220.741   0.201851    42       1167     
 7228.69 28      2357     -220.935   -220.741   0.193453    37       1180     
 7434.92 29      2435     -220.933   -220.742   0.191604    42       1219     
 7522.77 29      2450     -220.933   -220.742   0.191604    43       1234     
 7670.04 30      2511     -220.929   -220.742   0.186601    46       1257     
 7961.81 30      2550     -220.929   -220.742   0.186601    40       1296     
 8037.6  31      2600     -220.927   -220.742   0.184529    52       1306     
 8311.63 32      2671     -220.926   -220.743   0.183245    51       1337     
 8655.73 32      2700     -220.926   -220.743   0.183245    48       1366     
 8822.56 33      2761     -220.921   -220.743   0.178146    48       1382     
 9068.56 33      2800     -220.921   -220.743   0.178146    46       1421     
 9144.27 34      2850     -220.918   -220.744   0.174307    49       1431     
 9372.64 35      2921     -220.917   -220.744   0.17323     51       1461     
 9624.43 35      2950     -220.917   -220.744   0.17323     50       1490     
 9738.63 36      3003     -220.916   -220.744   0.171723    55       1502     
 10142.1 37      3081     -220.913   -220.744   0.168932    62       1541     
-------------------------------------------------------------------------------

SARSOP finishing ...
  Preset timeout reached
  Timeout     : 10000.000000s
  Actual Time : 10142.070000s

-------------------------------------------------------------------------------
 Time   |#Trial |#Backup |LBound    |UBound    |Precision  |#Alphas |#Beliefs  
-------------------------------------------------------------------------------
 10142.1 37      3081     -220.913   -220.744   0.168932    62       1541     
-------------------------------------------------------------------------------

Writing out policy ...
  output file : RAM4_large/403c6e4c90.policyx

