
Loading the model ...
  input file   : /home/rstudio/RAM4_large/4044145e77.pomdpx
  loading time : 4.90s 

SARSOP initializing ...
  initialization time : 8772.94s

-------------------------------------------------------------------------------
 Time   |#Trial |#Backup |LBound    |UBound    |Precision  |#Alphas |#Beliefs  
-------------------------------------------------------------------------------
 8772.94 0       0        -317.845   -309.23    8.6149      101      1        
 8843.49 1       50       -316.812   -309.498   7.31398     13       50       
 8848.43 1       100      -315.481   -309.51    5.97098     15       52       
 8989.81 2       197      -314.723   -309.519   5.20446     16       100      
 8997.62 2       200      -314.723   -309.519   5.20446     18       103      
 9190.61 3       299      -314.23    -309.522   4.70794     18       151      
 9192.04 3       300      -314.23    -309.522   4.70794     18       152      
 9354.09 4       350      -314.23    -309.522   4.70794     18       201      
 9358.43 4       401      -313.222   -309.523   3.69992     24       202      
 9535.01 4       450      -313.222   -309.523   3.69992     23       250      
 9608.45 5       529      -312.94    -309.526   3.41432     27       265      
 9722.77 5       550      -312.94    -309.526   3.41432     29       286      
 10043.6 6       657      -312.801   -309.528   3.27239     25       329      
-------------------------------------------------------------------------------

SARSOP finishing ...
  Preset timeout reached
  Timeout     : 10000.000000s
  Actual Time : 10043.630000s

-------------------------------------------------------------------------------
 Time   |#Trial |#Backup |LBound    |UBound    |Precision  |#Alphas |#Beliefs  
-------------------------------------------------------------------------------
 10043.6 6       657      -312.801   -309.528   3.27239     25       329      
-------------------------------------------------------------------------------

Writing out policy ...
  output file : RAM4_large/4044145e77.policyx

