
Loading the model ...
  input file   : /home/rstudio/RAM4_large/4045e3d5c8.pomdpx
  loading time : 4.73s 

SARSOP initializing ...
  initialization time : 4660.59s

-------------------------------------------------------------------------------
 Time   |#Trial |#Backup |LBound    |UBound    |Precision  |#Alphas |#Beliefs  
-------------------------------------------------------------------------------
 4660.59 0       0        -147.912   -130.131   17.7805     101      1        
 4670.7  2       50       -134.742   -130.582   4.16004     37       38       
 4695.77 3       139      -134.133   -130.589   3.54342     45       71       
 4707.06 3       150      -134.133   -130.589   3.54342     47       82       
 4759.57 4       237      -133.619   -130.592   3.02792     33       119      
 4769.37 4       250      -133.619   -130.592   3.02792     31       132      
 4826.64 5       343      -133.065   -130.593   2.47143     36       172      
 4836.45 5       350      -133.065   -130.593   2.47143     29       179      
 4928.95 5       400      -133.065   -130.593   2.47143     48       229      
 4937.54 6       463      -132.923   -130.597   2.32546     61       232      
 5032.09 6       500      -132.923   -130.597   2.32546     50       269      
 5094.01 7       577      -132.727   -130.6     2.12731     54       289      
 5168.07 7       600      -132.727   -130.6     2.12731     47       312      
 5302.62 8       691      -132.603   -130.604   1.99891     29       346      
 5342.39 8       700      -132.603   -130.604   1.99891     34       355      
 5562.65 9       799      -132.477   -130.607   1.87061     29       400      
 5568.64 9       800      -132.477   -130.607   1.87061     29       401      
 5884.38 9       850      -132.477   -130.607   1.87061     19       451      
 5936.54 10      913      -132.396   -130.609   1.78715     19       457      
 6210.91 10      950      -132.396   -130.609   1.78715     15       494      
 6362.1  11      1029     -132.316   -130.61    1.70567     19       514      
 6431.94 11      1050     -132.316   -130.61    1.70567     26       532      
 6666.19 12      1145     -132.197   -130.611   1.58601     31       569      
 6701.57 12      1150     -132.197   -130.611   1.58601     29       574      
 7051.19 12      1200     -132.197   -130.611   1.58601     32       624      
 7127.09 13      1273     -132.16    -130.612   1.54795     37       633      
 7305.52 13      1300     -132.16    -130.612   1.54795     37       660      
 7590.86 14      1397     -132.124   -130.613   1.51111     36       695      
 7616.88 14      1400     -132.124   -130.613   1.51111     38       698      
 8051.57 14      1450     -132.124   -130.613   1.51111     27       748      
 8130.65 15      1519     -132.076   -130.614   1.46221     34       756      
 8432.56 15      1550     -132.076   -130.614   1.46221     35       787      
 8729.48 16      1639     -132.041   -130.616   1.42531     28       816      
 8829.58 16      1650     -132.041   -130.616   1.42531     32       827      
 9393.16 17      1700     -132.041   -130.616   1.42531     29       876      
 9404.99 17      1761     -132.01    -130.617   1.39362     33       877      
 9856.75 17      1800     -132.01    -130.617   1.39362     32       916      
 10167.7 18      1885     -131.971   -130.617   1.35359     27       938      
-------------------------------------------------------------------------------

SARSOP finishing ...
  Preset timeout reached
  Timeout     : 10000.000000s
  Actual Time : 10167.730000s

-------------------------------------------------------------------------------
 Time   |#Trial |#Backup |LBound    |UBound    |Precision  |#Alphas |#Beliefs  
-------------------------------------------------------------------------------
 10167.7 18      1885     -131.971   -130.617   1.35359     27       938      
-------------------------------------------------------------------------------

Writing out policy ...
  output file : RAM4_large/4045e3d5c8.policyx

