
Loading the model ...
  input file   : /home/rstudio/RAM4_large/4045cc0970.pomdpx
  loading time : 5.13s 

SARSOP initializing ...
  initialization time : 12999.47s

-------------------------------------------------------------------------------
 Time   |#Trial |#Backup |LBound    |UBound    |Precision  |#Alphas |#Beliefs  
-------------------------------------------------------------------------------
 12999.5 0       0        -5119.83   -1403.67   3716.15     101      1        
-------------------------------------------------------------------------------

SARSOP finishing ...
  Preset timeout reached
  Timeout     : 10000.000000s
  Actual Time : 12999.810000s

-------------------------------------------------------------------------------
 Time   |#Trial |#Backup |LBound    |UBound    |Precision  |#Alphas |#Beliefs  
-------------------------------------------------------------------------------
 12999.8 0       1        -5119.36   -4130.65   988.71      29       2        
-------------------------------------------------------------------------------

Writing out policy ...
  output file : RAM4_large/4045cc0970.policyx

