
Loading the model ...
  input file   : /home/rstudio/RAM4_large/404b401add.pomdpx
  loading time : 4.87s 

SARSOP initializing ...
  initialization time : 7068.01s

-------------------------------------------------------------------------------
 Time   |#Trial |#Backup |LBound    |UBound    |Precision  |#Alphas |#Beliefs  
-------------------------------------------------------------------------------
 7068.01 0       0        -2624.33   -149       2475.33     101      1        
 7089.2  1       50       -2614.07   -2607.81   6.26719     52       30       
 7231.58 1       100      -2614.07   -2607.81   6.26719     73       80       
 7406.08 2       213      -2613.29   -2607.81   5.47453     99       108      
 7411.46 2       214      -2613.29   -2607.81   5.47453     96       109      
 7740.33 2       250      -2613.29   -2607.81   5.47453     62       145      
 8273.22 3       373      -2612.41   -2607.82   4.59675     88       188      
 8285.75 3       374      -2612.41   -2607.82   4.59675     79       189      
 8682.87 3       400      -2612.41   -2607.82   4.59675     43       215      
 9631.39 3       450      -2612.41   -2607.82   4.59675     63       265      
 9818.53 4       545      -2612.19   -2607.82   4.3688      61       274      
 9926.49 4       550      -2612.19   -2607.82   4.3688      51       279      
 11134.9 4       600      -2612.19   -2607.82   4.3688      39       329      
-------------------------------------------------------------------------------

SARSOP finishing ...
  Preset timeout reached
  Timeout     : 10000.000000s
  Actual Time : 11134.920000s

-------------------------------------------------------------------------------
 Time   |#Trial |#Backup |LBound    |UBound    |Precision  |#Alphas |#Beliefs  
-------------------------------------------------------------------------------
 11134.9 4       600      -2612.19   -2607.82   4.3688      39       329      
-------------------------------------------------------------------------------

Writing out policy ...
  output file : RAM4_large/404b401add.policyx

