
Loading the model ...
  input file   : /home/rstudio/RAM4_large/406efed0ce.pomdpx
  loading time : 4.75s 

SARSOP initializing ...
  initialization time : 9999.29s

-------------------------------------------------------------------------------
 Time   |#Trial |#Backup |LBound    |UBound    |Precision  |#Alphas |#Beliefs  
-------------------------------------------------------------------------------
 9999.29 0       0        -6399.8    -224.803   6174.99     101      1        
 10003.3 0       50       -6332.2    -5127.55   1204.64     79       13       
-------------------------------------------------------------------------------

SARSOP finishing ...
  Preset timeout reached
  Timeout     : 10000.000000s
  Actual Time : 10003.270000s

-------------------------------------------------------------------------------
 Time   |#Trial |#Backup |LBound    |UBound    |Precision  |#Alphas |#Beliefs  
-------------------------------------------------------------------------------
 10003.3 0       50       -6332.2    -5127.55   1204.64     79       13       
-------------------------------------------------------------------------------

Writing out policy ...
  output file : RAM4_large/406efed0ce.policyx

