
Loading the model ...
  input file   : /home/rstudio/RAM4_large/40729b1cbd.pomdpx
  loading time : 4.84s 

SARSOP initializing ...
  initialization time : 1436.48s

-------------------------------------------------------------------------------
 Time   |#Trial |#Backup |LBound    |UBound    |Precision  |#Alphas |#Beliefs  
-------------------------------------------------------------------------------
 1436.48 0       0        -9590.2    -8944.14   646.06      101      1        
 1447.38 0       50       -9589.38   -9548.83   40.541      66       26       
 1458.91 0       100      -9589.38   -9548.83   40.541      31       36       
 1521.47 1       253      -9566.75   -9550.78   15.9722     28       63       
 1523.25 1       254      -9566.75   -9550.78   15.9722     28       64       
 1525.93 1       255      -9566.75   -9550.78   15.9722     28       65       
 1556.58 1       300      -9566.75   -9550.78   15.9722     29       77       
 1620.31 1       350      -9566.75   -9550.78   15.9722     29       92       
 1809.24 1       400      -9566.75   -9550.78   15.9722     19       121      
 1818.21 2       549      -9559.23   -9551.15   8.08084     21       122      
 1822.6  2       550      -9559.23   -9551.15   8.08084     20       123      
 1829.4  2       551      -9559.23   -9551.15   8.08084     21       124      
 2001.82 2       600      -9559.23   -9551.15   8.08084     22       150      
 2588.65 2       650      -9559.23   -9551.15   8.08084     20       199      
 3548.02 3       841      -9556      -9551.6    4.39582     22       243      
 3561.54 3       842      -9556      -9551.6    4.39582     22       244      
 3585.8  3       843      -9556      -9551.6    4.39582     22       245      
 3653.07 3       850      -9556      -9551.6    4.39582     24       250      
 4301.97 3       900      -9556      -9551.6    4.39582     25       279      
 4958.73 3       950      -9556      -9551.6    4.39582     23       311      
 6730.4  4       1000     -9556      -9551.6    4.39582     23       360      
 6767.98 4       1159     -9555.16   -9551.86   3.30153     21       361      
 6788.2  4       1160     -9555.16   -9551.86   3.30153     22       362      
 6820.73 4       1161     -9555.16   -9551.86   3.30153     22       363      
 6916.74 4       1200     -9555.16   -9551.86   3.30153     24       367      
 8766.8  4       1250     -9555.16   -9551.86   3.30153     26       417      
 10955.9 4       1300     -9555.16   -9551.86   3.30153     26       466      
-------------------------------------------------------------------------------

SARSOP finishing ...
  Preset timeout reached
  Timeout     : 10000.000000s
  Actual Time : 10955.910000s

-------------------------------------------------------------------------------
 Time   |#Trial |#Backup |LBound    |UBound    |Precision  |#Alphas |#Beliefs  
-------------------------------------------------------------------------------
 10955.9 4       1300     -9555.16   -9551.86   3.30153     26       466      
-------------------------------------------------------------------------------

Writing out policy ...
  output file : RAM4_large/40729b1cbd.policyx

