
Loading the model ...
  input file   : /home/rstudio/RAM4_large/4076e2bb6f.pomdpx
  loading time : 4.78s 

SARSOP initializing ...
  initialization time : 4467.01s

-------------------------------------------------------------------------------
 Time   |#Trial |#Backup |LBound    |UBound    |Precision  |#Alphas |#Beliefs  
-------------------------------------------------------------------------------
 4467.01 0       0        -225.307   -220.076   5.23159     101      1        
 4484.75 1       77       -222.963   -220.209   2.75411     34       40       
 4493.2  1       100      -222.963   -220.209   2.75411     41       63       
 4514.71 2       179      -222.282   -220.214   2.06766     27       91       
 4527.65 2       200      -222.282   -220.214   2.06766     36       112      
 4558.05 3       283      -221.832   -220.218   1.61371     31       143      
 4570.78 3       300      -221.832   -220.218   1.61371     42       160      
 4601.86 4       381      -221.495   -220.219   1.27569     38       192      
 4621.66 4       400      -221.495   -220.219   1.27569     44       211      
 4674.57 5       483      -221.427   -220.22    1.20655     98       243      
 4712.69 5       500      -221.427   -220.22    1.20655     44       260      
 4795.18 6       585      -221.252   -220.222   1.02988     65       294      
 4815.37 6       600      -221.252   -220.222   1.02988     31       309      
 4868.03 7       677      -221.162   -220.223   0.939083    41       340      
 4915.1  7       700      -221.162   -220.223   0.939083    38       363      
 4980.01 8       781      -221.05    -220.226   0.823774    30       392      
 5014.61 8       800      -221.05    -220.226   0.823774    29       411      
 5088.53 9       887      -220.961   -220.227   0.734689    20       445      
 5114.1  9       900      -220.961   -220.227   0.734689    24       458      
 5204.4  10      993      -220.89    -220.227   0.662687    32       498      
 5219.49 10      1000     -220.89    -220.227   0.662687    27       505      
 5326.33 11      1091     -220.857   -220.228   0.628673    27       547      
 5355.97 11      1100     -220.857   -220.228   0.628673    27       556      
 5501.83 12      1193     -220.805   -220.23    0.575199    24       598      
 5520.69 12      1200     -220.805   -220.23    0.575199    27       605      
 5638.76 13      1291     -220.747   -220.23    0.51632     23       647      
 5665.49 13      1300     -220.747   -220.23    0.51632     26       656      
 5790.91 14      1383     -220.731   -220.231   0.499621    35       693      
 5866.53 14      1400     -220.731   -220.231   0.499621    29       710      
 6043.06 15      1483     -220.697   -220.232   0.465654    28       743      
 6106.37 15      1500     -220.697   -220.232   0.465654    33       760      
 6241.81 16      1577     -220.69    -220.233   0.457579    32       790      
 6355.3  16      1600     -220.69    -220.233   0.457579    27       813      
 6483.64 17      1669     -220.673   -220.233   0.439867    34       836      
 6697.77 17      1700     -220.673   -220.233   0.439867    26       867      
 6862.02 18      1767     -220.66    -220.234   0.426178    29       885      
 7205.77 18      1800     -220.66    -220.234   0.426178    29       918      
 7346.52 19      1859     -220.654   -220.234   0.419602    31       931      
 7850.7  19      1900     -220.654   -220.234   0.419602    26       972      
 7949.31 20      1950     -220.649   -220.235   0.413897    36       978      
 8582.6  21      2035     -220.641   -220.236   0.404259    31       1019     
 8809.64 21      2050     -220.641   -220.236   0.404259    40       1034     
 9404.19 22      2139     -220.611   -220.237   0.37363     41       1071     
 9474.05 22      2150     -220.611   -220.237   0.37363     38       1082     
 9755.16 23      2239     -220.607   -220.238   0.369793    33       1120     
 9859.09 23      2250     -220.607   -220.238   0.369793    41       1131     
 10287.7 24      2337     -220.604   -220.238   0.366188    37       1169     
-------------------------------------------------------------------------------

SARSOP finishing ...
  Preset timeout reached
  Timeout     : 10000.000000s
  Actual Time : 10287.660000s

-------------------------------------------------------------------------------
 Time   |#Trial |#Backup |LBound    |UBound    |Precision  |#Alphas |#Beliefs  
-------------------------------------------------------------------------------
 10287.7 24      2337     -220.604   -220.238   0.366188    37       1169     
-------------------------------------------------------------------------------

Writing out policy ...
  output file : RAM4_large/4076e2bb6f.policyx

