
Loading the model ...
  input file   : /home/rstudio/RAM4_large/407d3ac14e.pomdpx
  loading time : 4.78s 

SARSOP initializing ...
  initialization time : 2100.48s

-------------------------------------------------------------------------------
 Time   |#Trial |#Backup |LBound    |UBound    |Precision  |#Alphas |#Beliefs  
-------------------------------------------------------------------------------
 2100.48 0       0        -3069.34   -3068.91   0.426327    101      1        
 2104.78 1       81       -3069.05   -3068.92   0.126801    1        42       
 2108.73 1       100      -3069.05   -3068.92   0.126801    9        61       
 2116.16 3       165      -3068.95   -3068.92   0.0261284   1        84       
 2123.77 4       200      -3068.94   -3068.92   0.01261     1        102      
 2136.9  6       253      -3068.93   -3068.93   0.00225033  1        128      
 2143.61 8       277      -3068.93   -3068.93   -0.000166125 3        139      
-------------------------------------------------------------------------------

SARSOP finishing ...
  target precision reached
  target precision  : 0.000000
  precision reached : -0.000166 

-------------------------------------------------------------------------------
 Time   |#Trial |#Backup |LBound    |UBound    |Precision  |#Alphas |#Beliefs  
-------------------------------------------------------------------------------
 2143.61 8       277      -3068.93   -3068.93   -0.000166125 1        139      
-------------------------------------------------------------------------------

Writing out policy ...
  output file : RAM4_large/407d3ac14e.policyx

