
Loading the model ...
  input file   : /home/rstudio/RAM4_medium/3713aeef07.pomdpx
  loading time : 4.92s 

SARSOP initializing ...
  initialization time : 10152.59s

-------------------------------------------------------------------------------
 Time   |#Trial |#Backup |LBound    |UBound    |Precision  |#Alphas |#Beliefs  
-------------------------------------------------------------------------------
 10152.6 0       0        -3608.11   -170.777   3437.34     101      1        
-------------------------------------------------------------------------------

SARSOP finishing ...
  Preset timeout reached
  Timeout     : 10000.000000s
  Actual Time : 10152.730000s

-------------------------------------------------------------------------------
 Time   |#Trial |#Backup |LBound    |UBound    |Precision  |#Alphas |#Beliefs  
-------------------------------------------------------------------------------
 10152.7 0       1        -3570.39   -3461.65   108.737     33       2        
-------------------------------------------------------------------------------

Writing out policy ...
  output file : RAM4_medium/3713aeef07.policyx

