
Loading the model ...
  input file   : /home/rstudio/RAM4_medium/3713580c6a.pomdpx
  loading time : 5.12s 

SARSOP initializing ...
  initialization time : 8698.34s

-------------------------------------------------------------------------------
 Time   |#Trial |#Backup |LBound    |UBound    |Precision  |#Alphas |#Beliefs  
-------------------------------------------------------------------------------
 8698.34 0       0        -319.463   -313.879   5.58425     101      1        
 8735.95 0       50       -319.464   -314.258   5.20624     17       47       
 8749.13 1       117      -318.329   -314.259   4.06987     21       56       
 8757.52 1       150      -318.329   -314.259   4.06987     11       66       
 8782.25 2       241      -317.935   -314.261   3.67402     10       85       
 8790.78 2       250      -317.935   -314.261   3.67402     5        94       
 8793.11 2       300      -317.935   -314.261   3.67402     7        96       
 8797.68 3       369      -317.531   -314.262   3.26933     6        100      
 8810.84 3       400      -317.531   -314.262   3.26933     6        113      
 8823.07 4       495      -317.221   -314.262   2.95886     5        122      
 8828.3  4       500      -317.221   -314.262   2.95886     6        127      
 8833.9  4       550      -317.221   -314.262   2.95886     6        132      
 8842.76 5       625      -316.909   -314.262   2.64659     6        139      
 8858.09 5       650      -316.909   -314.262   2.64659     6        152      
 8874.28 6       759      -316.708   -314.262   2.44549     6        162      
 8875.65 6       760      -316.708   -314.262   2.44549     7        163      
 8885.36 6       800      -316.708   -314.262   2.44549     5        170      
 8900.57 7       895      -316.53    -314.263   2.2667      5        179      
 8900.64 7       900      -316.53    -314.263   2.2667      6        179      
 8905.55 7       950      -316.53    -314.263   2.2667      8        183      
 8909.97 8       1031     -316.41    -314.263   2.14719     6        186      
 8910.09 8       1050     -316.41    -314.263   2.14719     3        186      
 8948.43 9       1167     -316.274   -314.263   2.0103      5        208      
 8948.49 9       1168     -316.274   -314.263   2.0103      5        208      
 8948.64 9       1200     -316.274   -314.263   2.0103      4        208      
 8962.96 10      1305     -316.164   -314.263   1.90028     6        216      
 8963.02 10      1306     -316.164   -314.263   1.90028     6        216      
 8974.68 10      1350     -316.164   -314.263   1.90028     6        223      
 9001.57 11      1441     -316.056   -314.263   1.79278     6        236      
 9017.16 11      1450     -316.056   -314.263   1.79278     4        244      
 9018.9  11      1500     -316.056   -314.263   1.79278     4        245      
 9037.25 12      1579     -315.988   -314.264   1.72394     6        253      
 9061    12      1600     -315.988   -314.264   1.72394     6        264      
 9094.59 13      1713     -315.875   -314.264   1.61067     7        277      
 9094.67 13      1714     -315.875   -314.264   1.61067     7        277      
 9113.51 13      1750     -315.875   -314.264   1.61067     6        285      
 9173.5  14      1849     -315.824   -314.264   1.56026     8        306      
 9176.13 14      1850     -315.824   -314.264   1.56026     7        307      
 9191.72 14      1900     -315.824   -314.264   1.56026     6        313      
 9222.89 15      1985     -315.764   -314.265   1.49886     6        323      
 9235.49 15      2000     -315.764   -314.265   1.49886     5        328      
 9258.25 15      2050     -315.764   -314.265   1.49886     6        336      
 9264.3  16      2121     -315.682   -314.265   1.41702     7        338      
 9305.3  16      2150     -315.682   -314.265   1.41702     7        352      
 9332.05 17      2259     -315.62    -314.265   1.35457     7        360      
 9332.15 17      2260     -315.62    -314.265   1.35457     7        360      
 9360.28 17      2300     -315.62    -314.265   1.35457     7        370      
 9427.68 18      2395     -315.558   -314.265   1.29249     5        389      
 9440.52 18      2400     -315.558   -314.265   1.29249     6        393      
 9564.64 18      2450     -315.558   -314.265   1.29249     7        424      
 9626.25 19      2531     -315.501   -314.265   1.23591     10       436      
 9662.05 19      2550     -315.501   -314.265   1.23591     5        446      
 9707.45 20      2667     -315.448   -314.265   1.18252     9        457      
 9707.57 20      2668     -315.448   -314.265   1.18252     10       457      
 9725.84 20      2700     -315.448   -314.265   1.18252     8        462      
 9769.87 21      2805     -315.415   -314.265   1.14934     7        473      
 9769.99 21      2806     -315.415   -314.265   1.14934     8        473      
 9787.72 21      2850     -315.415   -314.265   1.14934     6        478      
 9828.93 22      2943     -315.362   -314.266   1.09672     6        488      
 9829.11 22      2950     -315.362   -314.266   1.09672     6        488      
 9833.15 22      3000     -315.362   -314.266   1.09672     7        489      
 9881.84 23      3081     -315.329   -314.266   1.06376     8        501      
 9911.42 23      3100     -315.329   -314.266   1.06376     6        509      
 9950.67 24      3217     -315.286   -314.266   1.01971     7        518      
 9950.79 24      3218     -315.286   -314.266   1.01971     8        518      
 9981.48 24      3250     -315.286   -314.266   1.01971     6        526      
 10026.8 25      3355     -315.263   -314.266   0.996221    9        536      
-------------------------------------------------------------------------------

SARSOP finishing ...
  Preset timeout reached
  Timeout     : 10000.000000s
  Actual Time : 10026.800000s

-------------------------------------------------------------------------------
 Time   |#Trial |#Backup |LBound    |UBound    |Precision  |#Alphas |#Beliefs  
-------------------------------------------------------------------------------
 10026.8 25      3355     -315.263   -314.266   0.996221    9        536      
-------------------------------------------------------------------------------

Writing out policy ...
  output file : RAM4_medium/3713580c6a.policyx

