
Loading the model ...
  input file   : /home/rstudio/RAM4_medium/37290b2316.pomdpx
  loading time : 4.87s 

SARSOP initializing ...
  initialization time : 7726.09s

-------------------------------------------------------------------------------
 Time   |#Trial |#Backup |LBound    |UBound    |Precision  |#Alphas |#Beliefs  
-------------------------------------------------------------------------------
 7726.09 0       0        -230.1     -214.048   16.0521     101      1        
 7743.78 1       81       -221.377   -214.473   6.90406     11       40       
 7753.49 1       100      -221.377   -214.473   6.90406     12       59       
 7777.91 2       177      -219.852   -214.474   5.37846     14       80       
 7783.17 2       200      -219.852   -214.474   5.37846     11       88       
 7790.94 3       285      -219.095   -214.474   4.6212      16       97       
 7799.2  3       300      -219.095   -214.474   4.6212      12       109      
 7804.24 4       399      -218.522   -214.474   4.04838     11       114      
 7804.27 4       400      -218.522   -214.474   4.04838     9        114      
 7805.17 4       450      -218.522   -214.474   4.04838     7        115      
 7811.58 5       515      -217.976   -214.474   3.50165     8        122      
 7827.32 5       550      -217.976   -214.474   3.50165     8        137      
 7840.73 6       631      -217.607   -214.475   3.13279     12       148      
 7862.78 6       650      -217.607   -214.475   3.13279     9        166      
 7872.26 7       751      -217.324   -214.475   2.84898     11       172      
 7873.41 7       752      -217.324   -214.475   2.84898     11       173      
 7888.1  7       800      -217.324   -214.475   2.84898     7        184      
 7903.2  8       873      -217.046   -214.475   2.57105     7        194      
 7917.5  8       900      -217.046   -214.475   2.57105     7        205      
 7929.29 9       997      -216.867   -214.475   2.39166     6        212      
 7929.36 9       1000     -216.867   -214.475   2.39166     6        212      
 7929.57 9       1050     -216.867   -214.475   2.39166     6        212      
 7937.26 10      1125     -216.714   -214.475   2.23898     7        217      
 7937.42 10      1150     -216.714   -214.475   2.23898     7        217      
 7950.07 11      1253     -216.567   -214.475   2.09217     7        225      
 7950.12 11      1254     -216.567   -214.475   2.09217     6        225      
 7950.3  11      1300     -216.567   -214.475   2.09217     4        225      
 7956.64 12      1383     -216.447   -214.475   1.97126     6        229      
 7956.78 12      1400     -216.447   -214.475   1.97126     5        229      
 7976.11 13      1513     -216.324   -214.476   1.84814     7        240      
 7976.18 13      1514     -216.324   -214.476   1.84814     6        240      
 7976.36 13      1550     -216.324   -214.476   1.84814     8        240      
 7992.67 14      1643     -216.23    -214.476   1.75468     6        249      
 8006.08 14      1650     -216.23    -214.476   1.75468     7        256      
 8053.63 14      1700     -216.23    -214.476   1.75468     11       277      
 8073.87 15      1773     -216.128   -214.476   1.65204     8        284      
 8074.06 15      1800     -216.128   -214.476   1.65204     6        284      
 8093.43 16      1901     -216.04    -214.476   1.56363     6        293      
 8093.51 16      1902     -216.04    -214.476   1.56363     7        293      
 8181.05 16      1950     -216.04    -214.476   1.56363     13       327      
 8217.22 17      2029     -215.917   -214.476   1.44082     6        338      
 8239.99 17      2050     -215.917   -214.476   1.44082     8        347      
 8319.02 18      2155     -215.829   -214.476   1.35296     8        372      
 8319.12 18      2156     -215.829   -214.476   1.35296     7        372      
 8375.8  18      2200     -215.829   -214.476   1.35296     9        391      
 8415.18 19      2285     -215.76    -214.476   1.28368     9        402      
 8425.67 19      2300     -215.76    -214.476   1.28368     9        406      
 8459.64 20      2350     -215.76    -214.476   1.28368     9        417      
 8460.19 20      2415     -215.698   -214.477   1.22112     7        417      
 8503.21 20      2450     -215.698   -214.477   1.22112     9        432      
 8537.37 21      2545     -215.648   -214.477   1.17143     7        442      
 8552.88 21      2550     -215.648   -214.477   1.17143     7        447      
 8629.53 21      2600     -215.648   -214.477   1.17143     8        469      
 8673.59 22      2677     -215.601   -214.477   1.12462     11       480      
 8698.32 22      2700     -215.601   -214.477   1.12462     8        488      
 8732.41 23      2809     -215.564   -214.477   1.08704     9        497      
 8735.87 23      2810     -215.564   -214.477   1.08704     9        498      
 8777.92 23      2850     -215.564   -214.477   1.08704     12       510      
 8813.42 24      2943     -215.525   -214.477   1.04792     9        519      
 8828.05 24      2950     -215.525   -214.477   1.04792     10       523      
 8933.77 24      3000     -215.525   -214.477   1.04792     16       549      
 8972.09 25      3075     -215.484   -214.477   1.007       9        557      
 9050.93 25      3100     -215.484   -214.477   1.007       10       576      
 9149.06 26      3207     -215.45    -214.477   0.972664    12       596      
 9149.22 26      3208     -215.45    -214.477   0.972664    13       596      
 9257.54 26      3250     -215.45    -214.477   0.972664    12       620      
 9379.34 27      3339     -215.417   -214.478   0.939157    10       642      
 9419.46 27      3350     -215.417   -214.478   0.939157    9        651      
 9503.31 27      3400     -215.417   -214.478   0.939157    9        669      
 9531.51 28      3473     -215.385   -214.478   0.907726    11       674      
 9577.96 28      3500     -215.385   -214.478   0.907726    10       684      
 9702.63 29      3605     -215.352   -214.478   0.874595    11       708      
 9702.82 29      3606     -215.352   -214.478   0.874595    12       708      
 9707.75 29      3650     -215.352   -214.478   0.874595    9        709      
 9815.95 30      3739     -215.323   -214.478   0.844779    9        730      
 9850.87 30      3750     -215.323   -214.478   0.844779    9        737      
 9927.82 30      3800     -215.323   -214.478   0.844779    11       752      
 9950.88 31      3871     -215.294   -214.478   0.816592    12       756      
 9951.34 31      3900     -215.294   -214.478   0.816592    12       756      
 10057.3 32      4005     -215.275   -214.478   0.796827    10       776      
-------------------------------------------------------------------------------

SARSOP finishing ...
  Preset timeout reached
  Timeout     : 10000.000000s
  Actual Time : 10057.340000s

-------------------------------------------------------------------------------
 Time   |#Trial |#Backup |LBound    |UBound    |Precision  |#Alphas |#Beliefs  
-------------------------------------------------------------------------------
 10057.3 32      4005     -215.275   -214.478   0.796827    10       776      
-------------------------------------------------------------------------------

Writing out policy ...
  output file : RAM4_medium/37290b2316.policyx

