
Loading the model ...
  input file   : /home/rstudio/RAM4_medium/3744ccf7cd.pomdpx
  loading time : 4.57s 

SARSOP initializing ...
  initialization time : 3651.88s

-------------------------------------------------------------------------------
 Time   |#Trial |#Backup |LBound    |UBound    |Precision  |#Alphas |#Beliefs  
-------------------------------------------------------------------------------
 3651.88 0       0        -190.32    -184.969   5.35139     101      1        
 3654.22 1       50       -187.451   -185.095   2.35579     34       30       
 3657.61 2       100      -186.799   -185.095   1.70433     30       61       
 3659.35 3       150      -186.363   -185.095   1.26812     29       84       
 3661.99 4       207      -186.127   -185.096   1.03098     35       105      
 3667.74 5       271      -185.849   -185.096   0.752722    42       137      
 3674.95 5       300      -185.849   -185.096   0.752722    53       166      
 3680.16 6       350      -185.723   -185.096   0.626869    38       181      
 3688.35 7       400      -185.624   -185.096   0.52848     46       203      
 3699.82 8       450      -185.547   -185.096   0.451218    54       228      
 3712.14 9       500      -185.492   -185.096   0.395768    38       253      
 3723.32 10      550      -185.408   -185.096   0.311464    30       280      
 3733.68 11      607      -185.361   -185.096   0.264424    66       305      
 3748.84 12      669      -185.336   -185.096   0.239358    66       336      
 3762.74 13      721      -185.31    -185.096   0.213316    48       362      
 3776.48 14      771      -185.277   -185.096   0.180661    50       387      
 3793.86 15      800      -185.277   -185.096   0.180661    34       415      
 3807.3  15      850      -185.261   -185.097   0.164794    33       437      
 3822.27 16      900      -185.25    -185.097   0.153025    32       459      
 3831.86 17      950      -185.235   -185.097   0.138299    36       483      
 3844.6  18      1000     -185.213   -185.097   0.11607     39       504      
 3866.39 19      1073     -185.208   -185.097   0.111235    43       536      
 3886.22 19      1100     -185.208   -185.097   0.111235    38       563      
 3899.59 20      1150     -185.197   -185.097   0.100309    40       578      
 3925.97 21      1217     -185.189   -185.097   0.092637    41       608      
 3956.62 21      1250     -185.189   -185.097   0.092637    38       641      
 3967.26 22      1300     -185.183   -185.097   0.0859674   38       651      
 4003.09 23      1373     -185.177   -185.097   0.0805538   41       685      
 4033.13 23      1400     -185.177   -185.097   0.0805538   37       712      
 4048.08 24      1451     -185.174   -185.097   0.0772897   42       724      
 4098.74 25      1531     -185.172   -185.097   0.074819    40       764      
 4124.1  25      1550     -185.172   -185.097   0.074819    38       783      
 4153.46 26      1611     -185.167   -185.097   0.0703558   42       804      
 4211.62 26      1650     -185.167   -185.097   0.0703558   41       843      
 4224.37 27      1700     -185.163   -185.097   0.0663128   41       850      
 4293.97 28      1789     -185.161   -185.097   0.0642341   35       892      
 4313.14 28      1800     -185.161   -185.097   0.0642341   42       903      
 4376.97 29      1881     -185.159   -185.097   0.0621248   39       938      
 4413.48 29      1900     -185.159   -185.097   0.0621248   37       957      
 4472.25 30      1973     -185.158   -185.097   0.0605197   43       984      
 4522.91 30      2000     -185.158   -185.097   0.0605197   35       1011     
 4562.89 31      2063     -185.156   -185.097   0.0588936   33       1029     
 4641.02 31      2100     -185.156   -185.097   0.0588936   30       1066     
 4658.05 32      2153     -185.155   -185.097   0.0571115   33       1073     
 4751.16 33      2245     -185.153   -185.097   0.0559106   37       1119     
 4760.6  33      2250     -185.153   -185.097   0.0559106   39       1124     
 4839.64 34      2337     -185.152   -185.098   0.0547318   31       1165     
 4860.32 34      2350     -185.152   -185.098   0.0547318   29       1178     
 4926.72 35      2429     -185.151   -185.098   0.0536831   30       1210     
 4966.68 35      2450     -185.151   -185.098   0.0536831   26       1231     
 5022.89 36      2521     -185.149   -185.098   0.0517447   30       1256     
 5080.25 36      2550     -185.149   -185.098   0.0517447   34       1285     
 5128.33 37      2621     -185.149   -185.098   0.0510355   32       1306     
 5187.81 37      2650     -185.149   -185.098   0.0510355   27       1335     
 5233.17 38      2721     -185.148   -185.098   0.0501099   32       1356     
 5296.77 38      2750     -185.148   -185.098   0.0501099   27       1385     
 5350.16 39      2821     -185.147   -185.098   0.0490001   32       1406     
 5419.24 39      2850     -185.147   -185.098   0.0490001   33       1435     
 5466.41 40      2921     -185.146   -185.098   0.0477471   31       1455     
 5533.4  40      2950     -185.146   -185.098   0.0477471   31       1484     
 5595.8  41      3027     -185.145   -185.098   0.0467549   32       1507     
 5651.63 41      3050     -185.145   -185.098   0.0467549   32       1530     
 5740.26 42      3133     -185.144   -185.098   0.0462523   37       1560     
 5783.93 42      3150     -185.144   -185.098   0.0462523   32       1577     
 5878.62 43      3241     -185.144   -185.098   0.0456429   26       1613     
 5901.44 43      3250     -185.144   -185.098   0.0456429   30       1622     
 6018.88 44      3349     -185.143   -185.098   0.0451691   29       1666     
 6021.72 44      3350     -185.143   -185.098   0.0451691   30       1667     
 6163.07 44      3400     -185.143   -185.098   0.0451691   31       1717     
 6170.02 45      3457     -185.143   -185.098   0.0447118   30       1719     
 6284.5  45      3500     -185.143   -185.098   0.0447118   29       1762     
 6317.76 46      3567     -185.142   -185.098   0.0440005   34       1773     
 6403.63 46      3600     -185.142   -185.098   0.0440005   45       1806     
 6472.92 47      3677     -185.142   -185.098   0.0436807   45       1827     
 6545.68 47      3700     -185.142   -185.098   0.0436807   52       1850     
 6658.43 48      3787     -185.141   -185.098   0.0434765   43       1882     
 6701.02 48      3800     -185.141   -185.098   0.0434765   45       1895     
 6852.14 49      3899     -185.141   -185.098   0.0430471   36       1937     
 6855.55 49      3900     -185.141   -185.098   0.0430471   37       1938     
 7035.33 49      3950     -185.141   -185.098   0.0430471   46       1988     
 7048.8  50      4009     -185.141   -185.098   0.0426812   34       1991     
 7192.96 50      4050     -185.141   -185.098   0.0426812   46       2032     
 7248.22 51      4121     -185.141   -185.098   0.0425148   47       2047     
 7345.41 51      4150     -185.141   -185.098   0.0425148   46       2076     
 7461.56 52      4235     -185.14    -185.098   0.0419248   50       2103     
 7525.21 52      4250     -185.14    -185.098   0.0419248   50       2118     
 7707.41 53      4349     -185.14    -185.098   0.0418111   38       2159     
 7712.02 53      4350     -185.14    -185.098   0.0418111   39       2160     
 7928.55 53      4400     -185.14    -185.098   0.0418111   40       2210     
 7959.48 54      4463     -185.14    -185.098   0.0416979   40       2216     
 8126.21 54      4500     -185.14    -185.098   0.0416979   49       2253     
 8222.59 55      4579     -185.139   -185.098   0.0412982   50       2273     
 8306.54 55      4600     -185.139   -185.098   0.0412982   44       2294     
 8464.81 56      4695     -185.139   -185.098   0.0410869   43       2330     
 8482.88 56      4700     -185.139   -185.098   0.0410869   46       2335     
 8667.48 56      4750     -185.139   -185.098   0.0410869   49       2385     
 8677.03 57      4811     -185.139   -185.098   0.0409077   42       2387     
 8815.53 57      4850     -185.139   -185.098   0.0409077   47       2426     
 8888.27 58      4927     -185.139   -185.098   0.0407838   43       2444     
 8958.66 58      4950     -185.139   -185.098   0.0407838   48       2464     
 9093.79 59      5045     -185.139   -185.098   0.0406301   62       2499     
 9112.8  59      5050     -185.139   -185.098   0.0406301   65       2504     
 9310.09 59      5100     -185.139   -185.098   0.0406301   53       2554     
 9325.58 60      5161     -185.139   -185.098   0.0403428   57       2557     
 9486.74 60      5200     -185.139   -185.098   0.0403428   63       2596     
 9579.87 61      5279     -185.138   -185.098   0.0399524   51       2615     
 9679.87 61      5300     -185.138   -185.098   0.0399524   58       2636     
 9870.66 62      5399     -185.138   -185.098   0.0398741   52       2674     
 9875.77 62      5400     -185.138   -185.098   0.0398741   52       2675     
 10103.2 62      5450     -185.138   -185.098   0.0398741   55       2725     
-------------------------------------------------------------------------------

SARSOP finishing ...
  Preset timeout reached
  Timeout     : 10000.000000s
  Actual Time : 10103.230000s

-------------------------------------------------------------------------------
 Time   |#Trial |#Backup |LBound    |UBound    |Precision  |#Alphas |#Beliefs  
-------------------------------------------------------------------------------
 10103.2 62      5450     -185.138   -185.098   0.0398741   55       2725     
-------------------------------------------------------------------------------

Writing out policy ...
  output file : RAM4_medium/3744ccf7cd.policyx

