
Loading the model ...
  input file   : /home/rstudio/RAM4_medium/3762949c0a.pomdpx
  loading time : 5.20s 

SARSOP initializing ...
  initialization time : 12337.12s

-------------------------------------------------------------------------------
 Time   |#Trial |#Backup |LBound    |UBound    |Precision  |#Alphas |#Beliefs  
-------------------------------------------------------------------------------
 12337.1 0       0        -1319.49   -489.407   830.087     101      1        
-------------------------------------------------------------------------------

SARSOP finishing ...
  Preset timeout reached
  Timeout     : 10000.000000s
  Actual Time : 12337.530000s

-------------------------------------------------------------------------------
 Time   |#Trial |#Backup |LBound    |UBound    |Precision  |#Alphas |#Beliefs  
-------------------------------------------------------------------------------
 12337.5 0       1        -1319.4    -1315.93   3.46942     6        2        
-------------------------------------------------------------------------------

Writing out policy ...
  output file : RAM4_medium/3762949c0a.policyx

