
Loading the model ...
  input file   : /home/rstudio/RAM4_medium/376bcb460d.pomdpx
  loading time : 4.93s 

SARSOP initializing ...
  initialization time : 4759.06s

-------------------------------------------------------------------------------
 Time   |#Trial |#Backup |LBound    |UBound    |Precision  |#Alphas |#Beliefs  
-------------------------------------------------------------------------------
 4759.06 0       0        -241.33    -234.954   6.37614     101      1        
 4763.72 1       67       -238.155   -235.106   3.04891     13       35       
 4770.74 1       100      -238.155   -235.106   3.04891     15       66       
 4772.65 2       150      -237.5     -235.106   2.39384     27       79       
 4780.86 3       227      -236.985   -235.106   1.87873     34       113      
 4786.79 3       250      -236.985   -235.106   1.87873     27       134      
 4790.07 4       325      -236.612   -235.107   1.5056      36       142      
 4798.4  4       350      -236.612   -235.107   1.5056      32       163      
 4801.83 5       437      -236.469   -235.107   1.36258     25       169      
 4807.83 5       450      -236.469   -235.107   1.36258     22       182      
 4816.19 6       545      -236.341   -235.107   1.23427     30       197      
 4818.98 6       550      -236.341   -235.107   1.23427     19       202      
 4830.82 7       651      -236.237   -235.107   1.12999     25       222      
 4831.55 7       652      -236.237   -235.107   1.12999     25       223      
 4845.62 7       700      -236.237   -235.107   1.12999     24       245      
 4848.25 8       755      -236.131   -235.107   1.02398     15       248      
 4864.68 8       800      -236.131   -235.107   1.02398     23       271      
 4869.34 9       855      -236.044   -235.107   0.936303    13       276      
 4884.68 9       900      -236.044   -235.107   0.936303    14       296      
 4890.43 10      957      -235.954   -235.107   0.846173    16       302      
 4908.31 10      1000     -235.954   -235.107   0.846173    15       326      
 4914.14 11      1055     -235.875   -235.108   0.767231    12       332      
 4932.77 11      1100     -235.875   -235.108   0.767231    11       353      
 4934.91 12      1150     -235.812   -235.108   0.704558    10       355      
 4952.41 13      1241     -235.747   -235.108   0.639018    10       374      
 4960.55 13      1250     -235.747   -235.108   0.639018    10       383      
 4981.65 14      1341     -235.689   -235.108   0.581409    8        404      
 4989.71 14      1350     -235.689   -235.108   0.581409    10       413      
 5004.21 15      1441     -235.646   -235.108   0.538602    10       428      
 5012.99 15      1450     -235.646   -235.108   0.538602    12       437      
 5033.36 16      1539     -235.61    -235.108   0.502128    12       455      
 5045.81 16      1550     -235.61    -235.108   0.502128    15       466      
 5066.8  17      1639     -235.566   -235.108   0.457833    12       483      
 5078.91 17      1650     -235.566   -235.108   0.457833    11       494      
 5096.55 18      1743     -235.535   -235.108   0.426463    10       509      
 5100.76 18      1750     -235.535   -235.108   0.426463    13       513      
 5121.53 19      1847     -235.51    -235.108   0.401779    12       531      
 5125.44 19      1850     -235.51    -235.108   0.401779    13       534      
 5155.07 20      1947     -235.481   -235.108   0.372504    10       557      
 5158.86 20      1950     -235.481   -235.108   0.372504    12       560      
 5227.08 21      2049     -235.454   -235.108   0.346034    14       605      
 5228.71 21      2050     -235.454   -235.108   0.346034    14       606      
 5267.46 21      2100     -235.454   -235.108   0.346034    11       631      
 5269.93 22      2153     -235.434   -235.108   0.325989    13       632      
 5294.54 22      2200     -235.434   -235.108   0.325989    20       649      
 5302.87 23      2259     -235.417   -235.109   0.308418    11       654      
 5323.29 23      2300     -235.417   -235.109   0.308418    17       668      
 5337.11 24      2365     -235.404   -235.109   0.295921    14       676      
 5370.57 24      2400     -235.404   -235.109   0.295921    12       696      
 5386.96 25      2471     -235.386   -235.109   0.277668    15       704      
 5418.23 25      2500     -235.386   -235.109   0.277668    16       722      
 5436.35 26      2579     -235.371   -235.109   0.262004    13       731      
 5467.84 26      2600     -235.371   -235.109   0.262004    13       749      
 5485.81 27      2687     -235.36    -235.109   0.251598    13       758      
 5510.85 27      2700     -235.36    -235.109   0.251598    13       771      
 5536.18 28      2795     -235.347   -235.109   0.238479    11       783      
 5545.7  28      2800     -235.347   -235.109   0.238479    12       788      
 5588.34 29      2850     -235.347   -235.109   0.238479    15       810      
 5588.93 29      2905     -235.334   -235.109   0.225333    12       810      
 5618.09 29      2950     -235.334   -235.109   0.225333    11       826      
 5636.21 30      3015     -235.327   -235.109   0.218485    17       835      
 5669.57 30      3050     -235.327   -235.109   0.218485    14       852      
 5692.89 31      3125     -235.316   -235.109   0.207276    17       862      
 5726.85 31      3150     -235.316   -235.109   0.207276    16       878      
 5744.99 32      3237     -235.309   -235.109   0.19996     14       886      
 5771.46 32      3250     -235.309   -235.109   0.19996     19       899      
 5803.48 33      3349     -235.301   -235.109   0.191944    18       914      
 5805.75 33      3350     -235.301   -235.109   0.191944    19       915      
 5841.54 33      3400     -235.301   -235.109   0.191944    19       932      
 5851.27 34      3461     -235.296   -235.109   0.186904    16       936      
 5936.51 34      3500     -235.296   -235.109   0.186904    19       975      
 5976.49 35      3569     -235.288   -235.109   0.178363    24       990      
 6028.16 35      3600     -235.288   -235.109   0.178363    19       1011     
 6052.84 36      3677     -235.279   -235.109   0.169239    16       1020     
 6096.02 36      3700     -235.279   -235.109   0.169239    18       1039     
 6155    37      3789     -235.274   -235.109   0.164507    21       1060     
 6183.55 37      3800     -235.274   -235.109   0.164507    14       1071     
 6301.9  38      3895     -235.266   -235.109   0.156744    14       1111     
 6306.87 38      3900     -235.266   -235.109   0.156744    17       1113     
 6448.72 39      3950     -235.266   -235.109   0.156744    18       1162     
 6452.97 39      4005     -235.261   -235.109   0.151674    18       1163     
 6582.45 39      4050     -235.261   -235.109   0.151674    16       1208     
 6607.04 40      4109     -235.254   -235.11    0.144812    16       1215     
 6741.02 40      4150     -235.254   -235.11    0.144812    22       1256     
 6782.99 41      4215     -235.247   -235.11    0.137022    18       1267     
 6905.66 41      4250     -235.247   -235.11    0.137022    21       1302     
 6988.95 42      4327     -235.243   -235.11    0.133323    14       1323     
 7067.83 42      4350     -235.243   -235.11    0.133323    16       1346     
 7123.34 43      4439     -235.239   -235.11    0.12884     15       1360     
 7123.77 43      4450     -235.239   -235.11    0.12884     21       1360     
 7232.17 44      4555     -235.235   -235.11    0.125376    22       1392     
 7236.05 44      4556     -235.235   -235.11    0.125376    23       1393     
 7388.21 44      4600     -235.235   -235.11    0.125376    18       1434     
 7447.87 45      4671     -235.233   -235.11    0.123523    19       1446     
 7570.06 45      4700     -235.233   -235.11    0.123523    25       1475     
 7700.82 46      4785     -235.231   -235.11    0.121654    23       1502     
 7762.11 46      4800     -235.231   -235.11    0.121654    19       1516     
 7900.83 47      4897     -235.228   -235.11    0.117939    18       1546     
 7909.98 47      4900     -235.228   -235.11    0.117939    20       1548     
 8012.3  47      4950     -235.228   -235.11    0.117939    23       1573     
 8025.66 48      5011     -235.225   -235.11    0.115       26       1576     
 8181.63 48      5050     -235.225   -235.11    0.115       21       1614     
 8245.1  49      5127     -235.224   -235.11    0.113675    22       1629     
 8324.23 49      5150     -235.224   -235.11    0.113675    22       1647     
 8371.83 50      5245     -235.222   -235.11    0.111794    21       1657     
 8393.21 50      5250     -235.222   -235.11    0.111794    20       1662     
 8616.39 50      5300     -235.222   -235.11    0.111794    19       1711     
 8627.42 51      5361     -235.22    -235.11    0.110299    18       1713     
 8718.19 51      5400     -235.22    -235.11    0.110299    26       1734     
 8788.98 52      5477     -235.219   -235.11    0.10889     24       1749     
 8865.65 52      5500     -235.219   -235.11    0.10889     18       1768     
 8895.81 53      5595     -235.217   -235.11    0.106782    20       1775     
 8915.85 53      5600     -235.217   -235.11    0.106782    19       1780     
 9074.83 53      5650     -235.217   -235.11    0.106782    19       1818     
 9097.24 54      5713     -235.215   -235.11    0.104777    24       1822     
 9169.77 54      5750     -235.215   -235.11    0.104777    18       1842     
 9227.09 55      5833     -235.213   -235.11    0.1033      26       1855     
 9293.25 55      5850     -235.213   -235.11    0.1033      28       1872     
 9417.27 56      5955     -235.212   -235.11    0.102195    28       1901     
 9417.66 56      5956     -235.212   -235.11    0.102195    27       1901     
 9561.87 56      6000     -235.212   -235.11    0.102195    23       1938     
 9625.88 57      6075     -235.211   -235.11    0.101262    28       1952     
 9722.98 57      6100     -235.211   -235.11    0.101262    20       1977     
 9857.09 58      6195     -235.21    -235.11    0.099825    23       2005     
 9857.52 58      6200     -235.21    -235.11    0.099825    21       2005     
 10011.4 58      6250     -235.21    -235.11    0.099825    23       2044     
-------------------------------------------------------------------------------

SARSOP finishing ...
  Preset timeout reached
  Timeout     : 10000.000000s
  Actual Time : 10011.350000s

-------------------------------------------------------------------------------
 Time   |#Trial |#Backup |LBound    |UBound    |Precision  |#Alphas |#Beliefs  
-------------------------------------------------------------------------------
 10011.4 58      6250     -235.21    -235.11    0.099825    23       2044     
-------------------------------------------------------------------------------

Writing out policy ...
  output file : RAM4_medium/376bcb460d.policyx

