
Loading the model ...
  input file   : /home/rstudio/RAM4_medium/377d6f6c9c.pomdpx
  loading time : 4.71s 

SARSOP initializing ...
  initialization time : 3798.84s

-------------------------------------------------------------------------------
 Time   |#Trial |#Backup |LBound    |UBound    |Precision  |#Alphas |#Beliefs  
-------------------------------------------------------------------------------
 3798.84 0       0        -156.847   -145.93    10.9167     101      1        
 3801.02 1       50       -149.566   -146.184   3.3816      32       39       
 3803.27 2       100      -148.573   -146.184   2.38841     27       59       
 3808.31 3       163      -147.864   -146.184   1.67988     35       83       
 3819.91 3       200      -147.864   -146.184   1.67988     41       120      
 3823.61 4       250      -147.541   -146.185   1.35632     22       129      
 3839.1  5       321      -147.316   -146.185   1.13076     36       162      
 3856.37 5       350      -147.316   -146.185   1.13076     37       191      
 3860.41 6       400      -147.115   -146.185   0.929556    29       204      
 3870.19 7       459      -146.892   -146.185   0.707058    40       226      
 3887.38 7       500      -146.892   -146.185   0.707058    51       263      
 3889.5  8       550      -146.762   -146.185   0.576401    32       266      
 3912.81 9       635      -146.65    -146.185   0.46525     43       306      
 3921.7  9       650      -146.65    -146.185   0.46525     41       320      
 3946.34 10      729      -146.597   -146.185   0.412171    49       352      
 3963.42 10      750      -146.597   -146.185   0.412171    39       373      
 3982.91 11      811      -146.553   -146.185   0.367558    30       393      
 4022.59 11      850      -146.553   -146.185   0.367558    29       432      
 4028.1  12      900      -146.527   -146.186   0.341605    19       437      
 4074.81 13      981      -146.492   -146.186   0.305849    20       475      
 4097.43 13      1000     -146.492   -146.186   0.305849    16       494      
 4134.66 14      1067     -146.464   -146.186   0.278232    16       518      
 4179.93 14      1100     -146.464   -146.186   0.278232    19       551      
 4199.81 15      1157     -146.446   -146.186   0.259866    15       562      
 4256.5  16      1241     -146.42    -146.186   0.234017    13       603      
 4267.46 16      1250     -146.42    -146.186   0.234017    13       612      
 4323.04 17      1327     -146.403   -146.186   0.217151    17       646      
 4358.02 17      1350     -146.403   -146.186   0.217151    15       669      
 4395.01 18      1413     -146.39    -146.186   0.203374    16       689      
 4456.85 18      1450     -146.39    -146.186   0.203374    15       726      
 4472.12 19      1501     -146.374   -146.186   0.188095    16       733      
 4558.55 20      1595     -146.364   -146.186   0.177923    14       779      
 4566.14 20      1600     -146.364   -146.186   0.177923    18       784      
 4652.59 21      1689     -146.354   -146.186   0.167311    17       825      
 4665.24 21      1700     -146.354   -146.186   0.167311    14       833      
 4738.25 22      1783     -146.342   -146.186   0.155992    15       868      
 4765.66 22      1800     -146.342   -146.186   0.155992    18       883      
 4833.69 23      1879     -146.336   -146.186   0.14924     14       913      
 4869.83 23      1900     -146.336   -146.186   0.14924     15       933      
 4926.1  24      1975     -146.329   -146.186   0.14291     20       960      
 4976.45 24      2000     -146.329   -146.186   0.14291     16       985      
 5033.53 25      2073     -146.325   -146.187   0.138861    17       1008     
 5090.35 25      2100     -146.325   -146.187   0.138861    15       1035     
 5141.78 26      2169     -146.317   -146.187   0.130603    20       1055     
 5210.08 26      2200     -146.317   -146.187   0.130603    17       1086     
 5265.67 27      2275     -146.314   -146.187   0.12747     19       1107     
 5320.77 27      2300     -146.314   -146.187   0.12747     16       1131     
 5392.31 28      2381     -146.31    -146.187   0.123338    19       1158     
 5437.68 28      2400     -146.31    -146.187   0.123338    22       1177     
 5531.06 29      2487     -146.308   -146.187   0.121438    21       1210     
 5559.82 29      2500     -146.308   -146.187   0.121438    24       1222     
 5687.41 30      2591     -146.305   -146.187   0.118925    20       1260     
 5709.57 30      2600     -146.305   -146.187   0.118925    24       1269     
 5852.98 31      2695     -146.302   -146.187   0.115652    19       1311     
 5866.64 31      2700     -146.302   -146.187   0.115652    22       1316     
 6037.26 32      2750     -146.302   -146.187   0.115652    33       1365     
 6038.69 32      2805     -146.299   -146.187   0.112126    29       1365     
 6175.38 32      2850     -146.299   -146.187   0.112126    20       1409     
 6211.02 33      2917     -146.297   -146.187   0.11028     21       1419     
 6297.26 33      2950     -146.297   -146.187   0.11028     20       1449     
 6366.49 34      3025     -146.296   -146.187   0.109073    22       1469     
 6438.43 34      3050     -146.296   -146.187   0.109073    26       1493     
 6540.33 35      3135     -146.293   -146.187   0.106862    25       1522     
 6585.49 35      3150     -146.293   -146.187   0.106862    25       1537     
 6736.17 36      3247     -146.293   -146.187   0.105998    24       1578     
 6747.08 36      3250     -146.293   -146.187   0.105998    23       1581     
 6932.44 36      3300     -146.293   -146.187   0.105998    27       1631     
 6937.87 37      3357     -146.289   -146.187   0.10259     31       1632     
 7081.7  37      3400     -146.289   -146.187   0.10259     27       1673     
 7130.44 38      3471     -146.288   -146.187   0.101168    27       1686     
 7228.21 38      3500     -146.288   -146.187   0.101168    28       1714     
 7336.97 39      3587     -146.287   -146.187   0.100561    29       1742     
 7381.47 39      3600     -146.287   -146.187   0.100561    26       1755     
 7557.36 40      3703     -146.286   -146.187   0.0994413   27       1799     
 7560.77 40      3704     -146.286   -146.187   0.0994413   27       1800     
 7735.56 40      3750     -146.286   -146.187   0.0994413   29       1846     
 7780.97 41      3819     -146.286   -146.187   0.098928    31       1856     
 7930.34 41      3850     -146.286   -146.187   0.098928    32       1887     
 8063.35 42      3935     -146.284   -146.187   0.0973721   36       1913     
 8134.99 42      3950     -146.284   -146.187   0.0973721   32       1927     
 8344.74 43      4053     -146.284   -146.187   0.0970839   31       1970     
 8345.2  43      4054     -146.284   -146.187   0.0970839   27       1970     
 8570.2  43      4100     -146.284   -146.187   0.0970839   29       2015     
 8630.65 44      4173     -146.283   -146.187   0.0962952   31       2027     
 8752.82 44      4200     -146.283   -146.187   0.0962952   36       2054     
 8905.11 45      4293     -146.283   -146.187   0.0961872   46       2086     
 8941.78 45      4300     -146.283   -146.187   0.0961872   41       2092     
 9197.7  45      4350     -146.283   -146.187   0.0961872   48       2142     
 9204.68 46      4411     -146.283   -146.187   0.0958863   32       2143     
 9401.36 46      4450     -146.283   -146.187   0.0958863   36       2181     
 9497.17 47      4529     -146.283   -146.187   0.0957167   43       2200     
 9605.53 47      4550     -146.283   -146.187   0.0957167   38       2218     
 9813.78 48      4647     -146.282   -146.187   0.0953202   38       2255     
 9823.83 48      4650     -146.282   -146.187   0.0953202   40       2257     
 10161.8 48      4700     -146.282   -146.187   0.0953202   39       2307     
-------------------------------------------------------------------------------

SARSOP finishing ...
  Preset timeout reached
  Timeout     : 10000.000000s
  Actual Time : 10161.840000s

-------------------------------------------------------------------------------
 Time   |#Trial |#Backup |LBound    |UBound    |Precision  |#Alphas |#Beliefs  
-------------------------------------------------------------------------------
 10161.8 48      4700     -146.282   -146.187   0.0953202   39       2307     
-------------------------------------------------------------------------------

Writing out policy ...
  output file : RAM4_medium/377d6f6c9c.policyx

