
Loading the model ...
  input file   : /home/rstudio/RAM4_medium/377d42afc7.pomdpx
  loading time : 5.04s 

SARSOP initializing ...
  initialization time : 8656.49s

-------------------------------------------------------------------------------
 Time   |#Trial |#Backup |LBound    |UBound    |Precision  |#Alphas |#Beliefs  
-------------------------------------------------------------------------------
 8656.49 0       0        -7455.06   -3361.48   4093.58     101      1        
 8658.23 0       50       -7454.43   -6194.92   1259.52     68       7        
 8658.74 0       100      -7454.43   -6194.92   1259.52     63       7        
 8664.19 1       241      -7216.26   -6194.99   1021.27     9        17       
 8664.2  1       242      -7216.26   -6194.99   1021.27     9        17       
 8664.23 1       250      -7216.26   -6194.99   1021.27     7        17       
 8664.33 1       300      -7216.26   -6194.99   1021.27     6        17       
 8664.43 1       350      -7216.26   -6194.99   1021.27     6        17       
 8666.94 2       493      -7118.54   -6195.05   923.49      6        21       
 8666.95 2       494      -7118.54   -6195.05   923.49      5        21       
 8666.97 2       500      -7118.54   -6195.05   923.49      6        21       
 8667.09 2       550      -7118.54   -6195.05   923.49      6        21       
 8667.19 2       600      -7118.54   -6195.05   923.49      6        21       
 8669.81 3       743      -7025.9    -6195.06   830.835     5        24       
 8669.82 3       744      -7025.9    -6195.06   830.835     5        24       
 8669.85 3       750      -7025.9    -6195.06   830.835     6        24       
 8669.95 3       800      -7025.9    -6195.06   830.835     6        24       
 8670.06 3       850      -7025.9    -6195.06   830.835     6        24       
 8674.05 4       997      -6963.42   -6195.11   768.313     5        28       
 8674.06 4       998      -6963.42   -6195.11   768.313     5        28       
 8674.08 4       1000     -6963.42   -6195.11   768.313     6        28       
 8674.21 4       1050     -6963.42   -6195.11   768.313     6        28       
 8674.32 4       1100     -6963.42   -6195.11   768.313     6        28       
 8678.55 5       1249     -6894.14   -6195.13   699.014     5        32       
 8678.56 5       1250     -6894.14   -6195.13   699.014     5        32       
 8678.57 5       1251     -6894.14   -6195.13   699.014     5        32       
 8678.7  5       1300     -6894.14   -6195.13   699.014     6        32       
 8678.81 5       1350     -6894.14   -6195.13   699.014     6        32       
 8683.48 6       1503     -6836.25   -6195.17   641.084     5        36       
 8683.49 6       1504     -6836.25   -6195.17   641.084     5        36       
 8683.51 6       1505     -6836.25   -6195.17   641.084     5        36       
 8683.64 6       1550     -6836.25   -6195.17   641.084     6        36       
 8683.78 6       1600     -6836.25   -6195.17   641.084     6        36       
 8690.02 7       1755     -6783.67   -6195.19   588.477     5        41       
 8690.04 7       1756     -6783.67   -6195.19   588.477     5        41       
 8690.06 7       1757     -6783.67   -6195.19   588.477     5        41       
 8690.19 7       1800     -6783.67   -6195.19   588.477     6        41       
 8690.32 7       1850     -6783.67   -6195.19   588.477     6        41       
 8697.59 8       2009     -6740.05   -6195.21   544.839     5        46       
 8697.61 8       2010     -6740.05   -6195.21   544.839     5        46       
 8697.63 8       2011     -6740.05   -6195.21   544.839     5        46       
 8697.76 8       2050     -6740.05   -6195.21   544.839     7        46       
 8697.9  8       2100     -6740.05   -6195.21   544.839     7        46       
 8705.09 9       2261     -6688.43   -6195.24   493.192     5        51       
 8705.11 9       2262     -6688.43   -6195.24   493.192     5        51       
 8705.13 9       2263     -6688.43   -6195.24   493.192     5        51       
 8705.25 9       2300     -6688.43   -6195.24   493.192     6        51       
 8705.39 9       2350     -6688.43   -6195.24   493.192     6        51       
 8713.54 10      2515     -6649.56   -6195.3    454.265     6        56       
 8713.56 10      2516     -6649.56   -6195.3    454.265     6        56       
 8713.58 10      2517     -6649.56   -6195.3    454.265     6        56       
 8713.67 10      2550     -6649.56   -6195.3    454.265     6        56       
 8713.81 10      2600     -6649.56   -6195.3    454.265     6        56       
 8725.01 11      2769     -6615.7    -6195.33   420.373     7        63       
 8725.03 11      2770     -6615.7    -6195.33   420.373     6        63       
 8725.06 11      2771     -6615.7    -6195.33   420.373     7        63       
 8725.16 11      2800     -6615.7    -6195.33   420.373     6        63       
 8725.31 11      2850     -6615.7    -6195.33   420.373     6        63       
 8733.67 12      3023     -6585.63   -6195.34   390.282     7        68       
 8733.7  12      3024     -6585.63   -6195.34   390.282     7        68       
 8733.73 12      3025     -6585.63   -6195.34   390.282     7        68       
 8733.82 12      3050     -6585.63   -6195.34   390.282     7        68       
 8733.97 12      3100     -6585.63   -6195.34   390.282     7        68       
 8743.72 12      3150     -6585.63   -6195.34   390.282     6        74       
 8744.35 13      3279     -6557.32   -6195.36   361.955     6        74       
 8744.38 13      3280     -6557.32   -6195.36   361.955     6        74       
 8744.45 13      3300     -6557.32   -6195.36   361.955     6        74       
 8744.6  13      3350     -6557.32   -6195.36   361.955     6        74       
 8750.62 13      3400     -6557.32   -6195.36   361.955     6        77       
 8758.85 14      3533     -6526.12   -6195.37   330.748     6        81       
 8758.88 14      3534     -6526.12   -6195.37   330.748     6        81       
 8758.95 14      3550     -6526.12   -6195.37   330.748     7        81       
 8759.1  14      3600     -6526.12   -6195.37   330.748     7        81       
 8760.97 14      3650     -6526.12   -6195.37   330.748     7        82       
 8774.48 15      3787     -6500.26   -6195.39   304.871     9        88       
 8774.52 15      3788     -6500.26   -6195.39   304.871     8        88       
 8774.59 15      3800     -6500.26   -6195.39   304.871     9        88       
 8774.77 15      3850     -6500.26   -6195.39   304.871     9        88       
 8774.96 15      3900     -6500.26   -6195.39   304.871     9        88       
 8791.53 16      4043     -6478.28   -6195.4    282.886     6        95       
 8791.56 16      4044     -6478.28   -6195.4    282.886     6        95       
 8791.61 16      4050     -6478.28   -6195.4    282.886     7        95       
 8791.79 16      4100     -6478.28   -6195.4    282.886     6        95       
 8791.95 16      4150     -6478.28   -6195.4    282.886     6        95       
 8805.68 17      4297     -6456.45   -6195.4    261.045     6        101      
 8805.71 17      4298     -6456.45   -6195.4    261.045     6        101      
 8805.75 17      4300     -6456.45   -6195.4    261.045     7        101      
 8805.91 17      4350     -6456.45   -6195.4    261.045     7        101      
 8806.06 17      4400     -6456.45   -6195.4    261.045     7        101      
 8817.72 18      4551     -6434.83   -6195.41   239.42      9        106      
 8817.76 18      4552     -6434.83   -6195.41   239.42      8        106      
 8817.8  18      4553     -6434.83   -6195.41   239.42      7        106      
 8817.98 18      4600     -6434.83   -6195.41   239.42      9        106      
 8818.17 18      4650     -6434.83   -6195.41   239.42      9        106      
 8830.99 19      4809     -6424.25   -6195.42   228.828     9        111      
 8831.03 19      4810     -6424.25   -6195.42   228.828     7        111      
 8833.17 19      4811     -6424.25   -6195.42   228.828     8        112      
 8833.35 19      4850     -6424.25   -6195.42   228.828     9        112      
 8833.55 19      4900     -6424.25   -6195.42   228.828     9        112      
 8843.43 20      5061     -6403.8    -6195.43   208.371     8        116      
 8843.47 20      5062     -6403.8    -6195.43   208.371     6        116      
 8843.51 20      5063     -6403.8    -6195.43   208.371     7        116      
 8843.67 20      5100     -6403.8    -6195.43   208.371     8        116      
 8843.86 20      5150     -6403.8    -6195.43   208.371     8        116      
 8865.83 21      5317     -6391.72   -6195.43   196.294     8        126      
 8865.88 21      5318     -6391.72   -6195.43   196.294     7        126      
 8865.92 21      5319     -6391.72   -6195.43   196.294     7        126      
 8866.06 21      5350     -6391.72   -6195.43   196.294     8        126      
 8866.26 21      5400     -6391.72   -6195.43   196.294     8        126      
 8876.3  22      5573     -6374.81   -6195.44   179.369     9        129      
 8876.34 22      5574     -6374.81   -6195.44   179.369     8        129      
 8876.39 22      5575     -6374.81   -6195.44   179.369     8        129      
 8876.5  22      5600     -6374.81   -6195.44   179.369     9        129      
 8876.67 22      5650     -6374.81   -6195.44   179.369     9        129      
 8897.58 22      5700     -6374.81   -6195.44   179.369     9        137      
 8898.45 23      5829     -6362.74   -6195.44   167.301     10       137      
 8898.5  23      5830     -6362.74   -6195.44   167.301     9        137      
 8898.6  23      5850     -6362.74   -6195.44   167.301     9        137      
 8898.79 23      5900     -6362.74   -6195.44   167.301     9        137      
 8903.76 23      5950     -6362.74   -6195.44   167.301     10       139      
 8909.48 24      6083     -6349.69   -6195.44   154.243     9        141      
 8909.53 24      6084     -6349.69   -6195.44   154.243     8        141      
 8909.62 24      6100     -6349.69   -6195.44   154.243     9        141      
 8909.79 24      6150     -6349.69   -6195.44   154.243     9        141      
 8909.98 24      6200     -6349.69   -6195.44   154.243     11       141      
 8921.6  25      6341     -6342.28   -6195.45   146.824     9        144      
 8921.65 25      6342     -6342.28   -6195.45   146.824     7        144      
 8921.72 25      6350     -6342.28   -6195.45   146.824     8        144      
 8921.89 25      6400     -6342.28   -6195.45   146.824     8        144      
 8922.07 25      6450     -6342.28   -6195.45   146.824     8        144      
 8932.39 26      6597     -6332.71   -6195.46   137.256     9        147      
 8932.44 26      6598     -6332.71   -6195.46   137.256     8        147      
 8932.49 26      6600     -6332.71   -6195.46   137.256     9        147      
 8932.69 26      6650     -6332.71   -6195.46   137.256     9        147      
 8932.88 26      6700     -6332.71   -6195.46   137.256     9        147      
 8945.71 27      6853     -6324.33   -6195.46   128.866     10       151      
 8945.76 27      6854     -6324.33   -6195.46   128.866     9        151      
 8945.81 27      6855     -6324.33   -6195.46   128.866     9        151      
 8946.01 27      6900     -6324.33   -6195.46   128.866     10       151      
 8946.24 27      6950     -6324.33   -6195.46   128.866     10       151      
 8963.06 28      7109     -6316.92   -6195.46   121.455     10       157      
 8963.12 28      7110     -6316.92   -6195.46   121.455     9        157      
 8963.17 28      7111     -6316.92   -6195.46   121.455     9        157      
 8963.34 28      7150     -6316.92   -6195.46   121.455     11       157      
 8963.54 28      7200     -6316.92   -6195.46   121.455     11       157      
 8980.02 29      7365     -6310.55   -6195.46   115.086     10       162      
 8980.07 29      7366     -6310.55   -6195.46   115.086     9        162      
 8980.13 29      7367     -6310.55   -6195.46   115.086     9        162      
 8980.28 29      7400     -6310.55   -6195.46   115.086     10       162      
 8980.48 29      7450     -6310.55   -6195.46   115.086     10       162      
 8991.14 30      7623     -6303.48   -6195.47   108.009     10       165      
 8991.2  30      7624     -6303.48   -6195.47   108.009     9        165      
 8991.26 30      7625     -6303.48   -6195.47   108.009     9        165      
 8991.38 30      7650     -6303.48   -6195.47   108.009     11       165      
 8991.58 30      7700     -6303.48   -6195.47   108.009     11       165      
 9006.76 30      7750     -6303.48   -6195.47   108.009     9        170      
 9007.67 31      7879     -6297.21   -6195.48   101.734     10       170      
 9007.73 31      7880     -6297.21   -6195.48   101.734     9        170      
 9007.87 31      7900     -6297.21   -6195.48   101.734     11       170      
 9008.11 31      7950     -6297.21   -6195.48   101.734     11       170      
 9014.27 31      8000     -6297.21   -6195.48   101.734     9        172      
 9019.24 32      8135     -6291.01   -6195.48   95.5302     10       173      
 9019.3  32      8136     -6291.01   -6195.48   95.5302     9        173      
 9019.41 32      8150     -6291.01   -6195.48   95.5302     9        173      
 9019.63 32      8200     -6291.01   -6195.48   95.5302     9        173      
 9019.87 32      8250     -6291.01   -6195.48   95.5302     11       173      
 9036.7  33      8393     -6285.58   -6195.48   90.0956     10       177      
 9039.91 33      8394     -6285.58   -6195.48   90.0956     9        178      
 9042.03 33      8400     -6285.58   -6195.48   90.0956     8        179      
 9042.23 33      8450     -6285.58   -6195.48   90.0956     8        179      
 9045.71 33      8500     -6285.58   -6195.48   90.0956     10       180      
 9056.1  34      8647     -6278.1    -6195.49   82.6091     10       183      
 9056.16 34      8648     -6278.1    -6195.49   82.6091     10       183      
 9056.23 34      8650     -6278.1    -6195.49   82.6091     11       183      
 9056.42 34      8700     -6278.1    -6195.49   82.6091     11       183      
 9056.62 34      8750     -6278.1    -6195.49   82.6091     11       183      
 9072.73 35      8903     -6274.05   -6195.5    78.5591     12       188      
 9072.79 35      8904     -6274.05   -6195.5    78.5591     11       188      
 9072.85 35      8905     -6274.05   -6195.5    78.5591     11       188      
 9073.05 35      8950     -6274.05   -6195.5    78.5591     12       188      
 9073.25 35      9000     -6274.05   -6195.5    78.5591     12       188      
 9086.41 36      9159     -6269.67   -6195.5    74.1674     10       191      
 9086.47 36      9160     -6269.67   -6195.5    74.1674     9        191      
 9086.54 36      9161     -6269.67   -6195.5    74.1674     9        191      
 9086.74 36      9200     -6269.67   -6195.5    74.1674     10       191      
 9086.96 36      9250     -6269.67   -6195.5    74.1674     10       191      
 9102.75 37      9415     -6265.36   -6195.5    69.8654     11       195      
 9102.81 37      9416     -6265.36   -6195.5    69.8654     10       195      
 9102.88 37      9417     -6265.36   -6195.5    69.8654     10       195      
 9103.08 37      9450     -6265.36   -6195.5    69.8654     11       195      
 9103.34 37      9500     -6265.36   -6195.5    69.8654     11       195      
 9110.74 38      9671     -6261.65   -6195.5    66.1528     11       197      
 9110.81 38      9672     -6261.65   -6195.5    66.1528     11       197      
 9110.89 38      9673     -6261.65   -6195.5    66.1528     10       197      
 9111.06 38      9700     -6261.65   -6195.5    66.1528     11       197      
 9111.32 38      9750     -6261.65   -6195.5    66.1528     11       197      
 9126.72 39      9927     -6258.31   -6195.5    62.8072     11       201      
 9126.79 39      9928     -6258.31   -6195.5    62.8072     11       201      
 9126.86 39      9929     -6258.31   -6195.5    62.8072     10       201      
 9127    39      9950     -6258.31   -6195.5    62.8072     11       201      
 9127.26 39      10000    -6258.31   -6195.5    62.8072     11       201      
 9130.72 39      10050    -6258.31   -6195.5    62.8072     10       202      
 9143.85 40      10185    -6255.39   -6195.5    59.8825     11       205      
 9143.92 40      10186    -6255.39   -6195.5    59.8825     10       205      
 9144.05 40      10200    -6255.39   -6195.5    59.8825     11       205      
 9144.31 40      10250    -6255.39   -6195.5    59.8825     11       205      
 9147.81 40      10300    -6255.39   -6195.5    59.8825     10       206      
 9155.12 41      10439    -6251.56   -6195.51   56.0488     11       208      
 9158.6  41      10440    -6251.56   -6195.51   56.0488     11       209      
 9162.07 41      10450    -6251.56   -6195.51   56.0488     10       210      
 9162.32 41      10500    -6251.56   -6195.51   56.0488     10       210      
 9162.58 41      10550    -6251.56   -6195.51   56.0488     11       210      
 9176.26 42      10697    -6249.03   -6195.51   53.5188     11       213      
 9176.33 42      10698    -6249.03   -6195.51   53.5188     11       213      
 9176.41 42      10700    -6249.03   -6195.51   53.5188     11       213      
 9176.67 42      10750    -6249.03   -6195.51   53.5188     12       213      
 9176.92 42      10800    -6249.03   -6195.51   53.5188     12       213      
 9189.43 43      10953    -6245.85   -6195.51   50.3355     12       216      
 9189.51 43      10954    -6245.85   -6195.51   50.3355     12       216      
 9189.58 43      10955    -6245.85   -6195.51   50.3355     11       216      
 9189.84 43      11000    -6245.85   -6195.51   50.3355     12       216      
 9190.1  43      11050    -6245.85   -6195.51   50.3355     12       216      
 9213.34 44      11211    -6243.65   -6195.52   48.1313     11       221      
 9213.42 44      11212    -6243.65   -6195.52   48.1313     11       221      
 9213.5  44      11213    -6243.65   -6195.52   48.1313     10       221      
 9213.71 44      11250    -6243.65   -6195.52   48.1313     11       221      
 9213.95 44      11300    -6243.65   -6195.52   48.1313     11       221      
 9234.87 45      11467    -6241.16   -6195.52   45.6379     12       226      
 9234.95 45      11468    -6241.16   -6195.52   45.6379     12       226      
 9235.03 45      11469    -6241.16   -6195.52   45.6379     11       226      
 9235.22 45      11500    -6241.16   -6195.52   45.6379     12       226      
 9235.47 45      11550    -6241.16   -6195.52   45.6379     12       226      
 9248.53 46      11723    -6238.6    -6195.52   43.0788     13       229      
 9248.61 46      11724    -6238.6    -6195.52   43.0788     13       229      
 9248.69 46      11725    -6238.6    -6195.52   43.0788     12       229      
 9248.87 46      11750    -6238.6    -6195.52   43.0788     13       229      
 9249.11 46      11800    -6238.6    -6195.52   43.0788     13       229      
 9261.33 46      11850    -6238.6    -6195.52   43.0788     15       232      
 9262.47 47      11979    -6236.24   -6195.52   40.7167     13       232      
 9262.55 47      11980    -6236.24   -6195.52   40.7167     13       232      
 9262.72 47      12000    -6236.24   -6195.52   40.7167     13       232      
 9263    47      12050    -6236.24   -6195.52   40.7167     13       232      
 9277.92 47      12100    -6236.24   -6195.52   40.7167     12       236      
 9279.01 48      12233    -6233.84   -6195.52   38.3129     13       236      
 9279.1  48      12234    -6233.84   -6195.52   38.3129     13       236      
 9279.24 48      12250    -6233.84   -6195.52   38.3129     13       236      
 9279.51 48      12300    -6233.84   -6195.52   38.3129     13       236      
 9279.82 48      12350    -6233.84   -6195.52   38.3129     14       236      
 9291.01 49      12489    -6232.33   -6195.53   36.8052     15       239      
 9291.09 49      12490    -6232.33   -6195.53   36.8052     15       239      
 9291.22 49      12500    -6232.33   -6195.53   36.8052     14       239      
 9291.5  49      12550    -6232.33   -6195.53   36.8052     14       239      
 9291.79 49      12600    -6232.33   -6195.53   36.8052     14       239      
 9305.88 50      12747    -6230.86   -6195.53   35.3332     14       242      
 9305.97 50      12748    -6230.86   -6195.53   35.3332     14       242      
 9306.06 50      12750    -6230.86   -6195.53   35.3332     13       242      
 9306.34 50      12800    -6230.86   -6195.53   35.3332     13       242      
 9306.62 50      12850    -6230.86   -6195.53   35.3332     13       242      
 9315.25 51      13003    -6229.47   -6195.53   33.9462     14       244      
 9315.34 51      13004    -6229.47   -6195.53   33.9462     14       244      
 9315.42 51      13005    -6229.47   -6195.53   33.9462     14       244      
 9315.7  51      13050    -6229.47   -6195.53   33.9462     13       244      
 9315.98 51      13100    -6229.47   -6195.53   33.9462     13       244      
 9341.95 52      13261    -6228.14   -6195.53   32.6124     16       249      
 9342.04 52      13262    -6228.14   -6195.53   32.6124     16       249      
 9342.13 52      13263    -6228.14   -6195.53   32.6124     14       249      
 9342.37 52      13300    -6228.14   -6195.53   32.6124     15       249      
 9342.66 52      13350    -6228.14   -6195.53   32.6124     15       249      
 9347.62 53      13517    -6226.63   -6195.53   31.096      13       250      
 9347.7  53      13518    -6226.63   -6195.53   31.096      13       250      
 9347.79 53      13519    -6226.63   -6195.53   31.096      13       250      
 9348.01 53      13550    -6226.63   -6195.53   31.096      12       250      
 9348.27 53      13600    -6226.63   -6195.53   31.096      12       250      
 9368.74 54      13773    -6225.19   -6195.53   29.6526     15       254      
 9373.06 54      13774    -6225.19   -6195.53   29.6526     15       255      
 9376.9  54      13775    -6225.19   -6195.53   29.6526     15       256      
 9377.12 54      13800    -6225.19   -6195.53   29.6526     15       256      
 9377.4  54      13850    -6225.19   -6195.53   29.6526     15       256      
 9385.96 54      13900    -6225.19   -6195.53   29.6526     13       258      
 9387.13 55      14029    -6223.77   -6195.54   28.2284     14       258      
 9387.23 55      14030    -6223.77   -6195.54   28.2284     14       258      
 9387.39 55      14050    -6223.77   -6195.54   28.2284     14       258      
 9387.67 55      14100    -6223.77   -6195.54   28.2284     14       258      
 9388.01 55      14150    -6223.77   -6195.54   28.2284     14       258      
 9398.85 56      14285    -6222.48   -6195.54   26.9385     14       260      
 9398.95 56      14286    -6222.48   -6195.54   26.9385     14       260      
 9399.15 56      14300    -6222.48   -6195.54   26.9385     13       260      
 9399.51 56      14350    -6222.48   -6195.54   26.9385     13       260      
 9399.86 56      14400    -6222.48   -6195.54   26.9385     14       260      
 9403.88 57      14541    -6221.29   -6195.54   25.7541     14       261      
 9403.97 57      14542    -6221.29   -6195.54   25.7541     14       261      
 9404.1  57      14550    -6221.29   -6195.54   25.7541     13       261      
 9404.36 57      14600    -6221.29   -6195.54   25.7541     13       261      
 9408.06 57      14650    -6221.29   -6195.54   25.7541     14       262      
 9425.18 58      14797    -6220.26   -6195.54   24.7173     15       265      
 9425.27 58      14798    -6220.26   -6195.54   24.7173     15       265      
 9425.36 58      14800    -6220.26   -6195.54   24.7173     15       265      
 9425.65 58      14850    -6220.26   -6195.54   24.7173     14       265      
 9425.91 58      14900    -6220.26   -6195.54   24.7173     14       265      
 9433.07 59      15053    -6219.15   -6195.54   23.6083     14       266      
 9433.17 59      15054    -6219.15   -6195.54   23.6083     14       266      
 9433.26 59      15055    -6219.15   -6195.54   23.6083     14       266      
 9433.53 59      15100    -6219.15   -6195.54   23.6083     13       266      
 9433.82 59      15150    -6219.15   -6195.54   23.6083     13       266      
 9439.26 60      15307    -6218.17   -6195.54   22.6291     15       267      
 9439.35 60      15308    -6218.17   -6195.54   22.6291     15       267      
 9439.45 60      15309    -6218.17   -6195.54   22.6291     15       267      
 9439.71 60      15350    -6218.17   -6195.54   22.6291     14       267      
 9439.98 60      15400    -6218.17   -6195.54   22.6291     14       267      
 9462.19 61      15563    -6217.14   -6195.54   21.5951     16       272      
 9462.28 61      15564    -6217.14   -6195.54   21.5951     16       272      
 9462.38 61      15565    -6217.14   -6195.54   21.5951     16       272      
 9462.6  61      15600    -6217.14   -6195.54   21.5951     15       272      
 9462.87 61      15650    -6217.14   -6195.54   21.5951     15       272      
 9482.03 62      15819    -6216.43   -6195.55   20.887      16       276      
 9482.13 62      15820    -6216.43   -6195.55   20.887      16       276      
 9482.22 62      15821    -6216.43   -6195.55   20.887      16       276      
 9482.42 62      15850    -6216.43   -6195.55   20.887      15       276      
 9482.69 62      15900    -6216.43   -6195.55   20.887      15       276      
 9489.19 63      16073    -6215.49   -6195.55   19.941      16       277      
 9489.29 63      16074    -6215.49   -6195.55   19.941      16       277      
 9489.39 63      16075    -6215.49   -6195.55   19.941      16       277      
 9489.58 63      16100    -6215.49   -6195.55   19.941      16       277      
 9489.85 63      16150    -6215.49   -6195.55   19.941      16       277      
 9509.08 63      16200    -6215.49   -6195.55   19.941      17       282      
 9510.16 64      16329    -6214.74   -6195.55   19.1944     16       282      
 9510.25 64      16330    -6214.74   -6195.55   19.1944     16       282      
 9510.43 64      16350    -6214.74   -6195.55   19.1944     16       282      
 9510.73 64      16400    -6214.74   -6195.55   19.1944     16       282      
 9511.08 64      16450    -6214.74   -6195.55   19.1944     15       282      
 9512.15 65      16583    -6214.04   -6195.55   18.4946     14       282      
 9512.25 65      16584    -6214.04   -6195.55   18.4946     14       282      
 9512.4  65      16600    -6214.04   -6195.55   18.4946     14       282      
 9512.67 65      16650    -6214.04   -6195.55   18.4946     14       282      
 9516.26 65      16700    -6214.04   -6195.55   18.4946     14       283      
 9531.42 66      16837    -6213.35   -6195.55   17.7985     15       286      
 9531.51 66      16838    -6213.35   -6195.55   17.7985     15       286      
 9531.66 66      16850    -6213.35   -6195.55   17.7985     15       286      
 9531.95 66      16900    -6213.35   -6195.55   17.7985     15       286      
 9532.24 66      16950    -6213.35   -6195.55   17.7985     16       286      
 9543.17 67      17091    -6212.77   -6195.55   17.2238     17       288      
 9543.28 67      17092    -6212.77   -6195.55   17.2238     17       288      
 9543.42 67      17100    -6212.77   -6195.55   17.2238     17       288      
 9543.72 67      17150    -6212.77   -6195.55   17.2238     17       288      
 9544.02 67      17200    -6212.77   -6195.55   17.2238     17       288      
 9560.85 68      17347    -6212.22   -6195.55   16.6756     15       291      
 9560.96 68      17348    -6212.22   -6195.55   16.6756     15       291      
 9561.07 68      17350    -6212.22   -6195.55   16.6756     15       291      
 9561.32 68      17400    -6212.22   -6195.55   16.6756     15       291      
 9561.59 68      17450    -6212.22   -6195.55   16.6756     15       291      
 9585.59 69      17601    -6211.56   -6195.55   16.0013     16       296      
 9590.23 69      17602    -6211.56   -6195.55   16.0013     16       297      
 9590.36 69      17603    -6211.56   -6195.55   16.0013     16       297      
 9590.64 69      17650    -6211.56   -6195.55   16.0013     16       297      
 9590.93 69      17700    -6211.56   -6195.55   16.0013     16       297      
 9610.32 70      17855    -6211.06   -6195.55   15.5085     16       301      
 9614.95 70      17856    -6211.06   -6195.55   15.5085     16       302      
 9618.35 70      17857    -6211.06   -6195.55   15.5085     16       303      
 9618.66 70      17900    -6211.06   -6195.55   15.5085     16       303      
 9618.95 70      17950    -6211.06   -6195.55   15.5085     16       303      
 9634.93 71      18109    -6210.41   -6195.56   14.8561     16       306      
 9635.04 71      18110    -6210.41   -6195.56   14.8561     16       306      
 9635.15 71      18111    -6210.41   -6195.56   14.8561     15       306      
 9635.4  71      18150    -6210.41   -6195.56   14.8561     16       306      
 9635.68 71      18200    -6210.41   -6195.56   14.8561     16       306      
 9645.96 72      18363    -6209.86   -6195.56   14.3063     16       308      
 9646.07 72      18364    -6209.86   -6195.56   14.3063     16       308      
 9646.17 72      18365    -6209.86   -6195.56   14.3063     16       308      
 9646.4  72      18400    -6209.86   -6195.56   14.3063     16       308      
 9646.68 72      18450    -6209.86   -6195.56   14.3063     16       308      
 9657.44 73      18617    -6209.39   -6195.56   13.8274     17       310      
 9657.55 73      18618    -6209.39   -6195.56   13.8274     17       310      
 9657.65 73      18619    -6209.39   -6195.56   13.8274     17       310      
 9657.89 73      18650    -6209.39   -6195.56   13.8274     17       310      
 9658.16 73      18700    -6209.39   -6195.56   13.8274     17       310      
 9673.02 74      18871    -6208.98   -6195.56   13.4162     16       313      
 9673.13 74      18872    -6208.98   -6195.56   13.4162     16       313      
 9673.24 74      18873    -6208.98   -6195.56   13.4162     16       313      
 9673.46 74      18900    -6208.98   -6195.56   13.4162     16       313      
 9673.77 74      18950    -6208.98   -6195.56   13.4162     16       313      
 9686.64 75      19125    -6208.56   -6195.56   12.9935     18       315      
 9686.75 75      19126    -6208.56   -6195.56   12.9935     18       315      
 9686.86 75      19127    -6208.56   -6195.56   12.9935     18       315      
 9687.06 75      19150    -6208.56   -6195.56   12.9935     18       315      
 9687.37 75      19200    -6208.56   -6195.56   12.9935     18       315      
 9693.81 75      19250    -6208.56   -6195.56   12.9935     18       316      
 9701.13 76      19379    -6208.17   -6195.56   12.6059     16       317      
 9701.25 76      19380    -6208.17   -6195.56   12.6059     16       317      
 9701.45 76      19400    -6208.17   -6195.56   12.6059     16       317      
 9701.77 76      19450    -6208.17   -6195.56   12.6059     16       317      
 9706.2  76      19500    -6208.17   -6195.56   12.6059     17       318      
 9707.33 77      19631    -6207.82   -6195.56   12.2583     16       318      
 9707.44 77      19632    -6207.82   -6195.56   12.2583     16       318      
 9707.62 77      19650    -6207.82   -6195.56   12.2583     16       318      
 9707.94 77      19700    -6207.82   -6195.56   12.2583     16       318      
 9708.28 77      19750    -6207.82   -6195.56   12.2583     16       318      
 9723.43 78      19885    -6207.57   -6195.57   12.0028     18       321      
 9723.54 78      19886    -6207.57   -6195.57   12.0028     18       321      
 9723.71 78      19900    -6207.57   -6195.57   12.0028     18       321      
 9724.02 78      19950    -6207.57   -6195.57   12.0028     18       321      
 9724.34 78      20000    -6207.57   -6195.57   12.0028     18       321      
 9730.65 79      20139    -6207.36   -6195.57   11.7947     19       322      
 9730.76 79      20140    -6207.36   -6195.57   11.7947     19       322      
 9730.92 79      20150    -6207.36   -6195.57   11.7947     19       322      
 9731.24 79      20200    -6207.36   -6195.57   11.7947     19       322      
 9731.55 79      20250    -6207.36   -6195.57   11.7947     19       322      
 9752.99 80      20393    -6207.2    -6195.57   11.6295     17       326      
 9753.1  80      20394    -6207.2    -6195.57   11.6295     17       326      
 9753.24 80      20400    -6207.2    -6195.57   11.6295     17       326      
 9753.55 80      20450    -6207.2    -6195.57   11.6295     17       326      
 9753.89 80      20500    -6207.2    -6195.57   11.6295     17       326      
 9767.35 81      20645    -6206.86   -6195.57   11.2973     18       328      
 9767.47 81      20646    -6206.86   -6195.57   11.2973     18       328      
 9767.6  81      20650    -6206.86   -6195.57   11.2973     18       328      
 9767.91 81      20700    -6206.86   -6195.57   11.2973     18       328      
 9768.23 81      20750    -6206.86   -6195.57   11.2973     18       328      
 9789.78 82      20899    -6206.7    -6195.57   11.1285     20       331      
 9789.92 82      20900    -6206.7    -6195.57   11.1285     20       331      
 9790.05 82      20901    -6206.7    -6195.57   11.1285     20       331      
 9790.41 82      20950    -6206.7    -6195.57   11.1285     20       331      
 9790.75 82      21000    -6206.7    -6195.57   11.1285     20       331      
 9807.66 83      21151    -6206.31   -6195.57   10.7373     19       334      
 9807.77 83      21152    -6206.31   -6195.57   10.7373     19       334      
 9807.89 83      21153    -6206.31   -6195.57   10.7373     19       334      
 9808.22 83      21200    -6206.31   -6195.57   10.7373     19       334      
 9808.57 83      21250    -6206.31   -6195.57   10.7373     19       334      
 9823.59 84      21403    -6206.03   -6195.57   10.4597     19       336      
 9823.71 84      21404    -6206.03   -6195.57   10.4597     19       336      
 9823.83 84      21405    -6206.03   -6195.57   10.4597     19       336      
 9824.13 84      21450    -6206.03   -6195.57   10.4597     19       336      
 9824.47 84      21500    -6206.03   -6195.57   10.4597     19       336      
 9826.01 85      21653    -6205.68   -6195.57   10.1118     19       336      
 9826.13 85      21654    -6205.68   -6195.57   10.1118     19       336      
 9826.25 85      21655    -6205.68   -6195.57   10.1118     19       336      
 9826.57 85      21700    -6205.68   -6195.57   10.1118     19       336      
 9826.89 85      21750    -6205.68   -6195.57   10.1118     19       336      
 9844.2  86      21905    -6205.41   -6195.57   9.84413     19       339      
 9849.68 86      21906    -6205.41   -6195.57   9.84413     19       340      
 9854.98 86      21907    -6205.41   -6195.57   9.84413     19       341      
 9855.32 86      21950    -6205.41   -6195.57   9.84413     19       341      
 9855.64 86      22000    -6205.41   -6195.57   9.84413     19       341      
 9863.91 87      22155    -6205.12   -6195.57   9.54664     20       342      
 9864.04 87      22156    -6205.12   -6195.57   9.54664     20       342      
 9864.16 87      22157    -6205.12   -6195.57   9.54664     20       342      
 9864.47 87      22200    -6205.12   -6195.57   9.54664     20       342      
 9864.81 87      22250    -6205.12   -6195.57   9.54664     20       342      
 9896.69 88      22405    -6204.85   -6195.57   9.27795     21       348      
 9901.71 88      22406    -6204.85   -6195.57   9.27795     21       349      
 9907.01 88      22407    -6204.85   -6195.57   9.27795     22       350      
 9907.35 88      22450    -6204.85   -6195.57   9.27795     22       350      
 9907.65 88      22500    -6204.85   -6195.57   9.27795     22       350      
 9918.33 89      22657    -6204.7    -6195.57   9.12974     21       352      
 9918.46 89      22658    -6204.7    -6195.57   9.12974     21       352      
 9918.59 89      22659    -6204.7    -6195.57   9.12974     21       352      
 9918.9  89      22700    -6204.7    -6195.57   9.12974     21       352      
 9919.25 89      22750    -6204.7    -6195.57   9.12974     21       352      
 9920.79 90      22909    -6204.51   -6195.58   8.93617     20       352      
 9920.91 90      22910    -6204.51   -6195.58   8.93617     20       352      
 9921.04 90      22911    -6204.51   -6195.58   8.93617     20       352      
 9921.32 90      22950    -6204.51   -6195.58   8.93617     20       352      
 9921.66 90      23000    -6204.51   -6195.58   8.93617     20       352      
 9940.87 91      23161    -6204.37   -6195.58   8.79003     20       355      
 9940.99 91      23162    -6204.37   -6195.58   8.79003     20       355      
 9941.11 91      23163    -6204.37   -6195.58   8.79003     20       355      
 9941.4  91      23200    -6204.37   -6195.58   8.79003     20       355      
 9941.73 91      23250    -6204.37   -6195.58   8.79003     20       355      
 9980.56 92      23413    -6204.2    -6195.58   8.6174      20       361      
 9980.71 92      23414    -6204.2    -6195.58   8.6174      20       361      
 9980.86 92      23415    -6204.2    -6195.58   8.6174      20       361      
 9981.18 92      23450    -6204.2    -6195.58   8.6174      20       361      
 9981.58 92      23500    -6204.2    -6195.58   8.6174      20       361      
 9988.21 93      23663    -6203.97   -6195.58   8.39532     20       362      
 9988.33 93      23664    -6203.97   -6195.58   8.39532     20       362      
 9988.47 93      23665    -6203.97   -6195.58   8.39532     20       362      
 9988.77 93      23700    -6203.97   -6195.58   8.39532     20       362      
 9989.13 93      23750    -6203.97   -6195.58   8.39532     20       362      
 9994.28 94      23913    -6203.78   -6195.58   8.20175     19       363      
 9994.41 94      23914    -6203.78   -6195.58   8.20175     19       363      
 9994.54 94      23915    -6203.78   -6195.58   8.20175     19       363      
 9994.83 94      23950    -6203.78   -6195.58   8.20175     19       363      
 9995.19 94      24000    -6203.78   -6195.58   8.20175     19       363      
 10007.6 95      24163    -6203.61   -6195.58   8.02175     21       365      
-------------------------------------------------------------------------------

SARSOP finishing ...
  Preset timeout reached
  Timeout     : 10000.000000s
  Actual Time : 10007.590000s

-------------------------------------------------------------------------------
 Time   |#Trial |#Backup |LBound    |UBound    |Precision  |#Alphas |#Beliefs  
-------------------------------------------------------------------------------
 10007.6 95      24163    -6203.61   -6195.58   8.02175     21       365      
-------------------------------------------------------------------------------

Writing out policy ...
  output file : RAM4_medium/377d42afc7.policyx

