
Loading the model ...
  input file   : /home/rstudio/RAM4_medium/382a5d3a62.pomdpx
  loading time : 5.24s 

SARSOP initializing ...
  initialization time : 4023.94s

-------------------------------------------------------------------------------
 Time   |#Trial |#Backup |LBound    |UBound    |Precision  |#Alphas |#Beliefs  
-------------------------------------------------------------------------------
 4023.94 0       0        -6599.24   -6587.25   11.9916     101      1        
 4035.59 1       50       -6598.95   -6598.79   0.153313    10       31       
 4083.26 2       100      -6598.85   -6598.8    0.0547939   4        62       
 4126.94 4       150      -6598.81   -6598.81   6.43159e-05 7        76       
 4126.95 4       151      -6598.81   -6598.81   -0.00124932 8        76       
-------------------------------------------------------------------------------

SARSOP finishing ...
  target precision reached
  target precision  : 0.000000
  precision reached : -0.001249 

-------------------------------------------------------------------------------
 Time   |#Trial |#Backup |LBound    |UBound    |Precision  |#Alphas |#Beliefs  
-------------------------------------------------------------------------------
 4126.95 4       151      -6598.81   -6598.81   -0.00124932 6        76       
-------------------------------------------------------------------------------

Writing out policy ...
  output file : RAM4_medium/382a5d3a62.policyx

