
Loading the model ...
  input file   : /home/rstudio/RAM4_medium/382d022d74.pomdpx
  loading time : 4.78s 

SARSOP initializing ...
  initialization time : 5175.67s

-------------------------------------------------------------------------------
 Time   |#Trial |#Backup |LBound    |UBound    |Precision  |#Alphas |#Beliefs  
-------------------------------------------------------------------------------
 5175.67 0       0        -178.981   -165.976   13.0052     101      1        
 5181.25 1       59       -170.909   -166.318   4.59123     11       31       
 5193.75 2       133      -169.808   -166.319   3.48907     11       68       
 5197.58 2       150      -169.808   -166.319   3.48907     17       85       
 5209.16 3       215      -168.834   -166.319   2.51535     24       108      
 5223.84 3       250      -168.834   -166.319   2.51535     25       143      
 5232.45 4       313      -168.263   -166.319   1.94437     19       157      
 5250.52 4       350      -168.263   -166.319   1.94437     26       184      
 5267.29 5       423      -167.976   -166.319   1.65615     19       202      
 5289.03 5       450      -167.976   -166.319   1.65615     21       225      
 5293.06 6       535      -167.787   -166.32    1.46759     21       228      
 5304.88 6       550      -167.787   -166.32    1.46759     18       242      
 5317.4  7       643      -167.625   -166.32    1.30497     12       255      
 5321.14 7       650      -167.625   -166.32    1.30497     12       260      
 5376.86 8       751      -167.48    -166.32    1.15997     14       307      
 5377.89 8       752      -167.48    -166.32    1.15997     13       308      
 5431.08 8       800      -167.48    -166.32    1.15997     14       353      
 5437.87 9       859      -167.344   -166.32    1.02356     9        357      
 5485.82 9       900      -167.344   -166.32    1.02356     10       395      
 5506.73 10      967      -167.238   -166.32    0.917971    11       407      
 5549.5  10      1000     -167.238   -166.32    0.917971    12       440      
 5578.09 11      1071     -167.13    -166.32    0.810109    9        458      
 5614.47 11      1100     -167.13    -166.32    0.810109    12       484      
 5643.34 12      1181     -167.06    -166.32    0.739901    8        501      
 5669.94 12      1200     -167.06    -166.32    0.739901    9        519      
 5732.86 13      1287     -166.99    -166.32    0.669478    12       553      
 5755.32 13      1300     -166.99    -166.32    0.669478    12       566      
 5842.15 14      1395     -166.933   -166.32    0.612467    12       607      
 5851.14 14      1400     -166.933   -166.32    0.612467    10       612      
 5950.06 15      1499     -166.876   -166.321   0.555069    13       659      
 5952.27 15      1500     -166.876   -166.321   0.555069    13       660      
 6062.88 15      1550     -166.876   -166.321   0.555069    11       709      
 6068.81 16      1607     -166.826   -166.321   0.505338    11       711      
 6163.92 16      1650     -166.826   -166.321   0.505338    9        752      
 6193.48 17      1717     -166.78    -166.321   0.459371    14       763      
 6269.04 17      1750     -166.78    -166.321   0.459371    14       796      
 6325.56 18      1827     -166.745   -166.321   0.423826    13       817      
 6383.38 18      1850     -166.745   -166.321   0.423826    13       840      
 6476.15 19      1937     -166.717   -166.321   0.396386    12       871      
 6488.8  19      1950     -166.717   -166.321   0.396386    12       876      
 6611.55 20      2049     -166.686   -166.321   0.365014    13       918      
 6611.75 20      2050     -166.686   -166.321   0.365014    14       918      
 6764.75 20      2100     -166.686   -166.321   0.365014    18       966      
 6788.13 21      2165     -166.666   -166.321   0.344813    13       972      
 6888.03 21      2200     -166.666   -166.321   0.344813    15       1004     
 6964.11 22      2277     -166.642   -166.321   0.320808    12       1025     
 7036.79 22      2300     -166.642   -166.321   0.320808    12       1048     
 7107.85 23      2391     -166.625   -166.321   0.303615    17       1069     
 7138    23      2400     -166.625   -166.321   0.303615    11       1078     
 7323.57 24      2450     -166.625   -166.321   0.303615    11       1127     
 7324.75 24      2509     -166.612   -166.322   0.290758    13       1127     
 7467.61 24      2550     -166.612   -166.322   0.290758    16       1167     
 7544.5  25      2629     -166.603   -166.322   0.281833    14       1185     
 7622.86 25      2650     -166.603   -166.322   0.281833    14       1206     
 7781.6  26      2749     -166.596   -166.322   0.274154    14       1243     
 7781.87 26      2750     -166.596   -166.322   0.274154    14       1243     
 7983.37 26      2800     -166.596   -166.322   0.274154    15       1291     
 8016.01 27      2865     -166.587   -166.322   0.264996    16       1297     
 8070.76 27      2900     -166.587   -166.322   0.264996    15       1310     
 8147.56 28      2983     -166.573   -166.322   0.251733    13       1326     
 8223.49 28      3000     -166.573   -166.322   0.251733    14       1343     
 8440.96 29      3103     -166.566   -166.322   0.244706    17       1386     
 8445.91 29      3104     -166.566   -166.322   0.244706    16       1387     
 8674.38 29      3150     -166.566   -166.322   0.244706    13       1433     
 8740.6  30      3221     -166.559   -166.322   0.236809    12       1444     
 8882.42 30      3250     -166.559   -166.322   0.236809    16       1472     
 9032.36 31      3339     -166.553   -166.322   0.231413    14       1501     
 9082.17 31      3350     -166.553   -166.322   0.231413    13       1512     
 9328.98 32      3455     -166.544   -166.322   0.222332    17       1558     
 9329.32 32      3456     -166.544   -166.322   0.222332    17       1558     
 9422.44 32      3500     -166.544   -166.322   0.222332    15       1577     
 9507.88 33      3575     -166.539   -166.322   0.216908    16       1591     
 9623.08 33      3600     -166.539   -166.322   0.216908    15       1614     
 9821.33 34      3697     -166.534   -166.322   0.212021    19       1649     
 9838.16 34      3700     -166.534   -166.322   0.212021    19       1652     
 10138   34      3750     -166.534   -166.322   0.212021    20       1702     
-------------------------------------------------------------------------------

SARSOP finishing ...
  Preset timeout reached
  Timeout     : 10000.000000s
  Actual Time : 10138.020000s

-------------------------------------------------------------------------------
 Time   |#Trial |#Backup |LBound    |UBound    |Precision  |#Alphas |#Beliefs  
-------------------------------------------------------------------------------
 10138   34      3750     -166.534   -166.322   0.212021    20       1702     
-------------------------------------------------------------------------------

Writing out policy ...
  output file : RAM4_medium/382d022d74.policyx

