
Loading the model ...
  input file   : /home/rstudio/RAM4_medium/3836dc35fc.pomdpx
  loading time : 5.21s 

SARSOP initializing ...
  initialization time : 11302.58s

-------------------------------------------------------------------------------
 Time   |#Trial |#Backup |LBound    |UBound    |Precision  |#Alphas |#Beliefs  
-------------------------------------------------------------------------------
 11302.6 0       0        -3830.16   -232.889   3597.27     101      1        
-------------------------------------------------------------------------------

SARSOP finishing ...
  Preset timeout reached
  Timeout     : 10000.000000s
  Actual Time : 11302.720000s

-------------------------------------------------------------------------------
 Time   |#Trial |#Backup |LBound    |UBound    |Precision  |#Alphas |#Beliefs  
-------------------------------------------------------------------------------
 11302.7 0       1        -3826.34   -3641.88   184.454     34       2        
-------------------------------------------------------------------------------

Writing out policy ...
  output file : RAM4_medium/3836dc35fc.policyx

