
Loading the model ...
  input file   : /home/rstudio/RAM4_medium/3844ccf7cd.pomdpx
  loading time : 4.90s 

SARSOP initializing ...
  initialization time : 5139.58s

-------------------------------------------------------------------------------
 Time   |#Trial |#Backup |LBound    |UBound    |Precision  |#Alphas |#Beliefs  
-------------------------------------------------------------------------------
 5139.58 0       0        -5217.12   -5213.72   3.40542     101      1        
 5146.11 1       51       -5216.81   -5216.64   0.170836    1        27       
 5165.73 2       100      -5216.7    -5216.65   0.0574286   1        53       
 5194.02 3       150      -5216.66   -5216.65   0.0130684   1        81       
 5199.84 4       169      -5216.65   -5216.65   -0.00144747 1        85       
-------------------------------------------------------------------------------

SARSOP finishing ...
  target precision reached
  target precision  : 0.000000
  precision reached : -0.001447 

-------------------------------------------------------------------------------
 Time   |#Trial |#Backup |LBound    |UBound    |Precision  |#Alphas |#Beliefs  
-------------------------------------------------------------------------------
 5199.84 4       169      -5216.65   -5216.65   -0.00144747 1        85       
-------------------------------------------------------------------------------

Writing out policy ...
  output file : RAM4_medium/3844ccf7cd.policyx

