
Loading the model ...
  input file   : /home/rstudio/RAM4_medium/3848db649.pomdpx
  loading time : 5.05s 

SARSOP initializing ...
  initialization time : 9572.12s

-------------------------------------------------------------------------------
 Time   |#Trial |#Backup |LBound    |UBound    |Precision  |#Alphas |#Beliefs  
-------------------------------------------------------------------------------
 9572.12 0       0        -417.457   -238.07    179.387     101      1        
 9577.92 1       87       -409.878   -401.141   8.7367      42       34       
 9580.82 1       100      -409.878   -401.141   8.7367      43       44       
 9583.94 2       197      -408.057   -401.142   6.91465     37       50       
 9585.06 2       200      -408.057   -401.142   6.91465     19       53       
 9602.42 2       250      -408.057   -401.142   6.91465     20       76       
 9609.01 3       315      -407.113   -401.143   5.96944     18       81       
 9609.16 3       350      -407.113   -401.143   5.96944     15       81       
 9615.17 4       435      -406.48    -401.143   5.33704     18       89       
 9615.26 4       450      -406.48    -401.143   5.33704     13       89       
 9618.57 5       557      -406.014   -401.144   4.87078     18       93       
 9619.35 5       558      -406.014   -401.144   4.87078     18       94       
 9625.24 5       600      -406.014   -401.144   4.87078     14       101      
 9628.67 6       679      -405.581   -401.144   4.43729     13       104      
 9637.03 6       700      -405.581   -401.144   4.43729     13       113      
 9648.73 7       805      -405.265   -401.144   4.12025     11       122      
 9648.77 7       806      -405.265   -401.144   4.12025     11       122      
 9659.82 7       850      -405.265   -401.144   4.12025     9        131      
 9670.74 8       935      -404.963   -401.145   3.81818     9        138      
 9686.39 8       950      -404.963   -401.145   3.81818     7        149      
 9697.56 8       1000     -404.963   -401.145   3.81818     7        156      
 9698.03 9       1067     -404.719   -401.145   3.57367     8        156      
 9711.57 9       1100     -404.719   -401.145   3.57367     8        165      
 9718.6  10      1201     -404.529   -401.146   3.38283     9        169      
 9718.65 10      1202     -404.529   -401.146   3.38283     7        169      
 9739.29 10      1250     -404.529   -401.146   3.38283     9        182      
 9751.89 11      1335     -404.328   -401.146   3.18241     7        188      
 9771.16 11      1350     -404.328   -401.146   3.18241     10       199      
 9825.11 11      1400     -404.328   -401.146   3.18241     8        223      
 9825.92 12      1467     -404.181   -401.146   3.03483     11       223      
 9852.32 12      1500     -404.181   -401.146   3.03483     9        236      
 9895.11 13      1603     -404.046   -401.147   2.89957     7        253      
 9895.19 13      1604     -404.046   -401.147   2.89957     7        253      
 9910.91 13      1650     -404.046   -401.147   2.89957     6        260      
 9929.63 14      1739     -403.915   -401.147   2.76823     10       267      
 9929.78 14      1750     -403.915   -401.147   2.76823     10       267      
 9968.17 14      1800     -403.915   -401.147   2.76823     8        281      
 9987.73 15      1875     -403.803   -401.147   2.65561     8        287      
 10007.1 15      1900     -403.803   -401.147   2.65561     9        294      
-------------------------------------------------------------------------------

SARSOP finishing ...
  Preset timeout reached
  Timeout     : 10000.000000s
  Actual Time : 10007.070000s

-------------------------------------------------------------------------------
 Time   |#Trial |#Backup |LBound    |UBound    |Precision  |#Alphas |#Beliefs  
-------------------------------------------------------------------------------
 10007.1 15      1900     -403.803   -401.147   2.65561     9        294      
-------------------------------------------------------------------------------

Writing out policy ...
  output file : RAM4_medium/3848db649.policyx

