
Loading the model ...
  input file   : /home/rstudio/RAM4_medium/38540f5974.pomdpx
  loading time : 4.85s 

SARSOP initializing ...
  initialization time : 8238.38s

-------------------------------------------------------------------------------
 Time   |#Trial |#Backup |LBound    |UBound    |Precision  |#Alphas |#Beliefs  
-------------------------------------------------------------------------------
 8238.38 0       0        -3061.12   -112.77    2948.35     101      1        
 8247.3  1       79       -3036.31   -3026.86   9.44873     78       23       
 8254.4  1       100      -3036.31   -3026.86   9.44873     25       34       
 8268.81 1       150      -3036.31   -3026.86   9.44873     22       47       
 8273.26 2       227      -3034.8    -3026.86   7.94016     41       50       
 8283.72 2       250      -3034.8    -3026.86   7.94016     29       63       
 8291.37 3       359      -3031.66   -3026.86   4.79926     31       68       
 8291.4  3       360      -3031.66   -3026.86   4.79926     26       68       
 8291.61 3       400      -3031.66   -3026.86   4.79926     22       68       
 8291.88 3       450      -3031.66   -3026.86   4.79926     21       68       
 8297.8  4       555      -3031.26   -3026.86   4.40075     24       73       
 8297.83 4       556      -3031.26   -3026.86   4.40075     20       73       
 8311.3  4       600      -3031.26   -3026.86   4.40075     19       83       
 8321.55 4       650      -3031.26   -3026.86   4.40075     17       89       
 8322.46 5       747      -3030.98   -3026.86   4.11669     17       89       
 8322.52 5       750      -3030.98   -3026.86   4.11669     14       89       
 8346.13 5       800      -3030.98   -3026.86   4.11669     15       101      
 8408.05 6       935      -3030.81   -3026.86   3.9504      15       124      
 8408.12 6       936      -3030.81   -3026.86   3.9504      14       124      
 8437.31 6       950      -3030.81   -3026.86   3.9504      17       134      
 8437.68 6       1000     -3030.81   -3026.86   3.9504      18       134      
 8493.45 7       1117     -3030.58   -3026.86   3.72463     12       150      
 8493.54 7       1118     -3030.58   -3026.86   3.72463     12       150      
 8499.42 7       1150     -3030.58   -3026.86   3.72463     18       152      
 8543.56 7       1200     -3030.58   -3026.86   3.72463     14       164      
 8575.28 8       1297     -3030.47   -3026.86   3.6121      14       171      
 8586.91 8       1300     -3030.47   -3026.86   3.6121      11       174      
 8666.57 8       1350     -3030.47   -3026.86   3.6121      11       192      
 8754.97 9       1467     -3029.9    -3026.86   3.04497     10       209      
 8759.12 9       1468     -3029.9    -3026.86   3.04497     10       210      
 8796.99 9       1500     -3029.9    -3026.86   3.04497     12       219      
 8818.09 9       1550     -3029.9    -3026.86   3.04497     13       224      
 8873.6  10      1659     -3029.82   -3026.86   2.96006     12       235      
 8879.17 10      1660     -3029.82   -3026.86   2.96006     12       236      
 8976.49 10      1700     -3029.82   -3026.86   2.96006     13       256      
 8988.9  10      1750     -3029.82   -3026.86   2.96006     12       258      
 9002.45 11      1847     -3029.74   -3026.86   2.87456     15       260      
 9002.61 11      1850     -3029.74   -3026.86   2.87456     13       260      
 9051.7  11      1900     -3029.74   -3026.86   2.87456     14       269      
 9194.05 12      2031     -3029.64   -3026.86   2.78059     14       291      
 9194.21 12      2032     -3029.64   -3026.86   2.78059     13       291      
 9194.62 12      2050     -3029.64   -3026.86   2.78059     16       291      
 9195.13 12      2100     -3029.64   -3026.86   2.78059     15       291      
 9261.58 13      2211     -3029.57   -3026.86   2.7047      14       301      
 9261.74 13      2212     -3029.57   -3026.86   2.7047      12       301      
 9329.96 13      2250     -3029.57   -3026.86   2.7047      14       311      
 9407.63 14      2387     -3029.51   -3026.86   2.65317     14       321      
 9407.82 14      2388     -3029.51   -3026.86   2.65317     14       321      
 9495.86 14      2400     -3029.51   -3026.86   2.65317     17       332      
 9559.77 14      2450     -3029.51   -3026.86   2.65317     17       340      
 9672.58 15      2559     -3029.44   -3026.86   2.5759      11       353      
 9676.96 15      2560     -3029.44   -3026.86   2.5759      11       354      
 9734.14 15      2600     -3029.44   -3026.86   2.5759      13       363      
 9819.47 16      2729     -3028.93   -3026.86   2.06789     10       374      
 9819.61 16      2730     -3028.93   -3026.86   2.06789     11       374      
 9925.81 16      2750     -3028.93   -3026.86   2.06789     10       390      
 10010.7 16      2800     -3028.93   -3026.86   2.06789     13       402      
-------------------------------------------------------------------------------

SARSOP finishing ...
  Preset timeout reached
  Timeout     : 10000.000000s
  Actual Time : 10010.660000s

-------------------------------------------------------------------------------
 Time   |#Trial |#Backup |LBound    |UBound    |Precision  |#Alphas |#Beliefs  
-------------------------------------------------------------------------------
 10010.7 16      2800     -3028.93   -3026.86   2.06789     13       402      
-------------------------------------------------------------------------------

Writing out policy ...
  output file : RAM4_medium/38540f5974.policyx

