
Loading the model ...
  input file   : /home/rstudio/RAM4_medium/3861adda6f.pomdpx
  loading time : 5.01s 

SARSOP initializing ...
  initialization time : 8074.20s

-------------------------------------------------------------------------------
 Time   |#Trial |#Backup |LBound    |UBound    |Precision  |#Alphas |#Beliefs  
-------------------------------------------------------------------------------
 8074.2  0       0        -240.765   -224.639   16.1258     101      1        
 8086.54 1       81       -232.312   -225.091   7.22093     18       40       
 8090.9  1       100      -232.312   -225.091   7.22093     28       51       
 8093.93 2       183      -230.86    -225.092   5.76768     23       56       
 8100.79 2       200      -230.86    -225.092   5.76768     9        69       
 8111.99 3       293      -230.004   -225.093   4.91167     14       83       
 8113.84 3       300      -230.004   -225.093   4.91167     10       87       
 8127.68 4       350      -230.004   -225.093   4.91167     12       108      
 8128.09 4       407      -229.375   -225.093   4.28229     14       108      
 8131.82 4       450      -229.375   -225.093   4.28229     8        114      
 8139.79 5       525      -228.895   -225.093   3.80229     9        124      
 8153.5  5       550      -228.895   -225.093   3.80229     10       140      
 8162.9  6       643      -228.496   -225.093   3.4027      10       148      
 8169.54 6       650      -228.496   -225.093   3.4027      8        155      
 8174.52 6       700      -228.496   -225.093   3.4027      10       160      
 8179.83 7       767      -228.206   -225.094   3.11182     8        164      
 8216.78 7       800      -228.206   -225.094   3.11182     9        192      
 8240.45 8       889      -227.909   -225.094   2.81485     9        205      
 8240.58 8       900      -227.909   -225.094   2.81485     5        205      
 8247.65 8       950      -227.909   -225.094   2.81485     7        210      
 8249.36 9       1015     -227.729   -225.094   2.63451     6        211      
 8265.96 9       1050     -227.729   -225.094   2.63451     6        222      
 8288.53 10      1143     -227.568   -225.095   2.47364     6        234      
 8288.63 10      1150     -227.568   -225.095   2.47364     6        234      
 8290.3  10      1200     -227.568   -225.095   2.47364     6        235      
 8301.53 11      1273     -227.419   -225.095   2.32472     7        242      
 8312.2  11      1300     -227.419   -225.095   2.32472     6        249      
 8332.5  12      1401     -227.271   -225.095   2.1764      7        260      
 8332.58 12      1402     -227.271   -225.095   2.1764      7        260      
 8354.6  12      1450     -227.271   -225.095   2.1764      7        272      
 8374.06 13      1529     -227.159   -225.095   2.06363     9        281      
 8390.75 13      1550     -227.159   -225.095   2.06363     8        290      
 8425.39 14      1659     -227.033   -225.095   1.93787     7        305      
 8427.51 14      1660     -227.033   -225.095   1.93787     7        306      
 8453.44 14      1700     -227.033   -225.095   1.93787     7        318      
 8483.62 15      1789     -226.948   -225.095   1.85264     6        330      
 8483.79 15      1800     -226.948   -225.095   1.85264     7        330      
 8492.83 15      1850     -226.948   -225.095   1.85264     6        334      
 8502.4  16      1921     -226.851   -225.095   1.75592     7        338      
 8502.65 16      1950     -226.851   -225.095   1.75592     5        338      
 8539.35 17      2053     -226.777   -225.096   1.68133     12       353      
 8539.46 17      2054     -226.777   -225.096   1.68133     13       353      
 8570.78 17      2100     -226.777   -225.096   1.68133     7        366      
 8616.42 18      2185     -226.696   -225.096   1.60084     8        383      
 8645.33 18      2200     -226.696   -225.096   1.60084     6        394      
 8710.19 18      2250     -226.696   -225.096   1.60084     10       415      
 8713.85 19      2317     -226.626   -225.096   1.52948     7        416      
 8732.61 19      2350     -226.626   -225.096   1.52948     6        423      
 8791.97 20      2449     -226.555   -225.097   1.45842     10       442      
 8792.08 20      2450     -226.555   -225.097   1.45842     11       442      
 8792.5  20      2500     -226.555   -225.097   1.45842     9        442      
 8836.95 21      2583     -226.507   -225.097   1.41044     10       456      
 8890.73 21      2600     -226.507   -225.097   1.41044     10       473      
 8959.01 22      2715     -226.445   -225.097   1.34828     10       490      
 8959.13 22      2716     -226.445   -225.097   1.34828     10       490      
 8959.45 22      2750     -226.445   -225.097   1.34828     6        490      
 9053.28 23      2849     -226.393   -225.097   1.29631     9        516      
 9053.44 23      2850     -226.393   -225.097   1.29631     9        516      
 9126.57 23      2900     -226.393   -225.097   1.29631     9        536      
 9189.7  24      2981     -226.343   -225.097   1.24583     10       550      
 9190.03 24      3000     -226.343   -225.097   1.24583     10       550      
 9237.7  25      3115     -226.305   -225.097   1.20717     10       563      
 9237.86 25      3116     -226.305   -225.097   1.20717     10       563      
 9265.98 25      3150     -226.305   -225.097   1.20717     10       571      
 9303.73 26      3247     -226.261   -225.097   1.16386     10       580      
 9307.46 26      3250     -226.261   -225.097   1.16386     8        581      
 9405.45 26      3300     -226.261   -225.097   1.16386     9        605      
 9467.41 27      3379     -226.227   -225.097   1.12909     10       617      
 9506.94 27      3400     -226.227   -225.097   1.12909     9        626      
 9596.86 28      3511     -226.183   -225.097   1.08576     10       645      
 9597.06 28      3512     -226.183   -225.097   1.08576     11       645      
 9668.02 28      3550     -226.183   -225.097   1.08576     12       661      
 9697.58 29      3645     -226.159   -225.098   1.06163     9        666      
 9712.27 29      3650     -226.159   -225.098   1.06163     10       669      
 9876.15 29      3700     -226.159   -225.098   1.06163     13       700      
 9952.2  30      3779     -226.125   -225.098   1.02767     16       711      
 10034.2 30      3800     -226.125   -225.098   1.02767     10       726      
-------------------------------------------------------------------------------

SARSOP finishing ...
  Preset timeout reached
  Timeout     : 10000.000000s
  Actual Time : 10034.250000s

-------------------------------------------------------------------------------
 Time   |#Trial |#Backup |LBound    |UBound    |Precision  |#Alphas |#Beliefs  
-------------------------------------------------------------------------------
 10034.2 30      3800     -226.125   -225.098   1.02767     10       726      
-------------------------------------------------------------------------------

Writing out policy ...
  output file : RAM4_medium/3861adda6f.policyx

