
Loading the model ...
  input file   : /home/rstudio/RAM4_medium/386d35a87a.pomdpx
  loading time : 5.06s 

SARSOP initializing ...
  initialization time : 9190.95s

-------------------------------------------------------------------------------
 Time   |#Trial |#Backup |LBound    |UBound    |Precision  |#Alphas |#Beliefs  
-------------------------------------------------------------------------------
 9190.95 0       0        -319.983   -312.375   7.60868     101      1        
 9204.63 0       50       -319.32    -312.731   6.58951     29       37       
 9210.49 1       113      -318.039   -312.732   5.30684     16       44       
 9224.32 1       150      -318.039   -312.732   5.30684     11       61       
 9235.38 2       229      -317.085   -312.733   4.35279     8        71       
 9235.46 2       250      -317.085   -312.733   4.35279     7        71       
 9239.7  3       355      -316.658   -312.733   3.92534     5        77       
 9239.72 3       356      -316.658   -312.733   3.92534     6        77       
 9239.84 3       400      -316.658   -312.733   3.92534     6        77       
 9246.31 4       483      -316.229   -312.733   3.49546     5        85       
 9254.7  4       500      -316.229   -312.733   3.49546     6        95       
 9260.15 5       550      -316.229   -312.733   3.49546     7        100      
 9261.41 5       617      -315.943   -312.734   3.20909     6        101      
 9271.24 5       650      -315.943   -312.734   3.20909     6        111      
 9277.06 6       751      -315.671   -312.735   2.93647     6        116      
 9277.1  6       752      -315.671   -312.735   2.93647     7        116      
 9288.29 6       800      -315.671   -312.735   2.93647     7        126      
 9296.26 7       887      -315.437   -312.735   2.70236     7        132      
 9301.47 7       900      -315.437   -312.735   2.70236     5        137      
 9315.96 7       950      -315.437   -312.735   2.70236     6        147      
 9322.63 8       1023     -315.257   -312.735   2.52193     5        151      
 9333.12 8       1050     -315.257   -312.735   2.52193     4        159      
 9356.38 9       1159     -315.118   -312.735   2.38346     5        172      
 9356.43 9       1160     -315.118   -312.735   2.38346     4        172      
 9368.32 9       1200     -315.118   -312.735   2.38346     5        180      
 9387.69 10      1295     -314.968   -312.735   2.23309     6        190      
 9387.76 10      1300     -314.968   -312.735   2.23309     4        190      
 9393.23 10      1350     -314.968   -312.735   2.23309     6        193      
 9416.32 11      1431     -314.851   -312.735   2.11609     7        205      
 9416.44 11      1450     -314.851   -312.735   2.11609     4        205      
 9436.31 12      1567     -314.758   -312.735   2.02297     8        215      
 9436.37 12      1568     -314.758   -312.735   2.02297     8        215      
 9452.28 12      1600     -314.758   -312.735   2.02297     6        223      
 9479.73 13      1701     -314.638   -312.736   1.90241     6        235      
 9481.96 13      1702     -314.638   -312.736   1.90241     6        236      
 9503.11 13      1750     -314.638   -312.736   1.90241     5        245      
 9516.07 14      1839     -314.539   -312.736   1.80297     6        250      
 9531.48 14      1850     -314.539   -312.736   1.80297     4        257      
 9554.76 14      1900     -314.539   -312.736   1.80297     6        266      
 9572.71 15      1975     -314.469   -312.736   1.73275     6        272      
 9584.03 15      2000     -314.469   -312.736   1.73275     6        277      
 9644.35 16      2113     -314.392   -312.736   1.65587     6        298      
 9644.44 16      2114     -314.392   -312.736   1.65587     6        298      
 9654.95 16      2150     -314.392   -312.736   1.65587     5        302      
 9683.73 17      2249     -314.317   -312.736   1.58048     7        312      
 9686.39 17      2250     -314.317   -312.736   1.58048     6        313      
 9703.09 17      2300     -314.317   -312.736   1.58048     8        319      
 9728    18      2385     -314.244   -312.736   1.50744     6        327      
 9764.27 18      2400     -314.244   -312.736   1.50744     5        339      
 9810.51 18      2450     -314.244   -312.736   1.50744     6        352      
 9822.46 19      2521     -314.195   -312.736   1.45835     9        355      
 9844.99 19      2550     -314.195   -312.736   1.45835     8        362      
 9869.29 20      2657     -314.149   -312.737   1.41201     7        369      
 9872.53 20      2658     -314.149   -312.737   1.41201     8        370      
 9902.07 20      2700     -314.149   -312.737   1.41201     8        379      
 9968.8  21      2791     -314.079   -312.738   1.34117     8        396      
 9989.66 21      2800     -314.079   -312.738   1.34117     6        402      
 10052.8 21      2850     -314.079   -312.738   1.34117     9        417      
-------------------------------------------------------------------------------

SARSOP finishing ...
  Preset timeout reached
  Timeout     : 10000.000000s
  Actual Time : 10052.760000s

-------------------------------------------------------------------------------
 Time   |#Trial |#Backup |LBound    |UBound    |Precision  |#Alphas |#Beliefs  
-------------------------------------------------------------------------------
 10052.8 21      2850     -314.079   -312.738   1.34117     9        417      
-------------------------------------------------------------------------------

Writing out policy ...
  output file : RAM4_medium/386d35a87a.policyx

