
Loading the model ...
  input file   : /home/rstudio/RAM4_medium/387d6f6c9c.pomdpx
  loading time : 4.88s 

SARSOP initializing ...
  initialization time : 6802.81s

-------------------------------------------------------------------------------
 Time   |#Trial |#Backup |LBound    |UBound    |Precision  |#Alphas |#Beliefs  
-------------------------------------------------------------------------------
 6802.81 0       0        -253.207   -242.468   10.7391     101      1        
 6808.41 1       93       -248.059   -242.751   5.30815     14       30       
 6808.43 1       100      -248.059   -242.751   5.30815     21       30       
 6810.01 2       193      -246.963   -242.751   4.21146     16       36       
 6811.32 2       200      -246.963   -242.751   4.21146     23       42       
 6818.1  3       295      -246.27    -242.751   3.51857     11       59       
 6819.74 3       300      -246.27    -242.751   3.51857     7        64       
 6831.02 4       403      -245.79    -242.752   3.03878     11       84       
 6831.04 4       404      -245.79    -242.752   3.03878     12       84       
 6837.61 4       450      -245.79    -242.752   3.03878     13       97       
 6842.94 5       517      -245.47    -242.752   2.71851     9        104      
 6857.63 5       550      -245.47    -242.752   2.71851     10       127      
 6862.44 6       633      -245.092   -242.752   2.34031     7        132      
 6872.56 6       650      -245.092   -242.752   2.34031     7        146      
 6923.49 7       747      -244.801   -242.752   2.04885     12       186      
 6926.33 7       750      -244.801   -242.752   2.04885     13       189      
 6931.3  7       800      -244.801   -242.752   2.04885     11       194      
 6938.96 8       867      -244.571   -242.752   1.81842     8        201      
 6977.96 8       900      -244.571   -242.752   1.81842     10       234      
 7023.39 9       989      -244.372   -242.753   1.61949     9        261      
 7038.25 9       1000     -244.372   -242.753   1.61949     10       272      
 7071.59 9       1050     -244.372   -242.753   1.61949     9        293      
 7073.74 10      1115     -244.257   -242.753   1.50404     8        294      
 7094.01 10      1150     -244.257   -242.753   1.50404     9        308      
 7136.81 11      1243     -244.173   -242.753   1.42007     10       330      
 7148.61 11      1250     -244.173   -242.753   1.42007     11       337      
 7220.11 11      1300     -244.173   -242.753   1.42007     14       373      
 7234.45 12      1371     -244.059   -242.754   1.30495     8        379      
 7292.93 12      1400     -244.059   -242.754   1.30495     12       408      
 7376.12 13      1499     -243.977   -242.754   1.22315     9        441      
 7376.22 13      1500     -243.977   -242.754   1.22315     10       441      
 7455.75 13      1550     -243.977   -242.754   1.22315     11       474      
 7490.17 14      1627     -243.897   -242.754   1.14372     9        486      
 7541.39 14      1650     -243.897   -242.754   1.14372     10       507      
 7657.65 15      1753     -243.833   -242.754   1.07932     12       545      
 7660.48 15      1754     -243.833   -242.754   1.07932     13       546      
 7808.84 15      1800     -243.833   -242.754   1.07932     17       592      
 7871.34 16      1881     -243.771   -242.754   1.01686     9        608      
 7922.31 16      1900     -243.771   -242.754   1.01686     10       624      
 8088.64 17      2009     -243.723   -242.754   0.96873     12       668      
 8088.78 17      2010     -243.723   -242.754   0.96873     13       668      
 8211.18 17      2050     -243.723   -242.754   0.96873     16       704      
 8288.02 18      2137     -243.677   -242.754   0.923061    9        723      
 8321.79 18      2150     -243.677   -242.754   0.923061    10       733      
 8475.95 18      2200     -243.677   -242.754   0.923061    12       771      
 8477.09 19      2265     -243.635   -242.754   0.881175    9        771      
 8593.55 19      2300     -243.635   -242.754   0.881175    10       800      
 8690.49 20      2393     -243.599   -242.754   0.844895    14       822      
 8702.31 20      2400     -243.599   -242.754   0.844895    11       825      
 8864.34 20      2450     -243.599   -242.754   0.844895    9        863      
 8892.5  21      2521     -243.554   -242.754   0.79973     12       869      
 9014.95 21      2550     -243.554   -242.754   0.79973     13       898      
 9072.48 22      2649     -243.522   -242.754   0.767864    10       909      
 9077.07 22      2650     -243.522   -242.754   0.767864    9        910      
 9237.08 22      2700     -243.522   -242.754   0.767864    10       943      
 9300.63 23      2777     -243.49    -242.754   0.73555     13       955      
 9399.75 23      2800     -243.49    -242.754   0.73555     11       975      
 9629.13 24      2907     -243.467   -242.754   0.7131      12       1016     
 9629.35 24      2908     -243.467   -242.754   0.7131      12       1016     
 9829.03 24      2950     -243.467   -242.754   0.7131      12       1052     
 9968.39 25      3037     -243.444   -242.754   0.68987     11       1073     
 10024.1 25      3050     -243.444   -242.754   0.68987     13       1083     
-------------------------------------------------------------------------------

SARSOP finishing ...
  Preset timeout reached
  Timeout     : 10000.000000s
  Actual Time : 10024.080000s

-------------------------------------------------------------------------------
 Time   |#Trial |#Backup |LBound    |UBound    |Precision  |#Alphas |#Beliefs  
-------------------------------------------------------------------------------
 10024.1 25      3050     -243.444   -242.754   0.68987     13       1083     
-------------------------------------------------------------------------------

Writing out policy ...
  output file : RAM4_medium/387d6f6c9c.policyx

