
Loading the model ...
  input file   : /home/rstudio/RAM4_medium/387d42afc7.pomdpx
  loading time : 5.02s 

SARSOP initializing ...
  initialization time : 14686.44s

-------------------------------------------------------------------------------
 Time   |#Trial |#Backup |LBound    |UBound    |Precision  |#Alphas |#Beliefs  
-------------------------------------------------------------------------------
 14686.4 0       0        -8080.59   -327.863   7752.73     101      1        
-------------------------------------------------------------------------------

SARSOP finishing ...
  Preset timeout reached
  Timeout     : 10000.000000s
  Actual Time : 14686.710000s

-------------------------------------------------------------------------------
 Time   |#Trial |#Backup |LBound    |UBound    |Precision  |#Alphas |#Beliefs  
-------------------------------------------------------------------------------
 14686.7 0       1        -8010.55   -4221.53   3789.02     39       2        
-------------------------------------------------------------------------------

Writing out policy ...
  output file : RAM4_medium/387d42afc7.policyx

