
Loading the model ...
  input file   : /home/rstudio/RAM4_medium/3913580c6a.pomdpx
  loading time : 4.97s 

SARSOP initializing ...
  initialization time : 7761.18s

-------------------------------------------------------------------------------
 Time   |#Trial |#Backup |LBound    |UBound    |Precision  |#Alphas |#Beliefs  
-------------------------------------------------------------------------------
 7761.18 0       0        -463.746   -463.327   0.418773    101      1        
 7789.93 1       57       -463.639   -463.43    0.209308    30       30       
 7808.28 1       100      -463.639   -463.43    0.209308    48       66       
 7822.17 2       165      -463.6     -463.43    0.169775    34       77       
 7836.11 2       200      -463.6     -463.43    0.169775    29       95       
 7871.59 3       279      -463.585   -463.431   0.154359    37       116      
 7886.47 3       300      -463.585   -463.431   0.154359    23       131      
 7908.15 4       383      -463.556   -463.431   0.125235    22       148      
 7922.17 4       400      -463.556   -463.431   0.125235    19       161      
 7957.44 5       503      -463.545   -463.431   0.113836    32       184      
 7958.92 5       504      -463.545   -463.431   0.113836    31       185      
 7990.16 5       550      -463.545   -463.431   0.113836    18       206      
 8014.43 6       621      -463.537   -463.432   0.105046    27       218      
 8048.99 6       650      -463.537   -463.432   0.105046    22       240      
 8099.32 7       737      -463.527   -463.432   0.0945356   28       265      
 8125.12 7       750      -463.527   -463.432   0.0945356   22       278      
 8168.75 8       861      -463.522   -463.433   0.0896079   32       298      
 8171.07 8       862      -463.522   -463.433   0.0896079   30       299      
 8243.08 8       900      -463.522   -463.433   0.0896079   17       332      
 8293.99 9       981      -463.518   -463.433   0.0852443   20       351      
 8342.27 9       1000     -463.518   -463.433   0.0852443   11       370      
 8447.36 10      1101     -463.513   -463.433   0.0800733   20       407      
 8450.5  10      1102     -463.513   -463.433   0.0800733   20       408      
 8541.32 10      1150     -463.513   -463.433   0.0800733   20       439      
 8580.98 11      1221     -463.51    -463.434   0.0766368   16       450      
 8642.07 11      1250     -463.51    -463.434   0.0766368   13       469      
 8745.55 12      1339     -463.504   -463.434   0.0703486   18       498      
 8784.79 12      1350     -463.504   -463.434   0.0703486   16       509      
 8860.86 12      1400     -463.504   -463.434   0.0703486   15       530      
 8878.74 13      1469     -463.502   -463.434   0.0679301   19       534      
 8926.41 13      1500     -463.502   -463.434   0.0679301   15       547      
 9035.69 14      1599     -463.5     -463.435   0.065682    18       575      
 9039.95 14      1600     -463.5     -463.435   0.065682    19       576      
 9114.45 14      1650     -463.5     -463.435   0.065682    16       595      
 9186.04 15      1731     -463.499   -463.435   0.0637508   25       610      
 9249.42 15      1750     -463.499   -463.435   0.0637508   25       625      
 9328.24 16      1863     -463.498   -463.435   0.0625685   21       641      
 9333.35 16      1864     -463.498   -463.435   0.0625685   20       642      
 9418.84 16      1900     -463.498   -463.435   0.0625685   18       662      
 9542.01 17      1993     -463.497   -463.436   0.0610284   22       689      
 9575.71 17      2000     -463.497   -463.436   0.0610284   22       696      
 9823.11 17      2050     -463.497   -463.436   0.0610284   21       746      
 9876.37 18      2125     -463.495   -463.436   0.0593548   23       755      
 9978.02 18      2150     -463.495   -463.436   0.0593548   20       774      
 10057.4 19      2259     -463.495   -463.436   0.0587987   25       787      
-------------------------------------------------------------------------------

SARSOP finishing ...
  Preset timeout reached
  Timeout     : 10000.000000s
  Actual Time : 10057.410000s

-------------------------------------------------------------------------------
 Time   |#Trial |#Backup |LBound    |UBound    |Precision  |#Alphas |#Beliefs  
-------------------------------------------------------------------------------
 10057.4 19      2259     -463.495   -463.436   0.0587987   25       787      
-------------------------------------------------------------------------------

Writing out policy ...
  output file : RAM4_medium/3913580c6a.policyx

