
Loading the model ...
  input file   : /home/rstudio/RAM4_medium/3936dc35fc.pomdpx
  loading time : 4.96s 

SARSOP initializing ...
  initialization time : 5666.77s

-------------------------------------------------------------------------------
 Time   |#Trial |#Backup |LBound    |UBound    |Precision  |#Alphas |#Beliefs  
-------------------------------------------------------------------------------
 5666.77 0       0        -1878.25   -191.604   1686.65     101      1        
 5677.55 0       50       -1877.12   -1871.7    5.42152     42       51       
 5682.1  1       119      -1875.8    -1871.7    4.09938     56       61       
 5691.92 1       150      -1875.8    -1871.7    4.09938     34       92       
 5703.3  2       237      -1874.52   -1871.71   2.81303     56       115      
 5708.7  2       250      -1874.52   -1871.71   2.81303     23       128      
 5727.36 2       300      -1874.52   -1871.71   2.81303     43       161      
 5735.21 3       391      -1874.21   -1871.71   2.49867     33       170      
 5741.14 3       400      -1874.21   -1871.71   2.49867     19       179      
 5745.97 3       450      -1874.21   -1871.71   2.49867     24       188      
 5756.65 4       539      -1874.03   -1871.71   2.31642     18       202      
 5764.96 4       550      -1874.03   -1871.71   2.31642     18       213      
 5806.41 4       600      -1874.03   -1871.71   2.31642     22       258      
 5820.6  5       685      -1873.89   -1871.71   2.17711     13       270      
 5837.7  5       700      -1873.89   -1871.71   2.17711     13       285      
 5849.09 5       750      -1873.89   -1871.71   2.17711     12       295      
 5858.45 6       829      -1873.81   -1871.71   2.0978      19       302      
 5876.22 6       850      -1873.81   -1871.71   2.0978      11       323      
 5922.93 7       965      -1873.39   -1871.71   1.67372     14       365      
 5923.95 7       966      -1873.39   -1871.71   1.67372     12       366      
 5939.77 7       1000     -1873.39   -1871.71   1.67372     10       382      
 5952.62 8       1133     -1873.33   -1871.71   1.61263     11       393      
 5953.89 8       1134     -1873.33   -1871.71   1.61263     12       394      
 5973.78 8       1150     -1873.33   -1871.71   1.61263     13       410      
 6052.26 8       1200     -1873.33   -1871.71   1.61263     14       460      
 6082.22 9       1297     -1873.27   -1871.72   1.55611     13       475      
 6087.8  9       1300     -1873.27   -1871.72   1.55611     13       478      
 6191.03 9       1350     -1873.27   -1871.72   1.55611     14       528      
 6258.38 10      1459     -1873.25   -1871.72   1.52776     15       555      
 6261.06 10      1460     -1873.25   -1871.72   1.52776     16       556      
 6367.45 10      1500     -1873.25   -1871.72   1.52776     12       596      
 6445.74 11      1617     -1873.17   -1871.72   1.45528     14       625      
 6445.86 11      1618     -1873.17   -1871.72   1.45528     15       625      
 6495.21 11      1650     -1873.17   -1871.72   1.45528     17       648      
 6576.27 12      1777     -1873.16   -1871.72   1.4409      16       680      
 6578.95 12      1778     -1873.16   -1871.72   1.4409      17       681      
 6642.69 12      1800     -1873.16   -1871.72   1.4409      19       703      
 6795.9  12      1850     -1873.16   -1871.72   1.4409      11       753      
 6813.84 13      1935     -1873.11   -1871.72   1.39423     16       758      
 6856.18 13      1950     -1873.11   -1871.72   1.39423     12       773      
 6953.85 13      2000     -1873.11   -1871.72   1.39423     15       805      
 6994.99 14      2091     -1873.08   -1871.72   1.36393     19       817      
 7017.89 14      2100     -1873.08   -1871.72   1.36393     18       825      
 7168.83 14      2150     -1873.08   -1871.72   1.36393     26       875      
 7220.77 15      2245     -1873.06   -1871.72   1.34645     23       892      
 7228.74 15      2250     -1873.06   -1871.72   1.34645     22       895      
 7391.17 15      2300     -1873.06   -1871.72   1.34645     21       945      
 7465.77 16      2397     -1873.04   -1871.72   1.32266     24       965      
 7466.06 16      2400     -1873.04   -1871.72   1.32266     21       965      
 7665.14 16      2450     -1873.04   -1871.72   1.32266     25       1015     
 7750.55 17      2547     -1873.02   -1871.72   1.3031      23       1036     
 7762.65 17      2550     -1873.02   -1871.72   1.3031      26       1039     
 7890.98 17      2600     -1873.02   -1871.72   1.3031      22       1071     
 7985.38 18      2695     -1873      -1871.72   1.28005     30       1092     
 7993.86 18      2700     -1873      -1871.72   1.28005     21       1097     
 8080.62 18      2750     -1873      -1871.72   1.28005     14       1147     
 8116.29 19      2841     -1872.81   -1871.72   1.094       14       1164     
 8127.24 19      2850     -1872.81   -1871.72   1.094       11       1171     
 8216.85 19      2900     -1872.81   -1871.72   1.094       12       1220     
 8261.75 20      3009     -1872.8    -1871.72   1.08053     19       1240     
 8261.94 20      3010     -1872.8    -1871.72   1.08053     20       1240     
 8362.02 20      3050     -1872.8    -1871.72   1.08053     28       1280     
 8480.65 21      3179     -1872.79   -1871.72   1.0681      19       1320     
 8480.86 21      3180     -1872.79   -1871.72   1.0681      20       1320     
 8541.31 21      3200     -1872.79   -1871.72   1.0681      14       1339     
 8601.66 21      3250     -1872.79   -1871.72   1.0681      16       1357     
 8645.38 22      3347     -1872.78   -1871.72   1.05628     15       1369     
 8645.63 22      3350     -1872.78   -1871.72   1.05628     17       1369     
 8841.85 22      3400     -1872.78   -1871.72   1.05628     17       1419     
 8971.18 23      3513     -1872.76   -1871.72   1.04526     16       1448     
 8976.33 23      3514     -1872.76   -1871.72   1.04526     17       1449     
 9147.31 23      3550     -1872.76   -1871.72   1.04526     23       1485     
 9377.08 24      3677     -1872.76   -1871.72   1.03783     24       1526     
 9377.36 24      3678     -1872.76   -1871.72   1.03783     25       1526     
 9493.23 24      3700     -1872.76   -1871.72   1.03783     23       1545     
 9783.74 24      3750     -1872.76   -1871.72   1.03783     26       1589     
 9854.95 25      3841     -1872.76   -1871.72   1.03569     41       1598     
 9924.51 25      3850     -1872.76   -1871.72   1.03569     29       1607     
 10321.3 25      3900     -1872.76   -1871.72   1.03569     24       1657     
-------------------------------------------------------------------------------

SARSOP finishing ...
  Preset timeout reached
  Timeout     : 10000.000000s
  Actual Time : 10321.270000s

-------------------------------------------------------------------------------
 Time   |#Trial |#Backup |LBound    |UBound    |Precision  |#Alphas |#Beliefs  
-------------------------------------------------------------------------------
 10321.3 25      3900     -1872.76   -1871.72   1.03569     24       1657     
-------------------------------------------------------------------------------

Writing out policy ...
  output file : RAM4_medium/3936dc35fc.policyx

