
Loading the model ...
  input file   : /home/rstudio/RAM4_medium/3944ccf7cd.pomdpx
  loading time : 5.08s 

SARSOP initializing ...
  initialization time : 6811.55s

-------------------------------------------------------------------------------
 Time   |#Trial |#Backup |LBound    |UBound    |Precision  |#Alphas |#Beliefs  
-------------------------------------------------------------------------------
 6811.55 0       0        -3702.17   -3695.05   7.12531     101      1        
 6822.7  1       61       -3701.9    -3701.72   0.180042    1        32       
 6851.64 2       123      -3701.79   -3701.73   0.0611918   1        63       
 6882.99 2       150      -3701.79   -3701.73   0.0611918   1        90       
 6912.84 3       200      -3701.74   -3701.73   0.0141308   1        109      
 6923.18 4       231      -3701.73   -3701.73   -0.00149233 1        116      
-------------------------------------------------------------------------------

SARSOP finishing ...
  target precision reached
  target precision  : 0.000000
  precision reached : -0.001492 

-------------------------------------------------------------------------------
 Time   |#Trial |#Backup |LBound    |UBound    |Precision  |#Alphas |#Beliefs  
-------------------------------------------------------------------------------
 6923.18 4       231      -3701.73   -3701.73   -0.00149233 1        116      
-------------------------------------------------------------------------------

Writing out policy ...
  output file : RAM4_medium/3944ccf7cd.policyx

