
Loading the model ...
  input file   : /home/rstudio/RAM4_medium/395c20cedf.pomdpx
  loading time : 5.21s 

SARSOP initializing ...
  initialization time : 14904.46s

-------------------------------------------------------------------------------
 Time   |#Trial |#Backup |LBound    |UBound    |Precision  |#Alphas |#Beliefs  
-------------------------------------------------------------------------------
 14904.5 0       0        -7290.83   -246.162   7044.67     101      1        
-------------------------------------------------------------------------------

SARSOP finishing ...
  Preset timeout reached
  Timeout     : 10000.000000s
  Actual Time : 14904.630000s

-------------------------------------------------------------------------------
 Time   |#Trial |#Backup |LBound    |UBound    |Precision  |#Alphas |#Beliefs  
-------------------------------------------------------------------------------
 14904.6 0       1        -7165.72   -3500.26   3665.46     32       2        
-------------------------------------------------------------------------------

Writing out policy ...
  output file : RAM4_medium/395c20cedf.policyx

