
Loading the model ...
  input file   : /home/rstudio/RAM4_medium/3961adda6f.pomdpx
  loading time : 5.16s 

SARSOP initializing ...
  initialization time : 13686.14s

-------------------------------------------------------------------------------
 Time   |#Trial |#Backup |LBound    |UBound    |Precision  |#Alphas |#Beliefs  
-------------------------------------------------------------------------------
 13686.1 0       0        -8476.59   -389.847   8086.75     101      1        
-------------------------------------------------------------------------------

SARSOP finishing ...
  Preset timeout reached
  Timeout     : 10000.000000s
  Actual Time : 13686.360000s

-------------------------------------------------------------------------------
 Time   |#Trial |#Backup |LBound    |UBound    |Precision  |#Alphas |#Beliefs  
-------------------------------------------------------------------------------
 13686.4 0       1        -8418.71   -4564.58   3854.12     42       2        
-------------------------------------------------------------------------------

Writing out policy ...
  output file : RAM4_medium/3961adda6f.policyx

