
Loading the model ...
  input file   : /home/rstudio/RAM4_medium/396bcb460d.pomdpx
  loading time : 4.98s 

SARSOP initializing ...
  initialization time : 5894.13s

-------------------------------------------------------------------------------
 Time   |#Trial |#Backup |LBound    |UBound    |Precision  |#Alphas |#Beliefs  
-------------------------------------------------------------------------------
 5894.13 0       0        -221.349   -209.954   11.3956     101      1        
 5901.88 1       79       -215.183   -210.255   4.92823     9        38       
 5908.48 1       100      -215.183   -210.255   4.92823     13       58       
 5921.09 2       165      -214.222   -210.255   3.96733     9        79       
 5941.78 2       200      -214.222   -210.255   3.96733     12       112      
 5950.34 3       255      -213.489   -210.255   3.23431     14       122      
 5976.57 4       300      -213.489   -210.255   3.23431     12       166      
 5980.77 4       350      -212.717   -210.255   2.46154     16       172      
 6016.36 5       451      -212.264   -210.255   2.00827     20       215      
 6017.42 5       452      -212.264   -210.255   2.00827     21       216      
 6072.52 5       500      -212.264   -210.255   2.00827     21       263      
 6090.1  6       573      -212.075   -210.256   1.81896     20       274      
 6122.6  6       600      -212.075   -210.256   1.81896     18       297      
 6145.33 7       693      -211.864   -210.256   1.60836     18       311      
 6155.08 7       700      -211.864   -210.256   1.60836     11       318      
 6197.56 7       750      -211.864   -210.256   1.60836     13       345      
 6199.58 8       811      -211.662   -210.256   1.40628     10       346      
 6236.22 8       850      -211.662   -210.256   1.40628     14       369      
 6278.88 9       931      -211.556   -210.256   1.29979     15       390      
 6311.62 9       950      -211.556   -210.256   1.29979     13       409      
 6395.75 10      1049     -211.429   -210.256   1.17217     9        448      
 6395.85 10      1050     -211.429   -210.256   1.17217     10       448      
 6427.21 10      1100     -211.429   -210.256   1.17217     15       467      
 6440.47 11      1167     -211.324   -210.256   1.06781     7        474      
 6502.65 11      1200     -211.324   -210.256   1.06781     10       506      
 6554.18 12      1285     -211.241   -210.257   0.984507    9        528      
 6576.47 12      1300     -211.241   -210.257   0.984507    9        539      
 6687.17 13      1403     -211.15    -210.257   0.893023    11       582      
 6687.29 13      1404     -211.15    -210.257   0.893023    12       582      
 6730.84 13      1450     -211.15    -210.257   0.893023    15       602      
 6745.61 14      1523     -211.091   -210.257   0.834299    9        608      
 6796.59 14      1550     -211.091   -210.257   0.834299    10       630      
 6890.93 15      1643     -211.034   -210.257   0.777003    10       662      
 6908.63 15      1650     -211.034   -210.257   0.777003    11       669      
 6976.06 15      1700     -211.034   -210.257   0.777003    11       693      
 6986.63 16      1763     -210.983   -210.257   0.726214    9        696      
 7041.7  16      1800     -210.983   -210.257   0.726214    12       716      
 7120.88 17      1885     -210.948   -210.257   0.691673    16       740      
 7166.07 17      1900     -210.948   -210.257   0.691673    13       755      
 7206.05 18      2005     -210.905   -210.257   0.647783    11       767      
 7206.24 18      2006     -210.905   -210.257   0.647783    11       767      
 7206.75 18      2050     -210.905   -210.257   0.647783    11       767      
 7256.37 19      2129     -210.879   -210.257   0.621929    15       782      
 7324.69 19      2150     -210.879   -210.257   0.621929    12       803      
 7473.16 20      2251     -210.845   -210.258   0.587127    11       842      
 7476.47 20      2252     -210.845   -210.258   0.587127    10       843      
 7650.73 20      2300     -210.845   -210.258   0.587127    11       891      
 7703.33 21      2373     -210.817   -210.258   0.559077    19       903      
 7752.63 21      2400     -210.817   -210.258   0.559077    14       917      
 7807.19 22      2497     -210.788   -210.258   0.53017     12       931      
 7807.43 22      2500     -210.788   -210.258   0.53017     14       931      
 7960.61 22      2550     -210.788   -210.258   0.53017     13       974      
 7995.59 23      2621     -210.767   -210.258   0.509206    20       982      
 8092.25 23      2650     -210.767   -210.258   0.509206    14       1007     
 8161.75 24      2745     -210.742   -210.258   0.484351    14       1023     
 8177.49 24      2750     -210.742   -210.258   0.484351    14       1027     
 8252.39 24      2800     -210.742   -210.258   0.484351    21       1045     
 8287.21 25      2871     -210.727   -210.258   0.46911     14       1052     
 8336.27 25      2900     -210.727   -210.258   0.46911     13       1064     
 8387.03 26      2995     -210.715   -210.258   0.457318    16       1075     
 8396.06 26      3000     -210.715   -210.258   0.457318    13       1077     
 8470.71 26      3050     -210.715   -210.258   0.457318    15       1094     
 8499.92 27      3119     -210.701   -210.258   0.442795    16       1100     
 8648.68 27      3150     -210.701   -210.258   0.442795    15       1131     
 8798.7  28      3243     -210.682   -210.258   0.423535    11       1161     
 8815.88 28      3250     -210.682   -210.258   0.423535    12       1165     
 9060.58 28      3300     -210.682   -210.258   0.423535    13       1215     
 9082.6  29      3367     -210.663   -210.258   0.405338    16       1219     
 9230.41 29      3400     -210.663   -210.258   0.405338    17       1249     
 9302.9  30      3491     -210.652   -210.258   0.394356    16       1262     
 9308.64 30      3500     -210.652   -210.258   0.394356    15       1263     
 9575.41 30      3550     -210.652   -210.258   0.394356    18       1313     
 9588.23 31      3615     -210.641   -210.258   0.383018    17       1315     
 9786.87 31      3650     -210.641   -210.258   0.383018    17       1350     
 9923.99 32      3739     -210.628   -210.258   0.369504    16       1372     
 9983.36 32      3750     -210.628   -210.258   0.369504    14       1382     
 10270.8 32      3800     -210.628   -210.258   0.369504    13       1428     
-------------------------------------------------------------------------------

SARSOP finishing ...
  Preset timeout reached
  Timeout     : 10000.000000s
  Actual Time : 10270.750000s

-------------------------------------------------------------------------------
 Time   |#Trial |#Backup |LBound    |UBound    |Precision  |#Alphas |#Beliefs  
-------------------------------------------------------------------------------
 10270.8 32      3800     -210.628   -210.258   0.369504    13       1428     
-------------------------------------------------------------------------------

Writing out policy ...
  output file : RAM4_medium/396bcb460d.policyx

