
Loading the model ...
  input file   : /home/rstudio/RAM4_medium/396d35a87a.pomdpx
  loading time : 4.93s 

SARSOP initializing ...
  initialization time : 13107.66s

-------------------------------------------------------------------------------
 Time   |#Trial |#Backup |LBound    |UBound    |Precision  |#Alphas |#Beliefs  
-------------------------------------------------------------------------------
 13107.7 0       0        -6635      -210.536   6424.47     101      1        
-------------------------------------------------------------------------------

SARSOP finishing ...
  Preset timeout reached
  Timeout     : 10000.000000s
  Actual Time : 13107.810000s

-------------------------------------------------------------------------------
 Time   |#Trial |#Backup |LBound    |UBound    |Precision  |#Alphas |#Beliefs  
-------------------------------------------------------------------------------
 13107.8 0       1        -6483.1    -4000.63   2482.47     38       2        
-------------------------------------------------------------------------------

Writing out policy ...
  output file : RAM4_medium/396d35a87a.policyx

