
Loading the model ...
  input file   : /home/rstudio/RAM4_medium/3a36dc35fc.pomdpx
  loading time : 4.95s 

SARSOP initializing ...
  initialization time : 9769.21s

-------------------------------------------------------------------------------
 Time   |#Trial |#Backup |LBound    |UBound    |Precision  |#Alphas |#Beliefs  
-------------------------------------------------------------------------------
 9769.21 0       0        -813.274   -279.307   533.967     101      1        
 9772.96 0       50       -812.811   -805.297   7.5135      37       28       
 9776.48 1       127      -811.429   -805.299   6.13038     31       38       
 9777.88 1       150      -811.429   -805.299   6.13038     45       44       
 9780.15 2       263      -810.612   -805.3     5.31175     21       50       
 9780.44 2       264      -810.612   -805.3     5.31175     15       51       
 9783.65 2       300      -810.612   -805.3     5.31175     16       59       
 9786.73 3       403      -810.096   -805.301   4.7951      15       64       
 9787.13 3       404      -810.096   -805.301   4.7951      14       65       
 9790.45 3       450      -810.096   -805.301   4.7951      12       72       
 9792.51 4       541      -809.628   -805.301   4.32639     9        75       
 9792.55 4       550      -809.628   -805.301   4.32639     8        75       
 9792.65 4       600      -809.628   -805.301   4.32639     9        75       
 9795.91 5       683      -809.316   -805.302   4.01397     9        81       
 9795.96 5       700      -809.316   -805.302   4.01397     9        81       
 9796.05 5       750      -809.316   -805.302   4.01397     9        81       
 9798.56 6       829      -809.232   -805.302   3.9295      11       85       
 9804.06 6       850      -809.232   -805.302   3.9295      13       93       
 9810.31 6       900      -809.232   -805.302   3.9295      11       100      
 9810.62 7       973      -808.974   -805.302   3.67207     9        100      
 9810.7  7       1000     -808.974   -805.302   3.67207     9        100      
 9815.46 8       1119     -808.773   -805.302   3.47092     9        106      
 9816.3  8       1120     -808.773   -805.302   3.47092     10       107      
 9825.07 8       1150     -808.773   -805.302   3.47092     10       117      
 9831.12 9       1263     -808.62    -805.303   3.31685     7        122      
 9831.16 9       1264     -808.62    -805.303   3.31685     8        122      
 9831.28 9       1300     -808.62    -805.303   3.31685     9        122      
 9839.12 10      1407     -808.516   -805.304   3.21289     9        128      
 9839.17 10      1408     -808.516   -805.304   3.21289     10       128      
 9839.31 10      1450     -808.516   -805.304   3.21289     10       128      
 9848.49 11      1551     -808.301   -805.304   2.99683     7        135      
 9849.67 11      1552     -808.301   -805.304   2.99683     8        136      
 9866.26 11      1600     -808.301   -805.304   2.99683     7        149      
 9882.49 12      1697     -808.219   -805.304   2.91483     10       159      
 9882.56 12      1700     -808.219   -805.304   2.91483     10       159      
 9906.94 12      1750     -808.219   -805.304   2.91483     12       171      
 9944.4  13      1841     -808.163   -805.305   2.85851     11       187      
 9961.92 13      1850     -808.163   -805.305   2.85851     9        194      
 9962.11 13      1900     -808.163   -805.305   2.85851     9        194      
 9979.66 14      1983     -808.004   -805.305   2.69901     8        200      
 9979.78 14      2000     -808.004   -805.305   2.69901     10       200      
 9985.85 14      2050     -808.004   -805.305   2.69901     13       204      
 9994.45 15      2127     -807.926   -805.305   2.62114     9        208      
 9994.58 15      2150     -807.926   -805.305   2.62114     10       208      
 10002.7 16      2271     -807.884   -805.305   2.57822     9        212      
-------------------------------------------------------------------------------

SARSOP finishing ...
  Preset timeout reached
  Timeout     : 10000.000000s
  Actual Time : 10002.740000s

-------------------------------------------------------------------------------
 Time   |#Trial |#Backup |LBound    |UBound    |Precision  |#Alphas |#Beliefs  
-------------------------------------------------------------------------------
 10002.7 16      2271     -807.884   -805.305   2.57822     9        212      
-------------------------------------------------------------------------------

Writing out policy ...
  output file : RAM4_medium/3a36dc35fc.policyx

