
Loading the model ...
  input file   : /home/rstudio/RAM4_medium/3a44ccf7cd.pomdpx
  loading time : 4.92s 

SARSOP initializing ...
  initialization time : 12401.56s

-------------------------------------------------------------------------------
 Time   |#Trial |#Backup |LBound    |UBound    |Precision  |#Alphas |#Beliefs  
-------------------------------------------------------------------------------
 12401.6 0       0        -7925.88   -934.008   6991.87     101      1        
-------------------------------------------------------------------------------

SARSOP finishing ...
  Preset timeout reached
  Timeout     : 10000.000000s
  Actual Time : 12401.750000s

-------------------------------------------------------------------------------
 Time   |#Trial |#Backup |LBound    |UBound    |Precision  |#Alphas |#Beliefs  
-------------------------------------------------------------------------------
 12401.8 0       1        -7902.89   -4826.5    3076.39     41       2        
-------------------------------------------------------------------------------

Writing out policy ...
  output file : RAM4_medium/3a44ccf7cd.policyx

