
Loading the model ...
  input file   : /home/rstudio/RAM4_medium/3a540f5974.pomdpx
  loading time : 5.40s 

SARSOP initializing ...
  initialization time : 5605.59s

-------------------------------------------------------------------------------
 Time   |#Trial |#Backup |LBound    |UBound    |Precision  |#Alphas |#Beliefs  
-------------------------------------------------------------------------------
 5605.59 0       0        -8635.66   -5308.41   3327.25     101      1        
 5606.91 0       50       -8634.92   -7670.41   964.511     66       7        
 5607.28 0       100      -8634.92   -7670.41   964.511     61       7        
 5612.9  1       269      -8416      -7670.54   745.454     9        21       
 5613.18 1       270      -8416      -7670.54   745.454     9        22       
 5613.45 1       271      -8416      -7670.54   745.454     8        23       
 5613.52 1       300      -8416      -7670.54   745.454     6        23       
 5613.6  1       350      -8416      -7670.54   745.454     6        23       
 5613.68 1       400      -8416      -7670.54   745.454     6        23       
 5616.89 2       551      -8324.68   -7670.59   654.097     7        28       
 5616.9  2       552      -8324.68   -7670.59   654.097     7        28       
 5616.91 2       553      -8324.68   -7670.59   654.097     7        28       
 5617.01 2       600      -8324.68   -7670.59   654.097     7        28       
 5617.1  2       650      -8324.68   -7670.59   654.097     7        28       
 5620.59 3       831      -8236.94   -7670.64   566.299     6        34       
 5620.6  3       832      -8236.94   -7670.64   566.299     6        34       
 5620.61 3       833      -8236.94   -7670.64   566.299     6        34       
 5620.65 3       850      -8236.94   -7670.64   566.299     7        34       
 5620.75 3       900      -8236.94   -7670.64   566.299     7        34       
 5620.84 3       950      -8236.94   -7670.64   566.299     7        34       
 5625.35 4       1113     -8171.52   -7670.72   500.802     6        40       
 5625.36 4       1114     -8171.52   -7670.72   500.802     6        40       
 5625.37 4       1115     -8171.52   -7670.72   500.802     6        40       
 5625.45 4       1150     -8171.52   -7670.72   500.802     8        40       
 5625.55 4       1200     -8171.52   -7670.72   500.802     8        40       
 5629.67 4       1250     -8171.52   -7670.72   500.802     7        45       
 5631.11 5       1393     -8103.23   -7670.8    432.424     9        46       
 5631.13 5       1394     -8103.23   -7670.8    432.424     8        46       
 5631.16 5       1400     -8103.23   -7670.8    432.424     7        46       
 5631.26 5       1450     -8103.23   -7670.8    432.424     8        46       
 5631.36 5       1500     -8103.23   -7670.8    432.424     8        46       
 5638.68 6       1675     -8053.47   -7670.88   382.584     6        53       
 5638.7  6       1676     -8053.47   -7670.88   382.584     6        53       
 5638.73 6       1677     -8053.47   -7670.88   382.584     6        53       
 5638.81 6       1700     -8053.47   -7670.88   382.584     7        53       
 5638.94 6       1750     -8053.47   -7670.88   382.584     7        53       
 5639.07 6       1800     -8053.47   -7670.88   382.584     8        53       
 5650.73 7       1955     -7998.99   -7671.01   327.983     8        62       
 5650.75 7       1956     -7998.99   -7671.01   327.983     7        62       
 5650.77 7       1957     -7998.99   -7671.01   327.983     7        62       
 5650.87 7       2000     -7998.99   -7671.01   327.983     7        62       
 5650.98 7       2050     -7998.99   -7671.01   327.983     7        62       
 5663.83 8       2237     -7958.13   -7671.05   287.075     10       71       
 5663.85 8       2238     -7958.13   -7671.05   287.075     9        71       
 5665.18 8       2239     -7958.13   -7671.05   287.075     9        72       
 5665.23 8       2250     -7958.13   -7671.05   287.075     11       72       
 5665.36 8       2300     -7958.13   -7671.05   287.075     11       72       
 5665.48 8       2350     -7958.13   -7671.05   287.075     11       72       
 5677.92 9       2515     -7920.81   -7671.12   249.696     10       80       
 5677.95 9       2516     -7920.81   -7671.12   249.696     8        80       
 5677.98 9       2517     -7920.81   -7671.12   249.696     9        80       
 5678.08 9       2550     -7920.81   -7671.12   249.696     10       80       
 5678.21 9       2600     -7920.81   -7671.12   249.696     10       80       
 5682.82 9       2650     -7920.81   -7671.12   249.696     9        84       
 5693.09 10      2799     -7893.77   -7671.14   222.631     9        90       
 5693.12 10      2800     -7893.77   -7671.14   222.631     8        90       
 5693.15 10      2801     -7893.77   -7671.14   222.631     8        90       
 5693.29 10      2850     -7893.77   -7671.14   222.631     9        90       
 5693.42 10      2900     -7893.77   -7671.14   222.631     9        90       
 5708.36 11      3083     -7867.39   -7671.15   196.233     8        99       
 5708.39 11      3084     -7867.39   -7671.15   196.233     7        99       
 5708.42 11      3085     -7867.39   -7671.15   196.233     7        99       
 5708.48 11      3100     -7867.39   -7671.15   196.233     8        99       
 5708.6  11      3150     -7867.39   -7671.15   196.233     8        99       
 5708.73 11      3200     -7867.39   -7671.15   196.233     8        99       
 5722.02 12      3363     -7844.19   -7671.16   173.023     8        107      
 5722.06 12      3364     -7844.19   -7671.16   173.023     7        107      
 5722.09 12      3365     -7844.19   -7671.16   173.023     7        107      
 5722.2  12      3400     -7844.19   -7671.16   173.023     8        107      
 5722.34 12      3450     -7844.19   -7671.16   173.023     8        107      
 5730.79 12      3500     -7844.19   -7671.16   173.023     10       112      
 5740.28 13      3649     -7829.47   -7671.18   158.289     9        116      
 5740.32 13      3650     -7829.47   -7671.18   158.289     8        116      
 5740.36 13      3651     -7829.47   -7671.18   158.289     8        116      
 5740.51 13      3700     -7829.47   -7671.18   158.289     9        116      
 5740.66 13      3750     -7829.47   -7671.18   158.289     9        116      
 5761.22 14      3927     -7808.03   -7671.21   136.821     11       126      
 5761.26 14      3928     -7808.03   -7671.21   136.821     11       126      
 5761.3  14      3929     -7808.03   -7671.21   136.821     10       126      
 5761.39 14      3950     -7808.03   -7671.21   136.821     11       126      
 5761.53 14      4000     -7808.03   -7671.21   136.821     11       126      
 5761.68 14      4050     -7808.03   -7671.21   136.821     10       126      
 5776.21 15      4213     -7793.36   -7671.26   122.096     9        132      
 5776.25 15      4214     -7793.36   -7671.26   122.096     8        132      
 5776.29 15      4215     -7793.36   -7671.26   122.096     8        132      
 5776.4  15      4250     -7793.36   -7671.26   122.096     10       132      
 5776.55 15      4300     -7793.36   -7671.26   122.096     10       132      
 5778.54 15      4350     -7793.36   -7671.26   122.096     8        133      
 5782.49 16      4495     -7781.61   -7671.28   110.331     9        135      
 5784.52 16      4496     -7781.61   -7671.28   110.331     9        136      
 5786.31 16      4500     -7781.61   -7671.28   110.331     8        137      
 5786.46 16      4550     -7781.61   -7671.28   110.331     8        137      
 5786.62 16      4600     -7781.61   -7671.28   110.331     10       137      
 5802.26 17      4779     -7772.75   -7671.31   101.443     10       143      
 5802.3  17      4780     -7772.75   -7671.31   101.443     9        143      
 5802.35 17      4781     -7772.75   -7671.31   101.443     8        143      
 5802.43 17      4800     -7772.75   -7671.31   101.443     11       143      
 5802.59 17      4850     -7772.75   -7671.31   101.443     11       143      
 5804.99 17      4900     -7772.75   -7671.31   101.443     9        144      
 5824.18 18      5061     -7760.15   -7671.34   88.8177     10       152      
 5824.22 18      5062     -7760.15   -7671.34   88.8177     10       152      
 5824.27 18      5063     -7760.15   -7671.34   88.8177     9        152      
 5824.4  18      5100     -7760.15   -7671.34   88.8177     10       152      
 5824.56 18      5150     -7760.15   -7671.34   88.8177     11       152      
 5831.31 18      5200     -7760.15   -7671.34   88.8177     8        155      
 5835.34 19      5345     -7751.79   -7671.35   80.4475     11       156      
 5835.38 19      5346     -7751.79   -7671.35   80.4475     11       156      
 5835.44 19      5350     -7751.79   -7671.35   80.4475     11       156      
 5835.6  19      5400     -7751.79   -7671.35   80.4475     11       156      
 5835.77 19      5450     -7751.79   -7671.35   80.4475     11       156      
 5855.66 20      5627     -7744.2    -7671.36   72.836      13       164      
 5855.71 20      5628     -7744.2    -7671.36   72.836      13       164      
 5855.77 20      5629     -7744.2    -7671.36   72.836      12       164      
 5855.87 20      5650     -7744.2    -7671.36   72.836      12       164      
 5856.05 20      5700     -7744.2    -7671.36   72.836      13       164      
 5856.25 20      5750     -7744.2    -7671.36   72.836      13       164      
 5870.8  21      5913     -7737.61   -7671.38   66.2339     10       169      
 5870.86 21      5914     -7737.61   -7671.38   66.2339     10       169      
 5870.92 21      5915     -7737.61   -7671.38   66.2339     9        169      
 5871.07 21      5950     -7737.61   -7671.38   66.2339     10       169      
 5871.24 21      6000     -7737.61   -7671.38   66.2339     10       169      
 5894.72 21      6050     -7737.61   -7671.38   66.2339     11       178      
 5903.02 22      6195     -7730.57   -7671.4    59.1679     11       180      
 5903.08 22      6196     -7730.57   -7671.4    59.1679     11       180      
 5903.15 22      6200     -7730.57   -7671.4    59.1679     10       180      
 5903.34 22      6250     -7730.57   -7671.4    59.1679     10       180      
 5903.52 22      6300     -7730.57   -7671.4    59.1679     10       180      
 5917.01 23      6479     -7724.64   -7671.41   53.2342     10       184      
 5917.07 23      6480     -7724.64   -7671.41   53.2342     10       184      
 5917.13 23      6481     -7724.64   -7671.41   53.2342     9        184      
 5917.23 23      6500     -7724.64   -7671.41   53.2342     10       184      
 5917.4  23      6550     -7724.64   -7671.41   53.2342     10       184      
 5917.59 23      6600     -7724.64   -7671.41   53.2342     11       184      
 5936.88 24      6761     -7719.72   -7671.42   48.3058     12       191      
 5936.95 24      6762     -7719.72   -7671.42   48.3058     12       191      
 5937.01 24      6763     -7719.72   -7671.42   48.3058     12       191      
 5937.17 24      6800     -7719.72   -7671.42   48.3058     12       191      
 5937.36 24      6850     -7719.72   -7671.42   48.3058     12       191      
 5951.52 24      6900     -7719.72   -7671.42   48.3058     13       196      
 5960.09 25      7045     -7715.96   -7671.42   44.5429     12       198      
 5960.15 25      7046     -7715.96   -7671.42   44.5429     12       198      
 5960.22 25      7050     -7715.96   -7671.42   44.5429     12       198      
 5960.42 25      7100     -7715.96   -7671.42   44.5429     12       198      
 5960.62 25      7150     -7715.96   -7671.42   44.5429     12       198      
 5977.17 26      7329     -7713.43   -7671.43   41.9975     13       203      
 5980.08 26      7330     -7713.43   -7671.43   41.9975     13       204      
 5982.7  26      7331     -7713.43   -7671.43   41.9975     13       205      
 5982.85 26      7350     -7713.43   -7671.43   41.9975     13       205      
 5983.05 26      7400     -7713.43   -7671.43   41.9975     13       205      
 5983.25 26      7450     -7713.43   -7671.43   41.9975     13       205      
 5992    27      7613     -7710.66   -7671.44   39.218      14       207      
 5992.07 27      7614     -7710.66   -7671.44   39.218      14       207      
 5992.14 27      7615     -7710.66   -7671.44   39.218      13       207      
 5992.3  27      7650     -7710.66   -7671.44   39.218      14       207      
 5992.51 27      7700     -7710.66   -7671.44   39.218      14       207      
 6000.72 27      7750     -7710.66   -7671.44   39.218      15       210      
 6005.75 28      7897     -7708.09   -7671.45   36.6398     15       211      
 6008.87 28      7898     -7708.09   -7671.45   36.6398     15       212      
 6010.91 28      7900     -7708.09   -7671.45   36.6398     15       213      
 6011.12 28      7950     -7708.09   -7671.45   36.6398     15       213      
 6011.32 28      8000     -7708.09   -7671.45   36.6398     15       213      
 6030.97 29      8181     -7705.22   -7671.46   33.7664     15       219      
 6034.18 29      8182     -7705.22   -7671.46   33.7664     15       220      
 6036.62 29      8183     -7705.22   -7671.46   33.7664     15       221      
 6036.77 29      8200     -7705.22   -7671.46   33.7664     15       221      
 6036.98 29      8250     -7705.22   -7671.46   33.7664     15       221      
 6037.2  29      8300     -7705.22   -7671.46   33.7664     15       221      
 6057.32 30      8467     -7703.15   -7671.47   31.6783     14       226      
 6057.39 30      8468     -7703.15   -7671.47   31.6783     14       226      
 6057.46 30      8469     -7703.15   -7671.47   31.6783     14       226      
 6057.63 30      8500     -7703.15   -7671.47   31.6783     13       226      
 6057.85 30      8550     -7703.15   -7671.47   31.6783     13       226      
 6058.14 30      8600     -7703.15   -7671.47   31.6783     14       226      
 6075.36 31      8749     -7700.43   -7671.48   28.9521     13       230      
 6075.43 31      8750     -7700.43   -7671.48   28.9521     13       230      
 6075.51 31      8751     -7700.43   -7671.48   28.9521     13       230      
 6075.74 31      8800     -7700.43   -7671.48   28.9521     13       230      
 6075.96 31      8850     -7700.43   -7671.48   28.9521     13       230      
 6090.16 32      9031     -7698.46   -7671.48   26.9737     14       234      
 6090.23 32      9032     -7698.46   -7671.48   26.9737     14       234      
 6090.31 32      9033     -7698.46   -7671.48   26.9737     13       234      
 6090.43 32      9050     -7698.46   -7671.48   26.9737     14       234      
 6090.65 32      9100     -7698.46   -7671.48   26.9737     14       234      
 6090.87 32      9150     -7698.46   -7671.48   26.9737     14       234      
 6112.15 33      9315     -7696.84   -7671.49   25.3514     15       239      
 6112.23 33      9316     -7696.84   -7671.49   25.3514     15       239      
 6112.31 33      9317     -7696.84   -7671.49   25.3514     15       239      
 6112.48 33      9350     -7696.84   -7671.49   25.3514     15       239      
 6112.7  33      9400     -7696.84   -7671.49   25.3514     15       239      
 6116.12 33      9450     -7696.84   -7671.49   25.3514     14       240      
 6128.54 34      9597     -7695.03   -7671.49   23.5414     15       243      
 6132.09 34      9598     -7695.03   -7671.49   23.5414     15       244      
 6135.17 34      9600     -7695.03   -7671.49   23.5414     15       245      
 6135.4  34      9650     -7695.03   -7671.49   23.5414     15       245      
 6135.62 34      9700     -7695.03   -7671.49   23.5414     15       245      
 6147.42 35      9879     -7693.51   -7671.5    22.0107     17       248      
 6147.5  35      9880     -7693.51   -7671.5    22.0107     17       248      
 6147.58 35      9881     -7693.51   -7671.5    22.0107     17       248      
 6147.72 35      9900     -7693.51   -7671.5    22.0107     17       248      
 6147.95 35      9950     -7693.51   -7671.5    22.0107     17       248      
 6148.19 35      10000    -7693.51   -7671.5    22.0107     17       248      
 6156.32 36      10163    -7692.41   -7671.5    20.9115     17       250      
 6156.4  36      10164    -7692.41   -7671.5    20.9115     17       250      
 6156.49 36      10165    -7692.41   -7671.5    20.9115     17       250      
 6156.67 36      10200    -7692.41   -7671.5    20.9115     17       250      
 6156.9  36      10250    -7692.41   -7671.5    20.9115     17       250      
 6164.31 36      10300    -7692.41   -7671.5    20.9115     18       252      
 6175.16 37      10445    -7691.19   -7671.5    19.6947     15       254      
 6178.89 37      10446    -7691.19   -7671.5    19.6947     15       255      
 6182.55 37      10450    -7691.19   -7671.5    19.6947     15       256      
 6182.78 37      10500    -7691.19   -7671.5    19.6947     15       256      
 6183.01 37      10550    -7691.19   -7671.5    19.6947     15       256      
 6203.37 38      10727    -7689.99   -7671.52   18.4737     17       261      
 6206.91 38      10728    -7689.99   -7671.52   18.4737     17       262      
 6209.95 38      10729    -7689.99   -7671.52   18.4737     17       263      
 6210.13 38      10750    -7689.99   -7671.52   18.4737     17       263      
 6210.36 38      10800    -7689.99   -7671.52   18.4737     17       263      
 6210.63 38      10850    -7689.99   -7671.52   18.4737     18       263      
 6230.55 39      11007    -7688.83   -7671.52   17.3169     17       268      
 6230.65 39      11008    -7688.83   -7671.52   17.3169     17       268      
 6230.74 39      11009    -7688.83   -7671.52   17.3169     17       268      
 6230.97 39      11050    -7688.83   -7671.52   17.3169     17       268      
 6231.23 39      11100    -7688.83   -7671.52   17.3169     17       268      
 6248.16 40      11289    -7687.88   -7671.52   16.3639     16       271      
 6248.25 40      11290    -7687.88   -7671.52   16.3639     16       271      
 6248.34 40      11291    -7687.88   -7671.52   16.3639     16       271      
 6248.46 40      11300    -7687.88   -7671.52   16.3639     16       271      
 6248.71 40      11350    -7687.88   -7671.52   16.3639     16       271      
 6248.99 40      11400    -7687.88   -7671.52   16.3639     16       271      
 6261.14 41      11571    -7687.1    -7671.52   15.5844     15       274      
 6261.22 41      11572    -7687.1    -7671.52   15.5844     15       274      
 6261.31 41      11573    -7687.1    -7671.52   15.5844     15       274      
 6261.48 41      11600    -7687.1    -7671.52   15.5844     15       274      
 6261.71 41      11650    -7687.1    -7671.52   15.5844     15       274      
 6261.98 41      11700    -7687.1    -7671.52   15.5844     17       274      
 6275.77 42      11851    -7686.44   -7671.52   14.9197     18       277      
 6279.85 42      11852    -7686.44   -7671.52   14.9197     18       278      
 6283.68 42      11853    -7686.44   -7671.52   14.9197     18       279      
 6283.98 42      11900    -7686.44   -7671.52   14.9197     18       279      
 6284.25 42      11950    -7686.44   -7671.52   14.9197     18       279      
 6295.78 43      12133    -7685.82   -7671.52   14.2958     19       281      
 6295.87 43      12134    -7685.82   -7671.52   14.2958     19       281      
 6295.96 43      12135    -7685.82   -7671.52   14.2958     19       281      
 6296.12 43      12150    -7685.82   -7671.52   14.2958     19       281      
 6296.38 43      12200    -7685.82   -7671.52   14.2958     19       281      
 6296.67 43      12250    -7685.82   -7671.52   14.2958     20       281      
 6314.9  44      12413    -7685.1    -7671.53   13.5674     18       285      
 6315    44      12414    -7685.1    -7671.53   13.5674     18       285      
 6315.09 44      12415    -7685.1    -7671.53   13.5674     18       285      
 6315.32 44      12450    -7685.1    -7671.53   13.5674     18       285      
 6315.63 44      12500    -7685.1    -7671.53   13.5674     18       285      
 6319.39 44      12550    -7685.1    -7671.53   13.5674     19       286      
 6324.04 45      12693    -7684.56   -7671.53   13.034      18       287      
 6324.13 45      12694    -7684.56   -7671.53   13.034      18       287      
 6324.24 45      12700    -7684.56   -7671.53   13.034      18       287      
 6324.47 45      12750    -7684.56   -7671.53   13.034      18       287      
 6324.71 45      12800    -7684.56   -7671.53   13.034      18       287      
 6346.31 46      12973    -7684.07   -7671.53   12.5397     19       292      
 6346.41 46      12974    -7684.07   -7671.53   12.5397     19       292      
 6346.51 46      12975    -7684.07   -7671.53   12.5397     19       292      
 6346.7  46      13000    -7684.07   -7671.53   12.5397     19       292      
 6346.97 46      13050    -7684.07   -7671.53   12.5397     19       292      
 6350.35 46      13100    -7684.07   -7671.53   12.5397     19       293      
 6369.38 47      13251    -7683.48   -7671.54   11.9383     20       297      
 6369.47 47      13252    -7683.48   -7671.54   11.9383     20       297      
 6369.57 47      13253    -7683.48   -7671.54   11.9383     20       297      
 6369.83 47      13300    -7683.48   -7671.54   11.9383     20       297      
 6370.09 47      13350    -7683.48   -7671.54   11.9383     20       297      
 6396.29 48      13531    -7683.05   -7671.55   11.5044     19       303      
 6396.39 48      13532    -7683.05   -7671.55   11.5044     19       303      
 6396.5  48      13533    -7683.05   -7671.55   11.5044     20       303      
 6396.67 48      13550    -7683.05   -7671.55   11.5044     20       303      
 6396.93 48      13600    -7683.05   -7671.55   11.5044     20       303      
 6397.23 48      13650    -7683.05   -7671.55   11.5044     21       303      
 6414.92 49      13811    -7682.66   -7671.55   11.108      19       307      
 6418.88 49      13812    -7682.66   -7671.55   11.108      19       308      
 6421.6  49      13813    -7682.66   -7671.55   11.108      19       309      
 6421.84 49      13850    -7682.66   -7671.55   11.108      19       309      
 6422.1  49      13900    -7682.66   -7671.55   11.108      19       309      
 6429.99 50      13950    -7682.66   -7671.55   11.108      20       311      
 6431.11 50      14089    -7682.34   -7671.58   10.7624     19       311      
 6435.07 50      14090    -7682.34   -7671.58   10.7624     19       312      
 6439.27 50      14100    -7682.34   -7671.58   10.7624     19       313      
 6439.52 50      14150    -7682.34   -7671.58   10.7624     19       313      
 6439.79 50      14200    -7682.34   -7671.58   10.7624     19       313      
 6459.93 51      14367    -7681.82   -7671.58   10.2353     19       317      
 6460.03 51      14368    -7681.82   -7671.58   10.2353     19       317      
 6460.14 51      14369    -7681.82   -7671.58   10.2353     19       317      
 6460.36 51      14400    -7681.82   -7671.58   10.2353     19       317      
 6460.64 51      14450    -7681.82   -7671.58   10.2353     19       317      
 6468.27 51      14500    -7681.82   -7671.58   10.2353     20       319      
 6482.21 52      14645    -7681.54   -7671.58   9.96059     21       322      
 6486.6  52      14646    -7681.54   -7671.58   9.96059     21       323      
 6486.76 52      14650    -7681.54   -7671.58   9.96059     21       323      
 6487.06 52      14700    -7681.54   -7671.58   9.96059     21       323      
 6487.37 52      14750    -7681.54   -7671.58   9.96059     20       323      
 6497.33 53      14923    -7681.24   -7671.61   9.63254     22       325      
 6501.65 53      14924    -7681.24   -7671.61   9.63254     22       326      
 6505.65 53      14925    -7681.24   -7671.61   9.63254     22       327      
 6505.88 53      14950    -7681.24   -7671.61   9.63254     22       327      
 6506.14 53      15000    -7681.24   -7671.61   9.63254     22       327      
 6506.45 53      15050    -7681.24   -7671.61   9.63254     22       327      
 6538.51 54      15201    -7680.95   -7671.62   9.33357     21       333      
 6543.14 54      15202    -7680.95   -7671.62   9.33357     21       334      
 6546.12 54      15203    -7680.95   -7671.62   9.33357     21       335      
 6546.44 54      15250    -7680.95   -7671.62   9.33357     21       335      
 6546.73 54      15300    -7680.95   -7671.62   9.33357     21       335      
 6561.25 55      15479    -7680.67   -7671.65   9.013       23       338      
 6561.36 55      15480    -7680.67   -7671.65   9.013       23       338      
 6561.47 55      15481    -7680.67   -7671.65   9.013       23       338      
 6561.65 55      15500    -7680.67   -7671.65   9.013       22       338      
 6561.93 55      15550    -7680.67   -7671.65   9.013       22       338      
 6573.61 55      15600    -7680.67   -7671.65   9.013       21       341      
 6603.61 56      15753    -7680.15   -7671.66   8.49194     23       347      
 6603.72 56      15754    -7680.15   -7671.66   8.49194     23       347      
 6603.84 56      15755    -7680.15   -7671.66   8.49194     23       347      
 6604.17 56      15800    -7680.15   -7671.66   8.49194     23       347      
 6604.47 56      15850    -7680.15   -7671.66   8.49194     23       347      
 6626.74 57      16031    -7679.97   -7671.67   8.3022      22       351      
 6626.85 57      16032    -7679.97   -7671.67   8.3022      22       351      
 6626.97 57      16033    -7679.97   -7671.67   8.3022      22       351      
 6627.14 57      16050    -7679.97   -7671.67   8.3022      22       351      
 6627.41 57      16100    -7679.97   -7671.67   8.3022      22       351      
 6627.7  57      16150    -7679.97   -7671.67   8.3022      23       351      
 6654.11 58      16307    -7679.64   -7671.67   7.96954     22       356      
 6654.22 58      16308    -7679.64   -7671.67   7.96954     22       356      
 6654.34 58      16309    -7679.64   -7671.67   7.96954     22       356      
 6654.62 58      16350    -7679.64   -7671.67   7.96954     22       356      
 6654.92 58      16400    -7679.64   -7671.67   7.96954     22       356      
 6671.52 59      16583    -7679.4    -7671.67   7.73164     23       359      
 6671.64 59      16584    -7679.4    -7671.67   7.73164     23       359      
 6671.75 59      16585    -7679.4    -7671.67   7.73164     23       359      
 6671.91 59      16600    -7679.4    -7671.67   7.73164     23       359      
 6672.19 59      16650    -7679.4    -7671.67   7.73164     23       359      
 6672.52 59      16700    -7679.4    -7671.67   7.73164     23       359      
 6703.04 60      16859    -7679.13   -7671.67   7.46563     25       365      
 6708.14 60      16860    -7679.13   -7671.67   7.46563     25       366      
 6708.31 60      16861    -7679.13   -7671.67   7.46563     25       366      
 6708.6  60      16900    -7679.13   -7671.67   7.46563     25       366      
 6708.92 60      16950    -7679.13   -7671.67   7.46563     25       366      
 6748.25 61      17137    -7679      -7671.71   7.28595     23       373      
 6753.12 61      17138    -7679      -7671.71   7.28595     23       374      
 6753.28 61      17139    -7679      -7671.71   7.28595     23       374      
 6753.44 61      17150    -7679      -7671.71   7.28595     23       374      
 6753.74 61      17200    -7679      -7671.71   7.28595     23       374      
 6754.05 61      17250    -7679      -7671.71   7.28595     23       374      
 6772.39 62      17413    -7678.8    -7671.75   7.05341     23       377      
 6777.82 62      17414    -7678.8    -7671.75   7.05341     23       378      
 6782.43 62      17415    -7678.8    -7671.75   7.05341     23       379      
 6782.77 62      17450    -7678.8    -7671.75   7.05341     23       379      
 6783.11 62      17500    -7678.8    -7671.75   7.05341     23       379      
 6821.7  62      17550    -7678.8    -7671.75   7.05341     24       386      
 6827.84 63      17689    -7678.62   -7671.76   6.85768     25       387      
 6833.29 63      17690    -7678.62   -7671.76   6.85768     24       388      
 6836.79 63      17700    -7678.62   -7671.76   6.85768     24       389      
 6837.14 63      17750    -7678.62   -7671.76   6.85768     24       389      
 6837.54 63      17800    -7678.62   -7671.76   6.85768     24       389      
 6859.8  64      17967    -7678.44   -7671.77   6.66602     27       392      
 6859.94 64      17968    -7678.44   -7671.77   6.66602     27       392      
 6860.08 64      17969    -7678.44   -7671.77   6.66602     27       392      
 6860.36 64      18000    -7678.44   -7671.77   6.66602     26       392      
 6860.73 64      18050    -7678.44   -7671.77   6.66602     26       392      
 6861.14 64      18100    -7678.44   -7671.77   6.66602     25       392      
 6862.46 65      18245    -7678.32   -7671.77   6.54586     24       392      
 6862.6  65      18246    -7678.32   -7671.77   6.54586     24       392      
 6862.77 65      18250    -7678.32   -7671.77   6.54586     24       392      
 6863.16 65      18300    -7678.32   -7671.77   6.54586     24       392      
 6863.53 65      18350    -7678.32   -7671.77   6.54586     24       392      
 6881.63 66      18523    -7678.19   -7671.77   6.41331     24       395      
 6881.77 66      18524    -7678.19   -7671.77   6.41331     24       395      
 6881.91 66      18525    -7678.19   -7671.77   6.41331     25       395      
 6882.18 66      18550    -7678.19   -7671.77   6.41331     25       395      
 6882.56 66      18600    -7678.19   -7671.77   6.41331     25       395      
 6882.95 66      18650    -7678.19   -7671.77   6.41331     25       395      
 6901.6  67      18801    -7678.11   -7671.78   6.32771     26       398      
 6901.75 67      18802    -7678.11   -7671.78   6.32771     26       398      
 6901.9  67      18803    -7678.11   -7671.78   6.32771     26       398      
 6902.26 67      18850    -7678.11   -7671.78   6.32771     26       398      
 6902.66 67      18900    -7678.11   -7671.78   6.32771     26       398      
 6943.24 68      19079    -7678      -7671.78   6.21698     25       405      
 6943.38 68      19080    -7678      -7671.78   6.21698     25       405      
 6943.53 68      19081    -7678      -7671.78   6.21698     25       405      
 6943.74 68      19100    -7678      -7671.78   6.21698     25       405      
 6944.09 68      19150    -7678      -7671.78   6.21698     25       405      
 6944.46 68      19200    -7678      -7671.78   6.21698     27       405      
 6952.14 69      19357    -7677.89   -7671.78   6.10795     23       406      
 6952.29 69      19358    -7677.89   -7671.78   6.10795     23       406      
 6952.44 69      19359    -7677.89   -7671.78   6.10795     23       406      
 6952.76 69      19400    -7677.89   -7671.78   6.10795     23       406      
 6953.13 69      19450    -7677.89   -7671.78   6.10795     23       406      
 6985.86 70      19633    -7677.72   -7671.79   5.93107     24       411      
 6985.99 70      19634    -7677.72   -7671.79   5.93107     24       411      
 6986.12 70      19635    -7677.72   -7671.79   5.93107     24       411      
 6986.3  70      19650    -7677.72   -7671.79   5.93107     24       411      
 6986.6  70      19700    -7677.72   -7671.79   5.93107     24       411      
 6986.92 70      19750    -7677.72   -7671.79   5.93107     24       411      
 7031.82 71      19909    -7677.55   -7671.79   5.76168     24       419      
 7037.11 71      19910    -7677.55   -7671.79   5.76168     24       420      
 7037.3  71      19911    -7677.55   -7671.79   5.76168     24       420      
 7037.62 71      19950    -7677.55   -7671.79   5.76168     24       420      
 7038    71      20000    -7677.55   -7671.79   5.76168     24       420      
 7062.32 72      20185    -7677.46   -7671.83   5.63409     26       424      
 7062.48 72      20186    -7677.46   -7671.83   5.63409     25       424      
 7067.61 72      20187    -7677.46   -7671.83   5.63409     25       425      
 7067.88 72      20200    -7677.46   -7671.83   5.63409     24       425      
 7068.27 72      20250    -7677.46   -7671.83   5.63409     24       425      
 7072.84 72      20300    -7677.46   -7671.83   5.63409     24       426      
 7107.68 73      20459    -7677.26   -7671.84   5.42021     23       432      
 7107.83 73      20460    -7677.26   -7671.84   5.42021     23       432      
 7107.97 73      20461    -7677.26   -7671.84   5.42021     23       432      
 7108.25 73      20500    -7677.26   -7671.84   5.42021     23       432      
 7108.57 73      20550    -7677.26   -7671.84   5.42021     23       432      
 7137.9  74      20737    -7677.16   -7671.84   5.31454     26       437      
 7138.04 74      20738    -7677.16   -7671.84   5.31454     25       437      
 7138.18 74      20739    -7677.16   -7671.84   5.31454     26       437      
 7138.38 74      20750    -7677.16   -7671.84   5.31454     26       437      
 7138.72 74      20800    -7677.16   -7671.84   5.31454     26       437      
 7139.08 74      20850    -7677.16   -7671.84   5.31454     26       437      
 7180.91 75      21013    -7677.03   -7671.84   5.18876     25       444      
 7186.33 75      21014    -7677.03   -7671.84   5.18876     25       445      
 7192.17 75      21015    -7677.03   -7671.84   5.18876     25       446      
 7192.53 75      21050    -7677.03   -7671.84   5.18876     25       446      
 7192.89 75      21100    -7677.03   -7671.84   5.18876     25       446      
 7206.25 75      21150    -7677.03   -7671.84   5.18876     25       448      
 7207.55 76      21289    -7676.94   -7671.84   5.10077     27       448      
 7213.04 76      21290    -7676.94   -7671.84   5.10077     26       449      
 7219.4  76      21300    -7676.94   -7671.84   5.10077     27       450      
 7219.79 76      21350    -7676.94   -7671.84   5.10077     27       450      
 7220.18 76      21400    -7676.94   -7671.84   5.10077     27       450      
 7257.81 77      21565    -7676.83   -7671.85   4.97864     27       455      
 7257.96 77      21566    -7676.83   -7671.85   4.97864     27       455      
 7258.11 77      21567    -7676.83   -7671.85   4.97864     27       455      
 7258.41 77      21600    -7676.83   -7671.85   4.97864     27       455      
 7258.77 77      21650    -7676.83   -7671.85   4.97864     27       455      
 7293.38 77      21700    -7676.83   -7671.85   4.97864     27       461      
 7294.82 78      21841    -7676.74   -7671.85   4.89099     29       461      
 7294.99 78      21842    -7676.74   -7671.85   4.89099     29       461      
 7295.19 78      21850    -7676.74   -7671.85   4.89099     29       461      
 7295.6  78      21900    -7676.74   -7671.85   4.89099     29       461      
 7296.02 78      21950    -7676.74   -7671.85   4.89099     29       461      
 7322    79      22117    -7676.65   -7671.85   4.80242     28       465      
 7322.16 79      22118    -7676.65   -7671.85   4.80242     27       465      
 7322.32 79      22119    -7676.65   -7671.85   4.80242     27       465      
 7322.62 79      22150    -7676.65   -7671.85   4.80242     27       465      
 7323.02 79      22200    -7676.65   -7671.85   4.80242     27       465      
 7352.08 79      22250    -7676.65   -7671.85   4.80242     28       470      
 7377.13 80      22393    -7676.58   -7671.86   4.72578     27       473      
 7383.82 80      22394    -7676.58   -7671.86   4.72578     27       474      
 7384.08 80      22400    -7676.58   -7671.86   4.72578     27       474      
 7384.52 80      22450    -7676.58   -7671.86   4.72578     27       474      
 7384.98 80      22500    -7676.58   -7671.86   4.72578     27       474      
 7407.96 81      22669    -7676.5    -7671.9    4.60442     27       477      
 7408.14 81      22670    -7676.5    -7671.9    4.60442     27       477      
 7408.31 81      22671    -7676.5    -7671.9    4.60442     27       477      
 7408.64 81      22700    -7676.5    -7671.9    4.60442     27       477      
 7409.09 81      22750    -7676.5    -7671.9    4.60442     27       477      
 7424.85 81      22800    -7676.5    -7671.9    4.60442     27       480      
 7464.95 82      22947    -7676.42   -7671.9    4.5237      25       485      
 7465.12 82      22948    -7676.42   -7671.9    4.5237      25       485      
 7465.31 82      22950    -7676.42   -7671.9    4.5237      25       485      
 7465.72 82      23000    -7676.42   -7671.9    4.5237      25       485      
 7466.14 82      23050    -7676.42   -7671.9    4.5237      25       485      
 7491.63 83      23223    -7676.34   -7671.9    4.44488     26       489      
 7491.8  83      23224    -7676.34   -7671.9    4.44488     26       489      
 7491.97 83      23225    -7676.34   -7671.9    4.44488     26       489      
 7492.24 83      23250    -7676.34   -7671.9    4.44488     26       489      
 7492.62 83      23300    -7676.34   -7671.9    4.44488     26       489      
 7493.06 83      23350    -7676.34   -7671.9    4.44488     26       489      
 7532.25 84      23499    -7676.26   -7671.9    4.36638     29       494      
 7532.43 84      23500    -7676.26   -7671.9    4.36638     28       494      
 7532.64 84      23501    -7676.26   -7671.9    4.36638     28       494      
 7533.15 84      23550    -7676.26   -7671.9    4.36638     28       494      
 7533.67 84      23600    -7676.26   -7671.9    4.36638     28       494      
 7554.89 85      23775    -7676.23   -7671.9    4.32928     28       497      
 7555.07 85      23776    -7676.23   -7671.9    4.32928     28       497      
 7560.94 85      23777    -7676.23   -7671.9    4.32928     28       498      
 7565.55 85      23800    -7676.23   -7671.9    4.32928     27       499      
 7565.98 85      23850    -7676.23   -7671.9    4.32928     27       499      
 7566.39 85      23900    -7676.23   -7671.9    4.32928     27       499      
 7605    86      24051    -7676.15   -7671.9    4.24612     26       504      
 7612.05 86      24052    -7676.15   -7671.9    4.24612     27       505      
 7617.89 86      24053    -7676.15   -7671.9    4.24612     27       506      
 7618.34 86      24100    -7676.15   -7671.9    4.24612     27       506      
 7618.73 86      24150    -7676.15   -7671.9    4.24612     27       506      
 7657.42 87      24327    -7676.09   -7671.9    4.18421     27       511      
 7657.58 87      24328    -7676.09   -7671.9    4.18421     27       511      
 7657.78 87      24329    -7676.09   -7671.9    4.18421     27       511      
 7658.06 87      24350    -7676.09   -7671.9    4.18421     27       511      
 7658.43 87      24400    -7676.09   -7671.9    4.18421     27       511      
 7658.83 87      24450    -7676.09   -7671.9    4.18421     27       511      
 7693.37 88      24601    -7676.01   -7671.91   4.09976     29       516      
 7693.56 88      24602    -7676.01   -7671.91   4.09976     27       516      
 7693.74 88      24603    -7676.01   -7671.91   4.09976     28       516      
 7694.15 88      24650    -7676.01   -7671.91   4.09976     28       516      
 7694.56 88      24700    -7676.01   -7671.91   4.09976     28       516      
 7708.46 89      24877    -7675.97   -7671.91   4.05844     29       518      
 7708.64 89      24878    -7675.97   -7671.91   4.05844     28       518      
 7708.82 89      24879    -7675.97   -7671.91   4.05844     28       518      
 7709.12 89      24900    -7675.97   -7671.91   4.05844     27       518      
 7709.54 89      24950    -7675.97   -7671.91   4.05844     27       518      
 7710.02 89      25000    -7675.97   -7671.91   4.05844     29       518      
 7744.57 90      25151    -7675.89   -7671.91   3.98129     31       523      
 7744.75 90      25152    -7675.89   -7671.91   3.98129     31       523      
 7744.94 90      25153    -7675.89   -7671.91   3.98129     31       523      
 7745.42 90      25200    -7675.89   -7671.91   3.98129     30       523      
 7745.89 90      25250    -7675.89   -7671.91   3.98129     30       523      
 7762.6  91      25427    -7675.86   -7671.91   3.9522      30       525      
 7762.78 91      25428    -7675.86   -7671.91   3.9522      30       525      
 7769.63 91      25429    -7675.86   -7671.91   3.9522      30       526      
 7770.01 91      25450    -7675.86   -7671.91   3.9522      30       526      
 7770.49 91      25500    -7675.86   -7671.91   3.9522      29       526      
 7778.95 91      25550    -7675.86   -7671.91   3.9522      29       527      
 7826.75 92      25701    -7675.8    -7671.92   3.87892     32       534      
 7826.94 92      25702    -7675.8    -7671.92   3.87892     32       534      
 7827.14 92      25703    -7675.8    -7671.92   3.87892     32       534      
 7827.63 92      25750    -7675.8    -7671.92   3.87892     31       534      
 7828.13 92      25800    -7675.8    -7671.92   3.87892     31       534      
 7857.99 93      25977    -7675.77   -7671.92   3.85548     29       538      
 7858.17 93      25978    -7675.77   -7671.92   3.85548     29       538      
 7858.36 93      25979    -7675.77   -7671.92   3.85548     29       538      
 7858.67 93      26000    -7675.77   -7671.92   3.85548     29       538      
 7859.11 93      26050    -7675.77   -7671.92   3.85548     29       538      
 7859.57 93      26100    -7675.77   -7671.92   3.85548     29       538      
 7911.74 94      26251    -7675.72   -7671.93   3.78732     29       545      
 7911.93 94      26252    -7675.72   -7671.93   3.78732     29       545      
 7912.13 94      26253    -7675.72   -7671.93   3.78732     29       545      
 7912.58 94      26300    -7675.72   -7671.93   3.78732     29       545      
 7913.06 94      26350    -7675.72   -7671.93   3.78732     29       545      
 7962.38 95      26527    -7675.68   -7671.93   3.75539     29       551      
 7962.58 95      26528    -7675.68   -7671.93   3.75539     29       551      
 7962.78 95      26529    -7675.68   -7671.93   3.75539     29       551      
 7963.1  95      26550    -7675.68   -7671.93   3.75539     29       551      
 7963.57 95      26600    -7675.68   -7671.93   3.75539     29       551      
 7964.17 95      26650    -7675.68   -7671.93   3.75539     29       551      
 8008.45 96      26801    -7675.63   -7671.93   3.69813     31       556      
 8008.66 96      26802    -7675.63   -7671.93   3.69813     30       556      
 8008.88 96      26803    -7675.63   -7671.93   3.69813     30       556      
 8009.39 96      26850    -7675.63   -7671.93   3.69813     30       556      
 8009.95 96      26900    -7675.63   -7671.93   3.69813     30       556      
 8060.62 97      27075    -7675.58   -7671.94   3.64151     30       562      
 8060.84 97      27076    -7675.58   -7671.94   3.64151     30       562      
 8061.06 97      27077    -7675.58   -7671.94   3.64151     30       562      
 8061.43 97      27100    -7675.58   -7671.94   3.64151     30       562      
 8062    97      27150    -7675.58   -7671.94   3.64151     30       562      
 8062.61 97      27200    -7675.58   -7671.94   3.64151     31       562      
 8148.21 98      27351    -7675.55   -7671.95   3.60064     30       573      
 8148.41 98      27352    -7675.55   -7671.95   3.60064     30       573      
 8148.62 98      27353    -7675.55   -7671.95   3.60064     30       573      
 8149.05 98      27400    -7675.55   -7671.95   3.60064     30       573      
 8149.51 98      27450    -7675.55   -7671.95   3.60064     30       573      
 8201.53 99      27627    -7675.51   -7671.95   3.56606     28       578      
 8201.74 99      27628    -7675.51   -7671.95   3.56606     28       578      
 8201.96 99      27629    -7675.51   -7671.95   3.56606     28       578      
 8202.33 99      27650    -7675.51   -7671.95   3.56606     28       578      
 8202.92 99      27700    -7675.51   -7671.95   3.56606     27       578      
 8203.41 99      27750    -7675.51   -7671.95   3.56606     28       578      
 8250.53 100     27901    -7675.46   -7671.95   3.5155      30       584      
 8250.74 100     27902    -7675.46   -7671.95   3.5155      30       584      
 8250.96 100     27903    -7675.46   -7671.95   3.5155      30       584      
 8251.41 100     27950    -7675.46   -7671.95   3.5155      29       584      
 8251.91 100     28000    -7675.46   -7671.95   3.5155      29       584      
 8299.45 101     28175    -7675.44   -7671.95   3.49531     27       590      
 8299.68 101     28176    -7675.44   -7671.95   3.49531     27       590      
 8299.9  101     28177    -7675.44   -7671.95   3.49531     27       590      
 8300.28 101     28200    -7675.44   -7671.95   3.49531     27       590      
 8300.82 101     28250    -7675.44   -7671.95   3.49531     27       590      
 8301.35 101     28300    -7675.44   -7671.95   3.49531     27       590      
 8335.74 102     28449    -7675.41   -7671.95   3.46137     28       594      
 8335.96 102     28450    -7675.41   -7671.95   3.46137     28       594      
 8336.17 102     28451    -7675.41   -7671.95   3.46137     28       594      
 8336.64 102     28500    -7675.41   -7671.95   3.46137     28       594      
 8337.11 102     28550    -7675.41   -7671.95   3.46137     28       594      
 8361.06 103     28723    -7675.38   -7671.95   3.43515     30       597      
 8361.28 103     28724    -7675.38   -7671.95   3.43515     30       597      
 8361.51 103     28725    -7675.38   -7671.95   3.43515     30       597      
 8361.87 103     28750    -7675.38   -7671.95   3.43515     30       597      
 8362.45 103     28800    -7675.38   -7671.95   3.43515     30       597      
 8379.49 103     28850    -7675.38   -7671.95   3.43515     32       599      
 8434.19 104     28997    -7675.34   -7671.95   3.39048     28       605      
 8443.01 104     28998    -7675.34   -7671.95   3.39048     29       606      
 8451.67 104     29000    -7675.34   -7671.95   3.39048     29       607      
 8452.21 104     29050    -7675.34   -7671.95   3.39048     29       607      
 8452.78 104     29100    -7675.34   -7671.95   3.39048     29       607      
 8472.27 105     29269    -7675.3    -7671.95   3.34911     28       609      
 8472.5  105     29270    -7675.3    -7671.95   3.34911     28       609      
 8480.56 105     29271    -7675.3    -7671.95   3.34911     29       610      
 8481.07 105     29300    -7675.3    -7671.95   3.34911     29       610      
 8481.67 105     29350    -7675.3    -7671.95   3.34911     29       610      
 8510.72 105     29400    -7675.3    -7671.95   3.34911     30       614      
 8542.1  106     29543    -7675.26   -7671.95   3.30295     30       617      
 8550.6  106     29544    -7675.26   -7671.95   3.30295     30       618      
 8556.45 106     29550    -7675.26   -7671.95   3.30295     29       619      
 8557.03 106     29600    -7675.26   -7671.95   3.30295     29       619      
 8557.6  106     29650    -7675.26   -7671.95   3.30295     29       619      
 8588.54 107     29817    -7675.23   -7671.95   3.27572     29       622      
 8588.8  107     29818    -7675.23   -7671.95   3.27572     29       622      
 8589.04 107     29819    -7675.23   -7671.95   3.27572     29       622      
 8589.41 107     29850    -7675.23   -7671.95   3.27572     29       622      
 8589.89 107     29900    -7675.23   -7671.95   3.27572     28       622      
 8635.32 107     29950    -7675.23   -7671.95   3.27572     28       627      
 8660.42 108     30091    -7675.2    -7671.95   3.24106     29       629      
 8660.65 108     30092    -7675.2    -7671.95   3.24106     28       629      
 8660.94 108     30100    -7675.2    -7671.95   3.24106     28       629      
 8661.51 108     30150    -7675.2    -7671.95   3.24106     28       629      
 8662.11 108     30200    -7675.2    -7671.95   3.24106     28       629      
 8699.36 109     30363    -7675.16   -7671.96   3.20602     28       633      
 8707.85 109     30364    -7675.16   -7671.96   3.20602     28       634      
 8716.95 109     30365    -7675.16   -7671.96   3.20602     28       635      
 8717.51 109     30400    -7675.16   -7671.96   3.20602     28       635      
 8718.14 109     30450    -7675.16   -7671.96   3.20602     28       635      
 8759.97 110     30635    -7675.13   -7671.96   3.16938     28       640      
 8760.19 110     30636    -7675.13   -7671.96   3.16938     29       640      
 8760.4  110     30637    -7675.13   -7671.96   3.16938     29       640      
 8760.69 110     30650    -7675.13   -7671.96   3.16938     29       640      
 8761.18 110     30700    -7675.13   -7671.96   3.16938     29       640      
 8761.66 110     30750    -7675.13   -7671.96   3.16938     29       640      
 8821.56 111     30907    -7675.11   -7671.96   3.1517      29       646      
 8821.77 111     30908    -7675.11   -7671.96   3.1517      29       646      
 8821.99 111     30909    -7675.11   -7671.96   3.1517      30       646      
 8822.42 111     30950    -7675.11   -7671.96   3.1517      30       646      
 8822.89 111     31000    -7675.11   -7671.96   3.1517      30       646      
 8833.38 112     31179    -7675.08   -7671.96   3.1168      29       647      
 8833.62 112     31180    -7675.08   -7671.96   3.1168      29       647      
 8833.85 112     31181    -7675.08   -7671.96   3.1168      29       647      
 8834.2  112     31200    -7675.08   -7671.96   3.1168      29       647      
 8834.77 112     31250    -7675.08   -7671.96   3.1168      29       647      
 8835.29 112     31300    -7675.08   -7671.96   3.1168      29       647      
 8887.95 113     31451    -7675.05   -7671.97   3.0768      29       653      
 8888.17 113     31452    -7675.05   -7671.97   3.0768      29       653      
 8897.19 113     31453    -7675.05   -7671.97   3.0768      30       654      
 8903.64 113     31500    -7675.05   -7671.97   3.0768      30       655      
 8904.18 113     31550    -7675.05   -7671.97   3.0768      30       655      
 8946.92 114     31723    -7675.02   -7671.97   3.04749     29       659      
 8947.16 114     31724    -7675.02   -7671.97   3.04749     29       659      
 8947.41 114     31725    -7675.02   -7671.97   3.04749     29       659      
 8947.82 114     31750    -7675.02   -7671.97   3.04749     29       659      
 8948.42 114     31800    -7675.02   -7671.97   3.04749     29       659      
 8949.08 114     31850    -7675.02   -7671.97   3.04749     29       659      
 8988.94 115     31997    -7674.99   -7671.97   3.01735     32       663      
 8989.18 115     31998    -7674.99   -7671.97   3.01735     32       663      
 9003.68 115     32000    -7674.99   -7671.97   3.01735     32       665      
 9004.35 115     32050    -7674.99   -7671.97   3.01735     31       665      
 9004.91 115     32100    -7674.99   -7671.97   3.01735     31       665      
 9072.2  116     32271    -7674.97   -7671.98   2.98638     30       672      
 9072.44 116     32272    -7674.97   -7671.98   2.98638     30       672      
 9072.68 116     32273    -7674.97   -7671.98   2.98638     30       672      
 9073.12 116     32300    -7674.97   -7671.98   2.98638     30       672      
 9073.64 116     32350    -7674.97   -7671.98   2.98638     30       672      
 9080.76 116     32400    -7674.97   -7671.98   2.98638     31       673      
 9124.71 117     32545    -7674.95   -7671.98   2.97419     30       678      
 9124.96 117     32546    -7674.95   -7671.98   2.97419     30       678      
 9125.23 117     32550    -7674.95   -7671.98   2.97419     29       678      
 9125.79 117     32600    -7674.95   -7671.98   2.97419     29       678      
 9126.36 117     32650    -7674.95   -7671.98   2.97419     29       678      
 9185.7  118     32819    -7674.94   -7671.98   2.96266     29       684      
 9194.62 118     32820    -7674.94   -7671.98   2.96266     30       685      
 9204.9  118     32821    -7674.94   -7671.98   2.96266     29       686      
 9212.99 118     32850    -7674.94   -7671.98   2.96266     29       687      
 9213.65 118     32900    -7674.94   -7671.98   2.96266     29       687      
 9214.31 118     32950    -7674.94   -7671.98   2.96266     29       687      
 9216.11 119     33091    -7674.93   -7671.98   2.9501      28       687      
 9216.37 119     33092    -7674.93   -7671.98   2.9501      29       687      
 9216.69 119     33100    -7674.93   -7671.98   2.9501      29       687      
 9217.35 119     33150    -7674.93   -7671.98   2.9501      29       687      
 9218.03 119     33200    -7674.93   -7671.98   2.9501      29       687      
 9289.16 120     33363    -7674.91   -7671.98   2.92519     30       695      
 9298.6  120     33364    -7674.91   -7671.98   2.92519     30       696      
 9308.71 120     33365    -7674.91   -7671.98   2.92519     30       697      
 9315.15 120     33400    -7674.91   -7671.98   2.92519     30       698      
 9315.75 120     33450    -7674.91   -7671.98   2.92519     30       698      
 9377.52 121     33635    -7674.89   -7671.99   2.90555     30       704      
 9377.79 121     33636    -7674.89   -7671.99   2.90555     31       704      
 9378.06 121     33637    -7674.89   -7671.99   2.90555     31       704      
 9378.42 121     33650    -7674.89   -7671.99   2.90555     31       704      
 9379.05 121     33700    -7674.89   -7671.99   2.90555     31       704      
 9379.63 121     33750    -7674.89   -7671.99   2.90555     31       704      
 9435.01 122     33909    -7674.88   -7671.99   2.88849     31       709      
 9435.28 122     33910    -7674.88   -7671.99   2.88849     31       709      
 9435.55 122     33911    -7674.88   -7671.99   2.88849     31       709      
 9436.08 122     33950    -7674.88   -7671.99   2.88849     31       709      
 9436.7  122     34000    -7674.88   -7671.99   2.88849     31       709      
 9521.22 123     34183    -7674.86   -7672      2.86115     33       717      
 9521.51 123     34184    -7674.86   -7672      2.86115     33       717      
 9521.8  123     34185    -7674.86   -7672      2.86115     33       717      
 9522.2  123     34200    -7674.86   -7672      2.86115     33       717      
 9522.88 123     34250    -7674.86   -7672      2.86115     33       717      
 9523.58 123     34300    -7674.86   -7672      2.86115     33       717      
 9579.87 124     34457    -7674.85   -7672      2.84867     31       722      
 9580.14 124     34458    -7674.85   -7672      2.84867     31       722      
 9589.62 124     34459    -7674.85   -7672      2.84867     31       723      
 9590.29 124     34500    -7674.85   -7672      2.84867     31       723      
 9590.95 124     34550    -7674.85   -7672      2.84867     31       723      
 9633.14 125     34729    -7674.81   -7672      2.80901     33       727      
 9633.4  125     34730    -7674.81   -7672      2.80901     34       727      
 9633.68 125     34731    -7674.81   -7672      2.80901     33       727      
 9634.07 125     34750    -7674.81   -7672      2.80901     33       727      
 9634.67 125     34800    -7674.81   -7672      2.80901     33       727      
 9635.28 125     34850    -7674.81   -7672      2.80901     33       727      
 9703.07 126     35003    -7674.8    -7672      2.7955      31       734      
 9703.35 126     35004    -7674.8    -7672      2.7955      31       734      
 9703.63 126     35005    -7674.8    -7672      2.7955      31       734      
 9704.3  126     35050    -7674.8    -7672      2.7955      31       734      
 9705.04 126     35100    -7674.8    -7672      2.7955      31       734      
 9776.14 127     35275    -7674.78   -7672.01   2.77667     32       740      
 9786.46 127     35276    -7674.78   -7672.01   2.77667     32       741      
 9795.27 127     35277    -7674.78   -7672.01   2.77667     32       742      
 9795.77 127     35300    -7674.78   -7672.01   2.77667     32       742      
 9796.35 127     35350    -7674.78   -7672.01   2.77667     32       742      
 9796.94 127     35400    -7674.78   -7672.01   2.77667     32       742      
 9827.93 128     35547    -7674.77   -7672.01   2.76295     32       745      
 9828.2  128     35548    -7674.77   -7672.01   2.76295     32       745      
 9837.27 128     35550    -7674.77   -7672.01   2.76295     32       746      
 9837.9  128     35600    -7674.77   -7672.01   2.76295     32       746      
 9838.55 128     35650    -7674.77   -7672.01   2.76295     32       746      
 9851.61 129     35819    -7674.76   -7672.01   2.74986     32       747      
 9851.88 129     35820    -7674.76   -7672.01   2.74986     33       747      
 9852.16 129     35821    -7674.76   -7672.01   2.74986     33       747      
 9852.63 129     35850    -7674.76   -7672.01   2.74986     33       747      
 9853.28 129     35900    -7674.76   -7672.01   2.74986     33       747      
 9880.87 129     35950    -7674.76   -7672.01   2.74986     34       750      
 9927.07 130     36091    -7674.74   -7672.01   2.72432     31       754      
 9927.35 130     36092    -7674.74   -7672.01   2.72432     32       754      
 9935.04 130     36100    -7674.74   -7672.01   2.72432     32       755      
 9935.68 130     36150    -7674.74   -7672.01   2.72432     32       755      
 9936.33 130     36200    -7674.74   -7672.01   2.72432     33       755      
 10020.4 131     36363    -7674.72   -7672.01   2.71004     31       763      
-------------------------------------------------------------------------------

SARSOP finishing ...
  Preset timeout reached
  Timeout     : 10000.000000s
  Actual Time : 10020.390000s

-------------------------------------------------------------------------------
 Time   |#Trial |#Backup |LBound    |UBound    |Precision  |#Alphas |#Beliefs  
-------------------------------------------------------------------------------
 10020.4 131     36363    -7674.72   -7672.01   2.71004     31       763      
-------------------------------------------------------------------------------

Writing out policy ...
  output file : RAM4_medium/3a540f5974.policyx

