
Loading the model ...
  input file   : /home/rstudio/RAM4_medium/3a56b16b36.pomdpx
  loading time : 4.87s 

SARSOP initializing ...
  initialization time : 5857.79s

-------------------------------------------------------------------------------
 Time   |#Trial |#Backup |LBound    |UBound    |Precision  |#Alphas |#Beliefs  
-------------------------------------------------------------------------------
 5857.79 0       0        -181.68    -165.203   16.4769     101      1        
 5861.94 1       51       -171.098   -165.668   5.42975     15       27       
 5873.63 2       147      -169.884   -165.669   4.21488     38       59       
 5874.51 2       150      -169.884   -165.669   4.21488     11       62       
 5903.36 3       245      -169.069   -165.669   3.39935     24       107      
 5903.41 3       250      -169.069   -165.669   3.39935     10       107      
 5906.29 4       345      -168.525   -165.669   2.85587     23       112      
 5908.95 4       350      -168.525   -165.669   2.85587     10       117      
 5950.82 5       447      -168.083   -165.67    2.41277     17       162      
 5952.23 5       450      -168.083   -165.67    2.41277     15       164      
 6004.17 6       549      -167.679   -165.67    2.00849     11       212      
 6005.1  6       550      -167.679   -165.67    2.00849     12       213      
 6068.35 6       600      -167.679   -165.67    2.00849     10       263      
 6073.39 7       657      -167.458   -165.67    1.78785     11       266      
 6100.42 7       700      -167.458   -165.67    1.78785     12       289      
 6117.65 8       767      -167.232   -165.671   1.56163     11       300      
 6142.27 8       800      -167.232   -165.671   1.56163     10       319      
 6150.5  9       879      -167.072   -165.671   1.40075     10       324      
 6171.14 9       900      -167.072   -165.671   1.40075     12       339      
 6210.75 10      995      -166.94    -165.671   1.26959     9        362      
 6218.64 10      1000     -166.94    -165.671   1.26959     8        367      
 6272.91 10      1050     -166.94    -165.671   1.26959     7        397      
 6282.05 11      1115     -166.836   -165.671   1.16484     8        401      
 6293.78 11      1150     -166.836   -165.671   1.16484     10       408      
 6339.84 12      1235     -166.754   -165.671   1.08268     11       432      
 6360.07 12      1250     -166.754   -165.671   1.08268     10       443      
 6464.06 13      1355     -166.651   -165.671   0.979811    7        487      
 6464.17 13      1356     -166.651   -165.671   0.979811    8        487      
 6540.31 13      1400     -166.651   -165.671   0.979811    12       520      
 6577.7  14      1473     -166.566   -165.671   0.894994    10       533      
 6640.97 14      1500     -166.566   -165.671   0.894994    9        560      
 6735.78 15      1595     -166.518   -165.671   0.846212    14       593      
 6745.59 15      1600     -166.518   -165.671   0.846212    7        597      
 6897.7  15      1650     -166.518   -165.671   0.846212    9        647      
 6912.62 16      1715     -166.445   -165.671   0.773494    9        651      
 7012.63 16      1750     -166.445   -165.671   0.773494    9        684      
 7099.87 17      1835     -166.394   -165.671   0.722125    10       708      
 7138.17 17      1850     -166.394   -165.671   0.722125    8        721      
 7265.04 18      1955     -166.339   -165.671   0.667486    9        758      
 7265.2  18      1956     -166.339   -165.671   0.667486    10       758      
 7413.38 18      2000     -166.339   -165.671   0.667486    12       800      
 7480.59 19      2077     -166.299   -165.671   0.627062    14       816      
 7562.06 19      2100     -166.299   -165.671   0.627062    11       839      
 7714.88 20      2197     -166.252   -165.672   0.580723    11       875      
 7726.02 20      2200     -166.252   -165.672   0.580723    13       878      
 7947.13 20      2250     -166.252   -165.672   0.580723    11       928      
 7987.65 21      2319     -166.219   -165.672   0.547196    13       935      
 8093.2  21      2350     -166.219   -165.672   0.547196    12       960      
 8239.27 22      2443     -166.187   -165.672   0.515573    12       990      
 8251.53 22      2450     -166.187   -165.672   0.515573    13       993      
 8434.81 22      2500     -166.187   -165.672   0.515573    11       1034     
 8459.72 23      2569     -166.168   -165.672   0.496633    12       1039     
 8589.93 23      2600     -166.168   -165.672   0.496633    14       1066     
 8766.84 24      2695     -166.141   -165.672   0.469452    12       1097     
 8781.41 24      2700     -166.141   -165.672   0.469452    12       1100     
 9032.57 24      2750     -166.141   -165.672   0.469452    13       1149     
 9072.21 25      2821     -166.124   -165.672   0.452048    13       1156     
 9215.18 25      2850     -166.124   -165.672   0.452048    14       1185     
 9402.01 26      2947     -166.108   -165.672   0.435802    18       1218     
 9402.32 26      2950     -166.108   -165.672   0.435802    15       1218     
 9512.38 26      3000     -166.108   -165.672   0.435802    19       1240     
 9570.59 27      3075     -166.098   -165.672   0.426457    16       1250     
 9687.99 27      3100     -166.098   -165.672   0.426457    11       1273     
 9913.7  28      3203     -166.079   -165.672   0.407393    14       1311     
 9914.01 28      3204     -166.079   -165.672   0.407393    14       1311     
 10164.2 28      3250     -166.079   -165.672   0.407393    15       1355     
-------------------------------------------------------------------------------

SARSOP finishing ...
  Preset timeout reached
  Timeout     : 10000.000000s
  Actual Time : 10164.170000s

-------------------------------------------------------------------------------
 Time   |#Trial |#Backup |LBound    |UBound    |Precision  |#Alphas |#Beliefs  
-------------------------------------------------------------------------------
 10164.2 28      3250     -166.079   -165.672   0.407393    15       1355     
-------------------------------------------------------------------------------

Writing out policy ...
  output file : RAM4_medium/3a56b16b36.policyx

