
Loading the model ...
  input file   : /home/rstudio/RAM4_medium/3a5c20cedf.pomdpx
  loading time : 5.10s 

SARSOP initializing ...
  initialization time : 13258.78s

-------------------------------------------------------------------------------
 Time   |#Trial |#Backup |LBound    |UBound    |Precision  |#Alphas |#Beliefs  
-------------------------------------------------------------------------------
 13258.8 0       0        -5660.32   -188.762   5471.56     101      1        
-------------------------------------------------------------------------------

SARSOP finishing ...
  Preset timeout reached
  Timeout     : 10000.000000s
  Actual Time : 13258.930000s

-------------------------------------------------------------------------------
 Time   |#Trial |#Backup |LBound    |UBound    |Precision  |#Alphas |#Beliefs  
-------------------------------------------------------------------------------
 13258.9 0       1        -5388.81   -3227.49   2161.32     30       2        
-------------------------------------------------------------------------------

Writing out policy ...
  output file : RAM4_medium/3a5c20cedf.policyx

