
Loading the model ...
  input file   : /home/rstudio/RAM4_medium/3a61adda6f.pomdpx
  loading time : 4.94s 

SARSOP initializing ...
  initialization time : 6014.45s

-------------------------------------------------------------------------------
 Time   |#Trial |#Backup |LBound    |UBound    |Precision  |#Alphas |#Beliefs  
-------------------------------------------------------------------------------
 6014.45 0       0        -191.058   -174.642   16.4166     101      1        
 6021.64 1       63       -180.896   -175.038   5.85831     9        33       
 6031.34 1       100      -180.896   -175.038   5.85831     23       63       
 6034.07 2       150      -179.492   -175.039   4.45301     17       72       
 6047.01 3       235      -178.254   -175.039   3.21536     13       104      
 6053.45 3       250      -178.254   -175.039   3.21536     21       119      
 6076.22 4       349      -177.719   -175.039   2.68006     21       154      
 6076.85 4       350      -177.719   -175.039   2.68006     20       155      
 6122.81 4       400      -177.719   -175.039   2.68006     17       205      
 6131.13 5       465      -177.307   -175.039   2.26837     17       211      
 6169.17 5       500      -177.307   -175.039   2.26837     15       245      
 6201.32 6       577      -176.979   -175.039   1.93994     11       266      
 6228.27 6       600      -176.979   -175.039   1.93994     11       289      
 6263.82 7       691      -176.746   -175.04    1.70682     14       312      
 6275.86 7       700      -176.746   -175.04    1.70682     10       321      
 6364.8  8       803      -176.533   -175.04    1.49335     11       368      
 6366.33 8       804      -176.533   -175.04    1.49335     11       369      
 6409.93 8       850      -176.533   -175.04    1.49335     8        398      
 6422.98 9       919      -176.375   -175.04    1.33461     10       405      
 6462.72 9       950      -176.375   -175.04    1.33461     11       430      
 6520.56 10      1037     -176.245   -175.04    1.20527     8        457      
 6532.84 10      1050     -176.245   -175.04    1.20527     8        464      
 6633.82 11      1155     -176.129   -175.04    1.08898     8        509      
 6633.94 11      1156     -176.129   -175.04    1.08898     9        509      
 6735.7  11      1200     -176.129   -175.04    1.08898     16       552      
 6776.88 12      1275     -176.041   -175.04    1.00074     8        566      
 6786.78 12      1300     -176.041   -175.04    1.00074     8        571      
 6829.29 13      1397     -175.967   -175.04    0.927103    11       588      
 6829.44 13      1400     -175.967   -175.04    0.927103    8        588      
 6959.9  13      1450     -175.967   -175.04    0.927103    8        638      
 6975.83 14      1515     -175.877   -175.04    0.836297    8        643      
 7033.04 14      1550     -175.877   -175.04    0.836297    11       666      
 7056.65 15      1637     -175.827   -175.04    0.786741    9        674      
 7076.89 15      1650     -175.827   -175.04    0.786741    9        682      
 7154.97 16      1761     -175.774   -175.04    0.733456    14       710      
 7155.14 16      1762     -175.774   -175.04    0.733456    14       710      
 7258    16      1800     -175.774   -175.04    0.733456    11       741      
 7318.75 17      1885     -175.732   -175.04    0.691287    10       756      
 7362.44 17      1900     -175.732   -175.04    0.691287    10       770      
 7518.75 18      2009     -175.691   -175.04    0.650248    14       814      
 7521.94 18      2010     -175.691   -175.04    0.650248    14       815      
 7620.54 18      2050     -175.691   -175.04    0.650248    13       843      
 7694.07 19      2137     -175.659   -175.04    0.618549    10       862      
 7727.46 19      2150     -175.659   -175.04    0.618549    10       873      
 7792.13 19      2200     -175.659   -175.04    0.618549    11       889      
 7796.81 20      2265     -175.632   -175.04    0.591964    18       890      
 7924.87 20      2300     -175.632   -175.04    0.591964    14       925      
 8044.25 21      2391     -175.609   -175.041   0.56879     10       952      
 8051.49 21      2400     -175.609   -175.041   0.56879     8        954      
 8242.19 21      2450     -175.609   -175.041   0.56879     14       995      
 8263.91 22      2519     -175.579   -175.041   0.538937    11       999      
 8264.54 22      2550     -175.579   -175.041   0.538937    11       999      
 8386.23 23      2647     -175.56    -175.041   0.519406    14       1026     
 8399.15 23      2650     -175.56    -175.041   0.519406    10       1029     
 8495.92 23      2700     -175.56    -175.041   0.519406    14       1052     
 8546.54 24      2775     -175.54    -175.041   0.498772    12       1062     
 8657.72 24      2800     -175.54    -175.041   0.498772    10       1085     
 8871.44 25      2903     -175.517   -175.041   0.476318    14       1124     
 8876.38 25      2904     -175.517   -175.041   0.476318    14       1125     
 9096.68 25      2950     -175.517   -175.041   0.476318    16       1168     
 9205.02 26      3031     -175.501   -175.041   0.459363    14       1184     
 9284.9  26      3050     -175.501   -175.041   0.459363    8        1201     
 9559.42 27      3155     -175.474   -175.041   0.432763    14       1243     
 9559.75 27      3156     -175.474   -175.041   0.432763    14       1243     
 9837.78 27      3200     -175.474   -175.041   0.432763    13       1286     
 9957.24 28      3281     -175.457   -175.041   0.415462    19       1303     
 10038.9 28      3300     -175.457   -175.041   0.415462    11       1318     
-------------------------------------------------------------------------------

SARSOP finishing ...
  Preset timeout reached
  Timeout     : 10000.000000s
  Actual Time : 10038.910000s

-------------------------------------------------------------------------------
 Time   |#Trial |#Backup |LBound    |UBound    |Precision  |#Alphas |#Beliefs  
-------------------------------------------------------------------------------
 10038.9 28      3300     -175.457   -175.041   0.415462    11       1318     
-------------------------------------------------------------------------------

Writing out policy ...
  output file : RAM4_medium/3a61adda6f.policyx

