
Loading the model ...
  input file   : /home/rstudio/RAM4_medium/3b13aeef07.pomdpx
  loading time : 5.20s 

SARSOP initializing ...
  initialization time : 9841.70s

-------------------------------------------------------------------------------
 Time   |#Trial |#Backup |LBound    |UBound    |Precision  |#Alphas |#Beliefs  
-------------------------------------------------------------------------------
 9841.7  0       0        -424.705   -424.247   0.458025    101      1        
 9843.55 0       50       -424.706   -424.459   0.247877    7        20       
 9846.55 1       115      -424.653   -424.46    0.193418    15       28       
 9848.17 1       150      -424.653   -424.46    0.193418    11       36       
 9854.11 2       237      -424.618   -424.461   0.157259    12       47       
 9858.2  2       250      -424.618   -424.461   0.157259    9        55       
 9868.92 2       300      -424.618   -424.461   0.157259    12       66       
 9871.29 3       367      -424.598   -424.462   0.136215    7        68       
 9877.56 3       400      -424.598   -424.462   0.136215    5        76       
 9896.67 4       493      -424.578   -424.462   0.115724    8        91       
 9904.56 4       500      -424.578   -424.462   0.115724    8        98       
 9915.1  4       550      -424.578   -424.462   0.115724    10       105      
 9928.85 5       623      -424.564   -424.463   0.100935    9        113      
 9943.02 5       650      -424.564   -424.463   0.100935    7        123      
 9972.2  6       755      -424.553   -424.464   0.0894323   11       138      
 9972.25 6       756      -424.553   -424.464   0.0894323   11       138      
 9985.45 6       800      -424.553   -424.464   0.0894323   9        146      
 10016.8 7       887      -424.545   -424.464   0.0815745   11       160      
-------------------------------------------------------------------------------

SARSOP finishing ...
  Preset timeout reached
  Timeout     : 10000.000000s
  Actual Time : 10016.770000s

-------------------------------------------------------------------------------
 Time   |#Trial |#Backup |LBound    |UBound    |Precision  |#Alphas |#Beliefs  
-------------------------------------------------------------------------------
 10016.8 7       887      -424.545   -424.464   0.0815745   11       160      
-------------------------------------------------------------------------------

Writing out policy ...
  output file : RAM4_medium/3b13aeef07.policyx

