
Loading the model ...
  input file   : /home/rstudio/RAM4_medium/3b13580c6a.pomdpx
  loading time : 5.21s 

SARSOP initializing ...
  initialization time : 6300.29s

-------------------------------------------------------------------------------
 Time   |#Trial |#Backup |LBound    |UBound    |Precision  |#Alphas |#Beliefs  
-------------------------------------------------------------------------------
 6300.29 0       0        -187.428   -169.138   18.29       101      1        
 6306.42 1       50       -175.47    -169.623   5.84791     25       31       
 6334.7  2       137      -174.207   -169.623   4.58334     30       69       
 6339.44 2       150      -174.207   -169.623   4.58334     18       79       
 6369.15 3       235      -173.382   -169.623   3.75879     34       110      
 6379.3  3       250      -173.382   -169.623   3.75879     19       123      
 6428.68 4       335      -172.787   -169.623   3.16347     18       158      
 6444.95 4       350      -172.787   -169.623   3.16347     13       173      
 6490.04 5       441      -172.381   -169.624   2.75738     22       201      
 6500.64 5       450      -172.381   -169.624   2.75738     11       210      
 6581.18 6       551      -172.026   -169.624   2.40177     13       255      
 6581.25 6       552      -172.026   -169.624   2.40177     14       255      
 6656.22 6       600      -172.026   -169.624   2.40177     20       296      
 6673.9  7       665      -171.76    -169.624   2.13577     11       303      
 6699.48 7       700      -171.76    -169.624   2.13577     22       320      
 6737.01 8       783      -171.554   -169.624   1.9302      13       338      
 6764.35 8       800      -171.554   -169.624   1.9302      12       352      
 6863.59 9       897      -171.341   -169.624   1.71656     7        391      
 6869.88 9       900      -171.341   -169.624   1.71656     6        394      
 6915.9  9       950      -171.341   -169.624   1.71656     9        414      
 6926.62 10      1013     -171.162   -169.624   1.53718     7        418      
 7008.98 10      1050     -171.162   -169.624   1.53718     8        453      
 7063.99 11      1129     -170.996   -169.624   1.37201     7        471      
 7120.35 11      1150     -170.996   -169.624   1.37201     9        492      
 7211.14 12      1249     -170.889   -169.625   1.2646      8        521      
 7211.27 12      1250     -170.889   -169.625   1.2646      8        521      
 7312.23 12      1300     -170.889   -169.625   1.2646      13       555      
 7346    13      1371     -170.792   -169.625   1.1675      6        564      
 7433.56 13      1400     -170.792   -169.625   1.1675      8        591      
 7564.18 14      1495     -170.717   -169.625   1.09217     11       624      
 7581.34 14      1500     -170.717   -169.625   1.09217     8        629      
 7762.09 14      1550     -170.717   -169.625   1.09217     11       675      
 7791.57 15      1619     -170.65    -169.625   1.02454     8        681      
 7901.68 15      1650     -170.65    -169.625   1.02454     7        710      
 8033.43 16      1741     -170.556   -169.625   0.930874    9        739      
 8056.41 16      1750     -170.556   -169.625   0.930874    11       745      
 8291.51 16      1800     -170.556   -169.625   0.930874    9        795      
 8292.58 17      1861     -170.481   -169.625   0.856112    8        795      
 8483.95 17      1900     -170.481   -169.625   0.856112    11       834      
 8614.33 18      1985     -170.432   -169.625   0.806765    10       856      
 8676.27 18      2000     -170.432   -169.625   0.806765    7        869      
 8924.69 19      2107     -170.381   -169.625   0.755269    8        914      
 8924.91 19      2108     -170.381   -169.625   0.755269    8        914      
 9160.93 19      2150     -170.381   -169.625   0.755269    8        956      
 9276.82 20      2231     -170.339   -169.625   0.714038    10       974      
 9365.99 20      2250     -170.339   -169.625   0.714038    10       990      
 9623.69 21      2355     -170.29    -169.625   0.665063    9        1032     
 9628.87 21      2356     -170.29    -169.625   0.665063    9        1033     
 9905.96 21      2400     -170.29    -169.625   0.665063    10       1077     
 10025.2 22      2479     -170.257   -169.625   0.63191     12       1093     
-------------------------------------------------------------------------------

SARSOP finishing ...
  Preset timeout reached
  Timeout     : 10000.000000s
  Actual Time : 10025.200000s

-------------------------------------------------------------------------------
 Time   |#Trial |#Backup |LBound    |UBound    |Precision  |#Alphas |#Beliefs  
-------------------------------------------------------------------------------
 10025.2 22      2479     -170.257   -169.625   0.63191     12       1093     
-------------------------------------------------------------------------------

Writing out policy ...
  output file : RAM4_medium/3b13580c6a.policyx

