
Loading the model ...
  input file   : /home/rstudio/RAM4_medium/3b2663705.pomdpx
  loading time : 4.94s 

SARSOP initializing ...
  initialization time : 9440.41s

-------------------------------------------------------------------------------
 Time   |#Trial |#Backup |LBound    |UBound    |Precision  |#Alphas |#Beliefs  
-------------------------------------------------------------------------------
 9440.41 0       0        -1472.48   -1471.15   1.32846     101      1        
 9458.91 1       73       -1472.38   -1472.29   0.0844948   1        38       
 9486.51 1       100      -1472.38   -1472.29   0.0844948   1        65       
 9507.35 2       150      -1472.33   -1472.3    0.0353268   1        79       
 9585.77 3       221      -1472.31   -1472.3    0.0116295   1        112      
 9649.55 4       273      -1472.3    -1472.3    0.00378609  1        138      
 9703.39 5       309      -1472.3    -1472.3    0.000455601 1        156      
 9723.46 6       325      -1472.3    -1472.3    -0.000797769 1        163      
-------------------------------------------------------------------------------

SARSOP finishing ...
  target precision reached
  target precision  : 0.000000
  precision reached : -0.000798 

-------------------------------------------------------------------------------
 Time   |#Trial |#Backup |LBound    |UBound    |Precision  |#Alphas |#Beliefs  
-------------------------------------------------------------------------------
 9723.47 6       325      -1472.3    -1472.3    -0.000797769 1        163      
-------------------------------------------------------------------------------

Writing out policy ...
  output file : RAM4_medium/3b2663705.policyx

