
Loading the model ...
  input file   : /home/rstudio/RAM4_medium/3b290b2316.pomdpx
  loading time : 4.94s 

SARSOP initializing ...
  initialization time : 12650.33s

-------------------------------------------------------------------------------
 Time   |#Trial |#Backup |LBound    |UBound    |Precision  |#Alphas |#Beliefs  
-------------------------------------------------------------------------------
 12650.3 0       0        -8174.37   -878.572   7295.8      101      1        
-------------------------------------------------------------------------------

SARSOP finishing ...
  Preset timeout reached
  Timeout     : 10000.000000s
  Actual Time : 12650.540000s

-------------------------------------------------------------------------------
 Time   |#Trial |#Backup |LBound    |UBound    |Precision  |#Alphas |#Beliefs  
-------------------------------------------------------------------------------
 12650.5 0       1        -8143.49   -4890.97   3252.53     42       2        
-------------------------------------------------------------------------------

Writing out policy ...
  output file : RAM4_medium/3b290b2316.policyx

