
Loading the model ...
  input file   : /home/rstudio/RAM4_medium/3b2a5d3a62.pomdpx
  loading time : 4.94s 

SARSOP initializing ...
  initialization time : 8513.89s

-------------------------------------------------------------------------------
 Time   |#Trial |#Backup |LBound    |UBound    |Precision  |#Alphas |#Beliefs  
-------------------------------------------------------------------------------
 8513.89 0       0        -247.786   -231.35    16.4359     101      1        
 8520.59 1       83       -239.212   -231.786   7.42635     16       24       
 8528.66 1       100      -239.212   -231.786   7.42635     16       41       
 8541.48 2       187      -237.583   -231.787   5.79654     15       55       
 8548.36 2       200      -237.583   -231.787   5.79654     10       65       
 8553.96 3       301      -236.692   -231.787   4.90531     10       71       
 8553.98 3       302      -236.692   -231.787   4.90531     11       71       
 8554.14 3       350      -236.692   -231.787   4.90531     8        71       
 8557.73 4       415      -236.061   -231.787   4.27413     10       76       
 8562.16 4       450      -236.061   -231.787   4.27413     8        82       
 8566.07 5       533      -235.601   -231.788   3.81275     12       86       
 8571.29 5       550      -235.601   -231.788   3.81275     13       93       
 8583.77 6       655      -235.245   -231.788   3.45663     10       105      
 8583.8  6       656      -235.245   -231.788   3.45663     11       105      
 8612.44 6       700      -235.245   -231.788   3.45663     8        128      
 8627.57 7       779      -234.966   -231.788   3.17797     8        136      
 8640.88 7       800      -234.966   -231.788   3.17797     10       147      
 8650.71 8       905      -234.72    -231.788   2.93228     7        153      
 8650.76 8       906      -234.72    -231.788   2.93228     8        153      
 8656.74 8       950      -234.72    -231.788   2.93228     9        158      
 8667.03 9       1033     -234.507   -231.788   2.71881     6        165      
 8683.3  9       1050     -234.507   -231.788   2.71881     7        176      
 8692.03 10      1161     -234.304   -231.789   2.51511     9        181      
 8693.57 10      1162     -234.304   -231.789   2.51511     9        182      
 8715.14 10      1200     -234.304   -231.789   2.51511     8        195      
 8756.03 11      1291     -234.158   -231.789   2.36844     8        212      
 8769.75 11      1300     -234.158   -231.789   2.36844     8        219      
 8866.8  11      1350     -234.158   -231.789   2.36844     6        254      
 8883.65 12      1419     -234.006   -231.789   2.21709     8        259      
 8906.18 12      1450     -234.006   -231.789   2.21709     8        269      
 8944.89 13      1549     -233.895   -231.79    2.10494     8        283      
 8944.98 13      1550     -233.895   -231.79    2.10494     9        283      
 9051.98 13      1600     -233.895   -231.79    2.10494     8        318      
 9100.51 14      1679     -233.775   -231.79    1.98486     6        330      
 9147.48 14      1700     -233.775   -231.79    1.98486     6        345      
 9248.26 15      1811     -233.659   -231.79    1.86893     9        371      
 9248.37 15      1812     -233.659   -231.79    1.86893     10       371      
 9253.75 15      1850     -233.659   -231.79    1.86893     6        373      
 9273.23 16      1943     -233.558   -231.79    1.76791     9        379      
 9285.89 16      1950     -233.558   -231.79    1.76791     7        383      
 9423.54 16      2000     -233.558   -231.79    1.76791     8        418      
 9463.35 17      2075     -233.48    -231.791   1.68971     12       426      
 9516.68 17      2100     -233.48    -231.791   1.68971     8        440      
 9603.45 18      2207     -233.407   -231.791   1.61672     7        459      
 9603.58 18      2208     -233.407   -231.791   1.61672     7        459      
 9803.05 18      2250     -233.407   -231.791   1.61672     9        501      
 9936.82 19      2339     -233.324   -231.791   1.53317     10       523      
 9969.06 19      2350     -233.324   -231.791   1.53317     6        530      
 10118   19      2400     -233.324   -231.791   1.53317     9        558      
-------------------------------------------------------------------------------

SARSOP finishing ...
  Preset timeout reached
  Timeout     : 10000.000000s
  Actual Time : 10117.970000s

-------------------------------------------------------------------------------
 Time   |#Trial |#Backup |LBound    |UBound    |Precision  |#Alphas |#Beliefs  
-------------------------------------------------------------------------------
 10118   19      2400     -233.324   -231.791   1.53317     9        558      
-------------------------------------------------------------------------------

Writing out policy ...
  output file : RAM4_medium/3b2a5d3a62.policyx

