
Loading the model ...
  input file   : /home/rstudio/RAM4_medium/3b2d022d74.pomdpx
  loading time : 4.76s 

SARSOP initializing ...
  initialization time : 4886.57s

-------------------------------------------------------------------------------
 Time   |#Trial |#Backup |LBound    |UBound    |Precision  |#Alphas |#Beliefs  
-------------------------------------------------------------------------------
 4886.57 0       0        -449.533   -448.792   0.740766    101      1        
 4907.41 1       50       -449.233   -448.827   0.405676    20       34       
 4942.03 2       135      -449.15    -448.827   0.323209    34       69       
 4952.68 2       150      -449.15    -448.827   0.323209    41       84       
 4986.52 3       231      -449.114   -448.827   0.287099    74       117      
 5006.07 3       250      -449.114   -448.827   0.287099    69       136      
 5040.14 4       319      -449.08    -448.827   0.252673    69       161      
 5081.37 4       350      -449.08    -448.827   0.252673    90       192      
 5102.7  5       407      -449.065   -448.828   0.237376    106      205      
 5124.36 6       450      -449.065   -448.828   0.237376    95       247      
 5129.82 6       500      -449.025   -448.828   0.197202    54       255      
 5166.87 7       593      -449.004   -448.828   0.176441    55       298      
 5173.19 7       600      -449.004   -448.828   0.176441    52       305      
 5229.49 8       695      -448.993   -448.828   0.165261    53       349      
 5235.12 8       700      -448.993   -448.828   0.165261    47       354      
 5305.4  9       795      -448.978   -448.828   0.15028     36       399      
 5311.17 9       800      -448.978   -448.828   0.15028     34       404      
 5389.67 10      899      -448.973   -448.828   0.14442     36       451      
 5390.96 10      900      -448.973   -448.828   0.14442     33       452      
 5486.46 11      950      -448.973   -448.828   0.14442     26       501      
 5489.06 11      1001     -448.966   -448.828   0.138089    26       502      
 5580.32 11      1050     -448.966   -448.828   0.138089    21       551      
 5585.24 12      1103     -448.961   -448.828   0.132651    21       553      
 5692.06 12      1150     -448.961   -448.828   0.132651    20       600      
 5702.41 13      1205     -448.958   -448.829   0.129769    22       604      
 5798.78 13      1250     -448.958   -448.829   0.129769    21       649      
 5811.09 14      1303     -448.955   -448.829   0.126202    26       653      
 5909.81 14      1350     -448.955   -448.829   0.126202    20       700      
 5912.69 15      1400     -448.951   -448.829   0.122112    15       702      
 5972.84 16      1497     -448.93    -448.829   0.101675    56       750      
 5978.29 16      1500     -448.93    -448.829   0.101675    56       753      
 6072.58 16      1550     -448.93    -448.829   0.101675    51       803      
 6093.37 17      1621     -448.925   -448.829   0.0962421   54       812      
 6153.47 17      1650     -448.925   -448.829   0.0962421   52       841      
 6243.45 18      1749     -448.923   -448.829   0.0935087   49       876      
 6246.3  18      1750     -448.923   -448.829   0.0935087   49       877      
 6380.96 18      1800     -448.923   -448.829   0.0935087   50       927      
 6428.54 19      1879     -448.921   -448.829   0.0915249   47       941      
 6486.15 19      1900     -448.921   -448.829   0.0915249   50       962      
 6635.67 20      2009     -448.918   -448.829   0.0889705   50       1006     
 6639.85 20      2010     -448.918   -448.829   0.0889705   51       1007     
 6777.57 20      2050     -448.918   -448.829   0.0889705   52       1047     
 6884.18 21      2141     -448.917   -448.829   0.0876466   43       1072     
 6921.8  21      2150     -448.917   -448.829   0.0876466   46       1081     
 7138.18 21      2200     -448.917   -448.829   0.0876466   49       1131     
 7177.73 22      2273     -448.916   -448.83    0.0863949   48       1138     
 7298.13 22      2300     -448.916   -448.83    0.0863949   52       1165     
 7519.09 23      2407     -448.915   -448.83    0.0848883   38       1205     
 7523.94 23      2408     -448.915   -448.83    0.0848883   38       1206     
 7732.26 23      2450     -448.915   -448.83    0.0848883   41       1248     
 7871.12 24      2543     -448.914   -448.83    0.0842073   38       1273     
 7908.77 24      2550     -448.914   -448.83    0.0842073   36       1280     
 8182.26 24      2600     -448.914   -448.83    0.0842073   41       1330     
 8247.32 25      2679     -448.914   -448.83    0.0835114   33       1341     
 8344.86 25      2700     -448.914   -448.83    0.0835114   31       1362     
 8605.72 26      2811     -448.913   -448.83    0.082548    33       1407     
 8610.51 26      2812     -448.913   -448.83    0.082548    33       1408     
 8811.31 26      2850     -448.913   -448.83    0.082548    34       1446     
 8976.56 27      2943     -448.912   -448.83    0.0815221   38       1473     
 9003.91 27      2950     -448.912   -448.83    0.0815221   33       1480     
 9264.73 27      3000     -448.912   -448.83    0.0815221   33       1530     
 9321.47 28      3075     -448.911   -448.83    0.0804706   33       1539     
 9442.28 28      3100     -448.911   -448.83    0.0804706   37       1564     
 9646.58 29      3207     -448.91    -448.831   0.079399    41       1605     
 9650.95 29      3208     -448.91    -448.831   0.079399    41       1606     
 9825.98 29      3250     -448.91    -448.831   0.079399    36       1648     
 9937.69 30      3339     -448.909   -448.831   0.0787679   35       1671     
 9987.03 30      3350     -448.909   -448.831   0.0787679   36       1682     
 10271.1 30      3400     -448.909   -448.831   0.0787679   33       1732     
-------------------------------------------------------------------------------

SARSOP finishing ...
  Preset timeout reached
  Timeout     : 10000.000000s
  Actual Time : 10271.080000s

-------------------------------------------------------------------------------
 Time   |#Trial |#Backup |LBound    |UBound    |Precision  |#Alphas |#Beliefs  
-------------------------------------------------------------------------------
 10271.1 30      3400     -448.909   -448.831   0.0787679   33       1732     
-------------------------------------------------------------------------------

Writing out policy ...
  output file : RAM4_medium/3b2d022d74.policyx

