
Loading the model ...
  input file   : /home/rstudio/RAM4_medium/3b61adda6f.pomdpx
  loading time : 4.94s 

SARSOP initializing ...
  initialization time : 5019.20s

-------------------------------------------------------------------------------
 Time   |#Trial |#Backup |LBound    |UBound    |Precision  |#Alphas |#Beliefs  
-------------------------------------------------------------------------------
 5019.2  0       0        -198.509   -187.767   10.7426     101      1        
 5024.24 1       69       -192.433   -188.033   4.39991     12       36       
 5031.64 1       100      -192.433   -188.033   4.39991     13       67       
 5035.53 2       150      -191.045   -188.033   3.01169     16       81       
 5049.51 3       229      -190.288   -188.033   2.25516     10       115      
 5059.92 3       250      -190.288   -188.033   2.25516     14       136      
 5066.72 4       337      -189.936   -188.033   1.90213     17       147      
 5073.66 4       350      -189.936   -188.033   1.90213     18       160      
 5083.79 5       439      -189.656   -188.034   1.62222     8        175      
 5088.44 5       450      -189.656   -188.034   1.62222     15       185      
 5115.36 6       537      -189.43    -188.034   1.39601     11       223      
 5123    6       550      -189.43    -188.034   1.39601     13       236      
 5140.67 7       631      -189.22    -188.034   1.18592     14       260      
 5150.15 7       650      -189.22    -188.034   1.18592     15       276      
 5176.92 8       731      -189.089   -188.034   1.05497     14       307      
 5191.62 8       750      -189.089   -188.034   1.05497     13       326      
 5219.52 9       827      -188.941   -188.035   0.906184    10       354      
 5229.12 9       850      -188.941   -188.035   0.906184    13       366      
 5256.9  10      929      -188.864   -188.035   0.829109    11       393      
 5278.24 10      950      -188.864   -188.035   0.829109    14       414      
 5318.14 11      1031     -188.785   -188.035   0.750465    12       444      
 5340.49 11      1050     -188.785   -188.035   0.750465    14       463      
 5380.74 12      1137     -188.728   -188.035   0.693287    9        492      
 5395.92 12      1150     -188.728   -188.035   0.693287    10       505      
 5449.64 13      1237     -188.637   -188.035   0.602192    12       542      
 5466.71 13      1250     -188.637   -188.035   0.602192    10       555      
 5526.14 14      1341     -188.584   -188.035   0.549102    8        593      
 5534.46 14      1350     -188.584   -188.035   0.549102    9        599      
 5600.11 15      1441     -188.515   -188.035   0.479633    12       639      
 5610.38 15      1450     -188.515   -188.035   0.479633    10       646      
 5681.55 16      1543     -188.47    -188.035   0.434904    12       687      
 5689.47 16      1550     -188.47    -188.035   0.434904    12       692      
 5783.46 17      1651     -188.445   -188.035   0.409867    12       738      
 5785.35 17      1652     -188.445   -188.035   0.409867    12       739      
 5882.9  17      1700     -188.445   -188.035   0.409867    10       787      
 5885.92 18      1753     -188.406   -188.035   0.370864    9        788      
 5975.4  18      1800     -188.406   -188.035   0.370864    10       832      
 5987.87 19      1859     -188.373   -188.035   0.337461    11       837      
 6075.38 19      1900     -188.373   -188.035   0.337461    12       878      
 6106.87 20      1967     -188.353   -188.035   0.317194    13       890      
 6185.2  20      2000     -188.353   -188.035   0.317194    13       922      
 6256.2  21      2079     -188.335   -188.035   0.299922    16       945      
 6309.55 21      2100     -188.335   -188.035   0.299922    18       966      
 6412.89 22      2189     -188.314   -188.036   0.278109    14       999      
 6438.57 22      2200     -188.314   -188.036   0.278109    10       1009     
 6579.14 23      2301     -188.297   -188.036   0.260946    15       1053     
 6579.34 23      2302     -188.297   -188.036   0.260946    16       1053     
 6732.52 23      2350     -188.297   -188.036   0.260946    14       1098     
 6761.59 24      2415     -188.288   -188.036   0.251971    14       1105     
 6872.97 24      2450     -188.288   -188.036   0.251971    12       1138     
 6964.56 25      2529     -188.277   -188.036   0.241199    13       1160     
 7037.85 25      2550     -188.277   -188.036   0.241199    14       1181     
 7199.22 26      2643     -188.269   -188.036   0.233311    20       1217     
 7227.32 26      2650     -188.269   -188.036   0.233311    14       1224     
 7449    27      2755     -188.261   -188.036   0.225004    14       1272     
 7452.99 27      2756     -188.261   -188.036   0.225004    15       1273     
 7641.52 27      2800     -188.261   -188.036   0.225004    15       1317     
 7693.39 28      2867     -188.254   -188.036   0.217753    18       1327     
 7844.7  28      2900     -188.254   -188.036   0.217753    15       1360     
 7940.95 29      2977     -188.241   -188.036   0.204846    13       1381     
 8037.28 29      3000     -188.241   -188.036   0.204846    13       1401     
 8226.25 30      3091     -188.231   -188.036   0.195358    16       1434     
 8253.04 30      3100     -188.231   -188.036   0.195358    19       1440     
 8492.15 31      3205     -188.227   -188.036   0.191288    22       1488     
 8497.02 31      3206     -188.227   -188.036   0.191288    22       1489     
 8744.52 31      3250     -188.227   -188.036   0.191288    16       1533     
 8812.96 32      3317     -188.219   -188.036   0.183169    21       1543     
 9016.39 32      3350     -188.219   -188.036   0.183169    21       1575     
 9178.83 33      3433     -188.214   -188.036   0.177313    20       1599     
 9282.09 33      3450     -188.214   -188.036   0.177313    19       1616     
 9575.22 34      3553     -188.211   -188.036   0.17455     15       1658     
 9575.54 34      3554     -188.211   -188.036   0.17455     16       1658     
 9766.37 34      3600     -188.211   -188.036   0.17455     18       1687     
 9844.49 35      3671     -188.206   -188.036   0.169993    19       1698     
 10031.4 35      3700     -188.206   -188.036   0.169993    22       1725     
-------------------------------------------------------------------------------

SARSOP finishing ...
  Preset timeout reached
  Timeout     : 10000.000000s
  Actual Time : 10031.420000s

-------------------------------------------------------------------------------
 Time   |#Trial |#Backup |LBound    |UBound    |Precision  |#Alphas |#Beliefs  
-------------------------------------------------------------------------------
 10031.4 35      3700     -188.206   -188.036   0.169993    22       1725     
-------------------------------------------------------------------------------

Writing out policy ...
  output file : RAM4_medium/3b61adda6f.policyx

