
Loading the model ...
  input file   : /home/rstudio/RAM4_medium/3b62949c0a.pomdpx
  loading time : 5.08s 

SARSOP initializing ...
  initialization time : 4538.91s

-------------------------------------------------------------------------------
 Time   |#Trial |#Backup |LBound    |UBound    |Precision  |#Alphas |#Beliefs  
-------------------------------------------------------------------------------
 4538.91 0       0        -7930.35   -6310.04   1620.32     101      1        
 4540.1  0       50       -7929.8    -7747.62   182.189     40       8        
 4540.28 0       100      -7929.8    -7747.62   182.189     35       8        
 4552.31 1       233      -7855.41   -7747.7    107.712     17       24       
 4552.32 1       234      -7855.41   -7747.7    107.712     16       24       
 4553.91 1       250      -7855.41   -7747.7    107.712     14       27       
 4554.02 1       300      -7855.41   -7747.7    107.712     13       27       
 4557.53 1       350      -7855.41   -7747.7    107.712     10       31       
 4560.67 2       475      -7829.74   -7747.78   81.9604     6        34       
 4560.68 2       476      -7829.74   -7747.78   81.9604     7        34       
 4560.74 2       500      -7829.74   -7747.78   81.9604     6        34       
 4560.84 2       550      -7829.74   -7747.78   81.9604     5        34       
 4574.16 3       715      -7808.41   -7747.93   60.482      7        46       
 4574.18 3       716      -7808.41   -7747.93   60.482      5        46       
 4574.2  3       717      -7808.41   -7747.93   60.482      5        46       
 4574.29 3       750      -7808.41   -7747.93   60.482      5        46       
 4579.74 3       800      -7808.41   -7747.93   60.482      5        51       
 4595.31 4       957      -7795.31   -7747.98   47.3247     8        61       
 4595.33 4       958      -7795.31   -7747.98   47.3247     6        61       
 4595.35 4       959      -7795.31   -7747.98   47.3247     7        61       
 4595.47 4       1000     -7795.31   -7747.98   47.3247     6        61       
 4595.59 4       1050     -7795.31   -7747.98   47.3247     6        61       
 4619.34 5       1197     -7785.35   -7748.01   37.3359     7        75       
 4619.37 5       1198     -7785.35   -7748.01   37.3359     7        75       
 4619.4  5       1200     -7785.35   -7748.01   37.3359     5        75       
 4619.54 5       1250     -7785.35   -7748.01   37.3359     5        75       
 4619.69 5       1300     -7785.35   -7748.01   37.3359     5        75       
 4648.9  6       1441     -7777.37   -7748.03   29.343      7        90       
 4648.94 6       1442     -7777.37   -7748.03   29.343      7        90       
 4654.39 6       1450     -7777.37   -7748.03   29.343      8        93       
 4654.65 6       1500     -7777.37   -7748.03   29.343      8        93       
 4669.91 6       1550     -7777.37   -7748.03   29.343      7        101      
 4695.38 7       1683     -7771.25   -7748.04   23.2095     8        111      
 4695.42 7       1684     -7771.25   -7748.04   23.2095     8        111      
 4695.51 7       1700     -7771.25   -7748.04   23.2095     9        111      
 4695.68 7       1750     -7771.25   -7748.04   23.2095     9        111      
 4717.57 7       1800     -7771.25   -7748.04   23.2095     8        120      
 4723.9  8       1925     -7767.26   -7748.07   19.196      8        122      
 4723.95 8       1926     -7767.26   -7748.07   19.196      7        122      
 4724.06 8       1950     -7767.26   -7748.07   19.196      9        122      
 4724.23 8       2000     -7767.26   -7748.07   19.196      9        122      
 4774.96 9       2167     -7764.22   -7748.07   16.1513     9        142      
 4775.01 9       2168     -7764.22   -7748.07   16.1513     8        142      
 4775.06 9       2169     -7764.22   -7748.07   16.1513     9        142      
 4775.2  9       2200     -7764.22   -7748.07   16.1513     8        142      
 4775.39 9       2250     -7764.22   -7748.07   16.1513     8        142      
 4811.18 10      2413     -7761.75   -7748.08   13.663      10       153      
 4811.23 10      2414     -7761.75   -7748.08   13.663      10       153      
 4811.28 10      2415     -7761.75   -7748.08   13.663      10       153      
 4811.44 10      2450     -7761.75   -7748.08   13.663      9        153      
 4813.86 10      2500     -7761.75   -7748.08   13.663      10       154      
 4854.79 11      2653     -7759.29   -7748.09   11.2052     9        167      
 4854.85 11      2654     -7759.29   -7748.09   11.2052     9        167      
 4854.91 11      2655     -7759.29   -7748.09   11.2052     9        167      
 4855.1  11      2700     -7759.29   -7748.09   11.2052     9        167      
 4855.31 11      2750     -7759.29   -7748.09   11.2052     9        167      
 4891.8  12      2897     -7757.57   -7748.1    9.47108     9        177      
 4891.86 12      2898     -7757.57   -7748.1    9.47108     9        177      
 4891.93 12      2900     -7757.57   -7748.1    9.47108     10       177      
 4903.08 12      2950     -7757.57   -7748.1    9.47108     10       181      
 4966.43 12      3000     -7757.57   -7748.1    9.47108     9        201      
 5009.4  13      3135     -7755.82   -7748.11   7.71287     11       211      
 5009.47 13      3136     -7755.82   -7748.11   7.71287     11       211      
 5009.59 13      3150     -7755.82   -7748.11   7.71287     11       211      
 5009.83 13      3200     -7755.82   -7748.11   7.71287     11       211      
 5030.88 13      3250     -7755.82   -7748.11   7.71287     12       217      
 5044.04 14      3379     -7754.95   -7748.11   6.84271     13       220      
 5044.12 14      3380     -7754.95   -7748.11   6.84271     12       220      
 5044.27 14      3400     -7754.95   -7748.11   6.84271     13       220      
 5044.52 14      3450     -7754.95   -7748.11   6.84271     13       220      
 5126.03 15      3619     -7754.03   -7748.12   5.91476     12       240      
 5126.12 15      3620     -7754.03   -7748.12   5.91476     12       240      
 5126.2  15      3621     -7754.03   -7748.12   5.91476     12       240      
 5129.92 15      3650     -7754.03   -7748.12   5.91476     14       241      
 5130.18 15      3700     -7754.03   -7748.12   5.91476     14       241      
 5202.15 16      3863     -7753.4    -7748.12   5.27621     16       257      
 5206.18 16      3864     -7753.4    -7748.12   5.27621     16       258      
 5210.45 16      3865     -7753.4    -7748.12   5.27621     14       259      
 5217.81 16      3900     -7753.4    -7748.12   5.27621     15       261      
 5237.88 16      3950     -7753.4    -7748.12   5.27621     13       266      
 5340.62 17      4099     -7752.6    -7748.13   4.46216     13       288      
 5340.72 17      4100     -7752.6    -7748.13   4.46216     13       288      
 5340.81 17      4101     -7752.6    -7748.13   4.46216     13       288      
 5341.09 17      4150     -7752.6    -7748.13   4.46216     15       288      
 5358.56 17      4200     -7752.6    -7748.13   4.46216     16       292      
 5424.46 18      4341     -7752.17   -7748.14   4.02453     15       304      
 5424.56 18      4342     -7752.17   -7748.14   4.02453     15       304      
 5446.98 18      4350     -7752.17   -7748.14   4.02453     17       309      
 5456.02 18      4400     -7752.17   -7748.14   4.02453     17       311      
 5490.03 18      4450     -7752.17   -7748.14   4.02453     15       318      
 5525.04 19      4581     -7751.76   -7748.15   3.6176      20       324      
 5530.05 19      4582     -7751.76   -7748.15   3.6176      19       325      
 5543.79 19      4600     -7751.76   -7748.15   3.6176      20       328      
 5544.1  19      4650     -7751.76   -7748.15   3.6176      20       328      
 5613.35 20      4700     -7751.76   -7748.15   3.6176      18       341      
 5614.44 20      4819     -7751.47   -7748.15   3.32182     16       341      
 5619.43 20      4820     -7751.47   -7748.15   3.32182     16       342      
 5633.58 20      4850     -7751.47   -7748.15   3.32182     17       345      
 5633.9  20      4900     -7751.47   -7748.15   3.32182     17       345      
 5695.16 21      5059     -7751.27   -7748.15   3.12345     18       355      
 5695.27 21      5060     -7751.27   -7748.15   3.12345     17       355      
 5700.71 21      5061     -7751.27   -7748.15   3.12345     17       356      
 5711.14 21      5100     -7751.27   -7748.15   3.12345     18       358      
 5711.47 21      5150     -7751.27   -7748.15   3.12345     18       358      
 5811.91 22      5293     -7750.94   -7748.15   2.78958     20       375      
 5812.03 22      5294     -7750.94   -7748.15   2.78958     18       375      
 5826.52 22      5300     -7750.94   -7748.15   2.78958     19       378      
 5826.85 22      5350     -7750.94   -7748.15   2.78958     19       378      
 5844.9  22      5400     -7750.94   -7748.15   2.78958     19       381      
 5887.66 23      5531     -7750.8    -7748.16   2.64493     20       387      
 5887.79 23      5532     -7750.8    -7748.16   2.64493     19       387      
 5898.07 23      5550     -7750.8    -7748.16   2.64493     20       389      
 5898.42 23      5600     -7750.8    -7748.16   2.64493     20       389      
 5974.48 24      5763     -7750.6    -7748.16   2.43374     19       401      
 5980.36 24      5764     -7750.6    -7748.16   2.43374     18       402      
 5986.38 24      5765     -7750.6    -7748.16   2.43374     18       403      
 5995.73 24      5800     -7750.6    -7748.16   2.43374     19       405      
 5996.08 24      5850     -7750.6    -7748.16   2.43374     19       405      
 6109.77 25      5997     -7750.43   -7748.17   2.25929     19       422      
 6109.91 25      5998     -7750.43   -7748.17   2.25929     19       422      
 6110.07 25      6000     -7750.43   -7748.17   2.25929     20       422      
 6132.37 25      6050     -7750.43   -7748.17   2.25929     21       426      
 6184.41 25      6100     -7750.43   -7748.17   2.25929     19       434      
 6229.56 26      6227     -7750.26   -7748.18   2.07334     20       440      
 6236.1  26      6228     -7750.26   -7748.18   2.07334     21       441      
 6306.96 26      6250     -7750.26   -7748.18   2.07334     22       453      
 6307.36 26      6300     -7750.26   -7748.18   2.07334     22       453      
 6391.62 27      6459     -7750.17   -7748.19   1.98072     21       464      
 6398.49 27      6460     -7750.17   -7748.19   1.98072     21       465      
 6405.3  27      6461     -7750.17   -7748.19   1.98072     21       466      
 6412.07 27      6500     -7750.17   -7748.19   1.98072     22       467      
 6412.46 27      6550     -7750.17   -7748.19   1.98072     22       467      
 6466.62 28      6691     -7750.08   -7748.19   1.89767     21       474      
 6466.8  28      6692     -7750.08   -7748.19   1.89767     21       474      
 6479.09 28      6700     -7750.08   -7748.19   1.89767     22       476      
 6479.48 28      6750     -7750.08   -7748.19   1.89767     22       476      
 6704.18 28      6800     -7750.08   -7748.19   1.89767     22       507      
 6718.21 29      6919     -7749.97   -7748.19   1.77982     22       508      
 6718.39 29      6920     -7749.97   -7748.19   1.77982     22       508      
 6718.73 29      6950     -7749.97   -7748.19   1.77982     24       508      
 6719.16 29      7000     -7749.97   -7748.19   1.77982     24       508      
 6786.02 30      7149     -7749.92   -7748.19   1.72371     21       516      
 6794.42 30      7150     -7749.92   -7748.19   1.72371     21       517      
 6801.9  30      7151     -7749.92   -7748.19   1.72371     21       518      
 6852.08 30      7200     -7749.92   -7748.19   1.72371     22       525      
 6883.57 30      7250     -7749.92   -7748.19   1.72371     23       529      
 6953.9  31      7377     -7749.83   -7748.2    1.62617     24       537      
 6962.7  31      7378     -7749.83   -7748.2    1.62617     23       538      
 6998.86 31      7400     -7749.83   -7748.2    1.62617     25       543      
 6999.28 31      7450     -7749.83   -7748.2    1.62617     25       543      
 7119.96 32      7603     -7749.74   -7748.21   1.5291      23       557      
 7128.56 32      7604     -7749.74   -7748.21   1.5291      23       558      
 7136.8  32      7605     -7749.74   -7748.21   1.5291      23       559      
 7195.83 32      7650     -7749.74   -7748.21   1.5291      27       567      
 7196.34 32      7700     -7749.74   -7748.21   1.5291      27       567      
 7316.4  33      7831     -7749.68   -7748.23   1.45554     25       580      
 7324.83 33      7832     -7749.68   -7748.23   1.45554     25       581      
 7341.61 33      7850     -7749.68   -7748.23   1.45554     24       583      
 7365.61 33      7900     -7749.68   -7748.23   1.45554     24       586      
 7712.35 34      8059     -7749.61   -7748.24   1.37362     23       624      
 7712.58 34      8060     -7749.61   -7748.24   1.37362     23       624      
 7721.78 34      8061     -7749.61   -7748.24   1.37362     23       625      
 7737.51 34      8100     -7749.61   -7748.24   1.37362     25       627      
 7738.03 34      8150     -7749.61   -7748.24   1.37362     25       627      
 7802.03 35      8289     -7749.58   -7748.24   1.3468      25       632      
 7802.25 35      8290     -7749.58   -7748.24   1.3468      25       632      
 7802.55 35      8300     -7749.58   -7748.24   1.3468      25       632      
 7803.06 35      8350     -7749.58   -7748.24   1.3468      25       632      
 7866.62 35      8400     -7749.58   -7748.24   1.3468      25       639      
 7891.36 36      8517     -7749.54   -7748.24   1.30135     26       641      
 7901.52 36      8518     -7749.54   -7748.24   1.30135     27       642      
 7935.32 36      8550     -7749.54   -7748.24   1.30135     27       646      
 7935.88 36      8600     -7749.54   -7748.24   1.30135     27       646      
 8036.1  37      8745     -7749.5    -7748.25   1.259       28       655      
 8045.89 37      8746     -7749.5    -7748.25   1.259       28       656      
 8073.25 37      8750     -7749.5    -7748.25   1.259       27       659      
 8088.37 37      8800     -7749.5    -7748.25   1.259       27       661      
 8455.66 37      8850     -7749.5    -7748.25   1.259       26       699      
 8513.07 38      8969     -7749.43   -7748.26   1.17633     31       704      
 8523.38 38      8970     -7749.43   -7748.26   1.17633     31       705      
 8553.08 38      9000     -7749.43   -7748.26   1.17633     30       708      
 8553.67 38      9050     -7749.43   -7748.26   1.17633     30       708      
 8618.06 39      9197     -7749.42   -7748.27   1.14552     29       713      
 8630.31 39      9198     -7749.42   -7748.27   1.14552     28       714      
 8647.4  39      9200     -7749.42   -7748.27   1.14552     26       716      
 8667.57 39      9250     -7749.42   -7748.27   1.14552     29       718      
 8668.17 39      9300     -7749.42   -7748.27   1.14552     29       718      
 8761.88 40      9425     -7749.37   -7748.27   1.10031     29       726      
 8773.15 40      9426     -7749.37   -7748.27   1.10031     28       727      
 8802.21 40      9450     -7749.37   -7748.27   1.10031     29       730      
 8802.84 40      9500     -7749.37   -7748.27   1.10031     29       730      
 8970.58 41      9655     -7749.35   -7748.28   1.06804     29       744      
 8970.86 41      9656     -7749.35   -7748.28   1.06804     29       744      
 8981.49 41      9657     -7749.35   -7748.28   1.06804     28       745      
 9048.69 41      9700     -7749.35   -7748.28   1.06804     32       752      
 9092.27 41      9750     -7749.35   -7748.28   1.06804     33       756      
 9168.31 42      9885     -7749.32   -7748.28   1.04045     29       762      
 9179.43 42      9886     -7749.32   -7748.28   1.04045     29       763      
 9209.12 42      9900     -7749.32   -7748.28   1.04045     28       766      
 9209.78 42      9950     -7749.32   -7748.28   1.04045     28       766      
 9411.89 43      10000    -7749.32   -7748.28   1.04045     28       783      
 9413.55 43      10115    -7749.3    -7748.29   1.00915     28       783      
 9425.42 43      10116    -7749.3    -7748.29   1.00915     28       784      
 9498.68 43      10150    -7749.3    -7748.29   1.00915     31       791      
 9499.42 43      10200    -7749.3    -7748.29   1.00915     31       791      
 9583.31 44      10345    -7749.28   -7748.29   0.989336    28       797      
 9595.09 44      10346    -7749.28   -7748.29   0.989336    28       798      
 9618.73 44      10350    -7749.28   -7748.29   0.989336    28       800      
 9671.13 44      10400    -7749.28   -7748.29   0.989336    30       805      
 9671.78 44      10450    -7749.28   -7748.29   0.989336    30       805      
 9742.47 45      10575    -7749.26   -7748.29   0.968609    28       810      
 9753.91 45      10576    -7749.26   -7748.29   0.968609    28       811      
 9929.78 45      10600    -7749.26   -7748.29   0.968609    31       826      
 9930.6  45      10650    -7749.26   -7748.29   0.968609    31       826      
 10091.9 46      10805    -7749.24   -7748.29   0.943142    30       838      
-------------------------------------------------------------------------------

SARSOP finishing ...
  Preset timeout reached
  Timeout     : 10000.000000s
  Actual Time : 10091.900000s

-------------------------------------------------------------------------------
 Time   |#Trial |#Backup |LBound    |UBound    |Precision  |#Alphas |#Beliefs  
-------------------------------------------------------------------------------
 10091.9 46      10805    -7749.24   -7748.29   0.943142    30       838      
-------------------------------------------------------------------------------

Writing out policy ...
  output file : RAM4_medium/3b62949c0a.policyx

