
Loading the model ...
  input file   : /home/rstudio/RAM4_medium/3b6ab547af.pomdpx
  loading time : 4.63s 

SARSOP initializing ...
  initialization time : 3989.28s

-------------------------------------------------------------------------------
 Time   |#Trial |#Backup |LBound    |UBound    |Precision  |#Alphas |#Beliefs  
-------------------------------------------------------------------------------
 3989.28 0       0        -513.996   -513.824   0.171636    101      1        
 4001.21 5       50       -513.864   -513.843   0.0215378   50       29       
 4012.33 6       100      -513.862   -513.843   0.0189099   92       61       
 4048.13 7       150      -513.858   -513.844   0.0136006   105      91       
 4096.21 8       229      -513.857   -513.844   0.0127293   163      116      
 4136.47 8       250      -513.857   -513.844   0.0127293   153      137      
 4221.2  9       335      -513.856   -513.844   0.0121281   191      169      
 4257.07 9       350      -513.856   -513.844   0.0121281   189      184      
 4384.1  10      443      -513.856   -513.844   0.0114326   268      223      
 4404.76 10      450      -513.856   -513.844   0.0114326   267      230      
 4587.57 11      551      -513.855   -513.844   0.0109274   338      277      
 4592.13 11      552      -513.855   -513.844   0.0109274   337      278      
 4805.1  11      600      -513.855   -513.844   0.0109274   343      326      
 4845.6  12      661      -513.855   -513.845   0.0106211   315      332      
 5038.92 12      700      -513.855   -513.845   0.0106211   325      371      
 5138.66 13      771      -513.855   -513.845   0.0103725   313      387      
 5293.21 13      800      -513.855   -513.845   0.0103725   285      416      
 5498.98 14      885      -513.855   -513.845   0.0100769   295      444      
 5597.24 14      900      -513.855   -513.845   0.0100769   277      459      
 5892.61 15      995      -513.855   -513.845   0.00985194  157      499      
 5904.6  15      1000     -513.855   -513.845   0.00985194  135      504      
 6108.59 15      1050     -513.855   -513.845   0.00985194  97       554      
 6123.4  16      1111     -513.855   -513.845   0.009602    68       557      
 6246.91 16      1150     -513.855   -513.845   0.009602    47       596      
 6312.15 17      1221     -513.854   -513.845   0.00935371  49       612      
 6384.52 17      1250     -513.854   -513.845   0.00935371  66       641      
 6481.47 18      1335     -513.854   -513.845   0.0091456   77       669      
 6518.49 18      1350     -513.854   -513.845   0.0091456   65       684      
 6665.3  19      1455     -513.854   -513.845   0.00897802  76       729      
 6667.89 19      1456     -513.854   -513.845   0.00897802  77       730      
 6807.17 19      1500     -513.854   -513.845   0.00897802  75       774      
 6870.06 20      1575     -513.854   -513.845   0.00879279  83       789      
 6945.32 20      1600     -513.854   -513.845   0.00879279  79       814      
 7073    21      1689     -513.854   -513.846   0.00862114  98       846      
 7105.81 21      1700     -513.854   -513.846   0.00862114  90       857      
 7303.19 21      1750     -513.854   -513.846   0.00862114  73       907      
 7309.93 22      1813     -513.854   -513.846   0.00846527  76       908      
 7446.6  22      1850     -513.854   -513.846   0.00846527  83       945      
 7564.37 23      1937     -513.854   -513.846   0.00821482  94       970      
 7611.56 23      1950     -513.854   -513.846   0.00821482  95       983      
 7836.32 23      2000     -513.854   -513.846   0.00821482  104      1033     
 7850.43 24      2067     -513.854   -513.846   0.00803968  96       1035     
 7990.47 24      2100     -513.854   -513.846   0.00803968  96       1068     
 8168.96 25      2199     -513.854   -513.846   0.00764033  93       1100     
 8172.45 25      2200     -513.854   -513.846   0.00764033  94       1101     
 8409    25      2250     -513.854   -513.846   0.00764033  99       1151     
 8536.76 26      2341     -513.853   -513.846   0.00750952  97       1171     
 8577.06 26      2350     -513.853   -513.846   0.00750952  94       1180     
 8843.56 26      2400     -513.853   -513.846   0.00750952  103      1230     
 8939.18 27      2489     -513.853   -513.846   0.00738727  102      1245     
 8985.87 27      2500     -513.853   -513.846   0.00738727  107      1256     
 9261.19 27      2550     -513.853   -513.846   0.00738727  117      1306     
 9350.76 28      2637     -513.853   -513.846   0.00727599  119      1319     
 9407.85 28      2650     -513.853   -513.846   0.00727599  123      1332     
 9679.69 28      2700     -513.853   -513.846   0.00727599  102      1382     
 9775.25 29      2789     -513.853   -513.846   0.00716836  96       1395     
 9823.27 29      2800     -513.853   -513.846   0.00716836  99       1406     
 10098.5 29      2850     -513.853   -513.846   0.00716836  104      1456     
-------------------------------------------------------------------------------

SARSOP finishing ...
  Preset timeout reached
  Timeout     : 10000.000000s
  Actual Time : 10098.460000s

-------------------------------------------------------------------------------
 Time   |#Trial |#Backup |LBound    |UBound    |Precision  |#Alphas |#Beliefs  
-------------------------------------------------------------------------------
 10098.5 29      2850     -513.853   -513.846   0.00716836  104      1456     
-------------------------------------------------------------------------------

Writing out policy ...
  output file : RAM4_medium/3b6ab547af.policyx

