
Loading the model ...
  input file   : /home/rstudio/RAM4_medium/3b6d35a87a.pomdpx
  loading time : 4.77s 

SARSOP initializing ...
  initialization time : 8278.12s

-------------------------------------------------------------------------------
 Time   |#Trial |#Backup |LBound    |UBound    |Precision  |#Alphas |#Beliefs  
-------------------------------------------------------------------------------
 8278.12 0       0        -298.662   -289.075   9.58683     101      1        
 8284.47 1       50       -296.53    -289.347   7.18257     16       44       
 8284.92 1       100      -294.629   -289.348   5.28047     11       45       
 8287.1  1       150      -294.629   -289.348   5.28047     27       54       
 8288.14 2       207      -293.753   -289.348   4.40469     10       56       
 8292.09 2       250      -293.753   -289.348   4.40469     17       68       
 8294.3  3       321      -292.951   -289.348   3.60244     7        72       
 8294.4  3       350      -292.951   -289.348   3.60244     7        72       
 8296.11 4       445      -292.443   -289.348   3.09427     6        76       
 8297.26 4       450      -292.443   -289.348   3.09427     7        79       
 8314.42 4       500      -292.443   -289.348   3.09427     6        103      
 8323.48 5       571      -292.13    -289.348   2.78157     6        111      
 8331.39 5       600      -292.13    -289.348   2.78157     6        122      
 8359.2  6       701      -291.977   -289.349   2.62737     11       145      
 8360.11 6       702      -291.977   -289.349   2.62737     11       146      
 8382.85 6       750      -291.977   -289.349   2.62737     9        166      
 8410.11 7       833      -291.76    -289.35    2.41059     10       182      
 8423.92 7       850      -291.76    -289.35    2.41059     7        194      
 8436.34 8       900      -291.76    -289.35    2.41059     10       203      
 8436.99 8       967      -291.669   -289.35    2.31926     8        203      
 8453.68 8       1000     -291.669   -289.35    2.31926     10       216      
 8471.97 9       1101     -291.546   -289.35    2.19576     10       227      
 8472.03 9       1102     -291.546   -289.35    2.19576     11       227      
 8488.71 9       1150     -291.546   -289.35    2.19576     8        239      
 8504.16 10      1237     -291.434   -289.35    2.08429     7        248      
 8523.27 10      1250     -291.434   -289.35    2.08429     7        260      
 8545.81 10      1300     -291.434   -289.35    2.08429     8        273      
 8552.33 11      1371     -291.345   -289.35    1.99499     7        276      
 8552.5  11      1400     -291.345   -289.35    1.99499     7        276      
 8569.49 12      1505     -291.243   -289.35    1.89331     8        286      
 8569.55 12      1506     -291.243   -289.35    1.89331     8        286      
 8569.77 12      1550     -291.243   -289.35    1.89331     9        286      
 8583.66 13      1641     -291.151   -289.35    1.80092     7        294      
 8592.28 13      1650     -291.151   -289.35    1.80092     5        299      
 8711.56 13      1700     -291.151   -289.35    1.80092     9        347      
 8732.99 14      1773     -291.02    -289.35    1.66986     8        353      
 8762.32 14      1800     -291.02    -289.35    1.66986     6        366      
 8798.71 15      1907     -290.944   -289.35    1.59364     8        380      
 8798.8  15      1908     -290.944   -289.35    1.59364     8        380      
 8820.27 15      1950     -290.944   -289.35    1.59364     9        389      
 8840.7  16      2043     -290.886   -289.35    1.53566     9        397      
 8840.84 16      2050     -290.886   -289.35    1.53566     8        397      
 8841.12 16      2100     -290.886   -289.35    1.53566     8        397      
 8855.64 17      2177     -290.836   -289.35    1.48629     7        403      
 8908.93 17      2200     -290.836   -289.35    1.48629     8        423      
 9071.16 18      2309     -290.776   -289.35    1.42537     16       466      
 9074.35 18      2310     -290.776   -289.35    1.42537     16       467      
 9107.55 18      2350     -290.776   -289.35    1.42537     12       478      
 9146.18 19      2443     -290.734   -289.351   1.38296     10       489      
 9165.17 19      2450     -290.734   -289.351   1.38296     10       495      
 9357.63 19      2500     -290.734   -289.351   1.38296     10       544      
 9403.37 20      2577     -290.687   -289.351   1.33637     11       553      
 9477.14 20      2600     -290.687   -289.351   1.33637     10       572      
 9704.26 21      2711     -290.645   -289.351   1.29405     11       616      
 9708.57 21      2712     -290.645   -289.351   1.29405     11       617      
 9757.02 21      2750     -290.645   -289.351   1.29405     10       628      
 9837.78 22      2845     -290.606   -289.352   1.25498     9        644      
 9859.63 22      2850     -290.606   -289.352   1.25498     8        649      
 10016.5 22      2900     -290.606   -289.352   1.25498     11       679      
-------------------------------------------------------------------------------

SARSOP finishing ...
  Preset timeout reached
  Timeout     : 10000.000000s
  Actual Time : 10016.520000s

-------------------------------------------------------------------------------
 Time   |#Trial |#Backup |LBound    |UBound    |Precision  |#Alphas |#Beliefs  
-------------------------------------------------------------------------------
 10016.5 22      2900     -290.606   -289.352   1.25498     11       679      
-------------------------------------------------------------------------------

Writing out policy ...
  output file : RAM4_medium/3b6d35a87a.policyx

