
Loading the model ...
  input file   : /home/rstudio/RAM4_medium/3b737acb0e.pomdpx
  loading time : 4.73s 

SARSOP initializing ...
  initialization time : 3936.38s

-------------------------------------------------------------------------------
 Time   |#Trial |#Backup |LBound    |UBound    |Precision  |#Alphas |#Beliefs  
-------------------------------------------------------------------------------
 3936.38 0       0        -209.372   -204.274   5.09846     101      1        
 3940.63 1       65       -207.113   -204.422   2.69027     34       34       
 3946.76 2       129      -206.529   -204.422   2.10669     19       66       
 3952.47 2       150      -206.529   -204.422   2.10669     26       87       
 3955.76 3       200      -206.016   -204.423   1.5932      21       108      
 3960.89 4       267      -205.696   -204.423   1.27294     34       135      
 3969.39 4       300      -205.696   -204.423   1.27294     49       168      
 3974.29 5       350      -205.344   -204.423   0.920958    37       181      
 3988.51 6       427      -205.182   -204.423   0.7593      47       215      
 4000.18 6       450      -205.182   -204.423   0.7593      47       238      
 4008.94 7       500      -205.073   -204.423   0.649566    39       252      
 4032.11 8       569      -204.986   -204.423   0.562276    43       286      
 4055.51 9       629      -204.925   -204.424   0.501138    41       316      
 4060.44 9       650      -204.925   -204.424   0.501138    41       337      
 4070.5  10      700      -204.828   -204.424   0.40441     28       356      
 4088.25 11      771      -204.774   -204.424   0.350113    34       387      
 4106.96 11      800      -204.774   -204.424   0.350113    33       416      
 4117.5  12      857      -204.734   -204.424   0.310152    30       430      
 4150.17 12      900      -204.734   -204.424   0.310152    27       472      
 4154.7  13      950      -204.705   -204.424   0.281509    29       476      
 4197.49 14      1041     -204.692   -204.424   0.267564    38       521      
 4206.98 14      1050     -204.692   -204.424   0.267564    28       530      
 4240.71 15      1127     -204.669   -204.424   0.24463     21       561      
 4267.12 15      1150     -204.669   -204.424   0.24463     21       584      
 4290.09 16      1211     -204.65    -204.424   0.2261      22       602      
 4340.83 16      1250     -204.65    -204.424   0.2261      21       641      
 4353.24 17      1300     -204.629   -204.424   0.204879    21       650      
 4389.27 18      1361     -204.616   -204.424   0.191261    23       676      
 4436.97 19      1425     -204.6     -204.425   0.175139    20       708      
 4474.47 19      1450     -204.6     -204.425   0.175139    18       733      
 4502.66 20      1500     -204.59    -204.425   0.165081    23       752      
 4532.37 21      1550     -204.577   -204.425   0.151871    19       771      
 4583.49 22      1619     -204.565   -204.425   0.140401    17       805      
 4627.93 22      1650     -204.565   -204.425   0.140401    16       836      
 4647.78 23      1700     -204.558   -204.425   0.133122    19       850      
 4684.14 24      1759     -204.548   -204.425   0.123051    13       874      
 4730.79 25      1831     -204.542   -204.425   0.1167      15       907      
 4742.98 25      1850     -204.542   -204.425   0.1167      29       926      
 4767.11 26      1905     -204.527   -204.425   0.102063    28       943      
 4829.52 27      1993     -204.52    -204.425   0.0950799   29       986      
 4840.88 27      2000     -204.52    -204.425   0.0950799   32       993      
 4902.84 28      2083     -204.516   -204.425   0.0906874   36       1031     
 4933.28 28      2100     -204.516   -204.425   0.0906874   31       1048     
 4991.37 29      2177     -204.512   -204.425   0.0866623   31       1078     
 5037.79 29      2200     -204.512   -204.425   0.0866623   30       1101     
 5086.78 30      2273     -204.509   -204.425   0.0836733   31       1125     
 5142.66 30      2300     -204.509   -204.425   0.0836733   31       1151     
 5194.01 31      2371     -204.507   -204.425   0.0813574   38       1173     
 5263.62 31      2400     -204.507   -204.425   0.0813574   34       1202     
 5317.22 32      2471     -204.504   -204.425   0.0787522   29       1222     
 5389.79 32      2500     -204.504   -204.425   0.0787522   28       1251     
 5447.67 33      2569     -204.501   -204.425   0.0758161   33       1271     
 5540.71 33      2600     -204.501   -204.425   0.0758161   32       1302     
 5597.3  34      2669     -204.5     -204.426   0.0744004   32       1320     
 5700.25 34      2700     -204.5     -204.426   0.0744004   41       1351     
 5774.58 35      2769     -204.498   -204.426   0.0728098   41       1370     
 5899.38 35      2800     -204.498   -204.426   0.0728098   40       1401     
 5991.37 36      2871     -204.498   -204.426   0.0718786   41       1421     
 6120.65 36      2900     -204.498   -204.426   0.0718786   37       1450     
 6229.29 37      2975     -204.496   -204.426   0.0706652   32       1473     
 6355.71 37      3000     -204.496   -204.426   0.0706652   31       1498     
 6502.31 38      3079     -204.495   -204.426   0.0686336   33       1525     
 6621.04 38      3100     -204.495   -204.426   0.0686336   32       1546     
 6804.68 39      3183     -204.494   -204.426   0.067557    38       1576     
 6899.6  39      3200     -204.494   -204.426   0.067557    36       1593     
 7101.36 40      3287     -204.493   -204.426   0.0667123   32       1628     
 7186.07 40      3300     -204.493   -204.426   0.0667123   31       1641     
 7417.41 41      3389     -204.491   -204.426   0.0653012   38       1678     
 7477.25 41      3400     -204.491   -204.426   0.0653012   38       1689     
 7703.63 42      3493     -204.49    -204.426   0.0643414   35       1729     
 7745.54 42      3500     -204.49    -204.426   0.0643414   37       1736     
 7992.56 43      3597     -204.49    -204.426   0.0634097   34       1780     
 8009.93 43      3600     -204.49    -204.426   0.0634097   34       1783     
 8278.16 44      3701     -204.489   -204.426   0.0629587   34       1831     
 8284    44      3702     -204.489   -204.426   0.0629587   33       1832     
 8546.11 44      3750     -204.489   -204.426   0.0629587   33       1880     
 8570.03 45      3807     -204.488   -204.426   0.0621278   33       1884     
 8783.99 45      3850     -204.488   -204.426   0.0621278   30       1927     
 8822.06 46      3909     -204.487   -204.426   0.0611618   30       1934     
 9045.41 46      3950     -204.487   -204.426   0.0611618   30       1975     
 9102.8  47      4013     -204.487   -204.426   0.0604635   36       1985     
 9298.53 47      4050     -204.487   -204.426   0.0604635   34       2022     
 9378.63 48      4117     -204.486   -204.426   0.0599263   39       2036     
 9548.91 48      4150     -204.486   -204.426   0.0599263   35       2069     
 9653    49      4223     -204.486   -204.426   0.0596202   50       2089     
 9780.86 49      4250     -204.486   -204.426   0.0596202   36       2116     
 9903.67 50      4331     -204.485   -204.426   0.0589941   35       2142     
 9981.11 50      4350     -204.485   -204.426   0.0589941   33       2161     
 10144.1 51      4437     -204.485   -204.426   0.0585185   29       2194     
-------------------------------------------------------------------------------

SARSOP finishing ...
  Preset timeout reached
  Timeout     : 10000.000000s
  Actual Time : 10144.060000s

-------------------------------------------------------------------------------
 Time   |#Trial |#Backup |LBound    |UBound    |Precision  |#Alphas |#Beliefs  
-------------------------------------------------------------------------------
 10144.1 51      4437     -204.485   -204.426   0.0585185   29       2194     
-------------------------------------------------------------------------------

Writing out policy ...
  output file : RAM4_medium/3b737acb0e.policyx

