
Loading the model ...
  input file   : /home/rstudio/RAM4_medium/3b743e6be7.pomdpx
  loading time : 4.95s 

SARSOP initializing ...
  initialization time : 7886.28s

-------------------------------------------------------------------------------
 Time   |#Trial |#Backup |LBound    |UBound    |Precision  |#Alphas |#Beliefs  
-------------------------------------------------------------------------------
 7886.28 0       0        -1074.93   -166.591   908.343     101      1        
 7891.33 1       59       -1061.6    -1053.23   8.37527     50       21       
 7912.66 1       100      -1061.6    -1053.23   8.37527     41       53       
 7917.07 2       165      -1060.46   -1053.23   7.22914     56       57       
 7932.72 2       200      -1060.46   -1053.23   7.22914     28       81       
 7942.34 3       255      -1057.91   -1053.23   4.67979     45       89       
 7978.59 3       300      -1057.91   -1053.23   4.67979     25       124      
 8000.5  4       393      -1057.36   -1053.23   4.13396     36       138      
 8012.75 4       400      -1057.36   -1053.23   4.13396     34       145      
 8022.38 4       450      -1057.36   -1053.23   4.13396     26       151      
 8032.64 5       533      -1057.12   -1053.23   3.89219     26       156      
 8054.59 5       550      -1057.12   -1053.23   3.89219     29       167      
 8076.02 5       600      -1057.12   -1053.23   3.89219     25       176      
 8079.12 6       669      -1056.89   -1053.23   3.65515     21       177      
 8134.37 6       700      -1056.89   -1053.23   3.65515     14       202      
 8156.26 7       793      -1056.36   -1053.23   3.13168     11       210      
 8171.96 7       800      -1056.36   -1053.23   3.13168     10       217      
 8202.9  7       850      -1056.36   -1053.23   3.13168     11       230      
 8219.89 8       929      -1056.18   -1053.23   2.95173     11       236      
 8270.41 8       950      -1056.18   -1053.23   2.95173     12       255      
 8312.18 9       1061     -1056.09   -1053.23   2.85734     18       269      
 8313.71 9       1062     -1056.09   -1053.23   2.85734     15       270      
 8367.29 9       1100     -1056.09   -1053.23   2.85734     8        291      
 8383.98 10      1185     -1055.53   -1053.23   2.303       14       296      
 8416.96 10      1200     -1055.53   -1053.23   2.303       10       309      
 8572.23 10      1250     -1055.53   -1053.23   2.303       12       358      
 8604.35 11      1333     -1055.39   -1053.23   2.1604      12       366      
 8655.1  11      1350     -1055.39   -1053.23   2.1604      12       379      
 8785.28 11      1400     -1055.39   -1053.23   2.1604      13       409      
 8811.3  12      1479     -1055.33   -1053.23   2.09823     17       414      
 8854.35 12      1500     -1055.33   -1053.23   2.09823     15       423      
 8999.84 13      1550     -1055.33   -1053.23   2.09823     11       451      
 9001.02 13      1621     -1055.21   -1053.23   1.97895     14       451      
 9058.51 13      1650     -1055.21   -1053.23   1.97895     12       463      
 9160.36 14      1763     -1055.14   -1053.23   1.90347     17       482      
 9160.54 14      1764     -1055.14   -1053.23   1.90347     17       482      
 9270.34 14      1800     -1055.14   -1053.23   1.90347     13       501      
 9463.5  15      1899     -1055.07   -1053.23   1.83933     12       528      
 9463.71 15      1900     -1055.07   -1053.23   1.83933     13       528      
 9562.18 15      1950     -1055.07   -1053.23   1.83933     18       542      
 9677.29 16      2031     -1055.03   -1053.23   1.80068     15       556      
 9786.16 16      2050     -1055.03   -1053.23   1.80068     17       571      
 10151.4 17      2161     -1054.97   -1053.23   1.739       19       616      
-------------------------------------------------------------------------------

SARSOP finishing ...
  Preset timeout reached
  Timeout     : 10000.000000s
  Actual Time : 10151.440000s

-------------------------------------------------------------------------------
 Time   |#Trial |#Backup |LBound    |UBound    |Precision  |#Alphas |#Beliefs  
-------------------------------------------------------------------------------
 10151.4 17      2161     -1054.97   -1053.23   1.739       19       616      
-------------------------------------------------------------------------------

Writing out policy ...
  output file : RAM4_medium/3b743e6be7.policyx

