
Loading the model ...
  input file   : /home/rstudio/RAM4_medium/3b7d42afc7.pomdpx
  loading time : 4.97s 

SARSOP initializing ...
  initialization time : 8124.91s

-------------------------------------------------------------------------------
 Time   |#Trial |#Backup |LBound    |UBound    |Precision  |#Alphas |#Beliefs  
-------------------------------------------------------------------------------
 8124.91 0       0        -306.978   -298.393   8.58568     101      1        
 8134.3  0       50       -305.553   -298.673   6.87985     12       30       
 8134.96 1       101      -303.765   -298.674   5.09052     14       31       
 8151.53 1       150      -303.765   -298.674   5.09052     12       59       
 8155.62 2       209      -302.928   -298.675   4.25291     8        63       
 8194.3  2       250      -302.928   -298.675   4.25291     11       102      
 8214.52 3       317      -302.431   -298.675   3.75556     9        114      
 8253.74 3       350      -302.431   -298.675   3.75556     11       147      
 8297.72 4       429      -301.761   -298.675   3.08577     7        169      
 8322.66 4       450      -301.761   -298.675   3.08577     8        188      
 8356    5       555      -301.388   -298.675   2.71245     7        207      
 8356.05 5       556      -301.388   -298.675   2.71245     7        207      
 8386.44 5       600      -301.388   -298.675   2.71245     8        226      
 8417.95 6       687      -301.161   -298.675   2.48511     8        241      
 8433.26 6       700      -301.161   -298.675   2.48511     6        250      
 8474.22 6       750      -301.161   -298.675   2.48511     7        270      
 8478.98 7       819      -300.961   -298.676   2.28572     7        272      
 8479.16 7       850      -300.961   -298.676   2.28572     7        272      
 8496.24 8       953      -300.848   -298.676   2.17233     7        281      
 8496.31 8       954      -300.848   -298.676   2.17233     7        281      
 8496.54 8       1000     -300.848   -298.676   2.17233     7        281      
 8507.72 9       1087     -300.727   -298.676   2.05138     8        287      
 8507.84 9       1100     -300.727   -298.676   2.05138     8        287      
 8538.41 9       1150     -300.727   -298.676   2.05138     12       302      
 8547.7  10      1223     -300.61    -298.676   1.93416     8        306      
 8569.08 10      1250     -300.61    -298.676   1.93416     8        316      
 8581.39 11      1361     -300.521   -298.676   1.84541     10       321      
 8583.73 11      1362     -300.521   -298.676   1.84541     10       322      
 8646.36 11      1400     -300.521   -298.676   1.84541     9        348      
 8697.24 12      1497     -300.425   -298.676   1.74889     7        366      
 8704.5  12      1500     -300.425   -298.676   1.74889     8        369      
 8872.03 12      1550     -300.425   -298.676   1.74889     9        419      
 8948.75 13      1631     -300.36    -298.677   1.68276     9        433      
 9014.47 13      1650     -300.36    -298.677   1.68276     10       452      
 9230.72 14      1765     -300.288   -298.678   1.61007     10       499      
 9230.85 14      1766     -300.288   -298.678   1.61007     11       499      
 9361.81 14      1800     -300.288   -298.678   1.61007     7        532      
 9470.38 15      1897     -300.189   -298.678   1.51131     10       555      
 9482.15 15      1900     -300.189   -298.678   1.51131     10       558      
 9709.82 15      1950     -300.189   -298.678   1.51131     9        608      
 9788.14 16      2033     -300.112   -298.679   1.43377     11       622      
 9851.13 16      2050     -300.112   -298.679   1.43377     10       637      
 9986.4  16      2100     -300.112   -298.679   1.43377     8        663      
 9987.58 17      2169     -300.064   -298.679   1.38502     11       663      
 10075   17      2200     -300.064   -298.679   1.38502     10       682      
-------------------------------------------------------------------------------

SARSOP finishing ...
  Preset timeout reached
  Timeout     : 10000.000000s
  Actual Time : 10075.010000s

-------------------------------------------------------------------------------
 Time   |#Trial |#Backup |LBound    |UBound    |Precision  |#Alphas |#Beliefs  
-------------------------------------------------------------------------------
 10075   17      2200     -300.064   -298.679   1.38502     10       682      
-------------------------------------------------------------------------------

Writing out policy ...
  output file : RAM4_medium/3b7d42afc7.policyx

