
Loading the model ...
  input file   : /home/rstudio/RAM4_medium/3b7d6f6c9c.pomdpx
  loading time : 4.86s 

SARSOP initializing ...
  initialization time : 9455.43s

-------------------------------------------------------------------------------
 Time   |#Trial |#Backup |LBound    |UBound    |Precision  |#Alphas |#Beliefs  
-------------------------------------------------------------------------------
 9455.43 0       0        -2869.3    -178.179   2691.12     101      1        
 9458.38 0       50       -2864.34   -2850.25   14.0911     54       23       
 9460.26 1       125      -2859.21   -2850.25   8.95785     86       29       
 9462.38 1       150      -2859.21   -2850.25   8.95785     63       36       
 9465.4  1       200      -2859.21   -2850.25   8.95785     41       43       
 9466.69 2       279      -2858.21   -2850.25   7.95497     60       45       
 9470.94 2       300      -2858.21   -2850.25   7.95497     35       57       
 9482.92 3       350      -2858.21   -2850.25   7.95497     22       71       
 9484.1  3       421      -2855.6    -2850.25   5.34906     29       72       
 9489.63 3       450      -2855.6    -2850.25   5.34906     22       80       
 9489.78 3       500      -2855.6    -2850.25   5.34906     23       80       
 9494.68 4       617      -2855.31   -2850.25   5.05636     23       85       
 9494.71 4       618      -2855.31   -2850.25   5.05636     23       85       
 9499.73 4       650      -2855.31   -2850.25   5.05636     22       91       
 9499.87 4       700      -2855.31   -2850.25   5.05636     20       91       
 9511.42 5       811      -2855.15   -2850.25   4.89991     21       100      
 9511.46 5       812      -2855.15   -2850.25   4.89991     17       100      
 9511.62 5       850      -2855.15   -2850.25   4.89991     16       100      
 9513.13 5       900      -2855.15   -2850.25   4.89991     16       101      
 9522.23 6       1003     -2854.86   -2850.25   4.60199     12       107      
 9522.26 6       1004     -2854.86   -2850.25   4.60199     9        107      
 9522.43 6       1050     -2854.86   -2850.25   4.60199     10       107      
 9529.89 7       1195     -2854.7    -2850.26   4.44537     12       112      
 9529.93 7       1196     -2854.7    -2850.26   4.44537     9        112      
 9536.07 7       1200     -2854.7    -2850.26   4.44537     10       116      
 9540.15 7       1250     -2854.7    -2850.26   4.44537     10       119      
 9575.78 8       1383     -2854.46   -2850.26   4.20823     10       138      
 9577.85 8       1384     -2854.46   -2850.26   4.20823     10       139      
 9591.72 8       1400     -2854.46   -2850.26   4.20823     13       146      
 9591.95 8       1450     -2854.46   -2850.26   4.20823     13       146      
 9608.43 9       1569     -2854.37   -2850.26   4.11449     10       153      
 9610.9  9       1570     -2854.37   -2850.26   4.11449     11       154      
 9654.8  9       1600     -2854.37   -2850.26   4.11449     13       171      
 9684.81 9       1650     -2854.37   -2850.26   4.11449     12       181      
 9704.81 10      1751     -2854.22   -2850.26   3.96303     12       187      
 9704.9  10      1752     -2854.22   -2850.26   3.96303     11       187      
 9705.21 10      1800     -2854.22   -2850.26   3.96303     15       187      
 9781.42 11      1929     -2854.12   -2850.26   3.85921     13       209      
 9783.96 11      1930     -2854.12   -2850.26   3.85921     10       210      
 9809.47 11      1950     -2854.12   -2850.26   3.85921     10       219      
 9822.67 11      2000     -2854.12   -2850.26   3.85921     11       223      
 9875.48 12      2101     -2853.49   -2850.26   3.23696     8        238      
 9878.55 12      2102     -2853.49   -2850.26   3.23696     8        239      
 9943.23 12      2150     -2853.49   -2850.26   3.23696     8        258      
 10008.5 13      2297     -2853.39   -2850.26   3.13614     9        274      
-------------------------------------------------------------------------------

SARSOP finishing ...
  Preset timeout reached
  Timeout     : 10000.000000s
  Actual Time : 10008.480000s

-------------------------------------------------------------------------------
 Time   |#Trial |#Backup |LBound    |UBound    |Precision  |#Alphas |#Beliefs  
-------------------------------------------------------------------------------
 10008.5 13      2297     -2853.39   -2850.26   3.13614     9        274      
-------------------------------------------------------------------------------

Writing out policy ...
  output file : RAM4_medium/3b7d6f6c9c.policyx

