
Loading the model ...
  input file   : /home/rstudio/RAM4_medium/3c1c3de078.pomdpx
  loading time : 4.59s 

SARSOP initializing ...
  initialization time : 2978.43s

-------------------------------------------------------------------------------
 Time   |#Trial |#Backup |LBound    |UBound    |Precision  |#Alphas |#Beliefs  
-------------------------------------------------------------------------------
 2978.43 0       0        -156.866   -151.439   5.42639     101      1        
 2979.4  2       50       -153.034   -151.586   1.44815     27       35       
 2980.67 3       100      -152.65    -151.586   1.0642      27       60       
 2981.48 4       150      -152.398   -151.586   0.811958    34       83       
 2982.33 5       213      -152.265   -151.586   0.678952    54       108      
 2985.23 6       283      -152.124   -151.586   0.53731     59       143      
 2987.12 6       300      -152.124   -151.586   0.53731     59       160      
 2990.37 7       350      -152.048   -151.587   0.461488    56       181      
 2994.57 8       400      -151.961   -151.587   0.373975    62       207      
 3000.47 9       450      -151.93    -151.587   0.343232    80       234      
 3002.9  10      500      -151.881   -151.587   0.294169    65       265      
 3005.36 11      550      -151.83    -151.587   0.243111    57       282      
 3008.79 12      603      -151.802   -151.587   0.214859    97       302      
 3014.65 13      659      -151.779   -151.587   0.191622    85       329      
 3020.47 14      709      -151.765   -151.587   0.177966    84       354      
 3026.45 15      750      -151.739   -151.587   0.151537    87       375      
 3034.17 16      803      -151.732   -151.587   0.145093    92       401      
 3042.85 17      850      -151.72    -151.587   0.132978    98       427      
 3052.91 18      900      -151.711   -151.587   0.124041    64       453      
 3062.92 19      950      -151.704   -151.587   0.116549    55       478      
 3073.64 20      1000     -151.696   -151.588   0.108364    59       503      
 3086.05 21      1050     -151.688   -151.588   0.100672    60       530      
 3092.58 22      1100     -151.683   -151.588   0.0951308   34       548      
 3096.74 23      1150     -151.67    -151.588   0.0821475   49       567      
 3107.97 24      1225     -151.667   -151.588   0.0792604   46       604      
 3116.22 24      1250     -151.667   -151.588   0.0792604   45       629      
 3121.94 25      1300     -151.661   -151.588   0.0733231   48       643      
 3135.37 26      1369     -151.655   -151.588   0.0676354   49       675      
 3150.39 26      1400     -151.655   -151.588   0.0676354   57       706      
 3156.53 27      1450     -151.653   -151.588   0.0655927   52       716      
 3177.54 28      1531     -151.652   -151.588   0.0636674   48       755      
 3188.01 28      1550     -151.652   -151.588   0.0636674   46       774      
 3199.18 29      1609     -151.65    -151.588   0.0616356   45       793      
 3223.39 30      1687     -151.647   -151.588   0.0589717   47       832      
 3232.36 30      1700     -151.647   -151.588   0.0589717   45       845      
 3251.99 31      1767     -151.645   -151.588   0.0569069   49       872      
 3276.85 31      1800     -151.645   -151.588   0.0569069   52       905      
 3286.1  32      1850     -151.643   -151.588   0.0553005   58       915      
 3316.42 33      1929     -151.642   -151.588   0.0543518   50       953      
 3333.99 33      1950     -151.642   -151.588   0.0543518   53       974      
 3351.59 34      2011     -151.641   -151.588   0.0529008   50       994      
 3384.54 34      2050     -151.641   -151.588   0.0529008   50       1033     
 3394.73 35      2100     -151.64    -151.588   0.0513112   58       1042     
 3433.8  36      2179     -151.639   -151.588   0.0505092   57       1078     
 3458.07 36      2200     -151.639   -151.588   0.0505092   54       1099     
 3481.66 37      2265     -151.638   -151.588   0.0495012   52       1121     
 3522.83 37      2300     -151.638   -151.588   0.0495012   56       1156     
 3531.54 38      2351     -151.637   -151.588   0.0486631   57       1163     
 3584.45 39      2439     -151.636   -151.588   0.0470593   52       1206     
 3598.61 39      2450     -151.636   -151.588   0.0470593   50       1217     
 3647.15 40      2531     -151.635   -151.589   0.0464945   49       1252     
 3670.87 40      2550     -151.635   -151.589   0.0464945   53       1271     
 3713.5  41      2623     -151.634   -151.589   0.045772    56       1298     
 3757.3  41      2650     -151.634   -151.589   0.045772    57       1325     
 3793.92 42      2715     -151.634   -151.589   0.0450836   54       1344     
 3849.66 42      2750     -151.634   -151.589   0.0450836   53       1379     
 3869.94 43      2811     -151.633   -151.589   0.0441925   54       1391     
 3931.6  43      2850     -151.633   -151.589   0.0441925   52       1430     
 3951.55 44      2911     -151.632   -151.589   0.0434783   48       1440     
 4014.54 44      2950     -151.632   -151.589   0.0434783   51       1479     
 4033.52 45      3011     -151.632   -151.589   0.0430422   51       1490     
 4087.43 45      3050     -151.632   -151.589   0.0430422   46       1529     
 4104.71 46      3113     -151.631   -151.589   0.042568    48       1540     
 4149.89 46      3150     -151.631   -151.589   0.042568    52       1577     
 4167.97 47      3213     -151.631   -151.589   0.0418173   52       1589     
 4213.95 47      3250     -151.631   -151.589   0.0418173   50       1626     
 4239.49 48      3321     -151.63    -151.589   0.0416082   42       1642     
 4269.76 48      3350     -151.63    -151.589   0.0416082   46       1671     
 4296.88 49      3427     -151.63    -151.589   0.0413096   42       1694     
 4320.8  49      3450     -151.63    -151.589   0.0413096   49       1717     
 4355.47 50      3529     -151.63    -151.589   0.0411055   43       1744     
 4375.68 50      3550     -151.63    -151.589   0.0411055   51       1763     
 4412.32 51      3633     -151.63    -151.589   0.040934    45       1793     
 4431.4  51      3650     -151.63    -151.589   0.040934    61       1810     
 4478.21 52      3739     -151.63    -151.589   0.0407831   51       1845     
 4492.2  52      3750     -151.63    -151.589   0.0407831   58       1856     
 4543.85 53      3841     -151.63    -151.589   0.0406396   45       1895     
 4555.85 53      3850     -151.63    -151.589   0.0406396   48       1904     
 4622.62 54      3949     -151.629   -151.589   0.0405096   60       1949     
 4624.72 54      3950     -151.629   -151.589   0.0405096   61       1950     
 4699    54      4000     -151.629   -151.589   0.0405096   56       2000     
 4702.24 55      4055     -151.629   -151.589   0.040137    55       2001     
 4765.69 55      4100     -151.629   -151.589   0.040137    59       2046     
 4775.08 56      4159     -151.629   -151.589   0.0397929   49       2052     
 4830.63 56      4200     -151.629   -151.589   0.0397929   63       2093     
 4851.3  57      4269     -151.629   -151.589   0.0397415   66       2107     
 4892.17 57      4300     -151.629   -151.589   0.0397415   70       2138     
 4926.46 58      4379     -151.628   -151.589   0.0393175   61       2161     
 4955.18 58      4400     -151.628   -151.589   0.0393175   63       2182     
 5004.08 59      4489     -151.628   -151.589   0.0388626   53       2215     
 5018.6  59      4500     -151.628   -151.589   0.0388626   60       2225     
 5085.1  60      4601     -151.628   -151.589   0.0387544   53       2269     
 5086.9  60      4602     -151.628   -151.589   0.0387544   53       2270     
 5157.39 60      4650     -151.628   -151.589   0.0387544   62       2318     
 5169.61 61      4713     -151.628   -151.589   0.0385802   62       2324     
 5224.24 61      4750     -151.628   -151.589   0.0385802   64       2361     
 5256.69 62      4827     -151.628   -151.589   0.0385167   68       2380     
 5293.13 62      4850     -151.628   -151.589   0.0385167   75       2403     
 5350.7  63      4939     -151.628   -151.589   0.0384597   66       2435     
 5366.24 63      4950     -151.628   -151.589   0.0384597   75       2445     
 5440.99 64      5051     -151.627   -151.589   0.0384144   65       2489     
 5441.55 64      5052     -151.627   -151.589   0.0384144   64       2489     
 5520.07 64      5100     -151.627   -151.589   0.0384144   81       2537     
 5532.6  65      5163     -151.627   -151.589   0.0383834   68       2543     
 5594.6  65      5200     -151.627   -151.589   0.0383834   76       2580     
 5631.75 66      5277     -151.627   -151.589   0.0383299   72       2599     
 5672.2  66      5300     -151.627   -151.589   0.0383299   81       2622     
 5733.07 67      5387     -151.627   -151.589   0.0383064   71       2653     
 5757.07 67      5400     -151.627   -151.589   0.0383064   77       2666     
 5843.99 68      5499     -151.627   -151.589   0.03829     80       2709     
 5847.04 68      5500     -151.627   -151.589   0.03829     80       2710     
 5946.15 68      5550     -151.627   -151.589   0.03829     78       2760     
 5952.67 69      5607     -151.627   -151.589   0.0380591   74       2762     
 6026.75 69      5650     -151.627   -151.589   0.0380591   71       2805     
 6050.53 70      5719     -151.627   -151.589   0.0379684   70       2817     
 6106.31 70      5750     -151.627   -151.589   0.0379684   73       2848     
 6148.46 71      5827     -151.627   -151.589   0.0379429   68       2870     
 6186.48 71      5850     -151.627   -151.589   0.0379429   77       2891     
 6243.79 72      5937     -151.627   -151.589   0.0379073   69       2922     
 6263.03 72      5950     -151.627   -151.589   0.0379073   77       2934     
 6339.5  73      6047     -151.627   -151.589   0.0377095   71       2975     
 6345.06 73      6050     -151.627   -151.589   0.0377095   73       2978     
 6434.05 73      6100     -151.627   -151.589   0.0377095   75       3028     
 6438.58 74      6157     -151.627   -151.589   0.0376817   80       3029     
 6521.31 74      6200     -151.627   -151.589   0.0376817   85       3072     
 6545.5  75      6267     -151.627   -151.589   0.0376493   84       3083     
 6605.48 75      6300     -151.627   -151.589   0.0376493   94       3113     
 6650.53 76      6377     -151.627   -151.589   0.037615    68       3134     
 6699.88 76      6400     -151.627   -151.589   0.037615    83       3157     
 6772.64 77      6489     -151.627   -151.589   0.0375446   86       3189     
 6796.78 77      6500     -151.627   -151.589   0.0375446   87       3200     
 6898.81 78      6601     -151.627   -151.589   0.0375263   75       3244     
 6901.85 78      6602     -151.627   -151.589   0.0375263   75       3245     
 7018.61 78      6650     -151.627   -151.589   0.0375263   93       3293     
 7031.55 79      6709     -151.627   -151.589   0.0375036   90       3297     
 7135.77 79      6750     -151.627   -151.589   0.0375036   98       3338     
 7168.02 80      6817     -151.627   -151.589   0.0374519   86       3350     
 7231.96 80      6850     -151.627   -151.589   0.0374519   81       3382     
 7283.03 81      6929     -151.627   -151.589   0.0374308   77       3404     
 7326.32 81      6950     -151.627   -151.589   0.0374308   83       3425     
 7401.04 82      7035     -151.626   -151.589   0.0372403   78       3457     
 7433.75 82      7050     -151.626   -151.589   0.0372403   88       3472     
 7520.45 83      7147     -151.626   -151.589   0.0370381   78       3512     
 7524.83 83      7150     -151.626   -151.589   0.0370381   75       3514     
 7632.04 83      7200     -151.626   -151.589   0.0370381   88       3564     
 7637.34 84      7257     -151.626   -151.589   0.0370222   84       3565     
 7731.65 84      7300     -151.626   -151.589   0.0370222   89       3608     
 7757.66 85      7365     -151.626   -151.589   0.0370084   87       3618     
 7839.59 85      7400     -151.626   -151.589   0.0370084   102      3653     
 7892.35 86      7479     -151.626   -151.589   0.0369742   92       3674     
 7936.88 86      7500     -151.626   -151.589   0.0369742   97       3694     
 8019.37 87      7591     -151.626   -151.589   0.0369065   96       3728     
 8038.9  87      7600     -151.626   -151.589   0.0369065   101      3736     
 8148.79 88      7703     -151.626   -151.589   0.0366735   88       3782     
 8151.8  88      7704     -151.626   -151.589   0.0366735   88       3783     
 8270.19 88      7750     -151.626   -151.589   0.0366735   106      3829     
 8292.2  89      7813     -151.626   -151.589   0.0366322   89       3836     
 8388.54 89      7850     -151.626   -151.589   0.0366322   104      3873     
 8441.52 90      7925     -151.626   -151.589   0.0365587   97       3891     
 8502.87 90      7950     -151.626   -151.589   0.0365587   105      3914     
 8593.79 91      8039     -151.626   -151.589   0.0365324   88       3945     
 8623.22 91      8050     -151.626   -151.589   0.0365324   90       3956     
 8758.9  92      8149     -151.626   -151.589   0.0365047   104      3999     
 8762.38 92      8150     -151.626   -151.589   0.0365047   104      4000     
 8917.92 92      8200     -151.626   -151.589   0.0365047   88       4050     
 8942.36 93      8265     -151.626   -151.589   0.0364876   82       4056     
 9052.35 93      8300     -151.626   -151.589   0.0364876   87       4091     
 9129.81 94      8379     -151.626   -151.589   0.0364425   73       4112     
 9201.79 94      8400     -151.626   -151.589   0.0364425   88       4132     
 9329.99 95      8493     -151.626   -151.589   0.0363969   87       4167     
 9351.27 95      8500     -151.626   -151.589   0.0363969   89       4173     
 9541.1  96      8550     -151.626   -151.589   0.0363969   96       4222     
 9544.39 96      8607     -151.626   -151.589   0.03637     86       4222     
 9717.37 96      8650     -151.626   -151.589   0.03637     95       4262     
 9767.08 97      8717     -151.626   -151.589   0.0363492   91       4273     
 9891.29 97      8750     -151.626   -151.589   0.0363492   96       4303     
 9994.66 98      8831     -151.626   -151.589   0.0363286   81       4326     
 10055.6 98      8850     -151.626   -151.589   0.0363286   89       4344     
-------------------------------------------------------------------------------

SARSOP finishing ...
  Preset timeout reached
  Timeout     : 10000.000000s
  Actual Time : 10055.650000s

-------------------------------------------------------------------------------
 Time   |#Trial |#Backup |LBound    |UBound    |Precision  |#Alphas |#Beliefs  
-------------------------------------------------------------------------------
 10055.6 98      8850     -151.626   -151.589   0.0363286   89       4344     
-------------------------------------------------------------------------------

Writing out policy ...
  output file : RAM4_medium/3c1c3de078.policyx

