
Loading the model ...
  input file   : /home/rstudio/RAM4_medium/3c2663705.pomdpx
  loading time : 5.06s 

SARSOP initializing ...
  initialization time : 15202.98s

-------------------------------------------------------------------------------
 Time   |#Trial |#Backup |LBound    |UBound    |Precision  |#Alphas |#Beliefs  
-------------------------------------------------------------------------------
 15203   0       0        -7888.9    -289.587   7599.32     101      1        
-------------------------------------------------------------------------------

SARSOP finishing ...
  Preset timeout reached
  Timeout     : 10000.000000s
  Actual Time : 15203.200000s

-------------------------------------------------------------------------------
 Time   |#Trial |#Backup |LBound    |UBound    |Precision  |#Alphas |#Beliefs  
-------------------------------------------------------------------------------
 15203.2 0       1        -7805.33   -4012.02   3793.31     37       2        
-------------------------------------------------------------------------------

Writing out policy ...
  output file : RAM4_medium/3c2663705.policyx

