
Loading the model ...
  input file   : /home/rstudio/RAM4_medium/3c290b2316.pomdpx
  loading time : 4.90s 

SARSOP initializing ...
  initialization time : 12212.09s

-------------------------------------------------------------------------------
 Time   |#Trial |#Backup |LBound    |UBound    |Precision  |#Alphas |#Beliefs  
-------------------------------------------------------------------------------
 12212.1 0       0        -6014.28   -343.722   5670.56     101      1        
-------------------------------------------------------------------------------

SARSOP finishing ...
  Preset timeout reached
  Timeout     : 10000.000000s
  Actual Time : 12212.360000s

-------------------------------------------------------------------------------
 Time   |#Trial |#Backup |LBound    |UBound    |Precision  |#Alphas |#Beliefs  
-------------------------------------------------------------------------------
 12212.4 0       1        -5990.37   -4270      1720.37     39       2        
-------------------------------------------------------------------------------

Writing out policy ...
  output file : RAM4_medium/3c290b2316.policyx

