
Loading the model ...
  input file   : /home/rstudio/RAM4_medium/3c2a5d3a62.pomdpx
  loading time : 4.70s 

SARSOP initializing ...
  initialization time : 4537.63s

-------------------------------------------------------------------------------
 Time   |#Trial |#Backup |LBound    |UBound    |Precision  |#Alphas |#Beliefs  
-------------------------------------------------------------------------------
 4537.63 0       0        -150.52    -134.699   15.8214     101      1        
 4541.86 1       50       -139.566   -135.124   4.44147     31       42       
 4544.52 2       100      -138.104   -135.125   2.97896     27       56       
 4557.95 3       191      -137.43    -135.125   2.30484     31       96       
 4560.94 3       200      -137.43    -135.125   2.30484     25       103      
 4590.87 4       297      -137.114   -135.125   1.98904     44       147      
 4592.82 4       300      -137.114   -135.125   1.98904     36       150      
 4644.39 5       401      -136.818   -135.126   1.69227     30       199      
 4645.13 5       402      -136.818   -135.126   1.69227     30       200      
 4700.72 6       450      -136.818   -135.126   1.69227     22       247      
 4702.7  6       500      -136.55    -135.126   1.42343     30       249      
 4755.81 7       591      -136.289   -135.126   1.16282     24       293      
 4763.58 7       600      -136.289   -135.126   1.16282     16       302      
 4814.58 8       689      -136.155   -135.126   1.02869     17       341      
 4826.8  8       700      -136.155   -135.126   1.02869     13       352      
 4883.07 9       787      -136.014   -135.126   0.887791    15       389      
 4898.21 9       800      -136.014   -135.126   0.887791    10       402      
 4955.62 10      887      -135.893   -135.126   0.766559    14       438      
 4968.85 10      900      -135.893   -135.126   0.766559    10       449      
 5028.31 11      989      -135.811   -135.127   0.684596    11       487      
 5043.36 11      1000     -135.811   -135.127   0.684596    9        498      
 5108.42 12      1089     -135.728   -135.127   0.601416    10       537      
 5123.92 12      1100     -135.728   -135.127   0.601416    12       548      
 5201.67 13      1197     -135.677   -135.127   0.550034    15       591      
 5206.46 13      1200     -135.677   -135.127   0.550034    14       594      
 5304.75 13      1250     -135.677   -135.127   0.550034    12       644      
 5307.89 14      1307     -135.638   -135.127   0.510818    13       645      
 5381.2  14      1350     -135.638   -135.127   0.510818    10       684      
 5407.37 15      1417     -135.596   -135.127   0.468884    12       695      
 5472.29 15      1450     -135.596   -135.127   0.468884    11       728      
 5527    16      1531     -135.557   -135.127   0.429631    15       751      
 5566.97 16      1550     -135.557   -135.127   0.429631    13       770      
 5664.66 17      1649     -135.537   -135.127   0.409565    13       809      
 5664.83 17      1650     -135.537   -135.127   0.409565    11       809      
 5738.79 17      1700     -135.537   -135.127   0.409565    10       842      
 5752.35 18      1763     -135.507   -135.127   0.379454    12       847      
 5828.37 18      1800     -135.507   -135.127   0.379454    12       880      
 5887.3  19      1881     -135.489   -135.127   0.361743    14       901      
 5932.63 19      1900     -135.489   -135.127   0.361743    12       920      
 6045.04 20      1999     -135.473   -135.127   0.345092    17       960      
 6047.8  20      2000     -135.473   -135.127   0.345092    18       961      
 6191.27 20      2050     -135.473   -135.127   0.345092    15       1011     
 6218.84 21      2119     -135.459   -135.128   0.331605    17       1019     
 6307.59 21      2150     -135.459   -135.128   0.331605    14       1050     
 6400.39 22      2239     -135.447   -135.128   0.319331    18       1078     
 6416.65 22      2250     -135.447   -135.128   0.319331    12       1084     
 6569.02 23      2359     -135.432   -135.128   0.303759    19       1132     
 6569.27 23      2360     -135.432   -135.128   0.303759    20       1132     
 6685.44 23      2400     -135.432   -135.128   0.303759    12       1169     
 6763.08 24      2483     -135.424   -135.128   0.296431    18       1189     
 6801.68 24      2500     -135.424   -135.128   0.296431    13       1201     
 6951.77 25      2605     -135.414   -135.128   0.285953    18       1244     
 6955.18 25      2606     -135.414   -135.128   0.285953    19       1245     
 7105.34 25      2650     -135.414   -135.128   0.285953    15       1288     
 7163.89 26      2725     -135.405   -135.128   0.277383    16       1302     
 7259.26 26      2750     -135.405   -135.128   0.277383    15       1327     
 7415.86 27      2845     -135.396   -135.128   0.267948    14       1361     
 7422.76 27      2850     -135.396   -135.128   0.267948    12       1363     
 7617.69 27      2900     -135.396   -135.128   0.267948    12       1413     
 7631.72 28      2963     -135.384   -135.128   0.255861    17       1416     
 7775.11 28      3000     -135.384   -135.128   0.255861    15       1453     
 7875.89 29      3083     -135.376   -135.128   0.248524    14       1476     
 7944.13 29      3100     -135.376   -135.128   0.248524    19       1493     
 8127.09 30      3199     -135.368   -135.128   0.239978    24       1534     
 8131.27 30      3200     -135.368   -135.128   0.239978    23       1535     
 8341.92 30      3250     -135.368   -135.128   0.239978    21       1585     
 8371.91 31      3315     -135.357   -135.129   0.228353    21       1591     
 8524.76 31      3350     -135.357   -135.129   0.228353    18       1626     
 8674.47 32      3439     -135.352   -135.129   0.223383    18       1652     
 8713.49 32      3450     -135.352   -135.129   0.223383    19       1661     
 8974.01 33      3500     -135.352   -135.129   0.223383    18       1710     
 8975.43 33      3561     -135.347   -135.129   0.218418    24       1710     
 9119.66 33      3600     -135.347   -135.129   0.218418    19       1738     
 9246.66 34      3683     -135.343   -135.129   0.214417    17       1759     
 9343.66 34      3700     -135.343   -135.129   0.214417    19       1775     
 9522.44 35      3809     -135.34    -135.129   0.211781    19       1804     
 9522.85 35      3810     -135.34    -135.129   0.211781    18       1804     
 9626.25 35      3850     -135.34    -135.129   0.211781    14       1824     
 9717.79 36      3933     -135.337   -135.129   0.208473    15       1840     
 9810.73 36      3950     -135.337   -135.129   0.208473    16       1857     
 10021.1 37      4059     -135.333   -135.129   0.203894    20       1895     
-------------------------------------------------------------------------------

SARSOP finishing ...
  Preset timeout reached
  Timeout     : 10000.000000s
  Actual Time : 10021.150000s

-------------------------------------------------------------------------------
 Time   |#Trial |#Backup |LBound    |UBound    |Precision  |#Alphas |#Beliefs  
-------------------------------------------------------------------------------
 10021.1 37      4059     -135.333   -135.129   0.203894    20       1895     
-------------------------------------------------------------------------------

Writing out policy ...
  output file : RAM4_medium/3c2a5d3a62.policyx

