
Loading the model ...
  input file   : /home/rstudio/RAM4_medium/3c36dc35fc.pomdpx
  loading time : 4.78s 

SARSOP initializing ...
  initialization time : 7099.78s

-------------------------------------------------------------------------------
 Time   |#Trial |#Backup |LBound    |UBound    |Precision  |#Alphas |#Beliefs  
-------------------------------------------------------------------------------
 7099.78 0       0        -2557.6    -165.492   2392.11     101      1        
 7104.99 1       97       -2548.72   -2541.97   6.75339     49       44       
 7105.16 1       100      -2548.72   -2541.97   6.75339     52       47       
 7109    1       150      -2548.72   -2541.97   6.75339     62       63       
 7115.78 2       231      -2546.39   -2541.97   4.41635     80       76       
 7120.73 2       250      -2546.39   -2541.97   4.41635     37       87       
 7120.98 2       300      -2546.39   -2541.97   4.41635     39       87       
 7127.66 3       413      -2545.99   -2541.97   4.0155      63       97       
 7128.4  3       414      -2545.99   -2541.97   4.0155      52       98       
 7134.56 3       450      -2545.99   -2541.97   4.0155      44       107      
 7144.94 3       500      -2545.99   -2541.97   4.0155      38       118      
 7148.75 4       593      -2545.77   -2541.97   3.79819     29       121      
 7156.59 4       600      -2545.77   -2541.97   3.79819     23       128      
 7161.95 4       650      -2545.77   -2541.97   3.79819     24       133      
 7173.45 5       765      -2545.63   -2541.97   3.65336     23       141      
 7174.68 5       766      -2545.63   -2541.97   3.65336     20       142      
 7185.96 5       800      -2545.63   -2541.97   3.65336     16       152      
 7230.5  6       925      -2545.15   -2541.97   3.1718      14       180      
 7230.55 6       926      -2545.15   -2541.97   3.1718      11       180      
 7230.7  6       950      -2545.15   -2541.97   3.1718      11       180      
 7230.85 6       1000     -2545.15   -2541.97   3.1718      12       180      
 7246.21 7       1099     -2545.03   -2541.97   3.05663     14       190      
 7247.79 7       1100     -2545.03   -2541.97   3.05663     12       191      
 7262.27 7       1150     -2545.03   -2541.97   3.05663     13       201      
 7274.47 8       1269     -2544.91   -2541.97   2.93575     11       208      
 7274.54 8       1270     -2544.91   -2541.97   2.93575     10       208      
 7304.99 8       1300     -2544.91   -2541.97   2.93575     12       226      
 7337.66 8       1350     -2544.91   -2541.97   2.93575     11       242      
 7340.04 9       1433     -2544.81   -2541.97   2.83743     13       243      
 7358.17 9       1450     -2544.81   -2541.97   2.83743     7        255      
 7389.96 9       1500     -2544.81   -2541.97   2.83743     9        272      
 7412.7  10      1589     -2544.23   -2541.98   2.2524      9        282      
 7423.39 10      1600     -2544.23   -2541.98   2.2524      11       288      
 7438.27 10      1650     -2544.23   -2541.98   2.2524      12       296      
 7464.34 11      1777     -2544.16   -2541.98   2.18005     12       308      
 7466.59 11      1778     -2544.16   -2541.98   2.18005     11       309      
 7515.52 11      1800     -2544.16   -2541.98   2.18005     10       330      
 7541.32 11      1850     -2544.16   -2541.98   2.18005     13       340      
 7595.2  12      1961     -2544.11   -2541.98   2.13065     12       358      
 7595.31 12      1962     -2544.11   -2541.98   2.13065     9        358      
 7642.39 12      2000     -2544.11   -2541.98   2.13065     13       374      
 7673.33 12      2050     -2544.11   -2541.98   2.13065     11       383      
 7677.58 13      2143     -2544.07   -2541.98   2.09727     14       384      
 7677.77 13      2150     -2544.07   -2541.98   2.09727     12       384      
 7718.53 13      2200     -2544.07   -2541.98   2.09727     14       397      
 7813.52 14      2323     -2543.98   -2541.98   2.00399     12       422      
 7817.22 14      2324     -2543.98   -2541.98   2.00399     10       423      
 7844.92 14      2350     -2543.98   -2541.98   2.00399     12       431      
 7845.26 14      2400     -2543.98   -2541.98   2.00399     12       431      
 7888.63 15      2503     -2543.95   -2541.98   1.97023     14       442      
 7888.79 15      2504     -2543.95   -2541.98   1.97023     13       442      
 7930.27 15      2550     -2543.95   -2541.98   1.97023     15       453      
 8005.95 16      2679     -2543.89   -2541.98   1.91685     11       471      
 8006.09 16      2680     -2543.89   -2541.98   1.91685     10       471      
 8082    16      2700     -2543.89   -2541.98   1.91685     12       488      
 8235.33 16      2750     -2543.89   -2541.98   1.91685     15       520      
 8317.58 17      2853     -2543.86   -2541.98   1.87872     15       535      
 8317.76 17      2854     -2543.86   -2541.98   1.87872     15       535      
 8481.88 17      2900     -2543.86   -2541.98   1.87872     16       566      
 8681.18 18      3023     -2543.82   -2541.98   1.84295     16       598      
 8687.78 18      3024     -2543.82   -2541.98   1.84295     17       599      
 8806.08 18      3050     -2543.82   -2541.98   1.84295     20       618      
 8882.69 18      3100     -2543.82   -2541.98   1.84295     16       629      
 8927.03 19      3191     -2543.81   -2541.98   1.82791     18       635      
 8958.98 19      3200     -2543.81   -2541.98   1.82791     18       640      
 9103.52 19      3250     -2543.81   -2541.98   1.82791     21       661      
 9207.59 20      3355     -2543.73   -2541.98   1.74996     13       676      
 9215.04 20      3356     -2543.73   -2541.98   1.74996     13       677      
 9536.53 20      3400     -2543.73   -2541.98   1.74996     13       718      
 9734.33 21      3521     -2543.71   -2541.98   1.72919     12       743      
 9741.03 21      3522     -2543.71   -2541.98   1.72919     12       744      
 9911.76 21      3550     -2543.71   -2541.98   1.72919     12       772      
 10223.7 21      3600     -2543.71   -2541.98   1.72919     11       816      
-------------------------------------------------------------------------------

SARSOP finishing ...
  Preset timeout reached
  Timeout     : 10000.000000s
  Actual Time : 10223.690000s

-------------------------------------------------------------------------------
 Time   |#Trial |#Backup |LBound    |UBound    |Precision  |#Alphas |#Beliefs  
-------------------------------------------------------------------------------
 10223.7 21      3600     -2543.71   -2541.98   1.72919     11       816      
-------------------------------------------------------------------------------

Writing out policy ...
  output file : RAM4_medium/3c36dc35fc.policyx

