
Loading the model ...
  input file   : /home/rstudio/RAM4_medium/3c3ce04f58.pomdpx
  loading time : 5.06s 

SARSOP initializing ...
  initialization time : 11611.35s

-------------------------------------------------------------------------------
 Time   |#Trial |#Backup |LBound    |UBound    |Precision  |#Alphas |#Beliefs  
-------------------------------------------------------------------------------
 11611.4 0       0        -997.887   -385.292   612.595     101      1        
-------------------------------------------------------------------------------

SARSOP finishing ...
  Preset timeout reached
  Timeout     : 10000.000000s
  Actual Time : 11611.780000s

-------------------------------------------------------------------------------
 Time   |#Trial |#Backup |LBound    |UBound    |Precision  |#Alphas |#Beliefs  
-------------------------------------------------------------------------------
 11611.8 0       1        -997.832   -996.643   1.18891     4        2        
-------------------------------------------------------------------------------

Writing out policy ...
  output file : RAM4_medium/3c3ce04f58.policyx

