
Loading the model ...
  input file   : /home/rstudio/RAM4_medium/3c540f5974.pomdpx
  loading time : 4.97s 

SARSOP initializing ...
  initialization time : 4384.69s

-------------------------------------------------------------------------------
 Time   |#Trial |#Backup |LBound    |UBound    |Precision  |#Alphas |#Beliefs  
-------------------------------------------------------------------------------
 4384.69 0       0        -8846.23   -6007.99   2838.24     101      1        
 4386.03 0       50       -8845.46   -8087.34   758.125     58       8        
 4386.33 0       100      -8845.46   -8087.34   758.125     53       8        
 4392.23 1       277      -8658.03   -8087.53   570.495     9        21       
 4392.51 1       278      -8658.03   -8087.53   570.495     9        22       
 4392.82 1       279      -8658.03   -8087.53   570.495     8        23       
 4392.88 1       300      -8658.03   -8087.53   570.495     6        23       
 4392.97 1       350      -8658.03   -8087.53   570.495     6        23       
 4393.06 1       400      -8658.03   -8087.53   570.495     6        23       
 4396.86 2       561      -8562.55   -8087.62   474.926     6        30       
 4396.87 2       562      -8562.55   -8087.62   474.926     6        30       
 4396.88 2       563      -8562.55   -8087.62   474.926     6        30       
 4396.98 2       600      -8562.55   -8087.62   474.926     6        30       
 4397.07 2       650      -8562.55   -8087.62   474.926     6        30       
 4399.04 2       700      -8562.55   -8087.62   474.926     8        33       
 4402.71 3       849      -8497.54   -8087.77   409.772     8        37       
 4402.73 3       850      -8497.54   -8087.77   409.772     7        37       
 4402.74 3       851      -8497.54   -8087.77   409.772     7        37       
 4402.85 3       900      -8497.54   -8087.77   409.772     7        37       
 4402.95 3       950      -8497.54   -8087.77   409.772     7        37       
 4408.59 4       1129     -8425.59   -8087.82   337.764     7        44       
 4408.6  4       1130     -8425.59   -8087.82   337.764     7        44       
 4408.62 4       1131     -8425.59   -8087.82   337.764     7        44       
 4408.68 4       1150     -8425.59   -8087.82   337.764     8        44       
 4408.78 4       1200     -8425.59   -8087.82   337.764     8        44       
 4408.89 4       1250     -8425.59   -8087.82   337.764     9        44       
 4415.03 5       1417     -8381.72   -8087.93   293.785     9        50       
 4415.05 5       1418     -8381.72   -8087.93   293.785     8        50       
 4415.07 5       1419     -8381.72   -8087.93   293.785     8        50       
 4415.15 5       1450     -8381.72   -8087.93   293.785     9        50       
 4415.26 5       1500     -8381.72   -8087.93   293.785     9        50       
 4416.22 5       1550     -8381.72   -8087.93   293.785     9        51       
 4424.21 6       1707     -8344.06   -8087.98   256.08      6        58       
 4424.23 6       1708     -8344.06   -8087.98   256.08      6        58       
 4424.25 6       1709     -8344.06   -8087.98   256.08      6        58       
 4424.35 6       1750     -8344.06   -8087.98   256.08      7        58       
 4424.45 6       1800     -8344.06   -8087.98   256.08      7        58       
 4434.07 6       1850     -8344.06   -8087.98   256.08      7        67       
 4434.76 7       1995     -8311.03   -8088.04   222.989     8        67       
 4434.78 7       1996     -8311.03   -8088.04   222.989     7        67       
 4434.81 7       2000     -8311.03   -8088.04   222.989     8        67       
 4434.93 7       2050     -8311.03   -8088.04   222.989     8        67       
 4435.04 7       2100     -8311.03   -8088.04   222.989     8        67       
 4449.6  8       2283     -8279.96   -8088.08   191.873     8        78       
 4449.63 8       2284     -8279.96   -8088.08   191.873     7        78       
 4449.65 8       2285     -8279.96   -8088.08   191.873     7        78       
 4449.71 8       2300     -8279.96   -8088.08   191.873     8        78       
 4449.83 8       2350     -8279.96   -8088.08   191.873     8        78       
 4449.94 8       2400     -8279.96   -8088.08   191.873     8        78       
 4468.17 9       2571     -8253.35   -8088.16   165.192     8        91       
 4468.2  9       2572     -8253.35   -8088.16   165.192     7        91       
 4468.23 9       2573     -8253.35   -8088.16   165.192     7        91       
 4468.31 9       2600     -8253.35   -8088.16   165.192     8        91       
 4468.43 9       2650     -8253.35   -8088.16   165.192     8        91       
 4469.94 9       2700     -8253.35   -8088.16   165.192     10       92       
 4481.74 10      2863     -8231.77   -8088.19   143.58      9        99       
 4481.77 10      2864     -8231.77   -8088.19   143.58      8        99       
 4481.8  10      2865     -8231.77   -8088.19   143.58      8        99       
 4481.9  10      2900     -8231.77   -8088.19   143.58      9        99       
 4482.03 10      2950     -8231.77   -8088.19   143.58      9        99       
 4489.2  10      3000     -8231.77   -8088.19   143.58      8        104      
 4499.3  11      3151     -8213.27   -8088.22   125.052     9        109      
 4501    11      3152     -8213.27   -8088.22   125.052     8        110      
 4502.54 11      3153     -8213.27   -8088.22   125.052     8        111      
 4502.69 11      3200     -8213.27   -8088.22   125.052     9        111      
 4502.84 11      3250     -8213.27   -8088.22   125.052     9        111      
 4513.54 12      3437     -8192.71   -8088.24   104.467     10       117      
 4513.58 12      3438     -8192.71   -8088.24   104.467     9        117      
 4513.62 12      3439     -8192.71   -8088.24   104.467     10       117      
 4513.68 12      3450     -8192.71   -8088.24   104.467     10       117      
 4513.82 12      3500     -8192.71   -8088.24   104.467     10       117      
 4513.96 12      3550     -8192.71   -8088.24   104.467     10       117      
 4527.6  13      3731     -8183.46   -8088.27   95.1975     12       123      
 4527.65 13      3732     -8183.46   -8088.27   95.1975     11       123      
 4527.69 13      3733     -8183.46   -8088.27   95.1975     11       123      
 4527.77 13      3750     -8183.46   -8088.27   95.1975     13       123      
 4527.93 13      3800     -8183.46   -8088.27   95.1975     13       123      
 4528.08 13      3850     -8183.46   -8088.27   95.1975     13       123      
 4547.99 14      4023     -8171.31   -8088.29   83.0161     10       132      
 4548.03 14      4024     -8171.31   -8088.29   83.0161     10       132      
 4549.9  14      4025     -8171.31   -8088.29   83.0161     10       133      
 4550.02 14      4050     -8171.31   -8088.29   83.0161     10       133      
 4550.17 14      4100     -8171.31   -8088.29   83.0161     10       133      
 4551.54 14      4150     -8171.31   -8088.29   83.0161     10       134      
 4567.39 15      4313     -8163.16   -8088.31   74.8471     9        142      
 4569.54 15      4314     -8163.16   -8088.31   74.8471     9        143      
 4571.34 15      4315     -8163.16   -8088.31   74.8471     9        144      
 4571.49 15      4350     -8163.16   -8088.31   74.8471     10       144      
 4571.65 15      4400     -8163.16   -8088.31   74.8471     10       144      
 4573.58 15      4450     -8163.16   -8088.31   74.8471     11       145      
 4584.1  16      4607     -8156.64   -8088.33   68.3141     11       149      
 4584.14 16      4608     -8156.64   -8088.33   68.3141     11       149      
 4585.57 16      4609     -8156.64   -8088.33   68.3141     11       150      
 4585.73 16      4650     -8156.64   -8088.33   68.3141     11       150      
 4585.89 16      4700     -8156.64   -8088.33   68.3141     11       150      
 4609.49 16      4750     -8156.64   -8088.33   68.3141     11       162      
 4616.09 17      4899     -8148.56   -8088.36   60.2082     10       164      
 4616.13 17      4900     -8148.56   -8088.36   60.2082     9        164      
 4616.19 17      4901     -8148.56   -8088.36   60.2082     9        164      
 4616.35 17      4950     -8148.56   -8088.36   60.2082     9        164      
 4616.53 17      5000     -8148.56   -8088.36   60.2082     9        164      
 4632.75 18      5189     -8142.13   -8088.37   53.7654     10       171      
 4632.8  18      5190     -8142.13   -8088.37   53.7654     10       171      
 4632.85 18      5191     -8142.13   -8088.37   53.7654     10       171      
 4632.93 18      5200     -8142.13   -8088.37   53.7654     10       171      
 4633.1  18      5250     -8142.13   -8088.37   53.7654     10       171      
 4633.28 18      5300     -8142.13   -8088.37   53.7654     10       171      
 4650.43 19      5483     -8136.16   -8088.39   47.7735     11       177      
 4650.48 19      5484     -8136.16   -8088.39   47.7735     11       177      
 4650.53 19      5485     -8136.16   -8088.39   47.7735     11       177      
 4650.63 19      5500     -8136.16   -8088.39   47.7735     11       177      
 4650.79 19      5550     -8136.16   -8088.39   47.7735     11       177      
 4650.98 19      5600     -8136.16   -8088.39   47.7735     12       177      
 4663.47 20      5775     -8131.45   -8088.39   43.0541     13       182      
 4663.52 20      5776     -8131.45   -8088.39   43.0541     13       182      
 4663.58 20      5777     -8131.45   -8088.39   43.0541     13       182      
 4663.69 20      5800     -8131.45   -8088.39   43.0541     12       182      
 4663.87 20      5850     -8131.45   -8088.39   43.0541     12       182      
 4666.06 20      5900     -8131.45   -8088.39   43.0541     13       183      
 4681.02 21      6067     -8128.02   -8088.4    39.6215     12       188      
 4681.08 21      6068     -8128.02   -8088.4    39.6215     11       188      
 4681.14 21      6069     -8128.02   -8088.4    39.6215     11       188      
 4681.28 21      6100     -8128.02   -8088.4    39.6215     12       188      
 4681.45 21      6150     -8128.02   -8088.4    39.6215     12       188      
 4683.6  21      6200     -8128.02   -8088.4    39.6215     12       189      
 4701.1  22      6361     -8124.29   -8088.41   35.8732     12       195      
 4701.16 22      6362     -8124.29   -8088.41   35.8732     12       195      
 4703.42 22      6363     -8124.29   -8088.41   35.8732     12       196      
 4703.65 22      6400     -8124.29   -8088.41   35.8732     12       196      
 4703.84 22      6450     -8124.29   -8088.41   35.8732     12       196      
 4711.58 22      6500     -8124.29   -8088.41   35.8732     12       199      
 4720.97 23      6649     -8119.84   -8088.43   31.4071     12       202      
 4721.04 23      6650     -8119.84   -8088.43   31.4071     12       202      
 4721.11 23      6651     -8119.84   -8088.43   31.4071     12       202      
 4721.32 23      6700     -8119.84   -8088.43   31.4071     12       202      
 4721.52 23      6750     -8119.84   -8088.43   31.4071     12       202      
 4739.77 24      6941     -8117.52   -8088.44   29.0882     14       209      
 4739.83 24      6942     -8117.52   -8088.44   29.0882     14       209      
 4739.9  24      6943     -8117.52   -8088.44   29.0882     14       209      
 4739.99 24      6950     -8117.52   -8088.44   29.0882     14       209      
 4740.18 24      7000     -8117.52   -8088.44   29.0882     14       209      
 4740.38 24      7050     -8117.52   -8088.44   29.0882     14       209      
 4765.48 25      7233     -8115.26   -8088.45   26.8039     14       216      
 4768.39 25      7234     -8115.26   -8088.45   26.8039     14       217      
 4770.95 25      7235     -8115.26   -8088.45   26.8039     14       218      
 4771.08 25      7250     -8115.26   -8088.45   26.8039     14       218      
 4771.28 25      7300     -8115.26   -8088.45   26.8039     14       218      
 4771.5  25      7350     -8115.26   -8088.45   26.8039     14       218      
 4783.85 26      7525     -8113.11   -8088.46   24.6496     14       222      
 4783.92 26      7526     -8113.11   -8088.46   24.6496     14       222      
 4783.99 26      7527     -8113.11   -8088.46   24.6496     14       222      
 4784.13 26      7550     -8113.11   -8088.46   24.6496     14       222      
 4784.33 26      7600     -8113.11   -8088.46   24.6496     14       222      
 4789.99 26      7650     -8113.11   -8088.46   24.6496     15       224      
 4804.45 27      7817     -8111.14   -8088.47   22.6734     14       228      
 4804.52 27      7818     -8111.14   -8088.47   22.6734     14       228      
 4804.6  27      7819     -8111.14   -8088.47   22.6734     14       228      
 4804.76 27      7850     -8111.14   -8088.47   22.6734     14       228      
 4804.99 27      7900     -8111.14   -8088.47   22.6734     14       228      
 4808.27 27      7950     -8111.14   -8088.47   22.6734     17       229      
 4819.9  28      8105     -8108.84   -8088.47   20.37       16       232      
 4819.97 28      8106     -8108.84   -8088.47   20.37       16       232      
 4820.05 28      8107     -8108.84   -8088.47   20.37       16       232      
 4820.25 28      8150     -8108.84   -8088.47   20.37       16       232      
 4820.47 28      8200     -8108.84   -8088.47   20.37       16       232      
 4839.3  29      8250     -8108.84   -8088.47   20.37       16       238      
 4840.31 29      8395     -8107.17   -8088.48   18.6863     14       238      
 4843.37 29      8396     -8107.17   -8088.48   18.6863     14       239      
 4846.13 29      8400     -8107.17   -8088.48   18.6863     14       240      
 4846.35 29      8450     -8107.17   -8088.48   18.6863     14       240      
 4846.59 29      8500     -8107.17   -8088.48   18.6863     15       240      
 4860.09 30      8685     -8105.63   -8088.49   17.1335     16       243      
 4863.16 30      8686     -8105.63   -8088.49   17.1335     16       244      
 4865.81 30      8687     -8105.63   -8088.49   17.1335     16       245      
 4865.95 30      8700     -8105.63   -8088.49   17.1335     16       245      
 4866.15 30      8750     -8105.63   -8088.49   17.1335     16       245      
 4866.38 30      8800     -8105.63   -8088.49   17.1335     16       245      
 4887.93 31      8973     -8104.36   -8088.5    15.8594     14       251      
 4888    31      8974     -8104.36   -8088.5    15.8594     14       251      
 4891.04 31      8975     -8104.36   -8088.5    15.8594     14       252      
 4891.22 31      9000     -8104.36   -8088.5    15.8594     14       252      
 4891.45 31      9050     -8104.36   -8088.5    15.8594     15       252      
 4891.72 31      9100     -8104.36   -8088.5    15.8594     16       252      
 4908.07 32      9259     -8103.1    -8088.51   14.5912     17       256      
 4911.62 32      9260     -8103.1    -8088.51   14.5912     17       257      
 4911.73 32      9261     -8103.1    -8088.51   14.5912     17       257      
 4911.94 32      9300     -8103.1    -8088.51   14.5912     17       257      
 4912.17 32      9350     -8103.1    -8088.51   14.5912     17       257      
 4931.76 32      9400     -8103.1    -8088.51   14.5912     18       263      
 4946.14 33      9549     -8102.44   -8088.52   13.921      16       266      
 4949.46 33      9550     -8102.44   -8088.52   13.921      16       267      
 4953.03 33      9551     -8102.44   -8088.52   13.921      16       268      
 4953.3  33      9600     -8102.44   -8088.52   13.921      17       268      
 4953.55 33      9650     -8102.44   -8088.52   13.921      18       268      
 4983.25 34      9835     -8101.4    -8088.53   12.8718     18       276      
 4983.33 34      9836     -8101.4    -8088.53   12.8718     18       276      
 4983.43 34      9837     -8101.4    -8088.53   12.8718     18       276      
 4983.56 34      9850     -8101.4    -8088.53   12.8718     18       276      
 4983.81 34      9900     -8101.4    -8088.53   12.8718     18       276      
 4984.05 34      9950     -8101.4    -8088.53   12.8718     18       276      
 5003.25 35      10125    -8100.92   -8088.53   12.3912     18       280      
 5003.34 35      10126    -8100.92   -8088.53   12.3912     18       280      
 5003.42 35      10127    -8100.92   -8088.53   12.3912     18       280      
 5003.59 35      10150    -8100.92   -8088.53   12.3912     17       280      
 5003.87 35      10200    -8100.92   -8088.53   12.3912     18       280      
 5004.14 35      10250    -8100.92   -8088.53   12.3912     18       280      
 5035.91 36      10409    -8100      -8088.54   11.4589     19       288      
 5039.82 36      10410    -8100      -8088.54   11.4589     19       289      
 5042.73 36      10411    -8100      -8088.54   11.4589     18       290      
 5042.98 36      10450    -8100      -8088.54   11.4589     18       290      
 5043.23 36      10500    -8100      -8088.54   11.4589     18       290      
 5050.02 36      10550    -8100      -8088.54   11.4589     18       292      
 5056.62 37      10697    -8099.57   -8088.54   11.0331     18       293      
 5060.82 37      10698    -8099.57   -8088.54   11.0331     18       294      
 5063.75 37      10700    -8099.57   -8088.54   11.0331     18       295      
 5064.02 37      10750    -8099.57   -8088.54   11.0331     18       295      
 5064.3  37      10800    -8099.57   -8088.54   11.0331     18       295      
 5083.7  38      10979    -8098.72   -8088.56   10.1659     17       300      
 5083.8  38      10980    -8098.72   -8088.56   10.1659     17       300      
 5083.89 38      10981    -8098.72   -8088.56   10.1659     18       300      
 5084.05 38      11000    -8098.72   -8088.56   10.1659     18       300      
 5084.3  38      11050    -8098.72   -8088.56   10.1659     18       300      
 5084.55 38      11100    -8098.72   -8088.56   10.1659     18       300      
 5115.43 39      11267    -8098.4    -8088.56   9.84171     19       307      
 5119.53 39      11268    -8098.4    -8088.56   9.84171     19       308      
 5121.99 39      11269    -8098.4    -8088.56   9.84171     19       309      
 5122.23 39      11300    -8098.4    -8088.56   9.84171     19       309      
 5122.51 39      11350    -8098.4    -8088.56   9.84171     19       309      
 5134.18 39      11400    -8098.4    -8088.56   9.84171     20       312      
 5162.61 40      11551    -8097.91   -8088.6    9.31097     20       318      
 5166.74 40      11552    -8097.91   -8088.6    9.31097     20       319      
 5169.82 40      11553    -8097.91   -8088.6    9.31097     20       320      
 5170.12 40      11600    -8097.91   -8088.6    9.31097     20       320      
 5170.38 40      11650    -8097.91   -8088.6    9.31097     20       320      
 5201.17 41      11837    -8097.5    -8088.64   8.86746     19       326      
 5205.38 41      11838    -8097.5    -8088.64   8.86746     19       327      
 5205.51 41      11839    -8097.5    -8088.64   8.86746     19       327      
 5205.66 41      11850    -8097.5    -8088.64   8.86746     19       327      
 5205.92 41      11900    -8097.5    -8088.64   8.86746     19       327      
 5206.21 41      11950    -8097.5    -8088.64   8.86746     19       327      
 5237.4  42      12121    -8096.97   -8088.67   8.30267     22       334      
 5237.51 42      12122    -8096.97   -8088.67   8.30267     22       334      
 5237.61 42      12123    -8096.97   -8088.67   8.30267     21       334      
 5237.81 42      12150    -8096.97   -8088.67   8.30267     21       334      
 5238.07 42      12200    -8096.97   -8088.67   8.30267     21       334      
 5238.35 42      12250    -8096.97   -8088.67   8.30267     21       334      
 5264.82 43      12407    -8096.69   -8088.67   8.01726     21       340      
 5268.97 43      12408    -8096.69   -8088.67   8.01726     21       341      
 5273.48 43      12409    -8096.69   -8088.67   8.01726     22       342      
 5276.45 43      12450    -8096.69   -8088.67   8.01726     23       343      
 5276.74 43      12500    -8096.69   -8088.67   8.01726     23       343      
 5304.04 44      12691    -8096.28   -8088.67   7.61054     22       349      
 5304.16 44      12692    -8096.28   -8088.67   7.61054     22       349      
 5304.28 44      12693    -8096.28   -8088.67   7.61054     22       349      
 5304.43 44      12700    -8096.28   -8088.67   7.61054     22       349      
 5304.75 44      12750    -8096.28   -8088.67   7.61054     22       349      
 5305.07 44      12800    -8096.28   -8088.67   7.61054     21       349      
 5327.97 45      12975    -8096.07   -8088.68   7.39307     23       354      
 5332.38 45      12976    -8096.07   -8088.68   7.39307     23       355      
 5332.53 45      12977    -8096.07   -8088.68   7.39307     23       355      
 5332.73 45      13000    -8096.07   -8088.68   7.39307     23       355      
 5333.01 45      13050    -8096.07   -8088.68   7.39307     23       355      
 5337.11 45      13100    -8096.07   -8088.68   7.39307     23       356      
 5360.86 46      13261    -8095.87   -8088.72   7.15312     22       361      
 5360.97 46      13262    -8095.87   -8088.72   7.15312     22       361      
 5361.1  46      13263    -8095.87   -8088.72   7.15312     22       361      
 5361.35 46      13300    -8095.87   -8088.72   7.15312     22       361      
 5361.64 46      13350    -8095.87   -8088.72   7.15312     22       361      
 5379.91 46      13400    -8095.87   -8088.72   7.15312     23       365      
 5392.42 47      13547    -8095.72   -8088.72   6.99587     24       367      
 5392.54 47      13548    -8095.72   -8088.72   6.99587     24       367      
 5392.68 47      13550    -8095.72   -8088.72   6.99587     24       367      
 5393    47      13600    -8095.72   -8088.72   6.99587     26       367      
 5393.32 47      13650    -8095.72   -8088.72   6.99587     25       367      
 5425.95 48      13833    -8095.49   -8088.72   6.76705     24       373      
 5426.06 48      13834    -8095.49   -8088.72   6.76705     24       373      
 5426.18 48      13835    -8095.49   -8088.72   6.76705     24       373      
 5426.35 48      13850    -8095.49   -8088.72   6.76705     24       373      
 5426.68 48      13900    -8095.49   -8088.72   6.76705     24       373      
 5427.02 48      13950    -8095.49   -8088.72   6.76705     25       373      
 5457.85 49      14117    -8095.24   -8088.73   6.51409     22       379      
 5457.96 49      14118    -8095.24   -8088.73   6.51409     22       379      
 5458.08 49      14119    -8095.24   -8088.73   6.51409     23       379      
 5458.31 49      14150    -8095.24   -8088.73   6.51409     23       379      
 5458.62 49      14200    -8095.24   -8088.73   6.51409     24       379      
 5481.75 49      14250    -8095.24   -8088.73   6.51409     23       384      
 5492.28 50      14399    -8095.01   -8088.73   6.27611     23       386      
 5496.97 50      14400    -8095.01   -8088.73   6.27611     23       387      
 5497.13 50      14401    -8095.01   -8088.73   6.27611     23       387      
 5497.42 50      14450    -8095.01   -8088.73   6.27611     23       387      
 5497.71 50      14500    -8095.01   -8088.73   6.27611     23       387      
 5524.76 51      14681    -8094.85   -8088.78   6.07943     22       392      
 5529.65 51      14682    -8094.85   -8088.78   6.07943     22       393      
 5534.02 51      14683    -8094.85   -8088.78   6.07943     22       394      
 5534.25 51      14700    -8094.85   -8088.78   6.07943     22       394      
 5534.56 51      14750    -8094.85   -8088.78   6.07943     22       394      
 5538.5  51      14800    -8094.85   -8088.78   6.07943     22       395      
 5584.95 52      14963    -8094.61   -8088.79   5.82432     23       404      
 5590.16 52      14964    -8094.61   -8088.79   5.82432     23       405      
 5590.34 52      14965    -8094.61   -8088.79   5.82432     23       405      
 5590.6  52      15000    -8094.61   -8088.79   5.82432     23       405      
 5590.91 52      15050    -8094.61   -8088.79   5.82432     23       405      
 5624.26 52      15100    -8094.61   -8088.79   5.82432     25       411      
 5632.58 53      15247    -8094.45   -8088.81   5.64332     26       412      
 5632.72 53      15248    -8094.45   -8088.81   5.64332     26       412      
 5632.86 53      15250    -8094.45   -8088.81   5.64332     26       412      
 5633.19 53      15300    -8094.45   -8088.81   5.64332     26       412      
 5633.55 53      15350    -8094.45   -8088.81   5.64332     26       412      
 5677.49 54      15529    -8094.24   -8088.81   5.43078     27       420      
 5682.35 54      15530    -8094.24   -8088.81   5.43078     27       421      
 5682.52 54      15531    -8094.24   -8088.81   5.43078     27       421      
 5682.73 54      15550    -8094.24   -8088.81   5.43078     27       421      
 5683.04 54      15600    -8094.24   -8088.81   5.43078     27       421      
 5683.36 54      15650    -8094.24   -8088.81   5.43078     27       421      
 5722.58 55      15813    -8094.13   -8088.85   5.27835     27       428      
 5722.72 55      15814    -8094.13   -8088.85   5.27835     25       428      
 5722.87 55      15815    -8094.13   -8088.85   5.27835     26       428      
 5723.15 55      15850    -8094.13   -8088.85   5.27835     26       428      
 5723.49 55      15900    -8094.13   -8088.85   5.27835     26       428      
 5744.12 55      15950    -8094.13   -8088.85   5.27835     25       432      
 5760.15 56      16097    -8093.95   -8088.86   5.09691     27       434      
 5760.28 56      16098    -8093.95   -8088.86   5.09691     26       434      
 5760.42 56      16100    -8093.95   -8088.86   5.09691     26       434      
 5760.75 56      16150    -8093.95   -8088.86   5.09691     26       434      
 5761.09 56      16200    -8093.95   -8088.86   5.09691     28       434      
 5822.89 57      16381    -8093.8    -8088.87   4.92921     26       444      
 5823.02 57      16382    -8093.8    -8088.87   4.92921     25       444      
 5828.31 57      16383    -8093.8    -8088.87   4.92921     26       445      
 5831.95 57      16400    -8093.8    -8088.87   4.92921     26       446      
 5832.27 57      16450    -8093.8    -8088.87   4.92921     26       446      
 5836.47 57      16500    -8093.8    -8088.87   4.92921     26       447      
 5894.14 58      16665    -8093.67   -8088.87   4.79903     28       457      
 5899.74 58      16666    -8093.67   -8088.87   4.79903     28       458      
 5899.93 58      16667    -8093.67   -8088.87   4.79903     28       458      
 5900.21 58      16700    -8093.67   -8088.87   4.79903     28       458      
 5900.56 58      16750    -8093.67   -8088.87   4.79903     28       458      
 5911.71 58      16800    -8093.67   -8088.87   4.79903     29       460      
 5933.24 59      16949    -8093.59   -8088.91   4.68475     29       463      
 5938.63 59      16950    -8093.59   -8088.91   4.68475     28       464      
 5944.43 59      16951    -8093.59   -8088.91   4.68475     28       465      
 5949.26 59      17000    -8093.59   -8088.91   4.68475     28       466      
 5949.63 59      17050    -8093.59   -8088.91   4.68475     28       466      
 5998.9  60      17233    -8093.44   -8088.91   4.52834     26       474      
 5999.06 60      17234    -8093.44   -8088.91   4.52834     26       474      
 5999.22 60      17235    -8093.44   -8088.91   4.52834     26       474      
 5999.44 60      17250    -8093.44   -8088.91   4.52834     26       474      
 5999.8  60      17300    -8093.44   -8088.91   4.52834     26       474      
 6000.19 60      17350    -8093.44   -8088.91   4.52834     27       474      
 6048.33 61      17517    -8093.34   -8088.92   4.42283     26       482      
 6048.49 61      17518    -8093.34   -8088.92   4.42283     26       482      
 6048.65 61      17519    -8093.34   -8088.92   4.42283     26       482      
 6048.95 61      17550    -8093.34   -8088.92   4.42283     26       482      
 6049.32 61      17600    -8093.34   -8088.92   4.42283     26       482      
 6060.66 61      17650    -8093.34   -8088.92   4.42283     26       484      
 6100.15 62      17801    -8093.26   -8088.92   4.33893     26       490      
 6100.31 62      17802    -8093.26   -8088.92   4.33893     26       490      
 6104.59 62      17803    -8093.26   -8088.92   4.33893     26       491      
 6105.03 62      17850    -8093.26   -8088.92   4.33893     28       491      
 6105.41 62      17900    -8093.26   -8088.92   4.33893     28       491      
 6166.02 63      18085    -8093.16   -8088.93   4.23062     25       500      
 6166.19 63      18086    -8093.16   -8088.93   4.23062     25       500      
 6166.36 63      18087    -8093.16   -8088.93   4.23062     25       500      
 6166.58 63      18100    -8093.16   -8088.93   4.23062     25       500      
 6166.95 63      18150    -8093.16   -8088.93   4.23062     25       500      
 6167.32 63      18200    -8093.16   -8088.93   4.23062     25       500      
 6226.69 64      18369    -8093.05   -8088.94   4.11296     26       509      
 6226.86 64      18370    -8093.05   -8088.94   4.11296     26       509      
 6227.03 64      18371    -8093.05   -8088.94   4.11296     27       509      
 6227.34 64      18400    -8093.05   -8088.94   4.11296     27       509      
 6227.73 64      18450    -8093.05   -8088.94   4.11296     27       509      
 6228.16 64      18500    -8093.05   -8088.94   4.11296     27       509      
 6278.6  65      18653    -8092.96   -8088.94   4.02795     27       516      
 6278.77 65      18654    -8092.96   -8088.94   4.02795     27       516      
 6278.95 65      18655    -8092.96   -8088.94   4.02795     27       516      
 6279.32 65      18700    -8092.96   -8088.94   4.02795     27       516      
 6279.72 65      18750    -8092.96   -8088.94   4.02795     27       516      
 6349.75 66      18935    -8092.88   -8088.94   3.93766     26       527      
 6349.92 66      18936    -8092.88   -8088.94   3.93766     26       527      
 6350.1  66      18937    -8092.88   -8088.94   3.93766     27       527      
 6350.33 66      18950    -8092.88   -8088.94   3.93766     27       527      
 6350.71 66      19000    -8092.88   -8088.94   3.93766     27       527      
 6351.1  66      19050    -8092.88   -8088.94   3.93766     27       527      
 6389.29 67      19217    -8092.79   -8088.94   3.85067     26       533      
 6389.46 67      19218    -8092.79   -8088.94   3.85067     26       533      
 6389.64 67      19219    -8092.79   -8088.94   3.85067     26       533      
 6389.95 67      19250    -8092.79   -8088.94   3.85067     26       533      
 6390.33 67      19300    -8092.79   -8088.94   3.85067     26       533      
 6408.61 67      19350    -8092.79   -8088.94   3.85067     26       536      
 6431.84 68      19499    -8092.71   -8088.94   3.76473     26       539      
 6438.11 68      19500    -8092.71   -8088.94   3.76473     26       540      
 6445.16 68      19501    -8092.71   -8088.94   3.76473     26       541      
 6445.63 68      19550    -8092.71   -8088.94   3.76473     26       541      
 6446.03 68      19600    -8092.71   -8088.94   3.76473     26       541      
 6502.76 69      19781    -8092.64   -8088.94   3.69388     27       549      
 6502.95 69      19782    -8092.64   -8088.94   3.69388     27       549      
 6503.14 69      19783    -8092.64   -8088.94   3.69388     27       549      
 6503.42 69      19800    -8092.64   -8088.94   3.69388     27       549      
 6503.87 69      19850    -8092.64   -8088.94   3.69388     27       549      
 6504.33 69      19900    -8092.64   -8088.94   3.69388     26       549      
 6545.45 70      20063    -8092.58   -8088.94   3.63089     26       555      
 6545.63 70      20064    -8092.58   -8088.94   3.63089     26       555      
 6545.81 70      20065    -8092.58   -8088.94   3.63089     26       555      
 6546.15 70      20100    -8092.58   -8088.94   3.63089     26       555      
 6546.56 70      20150    -8092.58   -8088.94   3.63089     26       555      
 6609.81 70      20200    -8092.58   -8088.94   3.63089     26       565      
 6631.57 71      20343    -8092.5    -8088.95   3.55199     26       567      
 6639.24 71      20344    -8092.5    -8088.95   3.55199     26       568      
 6646.54 71      20350    -8092.5    -8088.95   3.55199     26       569      
 6646.97 71      20400    -8092.5    -8088.95   3.55199     26       569      
 6647.4  71      20450    -8092.5    -8088.95   3.55199     26       569      
 6697.68 72      20623    -8092.46   -8088.95   3.50648     26       576      
 6697.88 72      20624    -8092.46   -8088.95   3.50648     26       576      
 6698.09 72      20625    -8092.46   -8088.95   3.50648     26       576      
 6698.43 72      20650    -8092.46   -8088.95   3.50648     26       576      
 6698.88 72      20700    -8092.46   -8088.95   3.50648     26       576      
 6710.91 72      20750    -8092.46   -8088.95   3.50648     26       578      
 6766    73      20903    -8092.41   -8088.95   3.45807     26       585      
 6766.2  73      20904    -8092.41   -8088.95   3.45807     26       585      
 6766.4  73      20905    -8092.41   -8088.95   3.45807     26       585      
 6766.79 73      20950    -8092.41   -8088.95   3.45807     26       585      
 6767.22 73      21000    -8092.41   -8088.95   3.45807     26       585      
 6820.51 74      21185    -8092.38   -8088.95   3.42729     27       592      
 6820.71 74      21186    -8092.38   -8088.95   3.42729     27       592      
 6825.89 74      21187    -8092.38   -8088.95   3.42729     27       593      
 6826.26 74      21200    -8092.38   -8088.95   3.42729     27       593      
 6826.8  74      21250    -8092.38   -8088.95   3.42729     27       593      
 6827.37 74      21300    -8092.38   -8088.95   3.42729     27       593      
 6892.76 75      21465    -8092.32   -8088.95   3.36379     30       601      
 6892.97 75      21466    -8092.32   -8088.95   3.36379     29       601      
 6900.63 75      21467    -8092.32   -8088.95   3.36379     30       602      
 6901.08 75      21500    -8092.32   -8088.95   3.36379     30       602      
 6901.54 75      21550    -8092.32   -8088.95   3.36379     30       602      
 6928.08 75      21600    -8092.32   -8088.95   3.36379     30       605      
 6961.97 76      21745    -8092.28   -8088.96   3.32078     29       609      
 6968.95 76      21746    -8092.28   -8088.96   3.32078     29       610      
 6984.28 76      21750    -8092.28   -8088.96   3.32078     31       612      
 6984.76 76      21800    -8092.28   -8088.96   3.32078     31       612      
 6985.29 76      21850    -8092.28   -8088.96   3.32078     30       612      
 7076.11 77      22025    -8092.21   -8088.96   3.24833     28       623      
 7076.31 77      22026    -8092.21   -8088.96   3.24833     28       623      
 7076.51 77      22027    -8092.21   -8088.96   3.24833     29       623      
 7076.83 77      22050    -8092.21   -8088.96   3.24833     29       623      
 7077.28 77      22100    -8092.21   -8088.96   3.24833     29       623      
 7077.73 77      22150    -8092.21   -8088.96   3.24833     29       623      
 7116.19 78      22305    -8092.18   -8088.96   3.21181     29       628      
 7116.39 78      22306    -8092.18   -8088.96   3.21181     29       628      
 7124.07 78      22307    -8092.18   -8088.96   3.21181     29       629      
 7129.67 78      22350    -8092.18   -8088.96   3.21181     29       630      
 7130.12 78      22400    -8092.18   -8088.96   3.21181     29       630      
 7190.59 79      22585    -8092.14   -8088.97   3.16735     29       637      
 7190.81 79      22586    -8092.14   -8088.97   3.16735     29       637      
 7191.03 79      22587    -8092.14   -8088.97   3.16735     29       637      
 7191.31 79      22600    -8092.14   -8088.97   3.16735     29       637      
 7191.8  79      22650    -8092.14   -8088.97   3.16735     29       637      
 7192.29 79      22700    -8092.14   -8088.97   3.16735     29       637      
 7258.1  80      22865    -8092.1    -8088.98   3.11941     29       645      
 7258.31 80      22866    -8092.1    -8088.98   3.11941     29       645      
 7258.53 80      22867    -8092.1    -8088.98   3.11941     29       645      
 7258.92 80      22900    -8092.1    -8088.98   3.11941     29       645      
 7259.4  80      22950    -8092.1    -8088.98   3.11941     29       645      
 7277.08 80      23000    -8092.1    -8088.98   3.11941     29       647      
 7304.51 81      23145    -8092.06   -8088.99   3.07132     29       650      
 7304.73 81      23146    -8092.06   -8088.99   3.07132     29       650      
 7313.02 81      23150    -8092.06   -8088.99   3.07132     30       651      
 7313.55 81      23200    -8092.06   -8088.99   3.07132     30       651      
 7314.09 81      23250    -8092.06   -8088.99   3.07132     30       651      
 7347.25 82      23425    -8092.03   -8088.99   3.03751     29       655      
 7347.46 82      23426    -8092.03   -8088.99   3.03751     29       655      
 7347.68 82      23427    -8092.03   -8088.99   3.03751     29       655      
 7348.01 82      23450    -8092.03   -8088.99   3.03751     29       655      
 7348.47 82      23500    -8092.03   -8088.99   3.03751     29       655      
 7348.95 82      23550    -8092.03   -8088.99   3.03751     29       655      
 7423.99 83      23705    -8091.98   -8088.99   2.99028     30       665      
 7424.22 83      23706    -8091.98   -8088.99   2.99028     30       665      
 7424.45 83      23707    -8091.98   -8088.99   2.99028     30       665      
 7424.91 83      23750    -8091.98   -8088.99   2.99028     30       665      
 7425.37 83      23800    -8091.98   -8088.99   2.99028     30       665      
 7489.18 84      23985    -8091.97   -8088.99   2.97594     30       672      
 7489.41 84      23986    -8091.97   -8088.99   2.97594     30       672      
 7489.66 84      23987    -8091.97   -8088.99   2.97594     30       672      
 7489.99 84      24000    -8091.97   -8088.99   2.97594     30       672      
 7490.58 84      24050    -8091.97   -8088.99   2.97594     30       672      
 7491.18 84      24100    -8091.97   -8088.99   2.97594     30       672      
 7538.63 85      24263    -8091.92   -8089      2.92209     30       677      
 7538.86 85      24264    -8091.92   -8089      2.92209     30       677      
 7539.1  85      24265    -8091.92   -8089      2.92209     30       677      
 7539.55 85      24300    -8091.92   -8089      2.92209     30       677      
 7540.13 85      24350    -8091.92   -8089      2.92209     30       677      
 7661.51 85      24400    -8091.92   -8089      2.92209     31       691      
 7681.54 86      24541    -8091.88   -8089      2.88358     30       693      
 7690.31 86      24542    -8091.88   -8089      2.88358     30       694      
 7699.34 86      24550    -8091.88   -8089      2.88358     30       695      
 7699.9  86      24600    -8091.88   -8089      2.88358     30       695      
 7700.45 86      24650    -8091.88   -8089      2.88358     30       695      
 7776.29 87      24819    -8091.83   -8089      2.82774     30       704      
 7784.93 87      24820    -8091.83   -8089      2.82774     30       705      
 7794.21 87      24821    -8091.83   -8089      2.82774     30       706      
 7794.75 87      24850    -8091.83   -8089      2.82774     30       706      
 7795.34 87      24900    -8091.83   -8089      2.82774     30       706      
 7819.52 87      24950    -8091.83   -8089      2.82774     29       709      
 7892.92 88      25097    -8091.78   -8089.01   2.77392     30       716      
 7893.18 88      25098    -8091.78   -8089.01   2.77392     31       716      
 7893.45 88      25100    -8091.78   -8089.01   2.77392     31       716      
 7894.07 88      25150    -8091.78   -8089.01   2.77392     31       716      
 7894.67 88      25200    -8091.78   -8089.01   2.77392     31       716      
 7985.81 89      25375    -8091.76   -8089.01   2.74612     31       727      
 7994.27 89      25376    -8091.76   -8089.01   2.74612     31       728      
 8003.32 89      25377    -8091.76   -8089.01   2.74612     30       729      
 8003.81 89      25400    -8091.76   -8089.01   2.74612     30       729      
 8004.35 89      25450    -8091.76   -8089.01   2.74612     30       729      
 8004.88 89      25500    -8091.76   -8089.01   2.74612     30       729      
 8076.78 90      25651    -8091.71   -8089.02   2.69163     32       737      
 8077.04 90      25652    -8091.71   -8089.02   2.69163     33       737      
 8077.3  90      25653    -8091.71   -8089.02   2.69163     33       737      
 8077.9  90      25700    -8091.71   -8089.02   2.69163     33       737      
 8078.5  90      25750    -8091.71   -8089.02   2.69163     33       737      
 8176.87 91      25929    -8091.68   -8089.03   2.65221     33       748      
 8186.28 91      25930    -8091.68   -8089.03   2.65221     33       749      
 8193.49 91      25931    -8091.68   -8089.03   2.65221     33       750      
 8193.93 91      25950    -8091.68   -8089.03   2.65221     32       750      
 8194.46 91      26000    -8091.68   -8089.03   2.65221     32       750      
 8195.03 91      26050    -8091.68   -8089.03   2.65221     32       750      
 8250.68 92      26207    -8091.66   -8089.03   2.63105     32       756      
 8260.18 92      26208    -8091.66   -8089.03   2.63105     32       757      
 8267.04 92      26209    -8091.66   -8089.03   2.63105     32       758      
 8267.64 92      26250    -8091.66   -8089.03   2.63105     32       758      
 8268.23 92      26300    -8091.66   -8089.03   2.63105     32       758      
 8324.07 93      26485    -8091.63   -8089.03   2.59704     31       764      
 8332.78 93      26486    -8091.63   -8089.03   2.59704     31       765      
 8342.79 93      26487    -8091.63   -8089.03   2.59704     31       766      
 8352.28 93      26500    -8091.63   -8089.03   2.59704     31       767      
 8352.86 93      26550    -8091.63   -8089.03   2.59704     31       767      
 8353.49 93      26600    -8091.63   -8089.03   2.59704     31       767      
 8436.04 94      26763    -8091.61   -8089.03   2.57348     32       776      
 8445.82 94      26764    -8091.61   -8089.03   2.57348     32       777      
 8446.19 94      26765    -8091.61   -8089.03   2.57348     32       777      
 8446.71 94      26800    -8091.61   -8089.03   2.57348     32       777      
 8447.35 94      26850    -8091.61   -8089.03   2.57348     32       777      
 8527    94      26900    -8091.61   -8089.03   2.57348     31       786      
 8542.67 95      27041    -8091.58   -8089.06   2.52628     32       787      
 8542.95 95      27042    -8091.58   -8089.06   2.52628     31       787      
 8543.3  95      27050    -8091.58   -8089.06   2.52628     31       787      
 8543.9  95      27100    -8091.58   -8089.06   2.52628     31       787      
 8544.52 95      27150    -8091.58   -8089.06   2.52628     31       787      
 8634.2  96      27321    -8091.56   -8089.06   2.50237     31       797      
 8634.49 96      27322    -8091.56   -8089.06   2.50237     31       797      
 8634.77 96      27323    -8091.56   -8089.06   2.50237     32       797      
 8635.25 96      27350    -8091.56   -8089.06   2.50237     32       797      
 8635.85 96      27400    -8091.56   -8089.06   2.50237     32       797      
 8636.51 96      27450    -8091.56   -8089.06   2.50237     32       797      
 8722.74 97      27601    -8091.55   -8089.06   2.48736     31       805      
 8723.03 97      27602    -8091.55   -8089.06   2.48736     31       805      
 8733.5  97      27603    -8091.55   -8089.06   2.48736     31       806      
 8734.21 97      27650    -8091.55   -8089.06   2.48736     31       806      
 8734.84 97      27700    -8091.55   -8089.06   2.48736     31       806      
 8835.98 98      27881    -8091.53   -8089.07   2.45813     31       817      
 8846.26 98      27882    -8091.53   -8089.07   2.45813     32       818      
 8855.76 98      27883    -8091.53   -8089.07   2.45813     32       819      
 8856.26 98      27900    -8091.53   -8089.07   2.45813     32       819      
 8856.9  98      27950    -8091.53   -8089.07   2.45813     32       819      
 8857.55 98      28000    -8091.53   -8089.07   2.45813     32       819      
 8899.84 99      28161    -8091.51   -8089.07   2.44136     30       823      
 8900.15 99      28162    -8091.51   -8089.07   2.44136     31       823      
 8910.15 99      28163    -8091.51   -8089.07   2.44136     31       824      
 8917.02 99      28200    -8091.51   -8089.07   2.44136     31       825      
 8917.66 99      28250    -8091.51   -8089.07   2.44136     31       825      
 8998.89 99      28300    -8091.51   -8089.07   2.44136     32       832      
 9017    100     28443    -8091.5    -8089.08   2.42021     32       833      
 9017.31 100     28444    -8091.5    -8089.08   2.42021     32       833      
 9017.67 100     28450    -8091.5    -8089.08   2.42021     33       833      
 9018.32 100     28500    -8091.5    -8089.08   2.42021     33       833      
 9018.99 100     28550    -8091.5    -8089.08   2.42021     32       833      
 9075.88 101     28723    -8091.46   -8089.08   2.38103     32       838      
 9076.19 101     28724    -8091.46   -8089.08   2.38103     33       838      
 9076.51 101     28725    -8091.46   -8089.08   2.38103     33       838      
 9085.18 101     28750    -8091.46   -8089.08   2.38103     33       839      
 9085.83 101     28800    -8091.46   -8089.08   2.38103     33       839      
 9086.48 101     28850    -8091.46   -8089.08   2.38103     33       839      
 9165.37 102     29003    -8091.45   -8089.09   2.36043     33       846      
 9165.66 102     29004    -8091.45   -8089.09   2.36043     33       846      
 9165.96 102     29005    -8091.45   -8089.09   2.36043     33       846      
 9166.55 102     29050    -8091.45   -8089.09   2.36043     33       846      
 9167.18 102     29100    -8091.45   -8089.09   2.36043     33       846      
 9224.89 103     29283    -8091.44   -8089.09   2.35046     32       852      
 9225.19 103     29284    -8091.44   -8089.09   2.35046     32       852      
 9233.46 103     29285    -8091.44   -8089.09   2.35046     32       853      
 9233.99 103     29300    -8091.44   -8089.09   2.35046     32       853      
 9234.7  103     29350    -8091.44   -8089.09   2.35046     32       853      
 9235.47 103     29400    -8091.44   -8089.09   2.35046     32       853      
 9259.4  104     29563    -8091.42   -8089.09   2.33752     32       855      
 9259.72 104     29564    -8091.42   -8089.09   2.33752     32       855      
 9268.78 104     29565    -8091.42   -8089.09   2.33752     32       856      
 9269.4  104     29600    -8091.42   -8089.09   2.33752     32       856      
 9270.02 104     29650    -8091.42   -8089.09   2.33752     32       856      
 9324.01 104     29700    -8091.42   -8089.09   2.33752     32       861      
 9346.42 105     29843    -8091.4    -8089.09   2.30971     33       863      
 9346.72 105     29844    -8091.4    -8089.09   2.30971     33       863      
 9347.07 105     29850    -8091.4    -8089.09   2.30971     33       863      
 9347.68 105     29900    -8091.4    -8089.09   2.30971     33       863      
 9348.32 105     29950    -8091.4    -8089.09   2.30971     33       863      
 9446.36 106     30123    -8091.39   -8089.09   2.29621     33       872      
 9457.91 106     30124    -8091.39   -8089.09   2.29621     32       873      
 9469.17 106     30125    -8091.39   -8089.09   2.29621     32       874      
 9469.81 106     30150    -8091.39   -8089.09   2.29621     32       874      
 9470.5  106     30200    -8091.39   -8089.09   2.29621     32       874      
 9471.27 106     30250    -8091.39   -8089.09   2.29621     32       874      
 9542.55 107     30403    -8091.36   -8089.09   2.26385     32       880      
 9542.86 107     30404    -8091.36   -8089.09   2.26385     32       880      
 9543.19 107     30405    -8091.36   -8089.09   2.26385     32       880      
 9543.85 107     30450    -8091.36   -8089.09   2.26385     32       880      
 9544.55 107     30500    -8091.36   -8089.09   2.26385     32       880      
 9636.45 108     30683    -8091.34   -8089.1    2.23987     33       888      
 9636.77 108     30684    -8091.34   -8089.1    2.23987     33       888      
 9637.08 108     30685    -8091.34   -8089.1    2.23987     33       888      
 9637.53 108     30700    -8091.34   -8089.1    2.23987     33       888      
 9638.22 108     30750    -8091.34   -8089.1    2.23987     33       888      
 9638.96 108     30800    -8091.34   -8089.1    2.23987     33       888      
 9747.16 109     30963    -8091.31   -8089.1    2.20903     32       898      
 9747.48 109     30964    -8091.31   -8089.1    2.20903     32       898      
 9747.81 109     30965    -8091.31   -8089.1    2.20903     32       898      
 9748.46 109     31000    -8091.31   -8089.1    2.20903     32       898      
 9749.18 109     31050    -8091.31   -8089.1    2.20903     32       898      
 9817.02 109     31100    -8091.31   -8089.1    2.20903     32       905      
 9832.27 110     31243    -8091.28   -8089.1    2.18651     32       906      
 9832.59 110     31244    -8091.28   -8089.1    2.18651     32       906      
 9832.94 110     31250    -8091.28   -8089.1    2.18651     32       906      
 9833.64 110     31300    -8091.28   -8089.1    2.18651     32       906      
 9834.4  110     31350    -8091.28   -8089.1    2.18651     33       906      
 9904.73 111     31523    -8091.26   -8089.1    2.16166     32       912      
 9905.06 111     31524    -8091.26   -8089.1    2.16166     32       912      
 9905.39 111     31525    -8091.26   -8089.1    2.16166     32       912      
 9905.91 111     31550    -8091.26   -8089.1    2.16166     32       912      
 9906.66 111     31600    -8091.26   -8089.1    2.16166     32       912      
 9907.42 111     31650    -8091.26   -8089.1    2.16166     32       912      
 10003.4 112     31803    -8091.24   -8089.1    2.14036     34       920      
-------------------------------------------------------------------------------

SARSOP finishing ...
  Preset timeout reached
  Timeout     : 10000.000000s
  Actual Time : 10003.410000s

-------------------------------------------------------------------------------
 Time   |#Trial |#Backup |LBound    |UBound    |Precision  |#Alphas |#Beliefs  
-------------------------------------------------------------------------------
 10003.4 112     31803    -8091.24   -8089.1    2.14036     34       920      
-------------------------------------------------------------------------------

Writing out policy ...
  output file : RAM4_medium/3c540f5974.policyx

