
Loading the model ...
  input file   : /home/rstudio/RAM4_medium/3c56b16b36.pomdpx
  loading time : 4.79s 

SARSOP initializing ...
  initialization time : 6279.05s

-------------------------------------------------------------------------------
 Time   |#Trial |#Backup |LBound    |UBound    |Precision  |#Alphas |#Beliefs  
-------------------------------------------------------------------------------
 6279.05 0       0        -329.006   -326.118   2.88807     101      1        
 6308.18 1       93       -328.262   -326.315   1.94737     13       48       
 6313.59 1       100      -328.262   -326.315   1.94737     10       55       
 6339.43 2       195      -327.907   -326.316   1.59129     12       88       
 6342.59 2       200      -327.907   -326.316   1.59129     10       93       
 6369.42 3       303      -327.76    -326.316   1.44364     12       128      
 6370.14 3       304      -327.76    -326.316   1.44364     11       129      
 6418.22 3       350      -327.76    -326.316   1.44364     10       175      
 6424.61 4       407      -327.59    -326.317   1.27316     10       180      
 6453.17 4       450      -327.59    -326.317   1.27316     15       207      
 6466.96 5       515      -327.441   -326.317   1.12354     10       218      
 6484.75 5       550      -327.441   -326.317   1.12354     11       239      
 6507.26 6       633      -327.359   -326.318   1.04136     10       258      
 6524.01 6       650      -327.359   -326.318   1.04136     8        275      
 6535.77 7       755      -327.297   -326.319   0.978532    10       285      
 6536.85 7       756      -327.297   -326.319   0.978532    11       286      
 6565.31 7       800      -327.297   -326.319   0.978532    11       309      
 6581.4  8       877      -327.234   -326.319   0.914951    9        319      
 6606.67 8       900      -327.234   -326.319   0.914951    12       342      
 6662.77 9       997      -327.176   -326.319   0.857008    10       378      
 6666.61 9       1000     -327.176   -326.319   0.857008    11       381      
 6747.84 9       1050     -327.176   -326.319   0.857008    10       431      
 6757.99 10      1113     -327.102   -326.319   0.783081    8        436      
 6815.49 10      1150     -327.102   -326.319   0.783081    12       473      
 6852.27 11      1227     -327.033   -326.32    0.713083    9        492      
 6891.86 11      1250     -327.033   -326.32    0.713083    10       515      
 6976.01 12      1349     -326.999   -326.32    0.678928    13       552      
 6977.86 12      1350     -326.999   -326.32    0.678928    14       553      
 7082.65 12      1400     -326.999   -326.32    0.678928    12       603      
 7104.68 13      1469     -326.959   -326.32    0.639458    13       611      
 7165.37 13      1500     -326.959   -326.32    0.639458    10       637      
 7243.91 14      1587     -326.928   -326.32    0.607778    11       665      
 7272.46 14      1600     -326.928   -326.32    0.607778    12       678      
 7348.82 15      1707     -326.902   -326.321   0.5814      14       708      
 7351.37 15      1708     -326.902   -326.321   0.5814      15       709      
 7480.1  15      1750     -326.902   -326.321   0.5814      17       751      
 7550.78 16      1829     -326.889   -326.321   0.567791    11       769      
 7584.4  16      1850     -326.889   -326.321   0.567791    15       782      
 7639.14 17      1951     -326.866   -326.322   0.544112    12       801      
 7639.34 17      1952     -326.866   -326.322   0.544112    12       801      
 7714.27 17      2000     -326.866   -326.322   0.544112    13       828      
 7751.69 18      2075     -326.848   -326.322   0.526748    14       840      
 7827.96 18      2100     -326.848   -326.322   0.526748    12       865      
 7973.82 19      2201     -326.835   -326.322   0.513253    16       903      
 7977.12 19      2202     -326.835   -326.322   0.513253    17       904      
 8136.1  19      2250     -326.835   -326.322   0.513253    15       952      
 8178.58 20      2323     -326.824   -326.322   0.501377    11       963      
 8269.03 20      2350     -326.824   -326.322   0.501377    11       990      
 8392.48 21      2443     -326.804   -326.323   0.481924    11       1023     
 8415.95 21      2450     -326.804   -326.323   0.481924    12       1030     
 8623.11 21      2500     -326.804   -326.323   0.481924    16       1080     
 8643.08 22      2567     -326.787   -326.323   0.463744    13       1084     
 8758.67 22      2600     -326.787   -326.323   0.463744    14       1116     
 8872.37 23      2691     -326.775   -326.323   0.451684    18       1144     
 8906.06 23      2700     -326.775   -326.323   0.451684    19       1153     
 9067.52 23      2750     -326.775   -326.323   0.451684    14       1193     
 9081.74 24      2817     -326.765   -326.323   0.441904    14       1196     
 9213.31 24      2850     -326.765   -326.323   0.441904    15       1229     
 9341.98 25      2943     -326.75    -326.323   0.426482    15       1258     
 9342.34 25      2950     -326.75    -326.323   0.426482    13       1258     
 9593.44 25      3000     -326.75    -326.323   0.426482    17       1308     
 9627.25 26      3071     -326.744   -326.323   0.420661    21       1314     
 9746.67 26      3100     -326.744   -326.323   0.420661    18       1340     
 9936.21 27      3201     -326.734   -326.323   0.410443    24       1375     
 9941.35 27      3202     -326.734   -326.323   0.410443    25       1376     
 10189.8 27      3250     -326.734   -326.323   0.410443    21       1424     
-------------------------------------------------------------------------------

SARSOP finishing ...
  Preset timeout reached
  Timeout     : 10000.000000s
  Actual Time : 10189.810000s

-------------------------------------------------------------------------------
 Time   |#Trial |#Backup |LBound    |UBound    |Precision  |#Alphas |#Beliefs  
-------------------------------------------------------------------------------
 10189.8 27      3250     -326.734   -326.323   0.410443    21       1424     
-------------------------------------------------------------------------------

Writing out policy ...
  output file : RAM4_medium/3c56b16b36.policyx

