
Loading the model ...
  input file   : /home/rstudio/RAM4_medium/3c61adda6f.pomdpx
  loading time : 4.72s 

SARSOP initializing ...
  initialization time : 4374.61s

-------------------------------------------------------------------------------
 Time   |#Trial |#Backup |LBound    |UBound    |Precision  |#Alphas |#Beliefs  
-------------------------------------------------------------------------------
 4374.61 0       0        -188.026   -179.309   8.71656     101      1        
 4376.41 1       50       -182.46    -179.522   2.93828     24       34       
 4378.43 2       101      -181.687   -179.522   2.16491     23       52       
 4385.56 3       181      -181.072   -179.523   1.54965     26       92       
 4390.92 3       200      -181.072   -179.523   1.54965     36       111      
 4402.02 4       275      -180.787   -179.523   1.26438     35       138      
 4412.78 4       300      -180.787   -179.523   1.26438     36       162      
 4424.63 5       365      -180.609   -179.523   1.08627     32       182      
 4445.4  5       400      -180.609   -179.523   1.08627     50       217      
 4453.09 6       450      -180.446   -179.523   0.922362    21       229      
 4474.95 7       521      -180.329   -179.524   0.805643    39       260      
 4495.25 7       550      -180.329   -179.524   0.805643    27       289      
 4502.67 8       600      -180.235   -179.524   0.711402    31       298      
 4519.92 9       675      -180.091   -179.524   0.567447    34       334      
 4534.88 9       700      -180.091   -179.524   0.567447    26       359      
 4546.85 10      763      -179.984   -179.524   0.460553    29       376      
 4575.05 10      800      -179.984   -179.524   0.460553    26       413      
 4585.54 11      863      -179.936   -179.524   0.412363    26       425      
 4613.57 11      900      -179.936   -179.524   0.412363    25       457      
 4620.89 12      953      -179.886   -179.524   0.362334    23       464      
 4669.49 13      1043     -179.857   -179.524   0.333017    23       509      
 4677.6  13      1050     -179.857   -179.524   0.333017    23       516      
 4726.46 14      1133     -179.83    -179.524   0.306244    20       554      
 4747.23 14      1150     -179.83    -179.524   0.306244    20       571      
 4789.01 15      1225     -179.806   -179.524   0.281503    11       600      
 4822.51 15      1250     -179.806   -179.524   0.281503    13       625      
 4853.02 16      1315     -179.779   -179.524   0.254299    14       644      
 4901.97 16      1350     -179.779   -179.524   0.254299    14       679      
 4915.69 17      1403     -179.758   -179.524   0.23356     14       687      
 4978.98 18      1489     -179.738   -179.524   0.213894    12       730      
 4994.72 18      1500     -179.738   -179.524   0.213894    12       741      
 5049.11 19      1577     -179.723   -179.525   0.198033    15       774      
 5082.89 19      1600     -179.723   -179.525   0.198033    20       797      
 5123.15 20      1671     -179.712   -179.525   0.18726     17       820      
 5170.65 20      1700     -179.712   -179.525   0.18726     12       849      
 5208.43 21      1771     -179.704   -179.525   0.179496    19       869      
 5247.86 21      1800     -179.704   -179.525   0.179496    16       894      
 5287.09 22      1871     -179.696   -179.525   0.170766    23       915      
 5342.51 22      1900     -179.696   -179.525   0.170766    16       944      
 5394.39 23      1975     -179.691   -179.525   0.165922    13       966      
 5444.76 23      2000     -179.691   -179.525   0.165922    21       991      
 5508.6  24      2079     -179.684   -179.525   0.159149    19       1017     
 5548.87 24      2100     -179.684   -179.525   0.159149    14       1037     
 5619.72 25      2183     -179.677   -179.525   0.152251    17       1068     
 5651.58 25      2200     -179.677   -179.525   0.152251    12       1085     
 5723.39 26      2283     -179.671   -179.525   0.145989    15       1117     
 5759.75 26      2300     -179.671   -179.525   0.145989    13       1134     
 5838.35 27      2381     -179.664   -179.525   0.139426    15       1165     
 5878.07 27      2400     -179.664   -179.525   0.139426    16       1184     
 5947.76 28      2477     -179.656   -179.525   0.131317    20       1213     
 6005.72 28      2500     -179.656   -179.525   0.131317    22       1236     
 6082.09 29      2579     -179.651   -179.525   0.125509    24       1263     
 6133.6  29      2600     -179.651   -179.525   0.125509    24       1284     
 6226.55 30      2687     -179.647   -179.525   0.122085    22       1316     
 6261.61 30      2700     -179.647   -179.525   0.122085    19       1329     
 6391.36 31      2795     -179.644   -179.525   0.118835    22       1369     
 6397.23 31      2800     -179.644   -179.525   0.118835    25       1371     
 6569.06 32      2850     -179.644   -179.525   0.118835    26       1420     
 6570.38 32      2905     -179.643   -179.525   0.117589    27       1420     
 6746.45 32      2950     -179.643   -179.525   0.117589    26       1465     
 6793.87 33      3015     -179.64    -179.525   0.114984    22       1475     
 6927.73 33      3050     -179.64    -179.525   0.114984    23       1510     
 7015.75 34      3125     -179.637   -179.525   0.112023    20       1529     
 7106.58 34      3150     -179.637   -179.525   0.112023    20       1554     
 7262.14 35      3237     -179.635   -179.525   0.110123    21       1585     
 7322.43 35      3250     -179.635   -179.525   0.110123    18       1598     
 7522.09 36      3347     -179.633   -179.525   0.107258    16       1639     
 7525.6  36      3350     -179.633   -179.525   0.107258    18       1640     
 7745.88 36      3400     -179.633   -179.525   0.107258    19       1690     
 7757.64 37      3459     -179.63    -179.525   0.104575    24       1692     
 7945.86 37      3500     -179.63    -179.525   0.104575    26       1733     
 8036.31 38      3575     -179.628   -179.525   0.102851    28       1749     
 8157.72 38      3600     -179.628   -179.525   0.102851    21       1773     
 8327.65 39      3691     -179.627   -179.525   0.102015    22       1805     
 8360.72 39      3700     -179.627   -179.525   0.102015    22       1812     
 8605.08 40      3805     -179.626   -179.525   0.10056     23       1859     
 8611.12 40      3806     -179.626   -179.525   0.10056     23       1860     
 8856.1  40      3850     -179.626   -179.525   0.10056     23       1904     
 8919.49 41      3917     -179.625   -179.525   0.0997126   17       1914     
 9113.25 41      3950     -179.625   -179.525   0.0997126   18       1947     
 9253.38 42      4029     -179.624   -179.525   0.0985393   20       1969     
 9373.53 42      4050     -179.624   -179.525   0.0985393   17       1990     
 9590.48 43      4139     -179.623   -179.525   0.0972404   24       2023     
 9643.21 43      4150     -179.623   -179.525   0.0972404   21       2032     
 9937.06 44      4249     -179.621   -179.525   0.0959186   22       2076     
 9945.03 44      4250     -179.621   -179.525   0.0959186   22       2077     
 10222   44      4300     -179.621   -179.525   0.0959186   23       2127     
-------------------------------------------------------------------------------

SARSOP finishing ...
  Preset timeout reached
  Timeout     : 10000.000000s
  Actual Time : 10221.960000s

-------------------------------------------------------------------------------
 Time   |#Trial |#Backup |LBound    |UBound    |Precision  |#Alphas |#Beliefs  
-------------------------------------------------------------------------------
 10222   44      4300     -179.621   -179.525   0.0959186   23       2127     
-------------------------------------------------------------------------------

Writing out policy ...
  output file : RAM4_medium/3c61adda6f.policyx

