
Loading the model ...
  input file   : /home/rstudio/RAM4_medium/3c6ab547af.pomdpx
  loading time : 4.98s 

SARSOP initializing ...
  initialization time : 11417.53s

-------------------------------------------------------------------------------
 Time   |#Trial |#Backup |LBound    |UBound    |Precision  |#Alphas |#Beliefs  
-------------------------------------------------------------------------------
 11417.5 0       0        -1005.63   -277.283   728.349     101      1        
-------------------------------------------------------------------------------

SARSOP finishing ...
  Preset timeout reached
  Timeout     : 10000.000000s
  Actual Time : 11417.670000s

-------------------------------------------------------------------------------
 Time   |#Trial |#Backup |LBound    |UBound    |Precision  |#Alphas |#Beliefs  
-------------------------------------------------------------------------------
 11417.7 0       1        -1004.43   -990.935   13.4942     6        2        
-------------------------------------------------------------------------------

Writing out policy ...
  output file : RAM4_medium/3c6ab547af.policyx

