
Loading the model ...
  input file   : /home/rstudio/RAM4_medium/3c737acb0e.pomdpx
  loading time : 4.94s 

SARSOP initializing ...
  initialization time : 8819.74s

-------------------------------------------------------------------------------
 Time   |#Trial |#Backup |LBound    |UBound    |Precision  |#Alphas |#Beliefs  
-------------------------------------------------------------------------------
 8819.74 0       0        -8477.62   -2909.65   5567.97     101      1        
 8821.69 0       50       -8476.47   -6353.55   2122.92     56       8        
 8822.11 0       100      -8476.47   -6353.55   2122.92     51       8        
 8828.54 1       267      -8236.93   -6353.63   1883.3      9        16       
 8828.55 1       268      -8236.93   -6353.63   1883.3      8        16       
 8828.56 1       269      -8236.93   -6353.63   1883.3      5        16       
 8828.64 1       300      -8236.93   -6353.63   1883.3      5        16       
 8828.74 1       350      -8236.93   -6353.63   1883.3      5        16       
 8830.89 1       400      -8236.93   -6353.63   1883.3      6        19       
 8831.54 2       535      -8078.73   -6353.65   1725.08     6        19       
 8831.55 2       536      -8078.73   -6353.65   1725.08     6        19       
 8831.6  2       550      -8078.73   -6353.65   1725.08     5        19       
 8831.7  2       600      -8078.73   -6353.65   1725.08     5        19       
 8831.81 2       650      -8078.73   -6353.65   1725.08     5        19       
 8834.39 3       805      -7903.64   -6353.66   1549.98     5        22       
 8834.4  3       806      -7903.64   -6353.66   1549.98     5        22       
 8834.41 3       807      -7903.64   -6353.66   1549.98     5        22       
 8834.52 3       850      -7903.64   -6353.66   1549.98     5        22       
 8834.63 3       900      -7903.64   -6353.66   1549.98     5        22       
 8835.76 4       1077     -7765.52   -6353.66   1411.87     5        23       
 8835.77 4       1078     -7765.52   -6353.66   1411.87     5        23       
 8835.78 4       1079     -7765.52   -6353.66   1411.87     5        23       
 8835.84 4       1100     -7765.52   -6353.66   1411.87     6        23       
 8835.96 4       1150     -7765.52   -6353.66   1411.87     6        23       
 8836.06 4       1200     -7765.52   -6353.66   1411.87     6        23       
 8838.67 5       1349     -7650.96   -6353.68   1297.28     5        26       
 8838.68 5       1350     -7650.96   -6353.68   1297.28     5        26       
 8839.3  5       1351     -7650.96   -6353.68   1297.28     5        27       
 8839.43 5       1400     -7650.96   -6353.68   1297.28     6        27       
 8839.55 5       1450     -7650.96   -6353.68   1297.28     6        27       
 8842.75 6       1623     -7549.65   -6353.69   1195.96     6        30       
 8842.76 6       1624     -7549.65   -6353.69   1195.96     6        30       
 8842.77 6       1625     -7549.65   -6353.69   1195.96     5        30       
 8842.85 6       1650     -7549.65   -6353.69   1195.96     5        30       
 8842.96 6       1700     -7549.65   -6353.69   1195.96     5        30       
 8843.08 6       1750     -7549.65   -6353.69   1195.96     5        30       
 8847.71 7       1897     -7474.04   -6353.73   1120.31     5        34       
 8847.73 7       1898     -7474.04   -6353.73   1120.31     5        34       
 8847.74 7       1900     -7474.04   -6353.73   1120.31     5        34       
 8847.87 7       1950     -7474.04   -6353.73   1120.31     5        34       
 8847.99 7       2000     -7474.04   -6353.73   1120.31     5        34       
 8852.79 8       2171     -7374.25   -6353.74   1020.51     5        38       
 8852.81 8       2172     -7374.25   -6353.74   1020.51     5        38       
 8852.82 8       2173     -7374.25   -6353.74   1020.51     5        38       
 8852.91 8       2200     -7374.25   -6353.74   1020.51     5        38       
 8853.03 8       2250     -7374.25   -6353.74   1020.51     5        38       
 8853.15 8       2300     -7374.25   -6353.74   1020.51     5        38       
 8859.16 9       2447     -7291.25   -6353.74   937.513     5        43       
 8859.18 9       2448     -7291.25   -6353.74   937.513     5        43       
 8859.2  9       2450     -7291.25   -6353.74   937.513     5        43       
 8859.34 9       2500     -7291.25   -6353.74   937.513     5        43       
 8859.46 9       2550     -7291.25   -6353.74   937.513     5        43       
 8864.85 10      2721     -7227.16   -6353.79   873.369     6        47       
 8864.87 10      2722     -7227.16   -6353.79   873.369     6        47       
 8864.89 10      2723     -7227.16   -6353.79   873.369     5        47       
 8864.98 10      2750     -7227.16   -6353.79   873.369     6        47       
 8865.11 10      2800     -7227.16   -6353.79   873.369     6        47       
 8865.23 10      2850     -7227.16   -6353.79   873.369     6        47       
 8873.22 11      2997     -7169.44   -6353.83   815.603     5        53       
 8873.24 11      2998     -7169.44   -6353.83   815.603     5        53       
 8873.26 11      3000     -7169.44   -6353.83   815.603     5        53       
 8873.4  11      3050     -7169.44   -6353.83   815.603     5        53       
 8873.53 11      3100     -7169.44   -6353.83   815.603     5        53       
 8881.35 12      3273     -7108.42   -6353.86   754.567     5        58       
 8881.37 12      3274     -7108.42   -6353.86   754.567     5        58       
 8881.39 12      3275     -7108.42   -6353.86   754.567     5        58       
 8881.48 12      3300     -7108.42   -6353.86   754.567     5        58       
 8881.62 12      3350     -7108.42   -6353.86   754.567     5        58       
 8881.76 12      3400     -7108.42   -6353.86   754.567     5        58       
 8890.07 13      3549     -7060.02   -6353.9    706.117     5        63       
 8890.1  13      3550     -7060.02   -6353.9    706.117     5        63       
 8890.12 13      3551     -7060.02   -6353.9    706.117     5        63       
 8890.26 13      3600     -7060.02   -6353.9    706.117     5        63       
 8890.38 13      3650     -7060.02   -6353.9    706.117     5        63       
 8899.41 14      3825     -7016.77   -6353.93   662.845     5        68       
 8899.43 14      3826     -7016.77   -6353.93   662.845     5        68       
 8899.46 14      3827     -7016.77   -6353.93   662.845     5        68       
 8899.54 14      3850     -7016.77   -6353.93   662.845     5        68       
 8899.68 14      3900     -7016.77   -6353.93   662.845     5        68       
 8899.81 14      3950     -7016.77   -6353.93   662.845     5        68       
 8913.13 15      4103     -6983.61   -6353.98   629.638     6        75       
 8913.16 15      4104     -6983.61   -6353.98   629.638     6        75       
 8913.18 15      4105     -6983.61   -6353.98   629.638     6        75       
 8913.32 15      4150     -6983.61   -6353.98   629.638     6        75       
 8913.46 15      4200     -6983.61   -6353.98   629.638     6        75       
 8925.6  16      4377     -6942.22   -6354.01   588.212     7        81       
 8925.63 16      4378     -6942.22   -6354.01   588.212     7        81       
 8925.66 16      4379     -6942.22   -6354.01   588.212     6        81       
 8925.75 16      4400     -6942.22   -6354.01   588.212     6        81       
 8925.91 16      4450     -6942.22   -6354.01   588.212     6        81       
 8926.06 16      4500     -6942.22   -6354.01   588.212     6        81       
 8937.36 17      4655     -6911.25   -6354.02   557.226     6        86       
 8937.39 17      4656     -6911.25   -6354.02   557.226     6        86       
 8937.42 17      4657     -6911.25   -6354.02   557.226     6        86       
 8937.56 17      4700     -6911.25   -6354.02   557.226     6        86       
 8937.71 17      4750     -6911.25   -6354.02   557.226     6        86       
 8946.56 18      4931     -6874.07   -6354.03   520.04      6        90       
 8946.6  18      4932     -6874.07   -6354.03   520.04      6        90       
 8946.63 18      4933     -6874.07   -6354.03   520.04      6        90       
 8946.71 18      4950     -6874.07   -6354.03   520.04      6        90       
 8946.87 18      5000     -6874.07   -6354.03   520.04      6        90       
 8947.04 18      5050     -6874.07   -6354.03   520.04      6        90       
 8961.37 19      5207     -6840      -6354.05   485.951     7        96       
 8961.41 19      5208     -6840      -6354.05   485.951     7        96       
 8961.45 19      5209     -6840      -6354.05   485.951     7        96       
 8961.6  19      5250     -6840      -6354.05   485.951     8        96       
 8961.78 19      5300     -6840      -6354.05   485.951     8        96       
 8972.79 20      5483     -6815.02   -6354.08   460.941     7        100      
 8972.83 20      5484     -6815.02   -6354.08   460.941     7        100      
 8972.87 20      5485     -6815.02   -6354.08   460.941     7        100      
 8972.94 20      5500     -6815.02   -6354.08   460.941     8        100      
 8973.12 20      5550     -6815.02   -6354.08   460.941     8        100      
 8973.29 20      5600     -6815.02   -6354.08   460.941     8        100      
 8989.16 21      5757     -6785.14   -6354.09   431.045     6        107      
 8989.2  21      5758     -6785.14   -6354.09   431.045     6        107      
 8989.24 21      5759     -6785.14   -6354.09   431.045     6        107      
 8989.39 21      5800     -6785.14   -6354.09   431.045     7        107      
 8989.57 21      5850     -6785.14   -6354.09   431.045     7        107      
 9006.94 22      6035     -6761.31   -6354.1    407.206     6        113      
 9006.98 22      6036     -6761.31   -6354.1    407.206     6        113      
 9007.02 22      6037     -6761.31   -6354.1    407.206     6        113      
 9007.1  22      6050     -6761.31   -6354.1    407.206     6        113      
 9007.28 22      6100     -6761.31   -6354.1    407.206     6        113      
 9007.47 22      6150     -6761.31   -6354.1    407.206     6        113      
 9024.83 23      6311     -6741.02   -6354.11   386.905     7        119      
 9024.88 23      6312     -6741.02   -6354.11   386.905     7        119      
 9024.92 23      6313     -6741.02   -6354.11   386.905     7        119      
 9025.06 23      6350     -6741.02   -6354.11   386.905     7        119      
 9025.24 23      6400     -6741.02   -6354.11   386.905     7        119      
 9033.4  24      6587     -6721.02   -6354.12   366.899     8        122      
 9033.44 24      6588     -6721.02   -6354.12   366.899     8        122      
 9033.49 24      6589     -6721.02   -6354.12   366.899     7        122      
 9033.56 24      6600     -6721.02   -6354.12   366.899     7        122      
 9033.72 24      6650     -6721.02   -6354.12   366.899     7        122      
 9033.89 24      6700     -6721.02   -6354.12   366.899     7        122      
 9054.15 25      6861     -6697.12   -6354.13   342.981     9        129      
 9054.2  25      6862     -6697.12   -6354.13   342.981     8        129      
 9054.25 25      6863     -6697.12   -6354.13   342.981     8        129      
 9054.41 25      6900     -6697.12   -6354.13   342.981     8        129      
 9054.6  25      6950     -6697.12   -6354.13   342.981     8        129      
 9086.21 26      7000     -6697.12   -6354.13   342.981     9        139      
 9087.23 26      7139     -6680.97   -6354.16   326.812     8        139      
 9087.29 26      7140     -6680.97   -6354.16   326.812     8        139      
 9087.36 26      7150     -6680.97   -6354.16   326.812     7        139      
 9087.56 26      7200     -6680.97   -6354.16   326.812     7        139      
 9087.75 26      7250     -6680.97   -6354.16   326.812     7        139      
 9106.48 27      7413     -6658.54   -6354.16   304.381     8        145      
 9106.54 27      7414     -6658.54   -6354.16   304.381     8        145      
 9106.6  27      7415     -6658.54   -6354.16   304.381     7        145      
 9106.76 27      7450     -6658.54   -6354.16   304.381     7        145      
 9106.96 27      7500     -6658.54   -6354.16   304.381     7        145      
 9119.49 27      7550     -6658.54   -6354.16   304.381     10       149      
 9125.11 28      7691     -6644.06   -6354.17   289.885     8        150      
 9125.17 28      7692     -6644.06   -6354.17   289.885     8        150      
 9125.24 28      7700     -6644.06   -6354.17   289.885     7        150      
 9125.43 28      7750     -6644.06   -6354.17   289.885     7        150      
 9125.63 28      7800     -6644.06   -6354.17   289.885     7        150      
 9144.82 29      7967     -6629.11   -6354.19   274.928     10       156      
 9144.87 29      7968     -6629.11   -6354.19   274.928     10       156      
 9144.93 29      7969     -6629.11   -6354.19   274.928     8        156      
 9145.07 29      8000     -6629.11   -6354.19   274.928     8        156      
 9145.27 29      8050     -6629.11   -6354.19   274.928     8        156      
 9160.42 29      8100     -6629.11   -6354.19   274.928     12       161      
 9171.88 30      8243     -6614.8    -6354.2    260.604     11       164      
 9171.95 30      8244     -6614.8    -6354.2    260.604     11       164      
 9172.02 30      8250     -6614.8    -6354.2    260.604     10       164      
 9172.22 30      8300     -6614.8    -6354.2    260.604     10       164      
 9172.42 30      8350     -6614.8    -6354.2    260.604     10       164      
 9188.12 31      8519     -6603.67   -6354.21   249.462     10       169      
 9188.18 31      8520     -6603.67   -6354.21   249.462     10       169      
 9188.25 31      8521     -6603.67   -6354.21   249.462     8        169      
 9188.39 31      8550     -6603.67   -6354.21   249.462     8        169      
 9188.59 31      8600     -6603.67   -6354.21   249.462     8        169      
 9190.85 31      8650     -6603.67   -6354.21   249.462     12       170      
 9214.39 32      8797     -6591.97   -6354.22   237.746     10       176      
 9214.46 32      8798     -6591.97   -6354.22   237.746     10       176      
 9214.54 32      8800     -6591.97   -6354.22   237.746     8        176      
 9214.74 32      8850     -6591.97   -6354.22   237.746     8        176      
 9214.95 32      8900     -6591.97   -6354.22   237.746     8        176      
 9219.97 33      9073     -6582.02   -6354.23   227.788     10       177      
 9220.04 33      9074     -6582.02   -6354.23   227.788     10       177      
 9220.11 33      9075     -6582.02   -6354.23   227.788     8        177      
 9220.23 33      9100     -6582.02   -6354.23   227.788     8        177      
 9220.43 33      9150     -6582.02   -6354.23   227.788     8        177      
 9227.02 33      9200     -6582.02   -6354.23   227.788     9        179      
 9242.76 34      9351     -6571.81   -6354.24   217.575     8        183      
 9242.83 34      9352     -6571.81   -6354.24   217.575     8        183      
 9242.9  34      9353     -6571.81   -6354.24   217.575     7        183      
 9243.09 34      9400     -6571.81   -6354.24   217.575     7        183      
 9243.28 34      9450     -6571.81   -6354.24   217.575     7        183      
 9269.41 35      9627     -6562.06   -6354.25   207.818     10       190      
 9269.47 35      9628     -6562.06   -6354.25   207.818     10       190      
 9269.54 35      9629     -6562.06   -6354.25   207.818     8        190      
 9269.66 35      9650     -6562.06   -6354.25   207.818     8        190      
 9269.87 35      9700     -6562.06   -6354.25   207.818     8        190      
 9270.09 35      9750     -6562.06   -6354.25   207.818     9        190      
 9287.52 36      9903     -6552.75   -6354.25   198.503     11       194      
 9287.59 36      9904     -6552.75   -6354.25   198.503     11       194      
 9287.65 36      9905     -6552.75   -6354.25   198.503     9        194      
 9287.85 36      9950     -6552.75   -6354.25   198.503     9        194      
 9288.06 36      10000    -6552.75   -6354.25   198.503     9        194      
 9308.3  37      10179    -6541.5    -6354.25   187.25      10       199      
 9308.37 37      10180    -6541.5    -6354.25   187.25      10       199      
 9308.44 37      10181    -6541.5    -6354.25   187.25      9        199      
 9308.57 37      10200    -6541.5    -6354.25   187.25      9        199      
 9308.78 37      10250    -6541.5    -6354.25   187.25      9        199      
 9309    37      10300    -6541.5    -6354.25   187.25      10       199      
 9335.36 38      10457    -6532.71   -6354.28   178.438     12       206      
 9335.43 38      10458    -6532.71   -6354.28   178.438     11       206      
 9335.5  38      10459    -6532.71   -6354.28   178.438     9        206      
 9335.68 38      10500    -6532.71   -6354.28   178.438     9        206      
 9335.89 38      10550    -6532.71   -6354.28   178.438     9        206      
 9350.07 39      10735    -6528.07   -6354.28   173.791     11       210      
 9350.15 39      10736    -6528.07   -6354.28   173.791     11       210      
 9350.22 39      10737    -6528.07   -6354.28   173.791     10       210      
 9350.32 39      10750    -6528.07   -6354.28   173.791     10       210      
 9350.53 39      10800    -6528.07   -6354.28   173.791     10       210      
 9350.75 39      10850    -6528.07   -6354.28   173.791     11       210      
 9374.49 40      11013    -6522.2    -6354.29   167.912     11       216      
 9374.57 40      11014    -6522.2    -6354.29   167.912     11       216      
 9374.64 40      11015    -6522.2    -6354.29   167.912     10       216      
 9374.81 40      11050    -6522.2    -6354.29   167.912     9        216      
 9375.02 40      11100    -6522.2    -6354.29   167.912     9        216      
 9386.33 40      11150    -6522.2    -6354.29   167.912     11       219      
 9387.22 41      11289    -6515.55   -6354.29   161.258     10       219      
 9387.3  41      11290    -6515.55   -6354.29   161.258     10       219      
 9387.4  41      11300    -6515.55   -6354.29   161.258     9        219      
 9387.6  41      11350    -6515.55   -6354.29   161.258     9        219      
 9387.81 41      11400    -6515.55   -6354.29   161.258     10       219      
 9399.91 42      11565    -6509.31   -6354.29   155.016     11       222      
 9399.98 42      11566    -6509.31   -6354.29   155.016     11       222      
 9400.06 42      11567    -6509.31   -6354.29   155.016     8        222      
 9400.23 42      11600    -6509.31   -6354.29   155.016     8        222      
 9400.43 42      11650    -6509.31   -6354.29   155.016     8        222      
 9400.71 42      11700    -6509.31   -6354.29   155.016     9        222      
 9405.02 43      11843    -6502.64   -6354.29   148.35      10       223      
 9405.09 43      11844    -6502.64   -6354.29   148.35      10       223      
 9405.18 43      11850    -6502.64   -6354.29   148.35      9        223      
 9405.38 43      11900    -6502.64   -6354.29   148.35      9        223      
 9405.6  43      11950    -6502.64   -6354.29   148.35      10       223      
 9413.32 44      12119    -6496.71   -6354.29   142.417     11       225      
 9413.4  44      12120    -6496.71   -6354.29   142.417     10       225      
 9413.47 44      12121    -6496.71   -6354.29   142.417     8        225      
 9413.62 44      12150    -6496.71   -6354.29   142.417     8        225      
 9413.83 44      12200    -6496.71   -6354.29   142.417     8        225      
 9418.05 44      12250    -6496.71   -6354.29   142.417     13       226      
 9430.32 45      12395    -6489.53   -6354.3    135.235     12       229      
 9430.4  45      12396    -6489.53   -6354.3    135.235     11       229      
 9430.48 45      12400    -6489.53   -6354.3    135.235     8        229      
 9430.7  45      12450    -6489.53   -6354.3    135.235     8        229      
 9430.91 45      12500    -6489.53   -6354.3    135.235     9        229      
 9445.53 46      12673    -6483.22   -6354.3    128.912     10       233      
 9445.61 46      12674    -6483.22   -6354.3    128.912     10       233      
 9445.69 46      12675    -6483.22   -6354.3    128.912     9        233      
 9445.83 46      12700    -6483.22   -6354.3    128.912     9        233      
 9446.04 46      12750    -6483.22   -6354.3    128.912     9        233      
 9449.35 46      12800    -6483.22   -6354.3    128.912     11       234      
 9464.21 47      12949    -6476.88   -6354.31   122.579     12       238      
 9464.29 47      12950    -6476.88   -6354.31   122.579     12       238      
 9464.37 47      12951    -6476.88   -6354.31   122.579     10       238      
 9464.58 47      13000    -6476.88   -6354.31   122.579     10       238      
 9464.8  47      13050    -6476.88   -6354.31   122.579     9        238      
 9470.41 48      13227    -6471.3    -6354.31   116.989     12       239      
 9470.49 48      13228    -6471.3    -6354.31   116.989     12       239      
 9470.57 48      13229    -6471.3    -6354.31   116.989     10       239      
 9470.7  48      13250    -6471.3    -6354.31   116.989     10       239      
 9470.92 48      13300    -6471.3    -6354.31   116.989     10       239      
 9471.16 48      13350    -6471.3    -6354.31   116.989     11       239      
 9482.89 49      13505    -6468.09   -6354.31   113.777     13       242      
 9482.97 49      13506    -6468.09   -6354.31   113.777     13       242      
 9483.05 49      13507    -6468.09   -6354.31   113.777     11       242      
 9483.25 49      13550    -6468.09   -6354.31   113.777     11       242      
 9483.53 49      13600    -6468.09   -6354.31   113.777     11       242      
 9507.7  50      13783    -6462.86   -6354.32   108.541     11       249      
 9507.77 50      13784    -6462.86   -6354.32   108.541     11       249      
 9507.85 50      13785    -6462.86   -6354.32   108.541     10       249      
 9507.97 50      13800    -6462.86   -6354.32   108.541     10       249      
 9508.18 50      13850    -6462.86   -6354.32   108.541     10       249      
 9508.41 50      13900    -6462.86   -6354.32   108.541     10       249      
 9516.42 51      14059    -6458.25   -6354.32   103.926     12       251      
 9516.51 51      14060    -6458.25   -6354.32   103.926     12       251      
 9516.59 51      14061    -6458.25   -6354.32   103.926     10       251      
 9516.78 51      14100    -6458.25   -6354.32   103.926     10       251      
 9517    51      14150    -6458.25   -6354.32   103.926     10       251      
 9529.98 52      14337    -6455.51   -6354.33   101.183     13       254      
 9530.06 52      14338    -6455.51   -6354.33   101.183     13       254      
 9530.15 52      14339    -6455.51   -6354.33   101.183     10       254      
 9530.25 52      14350    -6455.51   -6354.33   101.183     10       254      
 9530.47 52      14400    -6455.51   -6354.33   101.183     10       254      
 9530.71 52      14450    -6455.51   -6354.33   101.183     10       254      
 9548.33 53      14615    -6450.88   -6354.33   96.5468     12       259      
 9548.4  53      14616    -6450.88   -6354.33   96.5468     12       259      
 9548.48 53      14617    -6450.88   -6354.33   96.5468     10       259      
 9548.66 53      14650    -6450.88   -6354.33   96.5468     10       259      
 9548.88 53      14700    -6450.88   -6354.33   96.5468     10       259      
 9549.23 53      14750    -6450.88   -6354.33   96.5468     13       259      
 9557.51 54      14893    -6446.68   -6354.33   92.3479     12       261      
 9557.59 54      14894    -6446.68   -6354.33   92.3479     12       261      
 9557.68 54      14900    -6446.68   -6354.33   92.3479     10       261      
 9557.9  54      14950    -6446.68   -6354.33   92.3479     10       261      
 9558.14 54      15000    -6446.68   -6354.33   92.3479     10       261      
 9579.71 55      15171    -6443.58   -6354.33   89.2488     13       267      
 9579.8  55      15172    -6443.58   -6354.33   89.2488     13       267      
 9579.88 55      15173    -6443.58   -6354.33   89.2488     10       267      
 9580.03 55      15200    -6443.58   -6354.33   89.2488     10       267      
 9580.26 55      15250    -6443.58   -6354.33   89.2488     10       267      
 9583.68 55      15300    -6443.58   -6354.33   89.2488     14       268      
 9596.65 56      15447    -6439.08   -6354.33   84.7452     12       272      
 9596.75 56      15448    -6439.08   -6354.33   84.7452     12       272      
 9596.84 56      15450    -6439.08   -6354.33   84.7452     11       272      
 9597.07 56      15500    -6439.08   -6354.33   84.7452     11       272      
 9597.31 56      15550    -6439.08   -6354.33   84.7452     11       272      
 9614.63 57      15725    -6436.45   -6354.33   82.1219     11       276      
 9614.73 57      15726    -6436.45   -6354.33   82.1219     11       276      
 9614.85 57      15727    -6436.45   -6354.33   82.1219     9        276      
 9615.01 57      15750    -6436.45   -6354.33   82.1219     9        276      
 9615.27 57      15800    -6436.45   -6354.33   82.1219     10       276      
 9615.56 57      15850    -6436.45   -6354.33   82.1219     13       276      
 9620.69 58      16001    -6432.46   -6354.33   78.1328     13       277      
 9620.79 58      16002    -6432.46   -6354.33   78.1328     13       277      
 9620.88 58      16003    -6432.46   -6354.33   78.1328     11       277      
 9621.12 58      16050    -6432.46   -6354.33   78.1328     11       277      
 9621.37 58      16100    -6432.46   -6354.33   78.1328     11       277      
 9634.8  59      16279    -6430.53   -6354.33   76.1985     14       281      
 9634.89 59      16280    -6430.53   -6354.33   76.1985     14       281      
 9634.98 59      16281    -6430.53   -6354.33   76.1985     13       281      
 9635.12 59      16300    -6430.53   -6354.33   76.1985     13       281      
 9635.36 59      16350    -6430.53   -6354.33   76.1985     13       281      
 9635.64 59      16400    -6430.53   -6354.33   76.1985     14       281      
 9650.17 60      16557    -6428.6    -6354.33   74.2682     14       285      
 9650.26 60      16558    -6428.6    -6354.33   74.2682     14       285      
 9650.35 60      16559    -6428.6    -6354.33   74.2682     12       285      
 9650.56 60      16600    -6428.6    -6354.33   74.2682     12       285      
 9650.81 60      16650    -6428.6    -6354.33   74.2682     12       285      
 9674.95 61      16835    -6426.27   -6354.33   71.9359     15       291      
 9675.04 61      16836    -6426.27   -6354.33   71.9359     15       291      
 9675.13 61      16837    -6426.27   -6354.33   71.9359     13       291      
 9675.25 61      16850    -6426.27   -6354.33   71.9359     12       291      
 9675.5  61      16900    -6426.27   -6354.33   71.9359     11       291      
 9675.76 61      16950    -6426.27   -6354.33   71.9359     13       291      
 9692.68 62      17111    -6422.83   -6354.34   68.4973     14       296      
 9696.23 62      17112    -6422.83   -6354.34   68.4973     14       297      
 9699.56 62      17113    -6422.83   -6354.34   68.4973     13       298      
 9701.61 62      17150    -6422.83   -6354.34   68.4973     12       299      
 9701.85 62      17200    -6422.83   -6354.34   68.4973     13       299      
 9728.24 63      17250    -6422.83   -6354.34   68.4973     15       306      
 9729.47 63      17389    -6420.8    -6354.34   66.4558     15       306      
 9729.56 63      17390    -6420.8    -6354.34   66.4558     15       306      
 9729.69 63      17400    -6420.8    -6354.34   66.4558     13       306      
 9729.92 63      17450    -6420.8    -6354.34   66.4558     13       306      
 9730.17 63      17500    -6420.8    -6354.34   66.4558     14       306      
 9737.62 64      17665    -6418.74   -6354.34   64.3979     15       308      
 9737.71 64      17666    -6418.74   -6354.34   64.3979     15       308      
 9737.8  64      17667    -6418.74   -6354.34   64.3979     13       308      
 9737.98 64      17700    -6418.74   -6354.34   64.3979     13       308      
 9738.22 64      17750    -6418.74   -6354.34   64.3979     13       308      
 9754.28 64      17800    -6418.74   -6354.34   64.3979     16       313      
 9764.05 65      17941    -6416.69   -6354.34   62.348      15       315      
 9764.15 65      17942    -6416.69   -6354.34   62.348      15       315      
 9764.27 65      17950    -6416.69   -6354.34   62.348      13       315      
 9764.49 65      18000    -6416.69   -6354.34   62.348      13       315      
 9764.73 65      18050    -6416.69   -6354.34   62.348      13       315      
 9777.8  66      18217    -6414      -6354.35   59.6509     14       319      
 9777.89 66      18218    -6414      -6354.35   59.6509     14       319      
 9777.99 66      18219    -6414      -6354.35   59.6509     14       319      
 9778.17 66      18250    -6414      -6354.35   59.6509     12       319      
 9778.39 66      18300    -6414      -6354.35   59.6509     12       319      
 9784.26 66      18350    -6414      -6354.35   59.6509     14       321      
 9795.37 67      18495    -6412.49   -6354.35   58.1383     13       324      
 9795.46 67      18496    -6412.49   -6354.35   58.1383     12       324      
 9795.57 67      18500    -6412.49   -6354.35   58.1383     11       324      
 9795.8  67      18550    -6412.49   -6354.35   58.1383     11       324      
 9796.04 67      18600    -6412.49   -6354.35   58.1383     12       324      
 9812.11 68      18773    -6410.95   -6354.35   56.5933     15       329      
 9812.21 68      18774    -6410.95   -6354.35   56.5933     15       329      
 9812.3  68      18775    -6410.95   -6354.35   56.5933     13       329      
 9812.48 68      18800    -6410.95   -6354.35   56.5933     13       329      
 9812.72 68      18850    -6410.95   -6354.35   56.5933     13       329      
 9815.26 68      18900    -6410.95   -6354.35   56.5933     15       330      
 9831.68 69      19051    -6409.32   -6354.36   54.9582     17       334      
 9835.23 69      19052    -6409.32   -6354.36   54.9582     17       335      
 9837.24 69      19053    -6409.32   -6354.36   54.9582     17       336      
 9837.51 69      19100    -6409.32   -6354.36   54.9582     17       336      
 9837.75 69      19150    -6409.32   -6354.36   54.9582     16       336      
 9856.85 70      19327    -6407.01   -6354.36   52.6479     15       341      
 9856.95 70      19328    -6407.01   -6354.36   52.6479     15       341      
 9857.1  70      19329    -6407.01   -6354.36   52.6479     13       341      
 9857.27 70      19350    -6407.01   -6354.36   52.6479     13       341      
 9857.51 70      19400    -6407.01   -6354.36   52.6479     13       341      
 9857.78 70      19450    -6407.01   -6354.36   52.6479     14       341      
 9868.33 71      19603    -6404.75   -6354.36   50.3895     16       344      
 9871.9  71      19604    -6404.75   -6354.36   50.3895     16       345      
 9874.66 71      19605    -6404.75   -6354.36   50.3895     16       346      
 9874.92 71      19650    -6404.75   -6354.36   50.3895     16       346      
 9875.14 71      19700    -6404.75   -6354.36   50.3895     16       346      
 9888.3  72      19881    -6403.29   -6354.37   48.925      17       350      
 9888.4  72      19882    -6403.29   -6354.37   48.925      16       350      
 9888.5  72      19883    -6403.29   -6354.37   48.925      14       350      
 9888.64 72      19900    -6403.29   -6354.37   48.925      15       350      
 9888.88 72      19950    -6403.29   -6354.37   48.925      15       350      
 9889.15 72      20000    -6403.29   -6354.37   48.925      16       350      
 9896.72 73      20157    -6401.73   -6354.37   47.3618     16       352      
 9896.83 73      20158    -6401.73   -6354.37   47.3618     16       352      
 9896.94 73      20159    -6401.73   -6354.37   47.3618     14       352      
 9897.18 73      20200    -6401.73   -6354.37   47.3618     14       352      
 9897.43 73      20250    -6401.73   -6354.37   47.3618     14       352      
 9914.64 74      20433    -6399.58   -6354.37   45.2038     16       357      
 9914.77 74      20434    -6399.58   -6354.37   45.2038     16       357      
 9914.88 74      20435    -6399.58   -6354.37   45.2038     16       357      
 9915.05 74      20450    -6399.58   -6354.37   45.2038     16       357      
 9915.3  74      20500    -6399.58   -6354.37   45.2038     15       357      
 9915.57 74      20550    -6399.58   -6354.37   45.2038     16       357      
 9931.47 75      20711    -6398.49   -6354.38   44.1147     17       361      
 9931.59 75      20712    -6398.49   -6354.38   44.1147     17       361      
 9931.7  75      20713    -6398.49   -6354.38   44.1147     16       361      
 9931.93 75      20750    -6398.49   -6354.38   44.1147     17       361      
 9932.19 75      20800    -6398.49   -6354.38   44.1147     17       361      
 9944.13 76      20987    -6397.37   -6354.38   42.9927     17       364      
 9944.23 76      20988    -6397.37   -6354.38   42.9927     17       364      
 9944.33 76      20989    -6397.37   -6354.38   42.9927     16       364      
 9944.47 76      21000    -6397.37   -6354.38   42.9927     15       364      
 9944.71 76      21050    -6397.37   -6354.38   42.9927     15       364      
 9944.96 76      21100    -6397.37   -6354.38   42.9927     15       364      
 9954.65 77      21263    -6396.36   -6354.38   41.9759     18       367      
 9954.75 77      21264    -6396.36   -6354.38   41.9759     18       367      
 9954.86 77      21265    -6396.36   -6354.38   41.9759     18       367      
 9955.07 77      21300    -6396.36   -6354.38   41.9759     17       367      
 9955.31 77      21350    -6396.36   -6354.38   41.9759     17       367      
 9969.42 77      21400    -6396.36   -6354.38   41.9759     18       371      
 9970.55 78      21539    -6395.23   -6354.38   40.8445     16       371      
 9970.65 78      21540    -6395.23   -6354.38   40.8445     16       371      
 9970.8  78      21550    -6395.23   -6354.38   40.8445     15       371      
 9971.03 78      21600    -6395.23   -6354.38   40.8445     15       371      
 9971.29 78      21650    -6395.23   -6354.38   40.8445     16       371      
 9993.24 79      21815    -6393.57   -6354.39   39.185      15       377      
 9996.19 79      21816    -6393.57   -6354.39   39.185      16       378      
 9998.68 79      21817    -6393.57   -6354.39   39.185      16       379      
 9998.93 79      21850    -6393.57   -6354.39   39.185      16       379      
 9999.2  79      21900    -6393.57   -6354.39   39.185      16       379      
 10009.3 79      21950    -6393.57   -6354.39   39.185      17       382      
-------------------------------------------------------------------------------

SARSOP finishing ...
  Preset timeout reached
  Timeout     : 10000.000000s
  Actual Time : 10009.260000s

-------------------------------------------------------------------------------
 Time   |#Trial |#Backup |LBound    |UBound    |Precision  |#Alphas |#Beliefs  
-------------------------------------------------------------------------------
 10009.3 79      21950    -6393.57   -6354.39   39.185      17       382      
-------------------------------------------------------------------------------

Writing out policy ...
  output file : RAM4_medium/3c737acb0e.policyx

