
Loading the model ...
  input file   : /home/rstudio/RAM4_medium/3c743e6be7.pomdpx
  loading time : 5.00s 

SARSOP initializing ...
  initialization time : 11950.11s

-------------------------------------------------------------------------------
 Time   |#Trial |#Backup |LBound    |UBound    |Precision  |#Alphas |#Beliefs  
-------------------------------------------------------------------------------
 11950.1 0       0        -6664.77   -206.944   6457.83     101      1        
-------------------------------------------------------------------------------

SARSOP finishing ...
  Preset timeout reached
  Timeout     : 10000.000000s
  Actual Time : 11950.330000s

-------------------------------------------------------------------------------
 Time   |#Trial |#Backup |LBound    |UBound    |Precision  |#Alphas |#Beliefs  
-------------------------------------------------------------------------------
 11950.3 0       1        -6528.87   -4390.42   2138.46     42       2        
-------------------------------------------------------------------------------

Writing out policy ...
  output file : RAM4_medium/3c743e6be7.policyx

