
Loading the model ...
  input file   : /home/rstudio/RAM4_medium/3c9569448.pomdpx
  loading time : 5.19s 

SARSOP initializing ...
  initialization time : 10514.51s

-------------------------------------------------------------------------------
 Time   |#Trial |#Backup |LBound    |UBound    |Precision  |#Alphas |#Beliefs  
-------------------------------------------------------------------------------
 10514.5 0       0        -1263.75   -1174.75   88.9951     101      1        
-------------------------------------------------------------------------------

SARSOP finishing ...
  Preset timeout reached
  Timeout     : 10000.000000s
  Actual Time : 10514.640000s

-------------------------------------------------------------------------------
 Time   |#Trial |#Backup |LBound    |UBound    |Precision  |#Alphas |#Beliefs  
-------------------------------------------------------------------------------
 10514.6 0       1        -1263.75   -1263.05   0.705396    1        2        
-------------------------------------------------------------------------------

Writing out policy ...
  output file : RAM4_medium/3c9569448.policyx

