
Loading the model ...
  input file   : /home/rstudio/RAM4_medium/3d181651f6.pomdpx
  loading time : 4.91s 

SARSOP initializing ...
  initialization time : 4224.21s

-------------------------------------------------------------------------------
 Time   |#Trial |#Backup |LBound    |UBound    |Precision  |#Alphas |#Beliefs  
-------------------------------------------------------------------------------
 4224.21 0       0        -181.892   -172.386   9.50553     101      1        
 4226.77 1       50       -176.285   -172.624   3.66088     11       27       
 4229.67 2       113      -175.247   -172.624   2.62301     19       58       
 4237.29 2       150      -175.247   -172.624   2.62301     33       95       
 4240.19 3       200      -174.518   -172.625   1.89305     26       103      
 4260.03 4       295      -174.166   -172.625   1.54086     26       148      
 4261.81 4       300      -174.166   -172.625   1.54086     20       152      
 4286.05 5       387      -173.94    -172.625   1.3146      32       192      
 4292.1  5       400      -173.94    -172.625   1.3146      25       202      
 4313.14 6       471      -173.723   -172.625   1.09807     29       230      
 4332.65 6       500      -173.723   -172.625   1.09807     32       257      
 4343.73 7       559      -173.592   -172.625   0.966308    23       269      
 4378.44 8       639      -173.468   -172.625   0.842502    23       309      
 4381.09 8       650      -173.468   -172.625   0.842502    27       320      
 4399.33 9       717      -173.293   -172.625   0.667428    22       347      
 4421.74 9       750      -173.293   -172.625   0.667428    22       378      
 4429.5  10      803      -173.173   -172.625   0.547245    23       387      
 4474.07 10      850      -173.173   -172.625   0.547245    26       434      
 4476.89 11      901      -173.103   -172.626   0.477037    27       436      
 4518.87 11      950      -173.103   -172.626   0.477037    22       474      
 4523.26 12      1005     -173.064   -172.626   0.438145    22       477      
 4580.43 12      1050     -173.064   -172.626   0.438145    19       522      
 4587.39 13      1103     -173.021   -172.626   0.395348    17       526      
 4655.87 14      1150     -173.021   -172.626   0.395348    18       572      
 4662.17 14      1200     -172.991   -172.626   0.364718    17       576      
 4733.17 15      1291     -172.955   -172.626   0.328912    12       619      
 4747.16 15      1300     -172.955   -172.626   0.328912    11       628      
 4822.5  16      1389     -172.929   -172.626   0.302788    10       667      
 4834.51 16      1400     -172.929   -172.626   0.302788    12       675      
 4907.99 17      1483     -172.906   -172.626   0.279782    14       711      
 4939.05 17      1500     -172.906   -172.626   0.279782    14       728      
 5002.63 18      1577     -172.879   -172.627   0.252455    15       757      
 5038.88 18      1600     -172.879   -172.627   0.252455    15       778      
 5097.19 19      1675     -172.864   -172.627   0.237111    18       804      
 5151.2  19      1700     -172.864   -172.627   0.237111    17       829      
 5211.5  20      1773     -172.855   -172.627   0.228434    19       853      
 5270.31 20      1800     -172.855   -172.627   0.228434    19       880      
 5324.79 21      1873     -172.84    -172.627   0.21313     13       902      
 5384.49 21      1900     -172.84    -172.627   0.21313     11       928      
 5441.97 22      1971     -172.824   -172.627   0.197418    12       949      
 5512.79 22      2000     -172.824   -172.627   0.197418    13       978      
 5574.99 23      2071     -172.816   -172.627   0.188818    19       999      
 5644.24 23      2100     -172.816   -172.627   0.188818    15       1028     
 5705    24      2171     -172.807   -172.627   0.179801    15       1048     
 5778.19 24      2200     -172.807   -172.627   0.179801    23       1075     
 5851.34 25      2275     -172.797   -172.627   0.170147    19       1097     
 5924.91 25      2300     -172.797   -172.627   0.170147    17       1122     
 6019.79 26      2381     -172.792   -172.627   0.165161    16       1150     
 6075.31 26      2400     -172.792   -172.627   0.165161    15       1169     
 6180.9  27      2483     -172.787   -172.627   0.159717    18       1200     
 6231.18 27      2500     -172.787   -172.627   0.159717    16       1217     
 6342.62 28      2585     -172.78    -172.627   0.152312    16       1250     
 6381.96 28      2600     -172.78    -172.627   0.152312    15       1264     
 6492.18 29      2687     -172.775   -172.627   0.147701    16       1299     
 6533.86 29      2700     -172.775   -172.627   0.147701    16       1312     
 6666.61 30      2789     -172.767   -172.627   0.13971     22       1350     
 6701.75 30      2800     -172.767   -172.627   0.13971     21       1361     
 6866.47 31      2899     -172.764   -172.627   0.136273    22       1404     
 6866.77 31      2900     -172.764   -172.627   0.136273    20       1404     
 7059.99 31      2950     -172.764   -172.627   0.136273    20       1453     
 7065.95 32      3005     -172.759   -172.627   0.132119    17       1454     
 7243.3  32      3050     -172.759   -172.627   0.132119    18       1499     
 7280.11 33      3113     -172.755   -172.627   0.127832    16       1507     
 7406.39 33      3150     -172.755   -172.627   0.127832    17       1539     
 7475.68 34      3221     -172.753   -172.627   0.125274    20       1555     
 7591.46 34      3250     -172.753   -172.627   0.125274    23       1584     
 7706.6  35      3329     -172.749   -172.627   0.122113    27       1608     
 7795.12 35      3350     -172.749   -172.627   0.122113    23       1629     
 7949.77 36      3439     -172.748   -172.627   0.120297    26       1662     
 7999.14 36      3450     -172.748   -172.627   0.120297    19       1673     
 8217.03 37      3549     -172.745   -172.627   0.117436    22       1716     
 8222.75 37      3550     -172.745   -172.627   0.117436    23       1717     
 8466.43 37      3600     -172.745   -172.627   0.117436    28       1767     
 8497.67 38      3663     -172.744   -172.627   0.116391    32       1772     
 8679.17 38      3700     -172.744   -172.627   0.116391    25       1807     
 8787.26 39      3777     -172.743   -172.627   0.115556    24       1826     
 8907.16 39      3800     -172.743   -172.627   0.115556    24       1849     
 9072.84 40      3889     -172.742   -172.627   0.114657    25       1881     
 9113.26 40      3900     -172.742   -172.627   0.114657    22       1891     
 9298.78 41      4001     -172.741   -172.627   0.11399     26       1936     
 9303.07 41      4002     -172.741   -172.627   0.11399     25       1937     
 9496.8  41      4050     -172.741   -172.627   0.11399     22       1985     
 9525.14 42      4113     -172.74    -172.628   0.111968    25       1991     
 9657.25 42      4150     -172.74    -172.628   0.111968    25       2027     
 9738.66 43      4227     -172.738   -172.628   0.110395    30       2047     
 9820.69 43      4250     -172.738   -172.628   0.110395    25       2070     
 9943.03 44      4339     -172.735   -172.628   0.107378    30       2102     
 9975.5  44      4350     -172.735   -172.628   0.107378    24       2112     
 10145   45      4453     -172.734   -172.628   0.106105    25       2157     
-------------------------------------------------------------------------------

SARSOP finishing ...
  Preset timeout reached
  Timeout     : 10000.000000s
  Actual Time : 10145.040000s

-------------------------------------------------------------------------------
 Time   |#Trial |#Backup |LBound    |UBound    |Precision  |#Alphas |#Beliefs  
-------------------------------------------------------------------------------
 10145   45      4453     -172.734   -172.628   0.106105    25       2157     
-------------------------------------------------------------------------------

Writing out policy ...
  output file : RAM4_medium/3d181651f6.policyx

