
Loading the model ...
  input file   : /home/rstudio/RAM4_medium/3d2663705.pomdpx
  loading time : 5.04s 

SARSOP initializing ...
  initialization time : 7671.77s

-------------------------------------------------------------------------------
 Time   |#Trial |#Backup |LBound    |UBound    |Precision  |#Alphas |#Beliefs  
-------------------------------------------------------------------------------
 7671.77 0       0        -397.229   -394.564   2.66533     101      1        
 7723.78 0       50       -397.23    -394.701   2.52924     12       51       
 7725.52 1       101      -396.623   -394.702   1.92083     19       52       
 7763.83 1       150      -396.623   -394.702   1.92083     15       84       
 7772.87 2       215      -396.301   -394.702   1.59898     12       92       
 7807.89 2       250      -396.301   -394.702   1.59898     7        124      
 7833.74 3       325      -396.016   -394.703   1.3134      7        144      
 7864.02 3       350      -396.016   -394.703   1.3134      6        169      
 7913.16 4       439      -395.852   -394.703   1.14938     7        201      
 7927.66 4       450      -395.852   -394.703   1.14938     8        212      
 7998.67 5       555      -395.725   -394.703   1.02186     7        256      
 8000.36 5       556      -395.725   -394.703   1.02186     7        257      
 8097.65 5       600      -395.725   -394.703   1.02186     9        301      
 8158.91 6       681      -395.659   -394.704   0.954816    8        319      
 8209.12 6       700      -395.659   -394.704   0.954816    8        338      
 8305.19 7       809      -395.603   -394.704   0.89926     9        368      
 8307.49 7       810      -395.603   -394.704   0.89926     9        369      
 8383.86 7       850      -395.603   -394.704   0.89926     10       396      
 8420.12 8       939      -395.566   -394.704   0.861139    14       407      
 8448.84 8       950      -395.566   -394.704   0.861139    9        418      
 8658.91 8       1000     -395.566   -394.704   0.861139    10       468      
 8676.56 9       1069     -395.536   -394.705   0.831211    11       472      
 8803.79 9       1100     -395.536   -394.705   0.831211    11       503      
 8936.92 10      1197     -395.487   -394.705   0.781657    11       528      
 8946.31 10      1200     -395.487   -394.705   0.781657    7        531      
 9113.77 10      1250     -395.487   -394.705   0.781657    13       576      
 9162.65 11      1327     -395.453   -394.706   0.746856    11       588      
 9221.86 11      1350     -395.453   -394.706   0.746856    10       605      
 9265.62 12      1459     -395.419   -394.706   0.712796    13       616      
 9269.17 12      1460     -395.419   -394.706   0.712796    14       617      
 9406.86 12      1500     -395.419   -394.706   0.712796    10       650      
 9460.51 13      1589     -395.374   -394.706   0.667954    12       662      
 9492.96 13      1600     -395.374   -394.706   0.667954    11       670      
 9612.66 13      1650     -395.374   -394.706   0.667954    9        694      
 9635.82 14      1723     -395.345   -394.706   0.638399    13       699      
 9706.33 14      1750     -395.345   -394.706   0.638399    12       715      
 9787.42 15      1855     -395.322   -394.706   0.615179    11       730      
 9792.18 15      1856     -395.322   -394.706   0.615179    12       731      
 10039.7 15      1900     -395.322   -394.706   0.615179    14       775      
-------------------------------------------------------------------------------

SARSOP finishing ...
  Preset timeout reached
  Timeout     : 10000.000000s
  Actual Time : 10039.660000s

-------------------------------------------------------------------------------
 Time   |#Trial |#Backup |LBound    |UBound    |Precision  |#Alphas |#Beliefs  
-------------------------------------------------------------------------------
 10039.7 15      1900     -395.322   -394.706   0.615179    14       775      
-------------------------------------------------------------------------------

Writing out policy ...
  output file : RAM4_medium/3d2663705.policyx

