
Loading the model ...
  input file   : /home/rstudio/RAM4_medium/3d2a5d3a62.pomdpx
  loading time : 4.96s 

SARSOP initializing ...
  initialization time : 5264.50s

-------------------------------------------------------------------------------
 Time   |#Trial |#Backup |LBound    |UBound    |Precision  |#Alphas |#Beliefs  
-------------------------------------------------------------------------------
 5264.5  0       0        -162.961   -140.823   22.1383     101      1        
 5277.53 1       50       -149.709   -144.515   5.19362     40       48       
 5281.68 2       107      -148.682   -144.516   4.16561     46       55       
 5307.49 2       150      -148.682   -144.516   4.16561     40       98       
 5311.1  3       201      -147.95    -144.516   3.43384     35       101      
 5339.77 4       291      -147.364   -144.516   2.84721     58       144      
 5346.3  4       300      -147.364   -144.516   2.84721     28       153      
 5386.31 5       379      -146.847   -144.517   2.32987     41       188      
 5403.25 5       400      -146.847   -144.517   2.32987     32       206      
 5416.97 6       471      -146.482   -144.517   1.96438     26       217      
 5450.39 6       500      -146.482   -144.517   1.96438     21       246      
 5479.84 7       565      -146.171   -144.518   1.65302     27       263      
 5525.22 7       600      -146.171   -144.518   1.65302     17       298      
 5541.37 8       667      -145.968   -144.518   1.45047     23       307      
 5581.88 8       700      -145.968   -144.518   1.45047     15       335      
 5613.82 9       767      -145.769   -144.518   1.25128     13       351      
 5664.71 9       800      -145.769   -144.518   1.25128     16       383      
 5708.09 10      873      -145.632   -144.518   1.1142      14       402      
 5756.21 10      900      -145.632   -144.518   1.1142      10       428      
 5815.41 11      979      -145.509   -144.518   0.991278    11       453      
 5850.66 11      1000     -145.509   -144.518   0.991278    9        472      
 5921.58 12      1083     -145.391   -144.518   0.873154    7        502      
 5956.61 12      1100     -145.391   -144.518   0.873154    8        519      
 6050.8  13      1189     -145.296   -144.518   0.778655    9        555      
 6076.2  13      1200     -145.296   -144.518   0.778655    9        566      
 6196.41 14      1297     -145.232   -144.518   0.713998    12       608      
 6196.57 14      1300     -145.232   -144.518   0.713998    14       608      
 6329.78 14      1350     -145.232   -144.518   0.713998    12       656      
 6340.91 15      1411     -145.176   -144.518   0.658084    14       659      
 6424.2  15      1450     -145.176   -144.518   0.658084    11       690      
 6484.59 16      1527     -145.128   -144.518   0.609835    11       708      
 6547.87 16      1550     -145.128   -144.518   0.609835    11       730      
 6677.85 17      1647     -145.096   -144.518   0.577693    11       766      
 6678.06 17      1650     -145.096   -144.518   0.577693    9        766      
 6847.22 17      1700     -145.096   -144.518   0.577693    10       815      
 6872.05 18      1767     -145.06    -144.518   0.541998    15       821      
 6975.15 18      1800     -145.06    -144.518   0.541998    11       852      
 7080.16 19      1887     -145.034   -144.518   0.515423    12       878      
 7114.37 19      1900     -145.034   -144.518   0.515423    10       888      
 7255.33 20      2007     -145.001   -144.518   0.482528    13       924      
 7255.55 20      2008     -145.001   -144.518   0.482528    14       924      
 7335.62 20      2050     -145.001   -144.518   0.482528    15       946      
 7405.49 21      2129     -144.982   -144.518   0.463824    15       963      
 7473.03 21      2150     -144.982   -144.518   0.463824    11       981      
 7622.38 22      2251     -144.96    -144.518   0.441979    15       1016     
 7622.61 22      2252     -144.96    -144.518   0.441979    15       1016     
 7818.58 22      2300     -144.96    -144.518   0.441979    16       1063     
 7877.3  23      2375     -144.945   -144.518   0.426543    14       1075     
 7955.31 23      2400     -144.945   -144.518   0.426543    12       1094     
 8122.52 24      2497     -144.924   -144.518   0.405989    15       1129     
 8122.81 24      2500     -144.924   -144.518   0.405989    15       1129     
 8343.74 24      2550     -144.924   -144.518   0.405989    19       1177     
 8386.87 25      2621     -144.912   -144.518   0.393733    12       1185     
 8519.7  25      2650     -144.912   -144.518   0.393733    13       1214     
 8658.21 26      2745     -144.896   -144.518   0.377941    9        1241     
 8681.79 26      2750     -144.896   -144.518   0.377941    11       1246     
 8938.88 26      2800     -144.896   -144.518   0.377941    14       1296     
 8979.42 27      2871     -144.886   -144.518   0.367074    16       1303     
 9115.1  27      2900     -144.886   -144.518   0.367074    18       1330     
 9302.14 28      2997     -144.876   -144.519   0.357331    16       1363     
 9318.25 28      3000     -144.876   -144.519   0.357331    16       1366     
 9596.84 28      3050     -144.876   -144.519   0.357331    20       1416     
 9660    29      3125     -144.869   -144.519   0.350626    19       1426     
 9755.65 29      3150     -144.869   -144.519   0.350626    13       1444     
 9839.64 30      3251     -144.861   -144.519   0.342097    12       1458     
 9840    30      3252     -144.861   -144.519   0.342097    12       1458     
 10120.3 30      3300     -144.861   -144.519   0.342097    17       1503     
-------------------------------------------------------------------------------

SARSOP finishing ...
  Preset timeout reached
  Timeout     : 10000.000000s
  Actual Time : 10120.310000s

-------------------------------------------------------------------------------
 Time   |#Trial |#Backup |LBound    |UBound    |Precision  |#Alphas |#Beliefs  
-------------------------------------------------------------------------------
 10120.3 30      3300     -144.861   -144.519   0.342097    17       1503     
-------------------------------------------------------------------------------

Writing out policy ...
  output file : RAM4_medium/3d2a5d3a62.policyx

