
Loading the model ...
  input file   : /home/rstudio/RAM4_medium/3d44ccf7cd.pomdpx
  loading time : 4.81s 

SARSOP initializing ...
  initialization time : 10772.21s

-------------------------------------------------------------------------------
 Time   |#Trial |#Backup |LBound    |UBound    |Precision  |#Alphas |#Beliefs  
-------------------------------------------------------------------------------
 10772.2 0       0        -2590.36   -230.72    2359.65     101      1        
-------------------------------------------------------------------------------

SARSOP finishing ...
  Preset timeout reached
  Timeout     : 10000.000000s
  Actual Time : 10772.440000s

-------------------------------------------------------------------------------
 Time   |#Trial |#Backup |LBound    |UBound    |Precision  |#Alphas |#Beliefs  
-------------------------------------------------------------------------------
 10772.4 0       1        -2588.64   -2575.87   12.7764     23       2        
-------------------------------------------------------------------------------

Writing out policy ...
  output file : RAM4_medium/3d44ccf7cd.policyx

