
Loading the model ...
  input file   : /home/rstudio/RAM4_medium/3d48db649.pomdpx
  loading time : 5.00s 

SARSOP initializing ...
  initialization time : 15496.16s

-------------------------------------------------------------------------------
 Time   |#Trial |#Backup |LBound    |UBound    |Precision  |#Alphas |#Beliefs  
-------------------------------------------------------------------------------
 15496.2 0       0        -7027.1    -325.38    6701.72     101      1        
-------------------------------------------------------------------------------

SARSOP finishing ...
  Preset timeout reached
  Timeout     : 10000.000000s
  Actual Time : 15496.320000s

-------------------------------------------------------------------------------
 Time   |#Trial |#Backup |LBound    |UBound    |Precision  |#Alphas |#Beliefs  
-------------------------------------------------------------------------------
 15496.3 0       1        -6947.52   -3744.69   3202.83     34       2        
-------------------------------------------------------------------------------

Writing out policy ...
  output file : RAM4_medium/3d48db649.policyx

