
Loading the model ...
  input file   : /home/rstudio/RAM4_medium/3d56b16b36.pomdpx
  loading time : 4.92s 

SARSOP initializing ...
  initialization time : 7886.51s

-------------------------------------------------------------------------------
 Time   |#Trial |#Backup |LBound    |UBound    |Precision  |#Alphas |#Beliefs  
-------------------------------------------------------------------------------
 7886.51 0       0        -2861.89   -102.057   2759.83     101      1        
 7901.83 1       57       -2835.51   -2826.4    9.11316     63       30       
 7953.44 1       100      -2835.51   -2826.4    9.11316     31       66       
 8002.12 2       199      -2834.1    -2826.4    7.69916     56       83       
 8002.47 2       200      -2834.1    -2826.4    7.69916     48       84       
 8061.59 2       250      -2834.1    -2826.4    7.69916     30       111      
 8075.34 3       323      -2830.98   -2826.4    4.58205     33       115      
 8085.4  3       350      -2830.98   -2826.4    4.58205     25       120      
 8085.64 3       400      -2830.98   -2826.4    4.58205     23       120      
 8098.2  4       517      -2830.7    -2826.4    4.30554     29       125      
 8098.25 4       518      -2830.7    -2826.4    4.30554     28       125      
 8098.45 4       550      -2830.7    -2826.4    4.30554     25       125      
 8098.65 4       600      -2830.7    -2826.4    4.30554     20       125      
 8115.64 5       709      -2830.44   -2826.4    4.04609     22       132      
 8118.2  5       710      -2830.44   -2826.4    4.04609     20       133      
 8141.79 5       750      -2830.44   -2826.4    4.04609     17       142      
 8156.24 5       800      -2830.44   -2826.4    4.04609     15       147      
 8157.25 6       893      -2830.3    -2826.4    3.90103     15       147      
 8157.37 6       900      -2830.3    -2826.4    3.90103     14       147      
 8157.64 6       950      -2830.3    -2826.4    3.90103     15       147      
 8182.88 7       1071     -2830.21   -2826.4    3.81129     18       155      
 8182.96 7       1072     -2830.21   -2826.4    3.81129     17       155      
 8194.96 7       1100     -2830.21   -2826.4    3.81129     17       159      
 8195.21 7       1150     -2830.21   -2826.4    3.81129     18       159      
 8211.98 8       1247     -2830.01   -2826.4    3.60905     16       164      
 8212.07 8       1250     -2830.01   -2826.4    3.60905     16       164      
 8212.37 8       1300     -2830.01   -2826.4    3.60905     17       164      
 8237.64 9       1421     -2829.91   -2826.4    3.51633     16       171      
 8237.75 9       1422     -2829.91   -2826.4    3.51633     16       171      
 8238.01 9       1450     -2829.91   -2826.4    3.51633     17       171      
 8241.93 9       1500     -2829.91   -2826.4    3.51633     17       172      
 8264.77 10      1591     -2829.82   -2826.4    3.42727     16       178      
 8295.86 10      1600     -2829.82   -2826.4    3.42727     13       187      
 8296.21 10      1650     -2829.82   -2826.4    3.42727     14       187      
 8331.25 11      1755     -2829.4    -2826.4    3.00494     11       195      
 8331.34 11      1756     -2829.4    -2826.4    3.00494     12       195      
 8331.64 11      1800     -2829.4    -2826.4    3.00494     12       195      
 8355.29 12      1933     -2829.3    -2826.4    2.90481     14       201      
 8358.65 12      1934     -2829.3    -2826.4    2.90481     13       202      
 8385.09 12      1950     -2829.3    -2826.4    2.90481     10       209      
 8385.33 12      2000     -2829.3    -2826.4    2.90481     9        209      
 8406.81 13      2101     -2828.79   -2826.4    2.39505     10       214      
 8406.89 13      2102     -2828.79   -2826.4    2.39505     10       214      
 8437.06 13      2150     -2828.79   -2826.4    2.39505     12       222      
 8459.66 14      2297     -2828.73   -2826.4    2.32734     14       227      
 8459.76 14      2298     -2828.73   -2826.4    2.32734     14       227      
 8468.73 14      2300     -2828.73   -2826.4    2.32734     14       229      
 8494.41 14      2350     -2828.73   -2826.4    2.32734     15       235      
 8535.5  15      2491     -2828.68   -2826.4    2.28438     14       243      
 8535.6  15      2492     -2828.68   -2826.4    2.28438     13       243      
 8562.49 15      2500     -2828.68   -2826.4    2.28438     14       249      
 8562.8  15      2550     -2828.68   -2826.4    2.28438     14       249      
 8595.41 16      2681     -2828.62   -2826.4    2.21815     14       255      
 8595.54 16      2682     -2828.62   -2826.4    2.21815     15       255      
 8595.79 16      2700     -2828.62   -2826.4    2.21815     16       255      
 8596.06 16      2750     -2828.62   -2826.4    2.21815     16       255      
 8647.99 17      2867     -2828.57   -2826.4    2.17112     15       264      
 8648.1  17      2868     -2828.57   -2826.4    2.17112     15       264      
 8648.45 17      2900     -2828.57   -2826.4    2.17112     17       264      
 8648.77 17      2950     -2828.57   -2826.4    2.17112     17       264      
 8686.48 18      3051     -2828.51   -2826.4    2.1136      15       270      
 8686.62 18      3052     -2828.51   -2826.4    2.1136      15       270      
 8687    18      3100     -2828.51   -2826.4    2.1136      14       270      
 8767.68 19      3231     -2828.48   -2826.4    2.08449     16       282      
 8767.84 19      3232     -2828.48   -2826.4    2.08449     17       282      
 8768.15 19      3250     -2828.48   -2826.4    2.08449     16       282      
 8768.48 19      3300     -2828.48   -2826.4    2.08449     16       282      
 8818.27 20      3409     -2828.44   -2826.4    2.04602     17       289      
 8818.42 20      3410     -2828.44   -2826.4    2.04602     18       289      
 8941.41 20      3450     -2828.44   -2826.4    2.04602     17       305      
 9195.48 21      3583     -2828.4    -2826.4    1.99916     19       335      
 9195.66 21      3584     -2828.4    -2826.4    1.99916     19       335      
 9228.78 21      3600     -2828.4    -2826.4    1.99916     19       339      
 9229.17 21      3650     -2828.4    -2826.4    1.99916     19       339      
 9308.21 22      3755     -2828.37   -2826.4    1.97306     18       347      
 9308.41 22      3756     -2828.37   -2826.4    1.97306     18       347      
 9308.95 22      3800     -2828.37   -2826.4    1.97306     18       347      
 9397.09 23      3925     -2828.35   -2826.4    1.949       21       355      
 9406.64 23      3926     -2828.35   -2826.4    1.949       19       356      
 9518.81 23      3950     -2828.35   -2826.4    1.949       19       369      
 9584.1  23      4000     -2828.35   -2826.4    1.949       18       375      
 9664.92 24      4091     -2828.21   -2826.4    1.8101      14       382      
 9665.27 24      4100     -2828.21   -2826.4    1.8101      14       382      
 9665.8  24      4150     -2828.21   -2826.4    1.8101      15       382      
 9720.13 25      4263     -2828.19   -2826.4    1.78614     16       387      
 9720.33 25      4264     -2828.19   -2826.4    1.78614     16       387      
 9846.34 25      4300     -2828.19   -2826.4    1.78614     15       399      
 9974.05 26      4431     -2828.15   -2826.4    1.75399     16       410      
 9974.28 26      4432     -2828.15   -2826.4    1.75399     16       410      
 10092.7 26      4450     -2828.15   -2826.4    1.75399     16       421      
-------------------------------------------------------------------------------

SARSOP finishing ...
  Preset timeout reached
  Timeout     : 10000.000000s
  Actual Time : 10092.720000s

-------------------------------------------------------------------------------
 Time   |#Trial |#Backup |LBound    |UBound    |Precision  |#Alphas |#Beliefs  
-------------------------------------------------------------------------------
 10092.7 26      4450     -2828.15   -2826.4    1.75399     16       421      
-------------------------------------------------------------------------------

Writing out policy ...
  output file : RAM4_medium/3d56b16b36.policyx

