
Loading the model ...
  input file   : /home/rstudio/RAM4_medium/3d61adda6f.pomdpx
  loading time : 5.06s 

SARSOP initializing ...
  initialization time : 6305.16s

-------------------------------------------------------------------------------
 Time   |#Trial |#Backup |LBound    |UBound    |Precision  |#Alphas |#Beliefs  
-------------------------------------------------------------------------------
 6305.16 0       0        -640.092   -640.056   0.0353742   101      1        
 6310.54 1       73       -640.075   -640.06    0.0155286   1        38       
 6320.01 1       100      -640.075   -640.06    0.0155286   1        65       
 6326.92 2       150      -640.067   -640.06    0.00719722  1        78       
 6347.91 3       223      -640.063   -640.06    0.00316583  1        113      
 6370.07 3       250      -640.063   -640.06    0.00316583  1        140      
 6387.99 4       300      -640.061   -640.06    0.00151445  1        158      
 6413.66 6       359      -640.06    -640.06    0.000546437 1        181      
 6442.08 9       403      -640.06    -640.06    0.00018765  1        203      
 6463.57 13      435      -640.06    -640.06    -4.24236e-06 11       218      
-------------------------------------------------------------------------------

SARSOP finishing ...
  target precision reached
  target precision  : 0.000000
  precision reached : -0.000004 

-------------------------------------------------------------------------------
 Time   |#Trial |#Backup |LBound    |UBound    |Precision  |#Alphas |#Beliefs  
-------------------------------------------------------------------------------
 6463.57 13      435      -640.06    -640.06    -4.24236e-06 1        218      
-------------------------------------------------------------------------------

Writing out policy ...
  output file : RAM4_medium/3d61adda6f.policyx

