
Loading the model ...
  input file   : /home/rstudio/RAM4_medium/3d6d35a87a.pomdpx
  loading time : 5.22s 

SARSOP initializing ...
  initialization time : 4034.18s

-------------------------------------------------------------------------------
 Time   |#Trial |#Backup |LBound    |UBound    |Precision  |#Alphas |#Beliefs  
-------------------------------------------------------------------------------
 4034.18 0       0        -5349.08   -5348.57   0.507051    101      1        
 4040.1  1       50       -5348.76   -5348.6    0.165437    2        27       
 4058.6  2       100      -5348.66   -5348.6    0.0559787   1        55       
 4082.21 4       157      -5348.61   -5348.6    0.00366482  1        80       
 4089.23 5       169      -5348.6    -5348.6    -0.000882219 1        85       
-------------------------------------------------------------------------------

SARSOP finishing ...
  target precision reached
  target precision  : 0.000000
  precision reached : -0.000882 

-------------------------------------------------------------------------------
 Time   |#Trial |#Backup |LBound    |UBound    |Precision  |#Alphas |#Beliefs  
-------------------------------------------------------------------------------
 4089.23 5       169      -5348.6    -5348.6    -0.000882219 1        85       
-------------------------------------------------------------------------------

Writing out policy ...
  output file : RAM4_medium/3d6d35a87a.policyx

