
Loading the model ...
  input file   : /home/rstudio/RAM4_medium/3d743e6be7.pomdpx
  loading time : 4.98s 

SARSOP initializing ...
  initialization time : 10746.50s

-------------------------------------------------------------------------------
 Time   |#Trial |#Backup |LBound    |UBound    |Precision  |#Alphas |#Beliefs  
-------------------------------------------------------------------------------
 10746.5 0       0        -1731.04   -239.985   1491.05     101      1        
-------------------------------------------------------------------------------

SARSOP finishing ...
  Preset timeout reached
  Timeout     : 10000.000000s
  Actual Time : 10746.710000s

-------------------------------------------------------------------------------
 Time   |#Trial |#Backup |LBound    |UBound    |Precision  |#Alphas |#Beliefs  
-------------------------------------------------------------------------------
 10746.7 0       1        -1728.64   -1715.29   13.3463     14       2        
-------------------------------------------------------------------------------

Writing out policy ...
  output file : RAM4_medium/3d743e6be7.policyx

