
Loading the model ...
  input file   : /home/rstudio/RAM4_medium/3d7d42afc7.pomdpx
  loading time : 4.65s 

SARSOP initializing ...
  initialization time : 3103.54s

-------------------------------------------------------------------------------
 Time   |#Trial |#Backup |LBound    |UBound    |Precision  |#Alphas |#Beliefs  
-------------------------------------------------------------------------------
 3103.54 0       0        -161.445   -156.299   5.14579     101      1        
 3106.62 1       57       -159.059   -156.475   2.58315     20       30       
 3110.15 2       111      -158.462   -156.475   1.9868      18       57       
 3111.23 3       175      -158.105   -156.476   1.62917     30       88       
 3112.63 3       200      -158.105   -156.476   1.62917     46       111      
 3115.08 4       250      -157.62    -156.476   1.14465     43       132      
 3117.78 5       301      -157.362   -156.476   0.885416    46       149      
 3123.05 6       357      -157.193   -156.476   0.716287    44       177      
 3128.2  7       407      -157.081   -156.476   0.604895    53       201      
 3131.25 8       465      -157.011   -156.476   0.534756    36       230      
 3134.92 9       517      -156.901   -156.476   0.42409     67       256      
 3140.2  10      573      -156.827   -156.477   0.350557    61       284      
 3145.72 11      600      -156.827   -156.477   0.350557    53       310      
 3151.87 11      650      -156.781   -156.477   0.304158    49       334      
 3158.51 13      721      -156.715   -156.477   0.237589    74       358      
 3166.22 14      769      -156.69    -156.477   0.213135    69       382      
 3174.49 15      817      -156.674   -156.477   0.196485    70       406      
 3182.38 16      863      -156.658   -156.478   0.180846    60       428      
 3186.87 17      931      -156.629   -156.478   0.150998    62       456      
 3191.91 17      950      -156.629   -156.478   0.150998    47       475      
 3197.07 18      1005     -156.621   -156.478   0.143       55       493      
 3206.6  19      1065     -156.608   -156.478   0.13027     52       523      
 3217.86 20      1125     -156.599   -156.478   0.121037    45       553      
 3228.07 20      1150     -156.599   -156.478   0.121037    48       578      
 3236.6  21      1200     -156.593   -156.478   0.115375    45       597      
 3246.17 22      1250     -156.586   -156.478   0.108146    47       617      
 3258.41 23      1307     -156.581   -156.478   0.103283    49       643      
 3273.69 24      1369     -156.576   -156.478   0.0980358   41       673      
 3289.14 25      1429     -156.572   -156.478   0.0937348   43       702      
 3300.36 25      1450     -156.572   -156.478   0.0937348   42       723      
 3311.6  26      1500     -156.566   -156.478   0.0877592   44       742      
 3324.33 27      1555     -156.563   -156.478   0.0847491   46       764      
 3345.13 28      1621     -156.56    -156.478   0.0818277   45       797      
 3363.91 28      1650     -156.56    -156.478   0.0818277   46       826      
 3375.76 29      1700     -156.557   -156.478   0.0790103   44       843      
 3390.76 30      1755     -156.555   -156.479   0.0761862   50       864      
 3418.02 31      1825     -156.552   -156.479   0.0731208   45       899      
 3438.64 31      1850     -156.552   -156.479   0.0731208   42       924      
 3450.18 32      1900     -156.551   -156.479   0.0717956   43       937      
 3477.49 33      1969     -156.548   -156.479   0.0687326   44       970      
 3507.29 33      2000     -156.548   -156.479   0.0687326   46       1001     
 3519.26 34      2050     -156.546   -156.479   0.0670716   48       1013     
 3554.19 35      2121     -156.545   -156.479   0.0658659   33       1045     
 3581.35 35      2150     -156.545   -156.479   0.0658659   30       1074     
 3593.95 36      2200     -156.543   -156.479   0.0641804   32       1085     
 3628.35 37      2279     -156.541   -156.479   0.0622776   30       1123     
 3645.54 37      2300     -156.541   -156.479   0.0622776   30       1144     
 3662.17 38      2361     -156.54    -156.479   0.0611408   31       1163     
 3691.85 38      2400     -156.54    -156.479   0.0611408   29       1202     
 3699.74 39      2450     -156.539   -156.479   0.0601171   36       1211     
 3726.3  40      2527     -156.538   -156.479   0.0588374   33       1246     
 3742.96 40      2550     -156.538   -156.479   0.0588374   31       1269     
 3758.35 41      2613     -156.536   -156.479   0.0567316   28       1288     
 3785.49 41      2650     -156.536   -156.479   0.0567316   24       1325     
 3792.74 42      2705     -156.535   -156.479   0.0555159   30       1333     
 3827.53 42      2750     -156.535   -156.479   0.0555159   36       1378     
 3831.67 43      2800     -156.534   -156.479   0.0546455   46       1381     
 3872.36 44      2895     -156.533   -156.48    0.0534763   35       1427     
 3877.18 44      2900     -156.533   -156.48    0.0534763   38       1432     
 3920.04 45      2995     -156.532   -156.48    0.0529558   37       1476     
 3925.1  45      3000     -156.532   -156.48    0.0529558   37       1481     
 3968.82 46      3095     -156.532   -156.48    0.0523344   33       1525     
 3973.08 46      3100     -156.532   -156.48    0.0523344   36       1530     
 4015.21 47      3193     -156.531   -156.48    0.0518328   32       1573     
 4021.77 47      3200     -156.531   -156.48    0.0518328   36       1580     
 4062.23 48      3291     -156.531   -156.48    0.0513199   39       1621     
 4070.46 48      3300     -156.531   -156.48    0.0513199   44       1630     
 4112.27 49      3391     -156.531   -156.48    0.0509765   43       1670     
 4120.66 49      3400     -156.531   -156.48    0.0509765   46       1679     
 4161.74 50      3491     -156.53    -156.48    0.0506825   42       1719     
 4171.09 50      3500     -156.53    -156.48    0.0506825   49       1728     
 4212.52 51      3589     -156.53    -156.48    0.0504532   51       1767     
 4223.97 51      3600     -156.53    -156.48    0.0504532   56       1778     
 4265.13 52      3689     -156.53    -156.48    0.0502072   45       1816     
 4277.1  52      3700     -156.53    -156.48    0.0502072   53       1827     
 4321.41 53      3787     -156.53    -156.48    0.050097    54       1865     
 4336.9  53      3800     -156.53    -156.48    0.050097    61       1878     
 4380.01 54      3887     -156.529   -156.48    0.049455    60       1915     
 4394.72 54      3900     -156.529   -156.48    0.049455    68       1928     
 4441.61 55      3989     -156.529   -156.48    0.0488546   66       1965     
 4453.93 55      4000     -156.529   -156.48    0.0488546   70       1976     
 4500.15 56      4091     -156.529   -156.48    0.0487323   54       2015     
 4510.9  56      4100     -156.529   -156.48    0.0487323   58       2024     
 4560.82 57      4195     -156.528   -156.48    0.048243    53       2066     
 4566.05 57      4200     -156.528   -156.48    0.048243    55       2071     
 4620.91 58      4301     -156.528   -156.48    0.0480846   54       2118     
 4622.44 58      4302     -156.528   -156.48    0.0480846   55       2119     
 4683.45 58      4350     -156.528   -156.48    0.0480846   63       2167     
 4689.23 59      4407     -156.528   -156.48    0.0480328   59       2170     
 4745.09 59      4450     -156.528   -156.48    0.0480328   56       2213     
 4755.97 60      4511     -156.528   -156.48    0.0478508   54       2221     
 4804.47 60      4550     -156.528   -156.48    0.0478508   49       2260     
 4821.85 61      4615     -156.528   -156.48    0.0477318   56       2272     
 4866.33 61      4650     -156.528   -156.48    0.0477318   59       2307     
 4890.29 62      4719     -156.527   -156.48    0.0476326   56       2324     
 4933.56 62      4750     -156.527   -156.48    0.0476326   68       2355     
 4966.4  63      4825     -156.527   -156.48    0.0472733   65       2376     
 5001.95 63      4850     -156.527   -156.48    0.0472733   74       2401     
 5045.17 64      4931     -156.527   -156.48    0.047107    67       2428     
 5074.33 64      4950     -156.527   -156.48    0.047107    80       2447     
 5129.28 65      5037     -156.527   -156.48    0.0469981   75       2480     
 5149.75 65      5050     -156.527   -156.48    0.0469981   86       2493     
 5219.68 66      5143     -156.527   -156.48    0.046925    64       2532     
 5233.39 66      5150     -156.527   -156.48    0.046925    69       2539     
 5326.12 67      5251     -156.527   -156.48    0.0467047   66       2585     
 5326.66 67      5252     -156.527   -156.48    0.0467047   66       2585     
 5427.56 67      5300     -156.527   -156.48    0.0467047   74       2633     
 5437.18 68      5357     -156.527   -156.48    0.0465841   74       2636     
 5538.78 68      5400     -156.527   -156.48    0.0465841   72       2678     
 5564.46 69      5465     -156.527   -156.48    0.0465396   71       2688     
 5648.11 69      5500     -156.527   -156.48    0.0465396   71       2722     
 5695.68 70      5569     -156.527   -156.48    0.0464917   69       2739     
 5761.55 70      5600     -156.527   -156.48    0.0464917   63       2770     
 5809.64 71      5675     -156.526   -156.48    0.0459158   61       2791     
 5862.82 71      5700     -156.526   -156.48    0.0459158   70       2816     
 5931.83 72      5785     -156.526   -156.48    0.0458816   62       2845     
 5964.1  72      5800     -156.526   -156.48    0.0458816   70       2860     
 6047.07 73      5895     -156.526   -156.48    0.0457924   71       2899     
 6057.13 73      5900     -156.526   -156.48    0.0457924   70       2904     
 6171.87 74      5950     -156.526   -156.48    0.0457924   74       2953     
 6174.42 74      6005     -156.526   -156.48    0.0457675   74       2953     
 6283.16 74      6050     -156.526   -156.48    0.0457675   85       2998     
 6305.44 75      6113     -156.526   -156.48    0.0457465   67       3006     
 6383.31 75      6150     -156.526   -156.48    0.0457465   78       3042     
 6422.45 76      6221     -156.526   -156.48    0.0457325   65       3058     
 6487.88 76      6250     -156.526   -156.48    0.0457325   74       3086     
 6547.59 77      6329     -156.526   -156.48    0.0457012   65       3110     
 6600.5  77      6350     -156.526   -156.48    0.0457012   71       3131     
 6685.69 78      6435     -156.526   -156.48    0.0456773   74       3162     
 6729.08 78      6450     -156.526   -156.48    0.0456773   79       3177     
 6841.8  79      6543     -156.526   -156.48    0.0456202   73       3215     
 6860.93 79      6550     -156.526   -156.48    0.0456202   77       3221     
 7012.83 80      6651     -156.526   -156.48    0.0456057   80       3267     
 7016.57 80      6652     -156.526   -156.48    0.0456057   80       3268     
 7176.73 80      6700     -156.526   -156.48    0.0456057   90       3316     
 7189.3  81      6757     -156.526   -156.48    0.0455809   92       3319     
 7311.19 81      6800     -156.526   -156.48    0.0455809   106      3360     
 7343.19 82      6865     -156.526   -156.48    0.0455533   78       3370     
 7454.58 82      6900     -156.526   -156.48    0.0455533   86       3404     
 7514.17 83      6973     -156.526   -156.48    0.0455218   75       3422     
 7604.58 83      7000     -156.526   -156.48    0.0455218   85       3448     
 7681.67 84      7077     -156.525   -156.48    0.0453412   85       3472     
 7760.45 84      7100     -156.525   -156.48    0.0453412   92       3495     
 7859.47 85      7185     -156.525   -156.48    0.0452541   68       3525     
 7905.04 85      7200     -156.525   -156.48    0.0452541   76       3539     
 8027.91 86      7293     -156.525   -156.48    0.0452247   72       3577     
 8051.37 86      7300     -156.525   -156.48    0.0452247   74       3583     
 8211.68 87      7401     -156.525   -156.48    0.0451991   78       3629     
 8215.51 87      7402     -156.525   -156.48    0.0451991   78       3630     
 8401.51 87      7450     -156.525   -156.48    0.0451991   78       3678     
 8413.55 88      7505     -156.525   -156.48    0.0451678   81       3680     
 8583.19 88      7550     -156.525   -156.48    0.0451678   77       3725     
 8610.94 89      7609     -156.525   -156.48    0.0448902   76       3731     
 8770.71 89      7650     -156.525   -156.48    0.0448902   88       3772     
 8823.78 90      7717     -156.525   -156.48    0.044855    79       3784     
 8955.96 90      7750     -156.525   -156.48    0.044855    89       3816     
 9046.4  91      7825     -156.525   -156.48    0.044793    82       3836     
 9137.76 91      7850     -156.525   -156.48    0.044793    89       3857     
 9271.14 92      7933     -156.525   -156.48    0.0447766   80       3885     
 9342.44 92      7950     -156.525   -156.48    0.0447766   84       3901     
 9518.77 93      8041     -156.525   -156.48    0.0447591   92       3937     
 9560.4  93      8050     -156.525   -156.48    0.0447591   99       3945     
 9773.13 94      8147     -156.525   -156.48    0.0447404   120      3988     
 9774.57 94      8150     -156.525   -156.48    0.0447404   120      3988     
 9981.07 94      8200     -156.525   -156.48    0.0447404   110      4033     
 9985.18 95      8255     -156.525   -156.48    0.0447339   101      4033     
 10219.2 95      8300     -156.525   -156.48    0.0447339   99       4077     
-------------------------------------------------------------------------------

SARSOP finishing ...
  Preset timeout reached
  Timeout     : 10000.000000s
  Actual Time : 10219.200000s

-------------------------------------------------------------------------------
 Time   |#Trial |#Backup |LBound    |UBound    |Precision  |#Alphas |#Beliefs  
-------------------------------------------------------------------------------
 10219.2 95      8300     -156.525   -156.48    0.0447339   99       4077     
-------------------------------------------------------------------------------

Writing out policy ...
  output file : RAM4_medium/3d7d42afc7.policyx

