
Loading the model ...
  input file   : /home/rstudio/RAM4_medium/3e13580c6a.pomdpx
  loading time : 4.90s 

SARSOP initializing ...
  initialization time : 9476.16s

-------------------------------------------------------------------------------
 Time   |#Trial |#Backup |LBound    |UBound    |Precision  |#Alphas |#Beliefs  
-------------------------------------------------------------------------------
 9476.16 0       0        -6399.8    -190.697   6209.1      101      1        
 9478.01 0       50       -6298.24   -5110.91   1187.33     71       12       
 9478.5  0       100      -6298.24   -5110.91   1187.33     82       12       
 9480.24 1       245      -6005.95   -5110.91   895.038     88       14       
 9480.25 1       246      -6005.95   -5110.91   895.038     89       14       
 9480.27 1       250      -6005.95   -5110.91   895.038     93       14       
 9480.45 1       300      -6005.95   -5110.91   895.038     76       14       
 9480.64 1       350      -6005.95   -5110.91   895.038     82       14       
 9481.68 2       477      -5785.18   -5110.91   674.264     72       16       
 9481.69 2       478      -5785.18   -5110.91   674.264     73       16       
 9481.77 2       500      -5785.18   -5110.91   674.264     85       16       
 9481.94 2       550      -5785.18   -5110.91   674.264     105      16       
 9483.23 3       711      -5622.27   -5110.91   511.362     13       18       
 9483.23 3       712      -5622.27   -5110.91   511.362     11       18       
 9483.24 3       713      -5622.27   -5110.91   511.362     10       18       
 9483.32 3       750      -5622.27   -5110.91   511.362     9        18       
 9483.39 3       800      -5622.27   -5110.91   511.362     8        18       
 9484.03 4       947      -5510.66   -5110.91   399.745     9        18       
 9484.04 4       948      -5510.66   -5110.91   399.745     9        18       
 9484.04 4       950      -5510.66   -5110.91   399.745     8        18       
 9484.14 4       1000     -5510.66   -5110.91   399.745     8        18       
 9484.21 4       1050     -5510.66   -5110.91   399.745     8        18       
 9484.83 5       1187     -5433.14   -5110.91   322.231     8        19       
 9484.83 5       1188     -5433.14   -5110.91   322.231     7        19       
 9484.86 5       1200     -5433.14   -5110.91   322.231     8        19       
 9484.95 5       1250     -5433.14   -5110.91   322.231     8        19       
 9485.02 5       1300     -5433.14   -5110.91   322.231     8        19       
 9485.65 6       1427     -5377.22   -5110.91   266.31      8        20       
 9485.66 6       1428     -5377.22   -5110.91   266.31      7        20       
 9485.7  6       1450     -5377.22   -5110.91   266.31      7        20       
 9485.78 6       1500     -5377.22   -5110.91   266.31      7        20       
 9486.32 7       1667     -5332.93   -5110.91   222.017     8        20       
 9486.32 7       1668     -5332.93   -5110.91   222.017     7        20       
 9486.33 7       1669     -5332.93   -5110.91   222.017     6        20       
 9486.39 7       1700     -5332.93   -5110.91   222.017     9        20       
 9486.46 7       1750     -5332.93   -5110.91   222.017     7        20       
 9487.29 8       1909     -5298.99   -5110.91   188.083     8        22       
 9487.3  8       1910     -5298.99   -5110.91   188.083     7        22       
 9487.3  8       1911     -5298.99   -5110.91   188.083     6        22       
 9487.37 8       1950     -5298.99   -5110.91   188.083     8        22       
 9487.44 8       2000     -5298.99   -5110.91   188.083     8        22       
 9487.98 9       2151     -5271.81   -5110.91   160.902     8        22       
 9487.98 9       2152     -5271.81   -5110.91   160.902     7        22       
 9487.98 9       2153     -5271.81   -5110.91   160.902     5        22       
 9488.07 9       2200     -5271.81   -5110.91   160.902     6        22       
 9488.14 9       2250     -5271.81   -5110.91   160.902     6        22       
 9488.79 10      2395     -5251.21   -5110.91   140.303     8        23       
 9488.79 10      2396     -5251.21   -5110.91   140.303     8        23       
 9488.8  10      2400     -5251.21   -5110.91   140.303     8        23       
 9488.89 10      2450     -5251.21   -5110.91   140.303     9        23       
 9488.96 10      2500     -5251.21   -5110.91   140.303     9        23       
 9489.77 11      2639     -5234.65   -5110.91   123.737     8        25       
 9489.78 11      2640     -5234.65   -5110.91   123.737     7        25       
 9489.81 11      2650     -5234.65   -5110.91   123.737     7        25       
 9489.88 11      2700     -5234.65   -5110.91   123.737     7        25       
 9489.96 11      2750     -5234.65   -5110.91   123.737     8        25       
 9490.63 12      2883     -5219.51   -5110.91   108.599     9        26       
 9490.64 12      2884     -5219.51   -5110.91   108.599     9        26       
 9490.67 12      2900     -5219.51   -5110.91   108.599     9        26       
 9490.76 12      2950     -5219.51   -5110.91   108.599     12       26       
 9490.84 12      3000     -5219.51   -5110.91   108.599     12       26       
 9491.3  13      3129     -5207.05   -5110.91   96.1377     8        26       
 9491.3  13      3130     -5207.05   -5110.91   96.1377     8        26       
 9491.34 13      3150     -5207.05   -5110.91   96.1377     8        26       
 9491.42 13      3200     -5207.05   -5110.91   96.1377     11       26       
 9491.71 13      3250     -5207.05   -5110.91   96.1377     11       27       
 9492.37 14      3375     -5196.73   -5110.91   85.8218     8        28       
 9492.38 14      3376     -5196.73   -5110.91   85.8218     7        28       
 9492.42 14      3400     -5196.73   -5110.91   85.8218     9        28       
 9492.5  14      3450     -5196.73   -5110.91   85.8218     8        28       
 9494.04 15      3623     -5191.64   -5110.91   80.7245     9        31       
 9494.05 15      3624     -5191.64   -5110.91   80.7245     9        31       
 9494.06 15      3625     -5191.64   -5110.91   80.7245     8        31       
 9494.11 15      3650     -5191.64   -5110.91   80.7245     9        31       
 9494.18 15      3700     -5191.64   -5110.91   80.7245     9        31       
 9496.53 16      3863     -5187.89   -5110.91   76.9759     11       35       
 9497.07 16      3864     -5187.89   -5110.91   76.9759     9        36       
 9497.74 16      3865     -5187.89   -5110.91   76.9759     8        37       
 9499.29 16      3900     -5187.89   -5110.91   76.9759     9        40       
 9499.38 16      3950     -5187.89   -5110.91   76.9759     9        40       
 9501.79 17      4093     -5168.12   -5110.91   57.212      6        43       
 9501.8  17      4094     -5168.12   -5110.91   57.212      7        43       
 9501.83 17      4100     -5168.12   -5110.91   57.212      8        43       
 9501.92 17      4150     -5168.12   -5110.91   57.212      8        43       
 9502.01 17      4200     -5168.12   -5110.91   57.212      8        43       
 9502.71 18      4359     -5165.22   -5110.91   54.3125     11       43       
 9502.73 18      4360     -5165.22   -5110.91   54.3125     9        43       
 9502.73 18      4361     -5165.22   -5110.91   54.3125     8        43       
 9502.81 18      4400     -5165.22   -5110.91   54.3125     9        43       
 9502.91 18      4450     -5165.22   -5110.91   54.3125     9        43       
 9504.27 19      4623     -5162.78   -5110.91   51.8681     9        44       
 9504.28 19      4624     -5162.78   -5110.91   51.8681     8        44       
 9504.29 19      4625     -5162.78   -5110.91   51.8681     8        44       
 9504.35 19      4650     -5162.78   -5110.91   51.8681     9        44       
 9504.43 19      4700     -5162.78   -5110.91   51.8681     9        44       
 9504.52 19      4750     -5162.78   -5110.91   51.8681     8        44       
 9505.63 20      4879     -5160.85   -5110.91   49.9356     10       45       
 9506.26 20      4880     -5160.85   -5110.91   49.9356     8        46       
 9508.36 20      4900     -5160.85   -5110.91   49.9356     8        49       
 9508.46 20      4950     -5160.85   -5110.91   49.9356     8        49       
 9508.56 20      5000     -5160.85   -5110.91   49.9356     8        49       
 9510.08 21      5129     -5152.18   -5110.91   41.2667     5        50       
 9510.09 21      5130     -5152.18   -5110.91   41.2667     6        50       
 9510.15 21      5150     -5152.18   -5110.91   41.2667     8        50       
 9510.25 21      5200     -5152.18   -5110.91   41.2667     8        50       
 9510.34 21      5250     -5152.18   -5110.91   41.2667     8        50       
 9511.06 22      5399     -5150.16   -5110.91   39.2524     8        50       
 9511.07 22      5400     -5150.16   -5110.91   39.2524     8        50       
 9511.09 22      5401     -5150.16   -5110.91   39.2524     8        50       
 9511.19 22      5450     -5150.16   -5110.91   39.2524     9        50       
 9511.29 22      5500     -5150.16   -5110.91   39.2524     9        50       
 9514.3  23      5663     -5148.6    -5110.91   37.6919     9        53       
 9514.32 23      5664     -5148.6    -5110.91   37.6919     8        53       
 9514.33 23      5665     -5148.6    -5110.91   37.6919     8        53       
 9514.41 23      5700     -5148.6    -5110.91   37.6919     8        53       
 9514.51 23      5750     -5148.6    -5110.91   37.6919     8        53       
 9518.72 24      5923     -5147.33   -5110.91   36.4129     8        57       
 9519.68 24      5924     -5147.33   -5110.91   36.4129     9        58       
 9520.79 24      5925     -5147.33   -5110.91   36.4129     8        59       
 9522.46 24      5950     -5147.33   -5110.91   36.4129     10       61       
 9522.57 24      6000     -5147.33   -5110.91   36.4129     10       61       
 9525.61 25      6175     -5141.74   -5110.91   30.8299     7        63       
 9525.64 25      6176     -5141.74   -5110.91   30.8299     7        63       
 9525.66 25      6177     -5141.74   -5110.91   30.8299     6        63       
 9525.72 25      6200     -5141.74   -5110.91   30.8299     8        63       
 9525.82 25      6250     -5141.74   -5110.91   30.8299     8        63       
 9525.93 25      6300     -5141.74   -5110.91   30.8299     8        63       
 9527.7  26      6445     -5140.48   -5110.91   29.5633     10       64       
 9527.72 26      6446     -5140.48   -5110.91   29.5633     9        64       
 9527.75 26      6450     -5140.48   -5110.91   29.5633     9        64       
 9527.86 26      6500     -5140.48   -5110.91   29.5633     9        64       
 9527.96 26      6550     -5140.48   -5110.91   29.5633     9        64       
 9531.03 27      6711     -5139.48   -5110.91   28.5676     7        66       
 9532.25 27      6712     -5139.48   -5110.91   28.5676     7        67       
 9533.51 27      6713     -5139.48   -5110.91   28.5676     7        68       
 9534.67 27      6750     -5139.48   -5110.91   28.5676     8        69       
 9534.78 27      6800     -5139.48   -5110.91   28.5676     8        69       
 9535.4  28      6971     -5138.36   -5110.91   27.4509     7        69       
 9535.43 28      6972     -5138.36   -5110.91   27.4509     8        69       
 9535.45 28      6973     -5138.36   -5110.91   27.4509     8        69       
 9535.53 28      7000     -5138.36   -5110.91   27.4509     9        69       
 9535.64 28      7050     -5138.36   -5110.91   27.4509     9        69       
 9539.93 29      7100     -5138.36   -5110.91   27.4509     11       72       
 9540.58 29      7229     -5137.63   -5110.91   26.7169     12       72       
 9540.6  29      7230     -5137.63   -5110.91   26.7169     12       72       
 9540.68 29      7250     -5137.63   -5110.91   26.7169     14       72       
 9540.79 29      7300     -5137.63   -5110.91   26.7169     14       72       
 9540.91 29      7350     -5137.63   -5110.91   26.7169     14       72       
 9542.9  30      7479     -5133.36   -5110.91   22.445      7        73       
 9544.25 30      7480     -5133.36   -5110.91   22.445      7        74       
 9545.2  30      7500     -5133.36   -5110.91   22.445      9        75       
 9545.31 30      7550     -5133.36   -5110.91   22.445      9        75       
 9545.43 30      7600     -5133.36   -5110.91   22.445      9        75       
 9549.38 31      7751     -5132.62   -5110.91   21.7027     8        77       
 9549.41 31      7752     -5132.62   -5110.91   21.7027     8        77       
 9549.44 31      7753     -5132.62   -5110.91   21.7027     8        77       
 9549.56 31      7800     -5132.62   -5110.91   21.7027     9        77       
 9549.68 31      7850     -5132.62   -5110.91   21.7027     9        77       
 9552.12 32      8017     -5131.84   -5110.91   20.9273     10       78       
 9552.15 32      8018     -5131.84   -5110.91   20.9273     11       78       
 9552.18 32      8019     -5131.84   -5110.91   20.9273     9        78       
 9552.27 32      8050     -5131.84   -5110.91   20.9273     11       78       
 9552.39 32      8100     -5131.84   -5110.91   20.9273     11       78       
 9557.78 33      8281     -5131.3    -5110.91   20.3903     13       81       
 9559.28 33      8282     -5131.3    -5110.91   20.3903     13       82       
 9560.86 33      8283     -5131.3    -5110.91   20.3903     13       83       
 9561.61 33      8300     -5131.3    -5110.91   20.3903     17       84       
 9561.74 33      8350     -5131.3    -5110.91   20.3903     17       84       
 9561.86 33      8400     -5131.3    -5110.91   20.3903     17       84       
 9562.42 34      8537     -5128.71   -5110.91   17.7989     6        84       
 9562.44 34      8538     -5128.71   -5110.91   17.7989     6        84       
 9562.49 34      8550     -5128.71   -5110.91   17.7989     8        84       
 9562.6  34      8600     -5128.71   -5110.91   17.7989     8        84       
 9562.71 34      8650     -5128.71   -5110.91   17.7989     8        84       
 9567.13 35      8809     -5128.17   -5110.91   17.257      9        87       
 9567.16 35      8810     -5128.17   -5110.91   17.257      9        87       
 9567.19 35      8811     -5128.17   -5110.91   17.257      7        87       
 9567.29 35      8850     -5128.17   -5110.91   17.257      8        87       
 9567.41 35      8900     -5128.17   -5110.91   17.257      8        87       
 9572.46 36      9077     -5127.76   -5110.91   16.8469     9        90       
 9572.49 36      9078     -5127.76   -5110.91   16.8469     9        90       
 9572.52 36      9079     -5127.76   -5110.91   16.8469     8        90       
 9572.6  36      9100     -5127.76   -5110.91   16.8469     10       90       
 9572.71 36      9150     -5127.76   -5110.91   16.8469     9        90       
 9572.83 36      9200     -5127.76   -5110.91   16.8469     9        90       
 9579.82 37      9343     -5127.39   -5110.91   16.4711     11       94       
 9581.39 37      9344     -5127.39   -5110.91   16.4711     12       95       
 9585.75 37      9350     -5127.39   -5110.91   16.4711     13       98       
 9585.89 37      9400     -5127.39   -5110.91   16.4711     14       98       
 9586.03 37      9450     -5127.39   -5110.91   16.4711     14       98       
 9591.09 38      9603     -5125.55   -5110.91   14.6386     7        100      
 9591.12 38      9604     -5125.55   -5110.91   14.6386     7        100      
 9591.16 38      9605     -5125.55   -5110.91   14.6386     7        100      
 9591.28 38      9650     -5125.55   -5110.91   14.6386     10       100      
 9591.41 38      9700     -5125.55   -5110.91   14.6386     10       100      
 9592.13 39      9875     -5125.13   -5110.91   14.2144     8        100      
 9592.16 39      9876     -5125.13   -5110.91   14.2144     8        100      
 9592.2  39      9877     -5125.13   -5110.91   14.2144     8        100      
 9592.27 39      9900     -5125.13   -5110.91   14.2144     9        100      
 9592.4  39      9950     -5125.13   -5110.91   14.2144     9        100      
 9592.52 39      10000    -5125.13   -5110.91   14.2144     9        100      
 9597.27 40      10143    -5124.81   -5110.91   13.8957     9        102      
 9597.31 40      10144    -5124.81   -5110.91   13.8957     9        102      
 9597.35 40      10150    -5124.81   -5110.91   13.8957     9        102      
 9597.48 40      10200    -5124.81   -5110.91   13.8957     9        102      
 9597.61 40      10250    -5124.81   -5110.91   13.8957     9        102      
 9606.02 41      10407    -5124.54   -5110.91   13.6218     12       106      
 9606.06 41      10408    -5124.54   -5110.91   13.6218     13       106      
 9606.1  41      10409    -5124.54   -5110.91   13.6218     12       106      
 9606.23 41      10450    -5124.54   -5110.91   13.6218     13       106      
 9606.37 41      10500    -5124.54   -5110.91   13.6218     13       106      
 9622.65 42      10665    -5123.11   -5110.91   12.1997     11       114      
 9622.69 42      10666    -5123.11   -5110.91   12.1997     12       114      
 9622.73 42      10667    -5123.11   -5110.91   12.1997     10       114      
 9622.85 42      10700    -5123.11   -5110.91   12.1997     12       114      
 9623    42      10750    -5123.11   -5110.91   12.1997     12       114      
 9633.98 42      10800    -5123.11   -5110.91   12.1997     12       119      
 9639.28 43      10939    -5122.85   -5110.91   11.9336     9        121      
 9641.57 43      10940    -5122.85   -5110.91   11.9336     10       122      
 9647.57 43      10950    -5122.85   -5110.91   11.9336     10       125      
 9647.71 43      11000    -5122.85   -5110.91   11.9336     10       125      
 9647.85 43      11050    -5122.85   -5110.91   11.9336     10       125      
 9661.33 44      11207    -5122.09   -5110.92   11.1727     9        130      
 9661.38 44      11208    -5122.09   -5110.92   11.1727     9        130      
 9661.42 44      11209    -5122.09   -5110.92   11.1727     8        130      
 9661.56 44      11250    -5122.09   -5110.92   11.1727     8        130      
 9661.71 44      11300    -5122.09   -5110.92   11.1727     8        130      
 9673.03 45      11475    -5121.83   -5110.92   10.9179     9        134      
 9673.08 45      11476    -5121.83   -5110.92   10.9179     9        134      
 9673.12 45      11477    -5121.83   -5110.92   10.9179     9        134      
 9673.22 45      11500    -5121.83   -5110.92   10.9179     9        134      
 9673.37 45      11550    -5121.83   -5110.92   10.9179     9        134      
 9673.52 45      11600    -5121.83   -5110.92   10.9179     9        134      
 9684.43 46      11739    -5121.06   -5110.92   10.1425     9        138      
 9684.48 46      11740    -5121.06   -5110.92   10.1425     9        138      
 9684.56 46      11750    -5121.06   -5110.92   10.1425     9        138      
 9684.72 46      11800    -5121.06   -5110.92   10.1425     8        138      
 9684.88 46      11850    -5121.06   -5110.92   10.1425     8        138      
 9699.44 47      12005    -5120.85   -5110.92   9.93334     11       143      
 9702.09 47      12006    -5120.85   -5110.92   9.93334     12       144      
 9704.71 47      12007    -5120.85   -5110.92   9.93334     12       145      
 9707.34 47      12050    -5120.85   -5110.92   9.93334     12       146      
 9707.5  47      12100    -5120.85   -5110.92   9.93334     12       146      
 9719.8  48      12267    -5120.15   -5110.92   9.23168     9        150      
 9719.85 48      12268    -5120.15   -5110.92   9.23168     9        150      
 9719.9  48      12269    -5120.15   -5110.92   9.23168     8        150      
 9720.02 48      12300    -5120.15   -5110.92   9.23168     9        150      
 9720.18 48      12350    -5120.15   -5110.92   9.23168     9        150      
 9740.33 49      12400    -5120.15   -5110.92   9.23168     11       157      
 9740.9  49      12533    -5119.97   -5110.92   9.05632     11       157      
 9740.96 49      12534    -5119.97   -5110.92   9.05632     10       157      
 9741.05 49      12550    -5119.97   -5110.92   9.05632     10       157      
 9741.21 49      12600    -5119.97   -5110.92   9.05632     10       157      
 9741.36 49      12650    -5119.97   -5110.92   9.05632     10       157      
 9768.51 50      12807    -5118.7    -5110.92   7.78371     10       167      
 9768.57 50      12808    -5118.7    -5110.92   7.78371     10       167      
 9768.62 50      12809    -5118.7    -5110.92   7.78371     9        167      
 9768.77 50      12850    -5118.7    -5110.92   7.78371     9        167      
 9768.94 50      12900    -5118.7    -5110.92   7.78371     9        167      
 9792.22 51      13085    -5118.55   -5110.92   7.63044     10       174      
 9792.28 51      13086    -5118.55   -5110.92   7.63044     10       174      
 9792.34 51      13087    -5118.55   -5110.92   7.63044     10       174      
 9792.43 51      13100    -5118.55   -5110.92   7.63044     11       174      
 9792.61 51      13150    -5118.55   -5110.92   7.63044     10       174      
 9792.79 51      13200    -5118.55   -5110.92   7.63044     10       174      
 9813.81 52      13359    -5118.18   -5110.92   7.26656     11       180      
 9813.87 52      13360    -5118.18   -5110.92   7.26656     11       180      
 9813.93 52      13361    -5118.18   -5110.92   7.26656     10       180      
 9814.09 52      13400    -5118.18   -5110.92   7.26656     10       180      
 9814.27 52      13450    -5118.18   -5110.92   7.26656     10       180      
 9841.94 53      13637    -5117.98   -5110.92   7.0675      14       188      
 9845.58 53      13638    -5117.98   -5110.92   7.0675      14       189      
 9849.25 53      13639    -5117.98   -5110.92   7.0675      14       190      
 9854.88 53      13650    -5117.98   -5110.92   7.0675      14       192      
 9855.08 53      13700    -5117.98   -5110.92   7.0675      14       192      
 9855.28 53      13750    -5117.98   -5110.92   7.0675      14       192      
 9882.12 54      13909    -5117.83   -5110.92   6.9126      14       199      
 9882.2  54      13910    -5117.83   -5110.92   6.9126      14       199      
 9882.28 54      13911    -5117.83   -5110.92   6.9126      14       199      
 9882.46 54      13950    -5117.83   -5110.92   6.9126      14       199      
 9882.69 54      14000    -5117.83   -5110.92   6.9126      14       199      
 9897.93 55      14181    -5117.43   -5110.92   6.50903     11       203      
 9898.01 55      14182    -5117.43   -5110.92   6.50903     12       203      
 9898.08 55      14183    -5117.43   -5110.92   6.50903     11       203      
 9898.2  55      14200    -5117.43   -5110.92   6.50903     10       203      
 9898.4  55      14250    -5117.43   -5110.92   6.50903     10       203      
 9898.59 55      14300    -5117.43   -5110.92   6.50903     10       203      
 9929.69 56      14455    -5117.26   -5110.92   6.33721     12       211      
 9929.76 56      14456    -5117.26   -5110.92   6.33721     12       211      
 9929.84 56      14457    -5117.26   -5110.92   6.33721     11       211      
 9930.03 56      14500    -5117.26   -5110.92   6.33721     12       211      
 9930.24 56      14550    -5117.26   -5110.92   6.33721     12       211      
 9963.46 57      14723    -5117.17   -5110.92   6.249       13       219      
 9963.54 57      14724    -5117.17   -5110.92   6.249       13       219      
 9963.63 57      14725    -5117.17   -5110.92   6.249       12       219      
 9963.78 57      14750    -5117.17   -5110.92   6.249       12       219      
 9963.98 57      14800    -5117.17   -5110.92   6.249       12       219      
 9964.2  57      14850    -5117.17   -5110.92   6.249       14       219      
 9975.72 58      14987    -5116.78   -5110.92   5.86525     10       222      
 9975.8  58      14988    -5116.78   -5110.92   5.86525     11       222      
 9975.92 58      15000    -5116.78   -5110.92   5.86525     11       222      
 9976.14 58      15050    -5116.78   -5110.92   5.86525     11       222      
 9976.36 58      15100    -5116.78   -5110.92   5.86525     11       222      
 10010.5 59      15259    -5116.69   -5110.92   5.77446     10       230      
-------------------------------------------------------------------------------

SARSOP finishing ...
  Preset timeout reached
  Timeout     : 10000.000000s
  Actual Time : 10010.460000s

-------------------------------------------------------------------------------
 Time   |#Trial |#Backup |LBound    |UBound    |Precision  |#Alphas |#Beliefs  
-------------------------------------------------------------------------------
 10010.5 59      15259    -5116.69   -5110.92   5.77446     10       230      
-------------------------------------------------------------------------------

Writing out policy ...
  output file : RAM4_medium/3e13580c6a.policyx

