
Loading the model ...
  input file   : /home/rstudio/RAM4_medium/3e2d022d74.pomdpx
  loading time : 4.80s 

SARSOP initializing ...
  initialization time : 4511.11s

-------------------------------------------------------------------------------
 Time   |#Trial |#Backup |LBound    |UBound    |Precision  |#Alphas |#Beliefs  
-------------------------------------------------------------------------------
 4511.11 0       0        -176.308   -166.301   10.0073     101      1        
 4515.82 1       65       -170.41    -166.649   3.7609      9        34       
 4524.83 2       100      -170.41    -166.649   3.7609      16       68       
 4526.84 2       150      -169.592   -166.65    2.94238     18       84       
 4534.61 3       219      -168.892   -166.65    2.24203     21       110      
 4543.05 3       250      -168.892   -166.65    2.24203     25       138      
 4548.82 4       309      -168.323   -166.65    1.67234     19       152      
 4570.62 4       350      -168.323   -166.65    1.67234     48       193      
 4582.99 5       423      -168.08    -166.651   1.42844     34       209      
 4604.38 5       450      -168.08    -166.651   1.42844     43       236      
 4630.91 6       535      -167.911   -166.652   1.25952     23       265      
 4643.7  6       550      -167.911   -166.652   1.25952     23       280      
 4684.21 7       645      -167.796   -166.652   1.14375     22       319      
 4688.53 7       650      -167.796   -166.652   1.14375     13       324      
 4739.09 8       747      -167.645   -166.652   0.993375    17       369      
 4739.96 8       750      -167.645   -166.652   0.993375    18       370      
 4790.3  9       839      -167.487   -166.652   0.835137    14       413      
 4802.06 9       850      -167.487   -166.652   0.835137    16       424      
 4850.56 10      935      -167.399   -166.652   0.746664    12       461      
 4867.55 10      950      -167.399   -166.652   0.746664    15       476      
 4908.77 11      1029     -167.315   -166.653   0.661966    9        507      
 4933.08 11      1050     -167.315   -166.653   0.661966    14       527      
 4977.53 12      1129     -167.257   -166.653   0.604566    11       556      
 5006.68 12      1150     -167.257   -166.653   0.604566    12       577      
 5040.14 13      1229     -167.206   -166.653   0.552638    10       599      
 5068.32 13      1250     -167.206   -166.653   0.552638    14       619      
 5117.84 14      1331     -167.155   -166.653   0.501926    13       648      
 5147.62 14      1350     -167.155   -166.653   0.501926    14       667      
 5209.75 15      1437     -167.121   -166.653   0.467859    16       701      
 5231.72 15      1450     -167.121   -166.653   0.467859    14       714      
 5308.98 16      1543     -167.091   -166.654   0.436933    12       753      
 5317.49 16      1550     -167.091   -166.654   0.436933    12       758      
 5408.73 17      1647     -167.049   -166.654   0.39511     12       802      
 5410.59 17      1650     -167.049   -166.654   0.39511     14       803      
 5510.82 18      1700     -167.049   -166.654   0.39511     12       852      
 5511.51 18      1753     -167.015   -166.654   0.360831    12       852      
 5614.99 18      1800     -167.015   -166.654   0.360831    13       899      
 5629.72 19      1859     -166.997   -166.654   0.343175    23       905      
 5722.22 19      1900     -166.997   -166.654   0.343175    16       946      
 5756.18 20      1965     -166.973   -166.654   0.319227    18       958      
 5846.35 20      2000     -166.973   -166.654   0.319227    19       993      
 5901.46 21      2075     -166.959   -166.654   0.304623    17       1012     
 5964.19 21      2100     -166.959   -166.654   0.304623    20       1037     
 6050.86 22      2187     -166.946   -166.654   0.291502    14       1067     
 6073.08 22      2200     -166.946   -166.654   0.291502    16       1076     
 6194.93 23      2299     -166.931   -166.654   0.276516    21       1118     
 6197.82 23      2300     -166.931   -166.654   0.276516    22       1119     
 6341.16 23      2350     -166.931   -166.654   0.276516    16       1169     
 6361.62 24      2413     -166.92    -166.654   0.265526    20       1174     
 6452.49 24      2450     -166.92    -166.654   0.265526    19       1204     
 6510.84 25      2525     -166.911   -166.654   0.256756    20       1222     
 6583.96 25      2550     -166.911   -166.654   0.256756    16       1247     
 6687.58 26      2637     -166.901   -166.654   0.246481    21       1277     
 6716.45 26      2650     -166.901   -166.654   0.246481    16       1286     
 6865.57 27      2751     -166.893   -166.654   0.238693    18       1328     
 6869.16 27      2752     -166.893   -166.654   0.238693    19       1329     
 7041.47 27      2800     -166.893   -166.654   0.238693    20       1377     
 7071.05 28      2865     -166.89    -166.654   0.235545    18       1384     
 7191.58 28      2900     -166.89    -166.654   0.235545    13       1419     
 7274.1  29      2977     -166.883   -166.654   0.228294    22       1439     
 7357.24 29      3000     -166.883   -166.654   0.228294    20       1462     
 7502.85 30      3089     -166.876   -166.655   0.221354    15       1494     
 7525.11 30      3100     -166.876   -166.655   0.221354    16       1500     
 7589.34 31      3203     -166.871   -166.655   0.216034    13       1517     
 7593.55 31      3204     -166.871   -166.655   0.216034    13       1518     
 7780.85 31      3250     -166.871   -166.655   0.216034    14       1564     
 7826.53 32      3317     -166.867   -166.655   0.212003    17       1573     
 7947.25 32      3350     -166.867   -166.655   0.212003    15       1603     
 8044.37 33      3429     -166.86    -166.655   0.205764    24       1625     
 8134.74 33      3450     -166.86    -166.655   0.205764    19       1646     
 8260.61 34      3543     -166.858   -166.655   0.203693    17       1673     
 8281.26 34      3550     -166.858   -166.655   0.203693    18       1678     
 8426.64 35      3655     -166.854   -166.655   0.19945     22       1709     
 8430.76 35      3656     -166.854   -166.655   0.19945     23       1710     
 8512.53 35      3700     -166.854   -166.655   0.19945     16       1729     
 8551.27 36      3769     -166.851   -166.655   0.196681    18       1737     
 8683.33 36      3800     -166.851   -166.655   0.196681    20       1766     
 8752.12 37      3883     -166.848   -166.655   0.193664    25       1780     
 8794.04 37      3900     -166.848   -166.655   0.193664    25       1790     
 8982.95 38      3999     -166.845   -166.655   0.19066     21       1830     
 8987.48 38      4000     -166.845   -166.655   0.19066     22       1831     
 9219.39 38      4050     -166.845   -166.655   0.19066     17       1881     
 9247.95 39      4115     -166.844   -166.655   0.189097    21       1887     
 9362.49 39      4150     -166.844   -166.655   0.189097    20       1915     
 9466.92 40      4231     -166.84    -166.655   0.185194    23       1937     
 9540.45 40      4250     -166.84    -166.655   0.185194    21       1956     
 9686.93 41      4345     -166.834   -166.655   0.179741    20       1993     
 9707.04 41      4350     -166.834   -166.655   0.179741    22       1998     
 9847.62 41      4400     -166.834   -166.655   0.179741    20       2034     
 9856.19 42      4461     -166.832   -166.655   0.177579    21       2036     
 9946.17 42      4500     -166.832   -166.655   0.177579    19       2060     
 9988.19 43      4577     -166.828   -166.655   0.173279    19       2070     
 10062.2 43      4600     -166.828   -166.655   0.173279    22       2089     
-------------------------------------------------------------------------------

SARSOP finishing ...
  Preset timeout reached
  Timeout     : 10000.000000s
  Actual Time : 10062.240000s

-------------------------------------------------------------------------------
 Time   |#Trial |#Backup |LBound    |UBound    |Precision  |#Alphas |#Beliefs  
-------------------------------------------------------------------------------
 10062.2 43      4600     -166.828   -166.655   0.173279    22       2089     
-------------------------------------------------------------------------------

Writing out policy ...
  output file : RAM4_medium/3e2d022d74.policyx

