
Loading the model ...
  input file   : /home/rstudio/RAM4_medium/3e3ce04f58.pomdpx
  loading time : 4.71s 

SARSOP initializing ...
  initialization time : 3913.44s

-------------------------------------------------------------------------------
 Time   |#Trial |#Backup |LBound    |UBound    |Precision  |#Alphas |#Beliefs  
-------------------------------------------------------------------------------
 3913.44 0       0        -786.746   -786.699   0.0468112   101      1        
 3914.41 1       85       -786.719   -786.701   0.017289    1        44       
 3915.42 1       100      -786.719   -786.701   0.017289    5        59       
 3918.82 2       167      -786.709   -786.701   0.00725053  1        85       
 3928.48 2       200      -786.709   -786.701   0.00725053  1        118      
 3931.84 3       253      -786.704   -786.702   0.00259482  1        128      
 3950.76 3       300      -786.704   -786.702   0.00259482  1        175      
 3952.04 4       351      -786.702   -786.702   0.000511055 1        177      
 3974.05 4       400      -786.702   -786.702   0.000511055 1        226      
 3978.37 5       465      -786.701   -786.702   -0.000324462 1        233      
 3978.37 5       465      -786.701   -786.702   -0.000324462 1        233      
-------------------------------------------------------------------------------

SARSOP finishing ...
  target precision reached
  target precision  : 0.000000
  precision reached : -0.000324 

-------------------------------------------------------------------------------
 Time   |#Trial |#Backup |LBound    |UBound    |Precision  |#Alphas |#Beliefs  
-------------------------------------------------------------------------------
 3978.37 5       465      -786.701   -786.702   -0.000324462 1        233      
-------------------------------------------------------------------------------

Writing out policy ...
  output file : RAM4_medium/3e3ce04f58.policyx

