
Loading the model ...
  input file   : /home/rstudio/RAM4_medium/3e59bcfa89.pomdpx
  loading time : 4.94s 

SARSOP initializing ...
  initialization time : 10524.43s

-------------------------------------------------------------------------------
 Time   |#Trial |#Backup |LBound    |UBound    |Precision  |#Alphas |#Beliefs  
-------------------------------------------------------------------------------
 10524.4 0       0        -1096.34   -218.89    877.448     101      1        
-------------------------------------------------------------------------------

SARSOP finishing ...
  Preset timeout reached
  Timeout     : 10000.000000s
  Actual Time : 10524.540000s

-------------------------------------------------------------------------------
 Time   |#Trial |#Backup |LBound    |UBound    |Precision  |#Alphas |#Beliefs  
-------------------------------------------------------------------------------
 10524.5 0       1        -1091.22   -1075.2    16.0239     8        2        
-------------------------------------------------------------------------------

Writing out policy ...
  output file : RAM4_medium/3e59bcfa89.policyx

