
Loading the model ...
  input file   : /home/rstudio/RAM4_medium/3e5c20cedf.pomdpx
  loading time : 5.21s 

SARSOP initializing ...
  initialization time : 10442.11s

-------------------------------------------------------------------------------
 Time   |#Trial |#Backup |LBound    |UBound    |Precision  |#Alphas |#Beliefs  
-------------------------------------------------------------------------------
 10442.1 0       0        -1057.94   -250.509   807.427     101      1        
-------------------------------------------------------------------------------

SARSOP finishing ...
  Preset timeout reached
  Timeout     : 10000.000000s
  Actual Time : 10442.240000s

-------------------------------------------------------------------------------
 Time   |#Trial |#Backup |LBound    |UBound    |Precision  |#Alphas |#Beliefs  
-------------------------------------------------------------------------------
 10442.2 0       1        -1055.78   -1043.15   12.6352     7        2        
-------------------------------------------------------------------------------

Writing out policy ...
  output file : RAM4_medium/3e5c20cedf.policyx

