
Loading the model ...
  input file   : /home/rstudio/RAM4_medium/3e61adda6f.pomdpx
  loading time : 5.15s 

SARSOP initializing ...
  initialization time : 6952.27s

-------------------------------------------------------------------------------
 Time   |#Trial |#Backup |LBound    |UBound    |Precision  |#Alphas |#Beliefs  
-------------------------------------------------------------------------------
 6952.27 0       0        -2624.33   -148.812   2475.51     101      1        
 6964.23 1       77       -2614.2    -2607.62   6.58586     70       40       
 6972.19 1       100      -2614.2    -2607.62   6.58586     42       62       
 7000.03 2       201      -2611.64   -2607.62   4.02436     84       96       
 7000.71 2       202      -2611.64   -2607.62   4.02436     74       97       
 7030.45 2       250      -2611.64   -2607.62   4.02436     35       131      
 7062.91 3       379      -2611.18   -2607.62   3.55909     50       156      
 7064.33 3       380      -2611.18   -2607.62   3.55909     46       157      
 7094.12 3       400      -2611.18   -2607.62   3.55909     43       177      
 7094.76 3       450      -2611.18   -2607.62   3.55909     38       177      
 7106.61 4       555      -2610.98   -2607.62   3.36236     29       183      
 7108.44 4       556      -2610.98   -2607.62   3.36236     27       184      
 7125.97 4       600      -2610.98   -2607.62   3.36236     23       194      
 7142.6  5       723      -2610.83   -2607.62   3.20733     24       202      
 7144.44 5       724      -2610.83   -2607.62   3.20733     19       203      
 7187.49 5       750      -2610.83   -2607.62   3.20733     15       229      
 7223.24 5       800      -2610.83   -2607.62   3.20733     12       247      
 7226.27 6       881      -2610.36   -2607.62   2.73938     11       248      
 7258.27 6       900      -2610.36   -2607.62   2.73938     11       266      
 7318.32 6       950      -2610.36   -2607.62   2.73938     12       294      
 7355.16 7       1047     -2610.17   -2607.62   2.55228     17       308      
 7362.38 7       1050     -2610.17   -2607.62   2.55228     13       311      
 7394.12 7       1100     -2610.17   -2607.62   2.55228     15       325      
 7429.46 8       1207     -2610.06   -2607.62   2.43722     15       338      
 7431.01 8       1208     -2610.06   -2607.62   2.43722     12       339      
 7489.79 8       1250     -2610.06   -2607.62   2.43722     14       365      
 7559.3  9       1361     -2609.55   -2607.62   1.9279      8        388      
 7559.4  9       1362     -2609.55   -2607.62   1.9279      7        388      
 7636.27 9       1400     -2609.55   -2607.62   1.9279      8        422      
 7713.53 9       1450     -2609.55   -2607.62   1.9279      8        450      
 7724.06 10      1547     -2609.47   -2607.62   1.85254     11       453      
 7733.14 10      1550     -2609.47   -2607.62   1.85254     10       456      
 7816.91 10      1600     -2609.47   -2607.62   1.85254     13       482      
 7914.76 11      1731     -2609.43   -2607.62   1.81193     15       508      
 7919.33 11      1732     -2609.43   -2607.62   1.81193     13       509      
 7987.94 11      1750     -2609.43   -2607.62   1.81193     15       525      
 8110.09 11      1800     -2609.43   -2607.62   1.81193     17       549      
 8229.44 12      1911     -2609.37   -2607.62   1.74994     12       569      
 8234.89 12      1912     -2609.37   -2607.62   1.74994     12       570      
 8325.81 12      1950     -2609.37   -2607.62   1.74994     14       588      
 8458.34 13      2000     -2609.37   -2607.62   1.74994     11       610      
 8460.22 13      2089     -2609.34   -2607.62   1.71638     14       610      
 8490.37 13      2100     -2609.34   -2607.62   1.71638     16       615      
 8746.08 13      2150     -2609.34   -2607.62   1.71638     17       654      
 8974.2  14      2265     -2609.3    -2607.62   1.67754     13       681      
 8983.02 14      2266     -2609.3    -2607.62   1.67754     13       682      
 9151.05 14      2300     -2609.3    -2607.62   1.67754     16       702      
 9395.41 14      2350     -2609.3    -2607.62   1.67754     12       729      
 9397.48 15      2437     -2609.27   -2607.62   1.64319     16       729      
 9493.8  15      2450     -2609.27   -2607.62   1.64319     15       739      
 10031.1 15      2500     -2609.27   -2607.62   1.64319     24       789      
-------------------------------------------------------------------------------

SARSOP finishing ...
  Preset timeout reached
  Timeout     : 10000.000000s
  Actual Time : 10031.140000s

-------------------------------------------------------------------------------
 Time   |#Trial |#Backup |LBound    |UBound    |Precision  |#Alphas |#Beliefs  
-------------------------------------------------------------------------------
 10031.1 15      2500     -2609.27   -2607.62   1.64319     24       789      
-------------------------------------------------------------------------------

Writing out policy ...
  output file : RAM4_medium/3e61adda6f.policyx

